[2026-07-10 00:00:01] === SCRAPE START ===
[2026-07-10 00:00:01] Fetching https://waitz.io/live/ucsd-rec
[2026-07-10 00:00:03] Saved 4 rows to ucsd_occupancy_history.csv
[2026-07-10 00:00:03] Main Gym Fitness Gym: 1% (Closed) people=1 capacity=72 is_open=False hour_summary=closed
[2026-07-10 00:00:03] Outback Climbing Center: 4% (Closed) people=1 capacity=30 is_open=False hour_summary=closed
[2026-07-10 00:00:03] RIMAC Fitness Gym: 0% (Closed) people=0 capacity=150 is_open=False hour_summary=Closed until 6:00am
[2026-07-10 00:00:03] Triton Esports Center: 0% (Closed) people=0 capacity=35 is_open=False hour_summary=closed
[2026-07-10 00:00:03] === SCRAPE END OK ===
[2026-07-10 00:15:02] === SCRAPE START ===
[2026-07-10 00:15:02] Fetching https://waitz.io/live/ucsd-rec
[2026-07-10 00:15:03] Saved 4 rows to ucsd_occupancy_history.csv
[2026-07-10 00:15:03] Main Gym Fitness Gym: 2% (Closed) people=1 capacity=72 is_open=False hour_summary=closed
[2026-07-10 00:15:03] Outback Climbing Center: 6% (Closed) people=2 capacity=30 is_open=False hour_summary=closed
[2026-07-10 00:15:03] RIMAC Fitness Gym: 0% (Closed) people=0 capacity=150 is_open=False hour_summary=Closed until 6:00am
[2026-07-10 00:15:03] Triton Esports Center: 0% (Closed) people=0 capacity=35 is_open=False hour_summary=closed
[2026-07-10 00:15:03] === SCRAPE END OK ===
[2026-07-10 00:30:02] === SCRAPE START ===
[2026-07-10 00:30:02] Fetching https://waitz.io/live/ucsd-rec
[2026-07-10 00:30:04] Saved 4 rows to ucsd_occupancy_history.csv
[2026-07-10 00:30:04] Main Gym Fitness Gym: 1% (Closed) people=1 capacity=72 is_open=False hour_summary=closed
[2026-07-10 00:30:04] Outback Climbing Center: 4% (Closed) people=1 capacity=30 is_open=False hour_summary=closed
[2026-07-10 00:30:04] RIMAC Fitness Gym: 0% (Closed) people=0 capacity=150 is_open=False hour_summary=Closed until 6:00am
[2026-07-10 00:30:04] Triton Esports Center: 0% (Closed) people=0 capacity=35 is_open=False hour_summary=closed
[2026-07-10 00:30:04] === SCRAPE END OK ===
[2026-07-10 00:45:02] === SCRAPE START ===
[2026-07-10 00:45:02] Fetching https://waitz.io/live/ucsd-rec
[2026-07-10 00:45:03] Saved 4 rows to ucsd_occupancy_history.csv
[2026-07-10 00:45:03] Main Gym Fitness Gym: 1% (Closed) people=1 capacity=72 is_open=False hour_summary=closed
[2026-07-10 00:45:03] Outback Climbing Center: 7% (Closed) people=2 capacity=30 is_open=False hour_summary=closed
[2026-07-10 00:45:03] RIMAC Fitness Gym: 0% (Closed) people=0 capacity=150 is_open=False hour_summary=Closed until 6:00am
[2026-07-10 00:45:03] Triton Esports Center: 0% (Closed) people=0 capacity=35 is_open=False hour_summary=closed
[2026-07-10 00:45:03] === SCRAPE END OK ===
[2026-07-10 01:00:02] === SCRAPE START ===
[2026-07-10 01:00:02] Fetching https://waitz.io/live/ucsd-rec
[2026-07-10 01:00:04] Saved 4 rows to ucsd_occupancy_history.csv
[2026-07-10 01:00:04] Main Gym Fitness Gym: 1% (Closed) people=1 capacity=72 is_open=False hour_summary=closed
[2026-07-10 01:00:04] Outback Climbing Center: 4% (Closed) people=1 capacity=30 is_open=False hour_summary=closed
[2026-07-10 01:00:04] RIMAC Fitness Gym: 0% (Closed) people=0 capacity=150 is_open=False hour_summary=Closed until 6:00am
[2026-07-10 01:00:04] Triton Esports Center: 0% (Closed) people=0 capacity=35 is_open=False hour_summary=closed
[2026-07-10 01:00:04] === SCRAPE END OK ===
[2026-07-10 01:15:02] === SCRAPE START ===
[2026-07-10 01:15:02] Fetching https://waitz.io/live/ucsd-rec
[2026-07-10 01:15:03] Saved 4 rows to ucsd_occupancy_history.csv
[2026-07-10 01:15:03] Main Gym Fitness Gym: 1% (Closed) people=1 capacity=72 is_open=False hour_summary=closed
[2026-07-10 01:15:03] Outback Climbing Center: 6% (Closed) people=2 capacity=30 is_open=False hour_summary=closed
[2026-07-10 01:15:03] RIMAC Fitness Gym: 0% (Closed) people=0 capacity=150 is_open=False hour_summary=Closed until 6:00am
[2026-07-10 01:15:03] Triton Esports Center: 0% (Closed) people=0 capacity=35 is_open=False hour_summary=closed
[2026-07-10 01:15:03] === SCRAPE END OK ===
[2026-07-10 01:30:02] === SCRAPE START ===
[2026-07-10 01:30:02] Fetching https://waitz.io/live/ucsd-rec
[2026-07-10 01:30:04] Saved 4 rows to ucsd_occupancy_history.csv
[2026-07-10 01:30:04] Main Gym Fitness Gym: 1% (Closed) people=0 capacity=72 is_open=False hour_summary=closed
[2026-07-10 01:30:04] Outback Climbing Center: 4% (Closed) people=1 capacity=30 is_open=False hour_summary=closed
[2026-07-10 01:30:04] RIMAC Fitness Gym: 0% (Closed) people=1 capacity=150 is_open=False hour_summary=Closed until 6:00am
[2026-07-10 01:30:04] Triton Esports Center: 0% (Closed) people=0 capacity=35 is_open=False hour_summary=closed
[2026-07-10 01:30:04] === SCRAPE END OK ===
[2026-07-10 01:45:02] === SCRAPE START ===
[2026-07-10 01:45:02] Fetching https://waitz.io/live/ucsd-rec
[2026-07-10 01:45:03] Saved 4 rows to ucsd_occupancy_history.csv
[2026-07-10 01:45:03] Main Gym Fitness Gym: 1% (Closed) people=1 capacity=72 is_open=False hour_summary=closed
[2026-07-10 01:45:03] Outback Climbing Center: 4% (Closed) people=1 capacity=30 is_open=False hour_summary=closed
[2026-07-10 01:45:03] RIMAC Fitness Gym: 0% (Closed) people=0 capacity=150 is_open=False hour_summary=Closed until 6:00am
[2026-07-10 01:45:03] Triton Esports Center: 0% (Closed) people=0 capacity=35 is_open=False hour_summary=closed
[2026-07-10 01:45:03] === SCRAPE END OK ===
[2026-07-10 02:00:02] === SCRAPE START ===
[2026-07-10 02:00:02] Fetching https://waitz.io/live/ucsd-rec
[2026-07-10 02:00:06] Saved 4 rows to ucsd_occupancy_history.csv
[2026-07-10 02:00:06] Main Gym Fitness Gym: 1% (Closed) people=0 capacity=72 is_open=False hour_summary=closed
[2026-07-10 02:00:06] Outback Climbing Center: 10% (Closed) people=3 capacity=30 is_open=False hour_summary=closed
[2026-07-10 02:00:06] RIMAC Fitness Gym: 0% (Closed) people=0 capacity=150 is_open=False hour_summary=Closed until 6:00am
[2026-07-10 02:00:06] Triton Esports Center: 0% (Closed) people=0 capacity=35 is_open=False hour_summary=closed
[2026-07-10 02:00:06] === SCRAPE END OK ===
[2026-07-10 02:15:02] === SCRAPE START ===
[2026-07-10 02:15:02] Fetching https://waitz.io/live/ucsd-rec
[2026-07-10 02:15:03] Saved 4 rows to ucsd_occupancy_history.csv
[2026-07-10 02:15:03] Main Gym Fitness Gym: 1% (Closed) people=0 capacity=72 is_open=False hour_summary=closed
[2026-07-10 02:15:03] Outback Climbing Center: 6% (Closed) people=2 capacity=30 is_open=False hour_summary=closed
[2026-07-10 02:15:03] RIMAC Fitness Gym: 0% (Closed) people=0 capacity=150 is_open=False hour_summary=Closed until 6:00am
[2026-07-10 02:15:03] Triton Esports Center: 0% (Closed) people=0 capacity=35 is_open=False hour_summary=closed
[2026-07-10 02:15:03] === SCRAPE END OK ===
[2026-07-10 02:30:02] === SCRAPE START ===
[2026-07-10 02:30:02] Fetching https://waitz.io/live/ucsd-rec
[2026-07-10 02:30:04] Saved 4 rows to ucsd_occupancy_history.csv
[2026-07-10 02:30:04] Main Gym Fitness Gym: 1% (Closed) people=0 capacity=72 is_open=False hour_summary=closed
[2026-07-10 02:30:04] Outback Climbing Center: 4% (Closed) people=1 capacity=30 is_open=False hour_summary=closed
[2026-07-10 02:30:04] RIMAC Fitness Gym: 0% (Closed) people=0 capacity=150 is_open=False hour_summary=Closed until 6:00am
[2026-07-10 02:30:04] Triton Esports Center: 0% (Closed) people=0 capacity=35 is_open=False hour_summary=closed
[2026-07-10 02:30:04] === SCRAPE END OK ===
[2026-07-10 02:45:02] === SCRAPE START ===
[2026-07-10 02:45:02] Fetching https://waitz.io/live/ucsd-rec
[2026-07-10 02:45:03] Saved 4 rows to ucsd_occupancy_history.csv
[2026-07-10 02:45:03] Main Gym Fitness Gym: 1% (Closed) people=1 capacity=72 is_open=False hour_summary=closed
[2026-07-10 02:45:03] Outback Climbing Center: 4% (Closed) people=1 capacity=30 is_open=False hour_summary=closed
[2026-07-10 02:45:03] RIMAC Fitness Gym: 0% (Closed) people=0 capacity=150 is_open=False hour_summary=Closed until 6:00am
[2026-07-10 02:45:03] Triton Esports Center: 0% (Closed) people=0 capacity=35 is_open=False hour_summary=closed
[2026-07-10 02:45:03] === SCRAPE END OK ===
[2026-07-10 03:00:02] === SCRAPE START ===
[2026-07-10 03:00:02] Fetching https://waitz.io/live/ucsd-rec
[2026-07-10 03:00:04] Saved 4 rows to ucsd_occupancy_history.csv
[2026-07-10 03:00:04] Main Gym Fitness Gym: 0% (Closed) people=0 capacity=72 is_open=False hour_summary=closed
[2026-07-10 03:00:04] Outback Climbing Center: 4% (Closed) people=1 capacity=30 is_open=False hour_summary=closed
[2026-07-10 03:00:04] RIMAC Fitness Gym: 0% (Closed) people=0 capacity=150 is_open=False hour_summary=Closed until 6:00am
[2026-07-10 03:00:04] Triton Esports Center: 0% (Closed) people=0 capacity=35 is_open=False hour_summary=closed
[2026-07-10 03:00:04] === SCRAPE END OK ===
[2026-07-10 03:15:02] === SCRAPE START ===
[2026-07-10 03:15:02] Fetching https://waitz.io/live/ucsd-rec
[2026-07-10 03:15:03] Saved 4 rows to ucsd_occupancy_history.csv
[2026-07-10 03:15:03] Main Gym Fitness Gym: 1% (Closed) people=1 capacity=72 is_open=False hour_summary=closed
[2026-07-10 03:15:03] Outback Climbing Center: 7% (Closed) people=2 capacity=30 is_open=False hour_summary=closed
[2026-07-10 03:15:03] RIMAC Fitness Gym: 0% (Closed) people=0 capacity=150 is_open=False hour_summary=Closed until 6:00am
[2026-07-10 03:15:03] Triton Esports Center: 0% (Closed) people=0 capacity=35 is_open=False hour_summary=closed
[2026-07-10 03:15:03] === SCRAPE END OK ===
[2026-07-10 03:30:02] === SCRAPE START ===
[2026-07-10 03:30:02] Fetching https://waitz.io/live/ucsd-rec
[2026-07-10 03:30:04] Saved 4 rows to ucsd_occupancy_history.csv
[2026-07-10 03:30:04] Main Gym Fitness Gym: 0% (Closed) people=0 capacity=72 is_open=False hour_summary=closed
[2026-07-10 03:30:04] Outback Climbing Center: 4% (Closed) people=1 capacity=30 is_open=False hour_summary=closed
[2026-07-10 03:30:04] RIMAC Fitness Gym: 0% (Closed) people=0 capacity=150 is_open=False hour_summary=Closed until 6:00am
[2026-07-10 03:30:04] Triton Esports Center: 0% (Closed) people=0 capacity=35 is_open=False hour_summary=closed
[2026-07-10 03:30:04] === SCRAPE END OK ===
[2026-07-10 03:45:02] === SCRAPE START ===
[2026-07-10 03:45:02] Fetching https://waitz.io/live/ucsd-rec
[2026-07-10 03:45:03] Saved 4 rows to ucsd_occupancy_history.csv
[2026-07-10 03:45:03] Main Gym Fitness Gym: 1% (Closed) people=0 capacity=72 is_open=False hour_summary=closed
[2026-07-10 03:45:03] Outback Climbing Center: 4% (Closed) people=1 capacity=30 is_open=False hour_summary=closed
[2026-07-10 03:45:03] RIMAC Fitness Gym: 0% (Closed) people=1 capacity=150 is_open=False hour_summary=Closed until 6:00am
[2026-07-10 03:45:03] Triton Esports Center: 0% (Closed) people=0 capacity=35 is_open=False hour_summary=closed
[2026-07-10 03:45:03] === SCRAPE END OK ===
[2026-07-10 04:00:03] === SCRAPE START ===
[2026-07-10 04:00:03] Fetching https://waitz.io/live/ucsd-rec
[2026-07-10 04:00:04] Saved 4 rows to ucsd_occupancy_history.csv
[2026-07-10 04:00:04] Main Gym Fitness Gym: 0% (Closed) people=0 capacity=72 is_open=False hour_summary=closed
[2026-07-10 04:00:04] Outback Climbing Center: 7% (Closed) people=2 capacity=30 is_open=False hour_summary=closed
[2026-07-10 04:00:04] RIMAC Fitness Gym: 0% (Closed) people=0 capacity=150 is_open=False hour_summary=Closed until 6:00am
[2026-07-10 04:00:04] Triton Esports Center: 0% (Closed) people=0 capacity=35 is_open=False hour_summary=closed
[2026-07-10 04:00:04] === SCRAPE END OK ===
[2026-07-10 04:15:02] === SCRAPE START ===
[2026-07-10 04:15:02] Fetching https://waitz.io/live/ucsd-rec
[2026-07-10 04:15:03] Saved 4 rows to ucsd_occupancy_history.csv
[2026-07-10 04:15:03] Main Gym Fitness Gym: 1% (Closed) people=1 capacity=72 is_open=False hour_summary=closed
[2026-07-10 04:15:03] Outback Climbing Center: 5% (Closed) people=2 capacity=30 is_open=False hour_summary=closed
[2026-07-10 04:15:03] RIMAC Fitness Gym: 0% (Closed) people=1 capacity=150 is_open=False hour_summary=Closed until 6:00am
[2026-07-10 04:15:03] Triton Esports Center: 0% (Closed) people=0 capacity=35 is_open=False hour_summary=closed
[2026-07-10 04:15:03] === SCRAPE END OK ===
[2026-07-10 04:30:02] === SCRAPE START ===
[2026-07-10 04:30:02] Fetching https://waitz.io/live/ucsd-rec
[2026-07-10 04:30:04] Saved 4 rows to ucsd_occupancy_history.csv
[2026-07-10 04:30:04] Main Gym Fitness Gym: 1% (Closed) people=0 capacity=72 is_open=False hour_summary=closed
[2026-07-10 04:30:04] Outback Climbing Center: 4% (Closed) people=1 capacity=30 is_open=False hour_summary=closed
[2026-07-10 04:30:04] RIMAC Fitness Gym: 0% (Closed) people=0 capacity=150 is_open=False hour_summary=Closed until 6:00am
[2026-07-10 04:30:04] Triton Esports Center: 0% (Closed) people=0 capacity=35 is_open=False hour_summary=closed
[2026-07-10 04:30:04] === SCRAPE END OK ===
[2026-07-10 04:45:03] === SCRAPE START ===
[2026-07-10 04:45:03] Fetching https://waitz.io/live/ucsd-rec
[2026-07-10 04:45:05] Saved 4 rows to ucsd_occupancy_history.csv
[2026-07-10 04:45:05] Main Gym Fitness Gym: 1% (Closed) people=0 capacity=72 is_open=False hour_summary=closed
[2026-07-10 04:45:05] Outback Climbing Center: 9% (Closed) people=3 capacity=30 is_open=False hour_summary=closed
[2026-07-10 04:45:05] RIMAC Fitness Gym: 0% (Closed) people=1 capacity=150 is_open=False hour_summary=Closed until 6:00am
[2026-07-10 04:45:05] Triton Esports Center: 0% (Closed) people=0 capacity=35 is_open=False hour_summary=closed
[2026-07-10 04:45:05] === SCRAPE END OK ===
[2026-07-10 05:00:02] === SCRAPE START ===
[2026-07-10 05:00:02] Fetching https://waitz.io/live/ucsd-rec
[2026-07-10 05:00:04] Saved 4 rows to ucsd_occupancy_history.csv
[2026-07-10 05:00:04] Main Gym Fitness Gym: 1% (Closed) people=0 capacity=72 is_open=False hour_summary=closed
[2026-07-10 05:00:04] Outback Climbing Center: 4% (Closed) people=1 capacity=30 is_open=False hour_summary=closed
[2026-07-10 05:00:04] RIMAC Fitness Gym: 0% (Closed) people=0 capacity=150 is_open=False hour_summary=Closed until 6:00am
[2026-07-10 05:00:04] Triton Esports Center: 0% (Closed) people=0 capacity=35 is_open=False hour_summary=closed
[2026-07-10 05:00:04] === SCRAPE END OK ===
[2026-07-10 05:15:02] === SCRAPE START ===
[2026-07-10 05:15:02] Fetching https://waitz.io/live/ucsd-rec
[2026-07-10 05:15:04] Saved 4 rows to ucsd_occupancy_history.csv
[2026-07-10 05:15:04] Main Gym Fitness Gym: 1% (Closed) people=0 capacity=72 is_open=False hour_summary=closed
[2026-07-10 05:15:04] Outback Climbing Center: 4% (Closed) people=1 capacity=30 is_open=False hour_summary=closed
[2026-07-10 05:15:04] RIMAC Fitness Gym: 0% (Closed) people=0 capacity=150 is_open=False hour_summary=Closed until 6:00am
[2026-07-10 05:15:04] Triton Esports Center: 0% (Closed) people=0 capacity=35 is_open=False hour_summary=closed
[2026-07-10 05:15:04] === SCRAPE END OK ===
[2026-07-10 05:30:02] === SCRAPE START ===
[2026-07-10 05:30:02] Fetching https://waitz.io/live/ucsd-rec
[2026-07-10 05:30:04] Saved 4 rows to ucsd_occupancy_history.csv
[2026-07-10 05:30:04] Main Gym Fitness Gym: 1% (Closed) people=0 capacity=72 is_open=False hour_summary=closed
[2026-07-10 05:30:04] Outback Climbing Center: 10% (Closed) people=3 capacity=30 is_open=False hour_summary=closed
[2026-07-10 05:30:04] RIMAC Fitness Gym: 0% (Closed) people=1 capacity=150 is_open=False hour_summary=Closed until 6:00am
[2026-07-10 05:30:04] Triton Esports Center: 0% (Closed) people=0 capacity=35 is_open=False hour_summary=closed
[2026-07-10 05:30:04] === SCRAPE END OK ===
[2026-07-10 05:45:02] === SCRAPE START ===
[2026-07-10 05:45:02] Fetching https://waitz.io/live/ucsd-rec
[2026-07-10 05:45:03] Saved 4 rows to ucsd_occupancy_history.csv
[2026-07-10 05:45:03] Main Gym Fitness Gym: 1% (Closed) people=1 capacity=72 is_open=False hour_summary=closed
[2026-07-10 05:45:03] Outback Climbing Center: 6% (Closed) people=2 capacity=30 is_open=False hour_summary=closed
[2026-07-10 05:45:03] RIMAC Fitness Gym: 0% (Closed) people=0 capacity=150 is_open=False hour_summary=Closed until 6:00am
[2026-07-10 05:45:03] Triton Esports Center: 0% (Closed) people=0 capacity=35 is_open=False hour_summary=closed
[2026-07-10 05:45:03] === SCRAPE END OK ===
[2026-07-10 06:00:03] === SCRAPE START ===
[2026-07-10 06:00:03] Fetching https://waitz.io/live/ucsd-rec
[2026-07-10 06:00:04] Saved 4 rows to ucsd_occupancy_history.csv
[2026-07-10 06:00:04] Main Gym Fitness Gym: 0% (Closed) people=0 capacity=72 is_open=False hour_summary=closed
[2026-07-10 06:00:04] Outback Climbing Center: 7% (Closed) people=2 capacity=30 is_open=False hour_summary=closed
[2026-07-10 06:00:04] RIMAC Fitness Gym: 0% (Not Busy) people=1 capacity=150 is_open=True hour_summary=open
[2026-07-10 06:00:04] Triton Esports Center: 0% (Closed) people=0 capacity=35 is_open=False hour_summary=closed
[2026-07-10 06:00:04] === SCRAPE END OK ===
[2026-07-10 06:15:03] === SCRAPE START ===
[2026-07-10 06:15:03] Fetching https://waitz.io/live/ucsd-rec
[2026-07-10 06:15:04] Saved 4 rows to ucsd_occupancy_history.csv
[2026-07-10 06:15:04] Main Gym Fitness Gym: 1% (Closed) people=1 capacity=72 is_open=False hour_summary=closed
[2026-07-10 06:15:04] Outback Climbing Center: 9% (Closed) people=3 capacity=30 is_open=False hour_summary=closed
[2026-07-10 06:15:04] RIMAC Fitness Gym: 5% (Not Busy) people=8 capacity=150 is_open=True hour_summary=open
[2026-07-10 06:15:04] Triton Esports Center: 0% (Closed) people=0 capacity=35 is_open=False hour_summary=closed
[2026-07-10 06:15:04] === SCRAPE END OK ===
[2026-07-10 06:30:02] === SCRAPE START ===
[2026-07-10 06:30:02] Fetching https://waitz.io/live/ucsd-rec
[2026-07-10 06:30:04] Saved 4 rows to ucsd_occupancy_history.csv
[2026-07-10 06:30:04] Main Gym Fitness Gym: 1% (Closed) people=0 capacity=72 is_open=False hour_summary=closed
[2026-07-10 06:30:04] Outback Climbing Center: 4% (Closed) people=1 capacity=30 is_open=False hour_summary=closed
[2026-07-10 06:30:04] RIMAC Fitness Gym: 9% (Not Busy) people=13 capacity=150 is_open=True hour_summary=open
[2026-07-10 06:30:04] Triton Esports Center: 0% (Closed) people=0 capacity=35 is_open=False hour_summary=closed
[2026-07-10 06:30:04] === SCRAPE END OK ===
[2026-07-10 06:45:03] === SCRAPE START ===
[2026-07-10 06:45:03] Fetching https://waitz.io/live/ucsd-rec
[2026-07-10 06:45:05] Saved 4 rows to ucsd_occupancy_history.csv
[2026-07-10 06:45:05] Main Gym Fitness Gym: 1% (Closed) people=0 capacity=72 is_open=False hour_summary=closed
[2026-07-10 06:45:05] Outback Climbing Center: 6% (Closed) people=2 capacity=30 is_open=False hour_summary=closed
[2026-07-10 06:45:05] RIMAC Fitness Gym: 13% (Not Busy) people=19 capacity=150 is_open=True hour_summary=open
[2026-07-10 06:45:05] Triton Esports Center: 0% (Closed) people=0 capacity=35 is_open=False hour_summary=closed
[2026-07-10 06:45:05] === SCRAPE END OK ===
[2026-07-10 07:00:02] === SCRAPE START ===
[2026-07-10 07:00:02] Fetching https://waitz.io/live/ucsd-rec
[2026-07-10 07:00:04] Saved 4 rows to ucsd_occupancy_history.csv
[2026-07-10 07:00:04] Main Gym Fitness Gym: 1% (Closed) people=0 capacity=72 is_open=False hour_summary=closed
[2026-07-10 07:00:04] Outback Climbing Center: 5% (Closed) people=2 capacity=30 is_open=False hour_summary=closed
[2026-07-10 07:00:04] RIMAC Fitness Gym: 12% (Not Busy) people=17 capacity=150 is_open=True hour_summary=open
[2026-07-10 07:00:04] Triton Esports Center: 0% (Closed) people=0 capacity=35 is_open=False hour_summary=closed
[2026-07-10 07:00:04] === SCRAPE END OK ===
[2026-07-10 07:15:02] === SCRAPE START ===
[2026-07-10 07:15:02] Fetching https://waitz.io/live/ucsd-rec
[2026-07-10 07:15:03] Saved 4 rows to ucsd_occupancy_history.csv
[2026-07-10 07:15:03] Main Gym Fitness Gym: 4% (Closed) people=3 capacity=72 is_open=False hour_summary=closed
[2026-07-10 07:15:03] Outback Climbing Center: 6% (Closed) people=2 capacity=30 is_open=False hour_summary=closed
[2026-07-10 07:15:03] RIMAC Fitness Gym: 11% (Not Busy) people=17 capacity=150 is_open=True hour_summary=open
[2026-07-10 07:15:03] Triton Esports Center: 0% (Closed) people=0 capacity=35 is_open=False hour_summary=closed
[2026-07-10 07:15:03] === SCRAPE END OK ===
[2026-07-10 07:30:02] === SCRAPE START ===
[2026-07-10 07:30:02] Fetching https://waitz.io/live/ucsd-rec
[2026-07-10 07:30:04] Saved 4 rows to ucsd_occupancy_history.csv
[2026-07-10 07:30:04] Main Gym Fitness Gym: 4% (Closed) people=3 capacity=72 is_open=False hour_summary=closed
[2026-07-10 07:30:04] Outback Climbing Center: 7% (Closed) people=2 capacity=30 is_open=False hour_summary=closed
[2026-07-10 07:30:04] RIMAC Fitness Gym: 13% (Not Busy) people=19 capacity=150 is_open=True hour_summary=open
[2026-07-10 07:30:04] Triton Esports Center: 0% (Closed) people=0 capacity=35 is_open=False hour_summary=closed
[2026-07-10 07:30:04] === SCRAPE END OK ===
[2026-07-10 07:45:02] === SCRAPE START ===
[2026-07-10 07:45:02] Fetching https://waitz.io/live/ucsd-rec
[2026-07-10 07:45:04] Saved 4 rows to ucsd_occupancy_history.csv
[2026-07-10 07:45:04] Main Gym Fitness Gym: 4% (Closed) people=3 capacity=72 is_open=False hour_summary=closed
[2026-07-10 07:45:04] Outback Climbing Center: 10% (Closed) people=3 capacity=30 is_open=False hour_summary=closed
[2026-07-10 07:45:04] RIMAC Fitness Gym: 10% (Not Busy) people=15 capacity=150 is_open=True hour_summary=open
[2026-07-10 07:45:04] Triton Esports Center: 0% (Closed) people=0 capacity=35 is_open=False hour_summary=closed
[2026-07-10 07:45:04] === SCRAPE END OK ===
[2026-07-10 08:00:02] === SCRAPE START ===
[2026-07-10 08:00:02] Fetching https://waitz.io/live/ucsd-rec
[2026-07-10 08:00:04] Saved 4 rows to ucsd_occupancy_history.csv
[2026-07-10 08:00:04] Main Gym Fitness Gym: 2% (Closed) people=1 capacity=72 is_open=False hour_summary=closed
[2026-07-10 08:00:04] Outback Climbing Center: 6% (Closed) people=2 capacity=30 is_open=False hour_summary=closed
[2026-07-10 08:00:04] RIMAC Fitness Gym: 7% (Not Busy) people=10 capacity=150 is_open=True hour_summary=open
[2026-07-10 08:00:04] Triton Esports Center: 0% (Closed) people=0 capacity=35 is_open=False hour_summary=closed
[2026-07-10 08:00:04] === SCRAPE END OK ===
[2026-07-10 08:15:02] === SCRAPE START ===
[2026-07-10 08:15:02] Fetching https://waitz.io/live/ucsd-rec
[2026-07-10 08:15:03] Saved 4 rows to ucsd_occupancy_history.csv
[2026-07-10 08:15:03] Main Gym Fitness Gym: 2% (Closed) people=2 capacity=72 is_open=False hour_summary=closed
[2026-07-10 08:15:03] Outback Climbing Center: 4% (Closed) people=1 capacity=30 is_open=False hour_summary=closed
[2026-07-10 08:15:03] RIMAC Fitness Gym: 12% (Not Busy) people=17 capacity=150 is_open=True hour_summary=open
[2026-07-10 08:15:03] Triton Esports Center: 0% (Closed) people=0 capacity=35 is_open=False hour_summary=closed
[2026-07-10 08:15:03] === SCRAPE END OK ===
[2026-07-10 08:30:02] === SCRAPE START ===
[2026-07-10 08:30:02] Fetching https://waitz.io/live/ucsd-rec
[2026-07-10 08:30:04] Saved 4 rows to ucsd_occupancy_history.csv
[2026-07-10 08:30:04] Main Gym Fitness Gym: 2% (Closed) people=1 capacity=72 is_open=False hour_summary=closed
[2026-07-10 08:30:04] Outback Climbing Center: 7% (Closed) people=2 capacity=30 is_open=False hour_summary=closed
[2026-07-10 08:30:04] RIMAC Fitness Gym: 8% (Not Busy) people=12 capacity=150 is_open=True hour_summary=open
[2026-07-10 08:30:04] Triton Esports Center: 0% (Closed) people=0 capacity=35 is_open=False hour_summary=closed
[2026-07-10 08:30:04] === SCRAPE END OK ===
[2026-07-10 08:45:02] === SCRAPE START ===
[2026-07-10 08:45:02] Fetching https://waitz.io/live/ucsd-rec
[2026-07-10 08:45:03] Saved 4 rows to ucsd_occupancy_history.csv
[2026-07-10 08:45:03] Main Gym Fitness Gym: 7% (Closed) people=5 capacity=72 is_open=False hour_summary=closed
[2026-07-10 08:45:03] Outback Climbing Center: 4% (Closed) people=1 capacity=30 is_open=False hour_summary=closed
[2026-07-10 08:45:03] RIMAC Fitness Gym: 11% (Not Busy) people=16 capacity=150 is_open=True hour_summary=open
[2026-07-10 08:45:03] Triton Esports Center: 0% (Closed) people=0 capacity=35 is_open=False hour_summary=closed
[2026-07-10 08:45:03] === SCRAPE END OK ===
[2026-07-10 09:00:02] === SCRAPE START ===
[2026-07-10 09:00:02] Fetching https://waitz.io/live/ucsd-rec
[2026-07-10 09:00:03] Saved 4 rows to ucsd_occupancy_history.csv
[2026-07-10 09:00:04] Main Gym Fitness Gym: 11% (Closed) people=8 capacity=72 is_open=False hour_summary=closed
[2026-07-10 09:00:04] Outback Climbing Center: 7% (Closed) people=2 capacity=30 is_open=False hour_summary=closed
[2026-07-10 09:00:04] RIMAC Fitness Gym: 15% (Not Busy) people=22 capacity=150 is_open=True hour_summary=open
[2026-07-10 09:00:04] Triton Esports Center: 0% (Closed) people=0 capacity=35 is_open=False hour_summary=closed
[2026-07-10 09:00:04] === SCRAPE END OK ===
[2026-07-10 09:15:02] === SCRAPE START ===
[2026-07-10 09:15:02] Fetching https://waitz.io/live/ucsd-rec
[2026-07-10 09:15:03] Saved 4 rows to ucsd_occupancy_history.csv
[2026-07-10 09:15:03] Main Gym Fitness Gym: 13% (Closed) people=10 capacity=72 is_open=False hour_summary=closed
[2026-07-10 09:15:03] Outback Climbing Center: 8% (Closed) people=2 capacity=30 is_open=False hour_summary=closed
[2026-07-10 09:15:03] RIMAC Fitness Gym: 11% (Not Busy) people=16 capacity=150 is_open=True hour_summary=open
[2026-07-10 09:15:03] Triton Esports Center: 0% (Closed) people=0 capacity=35 is_open=False hour_summary=closed
[2026-07-10 09:15:03] === SCRAPE END OK ===
[2026-07-10 09:30:02] === SCRAPE START ===
[2026-07-10 09:30:02] Fetching https://waitz.io/live/ucsd-rec
[2026-07-10 09:30:04] Saved 4 rows to ucsd_occupancy_history.csv
[2026-07-10 09:30:04] Main Gym Fitness Gym: 13% (Closed) people=9 capacity=72 is_open=False hour_summary=closed
[2026-07-10 09:30:04] Outback Climbing Center: 4% (Closed) people=1 capacity=30 is_open=False hour_summary=closed
[2026-07-10 09:30:04] RIMAC Fitness Gym: 12% (Not Busy) people=18 capacity=150 is_open=True hour_summary=open
[2026-07-10 09:30:04] Triton Esports Center: 0% (Closed) people=0 capacity=35 is_open=False hour_summary=closed
[2026-07-10 09:30:04] === SCRAPE END OK ===
[2026-07-10 09:45:02] === SCRAPE START ===
[2026-07-10 09:45:02] Fetching https://waitz.io/live/ucsd-rec
[2026-07-10 09:45:03] Saved 4 rows to ucsd_occupancy_history.csv
[2026-07-10 09:45:03] Main Gym Fitness Gym: 25% (Closed) people=18 capacity=72 is_open=False hour_summary=closed
[2026-07-10 09:45:03] Outback Climbing Center: 6% (Closed) people=2 capacity=30 is_open=False hour_summary=closed
[2026-07-10 09:45:03] RIMAC Fitness Gym: 9% (Not Busy) people=14 capacity=150 is_open=True hour_summary=open
[2026-07-10 09:45:03] Triton Esports Center: 0% (Closed) people=0 capacity=35 is_open=False hour_summary=closed
[2026-07-10 09:45:03] === SCRAPE END OK ===
[2026-07-10 10:00:02] === SCRAPE START ===
[2026-07-10 10:00:02] Fetching https://waitz.io/live/ucsd-rec
[2026-07-10 10:00:04] Saved 4 rows to ucsd_occupancy_history.csv
[2026-07-10 10:00:04] Main Gym Fitness Gym: 22% (Closed) people=16 capacity=72 is_open=False hour_summary=closed
[2026-07-10 10:00:04] Outback Climbing Center: 6% (Closed) people=2 capacity=30 is_open=False hour_summary=closed
[2026-07-10 10:00:04] RIMAC Fitness Gym: 12% (Not Busy) people=17 capacity=150 is_open=True hour_summary=open
[2026-07-10 10:00:04] Triton Esports Center: 0% (Closed) people=0 capacity=35 is_open=False hour_summary=closed
[2026-07-10 10:00:04] === SCRAPE END OK ===
[2026-07-10 10:15:02] === SCRAPE START ===
[2026-07-10 10:15:02] Fetching https://waitz.io/live/ucsd-rec
[2026-07-10 10:15:03] Saved 4 rows to ucsd_occupancy_history.csv
[2026-07-10 10:15:03] Main Gym Fitness Gym: 22% (Closed) people=16 capacity=72 is_open=False hour_summary=closed
[2026-07-10 10:15:03] Outback Climbing Center: 7% (Closed) people=2 capacity=30 is_open=False hour_summary=closed
[2026-07-10 10:15:03] RIMAC Fitness Gym: 5% (Not Busy) people=8 capacity=150 is_open=True hour_summary=open
[2026-07-10 10:15:03] Triton Esports Center: 0% (Closed) people=0 capacity=35 is_open=False hour_summary=closed
[2026-07-10 10:15:03] === SCRAPE END OK ===
[2026-07-10 10:30:02] === SCRAPE START ===
[2026-07-10 10:30:02] Fetching https://waitz.io/live/ucsd-rec
[2026-07-10 10:30:04] Saved 4 rows to ucsd_occupancy_history.csv
[2026-07-10 10:30:04] Main Gym Fitness Gym: 25% (Closed) people=18 capacity=72 is_open=False hour_summary=closed
[2026-07-10 10:30:04] Outback Climbing Center: 4% (Closed) people=1 capacity=30 is_open=False hour_summary=closed
[2026-07-10 10:30:04] RIMAC Fitness Gym: 11% (Not Busy) people=16 capacity=150 is_open=True hour_summary=open
[2026-07-10 10:30:04] Triton Esports Center: 0% (Closed) people=0 capacity=35 is_open=False hour_summary=closed
[2026-07-10 10:30:04] === SCRAPE END OK ===
[2026-07-10 10:45:02] === SCRAPE START ===
[2026-07-10 10:45:02] Fetching https://waitz.io/live/ucsd-rec
[2026-07-10 10:45:03] Saved 4 rows to ucsd_occupancy_history.csv
[2026-07-10 10:45:03] Main Gym Fitness Gym: 21% (Closed) people=15 capacity=72 is_open=False hour_summary=closed
[2026-07-10 10:45:03] Outback Climbing Center: 4% (Closed) people=1 capacity=30 is_open=False hour_summary=closed
[2026-07-10 10:45:03] RIMAC Fitness Gym: 11% (Not Busy) people=17 capacity=150 is_open=True hour_summary=open
[2026-07-10 10:45:03] Triton Esports Center: 0% (Closed) people=0 capacity=35 is_open=False hour_summary=closed
[2026-07-10 10:45:03] === SCRAPE END OK ===
[2026-07-10 11:00:02] === SCRAPE START ===
[2026-07-10 11:00:02] Fetching https://waitz.io/live/ucsd-rec
[2026-07-10 11:00:04] Saved 4 rows to ucsd_occupancy_history.csv
[2026-07-10 11:00:04] Main Gym Fitness Gym: 22% (Closed) people=16 capacity=72 is_open=False hour_summary=closed
[2026-07-10 11:00:04] Outback Climbing Center: 9% (Closed) people=3 capacity=30 is_open=False hour_summary=closed
[2026-07-10 11:00:04] RIMAC Fitness Gym: 14% (Not Busy) people=22 capacity=150 is_open=True hour_summary=open
[2026-07-10 11:00:04] Triton Esports Center: 0% (Closed) people=0 capacity=35 is_open=False hour_summary=closed
[2026-07-10 11:00:04] === SCRAPE END OK ===
[2026-07-10 11:15:02] === SCRAPE START ===
[2026-07-10 11:15:02] Fetching https://waitz.io/live/ucsd-rec
[2026-07-10 11:15:03] Saved 4 rows to ucsd_occupancy_history.csv
[2026-07-10 11:15:03] Main Gym Fitness Gym: 16% (Closed) people=12 capacity=72 is_open=False hour_summary=closed
[2026-07-10 11:15:03] Outback Climbing Center: 8% (Closed) people=2 capacity=30 is_open=False hour_summary=closed
[2026-07-10 11:15:03] RIMAC Fitness Gym: 10% (Not Busy) people=15 capacity=150 is_open=True hour_summary=open
[2026-07-10 11:15:03] Triton Esports Center: 0% (Closed) people=0 capacity=35 is_open=False hour_summary=closed
[2026-07-10 11:15:03] === SCRAPE END OK ===
[2026-07-10 11:30:02] === SCRAPE START ===
[2026-07-10 11:30:02] Fetching https://waitz.io/live/ucsd-rec
[2026-07-10 11:30:04] Saved 4 rows to ucsd_occupancy_history.csv
[2026-07-10 11:30:04] Main Gym Fitness Gym: 25% (Closed) people=18 capacity=72 is_open=False hour_summary=closed
[2026-07-10 11:30:04] Outback Climbing Center: 12% (Closed) people=4 capacity=30 is_open=False hour_summary=closed
[2026-07-10 11:30:04] RIMAC Fitness Gym: 11% (Not Busy) people=17 capacity=150 is_open=True hour_summary=open
[2026-07-10 11:30:04] Triton Esports Center: 0% (Closed) people=0 capacity=35 is_open=False hour_summary=closed
[2026-07-10 11:30:04] === SCRAPE END OK ===
[2026-07-10 11:45:02] === SCRAPE START ===
[2026-07-10 11:45:02] Fetching https://waitz.io/live/ucsd-rec
[2026-07-10 11:45:03] Saved 4 rows to ucsd_occupancy_history.csv
[2026-07-10 11:45:03] Main Gym Fitness Gym: 26% (Closed) people=19 capacity=72 is_open=False hour_summary=closed
[2026-07-10 11:45:03] Outback Climbing Center: 7% (Closed) people=2 capacity=30 is_open=False hour_summary=closed
[2026-07-10 11:45:03] RIMAC Fitness Gym: 10% (Not Busy) people=15 capacity=150 is_open=True hour_summary=open
[2026-07-10 11:45:03] Triton Esports Center: 0% (Closed) people=0 capacity=35 is_open=False hour_summary=closed
[2026-07-10 11:45:03] === SCRAPE END OK ===
[2026-07-10 12:00:02] === SCRAPE START ===
[2026-07-10 12:00:02] Fetching https://waitz.io/live/ucsd-rec
[2026-07-10 12:00:04] Saved 4 rows to ucsd_occupancy_history.csv
[2026-07-10 12:00:04] Main Gym Fitness Gym: 20% (Closed) people=14 capacity=72 is_open=False hour_summary=closed
[2026-07-10 12:00:04] Outback Climbing Center: 6% (Closed) people=2 capacity=30 is_open=False hour_summary=closed
[2026-07-10 12:00:04] RIMAC Fitness Gym: 14% (Not Busy) people=21 capacity=150 is_open=True hour_summary=open
[2026-07-10 12:00:04] Triton Esports Center: 0% (Closed) people=0 capacity=35 is_open=False hour_summary=closed
[2026-07-10 12:00:04] === SCRAPE END OK ===
[2026-07-10 12:15:02] === SCRAPE START ===
[2026-07-10 12:15:02] Fetching https://waitz.io/live/ucsd-rec
[2026-07-10 12:15:03] Saved 4 rows to ucsd_occupancy_history.csv
[2026-07-10 12:15:03] Main Gym Fitness Gym: 14% (Closed) people=10 capacity=72 is_open=False hour_summary=closed
[2026-07-10 12:15:03] Outback Climbing Center: 6% (Closed) people=2 capacity=30 is_open=False hour_summary=closed
[2026-07-10 12:15:03] RIMAC Fitness Gym: 12% (Not Busy) people=18 capacity=150 is_open=True hour_summary=open
[2026-07-10 12:15:03] Triton Esports Center: 0% (Closed) people=0 capacity=35 is_open=False hour_summary=closed
[2026-07-10 12:15:03] === SCRAPE END OK ===
[2026-07-10 12:30:02] === SCRAPE START ===
[2026-07-10 12:30:02] Fetching https://waitz.io/live/ucsd-rec
[2026-07-10 12:30:06] Saved 4 rows to ucsd_occupancy_history.csv
[2026-07-10 12:30:06] Main Gym Fitness Gym: 7% (Closed) people=5 capacity=72 is_open=False hour_summary=closed
[2026-07-10 12:30:06] Outback Climbing Center: 6% (Closed) people=2 capacity=30 is_open=False hour_summary=closed
[2026-07-10 12:30:06] RIMAC Fitness Gym: 13% (Not Busy) people=19 capacity=150 is_open=True hour_summary=open
[2026-07-10 12:30:06] Triton Esports Center: 0% (Closed) people=0 capacity=35 is_open=False hour_summary=closed
[2026-07-10 12:30:06] === SCRAPE END OK ===
[2026-07-10 12:45:02] === SCRAPE START ===
[2026-07-10 12:45:02] Fetching https://waitz.io/live/ucsd-rec
[2026-07-10 12:45:03] Saved 4 rows to ucsd_occupancy_history.csv
[2026-07-10 12:45:03] Main Gym Fitness Gym: 10% (Closed) people=7 capacity=72 is_open=False hour_summary=closed
[2026-07-10 12:45:03] Outback Climbing Center: 11% (Closed) people=3 capacity=30 is_open=False hour_summary=closed
[2026-07-10 12:45:03] RIMAC Fitness Gym: 8% (Not Busy) people=12 capacity=150 is_open=True hour_summary=open
[2026-07-10 12:45:03] Triton Esports Center: 0% (Closed) people=0 capacity=35 is_open=False hour_summary=closed
[2026-07-10 12:45:03] === SCRAPE END OK ===
[2026-07-10 13:00:02] === SCRAPE START ===
[2026-07-10 13:00:02] Fetching https://waitz.io/live/ucsd-rec
[2026-07-10 13:00:04] Saved 4 rows to ucsd_occupancy_history.csv
[2026-07-10 13:00:04] Main Gym Fitness Gym: 12% (Closed) people=9 capacity=72 is_open=False hour_summary=closed
[2026-07-10 13:00:04] Outback Climbing Center: 15% (Closed) people=4 capacity=30 is_open=False hour_summary=closed
[2026-07-10 13:00:04] RIMAC Fitness Gym: 10% (Not Busy) people=15 capacity=150 is_open=True hour_summary=open
[2026-07-10 13:00:04] Triton Esports Center: 0% (Closed) people=0 capacity=35 is_open=False hour_summary=closed
[2026-07-10 13:00:04] === SCRAPE END OK ===
[2026-07-10 13:15:02] === SCRAPE START ===
[2026-07-10 13:15:02] Fetching https://waitz.io/live/ucsd-rec
[2026-07-10 13:15:03] Saved 4 rows to ucsd_occupancy_history.csv
[2026-07-10 13:15:03] Main Gym Fitness Gym: 8% (Closed) people=6 capacity=72 is_open=False hour_summary=closed
[2026-07-10 13:15:03] Outback Climbing Center: 11% (Closed) people=3 capacity=30 is_open=False hour_summary=closed
[2026-07-10 13:15:03] RIMAC Fitness Gym: 13% (Not Busy) people=19 capacity=150 is_open=True hour_summary=open
[2026-07-10 13:15:03] Triton Esports Center: 0% (Closed) people=0 capacity=35 is_open=False hour_summary=closed
[2026-07-10 13:15:03] === SCRAPE END OK ===
[2026-07-10 13:30:02] === SCRAPE START ===
[2026-07-10 13:30:02] Fetching https://waitz.io/live/ucsd-rec
[2026-07-10 13:30:03] Saved 4 rows to ucsd_occupancy_history.csv
[2026-07-10 13:30:03] Main Gym Fitness Gym: 8% (Closed) people=6 capacity=72 is_open=False hour_summary=closed
[2026-07-10 13:30:03] Outback Climbing Center: 7% (Closed) people=2 capacity=30 is_open=False hour_summary=closed
[2026-07-10 13:30:03] RIMAC Fitness Gym: 13% (Not Busy) people=19 capacity=150 is_open=True hour_summary=open
[2026-07-10 13:30:03] Triton Esports Center: 0% (Closed) people=0 capacity=35 is_open=False hour_summary=closed
[2026-07-10 13:30:03] === SCRAPE END OK ===
