[2026-06-27 00:00:01] === SCRAPE START ===
[2026-06-27 00:00:01] Fetching https://waitz.io/live/ucsd-rec
[2026-06-27 00:00:03] Saved 4 rows to ucsd_occupancy_history.csv
[2026-06-27 00:00:03] Main Gym Fitness Gym: 2% (Closed) people=1 capacity=72 is_open=False hour_summary=closed
[2026-06-27 00:00:03] Outback Climbing Center: 8% (Closed) people=2 capacity=30 is_open=False hour_summary=closed
[2026-06-27 00:00:03] RIMAC Fitness Gym: 0% (Closed) people=0 capacity=150 is_open=False hour_summary=Closed until 8:00am
[2026-06-27 00:00:03] Triton Esports Center: 0% (Closed) people=0 capacity=35 is_open=False hour_summary=closed
[2026-06-27 00:00:03] === SCRAPE END OK ===
[2026-06-27 00:15:02] === SCRAPE START ===
[2026-06-27 00:15:02] Fetching https://waitz.io/live/ucsd-rec
[2026-06-27 00:15:04] Saved 4 rows to ucsd_occupancy_history.csv
[2026-06-27 00:15:04] Main Gym Fitness Gym: 1% (Closed) people=1 capacity=72 is_open=False hour_summary=closed
[2026-06-27 00:15:04] Outback Climbing Center: 5% (Closed) people=2 capacity=30 is_open=False hour_summary=closed
[2026-06-27 00:15:04] RIMAC Fitness Gym: 1% (Closed) people=1 capacity=150 is_open=False hour_summary=Closed until 8:00am
[2026-06-27 00:15:04] Triton Esports Center: 0% (Closed) people=0 capacity=35 is_open=False hour_summary=closed
[2026-06-27 00:15:04] === SCRAPE END OK ===
[2026-06-27 00:30:02] === SCRAPE START ===
[2026-06-27 00:30:02] Fetching https://waitz.io/live/ucsd-rec
[2026-06-27 00:30:04] Saved 4 rows to ucsd_occupancy_history.csv
[2026-06-27 00:30:04] Main Gym Fitness Gym: 2% (Closed) people=1 capacity=72 is_open=False hour_summary=closed
[2026-06-27 00:30:04] Outback Climbing Center: 6% (Closed) people=2 capacity=30 is_open=False hour_summary=closed
[2026-06-27 00:30:04] RIMAC Fitness Gym: 1% (Closed) people=1 capacity=150 is_open=False hour_summary=Closed until 8:00am
[2026-06-27 00:30:04] Triton Esports Center: 0% (Closed) people=0 capacity=35 is_open=False hour_summary=closed
[2026-06-27 00:30:04] === SCRAPE END OK ===
[2026-06-27 00:45:02] === SCRAPE START ===
[2026-06-27 00:45:02] Fetching https://waitz.io/live/ucsd-rec
[2026-06-27 00:45:03] Saved 4 rows to ucsd_occupancy_history.csv
[2026-06-27 00:45:03] Main Gym Fitness Gym: 1% (Closed) people=1 capacity=72 is_open=False hour_summary=closed
[2026-06-27 00:45:03] Outback Climbing Center: 8% (Closed) people=2 capacity=30 is_open=False hour_summary=closed
[2026-06-27 00:45:03] RIMAC Fitness Gym: 0% (Closed) people=1 capacity=150 is_open=False hour_summary=Closed until 8:00am
[2026-06-27 00:45:03] Triton Esports Center: 0% (Closed) people=0 capacity=35 is_open=False hour_summary=closed
[2026-06-27 00:45:03] === SCRAPE END OK ===
[2026-06-27 01:00:02] === SCRAPE START ===
[2026-06-27 01:00:02] Fetching https://waitz.io/live/ucsd-rec
[2026-06-27 01:00:04] Saved 4 rows to ucsd_occupancy_history.csv
[2026-06-27 01:00:04] Main Gym Fitness Gym: 1% (Closed) people=1 capacity=72 is_open=False hour_summary=closed
[2026-06-27 01:00:04] Outback Climbing Center: 7% (Closed) people=2 capacity=30 is_open=False hour_summary=closed
[2026-06-27 01:00:04] RIMAC Fitness Gym: 0% (Closed) people=0 capacity=150 is_open=False hour_summary=Closed until 8:00am
[2026-06-27 01:00:04] Triton Esports Center: 0% (Closed) people=0 capacity=35 is_open=False hour_summary=closed
[2026-06-27 01:00:04] === SCRAPE END OK ===
[2026-06-27 01:15:02] === SCRAPE START ===
[2026-06-27 01:15:02] Fetching https://waitz.io/live/ucsd-rec
[2026-06-27 01:15:04] Saved 4 rows to ucsd_occupancy_history.csv
[2026-06-27 01:15:04] Main Gym Fitness Gym: 2% (Closed) people=1 capacity=72 is_open=False hour_summary=closed
[2026-06-27 01:15:04] Outback Climbing Center: 8% (Closed) people=2 capacity=30 is_open=False hour_summary=closed
[2026-06-27 01:15:04] RIMAC Fitness Gym: 0% (Closed) people=1 capacity=150 is_open=False hour_summary=Closed until 8:00am
[2026-06-27 01:15:04] Triton Esports Center: 0% (Closed) people=0 capacity=35 is_open=False hour_summary=closed
[2026-06-27 01:15:04] === SCRAPE END OK ===
[2026-06-27 01:30:02] === SCRAPE START ===
[2026-06-27 01:30:02] Fetching https://waitz.io/live/ucsd-rec
[2026-06-27 01:30:04] Saved 4 rows to ucsd_occupancy_history.csv
[2026-06-27 01:30:04] Main Gym Fitness Gym: 2% (Closed) people=1 capacity=72 is_open=False hour_summary=closed
[2026-06-27 01:30:04] Outback Climbing Center: 8% (Closed) people=2 capacity=30 is_open=False hour_summary=closed
[2026-06-27 01:30:04] RIMAC Fitness Gym: 1% (Closed) people=1 capacity=150 is_open=False hour_summary=Closed until 8:00am
[2026-06-27 01:30:04] Triton Esports Center: 0% (Closed) people=0 capacity=35 is_open=False hour_summary=closed
[2026-06-27 01:30:04] === SCRAPE END OK ===
[2026-06-27 01:45:03] === SCRAPE START ===
[2026-06-27 01:45:03] Fetching https://waitz.io/live/ucsd-rec
[2026-06-27 01:45:04] Saved 4 rows to ucsd_occupancy_history.csv
[2026-06-27 01:45:04] Main Gym Fitness Gym: 2% (Closed) people=2 capacity=72 is_open=False hour_summary=closed
[2026-06-27 01:45:04] Outback Climbing Center: 6% (Closed) people=2 capacity=30 is_open=False hour_summary=closed
[2026-06-27 01:45:04] RIMAC Fitness Gym: 0% (Closed) people=1 capacity=150 is_open=False hour_summary=Closed until 8:00am
[2026-06-27 01:45:04] Triton Esports Center: 0% (Closed) people=0 capacity=35 is_open=False hour_summary=closed
[2026-06-27 01:45:04] === SCRAPE END OK ===
[2026-06-27 02:00:02] === SCRAPE START ===
[2026-06-27 02:00:02] Fetching https://waitz.io/live/ucsd-rec
[2026-06-27 02:00:04] Saved 4 rows to ucsd_occupancy_history.csv
[2026-06-27 02:00:04] Main Gym Fitness Gym: 1% (Closed) people=1 capacity=72 is_open=False hour_summary=closed
[2026-06-27 02:00:04] Outback Climbing Center: 10% (Closed) people=3 capacity=30 is_open=False hour_summary=closed
[2026-06-27 02:00:04] RIMAC Fitness Gym: 0% (Closed) people=1 capacity=150 is_open=False hour_summary=Closed until 8:00am
[2026-06-27 02:00:04] Triton Esports Center: 0% (Closed) people=0 capacity=35 is_open=False hour_summary=closed
[2026-06-27 02:00:04] === SCRAPE END OK ===
[2026-06-27 02:15:02] === SCRAPE START ===
[2026-06-27 02:15:02] Fetching https://waitz.io/live/ucsd-rec
[2026-06-27 02:15:03] Saved 4 rows to ucsd_occupancy_history.csv
[2026-06-27 02:15:03] Main Gym Fitness Gym: 1% (Closed) people=1 capacity=72 is_open=False hour_summary=closed
[2026-06-27 02:15:03] Outback Climbing Center: 8% (Closed) people=2 capacity=30 is_open=False hour_summary=closed
[2026-06-27 02:15:03] RIMAC Fitness Gym: 0% (Closed) people=0 capacity=150 is_open=False hour_summary=Closed until 8:00am
[2026-06-27 02:15:03] Triton Esports Center: 0% (Closed) people=0 capacity=35 is_open=False hour_summary=closed
[2026-06-27 02:15:03] === SCRAPE END OK ===
[2026-06-27 02:30:02] === SCRAPE START ===
[2026-06-27 02:30:02] Fetching https://waitz.io/live/ucsd-rec
[2026-06-27 02:30:04] Saved 4 rows to ucsd_occupancy_history.csv
[2026-06-27 02:30:04] Main Gym Fitness Gym: 2% (Closed) people=1 capacity=72 is_open=False hour_summary=closed
[2026-06-27 02:30:04] Outback Climbing Center: 9% (Closed) people=3 capacity=30 is_open=False hour_summary=closed
[2026-06-27 02:30:04] RIMAC Fitness Gym: 1% (Closed) people=1 capacity=150 is_open=False hour_summary=Closed until 8:00am
[2026-06-27 02:30:04] Triton Esports Center: 0% (Closed) people=0 capacity=35 is_open=False hour_summary=closed
[2026-06-27 02:30:04] === SCRAPE END OK ===
[2026-06-27 02:45:03] === SCRAPE START ===
[2026-06-27 02:45:03] Fetching https://waitz.io/live/ucsd-rec
[2026-06-27 02:45:04] Saved 4 rows to ucsd_occupancy_history.csv
[2026-06-27 02:45:04] Main Gym Fitness Gym: 1% (Closed) people=1 capacity=72 is_open=False hour_summary=closed
[2026-06-27 02:45:04] Outback Climbing Center: 9% (Closed) people=3 capacity=30 is_open=False hour_summary=closed
[2026-06-27 02:45:04] RIMAC Fitness Gym: 0% (Closed) people=1 capacity=150 is_open=False hour_summary=Closed until 8:00am
[2026-06-27 02:45:04] Triton Esports Center: 0% (Closed) people=0 capacity=35 is_open=False hour_summary=closed
[2026-06-27 02:45:04] === SCRAPE END OK ===
[2026-06-27 03:00:02] === SCRAPE START ===
[2026-06-27 03:00:02] Fetching https://waitz.io/live/ucsd-rec
[2026-06-27 03:00:04] Saved 4 rows to ucsd_occupancy_history.csv
[2026-06-27 03:00:04] Main Gym Fitness Gym: 1% (Closed) people=1 capacity=72 is_open=False hour_summary=closed
[2026-06-27 03:00:04] Outback Climbing Center: 5% (Closed) people=2 capacity=30 is_open=False hour_summary=closed
[2026-06-27 03:00:04] RIMAC Fitness Gym: 0% (Closed) people=1 capacity=150 is_open=False hour_summary=Closed until 8:00am
[2026-06-27 03:00:04] Triton Esports Center: 0% (Closed) people=0 capacity=35 is_open=False hour_summary=closed
[2026-06-27 03:00:04] === SCRAPE END OK ===
[2026-06-27 03:15:02] === SCRAPE START ===
[2026-06-27 03:15:02] Fetching https://waitz.io/live/ucsd-rec
[2026-06-27 03:15:03] Saved 4 rows to ucsd_occupancy_history.csv
[2026-06-27 03:15:03] Main Gym Fitness Gym: 1% (Closed) people=1 capacity=72 is_open=False hour_summary=closed
[2026-06-27 03:15:03] Outback Climbing Center: 10% (Closed) people=3 capacity=30 is_open=False hour_summary=closed
[2026-06-27 03:15:03] RIMAC Fitness Gym: 0% (Closed) people=0 capacity=150 is_open=False hour_summary=Closed until 8:00am
[2026-06-27 03:15:03] Triton Esports Center: 0% (Closed) people=0 capacity=35 is_open=False hour_summary=closed
[2026-06-27 03:15:03] === SCRAPE END OK ===
[2026-06-27 03:30:02] === SCRAPE START ===
[2026-06-27 03:30:02] Fetching https://waitz.io/live/ucsd-rec
[2026-06-27 03:30:04] Saved 4 rows to ucsd_occupancy_history.csv
[2026-06-27 03:30:04] Main Gym Fitness Gym: 1% (Closed) people=1 capacity=72 is_open=False hour_summary=closed
[2026-06-27 03:30:04] Outback Climbing Center: 11% (Closed) people=3 capacity=30 is_open=False hour_summary=closed
[2026-06-27 03:30:04] RIMAC Fitness Gym: 0% (Closed) people=1 capacity=150 is_open=False hour_summary=Closed until 8:00am
[2026-06-27 03:30:04] Triton Esports Center: 0% (Closed) people=0 capacity=35 is_open=False hour_summary=closed
[2026-06-27 03:30:04] === SCRAPE END OK ===
[2026-06-27 03:45:02] === SCRAPE START ===
[2026-06-27 03:45:02] Fetching https://waitz.io/live/ucsd-rec
[2026-06-27 03:45:03] Saved 4 rows to ucsd_occupancy_history.csv
[2026-06-27 03:45:03] Main Gym Fitness Gym: 1% (Closed) people=1 capacity=72 is_open=False hour_summary=closed
[2026-06-27 03:45:03] Outback Climbing Center: 7% (Closed) people=2 capacity=30 is_open=False hour_summary=closed
[2026-06-27 03:45:03] RIMAC Fitness Gym: 0% (Closed) people=0 capacity=150 is_open=False hour_summary=Closed until 8:00am
[2026-06-27 03:45:03] Triton Esports Center: 0% (Closed) people=0 capacity=35 is_open=False hour_summary=closed
[2026-06-27 03:45:03] === SCRAPE END OK ===
[2026-06-27 04:00:02] === SCRAPE START ===
[2026-06-27 04:00:02] Fetching https://waitz.io/live/ucsd-rec
[2026-06-27 04:00:04] Saved 4 rows to ucsd_occupancy_history.csv
[2026-06-27 04:00:04] Main Gym Fitness Gym: 1% (Closed) people=1 capacity=72 is_open=False hour_summary=closed
[2026-06-27 04:00:04] Outback Climbing Center: 4% (Closed) people=1 capacity=30 is_open=False hour_summary=closed
[2026-06-27 04:00:04] RIMAC Fitness Gym: 0% (Closed) people=1 capacity=150 is_open=False hour_summary=Closed until 8:00am
[2026-06-27 04:00:04] Triton Esports Center: 0% (Closed) people=0 capacity=35 is_open=False hour_summary=closed
[2026-06-27 04:00:04] === SCRAPE END OK ===
[2026-06-27 04:15:02] === SCRAPE START ===
[2026-06-27 04:15:02] Fetching https://waitz.io/live/ucsd-rec
[2026-06-27 04:15:03] Saved 4 rows to ucsd_occupancy_history.csv
[2026-06-27 04:15:03] Main Gym Fitness Gym: 1% (Closed) people=1 capacity=72 is_open=False hour_summary=closed
[2026-06-27 04:15:03] Outback Climbing Center: 5% (Closed) people=2 capacity=30 is_open=False hour_summary=closed
[2026-06-27 04:15:03] RIMAC Fitness Gym: 0% (Closed) people=1 capacity=150 is_open=False hour_summary=Closed until 8:00am
[2026-06-27 04:15:03] Triton Esports Center: 0% (Closed) people=0 capacity=35 is_open=False hour_summary=closed
[2026-06-27 04:15:03] === SCRAPE END OK ===
[2026-06-27 04:30:02] === SCRAPE START ===
[2026-06-27 04:30:02] Fetching https://waitz.io/live/ucsd-rec
[2026-06-27 04:30:04] Saved 4 rows to ucsd_occupancy_history.csv
[2026-06-27 04:30:04] Main Gym Fitness Gym: 1% (Closed) people=1 capacity=72 is_open=False hour_summary=closed
[2026-06-27 04:30:04] Outback Climbing Center: 6% (Closed) people=2 capacity=30 is_open=False hour_summary=closed
[2026-06-27 04:30:04] RIMAC Fitness Gym: 0% (Closed) people=1 capacity=150 is_open=False hour_summary=Closed until 8:00am
[2026-06-27 04:30:04] Triton Esports Center: 0% (Closed) people=0 capacity=35 is_open=False hour_summary=closed
[2026-06-27 04:30:04] === SCRAPE END OK ===
[2026-06-27 04:45:03] === SCRAPE START ===
[2026-06-27 04:45:03] Fetching https://waitz.io/live/ucsd-rec
[2026-06-27 04:45:04] Saved 4 rows to ucsd_occupancy_history.csv
[2026-06-27 04:45:04] Main Gym Fitness Gym: 1% (Closed) people=1 capacity=72 is_open=False hour_summary=closed
[2026-06-27 04:45:04] Outback Climbing Center: 8% (Closed) people=2 capacity=30 is_open=False hour_summary=closed
[2026-06-27 04:45:04] RIMAC Fitness Gym: 0% (Closed) people=0 capacity=150 is_open=False hour_summary=Closed until 8:00am
[2026-06-27 04:45:04] Triton Esports Center: 0% (Closed) people=0 capacity=35 is_open=False hour_summary=closed
[2026-06-27 04:45:04] === SCRAPE END OK ===
[2026-06-27 05:00:02] === SCRAPE START ===
[2026-06-27 05:00:02] Fetching https://waitz.io/live/ucsd-rec
[2026-06-27 05:00:04] Saved 4 rows to ucsd_occupancy_history.csv
[2026-06-27 05:00:04] Main Gym Fitness Gym: 2% (Closed) people=1 capacity=72 is_open=False hour_summary=closed
[2026-06-27 05:00:04] Outback Climbing Center: 4% (Closed) people=1 capacity=30 is_open=False hour_summary=closed
[2026-06-27 05:00:04] RIMAC Fitness Gym: 0% (Closed) people=1 capacity=150 is_open=False hour_summary=Closed until 8:00am
[2026-06-27 05:00:04] Triton Esports Center: 0% (Closed) people=0 capacity=35 is_open=False hour_summary=closed
[2026-06-27 05:00:04] === SCRAPE END OK ===
[2026-06-27 05:15:02] === SCRAPE START ===
[2026-06-27 05:15:02] Fetching https://waitz.io/live/ucsd-rec
[2026-06-27 05:15:03] Saved 4 rows to ucsd_occupancy_history.csv
[2026-06-27 05:15:03] Main Gym Fitness Gym: 1% (Closed) people=1 capacity=72 is_open=False hour_summary=closed
[2026-06-27 05:15:03] Outback Climbing Center: 5% (Closed) people=2 capacity=30 is_open=False hour_summary=closed
[2026-06-27 05:15:03] RIMAC Fitness Gym: 0% (Closed) people=0 capacity=150 is_open=False hour_summary=Closed until 8:00am
[2026-06-27 05:15:03] Triton Esports Center: 0% (Closed) people=0 capacity=35 is_open=False hour_summary=closed
[2026-06-27 05:15:03] === SCRAPE END OK ===
[2026-06-27 05:30:02] === SCRAPE START ===
[2026-06-27 05:30:02] Fetching https://waitz.io/live/ucsd-rec
[2026-06-27 05:30:04] Saved 4 rows to ucsd_occupancy_history.csv
[2026-06-27 05:30:04] Main Gym Fitness Gym: 2% (Closed) people=1 capacity=72 is_open=False hour_summary=closed
[2026-06-27 05:30:04] Outback Climbing Center: 10% (Closed) people=3 capacity=30 is_open=False hour_summary=closed
[2026-06-27 05:30:04] RIMAC Fitness Gym: 1% (Closed) people=2 capacity=150 is_open=False hour_summary=Closed until 8:00am
[2026-06-27 05:30:04] Triton Esports Center: 0% (Closed) people=0 capacity=35 is_open=False hour_summary=closed
[2026-06-27 05:30:04] === SCRAPE END OK ===
[2026-06-27 05:45:02] === SCRAPE START ===
[2026-06-27 05:45:02] Fetching https://waitz.io/live/ucsd-rec
[2026-06-27 05:45:03] Saved 4 rows to ucsd_occupancy_history.csv
[2026-06-27 05:45:03] Main Gym Fitness Gym: 0% (Closed) people=0 capacity=72 is_open=False hour_summary=closed
[2026-06-27 05:45:03] Outback Climbing Center: 10% (Closed) people=3 capacity=30 is_open=False hour_summary=closed
[2026-06-27 05:45:03] RIMAC Fitness Gym: 1% (Closed) people=1 capacity=150 is_open=False hour_summary=Closed until 8:00am
[2026-06-27 05:45:03] Triton Esports Center: 0% (Closed) people=0 capacity=35 is_open=False hour_summary=closed
[2026-06-27 05:45:03] === SCRAPE END OK ===
[2026-06-27 06:00:02] === SCRAPE START ===
[2026-06-27 06:00:02] Fetching https://waitz.io/live/ucsd-rec
[2026-06-27 06:00:04] Saved 4 rows to ucsd_occupancy_history.csv
[2026-06-27 06:00:04] Main Gym Fitness Gym: 1% (Closed) people=1 capacity=72 is_open=False hour_summary=closed
[2026-06-27 06:00:04] Outback Climbing Center: 5% (Closed) people=2 capacity=30 is_open=False hour_summary=closed
[2026-06-27 06:00:04] RIMAC Fitness Gym: 0% (Closed) people=1 capacity=150 is_open=False hour_summary=Closed until 8:00am
[2026-06-27 06:00:04] Triton Esports Center: 0% (Closed) people=0 capacity=35 is_open=False hour_summary=closed
[2026-06-27 06:00:04] === SCRAPE END OK ===
[2026-06-27 06:15:02] === SCRAPE START ===
[2026-06-27 06:15:02] Fetching https://waitz.io/live/ucsd-rec
[2026-06-27 06:15:04] Saved 4 rows to ucsd_occupancy_history.csv
[2026-06-27 06:15:04] Main Gym Fitness Gym: 2% (Closed) people=1 capacity=72 is_open=False hour_summary=closed
[2026-06-27 06:15:04] Outback Climbing Center: 6% (Closed) people=2 capacity=30 is_open=False hour_summary=closed
[2026-06-27 06:15:04] RIMAC Fitness Gym: 0% (Closed) people=1 capacity=150 is_open=False hour_summary=Closed until 8:00am
[2026-06-27 06:15:04] Triton Esports Center: 0% (Closed) people=0 capacity=35 is_open=False hour_summary=closed
[2026-06-27 06:15:04] === SCRAPE END OK ===
[2026-06-27 06:30:02] === SCRAPE START ===
[2026-06-27 06:30:02] Fetching https://waitz.io/live/ucsd-rec
[2026-06-27 06:30:04] Saved 4 rows to ucsd_occupancy_history.csv
[2026-06-27 06:30:04] Main Gym Fitness Gym: 1% (Closed) people=1 capacity=72 is_open=False hour_summary=closed
[2026-06-27 06:30:04] Outback Climbing Center: 4% (Closed) people=1 capacity=30 is_open=False hour_summary=closed
[2026-06-27 06:30:04] RIMAC Fitness Gym: 0% (Closed) people=1 capacity=150 is_open=False hour_summary=Closed until 8:00am
[2026-06-27 06:30:04] Triton Esports Center: 0% (Closed) people=0 capacity=35 is_open=False hour_summary=closed
[2026-06-27 06:30:04] === SCRAPE END OK ===
[2026-06-27 06:45:02] === SCRAPE START ===
[2026-06-27 06:45:02] Fetching https://waitz.io/live/ucsd-rec
[2026-06-27 06:45:03] Saved 4 rows to ucsd_occupancy_history.csv
[2026-06-27 06:45:03] Main Gym Fitness Gym: 1% (Closed) people=1 capacity=72 is_open=False hour_summary=closed
[2026-06-27 06:45:03] Outback Climbing Center: 6% (Closed) people=2 capacity=30 is_open=False hour_summary=closed
[2026-06-27 06:45:03] RIMAC Fitness Gym: 1% (Closed) people=1 capacity=150 is_open=False hour_summary=Closed until 8:00am
[2026-06-27 06:45:03] Triton Esports Center: 0% (Closed) people=0 capacity=35 is_open=False hour_summary=closed
[2026-06-27 06:45:03] === SCRAPE END OK ===
[2026-06-27 07:00:02] === SCRAPE START ===
[2026-06-27 07:00:02] Fetching https://waitz.io/live/ucsd-rec
[2026-06-27 07:00:04] Saved 4 rows to ucsd_occupancy_history.csv
[2026-06-27 07:00:04] Main Gym Fitness Gym: 2% (Closed) people=1 capacity=72 is_open=False hour_summary=closed
[2026-06-27 07:00:04] Outback Climbing Center: 6% (Closed) people=2 capacity=30 is_open=False hour_summary=closed
[2026-06-27 07:00:04] RIMAC Fitness Gym: 1% (Closed) people=2 capacity=150 is_open=False hour_summary=Closed until 8:00am
[2026-06-27 07:00:04] Triton Esports Center: 0% (Closed) people=0 capacity=35 is_open=False hour_summary=closed
[2026-06-27 07:00:04] === SCRAPE END OK ===
