[2026-04-22 16:00:03] === SCRAPE START ===
[2026-04-22 16:00:03] Fetching https://waitz.io/live/ucsd-rec
[2026-04-22 16:00:04] Saved 4 rows to ucsd_occupancy_history.csv
[2026-04-22 16:00:04] Main Gym Fitness Gym: 35% (Not Busy) people=25 capacity=72 is_open=True hour_summary=open
[2026-04-22 16:00:04] Outback Climbing Center: 2% (Not Busy) people=1 capacity=30 is_open=True hour_summary=open
[2026-04-22 16:00:04] RIMAC Fitness Gym: 72% (Busy) people=108 capacity=150 is_open=True hour_summary=open
[2026-04-22 16:00:04] Triton Esports Center: 81% (Very Active) people=28 capacity=35 is_open=True hour_summary=open
[2026-04-22 16:00:04] === SCRAPE END OK ===
[2026-04-22 16:15:02] === SCRAPE START ===
[2026-04-22 16:15:02] Fetching https://waitz.io/live/ucsd-rec
[2026-04-22 16:15:03] Saved 4 rows to ucsd_occupancy_history.csv
[2026-04-22 16:15:03] Main Gym Fitness Gym: 65% (Busy) people=46 capacity=72 is_open=True hour_summary=open
[2026-04-22 16:15:03] Outback Climbing Center: 1% (Not Busy) people=0 capacity=30 is_open=True hour_summary=open
[2026-04-22 16:15:03] RIMAC Fitness Gym: 76% (Busy) people=114 capacity=150 is_open=True hour_summary=open
[2026-04-22 16:15:03] Triton Esports Center: 67% (Busy) people=23 capacity=35 is_open=True hour_summary=open
[2026-04-22 16:15:03] === SCRAPE END OK ===
[2026-04-22 16:27:39] === SCRAPE START ===
[2026-04-22 16:27:39] Fetching https://waitz.io/live/ucsd-rec
[2026-04-22 16:27:40] Saved 4 rows to ucsd_occupancy_history.csv
[2026-04-22 16:27:40] Main Gym Fitness Gym: 52% (Busy) people=38 capacity=72 is_open=True hour_summary=open
[2026-04-22 16:27:40] Outback Climbing Center: 3% (Not Busy) people=1 capacity=30 is_open=True hour_summary=open
[2026-04-22 16:27:40] RIMAC Fitness Gym: 81% (Very Active) people=122 capacity=150 is_open=True hour_summary=open
[2026-04-22 16:27:40] Triton Esports Center: 67% (Busy) people=24 capacity=35 is_open=True hour_summary=open
[2026-04-22 16:27:40] === SCRAPE END OK ===
[2026-04-22 16:30:02] === SCRAPE START ===
[2026-04-22 16:30:02] Fetching https://waitz.io/live/ucsd-rec
[2026-04-22 16:30:03] Saved 4 rows to ucsd_occupancy_history.csv
[2026-04-22 16:30:03] Main Gym Fitness Gym: 55% (Busy) people=40 capacity=72 is_open=True hour_summary=open
[2026-04-22 16:30:03] Outback Climbing Center: 8% (Not Busy) people=2 capacity=30 is_open=True hour_summary=open
[2026-04-22 16:30:03] RIMAC Fitness Gym: 86% (Very Active) people=128 capacity=150 is_open=True hour_summary=open
[2026-04-22 16:30:03] Triton Esports Center: 63% (Busy) people=22 capacity=35 is_open=True hour_summary=open
[2026-04-22 16:30:03] === SCRAPE END OK ===
