[2026-04-20 00:00:01] === SCRAPE START ===
[2026-04-20 00:00:01] Fetching https://waitz.io/live/ucsd-rec
[2026-04-20 00:00:02] Saved 4 rows to ucsd_occupancy_history.csv
[2026-04-20 00:00:02] Main Gym Fitness Gym: 1% (Closed) people=1 capacity=72 is_open=False hour_summary=Closed until 6:00am
[2026-04-20 00:00:02] Outback Climbing Center: 1% (Closed) people=0 capacity=30 is_open=False hour_summary=Closed until 10:00am
[2026-04-20 00:00:02] RIMAC Fitness Gym: 0% (Closed) people=1 capacity=150 is_open=False hour_summary=Closed until 6:00am
[2026-04-20 00:00:02] Triton Esports Center: 0% (Closed) people=0 capacity=35 is_open=False hour_summary=Closed until 7:30am
[2026-04-20 00:00:02] === SCRAPE END OK ===
[2026-04-20 00:15:02] === SCRAPE START ===
[2026-04-20 00:15:02] Fetching https://waitz.io/live/ucsd-rec
[2026-04-20 00:15:03] Saved 4 rows to ucsd_occupancy_history.csv
[2026-04-20 00:15:03] Main Gym Fitness Gym: 1% (Closed) people=1 capacity=72 is_open=False hour_summary=Closed until 6:00am
[2026-04-20 00:15:03] Outback Climbing Center: 1% (Closed) people=0 capacity=30 is_open=False hour_summary=Closed until 10:00am
[2026-04-20 00:15:03] RIMAC Fitness Gym: 0% (Closed) people=1 capacity=150 is_open=False hour_summary=Closed until 6:00am
[2026-04-20 00:15:03] Triton Esports Center: 0% (Closed) people=0 capacity=35 is_open=False hour_summary=Closed until 7:30am
[2026-04-20 00:15:03] === SCRAPE END OK ===
[2026-04-20 00:30:02] === SCRAPE START ===
[2026-04-20 00:30:02] Fetching https://waitz.io/live/ucsd-rec
[2026-04-20 00:30:03] Saved 4 rows to ucsd_occupancy_history.csv
[2026-04-20 00:30:03] Main Gym Fitness Gym: 1% (Closed) people=1 capacity=72 is_open=False hour_summary=Closed until 6:00am
[2026-04-20 00:30:03] Outback Climbing Center: 1% (Closed) people=0 capacity=30 is_open=False hour_summary=Closed until 10:00am
[2026-04-20 00:30:03] RIMAC Fitness Gym: 1% (Closed) people=1 capacity=150 is_open=False hour_summary=Closed until 6:00am
[2026-04-20 00:30:03] Triton Esports Center: 0% (Closed) people=0 capacity=35 is_open=False hour_summary=Closed until 7:30am
[2026-04-20 00:30:03] === SCRAPE END OK ===
[2026-04-20 00:45:02] === SCRAPE START ===
[2026-04-20 00:45:02] Fetching https://waitz.io/live/ucsd-rec
[2026-04-20 00:45:03] Saved 4 rows to ucsd_occupancy_history.csv
[2026-04-20 00:45:03] Main Gym Fitness Gym: 1% (Closed) people=1 capacity=72 is_open=False hour_summary=Closed until 6:00am
[2026-04-20 00:45:03] Outback Climbing Center: 1% (Closed) people=0 capacity=30 is_open=False hour_summary=Closed until 10:00am
[2026-04-20 00:45:03] RIMAC Fitness Gym: 0% (Closed) people=1 capacity=150 is_open=False hour_summary=Closed until 6:00am
[2026-04-20 00:45:03] Triton Esports Center: 0% (Closed) people=0 capacity=35 is_open=False hour_summary=Closed until 7:30am
[2026-04-20 00:45:03] === SCRAPE END OK ===
[2026-04-20 01:00:02] === SCRAPE START ===
[2026-04-20 01:00:02] Fetching https://waitz.io/live/ucsd-rec
[2026-04-20 01:00:04] Saved 4 rows to ucsd_occupancy_history.csv
[2026-04-20 01:00:04] Main Gym Fitness Gym: 1% (Closed) people=1 capacity=72 is_open=False hour_summary=Closed until 6:00am
[2026-04-20 01:00:04] Outback Climbing Center: 2% (Closed) people=0 capacity=30 is_open=False hour_summary=Closed until 10:00am
[2026-04-20 01:00:04] RIMAC Fitness Gym: 1% (Closed) people=1 capacity=150 is_open=False hour_summary=Closed until 6:00am
[2026-04-20 01:00:04] Triton Esports Center: 0% (Closed) people=0 capacity=35 is_open=False hour_summary=Closed until 7:30am
[2026-04-20 01:00:04] === SCRAPE END OK ===
[2026-04-20 01:15:02] === SCRAPE START ===
[2026-04-20 01:15:02] Fetching https://waitz.io/live/ucsd-rec
[2026-04-20 01:15:03] Saved 4 rows to ucsd_occupancy_history.csv
[2026-04-20 01:15:03] Main Gym Fitness Gym: 1% (Closed) people=1 capacity=72 is_open=False hour_summary=Closed until 6:00am
[2026-04-20 01:15:03] Outback Climbing Center: 2% (Closed) people=1 capacity=30 is_open=False hour_summary=Closed until 10:00am
[2026-04-20 01:15:03] RIMAC Fitness Gym: 1% (Closed) people=1 capacity=150 is_open=False hour_summary=Closed until 6:00am
[2026-04-20 01:15:03] Triton Esports Center: 0% (Closed) people=0 capacity=35 is_open=False hour_summary=Closed until 7:30am
[2026-04-20 01:15:03] === SCRAPE END OK ===
[2026-04-20 01:30:02] === SCRAPE START ===
[2026-04-20 01:30:02] Fetching https://waitz.io/live/ucsd-rec
[2026-04-20 01:30:03] Saved 4 rows to ucsd_occupancy_history.csv
[2026-04-20 01:30:03] Main Gym Fitness Gym: 1% (Closed) people=1 capacity=72 is_open=False hour_summary=Closed until 6:00am
[2026-04-20 01:30:03] Outback Climbing Center: 2% (Closed) people=0 capacity=30 is_open=False hour_summary=Closed until 10:00am
[2026-04-20 01:30:03] RIMAC Fitness Gym: 1% (Closed) people=1 capacity=150 is_open=False hour_summary=Closed until 6:00am
[2026-04-20 01:30:03] Triton Esports Center: 0% (Closed) people=0 capacity=35 is_open=False hour_summary=Closed until 7:30am
[2026-04-20 01:30:03] === SCRAPE END OK ===
[2026-04-20 01:45:02] === SCRAPE START ===
[2026-04-20 01:45:02] Fetching https://waitz.io/live/ucsd-rec
[2026-04-20 01:45:04] Saved 4 rows to ucsd_occupancy_history.csv
[2026-04-20 01:45:04] Main Gym Fitness Gym: 1% (Closed) people=1 capacity=72 is_open=False hour_summary=Closed until 6:00am
[2026-04-20 01:45:04] Outback Climbing Center: 1% (Closed) people=0 capacity=30 is_open=False hour_summary=Closed until 10:00am
[2026-04-20 01:45:04] RIMAC Fitness Gym: 0% (Closed) people=1 capacity=150 is_open=False hour_summary=Closed until 6:00am
[2026-04-20 01:45:04] Triton Esports Center: 0% (Closed) people=0 capacity=35 is_open=False hour_summary=Closed until 7:30am
[2026-04-20 01:45:04] === SCRAPE END OK ===
[2026-04-20 02:00:02] === SCRAPE START ===
[2026-04-20 02:00:02] Fetching https://waitz.io/live/ucsd-rec
[2026-04-20 02:00:04] Saved 4 rows to ucsd_occupancy_history.csv
[2026-04-20 02:00:04] Main Gym Fitness Gym: 1% (Closed) people=1 capacity=72 is_open=False hour_summary=Closed until 6:00am
[2026-04-20 02:00:04] Outback Climbing Center: 4% (Closed) people=1 capacity=30 is_open=False hour_summary=Closed until 10:00am
[2026-04-20 02:00:04] RIMAC Fitness Gym: 1% (Closed) people=1 capacity=150 is_open=False hour_summary=Closed until 6:00am
[2026-04-20 02:00:04] Triton Esports Center: 0% (Closed) people=0 capacity=35 is_open=False hour_summary=Closed until 7:30am
[2026-04-20 02:00:04] === SCRAPE END OK ===
[2026-04-20 02:15:02] === SCRAPE START ===
[2026-04-20 02:15:02] Fetching https://waitz.io/live/ucsd-rec
[2026-04-20 02:15:03] Saved 4 rows to ucsd_occupancy_history.csv
[2026-04-20 02:15:03] Main Gym Fitness Gym: 1% (Closed) people=1 capacity=72 is_open=False hour_summary=Closed until 6:00am
[2026-04-20 02:15:03] Outback Climbing Center: 1% (Closed) people=0 capacity=30 is_open=False hour_summary=Closed until 10:00am
[2026-04-20 02:15:03] RIMAC Fitness Gym: 1% (Closed) people=1 capacity=150 is_open=False hour_summary=Closed until 6:00am
[2026-04-20 02:15:03] Triton Esports Center: 0% (Closed) people=0 capacity=35 is_open=False hour_summary=Closed until 7:30am
[2026-04-20 02:15:03] === SCRAPE END OK ===
[2026-04-20 02:30:02] === SCRAPE START ===
[2026-04-20 02:30:02] Fetching https://waitz.io/live/ucsd-rec
[2026-04-20 02:30:03] Saved 4 rows to ucsd_occupancy_history.csv
[2026-04-20 02:30:03] Main Gym Fitness Gym: 1% (Closed) people=1 capacity=72 is_open=False hour_summary=Closed until 6:00am
[2026-04-20 02:30:03] Outback Climbing Center: 1% (Closed) people=0 capacity=30 is_open=False hour_summary=Closed until 10:00am
[2026-04-20 02:30:03] RIMAC Fitness Gym: 1% (Closed) people=1 capacity=150 is_open=False hour_summary=Closed until 6:00am
[2026-04-20 02:30:03] Triton Esports Center: 0% (Closed) people=0 capacity=35 is_open=False hour_summary=Closed until 7:30am
[2026-04-20 02:30:03] === SCRAPE END OK ===
[2026-04-20 02:45:02] === SCRAPE START ===
[2026-04-20 02:45:02] Fetching https://waitz.io/live/ucsd-rec
[2026-04-20 02:45:03] Saved 4 rows to ucsd_occupancy_history.csv
[2026-04-20 02:45:03] Main Gym Fitness Gym: 2% (Closed) people=1 capacity=72 is_open=False hour_summary=Closed until 6:00am
[2026-04-20 02:45:03] Outback Climbing Center: 1% (Closed) people=0 capacity=30 is_open=False hour_summary=Closed until 10:00am
[2026-04-20 02:45:03] RIMAC Fitness Gym: 0% (Closed) people=0 capacity=150 is_open=False hour_summary=Closed until 6:00am
[2026-04-20 02:45:03] Triton Esports Center: 0% (Closed) people=0 capacity=35 is_open=False hour_summary=Closed until 7:30am
[2026-04-20 02:45:03] === SCRAPE END OK ===
[2026-04-20 03:00:02] === SCRAPE START ===
[2026-04-20 03:00:02] Fetching https://waitz.io/live/ucsd-rec
[2026-04-20 03:00:04] Saved 4 rows to ucsd_occupancy_history.csv
[2026-04-20 03:00:04] Main Gym Fitness Gym: 1% (Closed) people=1 capacity=72 is_open=False hour_summary=Closed until 6:00am
[2026-04-20 03:00:04] Outback Climbing Center: 3% (Closed) people=1 capacity=30 is_open=False hour_summary=Closed until 10:00am
[2026-04-20 03:00:04] RIMAC Fitness Gym: 1% (Closed) people=1 capacity=150 is_open=False hour_summary=Closed until 6:00am
[2026-04-20 03:00:04] Triton Esports Center: 0% (Closed) people=0 capacity=35 is_open=False hour_summary=Closed until 7:30am
[2026-04-20 03:00:04] === SCRAPE END OK ===
[2026-04-20 03:15:02] === SCRAPE START ===
[2026-04-20 03:15:02] Fetching https://waitz.io/live/ucsd-rec
[2026-04-20 03:15:03] Saved 4 rows to ucsd_occupancy_history.csv
[2026-04-20 03:15:03] Main Gym Fitness Gym: 1% (Closed) people=1 capacity=72 is_open=False hour_summary=Closed until 6:00am
[2026-04-20 03:15:03] Outback Climbing Center: 1% (Closed) people=0 capacity=30 is_open=False hour_summary=Closed until 10:00am
[2026-04-20 03:15:03] RIMAC Fitness Gym: 1% (Closed) people=1 capacity=150 is_open=False hour_summary=Closed until 6:00am
[2026-04-20 03:15:03] Triton Esports Center: 0% (Closed) people=0 capacity=35 is_open=False hour_summary=Closed until 7:30am
[2026-04-20 03:15:03] === SCRAPE END OK ===
[2026-04-20 03:30:02] === SCRAPE START ===
[2026-04-20 03:30:02] Fetching https://waitz.io/live/ucsd-rec
[2026-04-20 03:30:03] Saved 4 rows to ucsd_occupancy_history.csv
[2026-04-20 03:30:03] Main Gym Fitness Gym: 1% (Closed) people=1 capacity=72 is_open=False hour_summary=Closed until 6:00am
[2026-04-20 03:30:03] Outback Climbing Center: 1% (Closed) people=0 capacity=30 is_open=False hour_summary=Closed until 10:00am
[2026-04-20 03:30:03] RIMAC Fitness Gym: 1% (Closed) people=1 capacity=150 is_open=False hour_summary=Closed until 6:00am
[2026-04-20 03:30:03] Triton Esports Center: 0% (Closed) people=0 capacity=35 is_open=False hour_summary=Closed until 7:30am
[2026-04-20 03:30:03] === SCRAPE END OK ===
[2026-04-20 03:45:02] === SCRAPE START ===
[2026-04-20 03:45:02] Fetching https://waitz.io/live/ucsd-rec
[2026-04-20 03:45:03] Saved 4 rows to ucsd_occupancy_history.csv
[2026-04-20 03:45:03] Main Gym Fitness Gym: 1% (Closed) people=1 capacity=72 is_open=False hour_summary=Closed until 6:00am
[2026-04-20 03:45:03] Outback Climbing Center: 1% (Closed) people=0 capacity=30 is_open=False hour_summary=Closed until 10:00am
[2026-04-20 03:45:03] RIMAC Fitness Gym: 1% (Closed) people=1 capacity=150 is_open=False hour_summary=Closed until 6:00am
[2026-04-20 03:45:03] Triton Esports Center: 0% (Closed) people=0 capacity=35 is_open=False hour_summary=Closed until 7:30am
[2026-04-20 03:45:03] === SCRAPE END OK ===
[2026-04-20 04:00:02] === SCRAPE START ===
[2026-04-20 04:00:02] Fetching https://waitz.io/live/ucsd-rec
[2026-04-20 04:00:03] Saved 4 rows to ucsd_occupancy_history.csv
[2026-04-20 04:00:03] Main Gym Fitness Gym: 1% (Closed) people=1 capacity=72 is_open=False hour_summary=Closed until 6:00am
[2026-04-20 04:00:03] Outback Climbing Center: 3% (Closed) people=1 capacity=30 is_open=False hour_summary=Closed until 10:00am
[2026-04-20 04:00:03] RIMAC Fitness Gym: 0% (Closed) people=1 capacity=150 is_open=False hour_summary=Closed until 6:00am
[2026-04-20 04:00:03] Triton Esports Center: 0% (Closed) people=0 capacity=35 is_open=False hour_summary=Closed until 7:30am
[2026-04-20 04:00:03] === SCRAPE END OK ===
[2026-04-20 04:15:02] === SCRAPE START ===
[2026-04-20 04:15:02] Fetching https://waitz.io/live/ucsd-rec
[2026-04-20 04:15:03] Saved 4 rows to ucsd_occupancy_history.csv
[2026-04-20 04:15:03] Main Gym Fitness Gym: 1% (Closed) people=1 capacity=72 is_open=False hour_summary=Closed until 6:00am
[2026-04-20 04:15:03] Outback Climbing Center: 5% (Closed) people=1 capacity=30 is_open=False hour_summary=Closed until 10:00am
[2026-04-20 04:15:03] RIMAC Fitness Gym: 1% (Closed) people=1 capacity=150 is_open=False hour_summary=Closed until 6:00am
[2026-04-20 04:15:03] Triton Esports Center: 0% (Closed) people=0 capacity=35 is_open=False hour_summary=Closed until 7:30am
[2026-04-20 04:15:03] === SCRAPE END OK ===
[2026-04-20 04:30:02] === SCRAPE START ===
[2026-04-20 04:30:02] Fetching https://waitz.io/live/ucsd-rec
[2026-04-20 04:30:03] Saved 4 rows to ucsd_occupancy_history.csv
[2026-04-20 04:30:03] Main Gym Fitness Gym: 1% (Closed) people=1 capacity=72 is_open=False hour_summary=Closed until 6:00am
[2026-04-20 04:30:03] Outback Climbing Center: 1% (Closed) people=0 capacity=30 is_open=False hour_summary=Closed until 10:00am
[2026-04-20 04:30:03] RIMAC Fitness Gym: 0% (Closed) people=1 capacity=150 is_open=False hour_summary=Closed until 6:00am
[2026-04-20 04:30:03] Triton Esports Center: 0% (Closed) people=0 capacity=35 is_open=False hour_summary=Closed until 7:30am
[2026-04-20 04:30:03] === SCRAPE END OK ===
[2026-04-20 04:45:02] === SCRAPE START ===
[2026-04-20 04:45:02] Fetching https://waitz.io/live/ucsd-rec
[2026-04-20 04:45:03] Saved 4 rows to ucsd_occupancy_history.csv
[2026-04-20 04:45:03] Main Gym Fitness Gym: 1% (Closed) people=1 capacity=72 is_open=False hour_summary=Closed until 6:00am
[2026-04-20 04:45:03] Outback Climbing Center: 2% (Closed) people=1 capacity=30 is_open=False hour_summary=Closed until 10:00am
[2026-04-20 04:45:03] RIMAC Fitness Gym: 1% (Closed) people=1 capacity=150 is_open=False hour_summary=Closed until 6:00am
[2026-04-20 04:45:03] Triton Esports Center: 0% (Closed) people=0 capacity=35 is_open=False hour_summary=Closed until 7:30am
[2026-04-20 04:45:03] === SCRAPE END OK ===
[2026-04-20 05:00:02] === SCRAPE START ===
[2026-04-20 05:00:02] Fetching https://waitz.io/live/ucsd-rec
[2026-04-20 05:00:04] Saved 4 rows to ucsd_occupancy_history.csv
[2026-04-20 05:00:04] Main Gym Fitness Gym: 1% (Closed) people=1 capacity=72 is_open=False hour_summary=Closed until 6:00am
[2026-04-20 05:00:04] Outback Climbing Center: 3% (Closed) people=1 capacity=30 is_open=False hour_summary=Closed until 10:00am
[2026-04-20 05:00:04] RIMAC Fitness Gym: 1% (Closed) people=1 capacity=150 is_open=False hour_summary=Closed until 6:00am
[2026-04-20 05:00:04] Triton Esports Center: 0% (Closed) people=0 capacity=35 is_open=False hour_summary=Closed until 7:30am
[2026-04-20 05:00:04] === SCRAPE END OK ===
[2026-04-20 05:15:02] === SCRAPE START ===
[2026-04-20 05:15:02] Fetching https://waitz.io/live/ucsd-rec
[2026-04-20 05:15:03] Saved 4 rows to ucsd_occupancy_history.csv
[2026-04-20 05:15:03] Main Gym Fitness Gym: 2% (Closed) people=1 capacity=72 is_open=False hour_summary=Closed until 6:00am
[2026-04-20 05:15:03] Outback Climbing Center: 7% (Closed) people=2 capacity=30 is_open=False hour_summary=Closed until 10:00am
[2026-04-20 05:15:03] RIMAC Fitness Gym: 1% (Closed) people=1 capacity=150 is_open=False hour_summary=Closed until 6:00am
[2026-04-20 05:15:03] Triton Esports Center: 0% (Closed) people=0 capacity=35 is_open=False hour_summary=Closed until 7:30am
[2026-04-20 05:15:03] === SCRAPE END OK ===
[2026-04-20 05:30:02] === SCRAPE START ===
[2026-04-20 05:30:02] Fetching https://waitz.io/live/ucsd-rec
[2026-04-20 05:30:03] Saved 4 rows to ucsd_occupancy_history.csv
[2026-04-20 05:30:03] Main Gym Fitness Gym: 2% (Closed) people=1 capacity=72 is_open=False hour_summary=Closed until 6:00am
[2026-04-20 05:30:03] Outback Climbing Center: 2% (Closed) people=1 capacity=30 is_open=False hour_summary=Closed until 10:00am
[2026-04-20 05:30:03] RIMAC Fitness Gym: 2% (Closed) people=3 capacity=150 is_open=False hour_summary=Closed until 6:00am
[2026-04-20 05:30:03] Triton Esports Center: 0% (Closed) people=0 capacity=35 is_open=False hour_summary=Closed until 7:30am
[2026-04-20 05:30:03] === SCRAPE END OK ===
[2026-04-20 05:45:02] === SCRAPE START ===
[2026-04-20 05:45:02] Fetching https://waitz.io/live/ucsd-rec
[2026-04-20 05:45:03] Saved 4 rows to ucsd_occupancy_history.csv
[2026-04-20 05:45:03] Main Gym Fitness Gym: 1% (Closed) people=1 capacity=72 is_open=False hour_summary=Closed until 6:00am
[2026-04-20 05:45:03] Outback Climbing Center: 2% (Closed) people=1 capacity=30 is_open=False hour_summary=Closed until 10:00am
[2026-04-20 05:45:03] RIMAC Fitness Gym: 1% (Closed) people=2 capacity=150 is_open=False hour_summary=Closed until 6:00am
[2026-04-20 05:45:03] Triton Esports Center: 0% (Closed) people=0 capacity=35 is_open=False hour_summary=Closed until 7:30am
[2026-04-20 05:45:03] === SCRAPE END OK ===
[2026-04-20 06:00:02] === SCRAPE START ===
[2026-04-20 06:00:02] Fetching https://waitz.io/live/ucsd-rec
[2026-04-20 06:00:04] Saved 4 rows to ucsd_occupancy_history.csv
[2026-04-20 06:00:04] Main Gym Fitness Gym: 1% (Not Busy) people=1 capacity=72 is_open=True hour_summary=open
[2026-04-20 06:00:04] Outback Climbing Center: 5% (Closed) people=1 capacity=30 is_open=False hour_summary=Closed until 10:00am
[2026-04-20 06:00:04] RIMAC Fitness Gym: 5% (Not Busy) people=7 capacity=150 is_open=True hour_summary=open
[2026-04-20 06:00:04] Triton Esports Center: 0% (Closed) people=0 capacity=35 is_open=False hour_summary=Closed until 7:30am
[2026-04-20 06:00:04] === SCRAPE END OK ===
[2026-04-20 06:15:02] === SCRAPE START ===
[2026-04-20 06:15:02] Fetching https://waitz.io/live/ucsd-rec
[2026-04-20 06:15:03] Saved 4 rows to ucsd_occupancy_history.csv
[2026-04-20 06:15:03] Main Gym Fitness Gym: 1% (Not Busy) people=1 capacity=72 is_open=True hour_summary=open
[2026-04-20 06:15:03] Outback Climbing Center: 1% (Closed) people=0 capacity=30 is_open=False hour_summary=Closed until 10:00am
[2026-04-20 06:15:03] RIMAC Fitness Gym: 22% (Not Busy) people=33 capacity=150 is_open=True hour_summary=open
[2026-04-20 06:15:03] Triton Esports Center: 1% (Closed) people=0 capacity=35 is_open=False hour_summary=Closed until 7:30am
[2026-04-20 06:15:03] === SCRAPE END OK ===
[2026-04-20 06:30:02] === SCRAPE START ===
[2026-04-20 06:30:02] Fetching https://waitz.io/live/ucsd-rec
[2026-04-20 06:30:03] Saved 4 rows to ucsd_occupancy_history.csv
[2026-04-20 06:30:03] Main Gym Fitness Gym: 24% (Not Busy) people=17 capacity=72 is_open=True hour_summary=open
[2026-04-20 06:30:03] Outback Climbing Center: 6% (Closed) people=2 capacity=30 is_open=False hour_summary=Closed until 10:00am
[2026-04-20 06:30:03] RIMAC Fitness Gym: 37% (Not Busy) people=56 capacity=150 is_open=True hour_summary=open
[2026-04-20 06:30:03] Triton Esports Center: 0% (Closed) people=0 capacity=35 is_open=False hour_summary=Closed until 7:30am
[2026-04-20 06:30:03] === SCRAPE END OK ===
[2026-04-20 06:45:02] === SCRAPE START ===
[2026-04-20 06:45:02] Fetching https://waitz.io/live/ucsd-rec
[2026-04-20 06:45:03] Saved 4 rows to ucsd_occupancy_history.csv
[2026-04-20 06:45:03] Main Gym Fitness Gym: 10% (Not Busy) people=7 capacity=72 is_open=True hour_summary=open
[2026-04-20 06:45:03] Outback Climbing Center: 2% (Closed) people=1 capacity=30 is_open=False hour_summary=Closed until 10:00am
[2026-04-20 06:45:03] RIMAC Fitness Gym: 45% (Not Busy) people=68 capacity=150 is_open=True hour_summary=open
[2026-04-20 06:45:03] Triton Esports Center: 0% (Closed) people=0 capacity=35 is_open=False hour_summary=Closed until 7:30am
[2026-04-20 06:45:03] === SCRAPE END OK ===
[2026-04-20 07:00:02] === SCRAPE START ===
[2026-04-20 07:00:02] Fetching https://waitz.io/live/ucsd-rec
[2026-04-20 07:00:03] Saved 4 rows to ucsd_occupancy_history.csv
[2026-04-20 07:00:03] Main Gym Fitness Gym: 20% (Not Busy) people=14 capacity=72 is_open=True hour_summary=open
[2026-04-20 07:00:03] Outback Climbing Center: 4% (Closed) people=1 capacity=30 is_open=False hour_summary=Closed until 10:00am
[2026-04-20 07:00:03] RIMAC Fitness Gym: 45% (Not Busy) people=68 capacity=150 is_open=True hour_summary=open
[2026-04-20 07:00:03] Triton Esports Center: 0% (Closed) people=0 capacity=35 is_open=False hour_summary=Closed until 7:30am
[2026-04-20 07:00:03] === SCRAPE END OK ===
[2026-04-20 07:15:02] === SCRAPE START ===
[2026-04-20 07:15:02] Fetching https://waitz.io/live/ucsd-rec
[2026-04-20 07:15:03] Saved 4 rows to ucsd_occupancy_history.csv
[2026-04-20 07:15:03] Main Gym Fitness Gym: 10% (Not Busy) people=7 capacity=72 is_open=True hour_summary=open
[2026-04-20 07:15:03] Outback Climbing Center: 2% (Closed) people=1 capacity=30 is_open=False hour_summary=Closed until 10:00am
[2026-04-20 07:15:03] RIMAC Fitness Gym: 39% (Not Busy) people=58 capacity=150 is_open=True hour_summary=open
[2026-04-20 07:15:03] Triton Esports Center: 0% (Closed) people=0 capacity=35 is_open=False hour_summary=Closed until 7:30am
[2026-04-20 07:15:03] === SCRAPE END OK ===
[2026-04-20 07:30:02] === SCRAPE START ===
[2026-04-20 07:30:02] Fetching https://waitz.io/live/ucsd-rec
[2026-04-20 07:30:03] Saved 4 rows to ucsd_occupancy_history.csv
[2026-04-20 07:30:03] Main Gym Fitness Gym: 8% (Not Busy) people=6 capacity=72 is_open=True hour_summary=open
[2026-04-20 07:30:03] Outback Climbing Center: 3% (Closed) people=1 capacity=30 is_open=False hour_summary=Closed until 10:00am
[2026-04-20 07:30:03] RIMAC Fitness Gym: 42% (Not Busy) people=63 capacity=150 is_open=True hour_summary=open
[2026-04-20 07:30:03] Triton Esports Center: 0% (Not Busy) people=0 capacity=35 is_open=True hour_summary=open
[2026-04-20 07:30:03] === SCRAPE END OK ===
[2026-04-20 07:45:02] === SCRAPE START ===
[2026-04-20 07:45:02] Fetching https://waitz.io/live/ucsd-rec
[2026-04-20 07:45:03] Saved 4 rows to ucsd_occupancy_history.csv
[2026-04-20 07:45:03] Main Gym Fitness Gym: 11% (Not Busy) people=8 capacity=72 is_open=True hour_summary=open
[2026-04-20 07:45:03] Outback Climbing Center: 2% (Closed) people=0 capacity=30 is_open=False hour_summary=Closed until 10:00am
[2026-04-20 07:45:03] RIMAC Fitness Gym: 42% (Not Busy) people=63 capacity=150 is_open=True hour_summary=open
[2026-04-20 07:45:03] Triton Esports Center: 1% (Not Busy) people=0 capacity=35 is_open=True hour_summary=open
[2026-04-20 07:45:03] === SCRAPE END OK ===
[2026-04-20 08:00:02] === SCRAPE START ===
[2026-04-20 08:00:02] Fetching https://waitz.io/live/ucsd-rec
[2026-04-20 08:00:03] Saved 4 rows to ucsd_occupancy_history.csv
[2026-04-20 08:00:03] Main Gym Fitness Gym: 29% (Not Busy) people=21 capacity=72 is_open=True hour_summary=open
[2026-04-20 08:00:03] Outback Climbing Center: 7% (Closed) people=2 capacity=30 is_open=False hour_summary=Closed until 10:00am
[2026-04-20 08:00:03] RIMAC Fitness Gym: 44% (Not Busy) people=67 capacity=150 is_open=True hour_summary=open
[2026-04-20 08:00:03] Triton Esports Center: 0% (Not Busy) people=0 capacity=35 is_open=True hour_summary=open
[2026-04-20 08:00:03] === SCRAPE END OK ===
[2026-04-20 08:15:02] === SCRAPE START ===
[2026-04-20 08:15:02] Fetching https://waitz.io/live/ucsd-rec
[2026-04-20 08:15:03] Saved 4 rows to ucsd_occupancy_history.csv
[2026-04-20 08:15:03] Main Gym Fitness Gym: 32% (Not Busy) people=23 capacity=72 is_open=True hour_summary=open
[2026-04-20 08:15:03] Outback Climbing Center: 3% (Closed) people=1 capacity=30 is_open=False hour_summary=Closed until 10:00am
[2026-04-20 08:15:03] RIMAC Fitness Gym: 42% (Not Busy) people=63 capacity=150 is_open=True hour_summary=open
[2026-04-20 08:15:03] Triton Esports Center: 0% (Not Busy) people=0 capacity=35 is_open=True hour_summary=open
[2026-04-20 08:15:03] === SCRAPE END OK ===
[2026-04-20 08:30:02] === SCRAPE START ===
[2026-04-20 08:30:02] Fetching https://waitz.io/live/ucsd-rec
[2026-04-20 08:30:03] Saved 4 rows to ucsd_occupancy_history.csv
[2026-04-20 08:30:03] Main Gym Fitness Gym: 22% (Not Busy) people=16 capacity=72 is_open=True hour_summary=open
[2026-04-20 08:30:03] Outback Climbing Center: 2% (Closed) people=0 capacity=30 is_open=False hour_summary=Closed until 10:00am
[2026-04-20 08:30:03] RIMAC Fitness Gym: 46% (Busy) people=69 capacity=150 is_open=True hour_summary=open
[2026-04-20 08:30:03] Triton Esports Center: 0% (Not Busy) people=0 capacity=35 is_open=True hour_summary=open
[2026-04-20 08:30:03] === SCRAPE END OK ===
[2026-04-20 08:45:02] === SCRAPE START ===
[2026-04-20 08:45:02] Fetching https://waitz.io/live/ucsd-rec
[2026-04-20 08:45:03] Saved 4 rows to ucsd_occupancy_history.csv
[2026-04-20 08:45:03] Main Gym Fitness Gym: 24% (Not Busy) people=17 capacity=72 is_open=True hour_summary=open
[2026-04-20 08:45:03] Outback Climbing Center: 7% (Closed) people=2 capacity=30 is_open=False hour_summary=Closed until 10:00am
[2026-04-20 08:45:03] RIMAC Fitness Gym: 48% (Busy) people=72 capacity=150 is_open=True hour_summary=open
[2026-04-20 08:45:03] Triton Esports Center: 11% (Not Busy) people=4 capacity=35 is_open=True hour_summary=open
[2026-04-20 08:45:03] === SCRAPE END OK ===
[2026-04-20 09:00:02] === SCRAPE START ===
[2026-04-20 09:00:02] Fetching https://waitz.io/live/ucsd-rec
[2026-04-20 09:00:04] Saved 4 rows to ucsd_occupancy_history.csv
[2026-04-20 09:00:04] Main Gym Fitness Gym: 30% (Not Busy) people=22 capacity=72 is_open=True hour_summary=open
[2026-04-20 09:00:04] Outback Climbing Center: 8% (Closed) people=2 capacity=30 is_open=False hour_summary=Closed until 10:00am
[2026-04-20 09:00:04] RIMAC Fitness Gym: 57% (Busy) people=85 capacity=150 is_open=True hour_summary=open
[2026-04-20 09:00:04] Triton Esports Center: 16% (Not Busy) people=6 capacity=35 is_open=True hour_summary=open
[2026-04-20 09:00:04] === SCRAPE END OK ===
[2026-04-20 09:15:02] === SCRAPE START ===
[2026-04-20 09:15:02] Fetching https://waitz.io/live/ucsd-rec
[2026-04-20 09:15:04] Saved 4 rows to ucsd_occupancy_history.csv
[2026-04-20 09:15:04] Main Gym Fitness Gym: 20% (Not Busy) people=15 capacity=72 is_open=True hour_summary=open
[2026-04-20 09:15:04] Outback Climbing Center: 2% (Closed) people=1 capacity=30 is_open=False hour_summary=Closed until 10:00am
[2026-04-20 09:15:04] RIMAC Fitness Gym: 54% (Busy) people=80 capacity=150 is_open=True hour_summary=open
[2026-04-20 09:15:04] Triton Esports Center: 3% (Not Busy) people=1 capacity=35 is_open=True hour_summary=open
[2026-04-20 09:15:04] === SCRAPE END OK ===
[2026-04-20 09:30:02] === SCRAPE START ===
[2026-04-20 09:30:02] Fetching https://waitz.io/live/ucsd-rec
[2026-04-20 09:30:03] Saved 4 rows to ucsd_occupancy_history.csv
[2026-04-20 09:30:03] Main Gym Fitness Gym: 39% (Not Busy) people=28 capacity=72 is_open=True hour_summary=open
[2026-04-20 09:30:03] Outback Climbing Center: 1% (Closed) people=0 capacity=30 is_open=False hour_summary=Closed until 10:00am
[2026-04-20 09:30:03] RIMAC Fitness Gym: 52% (Busy) people=78 capacity=150 is_open=True hour_summary=open
[2026-04-20 09:30:03] Triton Esports Center: 7% (Not Busy) people=3 capacity=35 is_open=True hour_summary=open
[2026-04-20 09:30:03] === SCRAPE END OK ===
[2026-04-20 09:45:02] === SCRAPE START ===
[2026-04-20 09:45:02] Fetching https://waitz.io/live/ucsd-rec
[2026-04-20 09:45:03] Saved 4 rows to ucsd_occupancy_history.csv
[2026-04-20 09:45:03] Main Gym Fitness Gym: 24% (Not Busy) people=17 capacity=72 is_open=True hour_summary=open
[2026-04-20 09:45:03] Outback Climbing Center: 2% (Closed) people=0 capacity=30 is_open=False hour_summary=Closed until 10:00am
[2026-04-20 09:45:03] RIMAC Fitness Gym: 59% (Busy) people=88 capacity=150 is_open=True hour_summary=open
[2026-04-20 09:45:03] Triton Esports Center: 3% (Not Busy) people=1 capacity=35 is_open=True hour_summary=open
[2026-04-20 09:45:03] === SCRAPE END OK ===
[2026-04-20 10:00:02] === SCRAPE START ===
[2026-04-20 10:00:02] Fetching https://waitz.io/live/ucsd-rec
[2026-04-20 10:00:03] Saved 4 rows to ucsd_occupancy_history.csv
[2026-04-20 10:00:03] Main Gym Fitness Gym: 24% (Not Busy) people=17 capacity=72 is_open=True hour_summary=open
[2026-04-20 10:00:03] Outback Climbing Center: 1% (Not Busy) people=0 capacity=30 is_open=True hour_summary=open
[2026-04-20 10:00:03] RIMAC Fitness Gym: 57% (Busy) people=86 capacity=150 is_open=True hour_summary=open
[2026-04-20 10:00:03] Triton Esports Center: 17% (Not Busy) people=6 capacity=35 is_open=True hour_summary=open
[2026-04-20 10:00:03] === SCRAPE END OK ===
[2026-04-20 10:15:02] === SCRAPE START ===
[2026-04-20 10:15:02] Fetching https://waitz.io/live/ucsd-rec
[2026-04-20 10:15:03] Saved 4 rows to ucsd_occupancy_history.csv
[2026-04-20 10:15:03] Main Gym Fitness Gym: 24% (Not Busy) people=17 capacity=72 is_open=True hour_summary=open
[2026-04-20 10:15:03] Outback Climbing Center: 29% (Not Busy) people=9 capacity=30 is_open=True hour_summary=open
[2026-04-20 10:15:03] RIMAC Fitness Gym: 58% (Busy) people=87 capacity=150 is_open=True hour_summary=open
[2026-04-20 10:15:03] Triton Esports Center: 16% (Not Busy) people=6 capacity=35 is_open=True hour_summary=open
[2026-04-20 10:15:03] === SCRAPE END OK ===
[2026-04-20 10:30:02] === SCRAPE START ===
[2026-04-20 10:30:02] Fetching https://waitz.io/live/ucsd-rec
[2026-04-20 10:30:03] Saved 4 rows to ucsd_occupancy_history.csv
[2026-04-20 10:30:03] Main Gym Fitness Gym: 24% (Not Busy) people=17 capacity=72 is_open=True hour_summary=open
[2026-04-20 10:30:03] Outback Climbing Center: 54% (Busy) people=16 capacity=30 is_open=True hour_summary=open
[2026-04-20 10:30:03] RIMAC Fitness Gym: 69% (Busy) people=104 capacity=150 is_open=True hour_summary=open
[2026-04-20 10:30:03] Triton Esports Center: 21% (Not Busy) people=8 capacity=35 is_open=True hour_summary=open
[2026-04-20 10:30:03] === SCRAPE END OK ===
[2026-04-20 10:45:02] === SCRAPE START ===
[2026-04-20 10:45:02] Fetching https://waitz.io/live/ucsd-rec
[2026-04-20 10:45:03] Saved 4 rows to ucsd_occupancy_history.csv
[2026-04-20 10:45:03] Main Gym Fitness Gym: 31% (Not Busy) people=23 capacity=72 is_open=True hour_summary=open
[2026-04-20 10:45:03] Outback Climbing Center: 66% (Busy) people=20 capacity=30 is_open=True hour_summary=open
[2026-04-20 10:45:03] RIMAC Fitness Gym: 75% (Busy) people=113 capacity=150 is_open=True hour_summary=open
[2026-04-20 10:45:03] Triton Esports Center: 22% (Not Busy) people=8 capacity=35 is_open=True hour_summary=open
[2026-04-20 10:45:03] === SCRAPE END OK ===
[2026-04-20 11:00:02] === SCRAPE START ===
[2026-04-20 11:00:02] Fetching https://waitz.io/live/ucsd-rec
[2026-04-20 11:00:03] Saved 4 rows to ucsd_occupancy_history.csv
[2026-04-20 11:00:03] Main Gym Fitness Gym: 24% (Not Busy) people=17 capacity=72 is_open=True hour_summary=open
[2026-04-20 11:00:03] Outback Climbing Center: 84% (Very Active) people=25 capacity=30 is_open=True hour_summary=open
[2026-04-20 11:00:03] RIMAC Fitness Gym: 81% (Very Active) people=121 capacity=150 is_open=True hour_summary=open
[2026-04-20 11:00:03] Triton Esports Center: 52% (Busy) people=18 capacity=35 is_open=True hour_summary=open
[2026-04-20 11:00:03] === SCRAPE END OK ===
[2026-04-20 11:15:02] === SCRAPE START ===
[2026-04-20 11:15:02] Fetching https://waitz.io/live/ucsd-rec
[2026-04-20 11:15:04] Saved 4 rows to ucsd_occupancy_history.csv
[2026-04-20 11:15:04] Main Gym Fitness Gym: 38% (Not Busy) people=27 capacity=72 is_open=True hour_summary=open
[2026-04-20 11:15:04] Outback Climbing Center: 99% (Very Active) people=37 capacity=30 is_open=True hour_summary=open
[2026-04-20 11:15:04] RIMAC Fitness Gym: 79% (Busy) people=119 capacity=150 is_open=True hour_summary=open
[2026-04-20 11:15:04] Triton Esports Center: 62% (Busy) people=22 capacity=35 is_open=True hour_summary=open
[2026-04-20 11:15:04] === SCRAPE END OK ===
[2026-04-20 11:30:02] === SCRAPE START ===
[2026-04-20 11:30:02] Fetching https://waitz.io/live/ucsd-rec
[2026-04-20 11:30:03] Saved 4 rows to ucsd_occupancy_history.csv
[2026-04-20 11:30:03] Main Gym Fitness Gym: 31% (Not Busy) people=22 capacity=72 is_open=True hour_summary=open
[2026-04-20 11:30:03] Outback Climbing Center: 99% (Very Active) people=39 capacity=30 is_open=True hour_summary=open
[2026-04-20 11:30:03] RIMAC Fitness Gym: 87% (Very Active) people=131 capacity=150 is_open=True hour_summary=open
[2026-04-20 11:30:03] Triton Esports Center: 56% (Busy) people=20 capacity=35 is_open=True hour_summary=open
[2026-04-20 11:30:03] === SCRAPE END OK ===
[2026-04-20 11:45:02] === SCRAPE START ===
[2026-04-20 11:45:02] Fetching https://waitz.io/live/ucsd-rec
[2026-04-20 11:45:03] Saved 4 rows to ucsd_occupancy_history.csv
[2026-04-20 11:45:03] Main Gym Fitness Gym: 31% (Not Busy) people=22 capacity=72 is_open=True hour_summary=open
[2026-04-20 11:45:03] Outback Climbing Center: 99% (Very Active) people=30 capacity=30 is_open=True hour_summary=open
[2026-04-20 11:45:03] RIMAC Fitness Gym: 85% (Very Active) people=128 capacity=150 is_open=True hour_summary=open
[2026-04-20 11:45:03] Triton Esports Center: 49% (Busy) people=17 capacity=35 is_open=True hour_summary=open
[2026-04-20 11:45:03] === SCRAPE END OK ===
[2026-04-20 12:00:02] === SCRAPE START ===
[2026-04-20 12:00:02] Fetching https://waitz.io/live/ucsd-rec
[2026-04-20 12:00:04] Saved 4 rows to ucsd_occupancy_history.csv
[2026-04-20 12:00:04] Main Gym Fitness Gym: 37% (Not Busy) people=27 capacity=72 is_open=True hour_summary=open
[2026-04-20 12:00:04] Outback Climbing Center: 99% (Very Active) people=30 capacity=30 is_open=True hour_summary=open
[2026-04-20 12:00:04] RIMAC Fitness Gym: 89% (Very Active) people=133 capacity=150 is_open=True hour_summary=open
[2026-04-20 12:00:04] Triton Esports Center: 44% (Not Busy) people=15 capacity=35 is_open=True hour_summary=open
[2026-04-20 12:00:04] === SCRAPE END OK ===
[2026-04-20 12:15:02] === SCRAPE START ===
[2026-04-20 12:15:02] Fetching https://waitz.io/live/ucsd-rec
[2026-04-20 12:15:03] Saved 4 rows to ucsd_occupancy_history.csv
[2026-04-20 12:15:03] Main Gym Fitness Gym: 39% (Not Busy) people=28 capacity=72 is_open=True hour_summary=open
[2026-04-20 12:15:03] Outback Climbing Center: 99% (Very Active) people=35 capacity=30 is_open=True hour_summary=open
[2026-04-20 12:15:03] RIMAC Fitness Gym: 88% (Very Active) people=132 capacity=150 is_open=True hour_summary=open
[2026-04-20 12:15:03] Triton Esports Center: 57% (Busy) people=20 capacity=35 is_open=True hour_summary=open
[2026-04-20 12:15:03] === SCRAPE END OK ===
[2026-04-20 12:30:02] === SCRAPE START ===
[2026-04-20 12:30:02] Fetching https://waitz.io/live/ucsd-rec
[2026-04-20 12:30:05] Saved 4 rows to ucsd_occupancy_history.csv
[2026-04-20 12:30:05] Main Gym Fitness Gym: 29% (Not Busy) people=21 capacity=72 is_open=True hour_summary=open
[2026-04-20 12:30:05] Outback Climbing Center: 99% (Very Active) people=38 capacity=30 is_open=True hour_summary=open
[2026-04-20 12:30:05] RIMAC Fitness Gym: 82% (Very Active) people=123 capacity=150 is_open=True hour_summary=open
[2026-04-20 12:30:05] Triton Esports Center: 76% (Busy) people=27 capacity=35 is_open=True hour_summary=open
[2026-04-20 12:30:05] === SCRAPE END OK ===
[2026-04-20 12:45:02] === SCRAPE START ===
[2026-04-20 12:45:02] Fetching https://waitz.io/live/ucsd-rec
[2026-04-20 12:45:03] Saved 4 rows to ucsd_occupancy_history.csv
[2026-04-20 12:45:03] Main Gym Fitness Gym: 19% (Not Busy) people=13 capacity=72 is_open=True hour_summary=open
[2026-04-20 12:45:03] Outback Climbing Center: 99% (Very Active) people=38 capacity=30 is_open=True hour_summary=open
[2026-04-20 12:45:03] RIMAC Fitness Gym: 85% (Very Active) people=127 capacity=150 is_open=True hour_summary=open
[2026-04-20 12:45:03] Triton Esports Center: 59% (Busy) people=21 capacity=35 is_open=True hour_summary=open
[2026-04-20 12:45:03] === SCRAPE END OK ===
[2026-04-20 13:00:02] === SCRAPE START ===
[2026-04-20 13:00:02] Fetching https://waitz.io/live/ucsd-rec
[2026-04-20 13:00:04] Saved 4 rows to ucsd_occupancy_history.csv
[2026-04-20 13:00:04] Main Gym Fitness Gym: 37% (Not Busy) people=26 capacity=72 is_open=True hour_summary=open
[2026-04-20 13:00:04] Outback Climbing Center: 99% (Very Active) people=41 capacity=30 is_open=True hour_summary=open
[2026-04-20 13:00:04] RIMAC Fitness Gym: 77% (Busy) people=116 capacity=150 is_open=True hour_summary=open
[2026-04-20 13:00:04] Triton Esports Center: 59% (Busy) people=21 capacity=35 is_open=True hour_summary=open
[2026-04-20 13:00:04] === SCRAPE END OK ===
[2026-04-20 13:15:02] === SCRAPE START ===
[2026-04-20 13:15:02] Fetching https://waitz.io/live/ucsd-rec
[2026-04-20 13:15:03] Saved 4 rows to ucsd_occupancy_history.csv
[2026-04-20 13:15:03] Main Gym Fitness Gym: 42% (Not Busy) people=30 capacity=72 is_open=True hour_summary=open
[2026-04-20 13:15:03] Outback Climbing Center: 99% (Very Active) people=34 capacity=30 is_open=True hour_summary=open
[2026-04-20 13:15:03] RIMAC Fitness Gym: 93% (Very Active) people=140 capacity=150 is_open=True hour_summary=open
[2026-04-20 13:15:03] Triton Esports Center: 63% (Busy) people=22 capacity=35 is_open=True hour_summary=open
[2026-04-20 13:15:03] === SCRAPE END OK ===
[2026-04-20 13:30:02] === SCRAPE START ===
[2026-04-20 13:30:02] Fetching https://waitz.io/live/ucsd-rec
[2026-04-20 13:30:04] Saved 4 rows to ucsd_occupancy_history.csv
[2026-04-20 13:30:04] Main Gym Fitness Gym: 45% (Not Busy) people=32 capacity=72 is_open=True hour_summary=open
[2026-04-20 13:30:04] Outback Climbing Center: 99% (Very Active) people=47 capacity=30 is_open=True hour_summary=open
[2026-04-20 13:30:04] RIMAC Fitness Gym: 93% (Very Active) people=140 capacity=150 is_open=True hour_summary=open
[2026-04-20 13:30:04] Triton Esports Center: 69% (Busy) people=24 capacity=35 is_open=True hour_summary=open
[2026-04-20 13:30:04] === SCRAPE END OK ===
[2026-04-20 13:45:02] === SCRAPE START ===
[2026-04-20 13:45:02] Fetching https://waitz.io/live/ucsd-rec
[2026-04-20 13:45:03] Saved 4 rows to ucsd_occupancy_history.csv
[2026-04-20 13:45:03] Main Gym Fitness Gym: 20% (Not Busy) people=15 capacity=72 is_open=True hour_summary=open
[2026-04-20 13:45:03] Outback Climbing Center: 99% (Very Active) people=56 capacity=30 is_open=True hour_summary=open
[2026-04-20 13:45:03] RIMAC Fitness Gym: 88% (Very Active) people=133 capacity=150 is_open=True hour_summary=open
[2026-04-20 13:45:03] Triton Esports Center: 53% (Busy) people=19 capacity=35 is_open=True hour_summary=open
[2026-04-20 13:45:03] === SCRAPE END OK ===
[2026-04-20 14:00:03] === SCRAPE START ===
[2026-04-20 14:00:03] Fetching https://waitz.io/live/ucsd-rec
[2026-04-20 14:00:06] Saved 4 rows to ucsd_occupancy_history.csv
[2026-04-20 14:00:06] Main Gym Fitness Gym: 61% (Busy) people=44 capacity=72 is_open=True hour_summary=open
[2026-04-20 14:00:06] Outback Climbing Center: 99% (Very Active) people=58 capacity=30 is_open=True hour_summary=open
[2026-04-20 14:00:06] RIMAC Fitness Gym: 85% (Very Active) people=128 capacity=150 is_open=True hour_summary=open
[2026-04-20 14:00:06] Triton Esports Center: 74% (Busy) people=26 capacity=35 is_open=True hour_summary=open
[2026-04-20 14:00:06] === SCRAPE END OK ===
[2026-04-20 14:15:02] === SCRAPE START ===
[2026-04-20 14:15:02] Fetching https://waitz.io/live/ucsd-rec
[2026-04-20 14:15:03] Saved 4 rows to ucsd_occupancy_history.csv
[2026-04-20 14:15:03] Main Gym Fitness Gym: 34% (Not Busy) people=24 capacity=72 is_open=True hour_summary=open
[2026-04-20 14:15:03] Outback Climbing Center: 99% (Very Active) people=59 capacity=30 is_open=True hour_summary=open
[2026-04-20 14:15:03] RIMAC Fitness Gym: 87% (Very Active) people=131 capacity=150 is_open=True hour_summary=open
[2026-04-20 14:15:03] Triton Esports Center: 89% (Very Active) people=31 capacity=35 is_open=True hour_summary=open
[2026-04-20 14:15:03] === SCRAPE END OK ===
[2026-04-20 14:30:02] === SCRAPE START ===
[2026-04-20 14:30:02] Fetching https://waitz.io/live/ucsd-rec
[2026-04-20 14:30:03] Saved 4 rows to ucsd_occupancy_history.csv
[2026-04-20 14:30:03] Main Gym Fitness Gym: 33% (Not Busy) people=24 capacity=72 is_open=True hour_summary=open
[2026-04-20 14:30:03] Outback Climbing Center: 99% (Very Active) people=63 capacity=30 is_open=True hour_summary=open
[2026-04-20 14:30:03] RIMAC Fitness Gym: 87% (Very Active) people=130 capacity=150 is_open=True hour_summary=open
[2026-04-20 14:30:03] Triton Esports Center: 81% (Very Active) people=28 capacity=35 is_open=True hour_summary=open
[2026-04-20 14:30:03] === SCRAPE END OK ===
[2026-04-20 14:45:02] === SCRAPE START ===
[2026-04-20 14:45:02] Fetching https://waitz.io/live/ucsd-rec
[2026-04-20 14:45:03] Saved 4 rows to ucsd_occupancy_history.csv
[2026-04-20 14:45:03] Main Gym Fitness Gym: 21% (Not Busy) people=15 capacity=72 is_open=True hour_summary=open
[2026-04-20 14:45:03] Outback Climbing Center: 99% (Very Active) people=62 capacity=30 is_open=True hour_summary=open
[2026-04-20 14:45:03] RIMAC Fitness Gym: 89% (Very Active) people=134 capacity=150 is_open=True hour_summary=open
[2026-04-20 14:45:03] Triton Esports Center: 75% (Busy) people=26 capacity=35 is_open=True hour_summary=open
[2026-04-20 14:45:03] === SCRAPE END OK ===
[2026-04-20 15:00:02] === SCRAPE START ===
[2026-04-20 15:00:02] Fetching https://waitz.io/live/ucsd-rec
[2026-04-20 15:00:03] Saved 4 rows to ucsd_occupancy_history.csv
[2026-04-20 15:00:03] Main Gym Fitness Gym: 34% (Not Busy) people=24 capacity=72 is_open=True hour_summary=open
[2026-04-20 15:00:03] Outback Climbing Center: 99% (Very Active) people=50 capacity=30 is_open=True hour_summary=open
[2026-04-20 15:00:03] RIMAC Fitness Gym: 87% (Very Active) people=130 capacity=150 is_open=True hour_summary=open
[2026-04-20 15:00:03] Triton Esports Center: 72% (Busy) people=25 capacity=35 is_open=True hour_summary=open
[2026-04-20 15:00:03] === SCRAPE END OK ===
[2026-04-20 15:15:02] === SCRAPE START ===
[2026-04-20 15:15:02] Fetching https://waitz.io/live/ucsd-rec
[2026-04-20 15:15:03] Saved 4 rows to ucsd_occupancy_history.csv
[2026-04-20 15:15:03] Main Gym Fitness Gym: 24% (Not Busy) people=17 capacity=72 is_open=True hour_summary=open
[2026-04-20 15:15:03] Outback Climbing Center: 99% (Very Active) people=44 capacity=30 is_open=True hour_summary=open
[2026-04-20 15:15:03] RIMAC Fitness Gym: 88% (Very Active) people=133 capacity=150 is_open=True hour_summary=open
[2026-04-20 15:15:03] Triton Esports Center: 90% (Very Active) people=32 capacity=35 is_open=True hour_summary=open
[2026-04-20 15:15:03] === SCRAPE END OK ===
[2026-04-20 15:30:02] === SCRAPE START ===
[2026-04-20 15:30:02] Fetching https://waitz.io/live/ucsd-rec
[2026-04-20 15:30:03] Saved 4 rows to ucsd_occupancy_history.csv
[2026-04-20 15:30:03] Main Gym Fitness Gym: 38% (Not Busy) people=27 capacity=72 is_open=True hour_summary=open
[2026-04-20 15:30:03] Outback Climbing Center: 99% (Very Active) people=49 capacity=30 is_open=True hour_summary=open
[2026-04-20 15:30:03] RIMAC Fitness Gym: 99% (Very Active) people=162 capacity=150 is_open=True hour_summary=open
[2026-04-20 15:30:03] Triton Esports Center: 65% (Busy) people=23 capacity=35 is_open=True hour_summary=open
[2026-04-20 15:30:03] === SCRAPE END OK ===
[2026-04-20 15:45:02] === SCRAPE START ===
[2026-04-20 15:45:02] Fetching https://waitz.io/live/ucsd-rec
[2026-04-20 15:45:03] Saved 4 rows to ucsd_occupancy_history.csv
[2026-04-20 15:45:03] Main Gym Fitness Gym: 46% (Busy) people=33 capacity=72 is_open=True hour_summary=open
[2026-04-20 15:45:03] Outback Climbing Center: 99% (Very Active) people=52 capacity=30 is_open=True hour_summary=open
[2026-04-20 15:45:03] RIMAC Fitness Gym: 96% (Very Active) people=143 capacity=150 is_open=True hour_summary=open
[2026-04-20 15:45:03] Triton Esports Center: 66% (Busy) people=23 capacity=35 is_open=True hour_summary=open
[2026-04-20 15:45:03] === SCRAPE END OK ===
[2026-04-20 16:00:02] === SCRAPE START ===
[2026-04-20 16:00:02] Fetching https://waitz.io/live/ucsd-rec
[2026-04-20 16:00:03] Saved 4 rows to ucsd_occupancy_history.csv
[2026-04-20 16:00:03] Main Gym Fitness Gym: 99% (Very Active) people=201 capacity=72 is_open=True hour_summary=open
[2026-04-20 16:00:03] Outback Climbing Center: 99% (Very Active) people=59 capacity=30 is_open=True hour_summary=open
[2026-04-20 16:00:03] RIMAC Fitness Gym: 95% (Very Active) people=143 capacity=150 is_open=True hour_summary=open
[2026-04-20 16:00:03] Triton Esports Center: 62% (Busy) people=22 capacity=35 is_open=True hour_summary=open
[2026-04-20 16:00:03] === SCRAPE END OK ===
[2026-04-20 16:15:02] === SCRAPE START ===
[2026-04-20 16:15:02] Fetching https://waitz.io/live/ucsd-rec
[2026-04-20 16:15:03] Saved 4 rows to ucsd_occupancy_history.csv
[2026-04-20 16:15:03] Main Gym Fitness Gym: 44% (Not Busy) people=32 capacity=72 is_open=True hour_summary=open
[2026-04-20 16:15:03] Outback Climbing Center: 99% (Very Active) people=50 capacity=30 is_open=True hour_summary=open
[2026-04-20 16:15:03] RIMAC Fitness Gym: 99% (Very Active) people=151 capacity=150 is_open=True hour_summary=open
[2026-04-20 16:15:03] Triton Esports Center: 44% (Not Busy) people=15 capacity=35 is_open=True hour_summary=open
[2026-04-20 16:15:03] === SCRAPE END OK ===
[2026-04-20 16:30:02] === SCRAPE START ===
[2026-04-20 16:30:02] Fetching https://waitz.io/live/ucsd-rec
[2026-04-20 16:30:03] Saved 4 rows to ucsd_occupancy_history.csv
[2026-04-20 16:30:03] Main Gym Fitness Gym: 70% (Busy) people=50 capacity=72 is_open=True hour_summary=open
[2026-04-20 16:30:03] Outback Climbing Center: 99% (Very Active) people=46 capacity=30 is_open=True hour_summary=open
[2026-04-20 16:30:03] RIMAC Fitness Gym: 99% (Very Active) people=157 capacity=150 is_open=True hour_summary=open
[2026-04-20 16:30:03] Triton Esports Center: 39% (Not Busy) people=14 capacity=35 is_open=True hour_summary=open
[2026-04-20 16:30:03] === SCRAPE END OK ===
[2026-04-20 16:45:02] === SCRAPE START ===
[2026-04-20 16:45:02] Fetching https://waitz.io/live/ucsd-rec
[2026-04-20 16:45:03] Saved 4 rows to ucsd_occupancy_history.csv
[2026-04-20 16:45:03] Main Gym Fitness Gym: 48% (Busy) people=35 capacity=72 is_open=True hour_summary=open
[2026-04-20 16:45:03] Outback Climbing Center: 99% (Very Active) people=44 capacity=30 is_open=True hour_summary=open
[2026-04-20 16:45:03] RIMAC Fitness Gym: 98% (Very Active) people=147 capacity=150 is_open=True hour_summary=open
[2026-04-20 16:45:03] Triton Esports Center: 49% (Busy) people=17 capacity=35 is_open=True hour_summary=open
[2026-04-20 16:45:03] === SCRAPE END OK ===
[2026-04-20 17:00:02] === SCRAPE START ===
[2026-04-20 17:00:02] Fetching https://waitz.io/live/ucsd-rec
[2026-04-20 17:00:04] Saved 4 rows to ucsd_occupancy_history.csv
[2026-04-20 17:00:04] Main Gym Fitness Gym: 24% (Not Busy) people=17 capacity=72 is_open=True hour_summary=open
[2026-04-20 17:00:04] Outback Climbing Center: 99% (Very Active) people=52 capacity=30 is_open=True hour_summary=open
[2026-04-20 17:00:04] RIMAC Fitness Gym: 95% (Very Active) people=142 capacity=150 is_open=True hour_summary=open
[2026-04-20 17:00:04] Triton Esports Center: 35% (Not Busy) people=12 capacity=35 is_open=True hour_summary=open
[2026-04-20 17:00:04] === SCRAPE END OK ===
[2026-04-20 17:15:02] === SCRAPE START ===
[2026-04-20 17:15:02] Fetching https://waitz.io/live/ucsd-rec
[2026-04-20 17:15:03] Saved 4 rows to ucsd_occupancy_history.csv
[2026-04-20 17:15:03] Main Gym Fitness Gym: 34% (Not Busy) people=24 capacity=72 is_open=True hour_summary=open
[2026-04-20 17:15:03] Outback Climbing Center: 99% (Very Active) people=65 capacity=30 is_open=True hour_summary=open
[2026-04-20 17:15:03] RIMAC Fitness Gym: 97% (Very Active) people=145 capacity=150 is_open=True hour_summary=open
[2026-04-20 17:15:03] Triton Esports Center: 37% (Not Busy) people=13 capacity=35 is_open=True hour_summary=open
[2026-04-20 17:15:03] === SCRAPE END OK ===
[2026-04-20 17:30:02] === SCRAPE START ===
[2026-04-20 17:30:02] Fetching https://waitz.io/live/ucsd-rec
[2026-04-20 17:30:04] Saved 4 rows to ucsd_occupancy_history.csv
[2026-04-20 17:30:04] Main Gym Fitness Gym: 70% (Busy) people=51 capacity=72 is_open=True hour_summary=open
[2026-04-20 17:30:04] Outback Climbing Center: 99% (Very Active) people=71 capacity=30 is_open=True hour_summary=open
[2026-04-20 17:30:04] RIMAC Fitness Gym: 99% (Very Active) people=155 capacity=150 is_open=True hour_summary=open
[2026-04-20 17:30:04] Triton Esports Center: 38% (Not Busy) people=13 capacity=35 is_open=True hour_summary=open
[2026-04-20 17:30:04] === SCRAPE END OK ===
[2026-04-20 17:45:02] === SCRAPE START ===
[2026-04-20 17:45:02] Fetching https://waitz.io/live/ucsd-rec
[2026-04-20 17:45:03] Saved 4 rows to ucsd_occupancy_history.csv
[2026-04-20 17:45:03] Main Gym Fitness Gym: 41% (Not Busy) people=29 capacity=72 is_open=True hour_summary=open
[2026-04-20 17:45:03] Outback Climbing Center: 99% (Very Active) people=61 capacity=30 is_open=True hour_summary=open
[2026-04-20 17:45:03] RIMAC Fitness Gym: 99% (Very Active) people=168 capacity=150 is_open=True hour_summary=open
[2026-04-20 17:45:03] Triton Esports Center: 38% (Not Busy) people=13 capacity=35 is_open=True hour_summary=open
[2026-04-20 17:45:03] === SCRAPE END OK ===
[2026-04-20 18:00:02] === SCRAPE START ===
[2026-04-20 18:00:02] Fetching https://waitz.io/live/ucsd-rec
[2026-04-20 18:00:04] Saved 4 rows to ucsd_occupancy_history.csv
[2026-04-20 18:00:04] Main Gym Fitness Gym: 52% (Busy) people=37 capacity=72 is_open=True hour_summary=open
[2026-04-20 18:00:04] Outback Climbing Center: 99% (Very Active) people=86 capacity=30 is_open=True hour_summary=open
[2026-04-20 18:00:04] RIMAC Fitness Gym: 98% (Very Active) people=148 capacity=150 is_open=True hour_summary=open
[2026-04-20 18:00:04] Triton Esports Center: 29% (Not Busy) people=10 capacity=35 is_open=True hour_summary=open
[2026-04-20 18:00:04] === SCRAPE END OK ===
[2026-04-20 18:15:02] === SCRAPE START ===
[2026-04-20 18:15:02] Fetching https://waitz.io/live/ucsd-rec
[2026-04-20 18:15:03] Saved 4 rows to ucsd_occupancy_history.csv
[2026-04-20 18:15:03] Main Gym Fitness Gym: 46% (Busy) people=33 capacity=72 is_open=True hour_summary=open
[2026-04-20 18:15:03] Outback Climbing Center: 99% (Very Active) people=59 capacity=30 is_open=True hour_summary=open
[2026-04-20 18:15:03] RIMAC Fitness Gym: 86% (Very Active) people=129 capacity=150 is_open=True hour_summary=open
[2026-04-20 18:15:03] Triton Esports Center: 41% (Not Busy) people=14 capacity=35 is_open=True hour_summary=open
[2026-04-20 18:15:03] === SCRAPE END OK ===
[2026-04-20 18:30:02] === SCRAPE START ===
[2026-04-20 18:30:02] Fetching https://waitz.io/live/ucsd-rec
[2026-04-20 18:30:03] Saved 4 rows to ucsd_occupancy_history.csv
[2026-04-20 18:30:03] Main Gym Fitness Gym: 31% (Not Busy) people=23 capacity=72 is_open=True hour_summary=open
[2026-04-20 18:30:03] Outback Climbing Center: 99% (Very Active) people=58 capacity=30 is_open=True hour_summary=open
[2026-04-20 18:30:03] RIMAC Fitness Gym: 70% (Busy) people=105 capacity=150 is_open=True hour_summary=open
[2026-04-20 18:30:03] Triton Esports Center: 49% (Busy) people=17 capacity=35 is_open=True hour_summary=open
[2026-04-20 18:30:03] === SCRAPE END OK ===
[2026-04-20 18:45:02] === SCRAPE START ===
[2026-04-20 18:45:02] Fetching https://waitz.io/live/ucsd-rec
[2026-04-20 18:45:03] Saved 4 rows to ucsd_occupancy_history.csv
[2026-04-20 18:45:03] Main Gym Fitness Gym: 39% (Not Busy) people=28 capacity=72 is_open=True hour_summary=open
[2026-04-20 18:45:03] Outback Climbing Center: 99% (Very Active) people=61 capacity=30 is_open=True hour_summary=open
[2026-04-20 18:45:03] RIMAC Fitness Gym: 67% (Busy) people=100 capacity=150 is_open=True hour_summary=open
[2026-04-20 18:45:03] Triton Esports Center: 53% (Busy) people=19 capacity=35 is_open=True hour_summary=open
[2026-04-20 18:45:03] === SCRAPE END OK ===
[2026-04-20 19:00:02] === SCRAPE START ===
[2026-04-20 19:00:02] Fetching https://waitz.io/live/ucsd-rec
[2026-04-20 19:00:04] Saved 4 rows to ucsd_occupancy_history.csv
[2026-04-20 19:00:04] Main Gym Fitness Gym: 40% (Not Busy) people=29 capacity=72 is_open=True hour_summary=open
[2026-04-20 19:00:04] Outback Climbing Center: 99% (Very Active) people=66 capacity=30 is_open=True hour_summary=open
[2026-04-20 19:00:04] RIMAC Fitness Gym: 77% (Busy) people=116 capacity=150 is_open=True hour_summary=open
[2026-04-20 19:00:04] Triton Esports Center: 54% (Busy) people=19 capacity=35 is_open=True hour_summary=open
[2026-04-20 19:00:04] === SCRAPE END OK ===
[2026-04-20 19:15:02] === SCRAPE START ===
[2026-04-20 19:15:02] Fetching https://waitz.io/live/ucsd-rec
[2026-04-20 19:15:03] Saved 4 rows to ucsd_occupancy_history.csv
[2026-04-20 19:15:03] Main Gym Fitness Gym: 45% (Not Busy) people=32 capacity=72 is_open=True hour_summary=open
[2026-04-20 19:15:03] Outback Climbing Center: 99% (Very Active) people=74 capacity=30 is_open=True hour_summary=open
[2026-04-20 19:15:03] RIMAC Fitness Gym: 80% (Busy) people=120 capacity=150 is_open=True hour_summary=open
[2026-04-20 19:15:03] Triton Esports Center: 55% (Busy) people=19 capacity=35 is_open=True hour_summary=open
[2026-04-20 19:15:03] === SCRAPE END OK ===
[2026-04-20 19:30:02] === SCRAPE START ===
[2026-04-20 19:30:02] Fetching https://waitz.io/live/ucsd-rec
[2026-04-20 19:30:03] Saved 4 rows to ucsd_occupancy_history.csv
[2026-04-20 19:30:03] Main Gym Fitness Gym: 38% (Not Busy) people=28 capacity=72 is_open=True hour_summary=open
[2026-04-20 19:30:03] Outback Climbing Center: 99% (Very Active) people=57 capacity=30 is_open=True hour_summary=open
[2026-04-20 19:30:03] RIMAC Fitness Gym: 81% (Very Active) people=122 capacity=150 is_open=True hour_summary=open
[2026-04-20 19:30:03] Triton Esports Center: 41% (Not Busy) people=14 capacity=35 is_open=True hour_summary=open
[2026-04-20 19:30:03] === SCRAPE END OK ===
[2026-04-20 19:45:02] === SCRAPE START ===
[2026-04-20 19:45:02] Fetching https://waitz.io/live/ucsd-rec
[2026-04-20 19:45:03] Saved 4 rows to ucsd_occupancy_history.csv
[2026-04-20 19:45:03] Main Gym Fitness Gym: 27% (Not Busy) people=20 capacity=72 is_open=True hour_summary=open
[2026-04-20 19:45:03] Outback Climbing Center: 99% (Very Active) people=50 capacity=30 is_open=True hour_summary=open
[2026-04-20 19:45:03] RIMAC Fitness Gym: 76% (Busy) people=114 capacity=150 is_open=True hour_summary=open
[2026-04-20 19:45:03] Triton Esports Center: 35% (Not Busy) people=12 capacity=35 is_open=True hour_summary=open
[2026-04-20 19:45:03] === SCRAPE END OK ===
[2026-04-20 20:00:02] === SCRAPE START ===
[2026-04-20 20:00:02] Fetching https://waitz.io/live/ucsd-rec
[2026-04-20 20:00:05] Saved 4 rows to ucsd_occupancy_history.csv
[2026-04-20 20:00:05] Main Gym Fitness Gym: 33% (Not Busy) people=24 capacity=72 is_open=True hour_summary=open
[2026-04-20 20:00:05] Outback Climbing Center: 99% (Very Active) people=51 capacity=30 is_open=True hour_summary=open
[2026-04-20 20:00:05] RIMAC Fitness Gym: 99% (Very Active) people=198 capacity=150 is_open=True hour_summary=open
[2026-04-20 20:00:05] Triton Esports Center: 36% (Not Busy) people=13 capacity=35 is_open=True hour_summary=open
[2026-04-20 20:00:05] === SCRAPE END OK ===
[2026-04-20 20:15:02] === SCRAPE START ===
[2026-04-20 20:15:02] Fetching https://waitz.io/live/ucsd-rec
[2026-04-20 20:15:03] Saved 4 rows to ucsd_occupancy_history.csv
[2026-04-20 20:15:03] Main Gym Fitness Gym: 37% (Not Busy) people=26 capacity=72 is_open=True hour_summary=open
[2026-04-20 20:15:03] Outback Climbing Center: 99% (Very Active) people=60 capacity=30 is_open=True hour_summary=open
[2026-04-20 20:15:03] RIMAC Fitness Gym: 91% (Very Active) people=136 capacity=150 is_open=True hour_summary=open
[2026-04-20 20:15:03] Triton Esports Center: 31% (Not Busy) people=11 capacity=35 is_open=True hour_summary=open
[2026-04-20 20:15:03] === SCRAPE END OK ===
[2026-04-20 20:30:02] === SCRAPE START ===
[2026-04-20 20:30:02] Fetching https://waitz.io/live/ucsd-rec
[2026-04-20 20:30:03] Saved 4 rows to ucsd_occupancy_history.csv
[2026-04-20 20:30:03] Main Gym Fitness Gym: 43% (Not Busy) people=31 capacity=72 is_open=True hour_summary=open
[2026-04-20 20:30:03] Outback Climbing Center: 99% (Very Active) people=43 capacity=30 is_open=True hour_summary=open
[2026-04-20 20:30:03] RIMAC Fitness Gym: 86% (Very Active) people=129 capacity=150 is_open=True hour_summary=open
[2026-04-20 20:30:03] Triton Esports Center: 29% (Not Busy) people=10 capacity=35 is_open=True hour_summary=open
[2026-04-20 20:30:03] === SCRAPE END OK ===
[2026-04-20 20:45:02] === SCRAPE START ===
[2026-04-20 20:45:02] Fetching https://waitz.io/live/ucsd-rec
[2026-04-20 20:45:03] Saved 4 rows to ucsd_occupancy_history.csv
[2026-04-20 20:45:03] Main Gym Fitness Gym: 35% (Not Busy) people=25 capacity=72 is_open=True hour_summary=open
[2026-04-20 20:45:03] Outback Climbing Center: 99% (Very Active) people=38 capacity=30 is_open=True hour_summary=open
[2026-04-20 20:45:03] RIMAC Fitness Gym: 89% (Very Active) people=133 capacity=150 is_open=True hour_summary=open
[2026-04-20 20:45:03] Triton Esports Center: 27% (Not Busy) people=9 capacity=35 is_open=True hour_summary=open
[2026-04-20 20:45:03] === SCRAPE END OK ===
[2026-04-20 21:00:02] === SCRAPE START ===
[2026-04-20 21:00:02] Fetching https://waitz.io/live/ucsd-rec
[2026-04-20 21:00:03] Saved 4 rows to ucsd_occupancy_history.csv
[2026-04-20 21:00:03] Main Gym Fitness Gym: 41% (Not Busy) people=29 capacity=72 is_open=True hour_summary=open
[2026-04-20 21:00:03] Outback Climbing Center: 99% (Very Active) people=49 capacity=30 is_open=True hour_summary=open
[2026-04-20 21:00:03] RIMAC Fitness Gym: 88% (Very Active) people=133 capacity=150 is_open=True hour_summary=open
[2026-04-20 21:00:03] Triton Esports Center: 30% (Not Busy) people=11 capacity=35 is_open=True hour_summary=open
[2026-04-20 21:00:03] === SCRAPE END OK ===
[2026-04-20 21:15:02] === SCRAPE START ===
[2026-04-20 21:15:02] Fetching https://waitz.io/live/ucsd-rec
[2026-04-20 21:15:03] Saved 4 rows to ucsd_occupancy_history.csv
[2026-04-20 21:15:03] Main Gym Fitness Gym: 22% (Not Busy) people=16 capacity=72 is_open=True hour_summary=open
[2026-04-20 21:15:03] Outback Climbing Center: 99% (Very Active) people=44 capacity=30 is_open=True hour_summary=open
[2026-04-20 21:15:03] RIMAC Fitness Gym: 99% (Very Active) people=155 capacity=150 is_open=True hour_summary=open
[2026-04-20 21:15:03] Triton Esports Center: 24% (Not Busy) people=9 capacity=35 is_open=True hour_summary=open
[2026-04-20 21:15:03] === SCRAPE END OK ===
[2026-04-20 21:30:02] === SCRAPE START ===
[2026-04-20 21:30:02] Fetching https://waitz.io/live/ucsd-rec
[2026-04-20 21:30:04] Saved 4 rows to ucsd_occupancy_history.csv
[2026-04-20 21:30:04] Main Gym Fitness Gym: 44% (Not Busy) people=32 capacity=72 is_open=True hour_summary=open
[2026-04-20 21:30:04] Outback Climbing Center: 99% (Very Active) people=46 capacity=30 is_open=True hour_summary=open
[2026-04-20 21:30:04] RIMAC Fitness Gym: 99% (Very Active) people=154 capacity=150 is_open=True hour_summary=open
[2026-04-20 21:30:04] Triton Esports Center: 25% (Not Busy) people=9 capacity=35 is_open=True hour_summary=open
[2026-04-20 21:30:04] === SCRAPE END OK ===
[2026-04-20 21:45:02] === SCRAPE START ===
[2026-04-20 21:45:02] Fetching https://waitz.io/live/ucsd-rec
[2026-04-20 21:45:03] Saved 4 rows to ucsd_occupancy_history.csv
[2026-04-20 21:45:03] Main Gym Fitness Gym: 31% (Not Busy) people=22 capacity=72 is_open=True hour_summary=open
[2026-04-20 21:45:03] Outback Climbing Center: 99% (Very Active) people=37 capacity=30 is_open=True hour_summary=open
[2026-04-20 21:45:03] RIMAC Fitness Gym: 99% (Very Active) people=149 capacity=150 is_open=True hour_summary=open
[2026-04-20 21:45:03] Triton Esports Center: 28% (Not Busy) people=10 capacity=35 is_open=True hour_summary=open
[2026-04-20 21:45:03] === SCRAPE END OK ===
[2026-04-20 22:00:02] === SCRAPE START ===
[2026-04-20 22:00:02] Fetching https://waitz.io/live/ucsd-rec
[2026-04-20 22:00:04] Saved 4 rows to ucsd_occupancy_history.csv
[2026-04-20 22:00:04] Main Gym Fitness Gym: 45% (Not Busy) people=32 capacity=72 is_open=True hour_summary=open
[2026-04-20 22:00:04] Outback Climbing Center: 99% (Closed) people=49 capacity=30 is_open=False hour_summary=Closed until 10:00am
[2026-04-20 22:00:04] RIMAC Fitness Gym: 95% (Very Active) people=142 capacity=150 is_open=True hour_summary=open
[2026-04-20 22:00:04] Triton Esports Center: 19% (Closed) people=7 capacity=35 is_open=False hour_summary=Closed until 7:30am
[2026-04-20 22:00:04] === SCRAPE END OK ===
[2026-04-20 22:15:02] === SCRAPE START ===
[2026-04-20 22:15:02] Fetching https://waitz.io/live/ucsd-rec
[2026-04-20 22:15:03] Saved 4 rows to ucsd_occupancy_history.csv
[2026-04-20 22:15:03] Main Gym Fitness Gym: 30% (Not Busy) people=22 capacity=72 is_open=True hour_summary=open
[2026-04-20 22:15:03] Outback Climbing Center: 2% (Closed) people=0 capacity=30 is_open=False hour_summary=Closed until 10:00am
[2026-04-20 22:15:03] RIMAC Fitness Gym: 88% (Very Active) people=133 capacity=150 is_open=True hour_summary=open
[2026-04-20 22:15:03] Triton Esports Center: 0% (Closed) people=0 capacity=35 is_open=False hour_summary=Closed until 7:30am
[2026-04-20 22:15:03] === SCRAPE END OK ===
