[2026-07-16 22:00:05] === SCRAPE START ===
[2026-07-16 22:00:05] Fetching https://waitz.io/live/ucsd-rec
[2026-07-16 22:00:06] Saved 4 rows to ucsd_occupancy_history.csv
[2026-07-16 22:00:06] Main Gym Fitness Gym: 0% (Closed) people=0 capacity=72 is_open=False hour_summary=closed
[2026-07-16 22:00:06] Outback Climbing Center: 3% (Closed) people=1 capacity=30 is_open=False hour_summary=Closed until 2:00pm
[2026-07-16 22:00:06] RIMAC Fitness Gym: 0% (Closed) people=0 capacity=150 is_open=False hour_summary=Closed until 6:00am
[2026-07-16 22:00:06] Triton Esports Center: 0% (Closed) people=0 capacity=35 is_open=False hour_summary=closed
[2026-07-16 22:00:06] === SCRAPE END OK ===
[2026-07-16 22:15:02] === SCRAPE START ===
[2026-07-16 22:15:02] Fetching https://waitz.io/live/ucsd-rec
[2026-07-16 22:15:03] Saved 4 rows to ucsd_occupancy_history.csv
[2026-07-16 22:15:03] Main Gym Fitness Gym: 0% (Closed) people=0 capacity=72 is_open=False hour_summary=closed
[2026-07-16 22:15:03] Outback Climbing Center: 3% (Closed) people=1 capacity=30 is_open=False hour_summary=Closed until 2:00pm
[2026-07-16 22:15:03] RIMAC Fitness Gym: 0% (Closed) people=0 capacity=150 is_open=False hour_summary=Closed until 6:00am
[2026-07-16 22:15:03] Triton Esports Center: 0% (Closed) people=0 capacity=35 is_open=False hour_summary=closed
[2026-07-16 22:15:03] === SCRAPE END OK ===
[2026-07-16 22:30:02] === SCRAPE START ===
[2026-07-16 22:30:02] Fetching https://waitz.io/live/ucsd-rec
[2026-07-16 22:30:03] Saved 4 rows to ucsd_occupancy_history.csv
[2026-07-16 22:30:03] Main Gym Fitness Gym: 1% (Closed) people=1 capacity=72 is_open=False hour_summary=closed
[2026-07-16 22:30:03] Outback Climbing Center: 7% (Closed) people=2 capacity=30 is_open=False hour_summary=Closed until 2:00pm
[2026-07-16 22:30:03] RIMAC Fitness Gym: 0% (Closed) people=0 capacity=150 is_open=False hour_summary=Closed until 6:00am
[2026-07-16 22:30:03] Triton Esports Center: 0% (Closed) people=0 capacity=35 is_open=False hour_summary=closed
[2026-07-16 22:30:03] === SCRAPE END OK ===
[2026-07-16 22:45:02] === SCRAPE START ===
[2026-07-16 22:45:02] Fetching https://waitz.io/live/ucsd-rec
[2026-07-16 22:45:03] Saved 4 rows to ucsd_occupancy_history.csv
[2026-07-16 22:45:03] Main Gym Fitness Gym: 1% (Closed) people=1 capacity=72 is_open=False hour_summary=closed
[2026-07-16 22:45:03] Outback Climbing Center: 3% (Closed) people=1 capacity=30 is_open=False hour_summary=Closed until 2:00pm
[2026-07-16 22:45:03] RIMAC Fitness Gym: 0% (Closed) people=0 capacity=150 is_open=False hour_summary=Closed until 6:00am
[2026-07-16 22:45:03] Triton Esports Center: 0% (Closed) people=0 capacity=35 is_open=False hour_summary=closed
[2026-07-16 22:45:03] === SCRAPE END OK ===
[2026-07-16 23:00:02] === SCRAPE START ===
[2026-07-16 23:00:02] Fetching https://waitz.io/live/ucsd-rec
[2026-07-16 23:00:03] Saved 4 rows to ucsd_occupancy_history.csv
[2026-07-16 23:00:03] Main Gym Fitness Gym: 0% (Closed) people=0 capacity=72 is_open=False hour_summary=closed
[2026-07-16 23:00:03] Outback Climbing Center: 3% (Closed) people=1 capacity=30 is_open=False hour_summary=Closed until 2:00pm
[2026-07-16 23:00:03] RIMAC Fitness Gym: 0% (Closed) people=0 capacity=150 is_open=False hour_summary=Closed until 6:00am
[2026-07-16 23:00:03] Triton Esports Center: 0% (Closed) people=0 capacity=35 is_open=False hour_summary=closed
[2026-07-16 23:00:03] === SCRAPE END OK ===
[2026-07-16 23:15:02] === SCRAPE START ===
[2026-07-16 23:15:02] Fetching https://waitz.io/live/ucsd-rec
[2026-07-16 23:15:03] Saved 4 rows to ucsd_occupancy_history.csv
[2026-07-16 23:15:03] Main Gym Fitness Gym: 1% (Closed) people=1 capacity=72 is_open=False hour_summary=closed
[2026-07-16 23:15:03] Outback Climbing Center: 3% (Closed) people=1 capacity=30 is_open=False hour_summary=Closed until 2:00pm
[2026-07-16 23:15:03] RIMAC Fitness Gym: 0% (Closed) people=0 capacity=150 is_open=False hour_summary=Closed until 6:00am
[2026-07-16 23:15:03] Triton Esports Center: 0% (Closed) people=0 capacity=35 is_open=False hour_summary=closed
[2026-07-16 23:15:03] === SCRAPE END OK ===
[2026-07-16 23:30:02] === SCRAPE START ===
[2026-07-16 23:30:02] Fetching https://waitz.io/live/ucsd-rec
[2026-07-16 23:30:03] Saved 4 rows to ucsd_occupancy_history.csv
[2026-07-16 23:30:03] Main Gym Fitness Gym: 1% (Closed) people=1 capacity=72 is_open=False hour_summary=closed
[2026-07-16 23:30:03] Outback Climbing Center: 0% (Closed) people=0 capacity=30 is_open=False hour_summary=Closed until 2:00pm
[2026-07-16 23:30:03] RIMAC Fitness Gym: 0% (Closed) people=0 capacity=150 is_open=False hour_summary=Closed until 6:00am
[2026-07-16 23:30:03] Triton Esports Center: 0% (Closed) people=0 capacity=35 is_open=False hour_summary=closed
[2026-07-16 23:30:03] === SCRAPE END OK ===
[2026-07-16 23:45:02] === SCRAPE START ===
[2026-07-16 23:45:02] Fetching https://waitz.io/live/ucsd-rec
[2026-07-16 23:45:04] Saved 4 rows to ucsd_occupancy_history.csv
[2026-07-16 23:45:04] Main Gym Fitness Gym: 1% (Closed) people=1 capacity=72 is_open=False hour_summary=closed
[2026-07-16 23:45:04] Outback Climbing Center: 3% (Closed) people=1 capacity=30 is_open=False hour_summary=Closed until 2:00pm
[2026-07-16 23:45:04] RIMAC Fitness Gym: 0% (Closed) people=0 capacity=150 is_open=False hour_summary=Closed until 6:00am
[2026-07-16 23:45:04] Triton Esports Center: 0% (Closed) people=0 capacity=35 is_open=False hour_summary=closed
[2026-07-16 23:45:04] === SCRAPE END OK ===
