[2026-04-17 00:00:01] === SCRAPE START ===
[2026-04-17 00:00:01] Fetching https://waitz.io/live/ucsd-rec
[2026-04-17 00:00:03] Saved 4 rows to ucsd_occupancy_history.csv
[2026-04-17 00:00:03] Main Gym Fitness Gym: 1% (Closed) people=1 capacity=72 is_open=False hour_summary=Closed until 6:00am
[2026-04-17 00:00:03] Outback Climbing Center: 2% (Closed) people=1 capacity=30 is_open=False hour_summary=Closed until 10:00am
[2026-04-17 00:00:03] RIMAC Fitness Gym: 0% (Closed) people=0 capacity=150 is_open=False hour_summary=Closed until 6:00am
[2026-04-17 00:00:03] Triton Esports Center: 0% (Closed) people=0 capacity=35 is_open=False hour_summary=Closed until 7:30am
[2026-04-17 00:00:03] === SCRAPE END OK ===
[2026-04-17 00:15:02] === SCRAPE START ===
[2026-04-17 00:15:02] Fetching https://waitz.io/live/ucsd-rec
[2026-04-17 00:15:03] Saved 4 rows to ucsd_occupancy_history.csv
[2026-04-17 00:15:03] Main Gym Fitness Gym: 2% (Closed) people=1 capacity=72 is_open=False hour_summary=Closed until 6:00am
[2026-04-17 00:15:03] Outback Climbing Center: 2% (Closed) people=0 capacity=30 is_open=False hour_summary=Closed until 10:00am
[2026-04-17 00:15:03] RIMAC Fitness Gym: 1% (Closed) people=1 capacity=150 is_open=False hour_summary=Closed until 6:00am
[2026-04-17 00:15:03] Triton Esports Center: 0% (Closed) people=0 capacity=35 is_open=False hour_summary=Closed until 7:30am
[2026-04-17 00:15:03] === SCRAPE END OK ===
[2026-04-17 00:30:02] === SCRAPE START ===
[2026-04-17 00:30:02] Fetching https://waitz.io/live/ucsd-rec
[2026-04-17 00:30:03] Saved 4 rows to ucsd_occupancy_history.csv
[2026-04-17 00:30:03] Main Gym Fitness Gym: 1% (Closed) people=1 capacity=72 is_open=False hour_summary=Closed until 6:00am
[2026-04-17 00:30:03] Outback Climbing Center: 2% (Closed) people=0 capacity=30 is_open=False hour_summary=Closed until 10:00am
[2026-04-17 00:30:03] RIMAC Fitness Gym: 0% (Closed) people=1 capacity=150 is_open=False hour_summary=Closed until 6:00am
[2026-04-17 00:30:03] Triton Esports Center: 0% (Closed) people=0 capacity=35 is_open=False hour_summary=Closed until 7:30am
[2026-04-17 00:30:03] === SCRAPE END OK ===
[2026-04-17 00:45:02] === SCRAPE START ===
[2026-04-17 00:45:02] Fetching https://waitz.io/live/ucsd-rec
[2026-04-17 00:45:03] Saved 4 rows to ucsd_occupancy_history.csv
[2026-04-17 00:45:03] Main Gym Fitness Gym: 1% (Closed) people=1 capacity=72 is_open=False hour_summary=Closed until 6:00am
[2026-04-17 00:45:03] Outback Climbing Center: 2% (Closed) people=1 capacity=30 is_open=False hour_summary=Closed until 10:00am
[2026-04-17 00:45:03] RIMAC Fitness Gym: 0% (Closed) people=1 capacity=150 is_open=False hour_summary=Closed until 6:00am
[2026-04-17 00:45:03] Triton Esports Center: 0% (Closed) people=0 capacity=35 is_open=False hour_summary=Closed until 7:30am
[2026-04-17 00:45:03] === SCRAPE END OK ===
[2026-04-17 01:00:02] === SCRAPE START ===
[2026-04-17 01:00:02] Fetching https://waitz.io/live/ucsd-rec
[2026-04-17 01:00:06] Saved 4 rows to ucsd_occupancy_history.csv
[2026-04-17 01:00:06] Main Gym Fitness Gym: 2% (Closed) people=1 capacity=72 is_open=False hour_summary=Closed until 6:00am
[2026-04-17 01:00:06] Outback Climbing Center: 2% (Closed) people=1 capacity=30 is_open=False hour_summary=Closed until 10:00am
[2026-04-17 01:00:06] RIMAC Fitness Gym: 1% (Closed) people=1 capacity=150 is_open=False hour_summary=Closed until 6:00am
[2026-04-17 01:00:06] Triton Esports Center: 0% (Closed) people=0 capacity=35 is_open=False hour_summary=Closed until 7:30am
[2026-04-17 01:00:06] === SCRAPE END OK ===
[2026-04-17 01:15:02] === SCRAPE START ===
[2026-04-17 01:15:02] Fetching https://waitz.io/live/ucsd-rec
[2026-04-17 01:15:04] Saved 4 rows to ucsd_occupancy_history.csv
[2026-04-17 01:15:04] Main Gym Fitness Gym: 1% (Closed) people=1 capacity=72 is_open=False hour_summary=Closed until 6:00am
[2026-04-17 01:15:04] Outback Climbing Center: 1% (Closed) people=0 capacity=30 is_open=False hour_summary=Closed until 10:00am
[2026-04-17 01:15:04] RIMAC Fitness Gym: 1% (Closed) people=1 capacity=150 is_open=False hour_summary=Closed until 6:00am
[2026-04-17 01:15:04] Triton Esports Center: 0% (Closed) people=0 capacity=35 is_open=False hour_summary=Closed until 7:30am
[2026-04-17 01:15:04] === SCRAPE END OK ===
[2026-04-17 01:30:02] === SCRAPE START ===
[2026-04-17 01:30:02] Fetching https://waitz.io/live/ucsd-rec
[2026-04-17 01:30:03] Saved 4 rows to ucsd_occupancy_history.csv
[2026-04-17 01:30:03] Main Gym Fitness Gym: 4% (Closed) people=3 capacity=72 is_open=False hour_summary=Closed until 6:00am
[2026-04-17 01:30:03] Outback Climbing Center: 1% (Closed) people=0 capacity=30 is_open=False hour_summary=Closed until 10:00am
[2026-04-17 01:30:03] RIMAC Fitness Gym: 1% (Closed) people=1 capacity=150 is_open=False hour_summary=Closed until 6:00am
[2026-04-17 01:30:03] Triton Esports Center: 0% (Closed) people=0 capacity=35 is_open=False hour_summary=Closed until 7:30am
[2026-04-17 01:30:03] === SCRAPE END OK ===
[2026-04-17 01:45:02] === SCRAPE START ===
[2026-04-17 01:45:02] Fetching https://waitz.io/live/ucsd-rec
[2026-04-17 01:45:04] Saved 4 rows to ucsd_occupancy_history.csv
[2026-04-17 01:45:04] Main Gym Fitness Gym: 1% (Closed) people=1 capacity=72 is_open=False hour_summary=Closed until 6:00am
[2026-04-17 01:45:04] Outback Climbing Center: 1% (Closed) people=0 capacity=30 is_open=False hour_summary=Closed until 10:00am
[2026-04-17 01:45:04] RIMAC Fitness Gym: 1% (Closed) people=1 capacity=150 is_open=False hour_summary=Closed until 6:00am
[2026-04-17 01:45:04] Triton Esports Center: 0% (Closed) people=0 capacity=35 is_open=False hour_summary=Closed until 7:30am
[2026-04-17 01:45:04] === SCRAPE END OK ===
[2026-04-17 02:00:02] === SCRAPE START ===
[2026-04-17 02:00:02] Fetching https://waitz.io/live/ucsd-rec
[2026-04-17 02:00:04] Saved 4 rows to ucsd_occupancy_history.csv
[2026-04-17 02:00:04] Main Gym Fitness Gym: 2% (Closed) people=1 capacity=72 is_open=False hour_summary=Closed until 6:00am
[2026-04-17 02:00:04] Outback Climbing Center: 1% (Closed) people=0 capacity=30 is_open=False hour_summary=Closed until 10:00am
[2026-04-17 02:00:04] RIMAC Fitness Gym: 1% (Closed) people=1 capacity=150 is_open=False hour_summary=Closed until 6:00am
[2026-04-17 02:00:04] Triton Esports Center: 0% (Closed) people=0 capacity=35 is_open=False hour_summary=Closed until 7:30am
[2026-04-17 02:00:04] === SCRAPE END OK ===
[2026-04-17 02:15:02] === SCRAPE START ===
[2026-04-17 02:15:02] Fetching https://waitz.io/live/ucsd-rec
[2026-04-17 02:15:03] Saved 4 rows to ucsd_occupancy_history.csv
[2026-04-17 02:15:03] Main Gym Fitness Gym: 1% (Closed) people=1 capacity=72 is_open=False hour_summary=Closed until 6:00am
[2026-04-17 02:15:03] Outback Climbing Center: 2% (Closed) people=0 capacity=30 is_open=False hour_summary=Closed until 10:00am
[2026-04-17 02:15:03] RIMAC Fitness Gym: 1% (Closed) people=1 capacity=150 is_open=False hour_summary=Closed until 6:00am
[2026-04-17 02:15:03] Triton Esports Center: 0% (Closed) people=0 capacity=35 is_open=False hour_summary=Closed until 7:30am
[2026-04-17 02:15:03] === SCRAPE END OK ===
[2026-04-17 02:30:02] === SCRAPE START ===
[2026-04-17 02:30:02] Fetching https://waitz.io/live/ucsd-rec
[2026-04-17 02:30:03] Saved 4 rows to ucsd_occupancy_history.csv
[2026-04-17 02:30:03] Main Gym Fitness Gym: 1% (Closed) people=1 capacity=72 is_open=False hour_summary=Closed until 6:00am
[2026-04-17 02:30:03] Outback Climbing Center: 2% (Closed) people=1 capacity=30 is_open=False hour_summary=Closed until 10:00am
[2026-04-17 02:30:03] RIMAC Fitness Gym: 1% (Closed) people=1 capacity=150 is_open=False hour_summary=Closed until 6:00am
[2026-04-17 02:30:03] Triton Esports Center: 0% (Closed) people=0 capacity=35 is_open=False hour_summary=Closed until 7:30am
[2026-04-17 02:30:03] === SCRAPE END OK ===
[2026-04-17 02:45:03] === SCRAPE START ===
[2026-04-17 02:45:03] Fetching https://waitz.io/live/ucsd-rec
[2026-04-17 02:45:04] Saved 4 rows to ucsd_occupancy_history.csv
[2026-04-17 02:45:04] Main Gym Fitness Gym: 1% (Closed) people=1 capacity=72 is_open=False hour_summary=Closed until 6:00am
[2026-04-17 02:45:04] Outback Climbing Center: 1% (Closed) people=0 capacity=30 is_open=False hour_summary=Closed until 10:00am
[2026-04-17 02:45:04] RIMAC Fitness Gym: 0% (Closed) people=1 capacity=150 is_open=False hour_summary=Closed until 6:00am
[2026-04-17 02:45:04] Triton Esports Center: 0% (Closed) people=0 capacity=35 is_open=False hour_summary=Closed until 7:30am
[2026-04-17 02:45:04] === SCRAPE END OK ===
[2026-04-17 03:00:02] === SCRAPE START ===
[2026-04-17 03:00:02] Fetching https://waitz.io/live/ucsd-rec
[2026-04-17 03:00:03] Saved 4 rows to ucsd_occupancy_history.csv
[2026-04-17 03:00:03] Main Gym Fitness Gym: 1% (Closed) people=1 capacity=72 is_open=False hour_summary=Closed until 6:00am
[2026-04-17 03:00:03] Outback Climbing Center: 1% (Closed) people=0 capacity=30 is_open=False hour_summary=Closed until 10:00am
[2026-04-17 03:00:03] RIMAC Fitness Gym: 0% (Closed) people=1 capacity=150 is_open=False hour_summary=Closed until 6:00am
[2026-04-17 03:00:03] Triton Esports Center: 0% (Closed) people=0 capacity=35 is_open=False hour_summary=Closed until 7:30am
[2026-04-17 03:00:03] === SCRAPE END OK ===
[2026-04-17 03:15:02] === SCRAPE START ===
[2026-04-17 03:15:02] Fetching https://waitz.io/live/ucsd-rec
[2026-04-17 03:15:03] Saved 4 rows to ucsd_occupancy_history.csv
[2026-04-17 03:15:03] Main Gym Fitness Gym: 1% (Closed) people=1 capacity=72 is_open=False hour_summary=Closed until 6:00am
[2026-04-17 03:15:03] Outback Climbing Center: 2% (Closed) people=1 capacity=30 is_open=False hour_summary=Closed until 10:00am
[2026-04-17 03:15:03] RIMAC Fitness Gym: 0% (Closed) people=1 capacity=150 is_open=False hour_summary=Closed until 6:00am
[2026-04-17 03:15:03] Triton Esports Center: 0% (Closed) people=0 capacity=35 is_open=False hour_summary=Closed until 7:30am
[2026-04-17 03:15:03] === SCRAPE END OK ===
[2026-04-17 03:30:02] === SCRAPE START ===
[2026-04-17 03:30:02] Fetching https://waitz.io/live/ucsd-rec
[2026-04-17 03:30:03] Saved 4 rows to ucsd_occupancy_history.csv
[2026-04-17 03:30:03] Main Gym Fitness Gym: 1% (Closed) people=1 capacity=72 is_open=False hour_summary=Closed until 6:00am
[2026-04-17 03:30:04] Outback Climbing Center: 2% (Closed) people=0 capacity=30 is_open=False hour_summary=Closed until 10:00am
[2026-04-17 03:30:04] RIMAC Fitness Gym: 0% (Closed) people=0 capacity=150 is_open=False hour_summary=Closed until 6:00am
[2026-04-17 03:30:04] Triton Esports Center: 0% (Closed) people=0 capacity=35 is_open=False hour_summary=Closed until 7:30am
[2026-04-17 03:30:04] === SCRAPE END OK ===
[2026-04-17 03:45:02] === SCRAPE START ===
[2026-04-17 03:45:02] Fetching https://waitz.io/live/ucsd-rec
[2026-04-17 03:45:03] Saved 4 rows to ucsd_occupancy_history.csv
[2026-04-17 03:45:03] Main Gym Fitness Gym: 1% (Closed) people=1 capacity=72 is_open=False hour_summary=Closed until 6:00am
[2026-04-17 03:45:03] Outback Climbing Center: 1% (Closed) people=0 capacity=30 is_open=False hour_summary=Closed until 10:00am
[2026-04-17 03:45:03] RIMAC Fitness Gym: 9% (Closed) people=14 capacity=150 is_open=False hour_summary=Closed until 6:00am
[2026-04-17 03:45:03] Triton Esports Center: 0% (Closed) people=0 capacity=35 is_open=False hour_summary=Closed until 7:30am
[2026-04-17 03:45:03] === SCRAPE END OK ===
[2026-04-17 04:00:02] === SCRAPE START ===
[2026-04-17 04:00:02] Fetching https://waitz.io/live/ucsd-rec
[2026-04-17 04:00:03] Saved 4 rows to ucsd_occupancy_history.csv
[2026-04-17 04:00:03] Main Gym Fitness Gym: 2% (Closed) people=1 capacity=72 is_open=False hour_summary=Closed until 6:00am
[2026-04-17 04:00:03] Outback Climbing Center: 2% (Closed) people=0 capacity=30 is_open=False hour_summary=Closed until 10:00am
[2026-04-17 04:00:03] RIMAC Fitness Gym: 1% (Closed) people=1 capacity=150 is_open=False hour_summary=Closed until 6:00am
[2026-04-17 04:00:03] Triton Esports Center: 0% (Closed) people=0 capacity=35 is_open=False hour_summary=Closed until 7:30am
[2026-04-17 04:00:03] === SCRAPE END OK ===
[2026-04-17 04:15:02] === SCRAPE START ===
[2026-04-17 04:15:02] Fetching https://waitz.io/live/ucsd-rec
[2026-04-17 04:15:04] Saved 4 rows to ucsd_occupancy_history.csv
[2026-04-17 04:15:04] Main Gym Fitness Gym: 1% (Closed) people=1 capacity=72 is_open=False hour_summary=Closed until 6:00am
[2026-04-17 04:15:04] Outback Climbing Center: 2% (Closed) people=0 capacity=30 is_open=False hour_summary=Closed until 10:00am
[2026-04-17 04:15:04] RIMAC Fitness Gym: 1% (Closed) people=1 capacity=150 is_open=False hour_summary=Closed until 6:00am
[2026-04-17 04:15:04] Triton Esports Center: 0% (Closed) people=0 capacity=35 is_open=False hour_summary=Closed until 7:30am
[2026-04-17 04:15:04] === SCRAPE END OK ===
[2026-04-17 04:30:02] === SCRAPE START ===
[2026-04-17 04:30:02] Fetching https://waitz.io/live/ucsd-rec
[2026-04-17 04:30:03] Saved 4 rows to ucsd_occupancy_history.csv
[2026-04-17 04:30:03] Main Gym Fitness Gym: 1% (Closed) people=1 capacity=72 is_open=False hour_summary=Closed until 6:00am
[2026-04-17 04:30:03] Outback Climbing Center: 2% (Closed) people=0 capacity=30 is_open=False hour_summary=Closed until 10:00am
[2026-04-17 04:30:03] RIMAC Fitness Gym: 1% (Closed) people=1 capacity=150 is_open=False hour_summary=Closed until 6:00am
[2026-04-17 04:30:03] Triton Esports Center: 0% (Closed) people=0 capacity=35 is_open=False hour_summary=Closed until 7:30am
[2026-04-17 04:30:03] === SCRAPE END OK ===
[2026-04-17 04:45:02] === SCRAPE START ===
[2026-04-17 04:45:02] Fetching https://waitz.io/live/ucsd-rec
[2026-04-17 04:45:04] Saved 4 rows to ucsd_occupancy_history.csv
[2026-04-17 04:45:04] Main Gym Fitness Gym: 1% (Closed) people=1 capacity=72 is_open=False hour_summary=Closed until 6:00am
[2026-04-17 04:45:04] Outback Climbing Center: 2% (Closed) people=1 capacity=30 is_open=False hour_summary=Closed until 10:00am
[2026-04-17 04:45:04] RIMAC Fitness Gym: 1% (Closed) people=1 capacity=150 is_open=False hour_summary=Closed until 6:00am
[2026-04-17 04:45:04] Triton Esports Center: 0% (Closed) people=0 capacity=35 is_open=False hour_summary=Closed until 7:30am
[2026-04-17 04:45:04] === SCRAPE END OK ===
[2026-04-17 05:00:02] === SCRAPE START ===
[2026-04-17 05:00:02] Fetching https://waitz.io/live/ucsd-rec
[2026-04-17 05:00:03] Saved 4 rows to ucsd_occupancy_history.csv
[2026-04-17 05:00:03] Main Gym Fitness Gym: 1% (Closed) people=1 capacity=72 is_open=False hour_summary=Closed until 6:00am
[2026-04-17 05:00:03] Outback Climbing Center: 6% (Closed) people=2 capacity=30 is_open=False hour_summary=Closed until 10:00am
[2026-04-17 05:00:03] RIMAC Fitness Gym: 1% (Closed) people=1 capacity=150 is_open=False hour_summary=Closed until 6:00am
[2026-04-17 05:00:03] Triton Esports Center: 0% (Closed) people=0 capacity=35 is_open=False hour_summary=Closed until 7:30am
[2026-04-17 05:00:03] === SCRAPE END OK ===
[2026-04-17 05:15:02] === SCRAPE START ===
[2026-04-17 05:15:02] Fetching https://waitz.io/live/ucsd-rec
[2026-04-17 05:15:03] Saved 4 rows to ucsd_occupancy_history.csv
[2026-04-17 05:15:03] Main Gym Fitness Gym: 1% (Closed) people=1 capacity=72 is_open=False hour_summary=Closed until 6:00am
[2026-04-17 05:15:03] Outback Climbing Center: 3% (Closed) people=1 capacity=30 is_open=False hour_summary=Closed until 10:00am
[2026-04-17 05:15:03] RIMAC Fitness Gym: 1% (Closed) people=1 capacity=150 is_open=False hour_summary=Closed until 6:00am
[2026-04-17 05:15:03] Triton Esports Center: 0% (Closed) people=0 capacity=35 is_open=False hour_summary=Closed until 7:30am
[2026-04-17 05:15:03] === SCRAPE END OK ===
[2026-04-17 05:30:02] === SCRAPE START ===
[2026-04-17 05:30:02] Fetching https://waitz.io/live/ucsd-rec
[2026-04-17 05:30:03] Saved 4 rows to ucsd_occupancy_history.csv
[2026-04-17 05:30:03] Main Gym Fitness Gym: 1% (Closed) people=1 capacity=72 is_open=False hour_summary=Closed until 6:00am
[2026-04-17 05:30:03] Outback Climbing Center: 6% (Closed) people=2 capacity=30 is_open=False hour_summary=Closed until 10:00am
[2026-04-17 05:30:03] RIMAC Fitness Gym: 1% (Closed) people=1 capacity=150 is_open=False hour_summary=Closed until 6:00am
[2026-04-17 05:30:03] Triton Esports Center: 0% (Closed) people=0 capacity=35 is_open=False hour_summary=Closed until 7:30am
[2026-04-17 05:30:03] === SCRAPE END OK ===
[2026-04-17 05:45:02] === SCRAPE START ===
[2026-04-17 05:45:02] Fetching https://waitz.io/live/ucsd-rec
[2026-04-17 05:45:03] Saved 4 rows to ucsd_occupancy_history.csv
[2026-04-17 05:45:03] Main Gym Fitness Gym: 1% (Closed) people=1 capacity=72 is_open=False hour_summary=Closed until 6:00am
[2026-04-17 05:45:03] Outback Climbing Center: 4% (Closed) people=1 capacity=30 is_open=False hour_summary=Closed until 10:00am
[2026-04-17 05:45:03] RIMAC Fitness Gym: 0% (Closed) people=1 capacity=150 is_open=False hour_summary=Closed until 6:00am
[2026-04-17 05:45:03] Triton Esports Center: 0% (Closed) people=0 capacity=35 is_open=False hour_summary=Closed until 7:30am
[2026-04-17 05:45:03] === SCRAPE END OK ===
[2026-04-17 06:00:02] === SCRAPE START ===
[2026-04-17 06:00:02] Fetching https://waitz.io/live/ucsd-rec
[2026-04-17 06:00:04] Saved 4 rows to ucsd_occupancy_history.csv
[2026-04-17 06:00:04] Main Gym Fitness Gym: 1% (Not Busy) people=1 capacity=72 is_open=True hour_summary=open
[2026-04-17 06:00:04] Outback Climbing Center: 0% (Closed) people=0 capacity=30 is_open=False hour_summary=Closed until 10:00am
[2026-04-17 06:00:04] RIMAC Fitness Gym: 1% (Not Busy) people=2 capacity=150 is_open=True hour_summary=open
[2026-04-17 06:00:04] Triton Esports Center: 0% (Closed) people=0 capacity=35 is_open=False hour_summary=Closed until 7:30am
[2026-04-17 06:00:04] === SCRAPE END OK ===
[2026-04-17 06:15:02] === SCRAPE START ===
[2026-04-17 06:15:02] Fetching https://waitz.io/live/ucsd-rec
[2026-04-17 06:15:03] Saved 4 rows to ucsd_occupancy_history.csv
[2026-04-17 06:15:03] Main Gym Fitness Gym: 1% (Not Busy) people=1 capacity=72 is_open=True hour_summary=open
[2026-04-17 06:15:03] Outback Climbing Center: 0% (Closed) people=0 capacity=30 is_open=False hour_summary=Closed until 10:00am
[2026-04-17 06:15:03] RIMAC Fitness Gym: 16% (Not Busy) people=24 capacity=150 is_open=True hour_summary=open
[2026-04-17 06:15:03] Triton Esports Center: 0% (Closed) people=0 capacity=35 is_open=False hour_summary=Closed until 7:30am
[2026-04-17 06:15:03] === SCRAPE END OK ===
[2026-04-17 06:30:02] === SCRAPE START ===
[2026-04-17 06:30:02] Fetching https://waitz.io/live/ucsd-rec
[2026-04-17 06:30:05] Saved 4 rows to ucsd_occupancy_history.csv
[2026-04-17 06:30:05] Main Gym Fitness Gym: 15% (Not Busy) people=11 capacity=72 is_open=True hour_summary=open
[2026-04-17 06:30:05] Outback Climbing Center: 1% (Closed) people=0 capacity=30 is_open=False hour_summary=Closed until 10:00am
[2026-04-17 06:30:05] RIMAC Fitness Gym: 26% (Not Busy) people=39 capacity=150 is_open=True hour_summary=open
[2026-04-17 06:30:05] Triton Esports Center: 0% (Closed) people=0 capacity=35 is_open=False hour_summary=Closed until 7:30am
[2026-04-17 06:30:05] === SCRAPE END OK ===
[2026-04-17 06:45:02] === SCRAPE START ===
[2026-04-17 06:45:02] Fetching https://waitz.io/live/ucsd-rec
[2026-04-17 06:45:04] Saved 4 rows to ucsd_occupancy_history.csv
[2026-04-17 06:45:04] Main Gym Fitness Gym: 10% (Not Busy) people=7 capacity=72 is_open=True hour_summary=open
[2026-04-17 06:45:04] Outback Climbing Center: 0% (Closed) people=0 capacity=30 is_open=False hour_summary=Closed until 10:00am
[2026-04-17 06:45:04] RIMAC Fitness Gym: 40% (Not Busy) people=60 capacity=150 is_open=True hour_summary=open
[2026-04-17 06:45:04] Triton Esports Center: 0% (Closed) people=0 capacity=35 is_open=False hour_summary=Closed until 7:30am
[2026-04-17 06:45:04] === SCRAPE END OK ===
[2026-04-17 07:00:02] === SCRAPE START ===
[2026-04-17 07:00:02] Fetching https://waitz.io/live/ucsd-rec
[2026-04-17 07:00:03] Saved 4 rows to ucsd_occupancy_history.csv
[2026-04-17 07:00:03] Main Gym Fitness Gym: 4% (Not Busy) people=3 capacity=72 is_open=True hour_summary=open
[2026-04-17 07:00:03] Outback Climbing Center: 1% (Closed) people=0 capacity=30 is_open=False hour_summary=Closed until 10:00am
[2026-04-17 07:00:03] RIMAC Fitness Gym: 41% (Not Busy) people=61 capacity=150 is_open=True hour_summary=open
[2026-04-17 07:00:03] Triton Esports Center: 0% (Closed) people=0 capacity=35 is_open=False hour_summary=Closed until 7:30am
[2026-04-17 07:00:03] === SCRAPE END OK ===
[2026-04-17 07:15:02] === SCRAPE START ===
[2026-04-17 07:15:02] Fetching https://waitz.io/live/ucsd-rec
[2026-04-17 07:15:03] Saved 4 rows to ucsd_occupancy_history.csv
[2026-04-17 07:15:03] Main Gym Fitness Gym: 11% (Not Busy) people=8 capacity=72 is_open=True hour_summary=open
[2026-04-17 07:15:03] Outback Climbing Center: 2% (Closed) people=1 capacity=30 is_open=False hour_summary=Closed until 10:00am
[2026-04-17 07:15:03] RIMAC Fitness Gym: 47% (Busy) people=70 capacity=150 is_open=True hour_summary=open
[2026-04-17 07:15:03] Triton Esports Center: 0% (Closed) people=0 capacity=35 is_open=False hour_summary=Closed until 7:30am
[2026-04-17 07:15:03] === SCRAPE END OK ===
[2026-04-17 07:30:02] === SCRAPE START ===
[2026-04-17 07:30:02] Fetching https://waitz.io/live/ucsd-rec
[2026-04-17 07:30:03] Saved 4 rows to ucsd_occupancy_history.csv
[2026-04-17 07:30:03] Main Gym Fitness Gym: 10% (Not Busy) people=7 capacity=72 is_open=True hour_summary=open
[2026-04-17 07:30:03] Outback Climbing Center: 5% (Closed) people=1 capacity=30 is_open=False hour_summary=Closed until 10:00am
[2026-04-17 07:30:03] RIMAC Fitness Gym: 47% (Busy) people=70 capacity=150 is_open=True hour_summary=open
[2026-04-17 07:30:03] Triton Esports Center: 0% (Not Busy) people=0 capacity=35 is_open=True hour_summary=open
[2026-04-17 07:30:03] === SCRAPE END OK ===
[2026-04-17 07:45:02] === SCRAPE START ===
[2026-04-17 07:45:02] Fetching https://waitz.io/live/ucsd-rec
[2026-04-17 07:45:03] Saved 4 rows to ucsd_occupancy_history.csv
[2026-04-17 07:45:03] Main Gym Fitness Gym: 12% (Not Busy) people=9 capacity=72 is_open=True hour_summary=open
[2026-04-17 07:45:03] Outback Climbing Center: 1% (Closed) people=0 capacity=30 is_open=False hour_summary=Closed until 10:00am
[2026-04-17 07:45:03] RIMAC Fitness Gym: 71% (Busy) people=106 capacity=150 is_open=True hour_summary=open
[2026-04-17 07:45:03] Triton Esports Center: 0% (Not Busy) people=0 capacity=35 is_open=True hour_summary=open
[2026-04-17 07:45:03] === SCRAPE END OK ===
[2026-04-17 08:00:02] === SCRAPE START ===
[2026-04-17 08:00:02] Fetching https://waitz.io/live/ucsd-rec
[2026-04-17 08:00:03] Saved 4 rows to ucsd_occupancy_history.csv
[2026-04-17 08:00:03] Main Gym Fitness Gym: 24% (Not Busy) people=17 capacity=72 is_open=True hour_summary=open
[2026-04-17 08:00:03] Outback Climbing Center: 7% (Closed) people=2 capacity=30 is_open=False hour_summary=Closed until 10:00am
[2026-04-17 08:00:03] RIMAC Fitness Gym: 40% (Not Busy) people=60 capacity=150 is_open=True hour_summary=open
[2026-04-17 08:00:03] Triton Esports Center: 0% (Not Busy) people=0 capacity=35 is_open=True hour_summary=open
[2026-04-17 08:00:03] === SCRAPE END OK ===
[2026-04-17 08:15:02] === SCRAPE START ===
[2026-04-17 08:15:02] Fetching https://waitz.io/live/ucsd-rec
[2026-04-17 08:15:03] Saved 4 rows to ucsd_occupancy_history.csv
[2026-04-17 08:15:03] Main Gym Fitness Gym: 6% (Not Busy) people=4 capacity=72 is_open=True hour_summary=open
[2026-04-17 08:15:03] Outback Climbing Center: 1% (Closed) people=0 capacity=30 is_open=False hour_summary=Closed until 10:00am
[2026-04-17 08:15:03] RIMAC Fitness Gym: 37% (Not Busy) people=56 capacity=150 is_open=True hour_summary=open
[2026-04-17 08:15:03] Triton Esports Center: 0% (Not Busy) people=0 capacity=35 is_open=True hour_summary=open
[2026-04-17 08:15:03] === SCRAPE END OK ===
[2026-04-17 08:30:02] === SCRAPE START ===
[2026-04-17 08:30:02] Fetching https://waitz.io/live/ucsd-rec
[2026-04-17 08:30:03] Saved 4 rows to ucsd_occupancy_history.csv
[2026-04-17 08:30:03] Main Gym Fitness Gym: 7% (Not Busy) people=5 capacity=72 is_open=True hour_summary=open
[2026-04-17 08:30:03] Outback Climbing Center: 7% (Closed) people=2 capacity=30 is_open=False hour_summary=Closed until 10:00am
[2026-04-17 08:30:03] RIMAC Fitness Gym: 40% (Not Busy) people=61 capacity=150 is_open=True hour_summary=open
[2026-04-17 08:30:03] Triton Esports Center: 0% (Not Busy) people=0 capacity=35 is_open=True hour_summary=open
[2026-04-17 08:30:03] === SCRAPE END OK ===
[2026-04-17 08:45:02] === SCRAPE START ===
[2026-04-17 08:45:02] Fetching https://waitz.io/live/ucsd-rec
[2026-04-17 08:45:03] Saved 4 rows to ucsd_occupancy_history.csv
[2026-04-17 08:45:03] Main Gym Fitness Gym: 15% (Not Busy) people=11 capacity=72 is_open=True hour_summary=open
[2026-04-17 08:45:03] Outback Climbing Center: 9% (Closed) people=3 capacity=30 is_open=False hour_summary=Closed until 10:00am
[2026-04-17 08:45:03] RIMAC Fitness Gym: 41% (Not Busy) people=62 capacity=150 is_open=True hour_summary=open
[2026-04-17 08:45:03] Triton Esports Center: 7% (Not Busy) people=3 capacity=35 is_open=True hour_summary=open
[2026-04-17 08:45:03] === SCRAPE END OK ===
[2026-04-17 09:00:02] === SCRAPE START ===
[2026-04-17 09:00:02] Fetching https://waitz.io/live/ucsd-rec
[2026-04-17 09:00:03] Saved 4 rows to ucsd_occupancy_history.csv
[2026-04-17 09:00:03] Main Gym Fitness Gym: 40% (Not Busy) people=29 capacity=72 is_open=True hour_summary=open
[2026-04-17 09:00:03] Outback Climbing Center: 7% (Closed) people=2 capacity=30 is_open=False hour_summary=Closed until 10:00am
[2026-04-17 09:00:03] RIMAC Fitness Gym: 44% (Not Busy) people=66 capacity=150 is_open=True hour_summary=open
[2026-04-17 09:00:03] Triton Esports Center: 4% (Not Busy) people=1 capacity=35 is_open=True hour_summary=open
[2026-04-17 09:00:03] === SCRAPE END OK ===
[2026-04-17 09:15:02] === SCRAPE START ===
[2026-04-17 09:15:02] Fetching https://waitz.io/live/ucsd-rec
[2026-04-17 09:15:03] Saved 4 rows to ucsd_occupancy_history.csv
[2026-04-17 09:15:03] Main Gym Fitness Gym: 16% (Not Busy) people=11 capacity=72 is_open=True hour_summary=open
[2026-04-17 09:15:03] Outback Climbing Center: 11% (Closed) people=3 capacity=30 is_open=False hour_summary=Closed until 10:00am
[2026-04-17 09:15:03] RIMAC Fitness Gym: 51% (Busy) people=76 capacity=150 is_open=True hour_summary=open
[2026-04-17 09:15:03] Triton Esports Center: 1% (Not Busy) people=0 capacity=35 is_open=True hour_summary=open
[2026-04-17 09:15:03] === SCRAPE END OK ===
[2026-04-17 09:30:02] === SCRAPE START ===
[2026-04-17 09:30:02] Fetching https://waitz.io/live/ucsd-rec
[2026-04-17 09:30:03] Saved 4 rows to ucsd_occupancy_history.csv
[2026-04-17 09:30:03] Main Gym Fitness Gym: 7% (Not Busy) people=5 capacity=72 is_open=True hour_summary=open
[2026-04-17 09:30:03] Outback Climbing Center: 4% (Closed) people=1 capacity=30 is_open=False hour_summary=Closed until 10:00am
[2026-04-17 09:30:03] RIMAC Fitness Gym: 68% (Busy) people=101 capacity=150 is_open=True hour_summary=open
[2026-04-17 09:30:03] Triton Esports Center: 0% (Not Busy) people=0 capacity=35 is_open=True hour_summary=open
[2026-04-17 09:30:03] === SCRAPE END OK ===
[2026-04-17 09:45:02] === SCRAPE START ===
[2026-04-17 09:45:02] Fetching https://waitz.io/live/ucsd-rec
[2026-04-17 09:45:03] Saved 4 rows to ucsd_occupancy_history.csv
[2026-04-17 09:45:03] Main Gym Fitness Gym: 20% (Not Busy) people=14 capacity=72 is_open=True hour_summary=open
[2026-04-17 09:45:03] Outback Climbing Center: 2% (Closed) people=1 capacity=30 is_open=False hour_summary=Closed until 10:00am
[2026-04-17 09:45:03] RIMAC Fitness Gym: 72% (Busy) people=107 capacity=150 is_open=True hour_summary=open
[2026-04-17 09:45:03] Triton Esports Center: 13% (Not Busy) people=5 capacity=35 is_open=True hour_summary=open
[2026-04-17 09:45:03] === SCRAPE END OK ===
[2026-04-17 10:00:02] === SCRAPE START ===
[2026-04-17 10:00:02] Fetching https://waitz.io/live/ucsd-rec
[2026-04-17 10:00:04] Saved 4 rows to ucsd_occupancy_history.csv
[2026-04-17 10:00:04] Main Gym Fitness Gym: 36% (Not Busy) people=26 capacity=72 is_open=True hour_summary=open
[2026-04-17 10:00:04] Outback Climbing Center: 29% (Not Busy) people=9 capacity=30 is_open=True hour_summary=open
[2026-04-17 10:00:04] RIMAC Fitness Gym: 77% (Busy) people=116 capacity=150 is_open=True hour_summary=open
[2026-04-17 10:00:04] Triton Esports Center: 10% (Not Busy) people=4 capacity=35 is_open=True hour_summary=open
[2026-04-17 10:00:04] === SCRAPE END OK ===
[2026-04-17 10:15:02] === SCRAPE START ===
[2026-04-17 10:15:02] Fetching https://waitz.io/live/ucsd-rec
[2026-04-17 10:15:03] Saved 4 rows to ucsd_occupancy_history.csv
[2026-04-17 10:15:03] Main Gym Fitness Gym: 15% (Not Busy) people=11 capacity=72 is_open=True hour_summary=open
[2026-04-17 10:15:03] Outback Climbing Center: 75% (Busy) people=22 capacity=30 is_open=True hour_summary=open
[2026-04-17 10:15:03] RIMAC Fitness Gym: 92% (Very Active) people=138 capacity=150 is_open=True hour_summary=open
[2026-04-17 10:15:03] Triton Esports Center: 42% (Not Busy) people=15 capacity=35 is_open=True hour_summary=open
[2026-04-17 10:15:03] === SCRAPE END OK ===
[2026-04-17 10:30:02] === SCRAPE START ===
[2026-04-17 10:30:02] Fetching https://waitz.io/live/ucsd-rec
[2026-04-17 10:30:04] Saved 4 rows to ucsd_occupancy_history.csv
[2026-04-17 10:30:04] Main Gym Fitness Gym: 25% (Not Busy) people=18 capacity=72 is_open=True hour_summary=open
[2026-04-17 10:30:04] Outback Climbing Center: 91% (Very Active) people=27 capacity=30 is_open=True hour_summary=open
[2026-04-17 10:30:04] RIMAC Fitness Gym: 92% (Very Active) people=138 capacity=150 is_open=True hour_summary=open
[2026-04-17 10:30:04] Triton Esports Center: 25% (Not Busy) people=9 capacity=35 is_open=True hour_summary=open
[2026-04-17 10:30:04] === SCRAPE END OK ===
[2026-04-17 10:45:02] === SCRAPE START ===
[2026-04-17 10:45:02] Fetching https://waitz.io/live/ucsd-rec
[2026-04-17 10:45:03] Saved 4 rows to ucsd_occupancy_history.csv
[2026-04-17 10:45:03] Main Gym Fitness Gym: 9% (Not Busy) people=7 capacity=72 is_open=True hour_summary=open
[2026-04-17 10:45:03] Outback Climbing Center: 99% (Very Active) people=34 capacity=30 is_open=True hour_summary=open
[2026-04-17 10:45:03] RIMAC Fitness Gym: 83% (Very Active) people=124 capacity=150 is_open=True hour_summary=open
[2026-04-17 10:45:03] Triton Esports Center: 25% (Not Busy) people=9 capacity=35 is_open=True hour_summary=open
[2026-04-17 10:45:03] === SCRAPE END OK ===
[2026-04-17 11:00:02] === SCRAPE START ===
[2026-04-17 11:00:02] Fetching https://waitz.io/live/ucsd-rec
[2026-04-17 11:00:03] Saved 4 rows to ucsd_occupancy_history.csv
[2026-04-17 11:00:03] Main Gym Fitness Gym: 36% (Not Busy) people=26 capacity=72 is_open=True hour_summary=open
[2026-04-17 11:00:03] Outback Climbing Center: 99% (Very Active) people=40 capacity=30 is_open=True hour_summary=open
[2026-04-17 11:00:03] RIMAC Fitness Gym: 67% (Busy) people=101 capacity=150 is_open=True hour_summary=open
[2026-04-17 11:00:03] Triton Esports Center: 24% (Not Busy) people=8 capacity=35 is_open=True hour_summary=open
[2026-04-17 11:00:03] === SCRAPE END OK ===
[2026-04-17 11:15:02] === SCRAPE START ===
[2026-04-17 11:15:02] Fetching https://waitz.io/live/ucsd-rec
[2026-04-17 11:15:03] Saved 4 rows to ucsd_occupancy_history.csv
[2026-04-17 11:15:03] Main Gym Fitness Gym: 25% (Not Busy) people=18 capacity=72 is_open=True hour_summary=open
[2026-04-17 11:15:03] Outback Climbing Center: 99% (Very Active) people=35 capacity=30 is_open=True hour_summary=open
[2026-04-17 11:15:03] RIMAC Fitness Gym: 67% (Busy) people=101 capacity=150 is_open=True hour_summary=open
[2026-04-17 11:15:03] Triton Esports Center: 22% (Not Busy) people=8 capacity=35 is_open=True hour_summary=open
[2026-04-17 11:15:03] === SCRAPE END OK ===
