[2026-05-12 00:00:01] === SCRAPE START ===
[2026-05-12 00:00:01] Fetching https://waitz.io/live/ucsd-rec
[2026-05-12 00:00:04] Saved 4 rows to ucsd_occupancy_history.csv
[2026-05-12 00:00:04] Main Gym Fitness Gym: 1% (Closed) people=1 capacity=72 is_open=False hour_summary=Closed until 6:00am
[2026-05-12 00:00:04] Outback Climbing Center: 1% (Closed) people=0 capacity=30 is_open=False hour_summary=Closed until 10:00am
[2026-05-12 00:00:04] RIMAC Fitness Gym: 0% (Closed) people=0 capacity=150 is_open=False hour_summary=Closed until 6:00am
[2026-05-12 00:00:04] Triton Esports Center: 0% (Closed) people=0 capacity=35 is_open=False hour_summary=Closed until 7:30am
[2026-05-12 00:00:04] === SCRAPE END OK ===
[2026-05-12 00:15:02] === SCRAPE START ===
[2026-05-12 00:15:02] Fetching https://waitz.io/live/ucsd-rec
[2026-05-12 00:15:03] Saved 4 rows to ucsd_occupancy_history.csv
[2026-05-12 00:15:03] Main Gym Fitness Gym: 2% (Closed) people=1 capacity=72 is_open=False hour_summary=Closed until 6:00am
[2026-05-12 00:15:03] Outback Climbing Center: 1% (Closed) people=0 capacity=30 is_open=False hour_summary=Closed until 10:00am
[2026-05-12 00:15:03] RIMAC Fitness Gym: 0% (Closed) people=1 capacity=150 is_open=False hour_summary=Closed until 6:00am
[2026-05-12 00:15:03] Triton Esports Center: 0% (Closed) people=0 capacity=35 is_open=False hour_summary=Closed until 7:30am
[2026-05-12 00:15:03] === SCRAPE END OK ===
[2026-05-12 00:30:02] === SCRAPE START ===
[2026-05-12 00:30:02] Fetching https://waitz.io/live/ucsd-rec
[2026-05-12 00:30:03] Saved 4 rows to ucsd_occupancy_history.csv
[2026-05-12 00:30:03] Main Gym Fitness Gym: 1% (Closed) people=1 capacity=72 is_open=False hour_summary=Closed until 6:00am
[2026-05-12 00:30:03] Outback Climbing Center: 4% (Closed) people=1 capacity=30 is_open=False hour_summary=Closed until 10:00am
[2026-05-12 00:30:03] RIMAC Fitness Gym: 0% (Closed) people=0 capacity=150 is_open=False hour_summary=Closed until 6:00am
[2026-05-12 00:30:03] Triton Esports Center: 0% (Closed) people=0 capacity=35 is_open=False hour_summary=Closed until 7:30am
[2026-05-12 00:30:03] === SCRAPE END OK ===
[2026-05-12 00:45:02] === SCRAPE START ===
[2026-05-12 00:45:02] Fetching https://waitz.io/live/ucsd-rec
[2026-05-12 00:45:03] Saved 4 rows to ucsd_occupancy_history.csv
[2026-05-12 00:45:03] Main Gym Fitness Gym: 1% (Closed) people=1 capacity=72 is_open=False hour_summary=Closed until 6:00am
[2026-05-12 00:45:03] Outback Climbing Center: 7% (Closed) people=2 capacity=30 is_open=False hour_summary=Closed until 10:00am
[2026-05-12 00:45:03] RIMAC Fitness Gym: 0% (Closed) people=0 capacity=150 is_open=False hour_summary=Closed until 6:00am
[2026-05-12 00:45:03] Triton Esports Center: 0% (Closed) people=0 capacity=35 is_open=False hour_summary=Closed until 7:30am
[2026-05-12 00:45:03] === SCRAPE END OK ===
[2026-05-12 01:00:02] === SCRAPE START ===
[2026-05-12 01:00:02] Fetching https://waitz.io/live/ucsd-rec
[2026-05-12 01:00:03] Saved 4 rows to ucsd_occupancy_history.csv
[2026-05-12 01:00:03] Main Gym Fitness Gym: 1% (Closed) people=1 capacity=72 is_open=False hour_summary=Closed until 6:00am
[2026-05-12 01:00:03] Outback Climbing Center: 3% (Closed) people=1 capacity=30 is_open=False hour_summary=Closed until 10:00am
[2026-05-12 01:00:03] RIMAC Fitness Gym: 0% (Closed) people=0 capacity=150 is_open=False hour_summary=Closed until 6:00am
[2026-05-12 01:00:03] Triton Esports Center: 0% (Closed) people=0 capacity=35 is_open=False hour_summary=Closed until 7:30am
[2026-05-12 01:00:03] === SCRAPE END OK ===
[2026-05-12 01:15:02] === SCRAPE START ===
[2026-05-12 01:15:02] Fetching https://waitz.io/live/ucsd-rec
[2026-05-12 01:15:03] Saved 4 rows to ucsd_occupancy_history.csv
[2026-05-12 01:15:03] Main Gym Fitness Gym: 1% (Closed) people=1 capacity=72 is_open=False hour_summary=Closed until 6:00am
[2026-05-12 01:15:03] Outback Climbing Center: 6% (Closed) people=2 capacity=30 is_open=False hour_summary=Closed until 10:00am
[2026-05-12 01:15:03] RIMAC Fitness Gym: 0% (Closed) people=0 capacity=150 is_open=False hour_summary=Closed until 6:00am
[2026-05-12 01:15:03] Triton Esports Center: 0% (Closed) people=0 capacity=35 is_open=False hour_summary=Closed until 7:30am
[2026-05-12 01:15:03] === SCRAPE END OK ===
[2026-05-12 01:30:02] === SCRAPE START ===
[2026-05-12 01:30:02] Fetching https://waitz.io/live/ucsd-rec
[2026-05-12 01:30:04] Saved 4 rows to ucsd_occupancy_history.csv
[2026-05-12 01:30:04] Main Gym Fitness Gym: 1% (Closed) people=0 capacity=72 is_open=False hour_summary=Closed until 6:00am
[2026-05-12 01:30:04] Outback Climbing Center: 2% (Closed) people=1 capacity=30 is_open=False hour_summary=Closed until 10:00am
[2026-05-12 01:30:04] RIMAC Fitness Gym: 0% (Closed) people=0 capacity=150 is_open=False hour_summary=Closed until 6:00am
[2026-05-12 01:30:04] Triton Esports Center: 0% (Closed) people=0 capacity=35 is_open=False hour_summary=Closed until 7:30am
[2026-05-12 01:30:04] === SCRAPE END OK ===
[2026-05-12 01:45:02] === SCRAPE START ===
[2026-05-12 01:45:02] Fetching https://waitz.io/live/ucsd-rec
[2026-05-12 01:45:03] Saved 4 rows to ucsd_occupancy_history.csv
[2026-05-12 01:45:03] Main Gym Fitness Gym: 1% (Closed) people=1 capacity=72 is_open=False hour_summary=Closed until 6:00am
[2026-05-12 01:45:03] Outback Climbing Center: 1% (Closed) people=0 capacity=30 is_open=False hour_summary=Closed until 10:00am
[2026-05-12 01:45:03] RIMAC Fitness Gym: 0% (Closed) people=0 capacity=150 is_open=False hour_summary=Closed until 6:00am
[2026-05-12 01:45:03] Triton Esports Center: 0% (Closed) people=0 capacity=35 is_open=False hour_summary=Closed until 7:30am
[2026-05-12 01:45:03] === SCRAPE END OK ===
[2026-05-12 02:00:02] === SCRAPE START ===
[2026-05-12 02:00:02] Fetching https://waitz.io/live/ucsd-rec
[2026-05-12 02:00:04] Saved 4 rows to ucsd_occupancy_history.csv
[2026-05-12 02:00:04] Main Gym Fitness Gym: 1% (Closed) people=1 capacity=72 is_open=False hour_summary=Closed until 6:00am
[2026-05-12 02:00:04] Outback Climbing Center: 1% (Closed) people=0 capacity=30 is_open=False hour_summary=Closed until 10:00am
[2026-05-12 02:00:04] RIMAC Fitness Gym: 0% (Closed) people=1 capacity=150 is_open=False hour_summary=Closed until 6:00am
[2026-05-12 02:00:04] Triton Esports Center: 0% (Closed) people=0 capacity=35 is_open=False hour_summary=Closed until 7:30am
[2026-05-12 02:00:04] === SCRAPE END OK ===
[2026-05-12 02:15:02] === SCRAPE START ===
[2026-05-12 02:15:02] Fetching https://waitz.io/live/ucsd-rec
[2026-05-12 02:15:03] Saved 4 rows to ucsd_occupancy_history.csv
[2026-05-12 02:15:03] Main Gym Fitness Gym: 2% (Closed) people=1 capacity=72 is_open=False hour_summary=Closed until 6:00am
[2026-05-12 02:15:03] Outback Climbing Center: 1% (Closed) people=0 capacity=30 is_open=False hour_summary=Closed until 10:00am
[2026-05-12 02:15:03] RIMAC Fitness Gym: 0% (Closed) people=0 capacity=150 is_open=False hour_summary=Closed until 6:00am
[2026-05-12 02:15:03] Triton Esports Center: 0% (Closed) people=0 capacity=35 is_open=False hour_summary=Closed until 7:30am
[2026-05-12 02:15:03] === SCRAPE END OK ===
[2026-05-12 02:30:02] === SCRAPE START ===
[2026-05-12 02:30:02] Fetching https://waitz.io/live/ucsd-rec
[2026-05-12 02:30:03] Saved 4 rows to ucsd_occupancy_history.csv
[2026-05-12 02:30:03] Main Gym Fitness Gym: 2% (Closed) people=1 capacity=72 is_open=False hour_summary=Closed until 6:00am
[2026-05-12 02:30:03] Outback Climbing Center: 1% (Closed) people=0 capacity=30 is_open=False hour_summary=Closed until 10:00am
[2026-05-12 02:30:03] RIMAC Fitness Gym: 0% (Closed) people=0 capacity=150 is_open=False hour_summary=Closed until 6:00am
[2026-05-12 02:30:03] Triton Esports Center: 0% (Closed) people=0 capacity=35 is_open=False hour_summary=Closed until 7:30am
[2026-05-12 02:30:03] === SCRAPE END OK ===
[2026-05-12 02:45:03] === SCRAPE START ===
[2026-05-12 02:45:03] Fetching https://waitz.io/live/ucsd-rec
[2026-05-12 02:45:04] Saved 4 rows to ucsd_occupancy_history.csv
[2026-05-12 02:45:04] Main Gym Fitness Gym: 1% (Closed) people=1 capacity=72 is_open=False hour_summary=Closed until 6:00am
[2026-05-12 02:45:04] Outback Climbing Center: 1% (Closed) people=0 capacity=30 is_open=False hour_summary=Closed until 10:00am
[2026-05-12 02:45:04] RIMAC Fitness Gym: 0% (Closed) people=0 capacity=150 is_open=False hour_summary=Closed until 6:00am
[2026-05-12 02:45:04] Triton Esports Center: 0% (Closed) people=0 capacity=35 is_open=False hour_summary=Closed until 7:30am
[2026-05-12 02:45:04] === SCRAPE END OK ===
[2026-05-12 03:00:02] === SCRAPE START ===
[2026-05-12 03:00:02] Fetching https://waitz.io/live/ucsd-rec
[2026-05-12 03:00:03] Saved 4 rows to ucsd_occupancy_history.csv
[2026-05-12 03:00:03] Main Gym Fitness Gym: 1% (Closed) people=1 capacity=72 is_open=False hour_summary=Closed until 6:00am
[2026-05-12 03:00:03] Outback Climbing Center: 1% (Closed) people=0 capacity=30 is_open=False hour_summary=Closed until 10:00am
[2026-05-12 03:00:03] RIMAC Fitness Gym: 0% (Closed) people=0 capacity=150 is_open=False hour_summary=Closed until 6:00am
[2026-05-12 03:00:03] Triton Esports Center: 0% (Closed) people=0 capacity=35 is_open=False hour_summary=Closed until 7:30am
[2026-05-12 03:00:03] === SCRAPE END OK ===
[2026-05-12 03:15:02] === SCRAPE START ===
[2026-05-12 03:15:02] Fetching https://waitz.io/live/ucsd-rec
[2026-05-12 03:15:03] Saved 4 rows to ucsd_occupancy_history.csv
[2026-05-12 03:15:03] Main Gym Fitness Gym: 1% (Closed) people=1 capacity=72 is_open=False hour_summary=Closed until 6:00am
[2026-05-12 03:15:03] Outback Climbing Center: 1% (Closed) people=0 capacity=30 is_open=False hour_summary=Closed until 10:00am
[2026-05-12 03:15:03] RIMAC Fitness Gym: 0% (Closed) people=1 capacity=150 is_open=False hour_summary=Closed until 6:00am
[2026-05-12 03:15:03] Triton Esports Center: 0% (Closed) people=0 capacity=35 is_open=False hour_summary=Closed until 7:30am
[2026-05-12 03:15:03] === SCRAPE END OK ===
[2026-05-12 03:30:02] === SCRAPE START ===
[2026-05-12 03:30:02] Fetching https://waitz.io/live/ucsd-rec
[2026-05-12 03:30:03] Saved 4 rows to ucsd_occupancy_history.csv
[2026-05-12 03:30:03] Main Gym Fitness Gym: 1% (Closed) people=1 capacity=72 is_open=False hour_summary=Closed until 6:00am
[2026-05-12 03:30:03] Outback Climbing Center: 1% (Closed) people=0 capacity=30 is_open=False hour_summary=Closed until 10:00am
[2026-05-12 03:30:03] RIMAC Fitness Gym: 0% (Closed) people=1 capacity=150 is_open=False hour_summary=Closed until 6:00am
[2026-05-12 03:30:03] Triton Esports Center: 0% (Closed) people=0 capacity=35 is_open=False hour_summary=Closed until 7:30am
[2026-05-12 03:30:03] === SCRAPE END OK ===
[2026-05-12 03:45:02] === SCRAPE START ===
[2026-05-12 03:45:02] Fetching https://waitz.io/live/ucsd-rec
[2026-05-12 03:45:03] Saved 4 rows to ucsd_occupancy_history.csv
[2026-05-12 03:45:03] Main Gym Fitness Gym: 2% (Closed) people=1 capacity=72 is_open=False hour_summary=Closed until 6:00am
[2026-05-12 03:45:03] Outback Climbing Center: 2% (Closed) people=0 capacity=30 is_open=False hour_summary=Closed until 10:00am
[2026-05-12 03:45:03] RIMAC Fitness Gym: 0% (Closed) people=0 capacity=150 is_open=False hour_summary=Closed until 6:00am
[2026-05-12 03:45:03] Triton Esports Center: 0% (Closed) people=0 capacity=35 is_open=False hour_summary=Closed until 7:30am
[2026-05-12 03:45:03] === SCRAPE END OK ===
[2026-05-12 04:00:02] === SCRAPE START ===
[2026-05-12 04:00:02] Fetching https://waitz.io/live/ucsd-rec
[2026-05-12 04:00:03] Saved 4 rows to ucsd_occupancy_history.csv
[2026-05-12 04:00:03] Main Gym Fitness Gym: 1% (Closed) people=1 capacity=72 is_open=False hour_summary=Closed until 6:00am
[2026-05-12 04:00:03] Outback Climbing Center: 2% (Closed) people=1 capacity=30 is_open=False hour_summary=Closed until 10:00am
[2026-05-12 04:00:03] RIMAC Fitness Gym: 0% (Closed) people=0 capacity=150 is_open=False hour_summary=Closed until 6:00am
[2026-05-12 04:00:03] Triton Esports Center: 0% (Closed) people=0 capacity=35 is_open=False hour_summary=Closed until 7:30am
[2026-05-12 04:00:03] === SCRAPE END OK ===
[2026-05-12 04:15:02] === SCRAPE START ===
[2026-05-12 04:15:02] Fetching https://waitz.io/live/ucsd-rec
[2026-05-12 04:15:03] Saved 4 rows to ucsd_occupancy_history.csv
[2026-05-12 04:15:03] Main Gym Fitness Gym: 1% (Closed) people=1 capacity=72 is_open=False hour_summary=Closed until 6:00am
[2026-05-12 04:15:03] Outback Climbing Center: 1% (Closed) people=0 capacity=30 is_open=False hour_summary=Closed until 10:00am
[2026-05-12 04:15:03] RIMAC Fitness Gym: 0% (Closed) people=0 capacity=150 is_open=False hour_summary=Closed until 6:00am
[2026-05-12 04:15:03] Triton Esports Center: 0% (Closed) people=0 capacity=35 is_open=False hour_summary=Closed until 7:30am
[2026-05-12 04:15:03] === SCRAPE END OK ===
[2026-05-12 04:30:02] === SCRAPE START ===
[2026-05-12 04:30:02] Fetching https://waitz.io/live/ucsd-rec
[2026-05-12 04:30:03] Saved 4 rows to ucsd_occupancy_history.csv
[2026-05-12 04:30:03] Main Gym Fitness Gym: 1% (Closed) people=1 capacity=72 is_open=False hour_summary=Closed until 6:00am
[2026-05-12 04:30:03] Outback Climbing Center: 2% (Closed) people=1 capacity=30 is_open=False hour_summary=Closed until 10:00am
[2026-05-12 04:30:03] RIMAC Fitness Gym: 0% (Closed) people=1 capacity=150 is_open=False hour_summary=Closed until 6:00am
[2026-05-12 04:30:03] Triton Esports Center: 0% (Closed) people=0 capacity=35 is_open=False hour_summary=Closed until 7:30am
[2026-05-12 04:30:03] === SCRAPE END OK ===
[2026-05-12 04:45:02] === SCRAPE START ===
[2026-05-12 04:45:02] Fetching https://waitz.io/live/ucsd-rec
[2026-05-12 04:45:03] Saved 4 rows to ucsd_occupancy_history.csv
[2026-05-12 04:45:03] Main Gym Fitness Gym: 1% (Closed) people=1 capacity=72 is_open=False hour_summary=Closed until 6:00am
[2026-05-12 04:45:03] Outback Climbing Center: 1% (Closed) people=0 capacity=30 is_open=False hour_summary=Closed until 10:00am
[2026-05-12 04:45:03] RIMAC Fitness Gym: 0% (Closed) people=0 capacity=150 is_open=False hour_summary=Closed until 6:00am
[2026-05-12 04:45:03] Triton Esports Center: 0% (Closed) people=0 capacity=35 is_open=False hour_summary=Closed until 7:30am
[2026-05-12 04:45:03] === SCRAPE END OK ===
[2026-05-12 05:00:02] === SCRAPE START ===
[2026-05-12 05:00:02] Fetching https://waitz.io/live/ucsd-rec
[2026-05-12 05:00:03] Saved 4 rows to ucsd_occupancy_history.csv
[2026-05-12 05:00:03] Main Gym Fitness Gym: 1% (Closed) people=1 capacity=72 is_open=False hour_summary=Closed until 6:00am
[2026-05-12 05:00:03] Outback Climbing Center: 2% (Closed) people=0 capacity=30 is_open=False hour_summary=Closed until 10:00am
[2026-05-12 05:00:03] RIMAC Fitness Gym: 0% (Closed) people=0 capacity=150 is_open=False hour_summary=Closed until 6:00am
[2026-05-12 05:00:03] Triton Esports Center: 0% (Closed) people=0 capacity=35 is_open=False hour_summary=Closed until 7:30am
[2026-05-12 05:00:03] === SCRAPE END OK ===
[2026-05-12 05:15:02] === SCRAPE START ===
[2026-05-12 05:15:02] Fetching https://waitz.io/live/ucsd-rec
[2026-05-12 05:15:03] Saved 4 rows to ucsd_occupancy_history.csv
[2026-05-12 05:15:03] Main Gym Fitness Gym: 1% (Closed) people=1 capacity=72 is_open=False hour_summary=Closed until 6:00am
[2026-05-12 05:15:03] Outback Climbing Center: 0% (Closed) people=0 capacity=30 is_open=False hour_summary=Closed until 10:00am
[2026-05-12 05:15:03] RIMAC Fitness Gym: 0% (Closed) people=1 capacity=150 is_open=False hour_summary=Closed until 6:00am
[2026-05-12 05:15:03] Triton Esports Center: 0% (Closed) people=0 capacity=35 is_open=False hour_summary=Closed until 7:30am
[2026-05-12 05:15:03] === SCRAPE END OK ===
[2026-05-12 05:30:02] === SCRAPE START ===
[2026-05-12 05:30:02] Fetching https://waitz.io/live/ucsd-rec
[2026-05-12 05:30:03] Saved 4 rows to ucsd_occupancy_history.csv
[2026-05-12 05:30:03] Main Gym Fitness Gym: 1% (Closed) people=1 capacity=72 is_open=False hour_summary=Closed until 6:00am
[2026-05-12 05:30:03] Outback Climbing Center: 1% (Closed) people=0 capacity=30 is_open=False hour_summary=Closed until 10:00am
[2026-05-12 05:30:03] RIMAC Fitness Gym: 1% (Closed) people=1 capacity=150 is_open=False hour_summary=Closed until 6:00am
[2026-05-12 05:30:03] Triton Esports Center: 0% (Closed) people=0 capacity=35 is_open=False hour_summary=Closed until 7:30am
[2026-05-12 05:30:03] === SCRAPE END OK ===
[2026-05-12 05:45:02] === SCRAPE START ===
[2026-05-12 05:45:02] Fetching https://waitz.io/live/ucsd-rec
[2026-05-12 05:45:03] Saved 4 rows to ucsd_occupancy_history.csv
[2026-05-12 05:45:03] Main Gym Fitness Gym: 1% (Closed) people=1 capacity=72 is_open=False hour_summary=Closed until 6:00am
[2026-05-12 05:45:03] Outback Climbing Center: 2% (Closed) people=1 capacity=30 is_open=False hour_summary=Closed until 10:00am
[2026-05-12 05:45:03] RIMAC Fitness Gym: 0% (Closed) people=0 capacity=150 is_open=False hour_summary=Closed until 6:00am
[2026-05-12 05:45:03] Triton Esports Center: 0% (Closed) people=0 capacity=35 is_open=False hour_summary=Closed until 7:30am
[2026-05-12 05:45:03] === SCRAPE END OK ===
[2026-05-12 06:00:02] === SCRAPE START ===
[2026-05-12 06:00:02] Fetching https://waitz.io/live/ucsd-rec
[2026-05-12 06:00:04] Saved 4 rows to ucsd_occupancy_history.csv
[2026-05-12 06:00:04] Main Gym Fitness Gym: 1% (Not Busy) people=1 capacity=72 is_open=True hour_summary=open
[2026-05-12 06:00:04] Outback Climbing Center: 0% (Closed) people=0 capacity=30 is_open=False hour_summary=Closed until 10:00am
[2026-05-12 06:00:04] RIMAC Fitness Gym: 0% (Not Busy) people=0 capacity=150 is_open=True hour_summary=open
[2026-05-12 06:00:04] Triton Esports Center: 0% (Closed) people=0 capacity=35 is_open=False hour_summary=Closed until 7:30am
[2026-05-12 06:00:04] === SCRAPE END OK ===
[2026-05-12 06:15:02] === SCRAPE START ===
[2026-05-12 06:15:02] Fetching https://waitz.io/live/ucsd-rec
[2026-05-12 06:15:03] Saved 4 rows to ucsd_occupancy_history.csv
[2026-05-12 06:15:03] Main Gym Fitness Gym: 1% (Not Busy) people=1 capacity=72 is_open=True hour_summary=open
[2026-05-12 06:15:03] Outback Climbing Center: 0% (Closed) people=0 capacity=30 is_open=False hour_summary=Closed until 10:00am
[2026-05-12 06:15:03] RIMAC Fitness Gym: 14% (Not Busy) people=21 capacity=150 is_open=True hour_summary=open
[2026-05-12 06:15:03] Triton Esports Center: 0% (Closed) people=0 capacity=35 is_open=False hour_summary=Closed until 7:30am
[2026-05-12 06:15:03] === SCRAPE END OK ===
[2026-05-12 06:30:02] === SCRAPE START ===
[2026-05-12 06:30:02] Fetching https://waitz.io/live/ucsd-rec
[2026-05-12 06:30:03] Saved 4 rows to ucsd_occupancy_history.csv
[2026-05-12 06:30:03] Main Gym Fitness Gym: 52% (Busy) people=38 capacity=72 is_open=True hour_summary=open
[2026-05-12 06:30:03] Outback Climbing Center: 3% (Closed) people=1 capacity=30 is_open=False hour_summary=Closed until 10:00am
[2026-05-12 06:30:03] RIMAC Fitness Gym: 22% (Not Busy) people=34 capacity=150 is_open=True hour_summary=open
[2026-05-12 06:30:03] Triton Esports Center: 0% (Closed) people=0 capacity=35 is_open=False hour_summary=Closed until 7:30am
[2026-05-12 06:30:03] === SCRAPE END OK ===
[2026-05-12 06:45:02] === SCRAPE START ===
[2026-05-12 06:45:02] Fetching https://waitz.io/live/ucsd-rec
[2026-05-12 06:45:03] Saved 4 rows to ucsd_occupancy_history.csv
[2026-05-12 06:45:03] Main Gym Fitness Gym: 8% (Not Busy) people=6 capacity=72 is_open=True hour_summary=open
[2026-05-12 06:45:03] Outback Climbing Center: 5% (Closed) people=1 capacity=30 is_open=False hour_summary=Closed until 10:00am
[2026-05-12 06:45:03] RIMAC Fitness Gym: 25% (Not Busy) people=38 capacity=150 is_open=True hour_summary=open
[2026-05-12 06:45:03] Triton Esports Center: 0% (Closed) people=0 capacity=35 is_open=False hour_summary=Closed until 7:30am
[2026-05-12 06:45:03] === SCRAPE END OK ===
[2026-05-12 07:00:02] === SCRAPE START ===
[2026-05-12 07:00:02] Fetching https://waitz.io/live/ucsd-rec
[2026-05-12 07:00:03] Saved 4 rows to ucsd_occupancy_history.csv
[2026-05-12 07:00:03] Main Gym Fitness Gym: 28% (Not Busy) people=20 capacity=72 is_open=True hour_summary=open
[2026-05-12 07:00:03] Outback Climbing Center: 3% (Closed) people=1 capacity=30 is_open=False hour_summary=Closed until 10:00am
[2026-05-12 07:00:03] RIMAC Fitness Gym: 28% (Not Busy) people=42 capacity=150 is_open=True hour_summary=open
[2026-05-12 07:00:03] Triton Esports Center: 0% (Closed) people=0 capacity=35 is_open=False hour_summary=Closed until 7:30am
[2026-05-12 07:00:03] === SCRAPE END OK ===
[2026-05-12 07:15:02] === SCRAPE START ===
[2026-05-12 07:15:02] Fetching https://waitz.io/live/ucsd-rec
[2026-05-12 07:15:03] Saved 4 rows to ucsd_occupancy_history.csv
[2026-05-12 07:15:03] Main Gym Fitness Gym: 17% (Not Busy) people=12 capacity=72 is_open=True hour_summary=open
[2026-05-12 07:15:03] Outback Climbing Center: 1% (Closed) people=0 capacity=30 is_open=False hour_summary=Closed until 10:00am
[2026-05-12 07:15:03] RIMAC Fitness Gym: 26% (Not Busy) people=39 capacity=150 is_open=True hour_summary=open
[2026-05-12 07:15:03] Triton Esports Center: 0% (Closed) people=0 capacity=35 is_open=False hour_summary=Closed until 7:30am
[2026-05-12 07:15:03] === SCRAPE END OK ===
[2026-05-12 07:30:02] === SCRAPE START ===
[2026-05-12 07:30:02] Fetching https://waitz.io/live/ucsd-rec
[2026-05-12 07:30:03] Saved 4 rows to ucsd_occupancy_history.csv
[2026-05-12 07:30:03] Main Gym Fitness Gym: 16% (Not Busy) people=11 capacity=72 is_open=True hour_summary=open
[2026-05-12 07:30:03] Outback Climbing Center: 11% (Closed) people=3 capacity=30 is_open=False hour_summary=Closed until 10:00am
[2026-05-12 07:30:03] RIMAC Fitness Gym: 31% (Not Busy) people=46 capacity=150 is_open=True hour_summary=open
[2026-05-12 07:30:03] Triton Esports Center: 0% (Not Busy) people=0 capacity=35 is_open=True hour_summary=open
[2026-05-12 07:30:03] === SCRAPE END OK ===
[2026-05-12 07:45:02] === SCRAPE START ===
[2026-05-12 07:45:02] Fetching https://waitz.io/live/ucsd-rec
[2026-05-12 07:45:03] Saved 4 rows to ucsd_occupancy_history.csv
[2026-05-12 07:45:03] Main Gym Fitness Gym: 12% (Not Busy) people=9 capacity=72 is_open=True hour_summary=open
[2026-05-12 07:45:03] Outback Climbing Center: 1% (Closed) people=0 capacity=30 is_open=False hour_summary=Closed until 10:00am
[2026-05-12 07:45:03] RIMAC Fitness Gym: 26% (Not Busy) people=40 capacity=150 is_open=True hour_summary=open
[2026-05-12 07:45:03] Triton Esports Center: 0% (Not Busy) people=0 capacity=35 is_open=True hour_summary=open
[2026-05-12 07:45:03] === SCRAPE END OK ===
[2026-05-12 08:00:02] === SCRAPE START ===
[2026-05-12 08:00:02] Fetching https://waitz.io/live/ucsd-rec
[2026-05-12 08:00:04] Saved 4 rows to ucsd_occupancy_history.csv
[2026-05-12 08:00:04] Main Gym Fitness Gym: 19% (Not Busy) people=14 capacity=72 is_open=True hour_summary=open
[2026-05-12 08:00:04] Outback Climbing Center: 7% (Closed) people=2 capacity=30 is_open=False hour_summary=Closed until 10:00am
[2026-05-12 08:00:04] RIMAC Fitness Gym: 33% (Not Busy) people=50 capacity=150 is_open=True hour_summary=open
[2026-05-12 08:00:04] Triton Esports Center: 0% (Not Busy) people=0 capacity=35 is_open=True hour_summary=open
[2026-05-12 08:00:04] === SCRAPE END OK ===
[2026-05-12 08:15:02] === SCRAPE START ===
[2026-05-12 08:15:02] Fetching https://waitz.io/live/ucsd-rec
[2026-05-12 08:15:03] Saved 4 rows to ucsd_occupancy_history.csv
[2026-05-12 08:15:03] Main Gym Fitness Gym: 32% (Not Busy) people=23 capacity=72 is_open=True hour_summary=open
[2026-05-12 08:15:03] Outback Climbing Center: 3% (Closed) people=1 capacity=30 is_open=False hour_summary=Closed until 10:00am
[2026-05-12 08:15:03] RIMAC Fitness Gym: 43% (Not Busy) people=65 capacity=150 is_open=True hour_summary=open
[2026-05-12 08:15:03] Triton Esports Center: 0% (Not Busy) people=0 capacity=35 is_open=True hour_summary=open
[2026-05-12 08:15:03] === SCRAPE END OK ===
[2026-05-12 08:30:02] === SCRAPE START ===
[2026-05-12 08:30:02] Fetching https://waitz.io/live/ucsd-rec
[2026-05-12 08:30:04] Saved 4 rows to ucsd_occupancy_history.csv
[2026-05-12 08:30:04] Main Gym Fitness Gym: 20% (Not Busy) people=14 capacity=72 is_open=True hour_summary=open
[2026-05-12 08:30:04] Outback Climbing Center: 1% (Closed) people=0 capacity=30 is_open=False hour_summary=Closed until 10:00am
[2026-05-12 08:30:04] RIMAC Fitness Gym: 38% (Not Busy) people=57 capacity=150 is_open=True hour_summary=open
[2026-05-12 08:30:04] Triton Esports Center: 0% (Not Busy) people=0 capacity=35 is_open=True hour_summary=open
[2026-05-12 08:30:04] === SCRAPE END OK ===
[2026-05-12 08:45:02] === SCRAPE START ===
[2026-05-12 08:45:02] Fetching https://waitz.io/live/ucsd-rec
[2026-05-12 08:45:03] Saved 4 rows to ucsd_occupancy_history.csv
[2026-05-12 08:45:03] Main Gym Fitness Gym: 15% (Not Busy) people=11 capacity=72 is_open=True hour_summary=open
[2026-05-12 08:45:03] Outback Climbing Center: 1% (Closed) people=0 capacity=30 is_open=False hour_summary=Closed until 10:00am
[2026-05-12 08:45:03] RIMAC Fitness Gym: 48% (Busy) people=72 capacity=150 is_open=True hour_summary=open
[2026-05-12 08:45:03] Triton Esports Center: 0% (Not Busy) people=0 capacity=35 is_open=True hour_summary=open
[2026-05-12 08:45:03] === SCRAPE END OK ===
[2026-05-12 09:00:02] === SCRAPE START ===
[2026-05-12 09:00:02] Fetching https://waitz.io/live/ucsd-rec
[2026-05-12 09:00:03] Saved 4 rows to ucsd_occupancy_history.csv
[2026-05-12 09:00:03] Main Gym Fitness Gym: 18% (Not Busy) people=13 capacity=72 is_open=True hour_summary=open
[2026-05-12 09:00:03] Outback Climbing Center: 0% (Closed) people=0 capacity=30 is_open=False hour_summary=Closed until 10:00am
[2026-05-12 09:00:03] RIMAC Fitness Gym: 38% (Not Busy) people=56 capacity=150 is_open=True hour_summary=open
[2026-05-12 09:00:03] Triton Esports Center: 2% (Not Busy) people=1 capacity=35 is_open=True hour_summary=open
[2026-05-12 09:00:03] === SCRAPE END OK ===
[2026-05-12 09:15:02] === SCRAPE START ===
[2026-05-12 09:15:02] Fetching https://waitz.io/live/ucsd-rec
[2026-05-12 09:15:03] Saved 4 rows to ucsd_occupancy_history.csv
[2026-05-12 09:15:03] Main Gym Fitness Gym: 23% (Not Busy) people=17 capacity=72 is_open=True hour_summary=open
[2026-05-12 09:15:03] Outback Climbing Center: 4% (Closed) people=1 capacity=30 is_open=False hour_summary=Closed until 10:00am
[2026-05-12 09:15:03] RIMAC Fitness Gym: 45% (Not Busy) people=68 capacity=150 is_open=True hour_summary=open
[2026-05-12 09:15:03] Triton Esports Center: 10% (Not Busy) people=4 capacity=35 is_open=True hour_summary=open
[2026-05-12 09:15:03] === SCRAPE END OK ===
[2026-05-12 09:30:02] === SCRAPE START ===
[2026-05-12 09:30:02] Fetching https://waitz.io/live/ucsd-rec
[2026-05-12 09:30:04] Saved 4 rows to ucsd_occupancy_history.csv
[2026-05-12 09:30:04] Main Gym Fitness Gym: 47% (Busy) people=34 capacity=72 is_open=True hour_summary=open
[2026-05-12 09:30:04] Outback Climbing Center: 1% (Closed) people=0 capacity=30 is_open=False hour_summary=Closed until 10:00am
[2026-05-12 09:30:04] RIMAC Fitness Gym: 36% (Not Busy) people=54 capacity=150 is_open=True hour_summary=open
[2026-05-12 09:30:04] Triton Esports Center: 1% (Not Busy) people=0 capacity=35 is_open=True hour_summary=open
[2026-05-12 09:30:04] === SCRAPE END OK ===
[2026-05-12 09:45:02] === SCRAPE START ===
[2026-05-12 09:45:02] Fetching https://waitz.io/live/ucsd-rec
[2026-05-12 09:45:03] Saved 4 rows to ucsd_occupancy_history.csv
[2026-05-12 09:45:03] Main Gym Fitness Gym: 25% (Not Busy) people=18 capacity=72 is_open=True hour_summary=open
[2026-05-12 09:45:03] Outback Climbing Center: 5% (Closed) people=1 capacity=30 is_open=False hour_summary=Closed until 10:00am
[2026-05-12 09:45:03] RIMAC Fitness Gym: 52% (Busy) people=78 capacity=150 is_open=True hour_summary=open
[2026-05-12 09:45:03] Triton Esports Center: 0% (Not Busy) people=0 capacity=35 is_open=True hour_summary=open
[2026-05-12 09:45:03] === SCRAPE END OK ===
[2026-05-12 10:00:02] === SCRAPE START ===
[2026-05-12 10:00:02] Fetching https://waitz.io/live/ucsd-rec
[2026-05-12 10:00:04] Saved 4 rows to ucsd_occupancy_history.csv
[2026-05-12 10:00:04] Main Gym Fitness Gym: 46% (Busy) people=33 capacity=72 is_open=True hour_summary=open
[2026-05-12 10:00:04] Outback Climbing Center: 2% (Not Busy) people=1 capacity=30 is_open=True hour_summary=open
[2026-05-12 10:00:04] RIMAC Fitness Gym: 58% (Busy) people=88 capacity=150 is_open=True hour_summary=open
[2026-05-12 10:00:04] Triton Esports Center: 2% (Not Busy) people=1 capacity=35 is_open=True hour_summary=open
[2026-05-12 10:00:04] === SCRAPE END OK ===
[2026-05-12 10:15:02] === SCRAPE START ===
[2026-05-12 10:15:02] Fetching https://waitz.io/live/ucsd-rec
[2026-05-12 10:15:03] Saved 4 rows to ucsd_occupancy_history.csv
[2026-05-12 10:15:03] Main Gym Fitness Gym: 27% (Not Busy) people=19 capacity=72 is_open=True hour_summary=open
[2026-05-12 10:15:03] Outback Climbing Center: 51% (Busy) people=15 capacity=30 is_open=True hour_summary=open
[2026-05-12 10:15:03] RIMAC Fitness Gym: 54% (Busy) people=81 capacity=150 is_open=True hour_summary=open
[2026-05-12 10:15:03] Triton Esports Center: 10% (Not Busy) people=4 capacity=35 is_open=True hour_summary=open
[2026-05-12 10:15:03] === SCRAPE END OK ===
[2026-05-12 10:30:02] === SCRAPE START ===
[2026-05-12 10:30:02] Fetching https://waitz.io/live/ucsd-rec
[2026-05-12 10:30:04] Saved 4 rows to ucsd_occupancy_history.csv
[2026-05-12 10:30:04] Main Gym Fitness Gym: 21% (Not Busy) people=15 capacity=72 is_open=True hour_summary=open
[2026-05-12 10:30:04] Outback Climbing Center: 59% (Busy) people=18 capacity=30 is_open=True hour_summary=open
[2026-05-12 10:30:04] RIMAC Fitness Gym: 53% (Busy) people=80 capacity=150 is_open=True hour_summary=open
[2026-05-12 10:30:04] Triton Esports Center: 5% (Not Busy) people=2 capacity=35 is_open=True hour_summary=open
[2026-05-12 10:30:04] === SCRAPE END OK ===
