[2026-04-19 00:00:01] === SCRAPE START ===
[2026-04-19 00:00:01] Fetching https://waitz.io/live/ucsd-rec
[2026-04-19 00:00:03] Saved 4 rows to ucsd_occupancy_history.csv
[2026-04-19 00:00:03] Main Gym Fitness Gym: 1% (Closed) people=1 capacity=72 is_open=False hour_summary=Closed until 8:00am
[2026-04-19 00:00:03] Outback Climbing Center: 1% (Closed) people=0 capacity=30 is_open=False hour_summary=Closed until 4:00pm
[2026-04-19 00:00:03] RIMAC Fitness Gym: 0% (Closed) people=0 capacity=150 is_open=False hour_summary=Closed until 8:00am
[2026-04-19 00:00:03] Triton Esports Center: 0% (Closed) people=0 capacity=35 is_open=False hour_summary=Closed until 11:00am
[2026-04-19 00:00:03] === SCRAPE END OK ===
[2026-04-19 00:15:02] === SCRAPE START ===
[2026-04-19 00:15:02] Fetching https://waitz.io/live/ucsd-rec
[2026-04-19 00:15:03] Saved 4 rows to ucsd_occupancy_history.csv
[2026-04-19 00:15:03] Main Gym Fitness Gym: 1% (Closed) people=1 capacity=72 is_open=False hour_summary=Closed until 8:00am
[2026-04-19 00:15:03] Outback Climbing Center: 2% (Closed) people=1 capacity=30 is_open=False hour_summary=Closed until 4:00pm
[2026-04-19 00:15:03] RIMAC Fitness Gym: 0% (Closed) people=0 capacity=150 is_open=False hour_summary=Closed until 8:00am
[2026-04-19 00:15:03] Triton Esports Center: 0% (Closed) people=0 capacity=35 is_open=False hour_summary=Closed until 11:00am
[2026-04-19 00:15:03] === SCRAPE END OK ===
[2026-04-19 00:30:02] === SCRAPE START ===
[2026-04-19 00:30:02] Fetching https://waitz.io/live/ucsd-rec
[2026-04-19 00:30:03] Saved 4 rows to ucsd_occupancy_history.csv
[2026-04-19 00:30:03] Main Gym Fitness Gym: 1% (Closed) people=1 capacity=72 is_open=False hour_summary=Closed until 8:00am
[2026-04-19 00:30:03] Outback Climbing Center: 2% (Closed) people=1 capacity=30 is_open=False hour_summary=Closed until 4:00pm
[2026-04-19 00:30:03] RIMAC Fitness Gym: 0% (Closed) people=0 capacity=150 is_open=False hour_summary=Closed until 8:00am
[2026-04-19 00:30:03] Triton Esports Center: 0% (Closed) people=0 capacity=35 is_open=False hour_summary=Closed until 11:00am
[2026-04-19 00:30:03] === SCRAPE END OK ===
[2026-04-19 00:45:02] === SCRAPE START ===
[2026-04-19 00:45:02] Fetching https://waitz.io/live/ucsd-rec
[2026-04-19 00:45:03] Saved 4 rows to ucsd_occupancy_history.csv
[2026-04-19 00:45:03] Main Gym Fitness Gym: 1% (Closed) people=1 capacity=72 is_open=False hour_summary=Closed until 8:00am
[2026-04-19 00:45:03] Outback Climbing Center: 1% (Closed) people=0 capacity=30 is_open=False hour_summary=Closed until 4:00pm
[2026-04-19 00:45:03] RIMAC Fitness Gym: 0% (Closed) people=0 capacity=150 is_open=False hour_summary=Closed until 8:00am
[2026-04-19 00:45:03] Triton Esports Center: 0% (Closed) people=0 capacity=35 is_open=False hour_summary=Closed until 11:00am
[2026-04-19 00:45:03] === SCRAPE END OK ===
[2026-04-19 01:00:02] === SCRAPE START ===
[2026-04-19 01:00:02] Fetching https://waitz.io/live/ucsd-rec
[2026-04-19 01:00:05] Saved 4 rows to ucsd_occupancy_history.csv
[2026-04-19 01:00:05] Main Gym Fitness Gym: 1% (Closed) people=1 capacity=72 is_open=False hour_summary=Closed until 8:00am
[2026-04-19 01:00:05] Outback Climbing Center: 2% (Closed) people=1 capacity=30 is_open=False hour_summary=Closed until 4:00pm
[2026-04-19 01:00:05] RIMAC Fitness Gym: 0% (Closed) people=0 capacity=150 is_open=False hour_summary=Closed until 8:00am
[2026-04-19 01:00:05] Triton Esports Center: 0% (Closed) people=0 capacity=35 is_open=False hour_summary=Closed until 11:00am
[2026-04-19 01:00:05] === SCRAPE END OK ===
[2026-04-19 01:15:02] === SCRAPE START ===
[2026-04-19 01:15:02] Fetching https://waitz.io/live/ucsd-rec
[2026-04-19 01:15:03] Saved 4 rows to ucsd_occupancy_history.csv
[2026-04-19 01:15:03] Main Gym Fitness Gym: 1% (Closed) people=1 capacity=72 is_open=False hour_summary=Closed until 8:00am
[2026-04-19 01:15:03] Outback Climbing Center: 5% (Closed) people=1 capacity=30 is_open=False hour_summary=Closed until 4:00pm
[2026-04-19 01:15:03] RIMAC Fitness Gym: 0% (Closed) people=0 capacity=150 is_open=False hour_summary=Closed until 8:00am
[2026-04-19 01:15:03] Triton Esports Center: 0% (Closed) people=0 capacity=35 is_open=False hour_summary=Closed until 11:00am
[2026-04-19 01:15:03] === SCRAPE END OK ===
[2026-04-19 01:30:02] === SCRAPE START ===
[2026-04-19 01:30:02] Fetching https://waitz.io/live/ucsd-rec
[2026-04-19 01:30:03] Saved 4 rows to ucsd_occupancy_history.csv
[2026-04-19 01:30:03] Main Gym Fitness Gym: 2% (Closed) people=1 capacity=72 is_open=False hour_summary=Closed until 8:00am
[2026-04-19 01:30:03] Outback Climbing Center: 1% (Closed) people=0 capacity=30 is_open=False hour_summary=Closed until 4:00pm
[2026-04-19 01:30:03] RIMAC Fitness Gym: 0% (Closed) people=0 capacity=150 is_open=False hour_summary=Closed until 8:00am
[2026-04-19 01:30:03] Triton Esports Center: 0% (Closed) people=0 capacity=35 is_open=False hour_summary=Closed until 11:00am
[2026-04-19 01:30:03] === SCRAPE END OK ===
[2026-04-19 01:45:02] === SCRAPE START ===
[2026-04-19 01:45:02] Fetching https://waitz.io/live/ucsd-rec
[2026-04-19 01:45:03] Saved 4 rows to ucsd_occupancy_history.csv
[2026-04-19 01:45:03] Main Gym Fitness Gym: 1% (Closed) people=1 capacity=72 is_open=False hour_summary=Closed until 8:00am
[2026-04-19 01:45:03] Outback Climbing Center: 2% (Closed) people=1 capacity=30 is_open=False hour_summary=Closed until 4:00pm
[2026-04-19 01:45:03] RIMAC Fitness Gym: 0% (Closed) people=0 capacity=150 is_open=False hour_summary=Closed until 8:00am
[2026-04-19 01:45:03] Triton Esports Center: 0% (Closed) people=0 capacity=35 is_open=False hour_summary=Closed until 11:00am
[2026-04-19 01:45:03] === SCRAPE END OK ===
[2026-04-19 02:00:02] === SCRAPE START ===
[2026-04-19 02:00:02] Fetching https://waitz.io/live/ucsd-rec
[2026-04-19 02:00:03] Saved 4 rows to ucsd_occupancy_history.csv
[2026-04-19 02:00:03] Main Gym Fitness Gym: 1% (Closed) people=1 capacity=72 is_open=False hour_summary=Closed until 8:00am
[2026-04-19 02:00:03] Outback Climbing Center: 5% (Closed) people=2 capacity=30 is_open=False hour_summary=Closed until 4:00pm
[2026-04-19 02:00:03] RIMAC Fitness Gym: 0% (Closed) people=0 capacity=150 is_open=False hour_summary=Closed until 8:00am
[2026-04-19 02:00:03] Triton Esports Center: 0% (Closed) people=0 capacity=35 is_open=False hour_summary=Closed until 11:00am
[2026-04-19 02:00:03] === SCRAPE END OK ===
[2026-04-19 02:15:02] === SCRAPE START ===
[2026-04-19 02:15:02] Fetching https://waitz.io/live/ucsd-rec
[2026-04-19 02:15:03] Saved 4 rows to ucsd_occupancy_history.csv
[2026-04-19 02:15:03] Main Gym Fitness Gym: 1% (Closed) people=1 capacity=72 is_open=False hour_summary=Closed until 8:00am
[2026-04-19 02:15:03] Outback Climbing Center: 3% (Closed) people=1 capacity=30 is_open=False hour_summary=Closed until 4:00pm
[2026-04-19 02:15:03] RIMAC Fitness Gym: 0% (Closed) people=0 capacity=150 is_open=False hour_summary=Closed until 8:00am
[2026-04-19 02:15:03] Triton Esports Center: 0% (Closed) people=0 capacity=35 is_open=False hour_summary=Closed until 11:00am
[2026-04-19 02:15:03] === SCRAPE END OK ===
[2026-04-19 02:30:02] === SCRAPE START ===
[2026-04-19 02:30:02] Fetching https://waitz.io/live/ucsd-rec
[2026-04-19 02:30:03] Saved 4 rows to ucsd_occupancy_history.csv
[2026-04-19 02:30:03] Main Gym Fitness Gym: 1% (Closed) people=1 capacity=72 is_open=False hour_summary=Closed until 8:00am
[2026-04-19 02:30:03] Outback Climbing Center: 2% (Closed) people=1 capacity=30 is_open=False hour_summary=Closed until 4:00pm
[2026-04-19 02:30:03] RIMAC Fitness Gym: 0% (Closed) people=0 capacity=150 is_open=False hour_summary=Closed until 8:00am
[2026-04-19 02:30:03] Triton Esports Center: 0% (Closed) people=0 capacity=35 is_open=False hour_summary=Closed until 11:00am
[2026-04-19 02:30:03] === SCRAPE END OK ===
[2026-04-19 02:45:02] === SCRAPE START ===
[2026-04-19 02:45:02] Fetching https://waitz.io/live/ucsd-rec
[2026-04-19 02:45:04] Saved 4 rows to ucsd_occupancy_history.csv
[2026-04-19 02:45:04] Main Gym Fitness Gym: 1% (Closed) people=1 capacity=72 is_open=False hour_summary=Closed until 8:00am
[2026-04-19 02:45:04] Outback Climbing Center: 2% (Closed) people=1 capacity=30 is_open=False hour_summary=Closed until 4:00pm
[2026-04-19 02:45:04] RIMAC Fitness Gym: 0% (Closed) people=0 capacity=150 is_open=False hour_summary=Closed until 8:00am
[2026-04-19 02:45:04] Triton Esports Center: 0% (Closed) people=0 capacity=35 is_open=False hour_summary=Closed until 11:00am
[2026-04-19 02:45:04] === SCRAPE END OK ===
[2026-04-19 03:00:02] === SCRAPE START ===
[2026-04-19 03:00:02] Fetching https://waitz.io/live/ucsd-rec
[2026-04-19 03:00:04] Saved 4 rows to ucsd_occupancy_history.csv
[2026-04-19 03:00:04] Main Gym Fitness Gym: 1% (Closed) people=1 capacity=72 is_open=False hour_summary=Closed until 8:00am
[2026-04-19 03:00:04] Outback Climbing Center: 2% (Closed) people=0 capacity=30 is_open=False hour_summary=Closed until 4:00pm
[2026-04-19 03:00:04] RIMAC Fitness Gym: 0% (Closed) people=0 capacity=150 is_open=False hour_summary=Closed until 8:00am
[2026-04-19 03:00:04] Triton Esports Center: 0% (Closed) people=0 capacity=35 is_open=False hour_summary=Closed until 11:00am
[2026-04-19 03:00:04] === SCRAPE END OK ===
[2026-04-19 03:15:02] === SCRAPE START ===
[2026-04-19 03:15:02] Fetching https://waitz.io/live/ucsd-rec
[2026-04-19 03:15:03] Saved 4 rows to ucsd_occupancy_history.csv
[2026-04-19 03:15:03] Main Gym Fitness Gym: 1% (Closed) people=1 capacity=72 is_open=False hour_summary=Closed until 8:00am
[2026-04-19 03:15:03] Outback Climbing Center: 3% (Closed) people=1 capacity=30 is_open=False hour_summary=Closed until 4:00pm
[2026-04-19 03:15:03] RIMAC Fitness Gym: 0% (Closed) people=0 capacity=150 is_open=False hour_summary=Closed until 8:00am
[2026-04-19 03:15:03] Triton Esports Center: 0% (Closed) people=0 capacity=35 is_open=False hour_summary=Closed until 11:00am
[2026-04-19 03:15:03] === SCRAPE END OK ===
[2026-04-19 03:30:02] === SCRAPE START ===
[2026-04-19 03:30:02] Fetching https://waitz.io/live/ucsd-rec
[2026-04-19 03:30:03] Saved 4 rows to ucsd_occupancy_history.csv
[2026-04-19 03:30:03] Main Gym Fitness Gym: 1% (Closed) people=1 capacity=72 is_open=False hour_summary=Closed until 8:00am
[2026-04-19 03:30:03] Outback Climbing Center: 2% (Closed) people=0 capacity=30 is_open=False hour_summary=Closed until 4:00pm
[2026-04-19 03:30:03] RIMAC Fitness Gym: 0% (Closed) people=0 capacity=150 is_open=False hour_summary=Closed until 8:00am
[2026-04-19 03:30:03] Triton Esports Center: 0% (Closed) people=0 capacity=35 is_open=False hour_summary=Closed until 11:00am
[2026-04-19 03:30:03] === SCRAPE END OK ===
[2026-04-19 03:45:02] === SCRAPE START ===
[2026-04-19 03:45:02] Fetching https://waitz.io/live/ucsd-rec
[2026-04-19 03:45:03] Saved 4 rows to ucsd_occupancy_history.csv
[2026-04-19 03:45:03] Main Gym Fitness Gym: 1% (Closed) people=1 capacity=72 is_open=False hour_summary=Closed until 8:00am
[2026-04-19 03:45:03] Outback Climbing Center: 2% (Closed) people=1 capacity=30 is_open=False hour_summary=Closed until 4:00pm
[2026-04-19 03:45:03] RIMAC Fitness Gym: 0% (Closed) people=0 capacity=150 is_open=False hour_summary=Closed until 8:00am
[2026-04-19 03:45:03] Triton Esports Center: 0% (Closed) people=0 capacity=35 is_open=False hour_summary=Closed until 11:00am
[2026-04-19 03:45:03] === SCRAPE END OK ===
[2026-04-19 04:00:02] === SCRAPE START ===
[2026-04-19 04:00:02] Fetching https://waitz.io/live/ucsd-rec
[2026-04-19 04:00:03] Saved 4 rows to ucsd_occupancy_history.csv
[2026-04-19 04:00:03] Main Gym Fitness Gym: 1% (Closed) people=1 capacity=72 is_open=False hour_summary=Closed until 8:00am
[2026-04-19 04:00:03] Outback Climbing Center: 1% (Closed) people=0 capacity=30 is_open=False hour_summary=Closed until 4:00pm
[2026-04-19 04:00:03] RIMAC Fitness Gym: 0% (Closed) people=0 capacity=150 is_open=False hour_summary=Closed until 8:00am
[2026-04-19 04:00:03] Triton Esports Center: 0% (Closed) people=0 capacity=35 is_open=False hour_summary=Closed until 11:00am
[2026-04-19 04:00:03] === SCRAPE END OK ===
[2026-04-19 04:15:02] === SCRAPE START ===
[2026-04-19 04:15:02] Fetching https://waitz.io/live/ucsd-rec
[2026-04-19 04:15:03] Saved 4 rows to ucsd_occupancy_history.csv
[2026-04-19 04:15:03] Main Gym Fitness Gym: 1% (Closed) people=1 capacity=72 is_open=False hour_summary=Closed until 8:00am
[2026-04-19 04:15:03] Outback Climbing Center: 2% (Closed) people=1 capacity=30 is_open=False hour_summary=Closed until 4:00pm
[2026-04-19 04:15:03] RIMAC Fitness Gym: 0% (Closed) people=0 capacity=150 is_open=False hour_summary=Closed until 8:00am
[2026-04-19 04:15:03] Triton Esports Center: 0% (Closed) people=0 capacity=35 is_open=False hour_summary=Closed until 11:00am
[2026-04-19 04:15:03] === SCRAPE END OK ===
[2026-04-19 04:30:02] === SCRAPE START ===
[2026-04-19 04:30:02] Fetching https://waitz.io/live/ucsd-rec
[2026-04-19 04:30:04] Saved 4 rows to ucsd_occupancy_history.csv
[2026-04-19 04:30:04] Main Gym Fitness Gym: 1% (Closed) people=1 capacity=72 is_open=False hour_summary=Closed until 8:00am
[2026-04-19 04:30:04] Outback Climbing Center: 2% (Closed) people=1 capacity=30 is_open=False hour_summary=Closed until 4:00pm
[2026-04-19 04:30:04] RIMAC Fitness Gym: 0% (Closed) people=0 capacity=150 is_open=False hour_summary=Closed until 8:00am
[2026-04-19 04:30:04] Triton Esports Center: 0% (Closed) people=0 capacity=35 is_open=False hour_summary=Closed until 11:00am
[2026-04-19 04:30:04] === SCRAPE END OK ===
[2026-04-19 04:45:02] === SCRAPE START ===
[2026-04-19 04:45:02] Fetching https://waitz.io/live/ucsd-rec
[2026-04-19 04:45:03] Saved 4 rows to ucsd_occupancy_history.csv
[2026-04-19 04:45:03] Main Gym Fitness Gym: 1% (Closed) people=1 capacity=72 is_open=False hour_summary=Closed until 8:00am
[2026-04-19 04:45:03] Outback Climbing Center: 3% (Closed) people=1 capacity=30 is_open=False hour_summary=Closed until 4:00pm
[2026-04-19 04:45:03] RIMAC Fitness Gym: 0% (Closed) people=0 capacity=150 is_open=False hour_summary=Closed until 8:00am
[2026-04-19 04:45:03] Triton Esports Center: 0% (Closed) people=0 capacity=35 is_open=False hour_summary=Closed until 11:00am
[2026-04-19 04:45:03] === SCRAPE END OK ===
[2026-04-19 05:00:02] === SCRAPE START ===
[2026-04-19 05:00:02] Fetching https://waitz.io/live/ucsd-rec
[2026-04-19 05:00:03] Saved 4 rows to ucsd_occupancy_history.csv
[2026-04-19 05:00:03] Main Gym Fitness Gym: 1% (Closed) people=1 capacity=72 is_open=False hour_summary=Closed until 8:00am
[2026-04-19 05:00:03] Outback Climbing Center: 5% (Closed) people=1 capacity=30 is_open=False hour_summary=Closed until 4:00pm
[2026-04-19 05:00:03] RIMAC Fitness Gym: 0% (Closed) people=0 capacity=150 is_open=False hour_summary=Closed until 8:00am
[2026-04-19 05:00:03] Triton Esports Center: 0% (Closed) people=0 capacity=35 is_open=False hour_summary=Closed until 11:00am
[2026-04-19 05:00:03] === SCRAPE END OK ===
[2026-04-19 05:15:02] === SCRAPE START ===
[2026-04-19 05:15:02] Fetching https://waitz.io/live/ucsd-rec
[2026-04-19 05:15:03] Saved 4 rows to ucsd_occupancy_history.csv
[2026-04-19 05:15:03] Main Gym Fitness Gym: 1% (Closed) people=1 capacity=72 is_open=False hour_summary=Closed until 8:00am
[2026-04-19 05:15:03] Outback Climbing Center: 2% (Closed) people=1 capacity=30 is_open=False hour_summary=Closed until 4:00pm
[2026-04-19 05:15:03] RIMAC Fitness Gym: 0% (Closed) people=0 capacity=150 is_open=False hour_summary=Closed until 8:00am
[2026-04-19 05:15:03] Triton Esports Center: 0% (Closed) people=0 capacity=35 is_open=False hour_summary=Closed until 11:00am
[2026-04-19 05:15:03] === SCRAPE END OK ===
[2026-04-19 05:30:02] === SCRAPE START ===
[2026-04-19 05:30:02] Fetching https://waitz.io/live/ucsd-rec
[2026-04-19 05:30:03] Saved 4 rows to ucsd_occupancy_history.csv
[2026-04-19 05:30:03] Main Gym Fitness Gym: 1% (Closed) people=1 capacity=72 is_open=False hour_summary=Closed until 8:00am
[2026-04-19 05:30:03] Outback Climbing Center: 1% (Closed) people=0 capacity=30 is_open=False hour_summary=Closed until 4:00pm
[2026-04-19 05:30:03] RIMAC Fitness Gym: 0% (Closed) people=0 capacity=150 is_open=False hour_summary=Closed until 8:00am
[2026-04-19 05:30:03] Triton Esports Center: 0% (Closed) people=0 capacity=35 is_open=False hour_summary=Closed until 11:00am
[2026-04-19 05:30:03] === SCRAPE END OK ===
[2026-04-19 05:45:02] === SCRAPE START ===
[2026-04-19 05:45:02] Fetching https://waitz.io/live/ucsd-rec
[2026-04-19 05:45:03] Saved 4 rows to ucsd_occupancy_history.csv
[2026-04-19 05:45:03] Main Gym Fitness Gym: 1% (Closed) people=1 capacity=72 is_open=False hour_summary=Closed until 8:00am
[2026-04-19 05:45:03] Outback Climbing Center: 1% (Closed) people=0 capacity=30 is_open=False hour_summary=Closed until 4:00pm
[2026-04-19 05:45:03] RIMAC Fitness Gym: 0% (Closed) people=0 capacity=150 is_open=False hour_summary=Closed until 8:00am
[2026-04-19 05:45:03] Triton Esports Center: 0% (Closed) people=0 capacity=35 is_open=False hour_summary=Closed until 11:00am
[2026-04-19 05:45:03] === SCRAPE END OK ===
[2026-04-19 06:00:02] === SCRAPE START ===
[2026-04-19 06:00:02] Fetching https://waitz.io/live/ucsd-rec
[2026-04-19 06:00:03] Saved 4 rows to ucsd_occupancy_history.csv
[2026-04-19 06:00:03] Main Gym Fitness Gym: 1% (Closed) people=1 capacity=72 is_open=False hour_summary=Closed until 8:00am
[2026-04-19 06:00:03] Outback Climbing Center: 12% (Closed) people=4 capacity=30 is_open=False hour_summary=Closed until 4:00pm
[2026-04-19 06:00:03] RIMAC Fitness Gym: 0% (Closed) people=0 capacity=150 is_open=False hour_summary=Closed until 8:00am
[2026-04-19 06:00:03] Triton Esports Center: 0% (Closed) people=0 capacity=35 is_open=False hour_summary=Closed until 11:00am
[2026-04-19 06:00:03] === SCRAPE END OK ===
[2026-04-19 06:15:02] === SCRAPE START ===
[2026-04-19 06:15:02] Fetching https://waitz.io/live/ucsd-rec
[2026-04-19 06:15:03] Saved 4 rows to ucsd_occupancy_history.csv
[2026-04-19 06:15:03] Main Gym Fitness Gym: 1% (Closed) people=1 capacity=72 is_open=False hour_summary=Closed until 8:00am
[2026-04-19 06:15:03] Outback Climbing Center: 1% (Closed) people=0 capacity=30 is_open=False hour_summary=Closed until 4:00pm
[2026-04-19 06:15:03] RIMAC Fitness Gym: 0% (Closed) people=0 capacity=150 is_open=False hour_summary=Closed until 8:00am
[2026-04-19 06:15:03] Triton Esports Center: 0% (Closed) people=0 capacity=35 is_open=False hour_summary=Closed until 11:00am
[2026-04-19 06:15:03] === SCRAPE END OK ===
[2026-04-19 06:30:02] === SCRAPE START ===
[2026-04-19 06:30:02] Fetching https://waitz.io/live/ucsd-rec
[2026-04-19 06:30:03] Saved 4 rows to ucsd_occupancy_history.csv
[2026-04-19 06:30:03] Main Gym Fitness Gym: 1% (Closed) people=1 capacity=72 is_open=False hour_summary=Closed until 8:00am
[2026-04-19 06:30:03] Outback Climbing Center: 2% (Closed) people=1 capacity=30 is_open=False hour_summary=Closed until 4:00pm
[2026-04-19 06:30:03] RIMAC Fitness Gym: 0% (Closed) people=0 capacity=150 is_open=False hour_summary=Closed until 8:00am
[2026-04-19 06:30:03] Triton Esports Center: 0% (Closed) people=0 capacity=35 is_open=False hour_summary=Closed until 11:00am
[2026-04-19 06:30:03] === SCRAPE END OK ===
[2026-04-19 06:45:02] === SCRAPE START ===
[2026-04-19 06:45:02] Fetching https://waitz.io/live/ucsd-rec
[2026-04-19 06:45:03] Saved 4 rows to ucsd_occupancy_history.csv
[2026-04-19 06:45:03] Main Gym Fitness Gym: 1% (Closed) people=1 capacity=72 is_open=False hour_summary=Closed until 8:00am
[2026-04-19 06:45:03] Outback Climbing Center: 2% (Closed) people=0 capacity=30 is_open=False hour_summary=Closed until 4:00pm
[2026-04-19 06:45:03] RIMAC Fitness Gym: 0% (Closed) people=0 capacity=150 is_open=False hour_summary=Closed until 8:00am
[2026-04-19 06:45:03] Triton Esports Center: 0% (Closed) people=0 capacity=35 is_open=False hour_summary=Closed until 11:00am
[2026-04-19 06:45:03] === SCRAPE END OK ===
[2026-04-19 07:00:02] === SCRAPE START ===
[2026-04-19 07:00:02] Fetching https://waitz.io/live/ucsd-rec
[2026-04-19 07:00:03] Saved 4 rows to ucsd_occupancy_history.csv
[2026-04-19 07:00:03] Main Gym Fitness Gym: 1% (Closed) people=1 capacity=72 is_open=False hour_summary=Closed until 8:00am
[2026-04-19 07:00:03] Outback Climbing Center: 1% (Closed) people=0 capacity=30 is_open=False hour_summary=Closed until 4:00pm
[2026-04-19 07:00:03] RIMAC Fitness Gym: 0% (Closed) people=0 capacity=150 is_open=False hour_summary=Closed until 8:00am
[2026-04-19 07:00:03] Triton Esports Center: 0% (Closed) people=0 capacity=35 is_open=False hour_summary=Closed until 11:00am
[2026-04-19 07:00:03] === SCRAPE END OK ===
[2026-04-19 07:15:02] === SCRAPE START ===
[2026-04-19 07:15:02] Fetching https://waitz.io/live/ucsd-rec
[2026-04-19 07:15:03] Saved 4 rows to ucsd_occupancy_history.csv
[2026-04-19 07:15:03] Main Gym Fitness Gym: 1% (Closed) people=1 capacity=72 is_open=False hour_summary=Closed until 8:00am
[2026-04-19 07:15:03] Outback Climbing Center: 2% (Closed) people=1 capacity=30 is_open=False hour_summary=Closed until 4:00pm
[2026-04-19 07:15:03] RIMAC Fitness Gym: 0% (Closed) people=0 capacity=150 is_open=False hour_summary=Closed until 8:00am
[2026-04-19 07:15:03] Triton Esports Center: 0% (Closed) people=0 capacity=35 is_open=False hour_summary=Closed until 11:00am
[2026-04-19 07:15:03] === SCRAPE END OK ===
[2026-04-19 07:30:02] === SCRAPE START ===
[2026-04-19 07:30:02] Fetching https://waitz.io/live/ucsd-rec
[2026-04-19 07:30:03] Saved 4 rows to ucsd_occupancy_history.csv
[2026-04-19 07:30:03] Main Gym Fitness Gym: 1% (Closed) people=1 capacity=72 is_open=False hour_summary=Closed until 8:00am
[2026-04-19 07:30:03] Outback Climbing Center: 4% (Closed) people=1 capacity=30 is_open=False hour_summary=Closed until 4:00pm
[2026-04-19 07:30:03] RIMAC Fitness Gym: 0% (Closed) people=0 capacity=150 is_open=False hour_summary=Closed until 8:00am
[2026-04-19 07:30:03] Triton Esports Center: 0% (Closed) people=0 capacity=35 is_open=False hour_summary=Closed until 11:00am
[2026-04-19 07:30:03] === SCRAPE END OK ===
[2026-04-19 07:45:02] === SCRAPE START ===
[2026-04-19 07:45:02] Fetching https://waitz.io/live/ucsd-rec
[2026-04-19 07:45:03] Saved 4 rows to ucsd_occupancy_history.csv
[2026-04-19 07:45:03] Main Gym Fitness Gym: 1% (Closed) people=1 capacity=72 is_open=False hour_summary=Closed until 8:00am
[2026-04-19 07:45:03] Outback Climbing Center: 2% (Closed) people=1 capacity=30 is_open=False hour_summary=Closed until 4:00pm
[2026-04-19 07:45:03] RIMAC Fitness Gym: 0% (Closed) people=0 capacity=150 is_open=False hour_summary=Closed until 8:00am
[2026-04-19 07:45:03] Triton Esports Center: 0% (Closed) people=0 capacity=35 is_open=False hour_summary=Closed until 11:00am
[2026-04-19 07:45:03] === SCRAPE END OK ===
[2026-04-19 08:00:02] === SCRAPE START ===
[2026-04-19 08:00:02] Fetching https://waitz.io/live/ucsd-rec
[2026-04-19 08:00:03] Saved 4 rows to ucsd_occupancy_history.csv
[2026-04-19 08:00:03] Main Gym Fitness Gym: 1% (Not Busy) people=1 capacity=72 is_open=True hour_summary=open
[2026-04-19 08:00:03] Outback Climbing Center: 4% (Closed) people=1 capacity=30 is_open=False hour_summary=Closed until 4:00pm
[2026-04-19 08:00:03] RIMAC Fitness Gym: 0% (Not Busy) people=0 capacity=150 is_open=True hour_summary=open
[2026-04-19 08:00:03] Triton Esports Center: 0% (Closed) people=0 capacity=35 is_open=False hour_summary=Closed until 11:00am
[2026-04-19 08:00:03] === SCRAPE END OK ===
[2026-04-19 08:15:02] === SCRAPE START ===
[2026-04-19 08:15:02] Fetching https://waitz.io/live/ucsd-rec
[2026-04-19 08:15:03] Saved 4 rows to ucsd_occupancy_history.csv
[2026-04-19 08:15:03] Main Gym Fitness Gym: 1% (Not Busy) people=1 capacity=72 is_open=True hour_summary=open
[2026-04-19 08:15:03] Outback Climbing Center: 1% (Closed) people=0 capacity=30 is_open=False hour_summary=Closed until 4:00pm
[2026-04-19 08:15:03] RIMAC Fitness Gym: 11% (Not Busy) people=17 capacity=150 is_open=True hour_summary=open
[2026-04-19 08:15:03] Triton Esports Center: 0% (Closed) people=0 capacity=35 is_open=False hour_summary=Closed until 11:00am
[2026-04-19 08:15:03] === SCRAPE END OK ===
[2026-04-19 08:30:02] === SCRAPE START ===
[2026-04-19 08:30:02] Fetching https://waitz.io/live/ucsd-rec
[2026-04-19 08:30:03] Saved 4 rows to ucsd_occupancy_history.csv
[2026-04-19 08:30:03] Main Gym Fitness Gym: 2% (Not Busy) people=1 capacity=72 is_open=True hour_summary=open
[2026-04-19 08:30:03] Outback Climbing Center: 1% (Closed) people=0 capacity=30 is_open=False hour_summary=Closed until 4:00pm
[2026-04-19 08:30:03] RIMAC Fitness Gym: 17% (Not Busy) people=26 capacity=150 is_open=True hour_summary=open
[2026-04-19 08:30:03] Triton Esports Center: 0% (Closed) people=0 capacity=35 is_open=False hour_summary=Closed until 11:00am
[2026-04-19 08:30:03] === SCRAPE END OK ===
[2026-04-19 08:45:02] === SCRAPE START ===
[2026-04-19 08:45:02] Fetching https://waitz.io/live/ucsd-rec
[2026-04-19 08:45:03] Saved 4 rows to ucsd_occupancy_history.csv
[2026-04-19 08:45:03] Main Gym Fitness Gym: 8% (Not Busy) people=6 capacity=72 is_open=True hour_summary=open
[2026-04-19 08:45:03] Outback Climbing Center: 1% (Closed) people=0 capacity=30 is_open=False hour_summary=Closed until 4:00pm
[2026-04-19 08:45:03] RIMAC Fitness Gym: 26% (Not Busy) people=38 capacity=150 is_open=True hour_summary=open
[2026-04-19 08:45:03] Triton Esports Center: 0% (Closed) people=0 capacity=35 is_open=False hour_summary=Closed until 11:00am
[2026-04-19 08:45:03] === SCRAPE END OK ===
[2026-04-19 09:00:02] === SCRAPE START ===
[2026-04-19 09:00:02] Fetching https://waitz.io/live/ucsd-rec
[2026-04-19 09:00:03] Saved 4 rows to ucsd_occupancy_history.csv
[2026-04-19 09:00:03] Main Gym Fitness Gym: 11% (Not Busy) people=8 capacity=72 is_open=True hour_summary=open
[2026-04-19 09:00:03] Outback Climbing Center: 1% (Closed) people=0 capacity=30 is_open=False hour_summary=Closed until 4:00pm
[2026-04-19 09:00:03] RIMAC Fitness Gym: 30% (Not Busy) people=44 capacity=150 is_open=True hour_summary=open
[2026-04-19 09:00:03] Triton Esports Center: 0% (Closed) people=0 capacity=35 is_open=False hour_summary=Closed until 11:00am
[2026-04-19 09:00:03] === SCRAPE END OK ===
[2026-04-19 09:15:02] === SCRAPE START ===
[2026-04-19 09:15:02] Fetching https://waitz.io/live/ucsd-rec
[2026-04-19 09:15:03] Saved 4 rows to ucsd_occupancy_history.csv
[2026-04-19 09:15:03] Main Gym Fitness Gym: 4% (Not Busy) people=3 capacity=72 is_open=True hour_summary=open
[2026-04-19 09:15:03] Outback Climbing Center: 4% (Closed) people=1 capacity=30 is_open=False hour_summary=Closed until 4:00pm
[2026-04-19 09:15:03] RIMAC Fitness Gym: 33% (Not Busy) people=49 capacity=150 is_open=True hour_summary=open
[2026-04-19 09:15:03] Triton Esports Center: 0% (Closed) people=0 capacity=35 is_open=False hour_summary=Closed until 11:00am
[2026-04-19 09:15:03] === SCRAPE END OK ===
[2026-04-19 09:30:02] === SCRAPE START ===
[2026-04-19 09:30:02] Fetching https://waitz.io/live/ucsd-rec
[2026-04-19 09:30:03] Saved 4 rows to ucsd_occupancy_history.csv
[2026-04-19 09:30:03] Main Gym Fitness Gym: 17% (Not Busy) people=12 capacity=72 is_open=True hour_summary=open
[2026-04-19 09:30:03] Outback Climbing Center: 6% (Closed) people=2 capacity=30 is_open=False hour_summary=Closed until 4:00pm
[2026-04-19 09:30:03] RIMAC Fitness Gym: 39% (Not Busy) people=59 capacity=150 is_open=True hour_summary=open
[2026-04-19 09:30:03] Triton Esports Center: 0% (Closed) people=0 capacity=35 is_open=False hour_summary=Closed until 11:00am
[2026-04-19 09:30:03] === SCRAPE END OK ===
[2026-04-19 09:45:02] === SCRAPE START ===
[2026-04-19 09:45:02] Fetching https://waitz.io/live/ucsd-rec
[2026-04-19 09:45:03] Saved 4 rows to ucsd_occupancy_history.csv
[2026-04-19 09:45:03] Main Gym Fitness Gym: 21% (Not Busy) people=15 capacity=72 is_open=True hour_summary=open
[2026-04-19 09:45:03] Outback Climbing Center: 6% (Closed) people=2 capacity=30 is_open=False hour_summary=Closed until 4:00pm
[2026-04-19 09:45:03] RIMAC Fitness Gym: 43% (Not Busy) people=64 capacity=150 is_open=True hour_summary=open
[2026-04-19 09:45:03] Triton Esports Center: 0% (Closed) people=0 capacity=35 is_open=False hour_summary=Closed until 11:00am
[2026-04-19 09:45:03] === SCRAPE END OK ===
[2026-04-19 10:00:02] === SCRAPE START ===
[2026-04-19 10:00:02] Fetching https://waitz.io/live/ucsd-rec
[2026-04-19 10:00:05] Saved 4 rows to ucsd_occupancy_history.csv
[2026-04-19 10:00:05] Main Gym Fitness Gym: 7% (Not Busy) people=5 capacity=72 is_open=True hour_summary=open
[2026-04-19 10:00:05] Outback Climbing Center: 4% (Closed) people=1 capacity=30 is_open=False hour_summary=Closed until 4:00pm
[2026-04-19 10:00:05] RIMAC Fitness Gym: 42% (Not Busy) people=64 capacity=150 is_open=True hour_summary=open
[2026-04-19 10:00:05] Triton Esports Center: 0% (Closed) people=0 capacity=35 is_open=False hour_summary=Closed until 11:00am
[2026-04-19 10:00:05] === SCRAPE END OK ===
[2026-04-19 10:15:02] === SCRAPE START ===
[2026-04-19 10:15:02] Fetching https://waitz.io/live/ucsd-rec
[2026-04-19 10:15:03] Saved 4 rows to ucsd_occupancy_history.csv
[2026-04-19 10:15:03] Main Gym Fitness Gym: 19% (Not Busy) people=14 capacity=72 is_open=True hour_summary=open
[2026-04-19 10:15:03] Outback Climbing Center: 2% (Closed) people=1 capacity=30 is_open=False hour_summary=Closed until 4:00pm
[2026-04-19 10:15:03] RIMAC Fitness Gym: 39% (Not Busy) people=58 capacity=150 is_open=True hour_summary=open
[2026-04-19 10:15:03] Triton Esports Center: 0% (Closed) people=0 capacity=35 is_open=False hour_summary=Closed until 11:00am
[2026-04-19 10:15:03] === SCRAPE END OK ===
