[2026-04-13 00:00:01] === SCRAPE START ===
[2026-04-13 00:00:01] Fetching https://waitz.io/live/ucsd-rec
[2026-04-13 00:00:03] Saved 4 rows to ucsd_occupancy_history.csv
[2026-04-13 00:00:03] Main Gym Fitness Gym: 1% (Closed) people=1 capacity=72 is_open=False hour_summary=Closed until 6:00am
[2026-04-13 00:00:03] Outback Climbing Center: 21% (Closed) people=6 capacity=30 is_open=False hour_summary=Closed until 10:00am
[2026-04-13 00:00:03] RIMAC Fitness Gym: 3% (Closed) people=4 capacity=150 is_open=False hour_summary=Closed until 6:00am
[2026-04-13 00:00:03] Triton Esports Center: 0% (Closed) people=0 capacity=35 is_open=False hour_summary=Closed until 7:30am
[2026-04-13 00:00:03] === SCRAPE END OK ===
[2026-04-13 00:15:02] === SCRAPE START ===
[2026-04-13 00:15:02] Fetching https://waitz.io/live/ucsd-rec
[2026-04-13 00:15:03] Saved 4 rows to ucsd_occupancy_history.csv
[2026-04-13 00:15:03] Main Gym Fitness Gym: 1% (Closed) people=1 capacity=72 is_open=False hour_summary=Closed until 6:00am
[2026-04-13 00:15:03] Outback Climbing Center: 18% (Closed) people=5 capacity=30 is_open=False hour_summary=Closed until 10:00am
[2026-04-13 00:15:03] RIMAC Fitness Gym: 1% (Closed) people=1 capacity=150 is_open=False hour_summary=Closed until 6:00am
[2026-04-13 00:15:03] Triton Esports Center: 0% (Closed) people=0 capacity=35 is_open=False hour_summary=Closed until 7:30am
[2026-04-13 00:15:03] === SCRAPE END OK ===
[2026-04-13 00:30:02] === SCRAPE START ===
[2026-04-13 00:30:02] Fetching https://waitz.io/live/ucsd-rec
[2026-04-13 00:30:03] Saved 4 rows to ucsd_occupancy_history.csv
[2026-04-13 00:30:03] Main Gym Fitness Gym: 1% (Closed) people=1 capacity=72 is_open=False hour_summary=Closed until 6:00am
[2026-04-13 00:30:03] Outback Climbing Center: 18% (Closed) people=5 capacity=30 is_open=False hour_summary=Closed until 10:00am
[2026-04-13 00:30:03] RIMAC Fitness Gym: 1% (Closed) people=1 capacity=150 is_open=False hour_summary=Closed until 6:00am
[2026-04-13 00:30:03] Triton Esports Center: 0% (Closed) people=0 capacity=35 is_open=False hour_summary=Closed until 7:30am
[2026-04-13 00:30:03] === SCRAPE END OK ===
[2026-04-13 00:45:02] === SCRAPE START ===
[2026-04-13 00:45:02] Fetching https://waitz.io/live/ucsd-rec
[2026-04-13 00:45:03] Saved 4 rows to ucsd_occupancy_history.csv
[2026-04-13 00:45:03] Main Gym Fitness Gym: 1% (Closed) people=1 capacity=72 is_open=False hour_summary=Closed until 6:00am
[2026-04-13 00:45:03] Outback Climbing Center: 2% (Closed) people=1 capacity=30 is_open=False hour_summary=Closed until 10:00am
[2026-04-13 00:45:03] RIMAC Fitness Gym: 1% (Closed) people=1 capacity=150 is_open=False hour_summary=Closed until 6:00am
[2026-04-13 00:45:03] Triton Esports Center: 0% (Closed) people=0 capacity=35 is_open=False hour_summary=Closed until 7:30am
[2026-04-13 00:45:03] === SCRAPE END OK ===
[2026-04-13 01:00:02] === SCRAPE START ===
[2026-04-13 01:00:02] Fetching https://waitz.io/live/ucsd-rec
[2026-04-13 01:00:04] Saved 4 rows to ucsd_occupancy_history.csv
[2026-04-13 01:00:04] Main Gym Fitness Gym: 1% (Closed) people=1 capacity=72 is_open=False hour_summary=Closed until 6:00am
[2026-04-13 01:00:04] Outback Climbing Center: 2% (Closed) people=0 capacity=30 is_open=False hour_summary=Closed until 10:00am
[2026-04-13 01:00:04] RIMAC Fitness Gym: 0% (Closed) people=1 capacity=150 is_open=False hour_summary=Closed until 6:00am
[2026-04-13 01:00:04] Triton Esports Center: 0% (Closed) people=0 capacity=35 is_open=False hour_summary=Closed until 7:30am
[2026-04-13 01:00:04] === SCRAPE END OK ===
[2026-04-13 01:15:02] === SCRAPE START ===
[2026-04-13 01:15:02] Fetching https://waitz.io/live/ucsd-rec
[2026-04-13 01:15:04] Saved 4 rows to ucsd_occupancy_history.csv
[2026-04-13 01:15:04] Main Gym Fitness Gym: 1% (Closed) people=1 capacity=72 is_open=False hour_summary=Closed until 6:00am
[2026-04-13 01:15:04] Outback Climbing Center: 1% (Closed) people=0 capacity=30 is_open=False hour_summary=Closed until 10:00am
[2026-04-13 01:15:04] RIMAC Fitness Gym: 1% (Closed) people=1 capacity=150 is_open=False hour_summary=Closed until 6:00am
[2026-04-13 01:15:04] Triton Esports Center: 0% (Closed) people=0 capacity=35 is_open=False hour_summary=Closed until 7:30am
[2026-04-13 01:15:04] === SCRAPE END OK ===
[2026-04-13 01:30:02] === SCRAPE START ===
[2026-04-13 01:30:02] Fetching https://waitz.io/live/ucsd-rec
[2026-04-13 01:30:03] Saved 4 rows to ucsd_occupancy_history.csv
[2026-04-13 01:30:03] Main Gym Fitness Gym: 1% (Closed) people=1 capacity=72 is_open=False hour_summary=Closed until 6:00am
[2026-04-13 01:30:03] Outback Climbing Center: 1% (Closed) people=0 capacity=30 is_open=False hour_summary=Closed until 10:00am
[2026-04-13 01:30:03] RIMAC Fitness Gym: 1% (Closed) people=1 capacity=150 is_open=False hour_summary=Closed until 6:00am
[2026-04-13 01:30:03] Triton Esports Center: 0% (Closed) people=0 capacity=35 is_open=False hour_summary=Closed until 7:30am
[2026-04-13 01:30:03] === SCRAPE END OK ===
[2026-04-13 01:45:02] === SCRAPE START ===
[2026-04-13 01:45:02] Fetching https://waitz.io/live/ucsd-rec
[2026-04-13 01:45:03] Saved 4 rows to ucsd_occupancy_history.csv
[2026-04-13 01:45:03] Main Gym Fitness Gym: 1% (Closed) people=1 capacity=72 is_open=False hour_summary=Closed until 6:00am
[2026-04-13 01:45:03] Outback Climbing Center: 2% (Closed) people=1 capacity=30 is_open=False hour_summary=Closed until 10:00am
[2026-04-13 01:45:03] RIMAC Fitness Gym: 1% (Closed) people=2 capacity=150 is_open=False hour_summary=Closed until 6:00am
[2026-04-13 01:45:03] Triton Esports Center: 0% (Closed) people=0 capacity=35 is_open=False hour_summary=Closed until 7:30am
[2026-04-13 01:45:03] === SCRAPE END OK ===
[2026-04-13 02:00:02] === SCRAPE START ===
[2026-04-13 02:00:02] Fetching https://waitz.io/live/ucsd-rec
[2026-04-13 02:00:03] Saved 4 rows to ucsd_occupancy_history.csv
[2026-04-13 02:00:03] Main Gym Fitness Gym: 1% (Closed) people=1 capacity=72 is_open=False hour_summary=Closed until 6:00am
[2026-04-13 02:00:03] Outback Climbing Center: 2% (Closed) people=0 capacity=30 is_open=False hour_summary=Closed until 10:00am
[2026-04-13 02:00:03] RIMAC Fitness Gym: 1% (Closed) people=1 capacity=150 is_open=False hour_summary=Closed until 6:00am
[2026-04-13 02:00:03] Triton Esports Center: 0% (Closed) people=0 capacity=35 is_open=False hour_summary=Closed until 7:30am
[2026-04-13 02:00:03] === SCRAPE END OK ===
[2026-04-13 02:15:02] === SCRAPE START ===
[2026-04-13 02:15:02] Fetching https://waitz.io/live/ucsd-rec
[2026-04-13 02:15:04] Saved 4 rows to ucsd_occupancy_history.csv
[2026-04-13 02:15:04] Main Gym Fitness Gym: 1% (Closed) people=1 capacity=72 is_open=False hour_summary=Closed until 6:00am
[2026-04-13 02:15:04] Outback Climbing Center: 1% (Closed) people=0 capacity=30 is_open=False hour_summary=Closed until 10:00am
[2026-04-13 02:15:04] RIMAC Fitness Gym: 1% (Closed) people=1 capacity=150 is_open=False hour_summary=Closed until 6:00am
[2026-04-13 02:15:04] Triton Esports Center: 0% (Closed) people=0 capacity=35 is_open=False hour_summary=Closed until 7:30am
[2026-04-13 02:15:04] === SCRAPE END OK ===
[2026-04-13 02:30:02] === SCRAPE START ===
[2026-04-13 02:30:02] Fetching https://waitz.io/live/ucsd-rec
[2026-04-13 02:30:03] Saved 4 rows to ucsd_occupancy_history.csv
[2026-04-13 02:30:03] Main Gym Fitness Gym: 1% (Closed) people=1 capacity=72 is_open=False hour_summary=Closed until 6:00am
[2026-04-13 02:30:03] Outback Climbing Center: 1% (Closed) people=0 capacity=30 is_open=False hour_summary=Closed until 10:00am
[2026-04-13 02:30:03] RIMAC Fitness Gym: 1% (Closed) people=1 capacity=150 is_open=False hour_summary=Closed until 6:00am
[2026-04-13 02:30:03] Triton Esports Center: 0% (Closed) people=0 capacity=35 is_open=False hour_summary=Closed until 7:30am
[2026-04-13 02:30:03] === SCRAPE END OK ===
[2026-04-13 02:45:02] === SCRAPE START ===
[2026-04-13 02:45:02] Fetching https://waitz.io/live/ucsd-rec
[2026-04-13 02:45:03] Saved 4 rows to ucsd_occupancy_history.csv
[2026-04-13 02:45:03] Main Gym Fitness Gym: 1% (Closed) people=1 capacity=72 is_open=False hour_summary=Closed until 6:00am
[2026-04-13 02:45:03] Outback Climbing Center: 4% (Closed) people=1 capacity=30 is_open=False hour_summary=Closed until 10:00am
[2026-04-13 02:45:03] RIMAC Fitness Gym: 1% (Closed) people=1 capacity=150 is_open=False hour_summary=Closed until 6:00am
[2026-04-13 02:45:03] Triton Esports Center: 0% (Closed) people=0 capacity=35 is_open=False hour_summary=Closed until 7:30am
[2026-04-13 02:45:03] === SCRAPE END OK ===
[2026-04-13 03:00:02] === SCRAPE START ===
[2026-04-13 03:00:02] Fetching https://waitz.io/live/ucsd-rec
[2026-04-13 03:00:03] Saved 4 rows to ucsd_occupancy_history.csv
[2026-04-13 03:00:03] Main Gym Fitness Gym: 1% (Closed) people=1 capacity=72 is_open=False hour_summary=Closed until 6:00am
[2026-04-13 03:00:03] Outback Climbing Center: 1% (Closed) people=0 capacity=30 is_open=False hour_summary=Closed until 10:00am
[2026-04-13 03:00:03] RIMAC Fitness Gym: 1% (Closed) people=1 capacity=150 is_open=False hour_summary=Closed until 6:00am
[2026-04-13 03:00:03] Triton Esports Center: 0% (Closed) people=0 capacity=35 is_open=False hour_summary=Closed until 7:30am
[2026-04-13 03:00:03] === SCRAPE END OK ===
[2026-04-13 03:15:02] === SCRAPE START ===
[2026-04-13 03:15:02] Fetching https://waitz.io/live/ucsd-rec
[2026-04-13 03:15:04] Saved 4 rows to ucsd_occupancy_history.csv
[2026-04-13 03:15:04] Main Gym Fitness Gym: 1% (Closed) people=1 capacity=72 is_open=False hour_summary=Closed until 6:00am
[2026-04-13 03:15:04] Outback Climbing Center: 1% (Closed) people=0 capacity=30 is_open=False hour_summary=Closed until 10:00am
[2026-04-13 03:15:04] RIMAC Fitness Gym: 1% (Closed) people=1 capacity=150 is_open=False hour_summary=Closed until 6:00am
[2026-04-13 03:15:04] Triton Esports Center: 0% (Closed) people=0 capacity=35 is_open=False hour_summary=Closed until 7:30am
[2026-04-13 03:15:04] === SCRAPE END OK ===
[2026-04-13 03:30:02] === SCRAPE START ===
[2026-04-13 03:30:02] Fetching https://waitz.io/live/ucsd-rec
[2026-04-13 03:30:03] Saved 4 rows to ucsd_occupancy_history.csv
[2026-04-13 03:30:03] Main Gym Fitness Gym: 1% (Closed) people=1 capacity=72 is_open=False hour_summary=Closed until 6:00am
[2026-04-13 03:30:03] Outback Climbing Center: 4% (Closed) people=1 capacity=30 is_open=False hour_summary=Closed until 10:00am
[2026-04-13 03:30:03] RIMAC Fitness Gym: 1% (Closed) people=1 capacity=150 is_open=False hour_summary=Closed until 6:00am
[2026-04-13 03:30:03] Triton Esports Center: 0% (Closed) people=0 capacity=35 is_open=False hour_summary=Closed until 7:30am
[2026-04-13 03:30:03] === SCRAPE END OK ===
[2026-04-13 03:45:02] === SCRAPE START ===
[2026-04-13 03:45:02] Fetching https://waitz.io/live/ucsd-rec
[2026-04-13 03:45:03] Saved 4 rows to ucsd_occupancy_history.csv
[2026-04-13 03:45:03] Main Gym Fitness Gym: 1% (Closed) people=1 capacity=72 is_open=False hour_summary=Closed until 6:00am
[2026-04-13 03:45:03] Outback Climbing Center: 1% (Closed) people=0 capacity=30 is_open=False hour_summary=Closed until 10:00am
[2026-04-13 03:45:03] RIMAC Fitness Gym: 1% (Closed) people=1 capacity=150 is_open=False hour_summary=Closed until 6:00am
[2026-04-13 03:45:03] Triton Esports Center: 0% (Closed) people=0 capacity=35 is_open=False hour_summary=Closed until 7:30am
[2026-04-13 03:45:03] === SCRAPE END OK ===
[2026-04-13 04:00:03] === SCRAPE START ===
[2026-04-13 04:00:03] Fetching https://waitz.io/live/ucsd-rec
[2026-04-13 04:00:05] Saved 4 rows to ucsd_occupancy_history.csv
[2026-04-13 04:00:05] Main Gym Fitness Gym: 1% (Closed) people=1 capacity=72 is_open=False hour_summary=Closed until 6:00am
[2026-04-13 04:00:05] Outback Climbing Center: 1% (Closed) people=0 capacity=30 is_open=False hour_summary=Closed until 10:00am
[2026-04-13 04:00:05] RIMAC Fitness Gym: 3% (Closed) people=4 capacity=150 is_open=False hour_summary=Closed until 6:00am
[2026-04-13 04:00:05] Triton Esports Center: 0% (Closed) people=0 capacity=35 is_open=False hour_summary=Closed until 7:30am
[2026-04-13 04:00:05] === SCRAPE END OK ===
[2026-04-13 04:15:02] === SCRAPE START ===
[2026-04-13 04:15:02] Fetching https://waitz.io/live/ucsd-rec
[2026-04-13 04:15:03] Saved 4 rows to ucsd_occupancy_history.csv
[2026-04-13 04:15:03] Main Gym Fitness Gym: 1% (Closed) people=1 capacity=72 is_open=False hour_summary=Closed until 6:00am
[2026-04-13 04:15:03] Outback Climbing Center: 4% (Closed) people=1 capacity=30 is_open=False hour_summary=Closed until 10:00am
[2026-04-13 04:15:03] RIMAC Fitness Gym: 1% (Closed) people=1 capacity=150 is_open=False hour_summary=Closed until 6:00am
[2026-04-13 04:15:03] Triton Esports Center: 0% (Closed) people=0 capacity=35 is_open=False hour_summary=Closed until 7:30am
[2026-04-13 04:15:03] === SCRAPE END OK ===
[2026-04-13 04:30:02] === SCRAPE START ===
[2026-04-13 04:30:02] Fetching https://waitz.io/live/ucsd-rec
[2026-04-13 04:30:03] Saved 4 rows to ucsd_occupancy_history.csv
[2026-04-13 04:30:03] Main Gym Fitness Gym: 1% (Closed) people=1 capacity=72 is_open=False hour_summary=Closed until 6:00am
[2026-04-13 04:30:03] Outback Climbing Center: 1% (Closed) people=0 capacity=30 is_open=False hour_summary=Closed until 10:00am
[2026-04-13 04:30:03] RIMAC Fitness Gym: 1% (Closed) people=1 capacity=150 is_open=False hour_summary=Closed until 6:00am
[2026-04-13 04:30:03] Triton Esports Center: 0% (Closed) people=0 capacity=35 is_open=False hour_summary=Closed until 7:30am
[2026-04-13 04:30:03] === SCRAPE END OK ===
[2026-04-13 04:45:02] === SCRAPE START ===
[2026-04-13 04:45:02] Fetching https://waitz.io/live/ucsd-rec
[2026-04-13 04:45:03] Saved 4 rows to ucsd_occupancy_history.csv
[2026-04-13 04:45:03] Main Gym Fitness Gym: 1% (Closed) people=1 capacity=72 is_open=False hour_summary=Closed until 6:00am
[2026-04-13 04:45:03] Outback Climbing Center: 1% (Closed) people=0 capacity=30 is_open=False hour_summary=Closed until 10:00am
[2026-04-13 04:45:03] RIMAC Fitness Gym: 1% (Closed) people=1 capacity=150 is_open=False hour_summary=Closed until 6:00am
[2026-04-13 04:45:03] Triton Esports Center: 0% (Closed) people=0 capacity=35 is_open=False hour_summary=Closed until 7:30am
[2026-04-13 04:45:03] === SCRAPE END OK ===
[2026-04-13 05:00:02] === SCRAPE START ===
[2026-04-13 05:00:02] Fetching https://waitz.io/live/ucsd-rec
[2026-04-13 05:00:04] Saved 4 rows to ucsd_occupancy_history.csv
[2026-04-13 05:00:04] Main Gym Fitness Gym: 1% (Closed) people=1 capacity=72 is_open=False hour_summary=Closed until 6:00am
[2026-04-13 05:00:04] Outback Climbing Center: 1% (Closed) people=0 capacity=30 is_open=False hour_summary=Closed until 10:00am
[2026-04-13 05:00:04] RIMAC Fitness Gym: 1% (Closed) people=1 capacity=150 is_open=False hour_summary=Closed until 6:00am
[2026-04-13 05:00:04] Triton Esports Center: 0% (Closed) people=0 capacity=35 is_open=False hour_summary=Closed until 7:30am
[2026-04-13 05:00:04] === SCRAPE END OK ===
[2026-04-13 05:15:02] === SCRAPE START ===
[2026-04-13 05:15:02] Fetching https://waitz.io/live/ucsd-rec
[2026-04-13 05:15:03] Saved 4 rows to ucsd_occupancy_history.csv
[2026-04-13 05:15:03] Main Gym Fitness Gym: 1% (Closed) people=1 capacity=72 is_open=False hour_summary=Closed until 6:00am
[2026-04-13 05:15:03] Outback Climbing Center: 4% (Closed) people=1 capacity=30 is_open=False hour_summary=Closed until 10:00am
[2026-04-13 05:15:03] RIMAC Fitness Gym: 0% (Closed) people=1 capacity=150 is_open=False hour_summary=Closed until 6:00am
[2026-04-13 05:15:03] Triton Esports Center: 0% (Closed) people=0 capacity=35 is_open=False hour_summary=Closed until 7:30am
[2026-04-13 05:15:03] === SCRAPE END OK ===
[2026-04-13 05:30:02] === SCRAPE START ===
[2026-04-13 05:30:02] Fetching https://waitz.io/live/ucsd-rec
[2026-04-13 05:30:04] Saved 4 rows to ucsd_occupancy_history.csv
[2026-04-13 05:30:04] Main Gym Fitness Gym: 1% (Closed) people=1 capacity=72 is_open=False hour_summary=Closed until 6:00am
[2026-04-13 05:30:04] Outback Climbing Center: 1% (Closed) people=0 capacity=30 is_open=False hour_summary=Closed until 10:00am
[2026-04-13 05:30:04] RIMAC Fitness Gym: 1% (Closed) people=2 capacity=150 is_open=False hour_summary=Closed until 6:00am
[2026-04-13 05:30:04] Triton Esports Center: 0% (Closed) people=0 capacity=35 is_open=False hour_summary=Closed until 7:30am
[2026-04-13 05:30:04] === SCRAPE END OK ===
[2026-04-13 05:45:02] === SCRAPE START ===
[2026-04-13 05:45:02] Fetching https://waitz.io/live/ucsd-rec
[2026-04-13 05:45:03] Saved 4 rows to ucsd_occupancy_history.csv
[2026-04-13 05:45:03] Main Gym Fitness Gym: 1% (Closed) people=1 capacity=72 is_open=False hour_summary=Closed until 6:00am
[2026-04-13 05:45:03] Outback Climbing Center: 1% (Closed) people=0 capacity=30 is_open=False hour_summary=Closed until 10:00am
[2026-04-13 05:45:03] RIMAC Fitness Gym: 1% (Closed) people=2 capacity=150 is_open=False hour_summary=Closed until 6:00am
[2026-04-13 05:45:03] Triton Esports Center: 0% (Closed) people=0 capacity=35 is_open=False hour_summary=Closed until 7:30am
[2026-04-13 05:45:03] === SCRAPE END OK ===
[2026-04-13 06:00:02] === SCRAPE START ===
[2026-04-13 06:00:02] Fetching https://waitz.io/live/ucsd-rec
[2026-04-13 06:00:03] Saved 4 rows to ucsd_occupancy_history.csv
[2026-04-13 06:00:03] Main Gym Fitness Gym: 2% (Not Busy) people=1 capacity=72 is_open=True hour_summary=open
[2026-04-13 06:00:03] Outback Climbing Center: 9% (Closed) people=3 capacity=30 is_open=False hour_summary=Closed until 10:00am
[2026-04-13 06:00:03] RIMAC Fitness Gym: 1% (Not Busy) people=2 capacity=150 is_open=True hour_summary=open
[2026-04-13 06:00:03] Triton Esports Center: 0% (Closed) people=0 capacity=35 is_open=False hour_summary=Closed until 7:30am
[2026-04-13 06:00:03] === SCRAPE END OK ===
[2026-04-13 06:15:02] === SCRAPE START ===
[2026-04-13 06:15:02] Fetching https://waitz.io/live/ucsd-rec
[2026-04-13 06:15:03] Saved 4 rows to ucsd_occupancy_history.csv
[2026-04-13 06:15:03] Main Gym Fitness Gym: 9% (Not Busy) people=6 capacity=72 is_open=True hour_summary=open
[2026-04-13 06:15:03] Outback Climbing Center: 4% (Closed) people=1 capacity=30 is_open=False hour_summary=Closed until 10:00am
[2026-04-13 06:15:03] RIMAC Fitness Gym: 22% (Not Busy) people=33 capacity=150 is_open=True hour_summary=open
[2026-04-13 06:15:03] Triton Esports Center: 0% (Closed) people=0 capacity=35 is_open=False hour_summary=Closed until 7:30am
[2026-04-13 06:15:03] === SCRAPE END OK ===
[2026-04-13 06:30:02] === SCRAPE START ===
[2026-04-13 06:30:02] Fetching https://waitz.io/live/ucsd-rec
[2026-04-13 06:30:03] Saved 4 rows to ucsd_occupancy_history.csv
[2026-04-13 06:30:03] Main Gym Fitness Gym: 25% (Not Busy) people=18 capacity=72 is_open=True hour_summary=open
[2026-04-13 06:30:03] Outback Climbing Center: 1% (Closed) people=0 capacity=30 is_open=False hour_summary=Closed until 10:00am
[2026-04-13 06:30:03] RIMAC Fitness Gym: 35% (Not Busy) people=52 capacity=150 is_open=True hour_summary=open
[2026-04-13 06:30:03] Triton Esports Center: 0% (Closed) people=0 capacity=35 is_open=False hour_summary=Closed until 7:30am
[2026-04-13 06:30:03] === SCRAPE END OK ===
[2026-04-13 06:45:02] === SCRAPE START ===
[2026-04-13 06:45:02] Fetching https://waitz.io/live/ucsd-rec
[2026-04-13 06:45:04] Saved 4 rows to ucsd_occupancy_history.csv
[2026-04-13 06:45:04] Main Gym Fitness Gym: 11% (Not Busy) people=8 capacity=72 is_open=True hour_summary=open
[2026-04-13 06:45:04] Outback Climbing Center: 2% (Closed) people=1 capacity=30 is_open=False hour_summary=Closed until 10:00am
[2026-04-13 06:45:04] RIMAC Fitness Gym: 43% (Not Busy) people=65 capacity=150 is_open=True hour_summary=open
[2026-04-13 06:45:04] Triton Esports Center: 0% (Closed) people=0 capacity=35 is_open=False hour_summary=Closed until 7:30am
[2026-04-13 06:45:04] === SCRAPE END OK ===
[2026-04-13 07:00:02] === SCRAPE START ===
[2026-04-13 07:00:02] Fetching https://waitz.io/live/ucsd-rec
[2026-04-13 07:00:03] Saved 4 rows to ucsd_occupancy_history.csv
[2026-04-13 07:00:03] Main Gym Fitness Gym: 31% (Not Busy) people=22 capacity=72 is_open=True hour_summary=open
[2026-04-13 07:00:03] Outback Climbing Center: 5% (Closed) people=1 capacity=30 is_open=False hour_summary=Closed until 10:00am
[2026-04-13 07:00:03] RIMAC Fitness Gym: 44% (Not Busy) people=67 capacity=150 is_open=True hour_summary=open
[2026-04-13 07:00:03] Triton Esports Center: 0% (Closed) people=0 capacity=35 is_open=False hour_summary=Closed until 7:30am
[2026-04-13 07:00:03] === SCRAPE END OK ===
