[2026-06-13 03:57:55] === SCRAPE START ===
[2026-06-13 03:57:55] Fetching https://waitz.io/live/ucsd-rec
[2026-06-13 03:57:56] Saved 4 rows to ucsd_occupancy_history.csv
[2026-06-13 03:57:56] Main Gym Fitness Gym: 1% (Closed) people=0 capacity=72 is_open=False hour_summary=Closed until 8:00am
[2026-06-13 03:57:56] Outback Climbing Center: 7% (Closed) people=2 capacity=30 is_open=False hour_summary=Closed until 11:00am
[2026-06-13 03:57:56] RIMAC Fitness Gym: 0% (Closed) people=0 capacity=150 is_open=False hour_summary=Closed until 8:00am
[2026-06-13 03:57:56] Triton Esports Center: 0% (Closed) people=0 capacity=35 is_open=False hour_summary=Closed until 11:00am
[2026-06-13 03:57:56] === SCRAPE END OK ===
[2026-06-13 04:00:02] === SCRAPE START ===
[2026-06-13 04:00:02] Fetching https://waitz.io/live/ucsd-rec
[2026-06-13 04:00:03] Saved 4 rows to ucsd_occupancy_history.csv
[2026-06-13 04:00:03] Main Gym Fitness Gym: 1% (Closed) people=0 capacity=72 is_open=False hour_summary=Closed until 8:00am
[2026-06-13 04:00:03] Outback Climbing Center: 4% (Closed) people=1 capacity=30 is_open=False hour_summary=Closed until 11:00am
[2026-06-13 04:00:03] RIMAC Fitness Gym: 0% (Closed) people=0 capacity=150 is_open=False hour_summary=Closed until 8:00am
[2026-06-13 04:00:03] Triton Esports Center: 0% (Closed) people=0 capacity=35 is_open=False hour_summary=Closed until 11:00am
[2026-06-13 04:00:03] === SCRAPE END OK ===
[2026-06-13 04:12:52] === SCRAPE START ===
[2026-06-13 04:12:52] Fetching https://waitz.io/live/ucsd-rec
[2026-06-13 04:12:52] Saved 4 rows to ucsd_occupancy_history.csv
[2026-06-13 04:12:52] Main Gym Fitness Gym: 1% (Closed) people=1 capacity=72 is_open=False hour_summary=Closed until 8:00am
[2026-06-13 04:12:52] Outback Climbing Center: 4% (Closed) people=1 capacity=30 is_open=False hour_summary=Closed until 11:00am
[2026-06-13 04:12:52] RIMAC Fitness Gym: 0% (Closed) people=0 capacity=150 is_open=False hour_summary=Closed until 8:00am
[2026-06-13 04:12:52] Triton Esports Center: 0% (Closed) people=0 capacity=35 is_open=False hour_summary=Closed until 11:00am
[2026-06-13 04:12:52] === SCRAPE END OK ===
[2026-06-13 04:15:02] === SCRAPE START ===
[2026-06-13 04:15:02] Fetching https://waitz.io/live/ucsd-rec
[2026-06-13 04:15:04] Saved 4 rows to ucsd_occupancy_history.csv
[2026-06-13 04:15:04] Main Gym Fitness Gym: 1% (Closed) people=1 capacity=72 is_open=False hour_summary=Closed until 8:00am
[2026-06-13 04:15:04] Outback Climbing Center: 6% (Closed) people=2 capacity=30 is_open=False hour_summary=Closed until 11:00am
[2026-06-13 04:15:04] RIMAC Fitness Gym: 0% (Closed) people=0 capacity=150 is_open=False hour_summary=Closed until 8:00am
[2026-06-13 04:15:04] Triton Esports Center: 0% (Closed) people=0 capacity=35 is_open=False hour_summary=Closed until 11:00am
[2026-06-13 04:15:04] === SCRAPE END OK ===
[2026-06-13 04:27:51] === SCRAPE START ===
[2026-06-13 04:27:51] Fetching https://waitz.io/live/ucsd-rec
[2026-06-13 04:27:52] Saved 4 rows to ucsd_occupancy_history.csv
[2026-06-13 04:27:52] Main Gym Fitness Gym: 1% (Closed) people=0 capacity=72 is_open=False hour_summary=Closed until 8:00am
[2026-06-13 04:27:52] Outback Climbing Center: 4% (Closed) people=1 capacity=30 is_open=False hour_summary=Closed until 11:00am
[2026-06-13 04:27:52] RIMAC Fitness Gym: 0% (Closed) people=1 capacity=150 is_open=False hour_summary=Closed until 8:00am
[2026-06-13 04:27:52] Triton Esports Center: 0% (Closed) people=0 capacity=35 is_open=False hour_summary=Closed until 11:00am
[2026-06-13 04:27:52] === SCRAPE END OK ===
[2026-06-13 04:30:02] === SCRAPE START ===
[2026-06-13 04:30:02] Fetching https://waitz.io/live/ucsd-rec
[2026-06-13 04:30:03] Saved 4 rows to ucsd_occupancy_history.csv
[2026-06-13 04:30:03] Main Gym Fitness Gym: 1% (Closed) people=1 capacity=72 is_open=False hour_summary=Closed until 8:00am
[2026-06-13 04:30:03] Outback Climbing Center: 5% (Closed) people=2 capacity=30 is_open=False hour_summary=Closed until 11:00am
[2026-06-13 04:30:03] RIMAC Fitness Gym: 1% (Closed) people=1 capacity=150 is_open=False hour_summary=Closed until 8:00am
[2026-06-13 04:30:03] Triton Esports Center: 0% (Closed) people=0 capacity=35 is_open=False hour_summary=Closed until 11:00am
[2026-06-13 04:30:03] === SCRAPE END OK ===
[2026-06-13 04:42:51] === SCRAPE START ===
[2026-06-13 04:42:51] Fetching https://waitz.io/live/ucsd-rec
[2026-06-13 04:42:52] Saved 4 rows to ucsd_occupancy_history.csv
[2026-06-13 04:42:52] Main Gym Fitness Gym: 1% (Closed) people=1 capacity=72 is_open=False hour_summary=Closed until 8:00am
[2026-06-13 04:42:52] Outback Climbing Center: 4% (Closed) people=1 capacity=30 is_open=False hour_summary=Closed until 11:00am
[2026-06-13 04:42:52] RIMAC Fitness Gym: 0% (Closed) people=0 capacity=150 is_open=False hour_summary=Closed until 8:00am
[2026-06-13 04:42:52] Triton Esports Center: 0% (Closed) people=0 capacity=35 is_open=False hour_summary=Closed until 11:00am
[2026-06-13 04:42:52] === SCRAPE END OK ===
[2026-06-13 04:45:02] === SCRAPE START ===
[2026-06-13 04:45:02] Fetching https://waitz.io/live/ucsd-rec
[2026-06-13 04:45:03] Saved 4 rows to ucsd_occupancy_history.csv
[2026-06-13 04:45:03] Main Gym Fitness Gym: 1% (Closed) people=1 capacity=72 is_open=False hour_summary=Closed until 8:00am
[2026-06-13 04:45:03] Outback Climbing Center: 4% (Closed) people=1 capacity=30 is_open=False hour_summary=Closed until 11:00am
[2026-06-13 04:45:03] RIMAC Fitness Gym: 0% (Closed) people=0 capacity=150 is_open=False hour_summary=Closed until 8:00am
[2026-06-13 04:45:03] Triton Esports Center: 0% (Closed) people=0 capacity=35 is_open=False hour_summary=Closed until 11:00am
[2026-06-13 04:45:03] === SCRAPE END OK ===
[2026-06-13 04:57:51] === SCRAPE START ===
[2026-06-13 04:57:51] Fetching https://waitz.io/live/ucsd-rec
[2026-06-13 04:57:52] Saved 4 rows to ucsd_occupancy_history.csv
[2026-06-13 04:57:52] Main Gym Fitness Gym: 2% (Closed) people=1 capacity=72 is_open=False hour_summary=Closed until 8:00am
[2026-06-13 04:57:52] Outback Climbing Center: 7% (Closed) people=2 capacity=30 is_open=False hour_summary=Closed until 11:00am
[2026-06-13 04:57:52] RIMAC Fitness Gym: 0% (Closed) people=0 capacity=150 is_open=False hour_summary=Closed until 8:00am
[2026-06-13 04:57:52] Triton Esports Center: 0% (Closed) people=0 capacity=35 is_open=False hour_summary=Closed until 11:00am
[2026-06-13 04:57:52] === SCRAPE END OK ===
[2026-06-13 05:00:02] === SCRAPE START ===
[2026-06-13 05:00:02] Fetching https://waitz.io/live/ucsd-rec
[2026-06-13 05:00:04] Saved 4 rows to ucsd_occupancy_history.csv
[2026-06-13 05:00:04] Main Gym Fitness Gym: 1% (Closed) people=1 capacity=72 is_open=False hour_summary=Closed until 8:00am
[2026-06-13 05:00:04] Outback Climbing Center: 4% (Closed) people=1 capacity=30 is_open=False hour_summary=Closed until 11:00am
[2026-06-13 05:00:04] RIMAC Fitness Gym: 0% (Closed) people=0 capacity=150 is_open=False hour_summary=Closed until 8:00am
[2026-06-13 05:00:04] Triton Esports Center: 0% (Closed) people=0 capacity=35 is_open=False hour_summary=Closed until 11:00am
[2026-06-13 05:00:04] === SCRAPE END OK ===
[2026-06-13 05:12:51] === SCRAPE START ===
[2026-06-13 05:12:51] Fetching https://waitz.io/live/ucsd-rec
[2026-06-13 05:12:52] Saved 4 rows to ucsd_occupancy_history.csv
[2026-06-13 05:12:52] Main Gym Fitness Gym: 1% (Closed) people=1 capacity=72 is_open=False hour_summary=Closed until 8:00am
[2026-06-13 05:12:52] Outback Climbing Center: 4% (Closed) people=1 capacity=30 is_open=False hour_summary=Closed until 11:00am
[2026-06-13 05:12:52] RIMAC Fitness Gym: 1% (Closed) people=1 capacity=150 is_open=False hour_summary=Closed until 8:00am
[2026-06-13 05:12:52] Triton Esports Center: 0% (Closed) people=0 capacity=35 is_open=False hour_summary=Closed until 11:00am
[2026-06-13 05:12:52] === SCRAPE END OK ===
[2026-06-13 05:15:02] === SCRAPE START ===
[2026-06-13 05:15:02] Fetching https://waitz.io/live/ucsd-rec
[2026-06-13 05:15:03] Saved 4 rows to ucsd_occupancy_history.csv
[2026-06-13 05:15:03] Main Gym Fitness Gym: 1% (Closed) people=1 capacity=72 is_open=False hour_summary=Closed until 8:00am
[2026-06-13 05:15:03] Outback Climbing Center: 4% (Closed) people=1 capacity=30 is_open=False hour_summary=Closed until 11:00am
[2026-06-13 05:15:03] RIMAC Fitness Gym: 1% (Closed) people=1 capacity=150 is_open=False hour_summary=Closed until 8:00am
[2026-06-13 05:15:03] Triton Esports Center: 0% (Closed) people=0 capacity=35 is_open=False hour_summary=Closed until 11:00am
[2026-06-13 05:15:03] === SCRAPE END OK ===
[2026-06-13 05:27:51] === SCRAPE START ===
[2026-06-13 05:27:51] Fetching https://waitz.io/live/ucsd-rec
[2026-06-13 05:27:52] Saved 4 rows to ucsd_occupancy_history.csv
[2026-06-13 05:27:52] Main Gym Fitness Gym: 1% (Closed) people=1 capacity=72 is_open=False hour_summary=Closed until 8:00am
[2026-06-13 05:27:52] Outback Climbing Center: 7% (Closed) people=2 capacity=30 is_open=False hour_summary=Closed until 11:00am
[2026-06-13 05:27:52] RIMAC Fitness Gym: 1% (Closed) people=1 capacity=150 is_open=False hour_summary=Closed until 8:00am
[2026-06-13 05:27:52] Triton Esports Center: 0% (Closed) people=0 capacity=35 is_open=False hour_summary=Closed until 11:00am
[2026-06-13 05:27:52] === SCRAPE END OK ===
[2026-06-13 05:30:02] === SCRAPE START ===
[2026-06-13 05:30:02] Fetching https://waitz.io/live/ucsd-rec
[2026-06-13 05:30:03] Saved 4 rows to ucsd_occupancy_history.csv
[2026-06-13 05:30:03] Main Gym Fitness Gym: 1% (Closed) people=1 capacity=72 is_open=False hour_summary=Closed until 8:00am
[2026-06-13 05:30:03] Outback Climbing Center: 9% (Closed) people=3 capacity=30 is_open=False hour_summary=Closed until 11:00am
[2026-06-13 05:30:03] RIMAC Fitness Gym: 1% (Closed) people=1 capacity=150 is_open=False hour_summary=Closed until 8:00am
[2026-06-13 05:30:03] Triton Esports Center: 0% (Closed) people=0 capacity=35 is_open=False hour_summary=Closed until 11:00am
[2026-06-13 05:30:03] === SCRAPE END OK ===
[2026-06-13 05:42:51] === SCRAPE START ===
[2026-06-13 05:42:51] Fetching https://waitz.io/live/ucsd-rec
[2026-06-13 05:42:52] Saved 4 rows to ucsd_occupancy_history.csv
[2026-06-13 05:42:52] Main Gym Fitness Gym: 2% (Closed) people=1 capacity=72 is_open=False hour_summary=Closed until 8:00am
[2026-06-13 05:42:52] Outback Climbing Center: 5% (Closed) people=2 capacity=30 is_open=False hour_summary=Closed until 11:00am
[2026-06-13 05:42:52] RIMAC Fitness Gym: 0% (Closed) people=0 capacity=150 is_open=False hour_summary=Closed until 8:00am
[2026-06-13 05:42:52] Triton Esports Center: 0% (Closed) people=0 capacity=35 is_open=False hour_summary=Closed until 11:00am
[2026-06-13 05:42:52] === SCRAPE END OK ===
[2026-06-13 05:45:02] === SCRAPE START ===
[2026-06-13 05:45:02] Fetching https://waitz.io/live/ucsd-rec
[2026-06-13 05:45:03] Saved 4 rows to ucsd_occupancy_history.csv
[2026-06-13 05:45:03] Main Gym Fitness Gym: 1% (Closed) people=1 capacity=72 is_open=False hour_summary=Closed until 8:00am
[2026-06-13 05:45:03] Outback Climbing Center: 6% (Closed) people=2 capacity=30 is_open=False hour_summary=Closed until 11:00am
[2026-06-13 05:45:03] RIMAC Fitness Gym: 0% (Closed) people=0 capacity=150 is_open=False hour_summary=Closed until 8:00am
[2026-06-13 05:45:03] Triton Esports Center: 0% (Closed) people=0 capacity=35 is_open=False hour_summary=Closed until 11:00am
[2026-06-13 05:45:03] === SCRAPE END OK ===
[2026-06-13 05:57:51] === SCRAPE START ===
[2026-06-13 05:57:51] Fetching https://waitz.io/live/ucsd-rec
[2026-06-13 05:57:52] Saved 4 rows to ucsd_occupancy_history.csv
[2026-06-13 05:57:52] Main Gym Fitness Gym: 1% (Closed) people=1 capacity=72 is_open=False hour_summary=Closed until 8:00am
[2026-06-13 05:57:52] Outback Climbing Center: 4% (Closed) people=1 capacity=30 is_open=False hour_summary=Closed until 11:00am
[2026-06-13 05:57:52] RIMAC Fitness Gym: 0% (Closed) people=0 capacity=150 is_open=False hour_summary=Closed until 8:00am
[2026-06-13 05:57:52] Triton Esports Center: 0% (Closed) people=0 capacity=35 is_open=False hour_summary=Closed until 11:00am
[2026-06-13 05:57:52] === SCRAPE END OK ===
