[2026-05-22 00:00:01] === SCRAPE START ===
[2026-05-22 00:00:01] Fetching https://waitz.io/live/ucsd-rec
[2026-05-22 00:00:02] Saved 4 rows to ucsd_occupancy_history.csv
[2026-05-22 00:00:02] Main Gym Fitness Gym: 1% (Closed) people=1 capacity=72 is_open=False hour_summary=Closed until 6:00am
[2026-05-22 00:00:02] Outback Climbing Center: 10% (Closed) people=3 capacity=30 is_open=False hour_summary=Closed until 10:00am
[2026-05-22 00:00:02] RIMAC Fitness Gym: 0% (Closed) people=0 capacity=150 is_open=False hour_summary=Closed until 6:00am
[2026-05-22 00:00:02] Triton Esports Center: 0% (Closed) people=0 capacity=35 is_open=False hour_summary=Closed until 7:30am
[2026-05-22 00:00:02] === SCRAPE END OK ===
[2026-05-22 00:15:02] === SCRAPE START ===
[2026-05-22 00:15:02] Fetching https://waitz.io/live/ucsd-rec
[2026-05-22 00:15:03] Saved 4 rows to ucsd_occupancy_history.csv
[2026-05-22 00:15:03] Main Gym Fitness Gym: 2% (Closed) people=1 capacity=72 is_open=False hour_summary=Closed until 6:00am
[2026-05-22 00:15:03] Outback Climbing Center: 6% (Closed) people=2 capacity=30 is_open=False hour_summary=Closed until 10:00am
[2026-05-22 00:15:03] RIMAC Fitness Gym: 0% (Closed) people=0 capacity=150 is_open=False hour_summary=Closed until 6:00am
[2026-05-22 00:15:03] Triton Esports Center: 0% (Closed) people=0 capacity=35 is_open=False hour_summary=Closed until 7:30am
[2026-05-22 00:15:03] === SCRAPE END OK ===
[2026-05-22 00:30:02] === SCRAPE START ===
[2026-05-22 00:30:02] Fetching https://waitz.io/live/ucsd-rec
[2026-05-22 00:30:04] Saved 4 rows to ucsd_occupancy_history.csv
[2026-05-22 00:30:04] Main Gym Fitness Gym: 1% (Closed) people=1 capacity=72 is_open=False hour_summary=Closed until 6:00am
[2026-05-22 00:30:04] Outback Climbing Center: 5% (Closed) people=2 capacity=30 is_open=False hour_summary=Closed until 10:00am
[2026-05-22 00:30:04] RIMAC Fitness Gym: 0% (Closed) people=0 capacity=150 is_open=False hour_summary=Closed until 6:00am
[2026-05-22 00:30:04] Triton Esports Center: 0% (Closed) people=0 capacity=35 is_open=False hour_summary=Closed until 7:30am
[2026-05-22 00:30:04] === SCRAPE END OK ===
[2026-05-22 00:45:02] === SCRAPE START ===
[2026-05-22 00:45:02] Fetching https://waitz.io/live/ucsd-rec
[2026-05-22 00:45:03] Saved 4 rows to ucsd_occupancy_history.csv
[2026-05-22 00:45:03] Main Gym Fitness Gym: 1% (Closed) people=1 capacity=72 is_open=False hour_summary=Closed until 6:00am
[2026-05-22 00:45:03] Outback Climbing Center: 2% (Closed) people=1 capacity=30 is_open=False hour_summary=Closed until 10:00am
[2026-05-22 00:45:03] RIMAC Fitness Gym: 0% (Closed) people=0 capacity=150 is_open=False hour_summary=Closed until 6:00am
[2026-05-22 00:45:03] Triton Esports Center: 0% (Closed) people=0 capacity=35 is_open=False hour_summary=Closed until 7:30am
[2026-05-22 00:45:03] === SCRAPE END OK ===
[2026-05-22 01:00:02] === SCRAPE START ===
[2026-05-22 01:00:02] Fetching https://waitz.io/live/ucsd-rec
[2026-05-22 01:00:04] Saved 4 rows to ucsd_occupancy_history.csv
[2026-05-22 01:00:04] Main Gym Fitness Gym: 2% (Closed) people=1 capacity=72 is_open=False hour_summary=Closed until 6:00am
[2026-05-22 01:00:04] Outback Climbing Center: 5% (Closed) people=2 capacity=30 is_open=False hour_summary=Closed until 10:00am
[2026-05-22 01:00:04] RIMAC Fitness Gym: 0% (Closed) people=0 capacity=150 is_open=False hour_summary=Closed until 6:00am
[2026-05-22 01:00:04] Triton Esports Center: 0% (Closed) people=0 capacity=35 is_open=False hour_summary=Closed until 7:30am
[2026-05-22 01:00:04] === SCRAPE END OK ===
[2026-05-22 01:15:02] === SCRAPE START ===
[2026-05-22 01:15:02] Fetching https://waitz.io/live/ucsd-rec
[2026-05-22 01:15:03] Saved 4 rows to ucsd_occupancy_history.csv
[2026-05-22 01:15:03] Main Gym Fitness Gym: 7% (Closed) people=5 capacity=72 is_open=False hour_summary=Closed until 6:00am
[2026-05-22 01:15:03] Outback Climbing Center: 6% (Closed) people=2 capacity=30 is_open=False hour_summary=Closed until 10:00am
[2026-05-22 01:15:03] RIMAC Fitness Gym: 0% (Closed) people=0 capacity=150 is_open=False hour_summary=Closed until 6:00am
[2026-05-22 01:15:03] Triton Esports Center: 0% (Closed) people=0 capacity=35 is_open=False hour_summary=Closed until 7:30am
[2026-05-22 01:15:03] === SCRAPE END OK ===
[2026-05-22 01:30:02] === SCRAPE START ===
[2026-05-22 01:30:02] Fetching https://waitz.io/live/ucsd-rec
[2026-05-22 01:30:04] Saved 4 rows to ucsd_occupancy_history.csv
[2026-05-22 01:30:04] Main Gym Fitness Gym: 1% (Closed) people=1 capacity=72 is_open=False hour_summary=Closed until 6:00am
[2026-05-22 01:30:04] Outback Climbing Center: 10% (Closed) people=3 capacity=30 is_open=False hour_summary=Closed until 10:00am
[2026-05-22 01:30:04] RIMAC Fitness Gym: 0% (Closed) people=0 capacity=150 is_open=False hour_summary=Closed until 6:00am
[2026-05-22 01:30:04] Triton Esports Center: 0% (Closed) people=0 capacity=35 is_open=False hour_summary=Closed until 7:30am
[2026-05-22 01:30:04] === SCRAPE END OK ===
[2026-05-22 01:45:02] === SCRAPE START ===
[2026-05-22 01:45:02] Fetching https://waitz.io/live/ucsd-rec
[2026-05-22 01:45:03] Saved 4 rows to ucsd_occupancy_history.csv
[2026-05-22 01:45:03] Main Gym Fitness Gym: 1% (Closed) people=1 capacity=72 is_open=False hour_summary=Closed until 6:00am
[2026-05-22 01:45:03] Outback Climbing Center: 3% (Closed) people=1 capacity=30 is_open=False hour_summary=Closed until 10:00am
[2026-05-22 01:45:03] RIMAC Fitness Gym: 0% (Closed) people=0 capacity=150 is_open=False hour_summary=Closed until 6:00am
[2026-05-22 01:45:03] Triton Esports Center: 0% (Closed) people=0 capacity=35 is_open=False hour_summary=Closed until 7:30am
[2026-05-22 01:45:03] === SCRAPE END OK ===
[2026-05-22 02:00:02] === SCRAPE START ===
[2026-05-22 02:00:02] Fetching https://waitz.io/live/ucsd-rec
[2026-05-22 02:00:03] Saved 4 rows to ucsd_occupancy_history.csv
[2026-05-22 02:00:03] Main Gym Fitness Gym: 4% (Closed) people=3 capacity=72 is_open=False hour_summary=Closed until 6:00am
[2026-05-22 02:00:03] Outback Climbing Center: 4% (Closed) people=1 capacity=30 is_open=False hour_summary=Closed until 10:00am
[2026-05-22 02:00:03] RIMAC Fitness Gym: 1% (Closed) people=1 capacity=150 is_open=False hour_summary=Closed until 6:00am
[2026-05-22 02:00:03] Triton Esports Center: 0% (Closed) people=0 capacity=35 is_open=False hour_summary=Closed until 7:30am
[2026-05-22 02:00:03] === SCRAPE END OK ===
[2026-05-22 02:15:02] === SCRAPE START ===
[2026-05-22 02:15:02] Fetching https://waitz.io/live/ucsd-rec
[2026-05-22 02:15:03] Saved 4 rows to ucsd_occupancy_history.csv
[2026-05-22 02:15:03] Main Gym Fitness Gym: 1% (Closed) people=1 capacity=72 is_open=False hour_summary=Closed until 6:00am
[2026-05-22 02:15:03] Outback Climbing Center: 5% (Closed) people=1 capacity=30 is_open=False hour_summary=Closed until 10:00am
[2026-05-22 02:15:03] RIMAC Fitness Gym: 0% (Closed) people=0 capacity=150 is_open=False hour_summary=Closed until 6:00am
[2026-05-22 02:15:03] Triton Esports Center: 0% (Closed) people=0 capacity=35 is_open=False hour_summary=Closed until 7:30am
[2026-05-22 02:15:03] === SCRAPE END OK ===
[2026-05-22 02:30:02] === SCRAPE START ===
[2026-05-22 02:30:02] Fetching https://waitz.io/live/ucsd-rec
[2026-05-22 02:30:04] Saved 4 rows to ucsd_occupancy_history.csv
[2026-05-22 02:30:04] Main Gym Fitness Gym: 2% (Closed) people=1 capacity=72 is_open=False hour_summary=Closed until 6:00am
[2026-05-22 02:30:04] Outback Climbing Center: 9% (Closed) people=3 capacity=30 is_open=False hour_summary=Closed until 10:00am
[2026-05-22 02:30:04] RIMAC Fitness Gym: 0% (Closed) people=0 capacity=150 is_open=False hour_summary=Closed until 6:00am
[2026-05-22 02:30:04] Triton Esports Center: 0% (Closed) people=0 capacity=35 is_open=False hour_summary=Closed until 7:30am
[2026-05-22 02:30:04] === SCRAPE END OK ===
[2026-05-22 02:45:02] === SCRAPE START ===
[2026-05-22 02:45:02] Fetching https://waitz.io/live/ucsd-rec
[2026-05-22 02:45:03] Saved 4 rows to ucsd_occupancy_history.csv
[2026-05-22 02:45:03] Main Gym Fitness Gym: 1% (Closed) people=1 capacity=72 is_open=False hour_summary=Closed until 6:00am
[2026-05-22 02:45:03] Outback Climbing Center: 6% (Closed) people=2 capacity=30 is_open=False hour_summary=Closed until 10:00am
[2026-05-22 02:45:03] RIMAC Fitness Gym: 0% (Closed) people=0 capacity=150 is_open=False hour_summary=Closed until 6:00am
[2026-05-22 02:45:03] Triton Esports Center: 0% (Closed) people=0 capacity=35 is_open=False hour_summary=Closed until 7:30am
[2026-05-22 02:45:03] === SCRAPE END OK ===
[2026-05-22 03:00:02] === SCRAPE START ===
[2026-05-22 03:00:02] Fetching https://waitz.io/live/ucsd-rec
[2026-05-22 03:00:04] Saved 4 rows to ucsd_occupancy_history.csv
[2026-05-22 03:00:04] Main Gym Fitness Gym: 1% (Closed) people=1 capacity=72 is_open=False hour_summary=Closed until 6:00am
[2026-05-22 03:00:04] Outback Climbing Center: 4% (Closed) people=1 capacity=30 is_open=False hour_summary=Closed until 10:00am
[2026-05-22 03:00:04] RIMAC Fitness Gym: 0% (Closed) people=0 capacity=150 is_open=False hour_summary=Closed until 6:00am
[2026-05-22 03:00:04] Triton Esports Center: 0% (Closed) people=0 capacity=35 is_open=False hour_summary=Closed until 7:30am
[2026-05-22 03:00:04] === SCRAPE END OK ===
[2026-05-22 03:15:02] === SCRAPE START ===
[2026-05-22 03:15:02] Fetching https://waitz.io/live/ucsd-rec
[2026-05-22 03:15:03] Saved 4 rows to ucsd_occupancy_history.csv
[2026-05-22 03:15:03] Main Gym Fitness Gym: 2% (Closed) people=1 capacity=72 is_open=False hour_summary=Closed until 6:00am
[2026-05-22 03:15:03] Outback Climbing Center: 8% (Closed) people=2 capacity=30 is_open=False hour_summary=Closed until 10:00am
[2026-05-22 03:15:03] RIMAC Fitness Gym: 0% (Closed) people=0 capacity=150 is_open=False hour_summary=Closed until 6:00am
[2026-05-22 03:15:03] Triton Esports Center: 0% (Closed) people=0 capacity=35 is_open=False hour_summary=Closed until 7:30am
[2026-05-22 03:15:03] === SCRAPE END OK ===
[2026-05-22 03:30:02] === SCRAPE START ===
[2026-05-22 03:30:02] Fetching https://waitz.io/live/ucsd-rec
[2026-05-22 03:30:03] Saved 4 rows to ucsd_occupancy_history.csv
[2026-05-22 03:30:03] Main Gym Fitness Gym: 2% (Closed) people=2 capacity=72 is_open=False hour_summary=Closed until 6:00am
[2026-05-22 03:30:03] Outback Climbing Center: 2% (Closed) people=0 capacity=30 is_open=False hour_summary=Closed until 10:00am
[2026-05-22 03:30:03] RIMAC Fitness Gym: 0% (Closed) people=0 capacity=150 is_open=False hour_summary=Closed until 6:00am
[2026-05-22 03:30:03] Triton Esports Center: 0% (Closed) people=0 capacity=35 is_open=False hour_summary=Closed until 7:30am
[2026-05-22 03:30:03] === SCRAPE END OK ===
[2026-05-22 03:45:02] === SCRAPE START ===
[2026-05-22 03:45:02] Fetching https://waitz.io/live/ucsd-rec
[2026-05-22 03:45:03] Saved 4 rows to ucsd_occupancy_history.csv
[2026-05-22 03:45:03] Main Gym Fitness Gym: 3% (Closed) people=2 capacity=72 is_open=False hour_summary=Closed until 6:00am
[2026-05-22 03:45:03] Outback Climbing Center: 2% (Closed) people=1 capacity=30 is_open=False hour_summary=Closed until 10:00am
[2026-05-22 03:45:03] RIMAC Fitness Gym: 0% (Closed) people=0 capacity=150 is_open=False hour_summary=Closed until 6:00am
[2026-05-22 03:45:03] Triton Esports Center: 0% (Closed) people=0 capacity=35 is_open=False hour_summary=Closed until 7:30am
[2026-05-22 03:45:03] === SCRAPE END OK ===
[2026-05-22 04:00:02] === SCRAPE START ===
[2026-05-22 04:00:02] Fetching https://waitz.io/live/ucsd-rec
[2026-05-22 04:00:03] Saved 4 rows to ucsd_occupancy_history.csv
[2026-05-22 04:00:03] Main Gym Fitness Gym: 7% (Closed) people=5 capacity=72 is_open=False hour_summary=Closed until 6:00am
[2026-05-22 04:00:03] Outback Climbing Center: 8% (Closed) people=2 capacity=30 is_open=False hour_summary=Closed until 10:00am
[2026-05-22 04:00:03] RIMAC Fitness Gym: 0% (Closed) people=0 capacity=150 is_open=False hour_summary=Closed until 6:00am
[2026-05-22 04:00:03] Triton Esports Center: 0% (Closed) people=0 capacity=35 is_open=False hour_summary=Closed until 7:30am
[2026-05-22 04:00:03] === SCRAPE END OK ===
[2026-05-22 04:15:02] === SCRAPE START ===
[2026-05-22 04:15:02] Fetching https://waitz.io/live/ucsd-rec
[2026-05-22 04:15:03] Saved 4 rows to ucsd_occupancy_history.csv
[2026-05-22 04:15:03] Main Gym Fitness Gym: 1% (Closed) people=1 capacity=72 is_open=False hour_summary=Closed until 6:00am
[2026-05-22 04:15:03] Outback Climbing Center: 5% (Closed) people=1 capacity=30 is_open=False hour_summary=Closed until 10:00am
[2026-05-22 04:15:03] RIMAC Fitness Gym: 0% (Closed) people=0 capacity=150 is_open=False hour_summary=Closed until 6:00am
[2026-05-22 04:15:03] Triton Esports Center: 0% (Closed) people=0 capacity=35 is_open=False hour_summary=Closed until 7:30am
[2026-05-22 04:15:03] === SCRAPE END OK ===
[2026-05-22 04:30:02] === SCRAPE START ===
[2026-05-22 04:30:02] Fetching https://waitz.io/live/ucsd-rec
[2026-05-22 04:30:04] Saved 4 rows to ucsd_occupancy_history.csv
[2026-05-22 04:30:04] Main Gym Fitness Gym: 1% (Closed) people=1 capacity=72 is_open=False hour_summary=Closed until 6:00am
[2026-05-22 04:30:04] Outback Climbing Center: 9% (Closed) people=3 capacity=30 is_open=False hour_summary=Closed until 10:00am
[2026-05-22 04:30:04] RIMAC Fitness Gym: 0% (Closed) people=0 capacity=150 is_open=False hour_summary=Closed until 6:00am
[2026-05-22 04:30:04] Triton Esports Center: 0% (Closed) people=0 capacity=35 is_open=False hour_summary=Closed until 7:30am
[2026-05-22 04:30:04] === SCRAPE END OK ===
[2026-05-22 04:45:02] === SCRAPE START ===
[2026-05-22 04:45:02] Fetching https://waitz.io/live/ucsd-rec
[2026-05-22 04:45:03] Saved 4 rows to ucsd_occupancy_history.csv
[2026-05-22 04:45:03] Main Gym Fitness Gym: 1% (Closed) people=1 capacity=72 is_open=False hour_summary=Closed until 6:00am
[2026-05-22 04:45:03] Outback Climbing Center: 6% (Closed) people=2 capacity=30 is_open=False hour_summary=Closed until 10:00am
[2026-05-22 04:45:03] RIMAC Fitness Gym: 0% (Closed) people=0 capacity=150 is_open=False hour_summary=Closed until 6:00am
[2026-05-22 04:45:03] Triton Esports Center: 0% (Closed) people=0 capacity=35 is_open=False hour_summary=Closed until 7:30am
[2026-05-22 04:45:03] === SCRAPE END OK ===
[2026-05-22 05:00:02] === SCRAPE START ===
[2026-05-22 05:00:02] Fetching https://waitz.io/live/ucsd-rec
[2026-05-22 05:00:04] Saved 4 rows to ucsd_occupancy_history.csv
[2026-05-22 05:00:04] Main Gym Fitness Gym: 2% (Closed) people=1 capacity=72 is_open=False hour_summary=Closed until 6:00am
[2026-05-22 05:00:04] Outback Climbing Center: 5% (Closed) people=1 capacity=30 is_open=False hour_summary=Closed until 10:00am
[2026-05-22 05:00:04] RIMAC Fitness Gym: 0% (Closed) people=0 capacity=150 is_open=False hour_summary=Closed until 6:00am
[2026-05-22 05:00:04] Triton Esports Center: 0% (Closed) people=0 capacity=35 is_open=False hour_summary=Closed until 7:30am
[2026-05-22 05:00:04] === SCRAPE END OK ===
[2026-05-22 05:15:02] === SCRAPE START ===
[2026-05-22 05:15:02] Fetching https://waitz.io/live/ucsd-rec
[2026-05-22 05:15:03] Saved 4 rows to ucsd_occupancy_history.csv
[2026-05-22 05:15:03] Main Gym Fitness Gym: 3% (Closed) people=2 capacity=72 is_open=False hour_summary=Closed until 6:00am
[2026-05-22 05:15:03] Outback Climbing Center: 1% (Closed) people=0 capacity=30 is_open=False hour_summary=Closed until 10:00am
[2026-05-22 05:15:03] RIMAC Fitness Gym: 0% (Closed) people=0 capacity=150 is_open=False hour_summary=Closed until 6:00am
[2026-05-22 05:15:03] Triton Esports Center: 0% (Closed) people=0 capacity=35 is_open=False hour_summary=Closed until 7:30am
[2026-05-22 05:15:03] === SCRAPE END OK ===
[2026-05-22 05:30:02] === SCRAPE START ===
[2026-05-22 05:30:02] Fetching https://waitz.io/live/ucsd-rec
[2026-05-22 05:30:04] Saved 4 rows to ucsd_occupancy_history.csv
[2026-05-22 05:30:04] Main Gym Fitness Gym: 1% (Closed) people=1 capacity=72 is_open=False hour_summary=Closed until 6:00am
[2026-05-22 05:30:04] Outback Climbing Center: 2% (Closed) people=0 capacity=30 is_open=False hour_summary=Closed until 10:00am
[2026-05-22 05:30:04] RIMAC Fitness Gym: 0% (Closed) people=0 capacity=150 is_open=False hour_summary=Closed until 6:00am
[2026-05-22 05:30:04] Triton Esports Center: 0% (Closed) people=0 capacity=35 is_open=False hour_summary=Closed until 7:30am
[2026-05-22 05:30:04] === SCRAPE END OK ===
[2026-05-22 05:45:02] === SCRAPE START ===
[2026-05-22 05:45:02] Fetching https://waitz.io/live/ucsd-rec
[2026-05-22 05:45:03] Saved 4 rows to ucsd_occupancy_history.csv
[2026-05-22 05:45:03] Main Gym Fitness Gym: 1% (Closed) people=1 capacity=72 is_open=False hour_summary=Closed until 6:00am
[2026-05-22 05:45:03] Outback Climbing Center: 4% (Closed) people=1 capacity=30 is_open=False hour_summary=Closed until 10:00am
[2026-05-22 05:45:03] RIMAC Fitness Gym: 0% (Closed) people=0 capacity=150 is_open=False hour_summary=Closed until 6:00am
[2026-05-22 05:45:03] Triton Esports Center: 0% (Closed) people=0 capacity=35 is_open=False hour_summary=Closed until 7:30am
[2026-05-22 05:45:03] === SCRAPE END OK ===
[2026-05-22 06:00:02] === SCRAPE START ===
[2026-05-22 06:00:02] Fetching https://waitz.io/live/ucsd-rec
[2026-05-22 06:00:04] Saved 4 rows to ucsd_occupancy_history.csv
[2026-05-22 06:00:04] Main Gym Fitness Gym: 1% (Not Busy) people=1 capacity=72 is_open=True hour_summary=open
[2026-05-22 06:00:04] Outback Climbing Center: 8% (Closed) people=2 capacity=30 is_open=False hour_summary=Closed until 10:00am
[2026-05-22 06:00:04] RIMAC Fitness Gym: 0% (Not Busy) people=0 capacity=150 is_open=True hour_summary=open
[2026-05-22 06:00:04] Triton Esports Center: 0% (Closed) people=0 capacity=35 is_open=False hour_summary=Closed until 7:30am
[2026-05-22 06:00:04] === SCRAPE END OK ===
[2026-05-22 06:15:02] === SCRAPE START ===
[2026-05-22 06:15:02] Fetching https://waitz.io/live/ucsd-rec
[2026-05-22 06:15:03] Saved 4 rows to ucsd_occupancy_history.csv
[2026-05-22 06:15:03] Main Gym Fitness Gym: 6% (Not Busy) people=4 capacity=72 is_open=True hour_summary=open
[2026-05-22 06:15:03] Outback Climbing Center: 5% (Closed) people=2 capacity=30 is_open=False hour_summary=Closed until 10:00am
[2026-05-22 06:15:03] RIMAC Fitness Gym: 11% (Not Busy) people=17 capacity=150 is_open=True hour_summary=open
[2026-05-22 06:15:03] Triton Esports Center: 0% (Closed) people=0 capacity=35 is_open=False hour_summary=Closed until 7:30am
[2026-05-22 06:15:03] === SCRAPE END OK ===
[2026-05-22 06:30:02] === SCRAPE START ===
[2026-05-22 06:30:02] Fetching https://waitz.io/live/ucsd-rec
[2026-05-22 06:30:03] Saved 4 rows to ucsd_occupancy_history.csv
[2026-05-22 06:30:03] Main Gym Fitness Gym: 17% (Not Busy) people=12 capacity=72 is_open=True hour_summary=open
[2026-05-22 06:30:03] Outback Climbing Center: 6% (Closed) people=2 capacity=30 is_open=False hour_summary=Closed until 10:00am
[2026-05-22 06:30:03] RIMAC Fitness Gym: 15% (Not Busy) people=22 capacity=150 is_open=True hour_summary=open
[2026-05-22 06:30:03] Triton Esports Center: 0% (Closed) people=0 capacity=35 is_open=False hour_summary=Closed until 7:30am
[2026-05-22 06:30:03] === SCRAPE END OK ===
[2026-05-22 06:45:02] === SCRAPE START ===
[2026-05-22 06:45:02] Fetching https://waitz.io/live/ucsd-rec
[2026-05-22 06:45:03] Saved 4 rows to ucsd_occupancy_history.csv
[2026-05-22 06:45:03] Main Gym Fitness Gym: 35% (Not Busy) people=25 capacity=72 is_open=True hour_summary=open
[2026-05-22 06:45:03] Outback Climbing Center: 3% (Closed) people=1 capacity=30 is_open=False hour_summary=Closed until 10:00am
[2026-05-22 06:45:03] RIMAC Fitness Gym: 0% (Data Unavailable) people=0 capacity=150 is_open=True hour_summary=open
[2026-05-22 06:45:03] Triton Esports Center: 0% (Closed) people=0 capacity=35 is_open=False hour_summary=Closed until 7:30am
[2026-05-22 06:45:03] === SCRAPE END OK ===
[2026-05-22 07:00:02] === SCRAPE START ===
[2026-05-22 07:00:02] Fetching https://waitz.io/live/ucsd-rec
[2026-05-22 07:00:03] Saved 4 rows to ucsd_occupancy_history.csv
[2026-05-22 07:00:03] Main Gym Fitness Gym: 23% (Not Busy) people=16 capacity=72 is_open=True hour_summary=open
[2026-05-22 07:00:03] Outback Climbing Center: 2% (Closed) people=1 capacity=30 is_open=False hour_summary=Closed until 10:00am
[2026-05-22 07:00:03] RIMAC Fitness Gym: 19% (Not Busy) people=28 capacity=150 is_open=True hour_summary=open
[2026-05-22 07:00:03] Triton Esports Center: 0% (Closed) people=0 capacity=35 is_open=False hour_summary=Closed until 7:30am
[2026-05-22 07:00:03] === SCRAPE END OK ===
[2026-05-22 07:15:02] === SCRAPE START ===
[2026-05-22 07:15:02] Fetching https://waitz.io/live/ucsd-rec
[2026-05-22 07:15:03] Saved 4 rows to ucsd_occupancy_history.csv
[2026-05-22 07:15:03] Main Gym Fitness Gym: 19% (Not Busy) people=14 capacity=72 is_open=True hour_summary=open
[2026-05-22 07:15:03] Outback Climbing Center: 4% (Closed) people=1 capacity=30 is_open=False hour_summary=Closed until 10:00am
[2026-05-22 07:15:03] RIMAC Fitness Gym: 22% (Not Busy) people=33 capacity=150 is_open=True hour_summary=open
[2026-05-22 07:15:03] Triton Esports Center: 0% (Closed) people=0 capacity=35 is_open=False hour_summary=Closed until 7:30am
[2026-05-22 07:15:03] === SCRAPE END OK ===
[2026-05-22 07:30:02] === SCRAPE START ===
[2026-05-22 07:30:02] Fetching https://waitz.io/live/ucsd-rec
[2026-05-22 07:30:03] Saved 4 rows to ucsd_occupancy_history.csv
[2026-05-22 07:30:03] Main Gym Fitness Gym: 17% (Not Busy) people=12 capacity=72 is_open=True hour_summary=open
[2026-05-22 07:30:03] Outback Climbing Center: 7% (Closed) people=2 capacity=30 is_open=False hour_summary=Closed until 10:00am
[2026-05-22 07:30:03] RIMAC Fitness Gym: 29% (Not Busy) people=43 capacity=150 is_open=True hour_summary=open
[2026-05-22 07:30:03] Triton Esports Center: 0% (Not Busy) people=0 capacity=35 is_open=True hour_summary=open
[2026-05-22 07:30:03] === SCRAPE END OK ===
[2026-05-22 07:45:02] === SCRAPE START ===
[2026-05-22 07:45:02] Fetching https://waitz.io/live/ucsd-rec
[2026-05-22 07:45:03] Saved 4 rows to ucsd_occupancy_history.csv
[2026-05-22 07:45:03] Main Gym Fitness Gym: 11% (Not Busy) people=8 capacity=72 is_open=True hour_summary=open
[2026-05-22 07:45:03] Outback Climbing Center: 3% (Closed) people=1 capacity=30 is_open=False hour_summary=Closed until 10:00am
[2026-05-22 07:45:03] RIMAC Fitness Gym: 30% (Not Busy) people=46 capacity=150 is_open=True hour_summary=open
[2026-05-22 07:45:03] Triton Esports Center: 0% (Not Busy) people=0 capacity=35 is_open=True hour_summary=open
[2026-05-22 07:45:03] === SCRAPE END OK ===
[2026-05-22 08:00:02] === SCRAPE START ===
[2026-05-22 08:00:02] Fetching https://waitz.io/live/ucsd-rec
[2026-05-22 08:00:04] Saved 4 rows to ucsd_occupancy_history.csv
[2026-05-22 08:00:04] Main Gym Fitness Gym: 20% (Not Busy) people=14 capacity=72 is_open=True hour_summary=open
[2026-05-22 08:00:04] Outback Climbing Center: 8% (Closed) people=2 capacity=30 is_open=False hour_summary=Closed until 10:00am
[2026-05-22 08:00:04] RIMAC Fitness Gym: 26% (Not Busy) people=40 capacity=150 is_open=True hour_summary=open
[2026-05-22 08:00:04] Triton Esports Center: 1% (Not Busy) people=0 capacity=35 is_open=True hour_summary=open
[2026-05-22 08:00:04] === SCRAPE END OK ===
[2026-05-22 08:15:02] === SCRAPE START ===
[2026-05-22 08:15:02] Fetching https://waitz.io/live/ucsd-rec
[2026-05-22 08:15:03] Saved 4 rows to ucsd_occupancy_history.csv
[2026-05-22 08:15:03] Main Gym Fitness Gym: 16% (Not Busy) people=11 capacity=72 is_open=True hour_summary=open
[2026-05-22 08:15:03] Outback Climbing Center: 7% (Closed) people=2 capacity=30 is_open=False hour_summary=Closed until 10:00am
[2026-05-22 08:15:03] RIMAC Fitness Gym: 24% (Not Busy) people=36 capacity=150 is_open=True hour_summary=open
[2026-05-22 08:15:03] Triton Esports Center: 1% (Not Busy) people=0 capacity=35 is_open=True hour_summary=open
[2026-05-22 08:15:03] === SCRAPE END OK ===
[2026-05-22 08:30:02] === SCRAPE START ===
[2026-05-22 08:30:02] Fetching https://waitz.io/live/ucsd-rec
[2026-05-22 08:30:04] Saved 4 rows to ucsd_occupancy_history.csv
[2026-05-22 08:30:04] Main Gym Fitness Gym: 10% (Not Busy) people=7 capacity=72 is_open=True hour_summary=open
[2026-05-22 08:30:04] Outback Climbing Center: 11% (Closed) people=3 capacity=30 is_open=False hour_summary=Closed until 10:00am
[2026-05-22 08:30:04] RIMAC Fitness Gym: 28% (Not Busy) people=42 capacity=150 is_open=True hour_summary=open
[2026-05-22 08:30:04] Triton Esports Center: 0% (Not Busy) people=0 capacity=35 is_open=True hour_summary=open
[2026-05-22 08:30:04] === SCRAPE END OK ===
[2026-05-22 08:45:02] === SCRAPE START ===
[2026-05-22 08:45:02] Fetching https://waitz.io/live/ucsd-rec
[2026-05-22 08:45:03] Saved 4 rows to ucsd_occupancy_history.csv
[2026-05-22 08:45:03] Main Gym Fitness Gym: 28% (Not Busy) people=20 capacity=72 is_open=True hour_summary=open
[2026-05-22 08:45:03] Outback Climbing Center: 14% (Closed) people=4 capacity=30 is_open=False hour_summary=Closed until 10:00am
[2026-05-22 08:45:03] RIMAC Fitness Gym: 32% (Not Busy) people=48 capacity=150 is_open=True hour_summary=open
[2026-05-22 08:45:03] Triton Esports Center: 8% (Not Busy) people=3 capacity=35 is_open=True hour_summary=open
[2026-05-22 08:45:03] === SCRAPE END OK ===
[2026-05-22 09:00:02] === SCRAPE START ===
[2026-05-22 09:00:02] Fetching https://waitz.io/live/ucsd-rec
[2026-05-22 09:00:04] Saved 4 rows to ucsd_occupancy_history.csv
[2026-05-22 09:00:04] Main Gym Fitness Gym: 27% (Not Busy) people=20 capacity=72 is_open=True hour_summary=open
[2026-05-22 09:00:04] Outback Climbing Center: 6% (Closed) people=2 capacity=30 is_open=False hour_summary=Closed until 10:00am
[2026-05-22 09:00:04] RIMAC Fitness Gym: 32% (Not Busy) people=48 capacity=150 is_open=True hour_summary=open
[2026-05-22 09:00:04] Triton Esports Center: 16% (Not Busy) people=5 capacity=35 is_open=True hour_summary=open
[2026-05-22 09:00:04] === SCRAPE END OK ===
[2026-05-22 09:15:02] === SCRAPE START ===
[2026-05-22 09:15:02] Fetching https://waitz.io/live/ucsd-rec
[2026-05-22 09:15:03] Saved 4 rows to ucsd_occupancy_history.csv
[2026-05-22 09:15:03] Main Gym Fitness Gym: 10% (Not Busy) people=8 capacity=72 is_open=True hour_summary=open
[2026-05-22 09:15:03] Outback Climbing Center: 14% (Closed) people=4 capacity=30 is_open=False hour_summary=Closed until 10:00am
[2026-05-22 09:15:03] RIMAC Fitness Gym: 32% (Not Busy) people=49 capacity=150 is_open=True hour_summary=open
[2026-05-22 09:15:03] Triton Esports Center: 13% (Not Busy) people=4 capacity=35 is_open=True hour_summary=open
[2026-05-22 09:15:03] === SCRAPE END OK ===
[2026-05-22 09:30:02] === SCRAPE START ===
[2026-05-22 09:30:02] Fetching https://waitz.io/live/ucsd-rec
[2026-05-22 09:30:04] Saved 4 rows to ucsd_occupancy_history.csv
[2026-05-22 09:30:04] Main Gym Fitness Gym: 29% (Not Busy) people=21 capacity=72 is_open=True hour_summary=open
[2026-05-22 09:30:04] Outback Climbing Center: 16% (Closed) people=5 capacity=30 is_open=False hour_summary=Closed until 10:00am
[2026-05-22 09:30:04] RIMAC Fitness Gym: 34% (Not Busy) people=52 capacity=150 is_open=True hour_summary=open
[2026-05-22 09:30:04] Triton Esports Center: 14% (Not Busy) people=5 capacity=35 is_open=True hour_summary=open
[2026-05-22 09:30:04] === SCRAPE END OK ===
[2026-05-22 09:45:02] === SCRAPE START ===
[2026-05-22 09:45:02] Fetching https://waitz.io/live/ucsd-rec
[2026-05-22 09:45:03] Saved 4 rows to ucsd_occupancy_history.csv
[2026-05-22 09:45:03] Main Gym Fitness Gym: 26% (Not Busy) people=19 capacity=72 is_open=True hour_summary=open
[2026-05-22 09:45:03] Outback Climbing Center: 18% (Closed) people=5 capacity=30 is_open=False hour_summary=Closed until 10:00am
[2026-05-22 09:45:03] RIMAC Fitness Gym: 39% (Not Busy) people=58 capacity=150 is_open=True hour_summary=open
[2026-05-22 09:45:03] Triton Esports Center: 1% (Not Busy) people=0 capacity=35 is_open=True hour_summary=open
[2026-05-22 09:45:03] === SCRAPE END OK ===
[2026-05-22 10:00:02] === SCRAPE START ===
[2026-05-22 10:00:02] Fetching https://waitz.io/live/ucsd-rec
[2026-05-22 10:00:04] Saved 4 rows to ucsd_occupancy_history.csv
[2026-05-22 10:00:04] Main Gym Fitness Gym: 27% (Not Busy) people=19 capacity=72 is_open=True hour_summary=open
[2026-05-22 10:00:04] Outback Climbing Center: 13% (Not Busy) people=4 capacity=30 is_open=True hour_summary=open
[2026-05-22 10:00:04] RIMAC Fitness Gym: 36% (Not Busy) people=54 capacity=150 is_open=True hour_summary=open
[2026-05-22 10:00:04] Triton Esports Center: 6% (Not Busy) people=2 capacity=35 is_open=True hour_summary=open
[2026-05-22 10:00:04] === SCRAPE END OK ===
[2026-05-22 10:15:02] === SCRAPE START ===
[2026-05-22 10:15:02] Fetching https://waitz.io/live/ucsd-rec
[2026-05-22 10:15:03] Saved 4 rows to ucsd_occupancy_history.csv
[2026-05-22 10:15:03] Main Gym Fitness Gym: 9% (Not Busy) people=7 capacity=72 is_open=True hour_summary=open
[2026-05-22 10:15:03] Outback Climbing Center: 28% (Not Busy) people=8 capacity=30 is_open=True hour_summary=open
[2026-05-22 10:15:03] RIMAC Fitness Gym: 31% (Not Busy) people=47 capacity=150 is_open=True hour_summary=open
[2026-05-22 10:15:03] Triton Esports Center: 11% (Not Busy) people=4 capacity=35 is_open=True hour_summary=open
[2026-05-22 10:15:03] === SCRAPE END OK ===
[2026-05-22 10:30:02] === SCRAPE START ===
[2026-05-22 10:30:02] Fetching https://waitz.io/live/ucsd-rec
[2026-05-22 10:30:04] Saved 4 rows to ucsd_occupancy_history.csv
[2026-05-22 10:30:04] Main Gym Fitness Gym: 14% (Not Busy) people=10 capacity=72 is_open=True hour_summary=open
[2026-05-22 10:30:04] Outback Climbing Center: 68% (Busy) people=20 capacity=30 is_open=True hour_summary=open
[2026-05-22 10:30:04] RIMAC Fitness Gym: 40% (Not Busy) people=60 capacity=150 is_open=True hour_summary=open
[2026-05-22 10:30:04] Triton Esports Center: 17% (Not Busy) people=6 capacity=35 is_open=True hour_summary=open
[2026-05-22 10:30:04] === SCRAPE END OK ===
[2026-05-22 10:45:02] === SCRAPE START ===
[2026-05-22 10:45:02] Fetching https://waitz.io/live/ucsd-rec
[2026-05-22 10:45:03] Saved 4 rows to ucsd_occupancy_history.csv
[2026-05-22 10:45:03] Main Gym Fitness Gym: 58% (Busy) people=42 capacity=72 is_open=True hour_summary=open
[2026-05-22 10:45:03] Outback Climbing Center: 92% (Very Active) people=27 capacity=30 is_open=True hour_summary=open
[2026-05-22 10:45:03] RIMAC Fitness Gym: 37% (Not Busy) people=55 capacity=150 is_open=True hour_summary=open
[2026-05-22 10:45:03] Triton Esports Center: 14% (Not Busy) people=5 capacity=35 is_open=True hour_summary=open
[2026-05-22 10:45:03] === SCRAPE END OK ===
[2026-05-22 11:00:02] === SCRAPE START ===
[2026-05-22 11:00:02] Fetching https://waitz.io/live/ucsd-rec
[2026-05-22 11:00:03] Saved 4 rows to ucsd_occupancy_history.csv
[2026-05-22 11:00:03] Main Gym Fitness Gym: 47% (Busy) people=34 capacity=72 is_open=True hour_summary=open
[2026-05-22 11:00:03] Outback Climbing Center: 78% (Busy) people=24 capacity=30 is_open=True hour_summary=open
[2026-05-22 11:00:03] RIMAC Fitness Gym: 41% (Not Busy) people=62 capacity=150 is_open=True hour_summary=open
[2026-05-22 11:00:03] Triton Esports Center: 20% (Not Busy) people=7 capacity=35 is_open=True hour_summary=open
[2026-05-22 11:00:03] === SCRAPE END OK ===
[2026-05-22 11:15:02] === SCRAPE START ===
[2026-05-22 11:15:02] Fetching https://waitz.io/live/ucsd-rec
[2026-05-22 11:15:03] Saved 4 rows to ucsd_occupancy_history.csv
[2026-05-22 11:15:03] Main Gym Fitness Gym: 32% (Not Busy) people=23 capacity=72 is_open=True hour_summary=open
[2026-05-22 11:15:03] Outback Climbing Center: 99% (Very Active) people=41 capacity=30 is_open=True hour_summary=open
[2026-05-22 11:15:03] RIMAC Fitness Gym: 44% (Not Busy) people=66 capacity=150 is_open=True hour_summary=open
[2026-05-22 11:15:03] Triton Esports Center: 28% (Not Busy) people=10 capacity=35 is_open=True hour_summary=open
[2026-05-22 11:15:03] === SCRAPE END OK ===
[2026-05-22 11:30:02] === SCRAPE START ===
[2026-05-22 11:30:02] Fetching https://waitz.io/live/ucsd-rec
[2026-05-22 11:30:04] Saved 4 rows to ucsd_occupancy_history.csv
[2026-05-22 11:30:04] Main Gym Fitness Gym: 25% (Not Busy) people=18 capacity=72 is_open=True hour_summary=open
[2026-05-22 11:30:04] Outback Climbing Center: 99% (Very Active) people=41 capacity=30 is_open=True hour_summary=open
[2026-05-22 11:30:04] RIMAC Fitness Gym: 52% (Busy) people=78 capacity=150 is_open=True hour_summary=open
[2026-05-22 11:30:04] Triton Esports Center: 31% (Not Busy) people=11 capacity=35 is_open=True hour_summary=open
[2026-05-22 11:30:04] === SCRAPE END OK ===
[2026-05-22 11:45:02] === SCRAPE START ===
[2026-05-22 11:45:02] Fetching https://waitz.io/live/ucsd-rec
[2026-05-22 11:45:04] Saved 4 rows to ucsd_occupancy_history.csv
[2026-05-22 11:45:04] Main Gym Fitness Gym: 39% (Not Busy) people=28 capacity=72 is_open=True hour_summary=open
[2026-05-22 11:45:04] Outback Climbing Center: 99% (Very Active) people=42 capacity=30 is_open=True hour_summary=open
[2026-05-22 11:45:04] RIMAC Fitness Gym: 46% (Busy) people=69 capacity=150 is_open=True hour_summary=open
[2026-05-22 11:45:04] Triton Esports Center: 31% (Not Busy) people=11 capacity=35 is_open=True hour_summary=open
[2026-05-22 11:45:04] === SCRAPE END OK ===
[2026-05-22 12:00:02] === SCRAPE START ===
[2026-05-22 12:00:02] Fetching https://waitz.io/live/ucsd-rec
[2026-05-22 12:00:03] Saved 4 rows to ucsd_occupancy_history.csv
[2026-05-22 12:00:03] Main Gym Fitness Gym: 51% (Busy) people=36 capacity=72 is_open=True hour_summary=open
[2026-05-22 12:00:03] Outback Climbing Center: 99% (Very Active) people=44 capacity=30 is_open=True hour_summary=open
[2026-05-22 12:00:03] RIMAC Fitness Gym: 43% (Not Busy) people=65 capacity=150 is_open=True hour_summary=open
[2026-05-22 12:00:03] Triton Esports Center: 42% (Not Busy) people=15 capacity=35 is_open=True hour_summary=open
[2026-05-22 12:00:03] === SCRAPE END OK ===
[2026-05-22 12:15:02] === SCRAPE START ===
[2026-05-22 12:15:02] Fetching https://waitz.io/live/ucsd-rec
[2026-05-22 12:15:03] Saved 4 rows to ucsd_occupancy_history.csv
[2026-05-22 12:15:03] Main Gym Fitness Gym: 48% (Busy) people=35 capacity=72 is_open=True hour_summary=open
[2026-05-22 12:15:03] Outback Climbing Center: 99% (Very Active) people=46 capacity=30 is_open=True hour_summary=open
[2026-05-22 12:15:03] RIMAC Fitness Gym: 41% (Not Busy) people=62 capacity=150 is_open=True hour_summary=open
[2026-05-22 12:15:03] Triton Esports Center: 53% (Busy) people=18 capacity=35 is_open=True hour_summary=open
[2026-05-22 12:15:03] === SCRAPE END OK ===
[2026-05-22 12:30:02] === SCRAPE START ===
[2026-05-22 12:30:02] Fetching https://waitz.io/live/ucsd-rec
[2026-05-22 12:30:04] Saved 4 rows to ucsd_occupancy_history.csv
[2026-05-22 12:30:04] Main Gym Fitness Gym: 32% (Not Busy) people=23 capacity=72 is_open=True hour_summary=open
[2026-05-22 12:30:04] Outback Climbing Center: 99% (Very Active) people=52 capacity=30 is_open=True hour_summary=open
[2026-05-22 12:30:04] RIMAC Fitness Gym: 42% (Not Busy) people=62 capacity=150 is_open=True hour_summary=open
[2026-05-22 12:30:04] Triton Esports Center: 39% (Not Busy) people=14 capacity=35 is_open=True hour_summary=open
[2026-05-22 12:30:04] === SCRAPE END OK ===
[2026-05-22 12:45:02] === SCRAPE START ===
[2026-05-22 12:45:02] Fetching https://waitz.io/live/ucsd-rec
[2026-05-22 12:45:03] Saved 4 rows to ucsd_occupancy_history.csv
[2026-05-22 12:45:03] Main Gym Fitness Gym: 33% (Not Busy) people=24 capacity=72 is_open=True hour_summary=open
[2026-05-22 12:45:03] Outback Climbing Center: 99% (Very Active) people=54 capacity=30 is_open=True hour_summary=open
[2026-05-22 12:45:03] RIMAC Fitness Gym: 37% (Not Busy) people=55 capacity=150 is_open=True hour_summary=open
[2026-05-22 12:45:03] Triton Esports Center: 46% (Busy) people=16 capacity=35 is_open=True hour_summary=open
[2026-05-22 12:45:03] === SCRAPE END OK ===
[2026-05-22 13:00:02] === SCRAPE START ===
[2026-05-22 13:00:02] Fetching https://waitz.io/live/ucsd-rec
[2026-05-22 13:00:04] Saved 4 rows to ucsd_occupancy_history.csv
[2026-05-22 13:00:04] Main Gym Fitness Gym: 28% (Not Busy) people=20 capacity=72 is_open=True hour_summary=open
[2026-05-22 13:00:04] Outback Climbing Center: 99% (Very Active) people=44 capacity=30 is_open=True hour_summary=open
[2026-05-22 13:00:04] RIMAC Fitness Gym: 32% (Not Busy) people=48 capacity=150 is_open=True hour_summary=open
[2026-05-22 13:00:04] Triton Esports Center: 48% (Busy) people=17 capacity=35 is_open=True hour_summary=open
[2026-05-22 13:00:04] === SCRAPE END OK ===
[2026-05-22 13:15:02] === SCRAPE START ===
[2026-05-22 13:15:02] Fetching https://waitz.io/live/ucsd-rec
[2026-05-22 13:15:03] Saved 4 rows to ucsd_occupancy_history.csv
[2026-05-22 13:15:03] Main Gym Fitness Gym: 32% (Not Busy) people=23 capacity=72 is_open=True hour_summary=open
[2026-05-22 13:15:03] Outback Climbing Center: 99% (Very Active) people=44 capacity=30 is_open=True hour_summary=open
[2026-05-22 13:15:03] RIMAC Fitness Gym: 37% (Not Busy) people=55 capacity=150 is_open=True hour_summary=open
[2026-05-22 13:15:03] Triton Esports Center: 47% (Busy) people=16 capacity=35 is_open=True hour_summary=open
[2026-05-22 13:15:03] === SCRAPE END OK ===
[2026-05-22 13:30:02] === SCRAPE START ===
[2026-05-22 13:30:02] Fetching https://waitz.io/live/ucsd-rec
[2026-05-22 13:30:04] Saved 4 rows to ucsd_occupancy_history.csv
[2026-05-22 13:30:04] Main Gym Fitness Gym: 13% (Not Busy) people=9 capacity=72 is_open=True hour_summary=open
[2026-05-22 13:30:04] Outback Climbing Center: 99% (Very Active) people=37 capacity=30 is_open=True hour_summary=open
[2026-05-22 13:30:04] RIMAC Fitness Gym: 42% (Not Busy) people=63 capacity=150 is_open=True hour_summary=open
[2026-05-22 13:30:04] Triton Esports Center: 36% (Not Busy) people=12 capacity=35 is_open=True hour_summary=open
[2026-05-22 13:30:04] === SCRAPE END OK ===
[2026-05-22 13:45:02] === SCRAPE START ===
[2026-05-22 13:45:02] Fetching https://waitz.io/live/ucsd-rec
[2026-05-22 13:45:03] Saved 4 rows to ucsd_occupancy_history.csv
[2026-05-22 13:45:03] Main Gym Fitness Gym: 6% (Not Busy) people=4 capacity=72 is_open=True hour_summary=open
[2026-05-22 13:45:03] Outback Climbing Center: 99% (Very Active) people=47 capacity=30 is_open=True hour_summary=open
[2026-05-22 13:45:03] RIMAC Fitness Gym: 46% (Busy) people=70 capacity=150 is_open=True hour_summary=open
[2026-05-22 13:45:03] Triton Esports Center: 39% (Not Busy) people=14 capacity=35 is_open=True hour_summary=open
[2026-05-22 13:45:03] === SCRAPE END OK ===
[2026-05-22 14:00:02] === SCRAPE START ===
[2026-05-22 14:00:02] Fetching https://waitz.io/live/ucsd-rec
[2026-05-22 14:00:04] Saved 4 rows to ucsd_occupancy_history.csv
[2026-05-22 14:00:04] Main Gym Fitness Gym: 14% (Not Busy) people=10 capacity=72 is_open=True hour_summary=open
[2026-05-22 14:00:04] Outback Climbing Center: 99% (Very Active) people=43 capacity=30 is_open=True hour_summary=open
[2026-05-22 14:00:04] RIMAC Fitness Gym: 38% (Not Busy) people=57 capacity=150 is_open=True hour_summary=open
[2026-05-22 14:00:04] Triton Esports Center: 40% (Not Busy) people=14 capacity=35 is_open=True hour_summary=open
[2026-05-22 14:00:04] === SCRAPE END OK ===
[2026-05-22 14:15:02] === SCRAPE START ===
[2026-05-22 14:15:02] Fetching https://waitz.io/live/ucsd-rec
[2026-05-22 14:15:03] Saved 4 rows to ucsd_occupancy_history.csv
[2026-05-22 14:15:03] Main Gym Fitness Gym: 23% (Not Busy) people=17 capacity=72 is_open=True hour_summary=open
[2026-05-22 14:15:03] Outback Climbing Center: 99% (Very Active) people=51 capacity=30 is_open=True hour_summary=open
[2026-05-22 14:15:03] RIMAC Fitness Gym: 48% (Busy) people=72 capacity=150 is_open=True hour_summary=open
[2026-05-22 14:15:03] Triton Esports Center: 56% (Busy) people=20 capacity=35 is_open=True hour_summary=open
[2026-05-22 14:15:03] === SCRAPE END OK ===
[2026-05-22 14:30:02] === SCRAPE START ===
[2026-05-22 14:30:02] Fetching https://waitz.io/live/ucsd-rec
[2026-05-22 14:30:03] Saved 4 rows to ucsd_occupancy_history.csv
[2026-05-22 14:30:03] Main Gym Fitness Gym: 25% (Not Busy) people=18 capacity=72 is_open=True hour_summary=open
[2026-05-22 14:30:03] Outback Climbing Center: 99% (Very Active) people=49 capacity=30 is_open=True hour_summary=open
[2026-05-22 14:30:03] RIMAC Fitness Gym: 50% (Busy) people=75 capacity=150 is_open=True hour_summary=open
[2026-05-22 14:30:03] Triton Esports Center: 50% (Busy) people=18 capacity=35 is_open=True hour_summary=open
[2026-05-22 14:30:03] === SCRAPE END OK ===
[2026-05-22 14:45:02] === SCRAPE START ===
[2026-05-22 14:45:02] Fetching https://waitz.io/live/ucsd-rec
[2026-05-22 14:45:03] Saved 4 rows to ucsd_occupancy_history.csv
[2026-05-22 14:45:03] Main Gym Fitness Gym: 99% (Very Active) people=81 capacity=72 is_open=True hour_summary=open
[2026-05-22 14:45:03] Outback Climbing Center: 99% (Very Active) people=61 capacity=30 is_open=True hour_summary=open
[2026-05-22 14:45:03] RIMAC Fitness Gym: 52% (Busy) people=78 capacity=150 is_open=True hour_summary=open
[2026-05-22 14:45:03] Triton Esports Center: 50% (Busy) people=17 capacity=35 is_open=True hour_summary=open
[2026-05-22 14:45:03] === SCRAPE END OK ===
[2026-05-22 15:00:02] === SCRAPE START ===
[2026-05-22 15:00:02] Fetching https://waitz.io/live/ucsd-rec
[2026-05-22 15:00:04] Saved 4 rows to ucsd_occupancy_history.csv
[2026-05-22 15:00:04] Main Gym Fitness Gym: 21% (Not Busy) people=15 capacity=72 is_open=True hour_summary=open
[2026-05-22 15:00:04] Outback Climbing Center: 99% (Very Active) people=60 capacity=30 is_open=True hour_summary=open
[2026-05-22 15:00:04] RIMAC Fitness Gym: 46% (Busy) people=69 capacity=150 is_open=True hour_summary=open
[2026-05-22 15:00:04] Triton Esports Center: 50% (Busy) people=17 capacity=35 is_open=True hour_summary=open
[2026-05-22 15:00:04] === SCRAPE END OK ===
[2026-05-22 15:15:02] === SCRAPE START ===
[2026-05-22 15:15:02] Fetching https://waitz.io/live/ucsd-rec
[2026-05-22 15:15:03] Saved 4 rows to ucsd_occupancy_history.csv
[2026-05-22 15:15:03] Main Gym Fitness Gym: 16% (Not Busy) people=11 capacity=72 is_open=True hour_summary=open
[2026-05-22 15:15:03] Outback Climbing Center: 99% (Very Active) people=62 capacity=30 is_open=True hour_summary=open
[2026-05-22 15:15:03] RIMAC Fitness Gym: 51% (Busy) people=77 capacity=150 is_open=True hour_summary=open
[2026-05-22 15:15:03] Triton Esports Center: 54% (Busy) people=19 capacity=35 is_open=True hour_summary=open
[2026-05-22 15:15:03] === SCRAPE END OK ===
[2026-05-22 15:30:02] === SCRAPE START ===
[2026-05-22 15:30:02] Fetching https://waitz.io/live/ucsd-rec
[2026-05-22 15:30:04] Saved 4 rows to ucsd_occupancy_history.csv
[2026-05-22 15:30:04] Main Gym Fitness Gym: 23% (Not Busy) people=17 capacity=72 is_open=True hour_summary=open
[2026-05-22 15:30:04] Outback Climbing Center: 99% (Very Active) people=57 capacity=30 is_open=True hour_summary=open
[2026-05-22 15:30:04] RIMAC Fitness Gym: 45% (Not Busy) people=67 capacity=150 is_open=True hour_summary=open
[2026-05-22 15:30:04] Triton Esports Center: 71% (Busy) people=25 capacity=35 is_open=True hour_summary=open
[2026-05-22 15:30:04] === SCRAPE END OK ===
[2026-05-22 15:45:02] === SCRAPE START ===
[2026-05-22 15:45:02] Fetching https://waitz.io/live/ucsd-rec
[2026-05-22 15:45:04] Saved 4 rows to ucsd_occupancy_history.csv
[2026-05-22 15:45:04] Main Gym Fitness Gym: 10% (Not Busy) people=7 capacity=72 is_open=True hour_summary=open
[2026-05-22 15:45:04] Outback Climbing Center: 99% (Very Active) people=56 capacity=30 is_open=True hour_summary=open
[2026-05-22 15:45:04] RIMAC Fitness Gym: 42% (Not Busy) people=63 capacity=150 is_open=True hour_summary=open
[2026-05-22 15:45:04] Triton Esports Center: 57% (Busy) people=20 capacity=35 is_open=True hour_summary=open
[2026-05-22 15:45:04] === SCRAPE END OK ===
[2026-05-22 16:00:02] === SCRAPE START ===
[2026-05-22 16:00:02] Fetching https://waitz.io/live/ucsd-rec
[2026-05-22 16:00:03] Saved 4 rows to ucsd_occupancy_history.csv
[2026-05-22 16:00:03] Main Gym Fitness Gym: 29% (Not Busy) people=21 capacity=72 is_open=True hour_summary=open
[2026-05-22 16:00:03] Outback Climbing Center: 99% (Very Active) people=42 capacity=30 is_open=True hour_summary=open
[2026-05-22 16:00:03] RIMAC Fitness Gym: 44% (Not Busy) people=65 capacity=150 is_open=True hour_summary=open
[2026-05-22 16:00:03] Triton Esports Center: 57% (Busy) people=20 capacity=35 is_open=True hour_summary=open
[2026-05-22 16:00:03] === SCRAPE END OK ===
[2026-05-22 16:15:02] === SCRAPE START ===
[2026-05-22 16:15:02] Fetching https://waitz.io/live/ucsd-rec
[2026-05-22 16:15:03] Saved 4 rows to ucsd_occupancy_history.csv
[2026-05-22 16:15:03] Main Gym Fitness Gym: 39% (Not Busy) people=28 capacity=72 is_open=True hour_summary=open
[2026-05-22 16:15:03] Outback Climbing Center: 99% (Very Active) people=35 capacity=30 is_open=True hour_summary=open
[2026-05-22 16:15:03] RIMAC Fitness Gym: 46% (Busy) people=69 capacity=150 is_open=True hour_summary=open
[2026-05-22 16:15:03] Triton Esports Center: 58% (Busy) people=20 capacity=35 is_open=True hour_summary=open
[2026-05-22 16:15:03] === SCRAPE END OK ===
[2026-05-22 16:30:02] === SCRAPE START ===
[2026-05-22 16:30:02] Fetching https://waitz.io/live/ucsd-rec
[2026-05-22 16:30:03] Saved 4 rows to ucsd_occupancy_history.csv
[2026-05-22 16:30:03] Main Gym Fitness Gym: 24% (Not Busy) people=17 capacity=72 is_open=True hour_summary=open
[2026-05-22 16:30:03] Outback Climbing Center: 99% (Very Active) people=44 capacity=30 is_open=True hour_summary=open
[2026-05-22 16:30:03] RIMAC Fitness Gym: 48% (Busy) people=72 capacity=150 is_open=True hour_summary=open
[2026-05-22 16:30:03] Triton Esports Center: 64% (Busy) people=22 capacity=35 is_open=True hour_summary=open
[2026-05-22 16:30:03] === SCRAPE END OK ===
[2026-05-22 16:45:02] === SCRAPE START ===
[2026-05-22 16:45:02] Fetching https://waitz.io/live/ucsd-rec
[2026-05-22 16:45:04] Saved 4 rows to ucsd_occupancy_history.csv
[2026-05-22 16:45:04] Main Gym Fitness Gym: 28% (Not Busy) people=20 capacity=72 is_open=True hour_summary=open
[2026-05-22 16:45:04] Outback Climbing Center: 99% (Very Active) people=45 capacity=30 is_open=True hour_summary=open
[2026-05-22 16:45:04] RIMAC Fitness Gym: 49% (Busy) people=74 capacity=150 is_open=True hour_summary=open
[2026-05-22 16:45:04] Triton Esports Center: 56% (Busy) people=20 capacity=35 is_open=True hour_summary=open
[2026-05-22 16:45:04] === SCRAPE END OK ===
[2026-05-22 17:00:02] === SCRAPE START ===
[2026-05-22 17:00:02] Fetching https://waitz.io/live/ucsd-rec
[2026-05-22 17:00:03] Saved 4 rows to ucsd_occupancy_history.csv
[2026-05-22 17:00:03] Main Gym Fitness Gym: 24% (Not Busy) people=17 capacity=72 is_open=True hour_summary=open
[2026-05-22 17:00:03] Outback Climbing Center: 99% (Very Active) people=47 capacity=30 is_open=True hour_summary=open
[2026-05-22 17:00:03] RIMAC Fitness Gym: 47% (Busy) people=71 capacity=150 is_open=True hour_summary=open
[2026-05-22 17:00:03] Triton Esports Center: 68% (Busy) people=24 capacity=35 is_open=True hour_summary=open
[2026-05-22 17:00:03] === SCRAPE END OK ===
[2026-05-22 17:15:02] === SCRAPE START ===
[2026-05-22 17:15:02] Fetching https://waitz.io/live/ucsd-rec
[2026-05-22 17:15:03] Saved 4 rows to ucsd_occupancy_history.csv
[2026-05-22 17:15:03] Main Gym Fitness Gym: 53% (Busy) people=38 capacity=72 is_open=True hour_summary=open
[2026-05-22 17:15:03] Outback Climbing Center: 99% (Very Active) people=56 capacity=30 is_open=True hour_summary=open
[2026-05-22 17:15:03] RIMAC Fitness Gym: 43% (Not Busy) people=65 capacity=150 is_open=True hour_summary=open
[2026-05-22 17:15:03] Triton Esports Center: 58% (Busy) people=20 capacity=35 is_open=True hour_summary=open
[2026-05-22 17:15:03] === SCRAPE END OK ===
[2026-05-22 17:30:02] === SCRAPE START ===
[2026-05-22 17:30:02] Fetching https://waitz.io/live/ucsd-rec
[2026-05-22 17:30:03] Saved 4 rows to ucsd_occupancy_history.csv
[2026-05-22 17:30:03] Main Gym Fitness Gym: 42% (Not Busy) people=30 capacity=72 is_open=True hour_summary=open
[2026-05-22 17:30:03] Outback Climbing Center: 99% (Very Active) people=56 capacity=30 is_open=True hour_summary=open
[2026-05-22 17:30:03] RIMAC Fitness Gym: 53% (Busy) people=79 capacity=150 is_open=True hour_summary=open
[2026-05-22 17:30:03] Triton Esports Center: 40% (Not Busy) people=14 capacity=35 is_open=True hour_summary=open
[2026-05-22 17:30:03] === SCRAPE END OK ===
[2026-05-22 17:45:02] === SCRAPE START ===
[2026-05-22 17:45:02] Fetching https://waitz.io/live/ucsd-rec
[2026-05-22 17:45:03] Saved 4 rows to ucsd_occupancy_history.csv
[2026-05-22 17:45:03] Main Gym Fitness Gym: 15% (Not Busy) people=11 capacity=72 is_open=True hour_summary=open
[2026-05-22 17:45:03] Outback Climbing Center: 99% (Very Active) people=59 capacity=30 is_open=True hour_summary=open
[2026-05-22 17:45:03] RIMAC Fitness Gym: 64% (Busy) people=96 capacity=150 is_open=True hour_summary=open
[2026-05-22 17:45:03] Triton Esports Center: 46% (Busy) people=16 capacity=35 is_open=True hour_summary=open
[2026-05-22 17:45:03] === SCRAPE END OK ===
[2026-05-22 18:00:02] === SCRAPE START ===
[2026-05-22 18:00:02] Fetching https://waitz.io/live/ucsd-rec
[2026-05-22 18:00:04] Saved 4 rows to ucsd_occupancy_history.csv
[2026-05-22 18:00:04] Main Gym Fitness Gym: 19% (Not Busy) people=14 capacity=72 is_open=True hour_summary=open
[2026-05-22 18:00:04] Outback Climbing Center: 99% (Very Active) people=66 capacity=30 is_open=True hour_summary=open
[2026-05-22 18:00:04] RIMAC Fitness Gym: 71% (Busy) people=107 capacity=150 is_open=True hour_summary=open
[2026-05-22 18:00:04] Triton Esports Center: 54% (Busy) people=19 capacity=35 is_open=True hour_summary=open
[2026-05-22 18:00:04] === SCRAPE END OK ===
[2026-05-22 18:15:02] === SCRAPE START ===
[2026-05-22 18:15:02] Fetching https://waitz.io/live/ucsd-rec
[2026-05-22 18:15:03] Saved 4 rows to ucsd_occupancy_history.csv
[2026-05-22 18:15:03] Main Gym Fitness Gym: 28% (Not Busy) people=20 capacity=72 is_open=True hour_summary=open
[2026-05-22 18:15:03] Outback Climbing Center: 99% (Very Active) people=77 capacity=30 is_open=True hour_summary=open
[2026-05-22 18:15:03] RIMAC Fitness Gym: 61% (Busy) people=91 capacity=150 is_open=True hour_summary=open
[2026-05-22 18:15:03] Triton Esports Center: 38% (Not Busy) people=13 capacity=35 is_open=True hour_summary=open
[2026-05-22 18:15:03] === SCRAPE END OK ===
[2026-05-22 18:30:02] === SCRAPE START ===
[2026-05-22 18:30:02] Fetching https://waitz.io/live/ucsd-rec
[2026-05-22 18:30:03] Saved 4 rows to ucsd_occupancy_history.csv
[2026-05-22 18:30:03] Main Gym Fitness Gym: 34% (Not Busy) people=25 capacity=72 is_open=True hour_summary=open
[2026-05-22 18:30:03] Outback Climbing Center: 99% (Very Active) people=62 capacity=30 is_open=True hour_summary=open
[2026-05-22 18:30:03] RIMAC Fitness Gym: 61% (Busy) people=92 capacity=150 is_open=True hour_summary=open
[2026-05-22 18:30:03] Triton Esports Center: 35% (Not Busy) people=12 capacity=35 is_open=True hour_summary=open
[2026-05-22 18:30:03] === SCRAPE END OK ===
[2026-05-22 18:45:02] === SCRAPE START ===
[2026-05-22 18:45:02] Fetching https://waitz.io/live/ucsd-rec
[2026-05-22 18:45:03] Saved 4 rows to ucsd_occupancy_history.csv
[2026-05-22 18:45:03] Main Gym Fitness Gym: 28% (Not Busy) people=21 capacity=72 is_open=True hour_summary=open
[2026-05-22 18:45:03] Outback Climbing Center: 99% (Very Active) people=41 capacity=30 is_open=True hour_summary=open
[2026-05-22 18:45:03] RIMAC Fitness Gym: 44% (Not Busy) people=66 capacity=150 is_open=True hour_summary=open
[2026-05-22 18:45:03] Triton Esports Center: 34% (Not Busy) people=12 capacity=35 is_open=True hour_summary=open
[2026-05-22 18:45:03] === SCRAPE END OK ===
[2026-05-22 19:00:02] === SCRAPE START ===
[2026-05-22 19:00:02] Fetching https://waitz.io/live/ucsd-rec
[2026-05-22 19:00:04] Saved 4 rows to ucsd_occupancy_history.csv
[2026-05-22 19:00:04] Main Gym Fitness Gym: 19% (Not Busy) people=14 capacity=72 is_open=True hour_summary=open
[2026-05-22 19:00:04] Outback Climbing Center: 99% (Very Active) people=57 capacity=30 is_open=True hour_summary=open
[2026-05-22 19:00:04] RIMAC Fitness Gym: 41% (Not Busy) people=61 capacity=150 is_open=True hour_summary=open
[2026-05-22 19:00:04] Triton Esports Center: 37% (Not Busy) people=13 capacity=35 is_open=True hour_summary=open
[2026-05-22 19:00:04] === SCRAPE END OK ===
[2026-05-22 19:15:02] === SCRAPE START ===
[2026-05-22 19:15:02] Fetching https://waitz.io/live/ucsd-rec
[2026-05-22 19:15:03] Saved 4 rows to ucsd_occupancy_history.csv
[2026-05-22 19:15:03] Main Gym Fitness Gym: 25% (Not Busy) people=18 capacity=72 is_open=True hour_summary=open
[2026-05-22 19:15:03] Outback Climbing Center: 99% (Very Active) people=42 capacity=30 is_open=True hour_summary=open
[2026-05-22 19:15:03] RIMAC Fitness Gym: 45% (Not Busy) people=68 capacity=150 is_open=True hour_summary=open
[2026-05-22 19:15:03] Triton Esports Center: 37% (Not Busy) people=13 capacity=35 is_open=True hour_summary=open
[2026-05-22 19:15:03] === SCRAPE END OK ===
[2026-05-22 19:30:02] === SCRAPE START ===
[2026-05-22 19:30:02] Fetching https://waitz.io/live/ucsd-rec
[2026-05-22 19:30:03] Saved 4 rows to ucsd_occupancy_history.csv
[2026-05-22 19:30:03] Main Gym Fitness Gym: 21% (Not Busy) people=15 capacity=72 is_open=True hour_summary=open
[2026-05-22 19:30:03] Outback Climbing Center: 99% (Very Active) people=43 capacity=30 is_open=True hour_summary=open
[2026-05-22 19:30:03] RIMAC Fitness Gym: 49% (Busy) people=74 capacity=150 is_open=True hour_summary=open
[2026-05-22 19:30:03] Triton Esports Center: 34% (Not Busy) people=12 capacity=35 is_open=True hour_summary=open
[2026-05-22 19:30:03] === SCRAPE END OK ===
[2026-05-22 19:45:02] === SCRAPE START ===
[2026-05-22 19:45:02] Fetching https://waitz.io/live/ucsd-rec
[2026-05-22 19:45:03] Saved 4 rows to ucsd_occupancy_history.csv
[2026-05-22 19:45:03] Main Gym Fitness Gym: 27% (Not Busy) people=19 capacity=72 is_open=True hour_summary=open
[2026-05-22 19:45:03] Outback Climbing Center: 99% (Very Active) people=33 capacity=30 is_open=True hour_summary=open
[2026-05-22 19:45:03] RIMAC Fitness Gym: 40% (Not Busy) people=60 capacity=150 is_open=True hour_summary=open
[2026-05-22 19:45:03] Triton Esports Center: 52% (Busy) people=18 capacity=35 is_open=True hour_summary=open
[2026-05-22 19:45:03] === SCRAPE END OK ===
[2026-05-22 20:00:02] === SCRAPE START ===
[2026-05-22 20:00:02] Fetching https://waitz.io/live/ucsd-rec
[2026-05-22 20:00:04] Saved 4 rows to ucsd_occupancy_history.csv
[2026-05-22 20:00:04] Main Gym Fitness Gym: 24% (Not Busy) people=17 capacity=72 is_open=True hour_summary=open
[2026-05-22 20:00:04] Outback Climbing Center: 78% (Busy) people=23 capacity=30 is_open=True hour_summary=open
[2026-05-22 20:00:04] RIMAC Fitness Gym: 28% (Not Busy) people=42 capacity=150 is_open=True hour_summary=open
[2026-05-22 20:00:04] Triton Esports Center: 36% (Not Busy) people=13 capacity=35 is_open=True hour_summary=open
[2026-05-22 20:00:04] === SCRAPE END OK ===
[2026-05-22 20:15:02] === SCRAPE START ===
[2026-05-22 20:15:02] Fetching https://waitz.io/live/ucsd-rec
[2026-05-22 20:15:03] Saved 4 rows to ucsd_occupancy_history.csv
[2026-05-22 20:15:03] Main Gym Fitness Gym: 12% (Not Busy) people=8 capacity=72 is_open=True hour_summary=open
[2026-05-22 20:15:03] Outback Climbing Center: 95% (Very Active) people=29 capacity=30 is_open=True hour_summary=open
[2026-05-22 20:15:03] RIMAC Fitness Gym: 31% (Not Busy) people=47 capacity=150 is_open=True hour_summary=open
[2026-05-22 20:15:03] Triton Esports Center: 32% (Not Busy) people=11 capacity=35 is_open=True hour_summary=open
[2026-05-22 20:15:03] === SCRAPE END OK ===
[2026-05-22 20:30:02] === SCRAPE START ===
[2026-05-22 20:30:02] Fetching https://waitz.io/live/ucsd-rec
[2026-05-22 20:30:04] Saved 4 rows to ucsd_occupancy_history.csv
[2026-05-22 20:30:04] Main Gym Fitness Gym: 19% (Not Busy) people=14 capacity=72 is_open=True hour_summary=open
[2026-05-22 20:30:04] Outback Climbing Center: 62% (Busy) people=19 capacity=30 is_open=True hour_summary=open
[2026-05-22 20:30:04] RIMAC Fitness Gym: 37% (Not Busy) people=56 capacity=150 is_open=True hour_summary=open
[2026-05-22 20:30:04] Triton Esports Center: 35% (Not Busy) people=12 capacity=35 is_open=True hour_summary=open
[2026-05-22 20:30:04] === SCRAPE END OK ===
[2026-05-22 20:45:03] === SCRAPE START ===
[2026-05-22 20:45:03] Fetching https://waitz.io/live/ucsd-rec
[2026-05-22 20:45:04] Saved 4 rows to ucsd_occupancy_history.csv
[2026-05-22 20:45:04] Main Gym Fitness Gym: 22% (Not Busy) people=16 capacity=72 is_open=True hour_summary=open
[2026-05-22 20:45:04] Outback Climbing Center: 70% (Busy) people=21 capacity=30 is_open=True hour_summary=open
[2026-05-22 20:45:04] RIMAC Fitness Gym: 35% (Not Busy) people=52 capacity=150 is_open=True hour_summary=open
[2026-05-22 20:45:04] Triton Esports Center: 33% (Not Busy) people=12 capacity=35 is_open=True hour_summary=open
[2026-05-22 20:45:04] === SCRAPE END OK ===
[2026-05-22 21:00:02] === SCRAPE START ===
[2026-05-22 21:00:02] Fetching https://waitz.io/live/ucsd-rec
[2026-05-22 21:00:04] Saved 4 rows to ucsd_occupancy_history.csv
[2026-05-22 21:00:04] Main Gym Fitness Gym: 15% (Not Busy) people=11 capacity=72 is_open=True hour_summary=open
[2026-05-22 21:00:04] Outback Climbing Center: 79% (Busy) people=24 capacity=30 is_open=True hour_summary=open
[2026-05-22 21:00:04] RIMAC Fitness Gym: 27% (Not Busy) people=41 capacity=150 is_open=True hour_summary=open
[2026-05-22 21:00:04] Triton Esports Center: 36% (Not Busy) people=13 capacity=35 is_open=True hour_summary=open
[2026-05-22 21:00:04] === SCRAPE END OK ===
[2026-05-22 21:15:02] === SCRAPE START ===
[2026-05-22 21:15:02] Fetching https://waitz.io/live/ucsd-rec
[2026-05-22 21:15:03] Saved 4 rows to ucsd_occupancy_history.csv
[2026-05-22 21:15:03] Main Gym Fitness Gym: 19% (Not Busy) people=14 capacity=72 is_open=True hour_summary=open
[2026-05-22 21:15:03] Outback Climbing Center: 86% (Very Active) people=26 capacity=30 is_open=True hour_summary=open
[2026-05-22 21:15:03] RIMAC Fitness Gym: 33% (Not Busy) people=49 capacity=150 is_open=True hour_summary=open
[2026-05-22 21:15:03] Triton Esports Center: 25% (Not Busy) people=9 capacity=35 is_open=True hour_summary=open
[2026-05-22 21:15:03] === SCRAPE END OK ===
[2026-05-22 21:30:02] === SCRAPE START ===
[2026-05-22 21:30:02] Fetching https://waitz.io/live/ucsd-rec
[2026-05-22 21:30:03] Saved 4 rows to ucsd_occupancy_history.csv
[2026-05-22 21:30:03] Main Gym Fitness Gym: 25% (Not Busy) people=18 capacity=72 is_open=True hour_summary=open
[2026-05-22 21:30:03] Outback Climbing Center: 89% (Very Active) people=27 capacity=30 is_open=True hour_summary=open
[2026-05-22 21:30:03] RIMAC Fitness Gym: 33% (Not Busy) people=50 capacity=150 is_open=True hour_summary=open
[2026-05-22 21:30:03] Triton Esports Center: 28% (Not Busy) people=10 capacity=35 is_open=True hour_summary=open
[2026-05-22 21:30:03] === SCRAPE END OK ===
[2026-05-22 21:45:02] === SCRAPE START ===
[2026-05-22 21:45:02] Fetching https://waitz.io/live/ucsd-rec
[2026-05-22 21:45:03] Saved 4 rows to ucsd_occupancy_history.csv
[2026-05-22 21:45:03] Main Gym Fitness Gym: 27% (Not Busy) people=20 capacity=72 is_open=True hour_summary=open
[2026-05-22 21:45:03] Outback Climbing Center: 84% (Very Active) people=25 capacity=30 is_open=True hour_summary=open
[2026-05-22 21:45:03] RIMAC Fitness Gym: 42% (Not Busy) people=62 capacity=150 is_open=True hour_summary=open
[2026-05-22 21:45:03] Triton Esports Center: 26% (Not Busy) people=9 capacity=35 is_open=True hour_summary=open
[2026-05-22 21:45:03] === SCRAPE END OK ===
[2026-05-22 22:00:02] === SCRAPE START ===
[2026-05-22 22:00:02] Fetching https://waitz.io/live/ucsd-rec
[2026-05-22 22:00:03] Saved 4 rows to ucsd_occupancy_history.csv
[2026-05-22 22:00:03] Main Gym Fitness Gym: 18% (Not Busy) people=13 capacity=72 is_open=True hour_summary=open
[2026-05-22 22:00:03] Outback Climbing Center: 35% (Closed) people=11 capacity=30 is_open=False hour_summary=Closed until 11:00am
[2026-05-22 22:00:03] RIMAC Fitness Gym: 36% (Not Busy) people=54 capacity=150 is_open=True hour_summary=open
[2026-05-22 22:00:03] Triton Esports Center: 19% (Closed) people=7 capacity=35 is_open=False hour_summary=Closed until 11:00am
[2026-05-22 22:00:03] === SCRAPE END OK ===
[2026-05-22 22:15:02] === SCRAPE START ===
[2026-05-22 22:15:02] Fetching https://waitz.io/live/ucsd-rec
[2026-05-22 22:15:03] Saved 4 rows to ucsd_occupancy_history.csv
[2026-05-22 22:15:03] Main Gym Fitness Gym: 9% (Not Busy) people=7 capacity=72 is_open=True hour_summary=open
[2026-05-22 22:15:03] Outback Climbing Center: 2% (Closed) people=1 capacity=30 is_open=False hour_summary=Closed until 11:00am
[2026-05-22 22:15:03] RIMAC Fitness Gym: 39% (Not Busy) people=58 capacity=150 is_open=True hour_summary=open
[2026-05-22 22:15:03] Triton Esports Center: 0% (Closed) people=0 capacity=35 is_open=False hour_summary=Closed until 11:00am
[2026-05-22 22:15:03] === SCRAPE END OK ===
[2026-05-22 22:30:02] === SCRAPE START ===
[2026-05-22 22:30:02] Fetching https://waitz.io/live/ucsd-rec
[2026-05-22 22:45:02] === SCRAPE START ===
[2026-05-22 22:45:02] Fetching https://waitz.io/live/ucsd-rec
[2026-05-22 22:45:03] Saved 4 rows to ucsd_occupancy_history.csv
[2026-05-22 22:45:03] Main Gym Fitness Gym: 51% (Busy) people=37 capacity=72 is_open=True hour_summary=open
[2026-05-22 22:45:03] Outback Climbing Center: 5% (Closed) people=1 capacity=30 is_open=False hour_summary=Closed until 11:00am
[2026-05-22 22:45:03] RIMAC Fitness Gym: 41% (Not Busy) people=61 capacity=150 is_open=True hour_summary=open
[2026-05-22 22:45:03] Triton Esports Center: 0% (Closed) people=0 capacity=35 is_open=False hour_summary=Closed until 11:00am
[2026-05-22 22:45:03] === SCRAPE END OK ===
[2026-05-22 23:00:02] === SCRAPE START ===
[2026-05-22 23:00:02] Fetching https://waitz.io/live/ucsd-rec
[2026-05-22 23:00:03] Saved 4 rows to ucsd_occupancy_history.csv
[2026-05-22 23:00:03] Main Gym Fitness Gym: 16% (Closed) people=11 capacity=72 is_open=False hour_summary=Closed until 8:00am
[2026-05-22 23:00:03] Outback Climbing Center: 2% (Closed) people=0 capacity=30 is_open=False hour_summary=Closed until 11:00am
[2026-05-22 23:00:03] RIMAC Fitness Gym: 13% (Closed) people=20 capacity=150 is_open=False hour_summary=Closed until 8:00am
[2026-05-22 23:00:03] Triton Esports Center: 0% (Closed) people=0 capacity=35 is_open=False hour_summary=Closed until 11:00am
[2026-05-22 23:00:03] === SCRAPE END OK ===
