[2026-06-03 00:00:02] === SCRAPE START ===
[2026-06-03 00:00:02] Fetching https://waitz.io/live/ucsd-rec
[2026-06-03 00:00:03] Saved 4 rows to ucsd_occupancy_history.csv
[2026-06-03 00:00:03] Main Gym Fitness Gym: 3% (Closed) people=2 capacity=72 is_open=False hour_summary=Closed until 6:00am
[2026-06-03 00:00:03] Outback Climbing Center: 2% (Closed) people=0 capacity=30 is_open=False hour_summary=Closed until 10:00am
[2026-06-03 00:00:03] RIMAC Fitness Gym: 0% (Closed) people=1 capacity=150 is_open=False hour_summary=Closed until 6:00am
[2026-06-03 00:00:03] Triton Esports Center: 0% (Closed) people=0 capacity=35 is_open=False hour_summary=Closed until 7:30am
[2026-06-03 00:00:03] === SCRAPE END OK ===
[2026-06-03 00:15:02] === SCRAPE START ===
[2026-06-03 00:15:02] Fetching https://waitz.io/live/ucsd-rec
[2026-06-03 00:15:03] Saved 4 rows to ucsd_occupancy_history.csv
[2026-06-03 00:15:03] Main Gym Fitness Gym: 1% (Closed) people=1 capacity=72 is_open=False hour_summary=Closed until 6:00am
[2026-06-03 00:15:03] Outback Climbing Center: 1% (Closed) people=0 capacity=30 is_open=False hour_summary=Closed until 10:00am
[2026-06-03 00:15:03] RIMAC Fitness Gym: 0% (Closed) people=0 capacity=150 is_open=False hour_summary=Closed until 6:00am
[2026-06-03 00:15:03] Triton Esports Center: 0% (Closed) people=0 capacity=35 is_open=False hour_summary=Closed until 7:30am
[2026-06-03 00:15:03] === SCRAPE END OK ===
[2026-06-03 00:30:02] === SCRAPE START ===
[2026-06-03 00:30:02] Fetching https://waitz.io/live/ucsd-rec
[2026-06-03 00:30:04] Saved 4 rows to ucsd_occupancy_history.csv
[2026-06-03 00:30:04] Main Gym Fitness Gym: 1% (Closed) people=1 capacity=72 is_open=False hour_summary=Closed until 6:00am
[2026-06-03 00:30:04] Outback Climbing Center: 2% (Closed) people=0 capacity=30 is_open=False hour_summary=Closed until 10:00am
[2026-06-03 00:30:04] RIMAC Fitness Gym: 0% (Closed) people=0 capacity=150 is_open=False hour_summary=Closed until 6:00am
[2026-06-03 00:30:04] Triton Esports Center: 0% (Closed) people=0 capacity=35 is_open=False hour_summary=Closed until 7:30am
[2026-06-03 00:30:04] === SCRAPE END OK ===
[2026-06-03 00:45:02] === SCRAPE START ===
[2026-06-03 00:45:02] Fetching https://waitz.io/live/ucsd-rec
[2026-06-03 00:45:03] Saved 4 rows to ucsd_occupancy_history.csv
[2026-06-03 00:45:03] Main Gym Fitness Gym: 1% (Closed) people=1 capacity=72 is_open=False hour_summary=Closed until 6:00am
[2026-06-03 00:45:03] Outback Climbing Center: 1% (Closed) people=0 capacity=30 is_open=False hour_summary=Closed until 10:00am
[2026-06-03 00:45:03] RIMAC Fitness Gym: 0% (Closed) people=0 capacity=150 is_open=False hour_summary=Closed until 6:00am
[2026-06-03 00:45:03] Triton Esports Center: 0% (Closed) people=0 capacity=35 is_open=False hour_summary=Closed until 7:30am
[2026-06-03 00:45:03] === SCRAPE END OK ===
[2026-06-03 01:00:02] === SCRAPE START ===
[2026-06-03 01:00:02] Fetching https://waitz.io/live/ucsd-rec
[2026-06-03 01:00:03] Saved 4 rows to ucsd_occupancy_history.csv
[2026-06-03 01:00:03] Main Gym Fitness Gym: 1% (Closed) people=1 capacity=72 is_open=False hour_summary=Closed until 6:00am
[2026-06-03 01:00:03] Outback Climbing Center: 2% (Closed) people=0 capacity=30 is_open=False hour_summary=Closed until 10:00am
[2026-06-03 01:00:03] RIMAC Fitness Gym: 0% (Closed) people=0 capacity=150 is_open=False hour_summary=Closed until 6:00am
[2026-06-03 01:00:03] Triton Esports Center: 0% (Closed) people=0 capacity=35 is_open=False hour_summary=Closed until 7:30am
[2026-06-03 01:00:03] === SCRAPE END OK ===
[2026-06-03 01:15:02] === SCRAPE START ===
[2026-06-03 01:15:02] Fetching https://waitz.io/live/ucsd-rec
[2026-06-03 01:15:03] Saved 4 rows to ucsd_occupancy_history.csv
[2026-06-03 01:15:03] Main Gym Fitness Gym: 1% (Closed) people=1 capacity=72 is_open=False hour_summary=Closed until 6:00am
[2026-06-03 01:15:03] Outback Climbing Center: 2% (Closed) people=1 capacity=30 is_open=False hour_summary=Closed until 10:00am
[2026-06-03 01:15:03] RIMAC Fitness Gym: 0% (Closed) people=0 capacity=150 is_open=False hour_summary=Closed until 6:00am
[2026-06-03 01:15:03] Triton Esports Center: 0% (Closed) people=0 capacity=35 is_open=False hour_summary=Closed until 7:30am
[2026-06-03 01:15:03] === SCRAPE END OK ===
[2026-06-03 01:30:02] === SCRAPE START ===
[2026-06-03 01:30:02] Fetching https://waitz.io/live/ucsd-rec
[2026-06-03 01:30:04] Saved 4 rows to ucsd_occupancy_history.csv
[2026-06-03 01:30:04] Main Gym Fitness Gym: 1% (Closed) people=0 capacity=72 is_open=False hour_summary=Closed until 6:00am
[2026-06-03 01:30:04] Outback Climbing Center: 1% (Closed) people=0 capacity=30 is_open=False hour_summary=Closed until 10:00am
[2026-06-03 01:30:04] RIMAC Fitness Gym: 0% (Closed) people=0 capacity=150 is_open=False hour_summary=Closed until 6:00am
[2026-06-03 01:30:04] Triton Esports Center: 0% (Closed) people=0 capacity=35 is_open=False hour_summary=Closed until 7:30am
[2026-06-03 01:30:04] === SCRAPE END OK ===
[2026-06-03 01:45:02] === SCRAPE START ===
[2026-06-03 01:45:02] Fetching https://waitz.io/live/ucsd-rec
[2026-06-03 01:45:03] Saved 4 rows to ucsd_occupancy_history.csv
[2026-06-03 01:45:03] Main Gym Fitness Gym: 1% (Closed) people=1 capacity=72 is_open=False hour_summary=Closed until 6:00am
[2026-06-03 01:45:03] Outback Climbing Center: 1% (Closed) people=0 capacity=30 is_open=False hour_summary=Closed until 10:00am
[2026-06-03 01:45:03] RIMAC Fitness Gym: 0% (Closed) people=0 capacity=150 is_open=False hour_summary=Closed until 6:00am
[2026-06-03 01:45:03] Triton Esports Center: 0% (Closed) people=0 capacity=35 is_open=False hour_summary=Closed until 7:30am
[2026-06-03 01:45:03] === SCRAPE END OK ===
[2026-06-03 02:00:02] === SCRAPE START ===
[2026-06-03 02:00:02] Fetching https://waitz.io/live/ucsd-rec
[2026-06-03 02:00:04] Saved 4 rows to ucsd_occupancy_history.csv
[2026-06-03 02:00:04] Main Gym Fitness Gym: 1% (Closed) people=1 capacity=72 is_open=False hour_summary=Closed until 6:00am
[2026-06-03 02:00:04] Outback Climbing Center: 1% (Closed) people=0 capacity=30 is_open=False hour_summary=Closed until 10:00am
[2026-06-03 02:00:04] RIMAC Fitness Gym: 0% (Closed) people=0 capacity=150 is_open=False hour_summary=Closed until 6:00am
[2026-06-03 02:00:04] Triton Esports Center: 0% (Closed) people=0 capacity=35 is_open=False hour_summary=Closed until 7:30am
[2026-06-03 02:00:04] === SCRAPE END OK ===
[2026-06-03 02:15:02] === SCRAPE START ===
[2026-06-03 02:15:02] Fetching https://waitz.io/live/ucsd-rec
[2026-06-03 02:15:04] Saved 4 rows to ucsd_occupancy_history.csv
[2026-06-03 02:15:04] Main Gym Fitness Gym: 1% (Closed) people=1 capacity=72 is_open=False hour_summary=Closed until 6:00am
[2026-06-03 02:15:04] Outback Climbing Center: 1% (Closed) people=0 capacity=30 is_open=False hour_summary=Closed until 10:00am
[2026-06-03 02:15:04] RIMAC Fitness Gym: 0% (Closed) people=0 capacity=150 is_open=False hour_summary=Closed until 6:00am
[2026-06-03 02:15:04] Triton Esports Center: 0% (Closed) people=0 capacity=35 is_open=False hour_summary=Closed until 7:30am
[2026-06-03 02:15:04] === SCRAPE END OK ===
[2026-06-03 02:30:02] === SCRAPE START ===
[2026-06-03 02:30:02] Fetching https://waitz.io/live/ucsd-rec
[2026-06-03 02:30:03] Saved 4 rows to ucsd_occupancy_history.csv
[2026-06-03 02:30:03] Main Gym Fitness Gym: 1% (Closed) people=1 capacity=72 is_open=False hour_summary=Closed until 6:00am
[2026-06-03 02:30:03] Outback Climbing Center: 1% (Closed) people=0 capacity=30 is_open=False hour_summary=Closed until 10:00am
[2026-06-03 02:30:03] RIMAC Fitness Gym: 0% (Closed) people=0 capacity=150 is_open=False hour_summary=Closed until 6:00am
[2026-06-03 02:30:03] Triton Esports Center: 0% (Closed) people=0 capacity=35 is_open=False hour_summary=Closed until 7:30am
[2026-06-03 02:30:03] === SCRAPE END OK ===
[2026-06-03 02:45:02] === SCRAPE START ===
[2026-06-03 02:45:02] Fetching https://waitz.io/live/ucsd-rec
[2026-06-03 02:45:02] Saved 4 rows to ucsd_occupancy_history.csv
[2026-06-03 02:45:02] Main Gym Fitness Gym: 1% (Closed) people=1 capacity=72 is_open=False hour_summary=Closed until 6:00am
[2026-06-03 02:45:02] Outback Climbing Center: 2% (Closed) people=1 capacity=30 is_open=False hour_summary=Closed until 10:00am
[2026-06-03 02:45:02] RIMAC Fitness Gym: 0% (Closed) people=0 capacity=150 is_open=False hour_summary=Closed until 6:00am
[2026-06-03 02:45:02] Triton Esports Center: 0% (Closed) people=0 capacity=35 is_open=False hour_summary=Closed until 7:30am
[2026-06-03 02:45:02] === SCRAPE END OK ===
[2026-06-03 03:00:02] === SCRAPE START ===
[2026-06-03 03:00:02] Fetching https://waitz.io/live/ucsd-rec
[2026-06-03 03:00:03] Saved 4 rows to ucsd_occupancy_history.csv
[2026-06-03 03:00:03] Main Gym Fitness Gym: 1% (Closed) people=1 capacity=72 is_open=False hour_summary=Closed until 6:00am
[2026-06-03 03:00:03] Outback Climbing Center: 1% (Closed) people=0 capacity=30 is_open=False hour_summary=Closed until 10:00am
[2026-06-03 03:00:03] RIMAC Fitness Gym: 0% (Closed) people=1 capacity=150 is_open=False hour_summary=Closed until 6:00am
[2026-06-03 03:00:03] Triton Esports Center: 0% (Closed) people=0 capacity=35 is_open=False hour_summary=Closed until 7:30am
[2026-06-03 03:00:03] === SCRAPE END OK ===
[2026-06-03 03:15:02] === SCRAPE START ===
[2026-06-03 03:15:02] Fetching https://waitz.io/live/ucsd-rec
[2026-06-03 03:15:04] Saved 4 rows to ucsd_occupancy_history.csv
[2026-06-03 03:15:04] Main Gym Fitness Gym: 1% (Closed) people=1 capacity=72 is_open=False hour_summary=Closed until 6:00am
[2026-06-03 03:15:04] Outback Climbing Center: 1% (Closed) people=0 capacity=30 is_open=False hour_summary=Closed until 10:00am
[2026-06-03 03:15:04] RIMAC Fitness Gym: 1% (Closed) people=1 capacity=150 is_open=False hour_summary=Closed until 6:00am
[2026-06-03 03:15:04] Triton Esports Center: 0% (Closed) people=0 capacity=35 is_open=False hour_summary=Closed until 7:30am
[2026-06-03 03:15:04] === SCRAPE END OK ===
[2026-06-03 03:30:02] === SCRAPE START ===
[2026-06-03 03:30:02] Fetching https://waitz.io/live/ucsd-rec
[2026-06-03 03:30:04] Saved 4 rows to ucsd_occupancy_history.csv
[2026-06-03 03:30:04] Main Gym Fitness Gym: 1% (Closed) people=1 capacity=72 is_open=False hour_summary=Closed until 6:00am
[2026-06-03 03:30:04] Outback Climbing Center: 2% (Closed) people=1 capacity=30 is_open=False hour_summary=Closed until 10:00am
[2026-06-03 03:30:04] RIMAC Fitness Gym: 0% (Closed) people=0 capacity=150 is_open=False hour_summary=Closed until 6:00am
[2026-06-03 03:30:04] Triton Esports Center: 0% (Closed) people=0 capacity=35 is_open=False hour_summary=Closed until 7:30am
[2026-06-03 03:30:04] === SCRAPE END OK ===
[2026-06-03 03:45:02] === SCRAPE START ===
[2026-06-03 03:45:02] Fetching https://waitz.io/live/ucsd-rec
[2026-06-03 03:45:02] Saved 4 rows to ucsd_occupancy_history.csv
[2026-06-03 03:45:02] Main Gym Fitness Gym: 1% (Closed) people=1 capacity=72 is_open=False hour_summary=Closed until 6:00am
[2026-06-03 03:45:02] Outback Climbing Center: 1% (Closed) people=0 capacity=30 is_open=False hour_summary=Closed until 10:00am
[2026-06-03 03:45:02] RIMAC Fitness Gym: 1% (Closed) people=1 capacity=150 is_open=False hour_summary=Closed until 6:00am
[2026-06-03 03:45:02] Triton Esports Center: 0% (Closed) people=0 capacity=35 is_open=False hour_summary=Closed until 7:30am
[2026-06-03 03:45:02] === SCRAPE END OK ===
[2026-06-03 04:00:02] === SCRAPE START ===
[2026-06-03 04:00:02] Fetching https://waitz.io/live/ucsd-rec
[2026-06-03 04:00:03] Saved 4 rows to ucsd_occupancy_history.csv
[2026-06-03 04:00:03] Main Gym Fitness Gym: 1% (Closed) people=1 capacity=72 is_open=False hour_summary=Closed until 6:00am
[2026-06-03 04:00:03] Outback Climbing Center: 1% (Closed) people=0 capacity=30 is_open=False hour_summary=Closed until 10:00am
[2026-06-03 04:00:03] RIMAC Fitness Gym: 0% (Closed) people=0 capacity=150 is_open=False hour_summary=Closed until 6:00am
[2026-06-03 04:00:03] Triton Esports Center: 0% (Closed) people=0 capacity=35 is_open=False hour_summary=Closed until 7:30am
[2026-06-03 04:00:03] === SCRAPE END OK ===
[2026-06-03 04:15:02] === SCRAPE START ===
[2026-06-03 04:15:02] Fetching https://waitz.io/live/ucsd-rec
[2026-06-03 04:15:03] Saved 4 rows to ucsd_occupancy_history.csv
[2026-06-03 04:15:03] Main Gym Fitness Gym: 1% (Closed) people=1 capacity=72 is_open=False hour_summary=Closed until 6:00am
[2026-06-03 04:15:03] Outback Climbing Center: 2% (Closed) people=1 capacity=30 is_open=False hour_summary=Closed until 10:00am
[2026-06-03 04:15:03] RIMAC Fitness Gym: 0% (Closed) people=0 capacity=150 is_open=False hour_summary=Closed until 6:00am
[2026-06-03 04:15:03] Triton Esports Center: 0% (Closed) people=0 capacity=35 is_open=False hour_summary=Closed until 7:30am
[2026-06-03 04:15:03] === SCRAPE END OK ===
[2026-06-03 04:30:02] === SCRAPE START ===
[2026-06-03 04:30:02] Fetching https://waitz.io/live/ucsd-rec
[2026-06-03 04:30:03] Saved 4 rows to ucsd_occupancy_history.csv
[2026-06-03 04:30:03] Main Gym Fitness Gym: 1% (Closed) people=1 capacity=72 is_open=False hour_summary=Closed until 6:00am
[2026-06-03 04:30:03] Outback Climbing Center: 1% (Closed) people=0 capacity=30 is_open=False hour_summary=Closed until 10:00am
[2026-06-03 04:30:03] RIMAC Fitness Gym: 0% (Closed) people=0 capacity=150 is_open=False hour_summary=Closed until 6:00am
[2026-06-03 04:30:03] Triton Esports Center: 0% (Closed) people=0 capacity=35 is_open=False hour_summary=Closed until 7:30am
[2026-06-03 04:30:03] === SCRAPE END OK ===
[2026-06-03 04:45:02] === SCRAPE START ===
[2026-06-03 04:45:02] Fetching https://waitz.io/live/ucsd-rec
[2026-06-03 04:45:03] Saved 4 rows to ucsd_occupancy_history.csv
[2026-06-03 04:45:03] Main Gym Fitness Gym: 3% (Closed) people=2 capacity=72 is_open=False hour_summary=Closed until 6:00am
[2026-06-03 04:45:03] Outback Climbing Center: 2% (Closed) people=1 capacity=30 is_open=False hour_summary=Closed until 10:00am
[2026-06-03 04:45:03] RIMAC Fitness Gym: 0% (Closed) people=0 capacity=150 is_open=False hour_summary=Closed until 6:00am
[2026-06-03 04:45:03] Triton Esports Center: 0% (Closed) people=0 capacity=35 is_open=False hour_summary=Closed until 7:30am
[2026-06-03 04:45:03] === SCRAPE END OK ===
[2026-06-03 05:00:02] === SCRAPE START ===
[2026-06-03 05:00:02] Fetching https://waitz.io/live/ucsd-rec
[2026-06-03 05:00:04] Saved 4 rows to ucsd_occupancy_history.csv
[2026-06-03 05:00:04] Main Gym Fitness Gym: 0% (Closed) people=0 capacity=72 is_open=False hour_summary=Closed until 6:00am
[2026-06-03 05:00:04] Outback Climbing Center: 2% (Closed) people=0 capacity=30 is_open=False hour_summary=Closed until 10:00am
[2026-06-03 05:00:04] RIMAC Fitness Gym: 0% (Closed) people=1 capacity=150 is_open=False hour_summary=Closed until 6:00am
[2026-06-03 05:00:04] Triton Esports Center: 0% (Closed) people=0 capacity=35 is_open=False hour_summary=Closed until 7:30am
[2026-06-03 05:00:04] === SCRAPE END OK ===
[2026-06-03 05:15:02] === SCRAPE START ===
[2026-06-03 05:15:02] Fetching https://waitz.io/live/ucsd-rec
[2026-06-03 05:15:03] Saved 4 rows to ucsd_occupancy_history.csv
[2026-06-03 05:15:03] Main Gym Fitness Gym: 1% (Closed) people=1 capacity=72 is_open=False hour_summary=Closed until 6:00am
[2026-06-03 05:15:03] Outback Climbing Center: 1% (Closed) people=0 capacity=30 is_open=False hour_summary=Closed until 10:00am
[2026-06-03 05:15:03] RIMAC Fitness Gym: 0% (Closed) people=0 capacity=150 is_open=False hour_summary=Closed until 6:00am
[2026-06-03 05:15:03] Triton Esports Center: 0% (Closed) people=0 capacity=35 is_open=False hour_summary=Closed until 7:30am
[2026-06-03 05:15:03] === SCRAPE END OK ===
[2026-06-03 05:30:02] === SCRAPE START ===
[2026-06-03 05:30:02] Fetching https://waitz.io/live/ucsd-rec
[2026-06-03 05:30:04] Saved 4 rows to ucsd_occupancy_history.csv
[2026-06-03 05:30:04] Main Gym Fitness Gym: 1% (Closed) people=1 capacity=72 is_open=False hour_summary=Closed until 6:00am
[2026-06-03 05:30:04] Outback Climbing Center: 2% (Closed) people=1 capacity=30 is_open=False hour_summary=Closed until 10:00am
[2026-06-03 05:30:04] RIMAC Fitness Gym: 0% (Closed) people=0 capacity=150 is_open=False hour_summary=Closed until 6:00am
[2026-06-03 05:30:04] Triton Esports Center: 0% (Closed) people=0 capacity=35 is_open=False hour_summary=Closed until 7:30am
[2026-06-03 05:30:04] === SCRAPE END OK ===
[2026-06-03 05:45:02] === SCRAPE START ===
[2026-06-03 05:45:02] Fetching https://waitz.io/live/ucsd-rec
[2026-06-03 05:45:03] Saved 4 rows to ucsd_occupancy_history.csv
[2026-06-03 05:45:03] Main Gym Fitness Gym: 1% (Closed) people=1 capacity=72 is_open=False hour_summary=Closed until 6:00am
[2026-06-03 05:45:03] Outback Climbing Center: 1% (Closed) people=0 capacity=30 is_open=False hour_summary=Closed until 10:00am
[2026-06-03 05:45:03] RIMAC Fitness Gym: 0% (Closed) people=0 capacity=150 is_open=False hour_summary=Closed until 6:00am
[2026-06-03 05:45:03] Triton Esports Center: 0% (Closed) people=0 capacity=35 is_open=False hour_summary=Closed until 7:30am
[2026-06-03 05:45:03] === SCRAPE END OK ===
[2026-06-03 06:00:02] === SCRAPE START ===
[2026-06-03 06:00:02] Fetching https://waitz.io/live/ucsd-rec
[2026-06-03 06:00:04] Saved 4 rows to ucsd_occupancy_history.csv
[2026-06-03 06:00:04] Main Gym Fitness Gym: 2% (Not Busy) people=2 capacity=72 is_open=True hour_summary=open
[2026-06-03 06:00:04] Outback Climbing Center: 2% (Closed) people=0 capacity=30 is_open=False hour_summary=Closed until 10:00am
[2026-06-03 06:00:04] RIMAC Fitness Gym: 0% (Not Busy) people=0 capacity=150 is_open=True hour_summary=open
[2026-06-03 06:00:04] Triton Esports Center: 0% (Closed) people=0 capacity=35 is_open=False hour_summary=Closed until 7:30am
[2026-06-03 06:00:04] === SCRAPE END OK ===
[2026-06-03 06:15:02] === SCRAPE START ===
[2026-06-03 06:15:02] Fetching https://waitz.io/live/ucsd-rec
[2026-06-03 06:15:04] Saved 4 rows to ucsd_occupancy_history.csv
[2026-06-03 06:15:04] Main Gym Fitness Gym: 15% (Not Busy) people=11 capacity=72 is_open=True hour_summary=open
[2026-06-03 06:15:04] Outback Climbing Center: 5% (Closed) people=1 capacity=30 is_open=False hour_summary=Closed until 10:00am
[2026-06-03 06:15:04] RIMAC Fitness Gym: 14% (Not Busy) people=21 capacity=150 is_open=True hour_summary=open
[2026-06-03 06:15:04] Triton Esports Center: 0% (Closed) people=0 capacity=35 is_open=False hour_summary=Closed until 7:30am
[2026-06-03 06:15:04] === SCRAPE END OK ===
[2026-06-03 06:30:02] === SCRAPE START ===
[2026-06-03 06:30:02] Fetching https://waitz.io/live/ucsd-rec
[2026-06-03 06:30:03] Saved 4 rows to ucsd_occupancy_history.csv
[2026-06-03 06:30:03] Main Gym Fitness Gym: 2% (Not Busy) people=1 capacity=72 is_open=True hour_summary=open
[2026-06-03 06:30:03] Outback Climbing Center: 3% (Closed) people=1 capacity=30 is_open=False hour_summary=Closed until 10:00am
[2026-06-03 06:30:03] RIMAC Fitness Gym: 18% (Not Busy) people=27 capacity=150 is_open=True hour_summary=open
[2026-06-03 06:30:03] Triton Esports Center: 0% (Closed) people=0 capacity=35 is_open=False hour_summary=Closed until 7:30am
[2026-06-03 06:30:03] === SCRAPE END OK ===
[2026-06-03 06:45:02] === SCRAPE START ===
[2026-06-03 06:45:02] Fetching https://waitz.io/live/ucsd-rec
[2026-06-03 06:45:02] Saved 4 rows to ucsd_occupancy_history.csv
[2026-06-03 06:45:02] Main Gym Fitness Gym: 13% (Not Busy) people=9 capacity=72 is_open=True hour_summary=open
[2026-06-03 06:45:02] Outback Climbing Center: 3% (Closed) people=1 capacity=30 is_open=False hour_summary=Closed until 10:00am
[2026-06-03 06:45:02] RIMAC Fitness Gym: 21% (Not Busy) people=32 capacity=150 is_open=True hour_summary=open
[2026-06-03 06:45:02] Triton Esports Center: 0% (Closed) people=0 capacity=35 is_open=False hour_summary=Closed until 7:30am
[2026-06-03 06:45:02] === SCRAPE END OK ===
[2026-06-03 07:00:02] === SCRAPE START ===
[2026-06-03 07:00:02] Fetching https://waitz.io/live/ucsd-rec
[2026-06-03 07:00:04] Saved 4 rows to ucsd_occupancy_history.csv
[2026-06-03 07:00:04] Main Gym Fitness Gym: 5% (Not Busy) people=3 capacity=72 is_open=True hour_summary=open
[2026-06-03 07:00:04] Outback Climbing Center: 4% (Closed) people=1 capacity=30 is_open=False hour_summary=Closed until 10:00am
[2026-06-03 07:00:04] RIMAC Fitness Gym: 0% (Data Unavailable) people=0 capacity=150 is_open=True hour_summary=open
[2026-06-03 07:00:04] Triton Esports Center: 0% (Closed) people=0 capacity=35 is_open=False hour_summary=Closed until 7:30am
[2026-06-03 07:00:04] === SCRAPE END OK ===
[2026-06-03 07:15:02] === SCRAPE START ===
[2026-06-03 07:15:02] Fetching https://waitz.io/live/ucsd-rec
[2026-06-03 07:15:03] Saved 4 rows to ucsd_occupancy_history.csv
[2026-06-03 07:15:03] Main Gym Fitness Gym: 3% (Not Busy) people=2 capacity=72 is_open=True hour_summary=open
[2026-06-03 07:15:03] Outback Climbing Center: 7% (Closed) people=2 capacity=30 is_open=False hour_summary=Closed until 10:00am
[2026-06-03 07:15:03] RIMAC Fitness Gym: 24% (Not Busy) people=36 capacity=150 is_open=True hour_summary=open
[2026-06-03 07:15:03] Triton Esports Center: 0% (Closed) people=0 capacity=35 is_open=False hour_summary=Closed until 7:30am
[2026-06-03 07:15:03] === SCRAPE END OK ===
[2026-06-03 07:30:02] === SCRAPE START ===
[2026-06-03 07:30:02] Fetching https://waitz.io/live/ucsd-rec
[2026-06-03 07:30:04] Saved 4 rows to ucsd_occupancy_history.csv
[2026-06-03 07:30:04] Main Gym Fitness Gym: 5% (Not Busy) people=4 capacity=72 is_open=True hour_summary=open
[2026-06-03 07:30:04] Outback Climbing Center: 3% (Closed) people=1 capacity=30 is_open=False hour_summary=Closed until 10:00am
[2026-06-03 07:30:04] RIMAC Fitness Gym: 25% (Not Busy) people=38 capacity=150 is_open=True hour_summary=open
[2026-06-03 07:30:04] Triton Esports Center: 2% (Not Busy) people=1 capacity=35 is_open=True hour_summary=open
[2026-06-03 07:30:04] === SCRAPE END OK ===
[2026-06-03 07:45:02] === SCRAPE START ===
[2026-06-03 07:45:02] Fetching https://waitz.io/live/ucsd-rec
[2026-06-03 07:45:04] Saved 4 rows to ucsd_occupancy_history.csv
[2026-06-03 07:45:04] Main Gym Fitness Gym: 13% (Not Busy) people=9 capacity=72 is_open=True hour_summary=open
[2026-06-03 07:45:04] Outback Climbing Center: 3% (Closed) people=1 capacity=30 is_open=False hour_summary=Closed until 10:00am
[2026-06-03 07:45:04] RIMAC Fitness Gym: 25% (Not Busy) people=37 capacity=150 is_open=True hour_summary=open
[2026-06-03 07:45:04] Triton Esports Center: 0% (Not Busy) people=0 capacity=35 is_open=True hour_summary=open
[2026-06-03 07:45:04] === SCRAPE END OK ===
[2026-06-03 08:00:02] === SCRAPE START ===
[2026-06-03 08:00:02] Fetching https://waitz.io/live/ucsd-rec
[2026-06-03 08:00:03] Saved 4 rows to ucsd_occupancy_history.csv
[2026-06-03 08:00:03] Main Gym Fitness Gym: 24% (Not Busy) people=18 capacity=72 is_open=True hour_summary=open
[2026-06-03 08:00:03] Outback Climbing Center: 1% (Closed) people=0 capacity=30 is_open=False hour_summary=Closed until 10:00am
[2026-06-03 08:00:03] RIMAC Fitness Gym: 27% (Not Busy) people=41 capacity=150 is_open=True hour_summary=open
[2026-06-03 08:00:03] Triton Esports Center: 0% (Not Busy) people=0 capacity=35 is_open=True hour_summary=open
[2026-06-03 08:00:03] === SCRAPE END OK ===
[2026-06-03 08:15:02] === SCRAPE START ===
[2026-06-03 08:15:02] Fetching https://waitz.io/live/ucsd-rec
[2026-06-03 08:15:04] Saved 4 rows to ucsd_occupancy_history.csv
[2026-06-03 08:15:04] Main Gym Fitness Gym: 6% (Not Busy) people=4 capacity=72 is_open=True hour_summary=open
[2026-06-03 08:15:04] Outback Climbing Center: 6% (Closed) people=2 capacity=30 is_open=False hour_summary=Closed until 10:00am
[2026-06-03 08:15:04] RIMAC Fitness Gym: 34% (Not Busy) people=51 capacity=150 is_open=True hour_summary=open
[2026-06-03 08:15:04] Triton Esports Center: 0% (Not Busy) people=0 capacity=35 is_open=True hour_summary=open
[2026-06-03 08:15:04] === SCRAPE END OK ===
[2026-06-03 08:30:02] === SCRAPE START ===
[2026-06-03 08:30:02] Fetching https://waitz.io/live/ucsd-rec
[2026-06-03 08:30:03] Saved 4 rows to ucsd_occupancy_history.csv
[2026-06-03 08:30:03] Main Gym Fitness Gym: 16% (Not Busy) people=11 capacity=72 is_open=True hour_summary=open
[2026-06-03 08:30:03] Outback Climbing Center: 1% (Closed) people=0 capacity=30 is_open=False hour_summary=Closed until 10:00am
[2026-06-03 08:30:03] RIMAC Fitness Gym: 28% (Not Busy) people=41 capacity=150 is_open=True hour_summary=open
[2026-06-03 08:30:03] Triton Esports Center: 0% (Not Busy) people=0 capacity=35 is_open=True hour_summary=open
[2026-06-03 08:30:03] === SCRAPE END OK ===
[2026-06-03 08:45:02] === SCRAPE START ===
[2026-06-03 08:45:02] Fetching https://waitz.io/live/ucsd-rec
[2026-06-03 08:45:03] Saved 4 rows to ucsd_occupancy_history.csv
[2026-06-03 08:45:03] Main Gym Fitness Gym: 17% (Not Busy) people=12 capacity=72 is_open=True hour_summary=open
[2026-06-03 08:45:03] Outback Climbing Center: 6% (Closed) people=2 capacity=30 is_open=False hour_summary=Closed until 10:00am
[2026-06-03 08:45:03] RIMAC Fitness Gym: 31% (Not Busy) people=47 capacity=150 is_open=True hour_summary=open
[2026-06-03 08:45:03] Triton Esports Center: 1% (Not Busy) people=0 capacity=35 is_open=True hour_summary=open
[2026-06-03 08:45:03] === SCRAPE END OK ===
[2026-06-03 09:00:02] === SCRAPE START ===
[2026-06-03 09:00:02] Fetching https://waitz.io/live/ucsd-rec
[2026-06-03 09:00:03] Saved 4 rows to ucsd_occupancy_history.csv
[2026-06-03 09:00:03] Main Gym Fitness Gym: 99% (Very Active) people=91 capacity=72 is_open=True hour_summary=open
[2026-06-03 09:00:03] Outback Climbing Center: 5% (Closed) people=2 capacity=30 is_open=False hour_summary=Closed until 10:00am
[2026-06-03 09:00:03] RIMAC Fitness Gym: 27% (Not Busy) people=40 capacity=150 is_open=True hour_summary=open
[2026-06-03 09:00:03] Triton Esports Center: 5% (Not Busy) people=2 capacity=35 is_open=True hour_summary=open
[2026-06-03 09:00:03] === SCRAPE END OK ===
