[2026-05-24 00:00:01] === SCRAPE START ===
[2026-05-24 00:00:01] Fetching https://waitz.io/live/ucsd-rec
[2026-05-24 00:00:03] Saved 4 rows to ucsd_occupancy_history.csv
[2026-05-24 00:00:03] Main Gym Fitness Gym: 2% (Closed) people=1 capacity=72 is_open=False hour_summary=Closed until 8:00am
[2026-05-24 00:00:03] Outback Climbing Center: 1% (Closed) people=0 capacity=30 is_open=False hour_summary=Closed until 4:00pm
[2026-05-24 00:00:03] RIMAC Fitness Gym: 0% (Closed) people=0 capacity=150 is_open=False hour_summary=Closed until 8:00am
[2026-05-24 00:00:03] Triton Esports Center: 0% (Closed) people=0 capacity=35 is_open=False hour_summary=Closed until 11:00am
[2026-05-24 00:00:03] === SCRAPE END OK ===
[2026-05-24 00:15:02] === SCRAPE START ===
[2026-05-24 00:15:02] Fetching https://waitz.io/live/ucsd-rec
[2026-05-24 00:15:03] Saved 4 rows to ucsd_occupancy_history.csv
[2026-05-24 00:15:03] Main Gym Fitness Gym: 1% (Closed) people=1 capacity=72 is_open=False hour_summary=Closed until 8:00am
[2026-05-24 00:15:03] Outback Climbing Center: 2% (Closed) people=0 capacity=30 is_open=False hour_summary=Closed until 4:00pm
[2026-05-24 00:15:03] RIMAC Fitness Gym: 0% (Closed) people=1 capacity=150 is_open=False hour_summary=Closed until 8:00am
[2026-05-24 00:15:03] Triton Esports Center: 0% (Closed) people=0 capacity=35 is_open=False hour_summary=Closed until 11:00am
[2026-05-24 00:15:03] === SCRAPE END OK ===
[2026-05-24 00:30:02] === SCRAPE START ===
[2026-05-24 00:30:02] Fetching https://waitz.io/live/ucsd-rec
[2026-05-24 00:30:03] Saved 4 rows to ucsd_occupancy_history.csv
[2026-05-24 00:30:03] Main Gym Fitness Gym: 1% (Closed) people=1 capacity=72 is_open=False hour_summary=Closed until 8:00am
[2026-05-24 00:30:03] Outback Climbing Center: 2% (Closed) people=0 capacity=30 is_open=False hour_summary=Closed until 4:00pm
[2026-05-24 00:30:03] RIMAC Fitness Gym: 1% (Closed) people=1 capacity=150 is_open=False hour_summary=Closed until 8:00am
[2026-05-24 00:30:03] Triton Esports Center: 0% (Closed) people=0 capacity=35 is_open=False hour_summary=Closed until 11:00am
[2026-05-24 00:30:03] === SCRAPE END OK ===
[2026-05-24 00:45:02] === SCRAPE START ===
[2026-05-24 00:45:02] Fetching https://waitz.io/live/ucsd-rec
[2026-05-24 00:45:03] Saved 4 rows to ucsd_occupancy_history.csv
[2026-05-24 00:45:03] Main Gym Fitness Gym: 4% (Closed) people=3 capacity=72 is_open=False hour_summary=Closed until 8:00am
[2026-05-24 00:45:03] Outback Climbing Center: 1% (Closed) people=0 capacity=30 is_open=False hour_summary=Closed until 4:00pm
[2026-05-24 00:45:03] RIMAC Fitness Gym: 0% (Closed) people=0 capacity=150 is_open=False hour_summary=Closed until 8:00am
[2026-05-24 00:45:03] Triton Esports Center: 0% (Closed) people=0 capacity=35 is_open=False hour_summary=Closed until 11:00am
[2026-05-24 00:45:03] === SCRAPE END OK ===
[2026-05-24 01:00:02] === SCRAPE START ===
[2026-05-24 01:00:02] Fetching https://waitz.io/live/ucsd-rec
[2026-05-24 01:00:03] Saved 4 rows to ucsd_occupancy_history.csv
[2026-05-24 01:00:03] Main Gym Fitness Gym: 1% (Closed) people=1 capacity=72 is_open=False hour_summary=Closed until 8:00am
[2026-05-24 01:00:03] Outback Climbing Center: 1% (Closed) people=0 capacity=30 is_open=False hour_summary=Closed until 4:00pm
[2026-05-24 01:00:03] RIMAC Fitness Gym: 0% (Closed) people=0 capacity=150 is_open=False hour_summary=Closed until 8:00am
[2026-05-24 01:00:03] Triton Esports Center: 0% (Closed) people=0 capacity=35 is_open=False hour_summary=Closed until 11:00am
[2026-05-24 01:00:03] === SCRAPE END OK ===
[2026-05-24 01:15:02] === SCRAPE START ===
[2026-05-24 01:15:02] Fetching https://waitz.io/live/ucsd-rec
[2026-05-24 01:15:03] Saved 4 rows to ucsd_occupancy_history.csv
[2026-05-24 01:15:03] Main Gym Fitness Gym: 1% (Closed) people=1 capacity=72 is_open=False hour_summary=Closed until 8:00am
[2026-05-24 01:15:03] Outback Climbing Center: 2% (Closed) people=0 capacity=30 is_open=False hour_summary=Closed until 4:00pm
[2026-05-24 01:15:03] RIMAC Fitness Gym: 0% (Closed) people=0 capacity=150 is_open=False hour_summary=Closed until 8:00am
[2026-05-24 01:15:03] Triton Esports Center: 0% (Closed) people=0 capacity=35 is_open=False hour_summary=Closed until 11:00am
[2026-05-24 01:15:03] === SCRAPE END OK ===
[2026-05-24 01:45:02] === SCRAPE START ===
[2026-05-24 01:45:02] Fetching https://waitz.io/live/ucsd-rec
[2026-05-24 01:45:03] Saved 4 rows to ucsd_occupancy_history.csv
[2026-05-24 01:45:03] Main Gym Fitness Gym: 1% (Closed) people=1 capacity=72 is_open=False hour_summary=Closed until 8:00am
[2026-05-24 01:45:03] Outback Climbing Center: 1% (Closed) people=0 capacity=30 is_open=False hour_summary=Closed until 4:00pm
[2026-05-24 01:45:03] RIMAC Fitness Gym: 0% (Closed) people=1 capacity=150 is_open=False hour_summary=Closed until 8:00am
[2026-05-24 01:45:03] Triton Esports Center: 0% (Closed) people=0 capacity=35 is_open=False hour_summary=Closed until 11:00am
[2026-05-24 01:45:03] === SCRAPE END OK ===
[2026-05-24 02:00:02] === SCRAPE START ===
[2026-05-24 02:00:02] Fetching https://waitz.io/live/ucsd-rec
[2026-05-24 02:00:03] Saved 4 rows to ucsd_occupancy_history.csv
[2026-05-24 02:00:03] Main Gym Fitness Gym: 1% (Closed) people=1 capacity=72 is_open=False hour_summary=Closed until 8:00am
[2026-05-24 02:00:03] Outback Climbing Center: 2% (Closed) people=1 capacity=30 is_open=False hour_summary=Closed until 4:00pm
[2026-05-24 02:00:03] RIMAC Fitness Gym: 1% (Closed) people=1 capacity=150 is_open=False hour_summary=Closed until 8:00am
[2026-05-24 02:00:03] Triton Esports Center: 0% (Closed) people=0 capacity=35 is_open=False hour_summary=Closed until 11:00am
[2026-05-24 02:00:03] === SCRAPE END OK ===
[2026-05-24 02:15:02] === SCRAPE START ===
[2026-05-24 02:15:02] Fetching https://waitz.io/live/ucsd-rec
[2026-05-24 02:15:03] Saved 4 rows to ucsd_occupancy_history.csv
[2026-05-24 02:15:03] Main Gym Fitness Gym: 2% (Closed) people=1 capacity=72 is_open=False hour_summary=Closed until 8:00am
[2026-05-24 02:15:03] Outback Climbing Center: 2% (Closed) people=1 capacity=30 is_open=False hour_summary=Closed until 4:00pm
[2026-05-24 02:15:03] RIMAC Fitness Gym: 0% (Closed) people=1 capacity=150 is_open=False hour_summary=Closed until 8:00am
[2026-05-24 02:15:03] Triton Esports Center: 0% (Closed) people=0 capacity=35 is_open=False hour_summary=Closed until 11:00am
[2026-05-24 02:15:03] === SCRAPE END OK ===
[2026-05-24 02:30:02] === SCRAPE START ===
[2026-05-24 02:30:02] Fetching https://waitz.io/live/ucsd-rec
[2026-05-24 02:30:03] Saved 4 rows to ucsd_occupancy_history.csv
[2026-05-24 02:30:03] Main Gym Fitness Gym: 2% (Closed) people=2 capacity=72 is_open=False hour_summary=Closed until 8:00am
[2026-05-24 02:30:03] Outback Climbing Center: 1% (Closed) people=0 capacity=30 is_open=False hour_summary=Closed until 4:00pm
[2026-05-24 02:30:03] RIMAC Fitness Gym: 1% (Closed) people=1 capacity=150 is_open=False hour_summary=Closed until 8:00am
[2026-05-24 02:30:03] Triton Esports Center: 0% (Closed) people=0 capacity=35 is_open=False hour_summary=Closed until 11:00am
[2026-05-24 02:30:03] === SCRAPE END OK ===
[2026-05-24 02:45:02] === SCRAPE START ===
[2026-05-24 02:45:02] Fetching https://waitz.io/live/ucsd-rec
[2026-05-24 02:45:03] Saved 4 rows to ucsd_occupancy_history.csv
[2026-05-24 02:45:03] Main Gym Fitness Gym: 1% (Closed) people=1 capacity=72 is_open=False hour_summary=Closed until 8:00am
[2026-05-24 02:45:03] Outback Climbing Center: 3% (Closed) people=1 capacity=30 is_open=False hour_summary=Closed until 4:00pm
[2026-05-24 02:45:03] RIMAC Fitness Gym: 0% (Closed) people=0 capacity=150 is_open=False hour_summary=Closed until 8:00am
[2026-05-24 02:45:03] Triton Esports Center: 0% (Closed) people=0 capacity=35 is_open=False hour_summary=Closed until 11:00am
[2026-05-24 02:45:03] === SCRAPE END OK ===
[2026-05-24 03:00:02] === SCRAPE START ===
[2026-05-24 03:00:02] Fetching https://waitz.io/live/ucsd-rec
[2026-05-24 03:00:04] Saved 4 rows to ucsd_occupancy_history.csv
[2026-05-24 03:00:04] Main Gym Fitness Gym: 1% (Closed) people=1 capacity=72 is_open=False hour_summary=Closed until 8:00am
[2026-05-24 03:00:04] Outback Climbing Center: 4% (Closed) people=1 capacity=30 is_open=False hour_summary=Closed until 4:00pm
[2026-05-24 03:00:04] RIMAC Fitness Gym: 0% (Closed) people=0 capacity=150 is_open=False hour_summary=Closed until 8:00am
[2026-05-24 03:00:04] Triton Esports Center: 0% (Closed) people=0 capacity=35 is_open=False hour_summary=Closed until 11:00am
[2026-05-24 03:00:04] === SCRAPE END OK ===
[2026-05-24 03:15:02] === SCRAPE START ===
[2026-05-24 03:15:02] Fetching https://waitz.io/live/ucsd-rec
[2026-05-24 03:15:03] Saved 4 rows to ucsd_occupancy_history.csv
[2026-05-24 03:15:03] Main Gym Fitness Gym: 1% (Closed) people=1 capacity=72 is_open=False hour_summary=Closed until 8:00am
[2026-05-24 03:15:03] Outback Climbing Center: 1% (Closed) people=0 capacity=30 is_open=False hour_summary=Closed until 4:00pm
[2026-05-24 03:15:03] RIMAC Fitness Gym: 0% (Closed) people=0 capacity=150 is_open=False hour_summary=Closed until 8:00am
[2026-05-24 03:15:03] Triton Esports Center: 0% (Closed) people=0 capacity=35 is_open=False hour_summary=Closed until 11:00am
[2026-05-24 03:15:03] === SCRAPE END OK ===
[2026-05-24 03:30:02] === SCRAPE START ===
[2026-05-24 03:30:02] Fetching https://waitz.io/live/ucsd-rec
[2026-05-24 03:30:03] Saved 4 rows to ucsd_occupancy_history.csv
[2026-05-24 03:30:03] Main Gym Fitness Gym: 1% (Closed) people=1 capacity=72 is_open=False hour_summary=Closed until 8:00am
[2026-05-24 03:30:03] Outback Climbing Center: 2% (Closed) people=1 capacity=30 is_open=False hour_summary=Closed until 4:00pm
[2026-05-24 03:30:03] RIMAC Fitness Gym: 0% (Closed) people=0 capacity=150 is_open=False hour_summary=Closed until 8:00am
[2026-05-24 03:30:03] Triton Esports Center: 0% (Closed) people=0 capacity=35 is_open=False hour_summary=Closed until 11:00am
[2026-05-24 03:30:03] === SCRAPE END OK ===
[2026-05-24 03:45:02] === SCRAPE START ===
[2026-05-24 03:45:02] Fetching https://waitz.io/live/ucsd-rec
[2026-05-24 03:45:03] Saved 4 rows to ucsd_occupancy_history.csv
[2026-05-24 03:45:03] Main Gym Fitness Gym: 1% (Closed) people=1 capacity=72 is_open=False hour_summary=Closed until 8:00am
[2026-05-24 03:45:03] Outback Climbing Center: 1% (Closed) people=0 capacity=30 is_open=False hour_summary=Closed until 4:00pm
[2026-05-24 03:45:03] RIMAC Fitness Gym: 0% (Closed) people=1 capacity=150 is_open=False hour_summary=Closed until 8:00am
[2026-05-24 03:45:03] Triton Esports Center: 0% (Closed) people=0 capacity=35 is_open=False hour_summary=Closed until 11:00am
[2026-05-24 03:45:03] === SCRAPE END OK ===
[2026-05-24 04:00:02] === SCRAPE START ===
[2026-05-24 04:00:02] Fetching https://waitz.io/live/ucsd-rec
[2026-05-24 04:00:03] Saved 4 rows to ucsd_occupancy_history.csv
[2026-05-24 04:00:03] Main Gym Fitness Gym: 1% (Closed) people=1 capacity=72 is_open=False hour_summary=Closed until 8:00am
[2026-05-24 04:00:03] Outback Climbing Center: 4% (Closed) people=1 capacity=30 is_open=False hour_summary=Closed until 4:00pm
[2026-05-24 04:00:03] RIMAC Fitness Gym: 0% (Closed) people=0 capacity=150 is_open=False hour_summary=Closed until 8:00am
[2026-05-24 04:00:03] Triton Esports Center: 0% (Closed) people=0 capacity=35 is_open=False hour_summary=Closed until 11:00am
[2026-05-24 04:00:03] === SCRAPE END OK ===
[2026-05-24 04:15:02] === SCRAPE START ===
[2026-05-24 04:15:02] Fetching https://waitz.io/live/ucsd-rec
[2026-05-24 04:15:03] Saved 4 rows to ucsd_occupancy_history.csv
[2026-05-24 04:15:03] Main Gym Fitness Gym: 1% (Closed) people=1 capacity=72 is_open=False hour_summary=Closed until 8:00am
[2026-05-24 04:15:03] Outback Climbing Center: 1% (Closed) people=0 capacity=30 is_open=False hour_summary=Closed until 4:00pm
[2026-05-24 04:15:03] RIMAC Fitness Gym: 0% (Closed) people=0 capacity=150 is_open=False hour_summary=Closed until 8:00am
[2026-05-24 04:15:03] Triton Esports Center: 0% (Closed) people=0 capacity=35 is_open=False hour_summary=Closed until 11:00am
[2026-05-24 04:15:03] === SCRAPE END OK ===
[2026-05-24 04:30:02] === SCRAPE START ===
[2026-05-24 04:30:02] Fetching https://waitz.io/live/ucsd-rec
[2026-05-24 04:30:04] Saved 4 rows to ucsd_occupancy_history.csv
[2026-05-24 04:30:04] Main Gym Fitness Gym: 1% (Closed) people=1 capacity=72 is_open=False hour_summary=Closed until 8:00am
[2026-05-24 04:30:04] Outback Climbing Center: 2% (Closed) people=1 capacity=30 is_open=False hour_summary=Closed until 4:00pm
[2026-05-24 04:30:04] RIMAC Fitness Gym: 0% (Closed) people=1 capacity=150 is_open=False hour_summary=Closed until 8:00am
[2026-05-24 04:30:04] Triton Esports Center: 0% (Closed) people=0 capacity=35 is_open=False hour_summary=Closed until 11:00am
[2026-05-24 04:30:04] === SCRAPE END OK ===
[2026-05-24 04:45:02] === SCRAPE START ===
[2026-05-24 04:45:02] Fetching https://waitz.io/live/ucsd-rec
[2026-05-24 04:45:03] Saved 4 rows to ucsd_occupancy_history.csv
[2026-05-24 04:45:03] Main Gym Fitness Gym: 2% (Closed) people=1 capacity=72 is_open=False hour_summary=Closed until 8:00am
[2026-05-24 04:45:03] Outback Climbing Center: 2% (Closed) people=0 capacity=30 is_open=False hour_summary=Closed until 4:00pm
[2026-05-24 04:45:03] RIMAC Fitness Gym: 1% (Closed) people=1 capacity=150 is_open=False hour_summary=Closed until 8:00am
[2026-05-24 04:45:03] Triton Esports Center: 0% (Closed) people=0 capacity=35 is_open=False hour_summary=Closed until 11:00am
[2026-05-24 04:45:03] === SCRAPE END OK ===
[2026-05-24 05:00:02] === SCRAPE START ===
[2026-05-24 05:00:02] Fetching https://waitz.io/live/ucsd-rec
[2026-05-24 05:00:03] Saved 4 rows to ucsd_occupancy_history.csv
[2026-05-24 05:00:03] Main Gym Fitness Gym: 1% (Closed) people=1 capacity=72 is_open=False hour_summary=Closed until 8:00am
[2026-05-24 05:00:03] Outback Climbing Center: 2% (Closed) people=1 capacity=30 is_open=False hour_summary=Closed until 4:00pm
[2026-05-24 05:00:03] RIMAC Fitness Gym: 1% (Closed) people=1 capacity=150 is_open=False hour_summary=Closed until 8:00am
[2026-05-24 05:00:03] Triton Esports Center: 0% (Closed) people=0 capacity=35 is_open=False hour_summary=Closed until 11:00am
[2026-05-24 05:00:03] === SCRAPE END OK ===
[2026-05-24 05:15:02] === SCRAPE START ===
[2026-05-24 05:15:02] Fetching https://waitz.io/live/ucsd-rec
[2026-05-24 05:15:03] Saved 4 rows to ucsd_occupancy_history.csv
[2026-05-24 05:15:03] Main Gym Fitness Gym: 3% (Closed) people=2 capacity=72 is_open=False hour_summary=Closed until 8:00am
[2026-05-24 05:15:03] Outback Climbing Center: 1% (Closed) people=0 capacity=30 is_open=False hour_summary=Closed until 4:00pm
[2026-05-24 05:15:03] RIMAC Fitness Gym: 1% (Closed) people=1 capacity=150 is_open=False hour_summary=Closed until 8:00am
[2026-05-24 05:15:03] Triton Esports Center: 0% (Closed) people=0 capacity=35 is_open=False hour_summary=Closed until 11:00am
[2026-05-24 05:15:03] === SCRAPE END OK ===
[2026-05-24 05:30:02] === SCRAPE START ===
[2026-05-24 05:30:02] Fetching https://waitz.io/live/ucsd-rec
[2026-05-24 05:30:03] Saved 4 rows to ucsd_occupancy_history.csv
[2026-05-24 05:30:03] Main Gym Fitness Gym: 2% (Closed) people=1 capacity=72 is_open=False hour_summary=Closed until 8:00am
[2026-05-24 05:30:03] Outback Climbing Center: 1% (Closed) people=0 capacity=30 is_open=False hour_summary=Closed until 4:00pm
[2026-05-24 05:30:03] RIMAC Fitness Gym: 1% (Closed) people=1 capacity=150 is_open=False hour_summary=Closed until 8:00am
[2026-05-24 05:30:03] Triton Esports Center: 0% (Closed) people=0 capacity=35 is_open=False hour_summary=Closed until 11:00am
[2026-05-24 05:30:03] === SCRAPE END OK ===
[2026-05-24 05:45:02] === SCRAPE START ===
[2026-05-24 05:45:02] Fetching https://waitz.io/live/ucsd-rec
[2026-05-24 05:45:03] Saved 4 rows to ucsd_occupancy_history.csv
[2026-05-24 05:45:03] Main Gym Fitness Gym: 2% (Closed) people=1 capacity=72 is_open=False hour_summary=Closed until 8:00am
[2026-05-24 05:45:03] Outback Climbing Center: 1% (Closed) people=0 capacity=30 is_open=False hour_summary=Closed until 4:00pm
[2026-05-24 05:45:03] RIMAC Fitness Gym: 0% (Closed) people=0 capacity=150 is_open=False hour_summary=Closed until 8:00am
[2026-05-24 05:45:03] Triton Esports Center: 0% (Closed) people=0 capacity=35 is_open=False hour_summary=Closed until 11:00am
[2026-05-24 05:45:03] === SCRAPE END OK ===
[2026-05-24 06:00:02] === SCRAPE START ===
[2026-05-24 06:00:02] Fetching https://waitz.io/live/ucsd-rec
[2026-05-24 06:00:04] Saved 4 rows to ucsd_occupancy_history.csv
[2026-05-24 06:00:04] Main Gym Fitness Gym: 1% (Closed) people=1 capacity=72 is_open=False hour_summary=Closed until 8:00am
[2026-05-24 06:00:04] Outback Climbing Center: 2% (Closed) people=0 capacity=30 is_open=False hour_summary=Closed until 4:00pm
[2026-05-24 06:00:04] RIMAC Fitness Gym: 1% (Closed) people=1 capacity=150 is_open=False hour_summary=Closed until 8:00am
[2026-05-24 06:00:04] Triton Esports Center: 0% (Closed) people=0 capacity=35 is_open=False hour_summary=Closed until 11:00am
[2026-05-24 06:00:04] === SCRAPE END OK ===
[2026-05-24 06:15:02] === SCRAPE START ===
[2026-05-24 06:15:02] Fetching https://waitz.io/live/ucsd-rec
[2026-05-24 06:15:03] Saved 4 rows to ucsd_occupancy_history.csv
[2026-05-24 06:15:03] Main Gym Fitness Gym: 1% (Closed) people=1 capacity=72 is_open=False hour_summary=Closed until 8:00am
[2026-05-24 06:15:03] Outback Climbing Center: 9% (Closed) people=3 capacity=30 is_open=False hour_summary=Closed until 4:00pm
[2026-05-24 06:15:03] RIMAC Fitness Gym: 0% (Closed) people=1 capacity=150 is_open=False hour_summary=Closed until 8:00am
[2026-05-24 06:15:03] Triton Esports Center: 0% (Closed) people=0 capacity=35 is_open=False hour_summary=Closed until 11:00am
[2026-05-24 06:15:03] === SCRAPE END OK ===
[2026-05-24 06:30:02] === SCRAPE START ===
[2026-05-24 06:30:02] Fetching https://waitz.io/live/ucsd-rec
[2026-05-24 06:30:04] Saved 4 rows to ucsd_occupancy_history.csv
[2026-05-24 06:30:04] Main Gym Fitness Gym: 2% (Closed) people=1 capacity=72 is_open=False hour_summary=Closed until 8:00am
[2026-05-24 06:30:04] Outback Climbing Center: 2% (Closed) people=1 capacity=30 is_open=False hour_summary=Closed until 4:00pm
[2026-05-24 06:30:04] RIMAC Fitness Gym: 1% (Closed) people=1 capacity=150 is_open=False hour_summary=Closed until 8:00am
[2026-05-24 06:30:04] Triton Esports Center: 0% (Closed) people=0 capacity=35 is_open=False hour_summary=Closed until 11:00am
[2026-05-24 06:30:04] === SCRAPE END OK ===
[2026-05-24 06:45:02] === SCRAPE START ===
[2026-05-24 06:45:02] Fetching https://waitz.io/live/ucsd-rec
[2026-05-24 06:45:03] Saved 4 rows to ucsd_occupancy_history.csv
[2026-05-24 06:45:03] Main Gym Fitness Gym: 1% (Closed) people=1 capacity=72 is_open=False hour_summary=Closed until 8:00am
[2026-05-24 06:45:03] Outback Climbing Center: 2% (Closed) people=0 capacity=30 is_open=False hour_summary=Closed until 4:00pm
[2026-05-24 06:45:03] RIMAC Fitness Gym: 0% (Closed) people=0 capacity=150 is_open=False hour_summary=Closed until 8:00am
[2026-05-24 06:45:03] Triton Esports Center: 0% (Closed) people=0 capacity=35 is_open=False hour_summary=Closed until 11:00am
[2026-05-24 06:45:03] === SCRAPE END OK ===
[2026-05-24 07:00:02] === SCRAPE START ===
[2026-05-24 07:00:02] Fetching https://waitz.io/live/ucsd-rec
[2026-05-24 07:00:03] Saved 4 rows to ucsd_occupancy_history.csv
[2026-05-24 07:00:03] Main Gym Fitness Gym: 1% (Closed) people=1 capacity=72 is_open=False hour_summary=Closed until 8:00am
[2026-05-24 07:00:03] Outback Climbing Center: 1% (Closed) people=0 capacity=30 is_open=False hour_summary=Closed until 4:00pm
[2026-05-24 07:00:03] RIMAC Fitness Gym: 1% (Closed) people=1 capacity=150 is_open=False hour_summary=Closed until 8:00am
[2026-05-24 07:00:03] Triton Esports Center: 0% (Closed) people=0 capacity=35 is_open=False hour_summary=Closed until 11:00am
[2026-05-24 07:00:03] === SCRAPE END OK ===
[2026-05-24 07:15:02] === SCRAPE START ===
[2026-05-24 07:15:02] Fetching https://waitz.io/live/ucsd-rec
[2026-05-24 07:15:03] Saved 4 rows to ucsd_occupancy_history.csv
[2026-05-24 07:15:03] Main Gym Fitness Gym: 1% (Closed) people=1 capacity=72 is_open=False hour_summary=Closed until 8:00am
[2026-05-24 07:15:03] Outback Climbing Center: 1% (Closed) people=0 capacity=30 is_open=False hour_summary=Closed until 4:00pm
[2026-05-24 07:15:03] RIMAC Fitness Gym: 0% (Closed) people=1 capacity=150 is_open=False hour_summary=Closed until 8:00am
[2026-05-24 07:15:03] Triton Esports Center: 0% (Closed) people=0 capacity=35 is_open=False hour_summary=Closed until 11:00am
[2026-05-24 07:15:03] === SCRAPE END OK ===
[2026-05-24 07:30:02] === SCRAPE START ===
[2026-05-24 07:30:02] Fetching https://waitz.io/live/ucsd-rec
[2026-05-24 07:30:03] Saved 4 rows to ucsd_occupancy_history.csv
[2026-05-24 07:30:03] Main Gym Fitness Gym: 1% (Closed) people=1 capacity=72 is_open=False hour_summary=Closed until 8:00am
[2026-05-24 07:30:03] Outback Climbing Center: 3% (Closed) people=1 capacity=30 is_open=False hour_summary=Closed until 4:00pm
[2026-05-24 07:30:03] RIMAC Fitness Gym: 0% (Closed) people=1 capacity=150 is_open=False hour_summary=Closed until 8:00am
[2026-05-24 07:30:03] Triton Esports Center: 0% (Closed) people=0 capacity=35 is_open=False hour_summary=Closed until 11:00am
[2026-05-24 07:30:03] === SCRAPE END OK ===
[2026-05-24 07:45:02] === SCRAPE START ===
[2026-05-24 07:45:02] Fetching https://waitz.io/live/ucsd-rec
[2026-05-24 07:45:03] Saved 4 rows to ucsd_occupancy_history.csv
[2026-05-24 07:45:03] Main Gym Fitness Gym: 1% (Closed) people=1 capacity=72 is_open=False hour_summary=Closed until 8:00am
[2026-05-24 07:45:03] Outback Climbing Center: 14% (Closed) people=4 capacity=30 is_open=False hour_summary=Closed until 4:00pm
[2026-05-24 07:45:03] RIMAC Fitness Gym: 0% (Closed) people=0 capacity=150 is_open=False hour_summary=Closed until 8:00am
[2026-05-24 07:45:03] Triton Esports Center: 0% (Closed) people=0 capacity=35 is_open=False hour_summary=Closed until 11:00am
[2026-05-24 07:45:03] === SCRAPE END OK ===
[2026-05-24 08:00:02] === SCRAPE START ===
[2026-05-24 08:00:02] Fetching https://waitz.io/live/ucsd-rec
[2026-05-24 08:00:03] Saved 4 rows to ucsd_occupancy_history.csv
[2026-05-24 08:00:03] Main Gym Fitness Gym: 9% (Not Busy) people=6 capacity=72 is_open=True hour_summary=open
[2026-05-24 08:00:03] Outback Climbing Center: 2% (Closed) people=0 capacity=30 is_open=False hour_summary=Closed until 4:00pm
[2026-05-24 08:00:03] RIMAC Fitness Gym: 0% (Not Busy) people=0 capacity=150 is_open=True hour_summary=open
[2026-05-24 08:00:03] Triton Esports Center: 0% (Closed) people=0 capacity=35 is_open=False hour_summary=Closed until 11:00am
[2026-05-24 08:00:03] === SCRAPE END OK ===
[2026-05-24 08:15:02] === SCRAPE START ===
[2026-05-24 08:15:02] Fetching https://waitz.io/live/ucsd-rec
[2026-05-24 08:15:03] Saved 4 rows to ucsd_occupancy_history.csv
[2026-05-24 08:15:03] Main Gym Fitness Gym: 9% (Not Busy) people=6 capacity=72 is_open=True hour_summary=open
[2026-05-24 08:15:03] Outback Climbing Center: 5% (Closed) people=2 capacity=30 is_open=False hour_summary=Closed until 4:00pm
[2026-05-24 08:15:03] RIMAC Fitness Gym: 11% (Not Busy) people=17 capacity=150 is_open=True hour_summary=open
[2026-05-24 08:15:03] Triton Esports Center: 0% (Closed) people=0 capacity=35 is_open=False hour_summary=Closed until 11:00am
[2026-05-24 08:15:03] === SCRAPE END OK ===
[2026-05-24 08:30:02] === SCRAPE START ===
[2026-05-24 08:30:02] Fetching https://waitz.io/live/ucsd-rec
[2026-05-24 08:30:03] Saved 4 rows to ucsd_occupancy_history.csv
[2026-05-24 08:30:03] Main Gym Fitness Gym: 24% (Not Busy) people=17 capacity=72 is_open=True hour_summary=open
[2026-05-24 08:30:03] Outback Climbing Center: 7% (Closed) people=2 capacity=30 is_open=False hour_summary=Closed until 4:00pm
[2026-05-24 08:30:03] RIMAC Fitness Gym: 11% (Not Busy) people=17 capacity=150 is_open=True hour_summary=open
[2026-05-24 08:30:03] Triton Esports Center: 0% (Closed) people=0 capacity=35 is_open=False hour_summary=Closed until 11:00am
[2026-05-24 08:30:03] === SCRAPE END OK ===
[2026-05-24 08:45:02] === SCRAPE START ===
[2026-05-24 08:45:02] Fetching https://waitz.io/live/ucsd-rec
[2026-05-24 08:45:03] Saved 4 rows to ucsd_occupancy_history.csv
[2026-05-24 08:45:03] Main Gym Fitness Gym: 11% (Not Busy) people=8 capacity=72 is_open=True hour_summary=open
[2026-05-24 08:45:03] Outback Climbing Center: 7% (Closed) people=2 capacity=30 is_open=False hour_summary=Closed until 4:00pm
[2026-05-24 08:45:03] RIMAC Fitness Gym: 16% (Not Busy) people=24 capacity=150 is_open=True hour_summary=open
[2026-05-24 08:45:03] Triton Esports Center: 0% (Closed) people=0 capacity=35 is_open=False hour_summary=Closed until 11:00am
[2026-05-24 08:45:03] === SCRAPE END OK ===
[2026-05-24 09:00:02] === SCRAPE START ===
[2026-05-24 09:00:02] Fetching https://waitz.io/live/ucsd-rec
[2026-05-24 09:00:03] Saved 4 rows to ucsd_occupancy_history.csv
[2026-05-24 09:00:03] Main Gym Fitness Gym: 15% (Not Busy) people=11 capacity=72 is_open=True hour_summary=open
[2026-05-24 09:00:03] Outback Climbing Center: 13% (Closed) people=4 capacity=30 is_open=False hour_summary=Closed until 4:00pm
[2026-05-24 09:00:03] RIMAC Fitness Gym: 18% (Not Busy) people=27 capacity=150 is_open=True hour_summary=open
[2026-05-24 09:00:03] Triton Esports Center: 0% (Closed) people=0 capacity=35 is_open=False hour_summary=Closed until 11:00am
[2026-05-24 09:00:03] === SCRAPE END OK ===
[2026-05-24 09:15:02] === SCRAPE START ===
[2026-05-24 09:15:02] Fetching https://waitz.io/live/ucsd-rec
[2026-05-24 09:15:03] Saved 4 rows to ucsd_occupancy_history.csv
[2026-05-24 09:15:03] Main Gym Fitness Gym: 19% (Not Busy) people=14 capacity=72 is_open=True hour_summary=open
[2026-05-24 09:15:03] Outback Climbing Center: 18% (Closed) people=5 capacity=30 is_open=False hour_summary=Closed until 4:00pm
[2026-05-24 09:15:03] RIMAC Fitness Gym: 20% (Not Busy) people=30 capacity=150 is_open=True hour_summary=open
[2026-05-24 09:15:03] Triton Esports Center: 0% (Closed) people=0 capacity=35 is_open=False hour_summary=Closed until 11:00am
[2026-05-24 09:15:03] === SCRAPE END OK ===
[2026-05-24 09:30:02] === SCRAPE START ===
[2026-05-24 09:30:02] Fetching https://waitz.io/live/ucsd-rec
[2026-05-24 09:30:03] Saved 4 rows to ucsd_occupancy_history.csv
[2026-05-24 09:30:03] Main Gym Fitness Gym: 41% (Not Busy) people=29 capacity=72 is_open=True hour_summary=open
[2026-05-24 09:30:03] Outback Climbing Center: 4% (Closed) people=1 capacity=30 is_open=False hour_summary=Closed until 4:00pm
[2026-05-24 09:30:03] RIMAC Fitness Gym: 20% (Not Busy) people=30 capacity=150 is_open=True hour_summary=open
[2026-05-24 09:30:03] Triton Esports Center: 0% (Closed) people=0 capacity=35 is_open=False hour_summary=Closed until 11:00am
[2026-05-24 09:30:03] === SCRAPE END OK ===
[2026-05-24 09:45:02] === SCRAPE START ===
[2026-05-24 09:45:02] Fetching https://waitz.io/live/ucsd-rec
[2026-05-24 09:45:03] Saved 4 rows to ucsd_occupancy_history.csv
[2026-05-24 09:45:03] Main Gym Fitness Gym: 33% (Not Busy) people=24 capacity=72 is_open=True hour_summary=open
[2026-05-24 09:45:03] Outback Climbing Center: 8% (Closed) people=2 capacity=30 is_open=False hour_summary=Closed until 4:00pm
[2026-05-24 09:45:03] RIMAC Fitness Gym: 25% (Not Busy) people=37 capacity=150 is_open=True hour_summary=open
[2026-05-24 09:45:03] Triton Esports Center: 0% (Closed) people=0 capacity=35 is_open=False hour_summary=Closed until 11:00am
[2026-05-24 09:45:03] === SCRAPE END OK ===
[2026-05-24 10:00:02] === SCRAPE START ===
[2026-05-24 10:00:02] Fetching https://waitz.io/live/ucsd-rec
[2026-05-24 10:00:04] Saved 4 rows to ucsd_occupancy_history.csv
[2026-05-24 10:00:04] Main Gym Fitness Gym: 52% (Busy) people=37 capacity=72 is_open=True hour_summary=open
[2026-05-24 10:00:04] Outback Climbing Center: 3% (Closed) people=1 capacity=30 is_open=False hour_summary=Closed until 4:00pm
[2026-05-24 10:00:04] RIMAC Fitness Gym: 21% (Not Busy) people=31 capacity=150 is_open=True hour_summary=open
[2026-05-24 10:00:04] Triton Esports Center: 0% (Closed) people=0 capacity=35 is_open=False hour_summary=Closed until 11:00am
[2026-05-24 10:00:04] === SCRAPE END OK ===
[2026-05-24 10:15:02] === SCRAPE START ===
[2026-05-24 10:15:02] Fetching https://waitz.io/live/ucsd-rec
[2026-05-24 10:15:03] Saved 4 rows to ucsd_occupancy_history.csv
[2026-05-24 10:15:03] Main Gym Fitness Gym: 30% (Not Busy) people=22 capacity=72 is_open=True hour_summary=open
[2026-05-24 10:15:03] Outback Climbing Center: 7% (Closed) people=2 capacity=30 is_open=False hour_summary=Closed until 4:00pm
[2026-05-24 10:15:03] RIMAC Fitness Gym: 19% (Not Busy) people=28 capacity=150 is_open=True hour_summary=open
[2026-05-24 10:15:03] Triton Esports Center: 0% (Closed) people=0 capacity=35 is_open=False hour_summary=Closed until 11:00am
[2026-05-24 10:15:03] === SCRAPE END OK ===
[2026-05-24 10:30:02] === SCRAPE START ===
[2026-05-24 10:30:02] Fetching https://waitz.io/live/ucsd-rec
[2026-05-24 10:30:03] Saved 4 rows to ucsd_occupancy_history.csv
[2026-05-24 10:30:03] Main Gym Fitness Gym: 38% (Not Busy) people=28 capacity=72 is_open=True hour_summary=open
[2026-05-24 10:30:03] Outback Climbing Center: 7% (Closed) people=2 capacity=30 is_open=False hour_summary=Closed until 4:00pm
[2026-05-24 10:30:03] RIMAC Fitness Gym: 19% (Not Busy) people=28 capacity=150 is_open=True hour_summary=open
[2026-05-24 10:30:03] Triton Esports Center: 0% (Closed) people=0 capacity=35 is_open=False hour_summary=Closed until 11:00am
[2026-05-24 10:30:03] === SCRAPE END OK ===
[2026-05-24 10:45:02] === SCRAPE START ===
[2026-05-24 10:45:02] Fetching https://waitz.io/live/ucsd-rec
[2026-05-24 10:45:04] SCRAPER ERROR: 'int' object has no attribute 'get'
[2026-05-24 11:00:02] === SCRAPE START ===
[2026-05-24 11:00:02] Fetching https://waitz.io/live/ucsd-rec
[2026-05-24 11:00:04] Saved 4 rows to ucsd_occupancy_history.csv
[2026-05-24 11:00:04] Main Gym Fitness Gym: 61% (Busy) people=44 capacity=72 is_open=True hour_summary=open
[2026-05-24 11:00:04] Outback Climbing Center: 5% (Closed) people=1 capacity=30 is_open=False hour_summary=Closed until 4:00pm
[2026-05-24 11:00:04] RIMAC Fitness Gym: 31% (Not Busy) people=47 capacity=150 is_open=True hour_summary=open
[2026-05-24 11:00:04] Triton Esports Center: 0% (Not Busy) people=0 capacity=35 is_open=True hour_summary=open
[2026-05-24 11:00:04] === SCRAPE END OK ===
[2026-05-24 11:15:02] === SCRAPE START ===
[2026-05-24 11:15:02] Fetching https://waitz.io/live/ucsd-rec
[2026-05-24 11:15:03] Saved 4 rows to ucsd_occupancy_history.csv
[2026-05-24 11:15:03] Main Gym Fitness Gym: 49% (Busy) people=35 capacity=72 is_open=True hour_summary=open
[2026-05-24 11:15:03] Outback Climbing Center: 20% (Closed) people=6 capacity=30 is_open=False hour_summary=Closed until 4:00pm
[2026-05-24 11:15:03] RIMAC Fitness Gym: 36% (Not Busy) people=53 capacity=150 is_open=True hour_summary=open
[2026-05-24 11:15:03] Triton Esports Center: 0% (Not Busy) people=0 capacity=35 is_open=True hour_summary=open
[2026-05-24 11:15:03] === SCRAPE END OK ===
[2026-05-24 11:30:02] === SCRAPE START ===
[2026-05-24 11:30:02] Fetching https://waitz.io/live/ucsd-rec
[2026-05-24 11:30:04] Saved 4 rows to ucsd_occupancy_history.csv
[2026-05-24 11:30:04] Main Gym Fitness Gym: 39% (Not Busy) people=28 capacity=72 is_open=True hour_summary=open
[2026-05-24 11:30:04] Outback Climbing Center: 19% (Closed) people=6 capacity=30 is_open=False hour_summary=Closed until 4:00pm
[2026-05-24 11:30:04] RIMAC Fitness Gym: 17% (Not Busy) people=25 capacity=150 is_open=True hour_summary=open
[2026-05-24 11:30:04] Triton Esports Center: 0% (Not Busy) people=0 capacity=35 is_open=True hour_summary=open
[2026-05-24 11:30:04] === SCRAPE END OK ===
[2026-05-24 11:45:02] === SCRAPE START ===
[2026-05-24 11:45:02] Fetching https://waitz.io/live/ucsd-rec
[2026-05-24 11:45:03] Saved 4 rows to ucsd_occupancy_history.csv
[2026-05-24 11:45:03] Main Gym Fitness Gym: 37% (Not Busy) people=26 capacity=72 is_open=True hour_summary=open
[2026-05-24 11:45:03] Outback Climbing Center: 19% (Closed) people=6 capacity=30 is_open=False hour_summary=Closed until 4:00pm
[2026-05-24 11:45:03] RIMAC Fitness Gym: 26% (Not Busy) people=39 capacity=150 is_open=True hour_summary=open
[2026-05-24 11:45:03] Triton Esports Center: 0% (Not Busy) people=0 capacity=35 is_open=True hour_summary=open
[2026-05-24 11:45:03] === SCRAPE END OK ===
[2026-05-24 12:00:02] === SCRAPE START ===
[2026-05-24 12:00:02] Fetching https://waitz.io/live/ucsd-rec
[2026-05-24 12:00:03] Saved 4 rows to ucsd_occupancy_history.csv
[2026-05-24 12:00:03] Main Gym Fitness Gym: 48% (Busy) people=34 capacity=72 is_open=True hour_summary=open
[2026-05-24 12:00:03] Outback Climbing Center: 17% (Closed) people=5 capacity=30 is_open=False hour_summary=Closed until 4:00pm
[2026-05-24 12:00:03] RIMAC Fitness Gym: 22% (Not Busy) people=33 capacity=150 is_open=True hour_summary=open
[2026-05-24 12:00:03] Triton Esports Center: 0% (Not Busy) people=0 capacity=35 is_open=True hour_summary=open
[2026-05-24 12:00:03] === SCRAPE END OK ===
[2026-05-24 12:15:02] === SCRAPE START ===
[2026-05-24 12:15:02] Fetching https://waitz.io/live/ucsd-rec
[2026-05-24 12:15:03] Saved 4 rows to ucsd_occupancy_history.csv
[2026-05-24 12:15:03] Main Gym Fitness Gym: 26% (Not Busy) people=19 capacity=72 is_open=True hour_summary=open
[2026-05-24 12:15:03] Outback Climbing Center: 23% (Closed) people=7 capacity=30 is_open=False hour_summary=Closed until 4:00pm
[2026-05-24 12:15:03] RIMAC Fitness Gym: 29% (Not Busy) people=43 capacity=150 is_open=True hour_summary=open
[2026-05-24 12:15:03] Triton Esports Center: 0% (Not Busy) people=0 capacity=35 is_open=True hour_summary=open
[2026-05-24 12:15:03] === SCRAPE END OK ===
[2026-05-24 12:30:02] === SCRAPE START ===
[2026-05-24 12:30:02] Fetching https://waitz.io/live/ucsd-rec
[2026-05-24 12:30:04] Saved 4 rows to ucsd_occupancy_history.csv
[2026-05-24 12:30:04] Main Gym Fitness Gym: 55% (Busy) people=39 capacity=72 is_open=True hour_summary=open
[2026-05-24 12:30:04] Outback Climbing Center: 18% (Closed) people=5 capacity=30 is_open=False hour_summary=Closed until 4:00pm
[2026-05-24 12:30:04] RIMAC Fitness Gym: 28% (Not Busy) people=42 capacity=150 is_open=True hour_summary=open
[2026-05-24 12:30:04] Triton Esports Center: 0% (Not Busy) people=0 capacity=35 is_open=True hour_summary=open
[2026-05-24 12:30:04] === SCRAPE END OK ===
[2026-05-24 12:45:02] === SCRAPE START ===
[2026-05-24 12:45:02] Fetching https://waitz.io/live/ucsd-rec
[2026-05-24 12:45:03] Saved 4 rows to ucsd_occupancy_history.csv
[2026-05-24 12:45:03] Main Gym Fitness Gym: 35% (Not Busy) people=25 capacity=72 is_open=True hour_summary=open
[2026-05-24 12:45:03] Outback Climbing Center: 17% (Closed) people=5 capacity=30 is_open=False hour_summary=Closed until 4:00pm
[2026-05-24 12:45:03] RIMAC Fitness Gym: 27% (Not Busy) people=40 capacity=150 is_open=True hour_summary=open
[2026-05-24 12:45:03] Triton Esports Center: 0% (Not Busy) people=0 capacity=35 is_open=True hour_summary=open
[2026-05-24 12:45:03] === SCRAPE END OK ===
[2026-05-24 13:00:02] === SCRAPE START ===
[2026-05-24 13:00:02] Fetching https://waitz.io/live/ucsd-rec
[2026-05-24 13:00:03] Saved 4 rows to ucsd_occupancy_history.csv
[2026-05-24 13:00:03] Main Gym Fitness Gym: 21% (Not Busy) people=15 capacity=72 is_open=True hour_summary=open
[2026-05-24 13:00:03] Outback Climbing Center: 21% (Closed) people=6 capacity=30 is_open=False hour_summary=Closed until 4:00pm
[2026-05-24 13:00:03] RIMAC Fitness Gym: 24% (Not Busy) people=36 capacity=150 is_open=True hour_summary=open
[2026-05-24 13:00:03] Triton Esports Center: 2% (Not Busy) people=1 capacity=35 is_open=True hour_summary=open
[2026-05-24 13:00:03] === SCRAPE END OK ===
[2026-05-24 13:15:02] === SCRAPE START ===
[2026-05-24 13:15:02] Fetching https://waitz.io/live/ucsd-rec
[2026-05-24 13:15:03] Saved 4 rows to ucsd_occupancy_history.csv
[2026-05-24 13:15:03] Main Gym Fitness Gym: 33% (Not Busy) people=24 capacity=72 is_open=True hour_summary=open
[2026-05-24 13:15:03] Outback Climbing Center: 17% (Closed) people=5 capacity=30 is_open=False hour_summary=Closed until 4:00pm
[2026-05-24 13:15:03] RIMAC Fitness Gym: 28% (Not Busy) people=42 capacity=150 is_open=True hour_summary=open
[2026-05-24 13:15:03] Triton Esports Center: 5% (Not Busy) people=2 capacity=35 is_open=True hour_summary=open
[2026-05-24 13:15:03] === SCRAPE END OK ===
[2026-05-24 13:30:02] === SCRAPE START ===
[2026-05-24 13:30:02] Fetching https://waitz.io/live/ucsd-rec
[2026-05-24 13:30:03] Saved 4 rows to ucsd_occupancy_history.csv
[2026-05-24 13:30:03] Main Gym Fitness Gym: 36% (Not Busy) people=26 capacity=72 is_open=True hour_summary=open
[2026-05-24 13:30:03] Outback Climbing Center: 13% (Closed) people=4 capacity=30 is_open=False hour_summary=Closed until 4:00pm
[2026-05-24 13:30:03] RIMAC Fitness Gym: 29% (Not Busy) people=44 capacity=150 is_open=True hour_summary=open
[2026-05-24 13:30:03] Triton Esports Center: 1% (Not Busy) people=0 capacity=35 is_open=True hour_summary=open
[2026-05-24 13:30:03] === SCRAPE END OK ===
[2026-05-24 13:45:02] === SCRAPE START ===
[2026-05-24 13:45:02] Fetching https://waitz.io/live/ucsd-rec
[2026-05-24 13:45:03] Saved 4 rows to ucsd_occupancy_history.csv
[2026-05-24 13:45:03] Main Gym Fitness Gym: 48% (Busy) people=35 capacity=72 is_open=True hour_summary=open
[2026-05-24 13:45:03] Outback Climbing Center: 15% (Closed) people=4 capacity=30 is_open=False hour_summary=Closed until 4:00pm
[2026-05-24 13:45:03] RIMAC Fitness Gym: 23% (Not Busy) people=34 capacity=150 is_open=True hour_summary=open
[2026-05-24 13:45:03] Triton Esports Center: 1% (Not Busy) people=0 capacity=35 is_open=True hour_summary=open
[2026-05-24 13:45:03] === SCRAPE END OK ===
[2026-05-24 14:00:02] === SCRAPE START ===
[2026-05-24 14:00:02] Fetching https://waitz.io/live/ucsd-rec
[2026-05-24 14:00:04] Saved 4 rows to ucsd_occupancy_history.csv
[2026-05-24 14:00:04] Main Gym Fitness Gym: 37% (Not Busy) people=27 capacity=72 is_open=True hour_summary=open
[2026-05-24 14:00:04] Outback Climbing Center: 8% (Closed) people=3 capacity=30 is_open=False hour_summary=Closed until 4:00pm
[2026-05-24 14:00:04] RIMAC Fitness Gym: 28% (Not Busy) people=42 capacity=150 is_open=True hour_summary=open
[2026-05-24 14:00:04] Triton Esports Center: 14% (Not Busy) people=5 capacity=35 is_open=True hour_summary=open
[2026-05-24 14:00:04] === SCRAPE END OK ===
[2026-05-24 14:15:02] === SCRAPE START ===
[2026-05-24 14:15:02] Fetching https://waitz.io/live/ucsd-rec
[2026-05-24 14:15:03] Saved 4 rows to ucsd_occupancy_history.csv
[2026-05-24 14:15:03] Main Gym Fitness Gym: 41% (Not Busy) people=30 capacity=72 is_open=True hour_summary=open
[2026-05-24 14:15:03] Outback Climbing Center: 5% (Closed) people=2 capacity=30 is_open=False hour_summary=Closed until 4:00pm
[2026-05-24 14:15:03] RIMAC Fitness Gym: 28% (Not Busy) people=43 capacity=150 is_open=True hour_summary=open
[2026-05-24 14:15:03] Triton Esports Center: 21% (Not Busy) people=7 capacity=35 is_open=True hour_summary=open
[2026-05-24 14:15:03] === SCRAPE END OK ===
[2026-05-24 14:30:02] === SCRAPE START ===
[2026-05-24 14:30:02] Fetching https://waitz.io/live/ucsd-rec
[2026-05-24 14:30:04] Saved 4 rows to ucsd_occupancy_history.csv
[2026-05-24 14:30:04] Main Gym Fitness Gym: 56% (Busy) people=41 capacity=72 is_open=True hour_summary=open
[2026-05-24 14:30:04] Outback Climbing Center: 24% (Closed) people=7 capacity=30 is_open=False hour_summary=Closed until 4:00pm
[2026-05-24 14:30:04] RIMAC Fitness Gym: 24% (Not Busy) people=36 capacity=150 is_open=True hour_summary=open
[2026-05-24 14:30:04] Triton Esports Center: 30% (Not Busy) people=10 capacity=35 is_open=True hour_summary=open
[2026-05-24 14:30:04] === SCRAPE END OK ===
[2026-05-24 14:45:02] === SCRAPE START ===
[2026-05-24 14:45:02] Fetching https://waitz.io/live/ucsd-rec
[2026-05-24 14:45:03] Saved 4 rows to ucsd_occupancy_history.csv
[2026-05-24 14:45:03] Main Gym Fitness Gym: 65% (Busy) people=47 capacity=72 is_open=True hour_summary=open
[2026-05-24 14:45:03] Outback Climbing Center: 5% (Closed) people=1 capacity=30 is_open=False hour_summary=Closed until 4:00pm
[2026-05-24 14:45:03] RIMAC Fitness Gym: 26% (Not Busy) people=40 capacity=150 is_open=True hour_summary=open
[2026-05-24 14:45:03] Triton Esports Center: 37% (Not Busy) people=13 capacity=35 is_open=True hour_summary=open
[2026-05-24 14:45:03] === SCRAPE END OK ===
[2026-05-24 15:00:02] === SCRAPE START ===
[2026-05-24 15:00:02] Fetching https://waitz.io/live/ucsd-rec
[2026-05-24 15:00:04] Saved 4 rows to ucsd_occupancy_history.csv
[2026-05-24 15:00:04] Main Gym Fitness Gym: 40% (Not Busy) people=29 capacity=72 is_open=True hour_summary=open
[2026-05-24 15:00:04] Outback Climbing Center: 16% (Closed) people=5 capacity=30 is_open=False hour_summary=Closed until 4:00pm
[2026-05-24 15:00:04] RIMAC Fitness Gym: 29% (Not Busy) people=43 capacity=150 is_open=True hour_summary=open
[2026-05-24 15:00:04] Triton Esports Center: 51% (Busy) people=18 capacity=35 is_open=True hour_summary=open
[2026-05-24 15:00:04] === SCRAPE END OK ===
[2026-05-24 15:15:02] === SCRAPE START ===
[2026-05-24 15:15:02] Fetching https://waitz.io/live/ucsd-rec
[2026-05-24 15:15:03] Saved 4 rows to ucsd_occupancy_history.csv
[2026-05-24 15:15:03] Main Gym Fitness Gym: 32% (Not Busy) people=23 capacity=72 is_open=True hour_summary=open
[2026-05-24 15:15:03] Outback Climbing Center: 18% (Closed) people=5 capacity=30 is_open=False hour_summary=Closed until 4:00pm
[2026-05-24 15:15:03] RIMAC Fitness Gym: 33% (Not Busy) people=49 capacity=150 is_open=True hour_summary=open
[2026-05-24 15:15:03] Triton Esports Center: 51% (Busy) people=18 capacity=35 is_open=True hour_summary=open
[2026-05-24 15:15:03] === SCRAPE END OK ===
[2026-05-24 15:30:02] === SCRAPE START ===
[2026-05-24 15:30:02] Fetching https://waitz.io/live/ucsd-rec
[2026-05-24 15:30:04] Saved 4 rows to ucsd_occupancy_history.csv
[2026-05-24 15:30:04] Main Gym Fitness Gym: 34% (Not Busy) people=25 capacity=72 is_open=True hour_summary=open
[2026-05-24 15:30:04] Outback Climbing Center: 12% (Closed) people=4 capacity=30 is_open=False hour_summary=Closed until 4:00pm
[2026-05-24 15:30:04] RIMAC Fitness Gym: 35% (Not Busy) people=53 capacity=150 is_open=True hour_summary=open
[2026-05-24 15:30:04] Triton Esports Center: 50% (Busy) people=18 capacity=35 is_open=True hour_summary=open
[2026-05-24 15:30:04] === SCRAPE END OK ===
[2026-05-24 15:45:02] === SCRAPE START ===
[2026-05-24 15:45:02] Fetching https://waitz.io/live/ucsd-rec
[2026-05-24 15:45:03] Saved 4 rows to ucsd_occupancy_history.csv
[2026-05-24 15:45:03] Main Gym Fitness Gym: 25% (Not Busy) people=18 capacity=72 is_open=True hour_summary=open
[2026-05-24 15:45:03] Outback Climbing Center: 9% (Closed) people=3 capacity=30 is_open=False hour_summary=Closed until 4:00pm
[2026-05-24 15:45:03] RIMAC Fitness Gym: 34% (Not Busy) people=51 capacity=150 is_open=True hour_summary=open
[2026-05-24 15:45:03] Triton Esports Center: 59% (Busy) people=21 capacity=35 is_open=True hour_summary=open
[2026-05-24 15:45:03] === SCRAPE END OK ===
[2026-05-24 16:00:02] === SCRAPE START ===
[2026-05-24 16:00:02] Fetching https://waitz.io/live/ucsd-rec
[2026-05-24 16:00:04] Saved 4 rows to ucsd_occupancy_history.csv
[2026-05-24 16:00:04] Main Gym Fitness Gym: 23% (Not Busy) people=17 capacity=72 is_open=True hour_summary=open
[2026-05-24 16:00:04] Outback Climbing Center: 21% (Not Busy) people=6 capacity=30 is_open=True hour_summary=open
[2026-05-24 16:00:04] RIMAC Fitness Gym: 31% (Not Busy) people=47 capacity=150 is_open=True hour_summary=open
[2026-05-24 16:00:04] Triton Esports Center: 57% (Busy) people=20 capacity=35 is_open=True hour_summary=open
[2026-05-24 16:00:04] === SCRAPE END OK ===
[2026-05-24 16:15:02] === SCRAPE START ===
[2026-05-24 16:15:02] Fetching https://waitz.io/live/ucsd-rec
[2026-05-24 16:15:03] Saved 4 rows to ucsd_occupancy_history.csv
[2026-05-24 16:15:03] Main Gym Fitness Gym: 29% (Not Busy) people=21 capacity=72 is_open=True hour_summary=open
[2026-05-24 16:15:03] Outback Climbing Center: 99% (Very Active) people=32 capacity=30 is_open=True hour_summary=open
[2026-05-24 16:15:03] RIMAC Fitness Gym: 24% (Not Busy) people=36 capacity=150 is_open=True hour_summary=open
[2026-05-24 16:15:03] Triton Esports Center: 63% (Busy) people=22 capacity=35 is_open=True hour_summary=open
[2026-05-24 16:15:03] === SCRAPE END OK ===
[2026-05-24 16:30:02] === SCRAPE START ===
[2026-05-24 16:30:02] Fetching https://waitz.io/live/ucsd-rec
[2026-05-24 16:30:04] Saved 4 rows to ucsd_occupancy_history.csv
[2026-05-24 16:30:04] Main Gym Fitness Gym: 39% (Not Busy) people=28 capacity=72 is_open=True hour_summary=open
[2026-05-24 16:30:04] Outback Climbing Center: 99% (Very Active) people=34 capacity=30 is_open=True hour_summary=open
[2026-05-24 16:30:04] RIMAC Fitness Gym: 35% (Not Busy) people=53 capacity=150 is_open=True hour_summary=open
[2026-05-24 16:30:04] Triton Esports Center: 51% (Busy) people=18 capacity=35 is_open=True hour_summary=open
[2026-05-24 16:30:04] === SCRAPE END OK ===
[2026-05-24 16:45:02] === SCRAPE START ===
[2026-05-24 16:45:02] Fetching https://waitz.io/live/ucsd-rec
[2026-05-24 16:45:03] Saved 4 rows to ucsd_occupancy_history.csv
[2026-05-24 16:45:03] Main Gym Fitness Gym: 26% (Not Busy) people=19 capacity=72 is_open=True hour_summary=open
[2026-05-24 16:45:03] Outback Climbing Center: 99% (Very Active) people=49 capacity=30 is_open=True hour_summary=open
[2026-05-24 16:45:03] RIMAC Fitness Gym: 41% (Not Busy) people=61 capacity=150 is_open=True hour_summary=open
[2026-05-24 16:45:03] Triton Esports Center: 47% (Busy) people=16 capacity=35 is_open=True hour_summary=open
[2026-05-24 16:45:03] === SCRAPE END OK ===
[2026-05-24 17:00:02] === SCRAPE START ===
[2026-05-24 17:00:02] Fetching https://waitz.io/live/ucsd-rec
[2026-05-24 17:00:04] Saved 4 rows to ucsd_occupancy_history.csv
[2026-05-24 17:00:04] Main Gym Fitness Gym: 55% (Busy) people=40 capacity=72 is_open=True hour_summary=open
[2026-05-24 17:00:04] Outback Climbing Center: 99% (Very Active) people=68 capacity=30 is_open=True hour_summary=open
[2026-05-24 17:00:04] RIMAC Fitness Gym: 50% (Busy) people=74 capacity=150 is_open=True hour_summary=open
[2026-05-24 17:00:04] Triton Esports Center: 52% (Busy) people=18 capacity=35 is_open=True hour_summary=open
[2026-05-24 17:00:04] === SCRAPE END OK ===
[2026-05-24 17:15:03] === SCRAPE START ===
[2026-05-24 17:15:03] Fetching https://waitz.io/live/ucsd-rec
[2026-05-24 17:15:04] Saved 4 rows to ucsd_occupancy_history.csv
[2026-05-24 17:15:04] Main Gym Fitness Gym: 37% (Not Busy) people=26 capacity=72 is_open=True hour_summary=open
[2026-05-24 17:15:04] Outback Climbing Center: 99% (Very Active) people=71 capacity=30 is_open=True hour_summary=open
[2026-05-24 17:15:04] RIMAC Fitness Gym: 47% (Busy) people=70 capacity=150 is_open=True hour_summary=open
[2026-05-24 17:15:04] Triton Esports Center: 51% (Busy) people=18 capacity=35 is_open=True hour_summary=open
[2026-05-24 17:15:04] === SCRAPE END OK ===
[2026-05-24 17:30:03] === SCRAPE START ===
[2026-05-24 17:30:03] Fetching https://waitz.io/live/ucsd-rec
[2026-05-24 17:30:04] Saved 4 rows to ucsd_occupancy_history.csv
[2026-05-24 17:30:04] Main Gym Fitness Gym: 28% (Not Busy) people=20 capacity=72 is_open=True hour_summary=open
[2026-05-24 17:30:04] Outback Climbing Center: 99% (Very Active) people=76 capacity=30 is_open=True hour_summary=open
[2026-05-24 17:30:04] RIMAC Fitness Gym: 45% (Not Busy) people=67 capacity=150 is_open=True hour_summary=open
[2026-05-24 17:30:04] Triton Esports Center: 51% (Busy) people=18 capacity=35 is_open=True hour_summary=open
[2026-05-24 17:30:04] === SCRAPE END OK ===
[2026-05-24 17:45:02] === SCRAPE START ===
[2026-05-24 17:45:02] Fetching https://waitz.io/live/ucsd-rec
[2026-05-24 17:45:03] Saved 4 rows to ucsd_occupancy_history.csv
[2026-05-24 17:45:03] Main Gym Fitness Gym: 33% (Not Busy) people=24 capacity=72 is_open=True hour_summary=open
[2026-05-24 17:45:03] Outback Climbing Center: 99% (Very Active) people=71 capacity=30 is_open=True hour_summary=open
[2026-05-24 17:45:03] RIMAC Fitness Gym: 49% (Busy) people=74 capacity=150 is_open=True hour_summary=open
[2026-05-24 17:45:03] Triton Esports Center: 39% (Not Busy) people=14 capacity=35 is_open=True hour_summary=open
[2026-05-24 17:45:03] === SCRAPE END OK ===
[2026-05-24 18:00:02] === SCRAPE START ===
[2026-05-24 18:00:02] Fetching https://waitz.io/live/ucsd-rec
[2026-05-24 18:00:04] Saved 4 rows to ucsd_occupancy_history.csv
[2026-05-24 18:00:04] Main Gym Fitness Gym: 37% (Not Busy) people=27 capacity=72 is_open=True hour_summary=open
[2026-05-24 18:00:04] Outback Climbing Center: 99% (Very Active) people=82 capacity=30 is_open=True hour_summary=open
[2026-05-24 18:00:04] RIMAC Fitness Gym: 41% (Not Busy) people=61 capacity=150 is_open=True hour_summary=open
[2026-05-24 18:00:04] Triton Esports Center: 44% (Not Busy) people=15 capacity=35 is_open=True hour_summary=open
[2026-05-24 18:00:04] === SCRAPE END OK ===
[2026-05-24 18:15:02] === SCRAPE START ===
[2026-05-24 18:15:02] Fetching https://waitz.io/live/ucsd-rec
[2026-05-24 18:15:03] Saved 4 rows to ucsd_occupancy_history.csv
[2026-05-24 18:15:03] Main Gym Fitness Gym: 33% (Not Busy) people=23 capacity=72 is_open=True hour_summary=open
[2026-05-24 18:15:03] Outback Climbing Center: 99% (Very Active) people=69 capacity=30 is_open=True hour_summary=open
[2026-05-24 18:15:03] RIMAC Fitness Gym: 37% (Not Busy) people=55 capacity=150 is_open=True hour_summary=open
[2026-05-24 18:15:03] Triton Esports Center: 44% (Not Busy) people=15 capacity=35 is_open=True hour_summary=open
[2026-05-24 18:15:03] === SCRAPE END OK ===
[2026-05-24 18:30:02] === SCRAPE START ===
[2026-05-24 18:30:02] Fetching https://waitz.io/live/ucsd-rec
[2026-05-24 18:30:03] Saved 4 rows to ucsd_occupancy_history.csv
[2026-05-24 18:30:03] Main Gym Fitness Gym: 41% (Not Busy) people=30 capacity=72 is_open=True hour_summary=open
[2026-05-24 18:30:03] Outback Climbing Center: 99% (Very Active) people=65 capacity=30 is_open=True hour_summary=open
[2026-05-24 18:30:03] RIMAC Fitness Gym: 27% (Not Busy) people=40 capacity=150 is_open=True hour_summary=open
[2026-05-24 18:30:03] Triton Esports Center: 38% (Not Busy) people=13 capacity=35 is_open=True hour_summary=open
[2026-05-24 18:30:03] === SCRAPE END OK ===
[2026-05-24 18:45:03] === SCRAPE START ===
[2026-05-24 18:45:03] Fetching https://waitz.io/live/ucsd-rec
[2026-05-24 18:45:04] Saved 4 rows to ucsd_occupancy_history.csv
[2026-05-24 18:45:04] Main Gym Fitness Gym: 99% (Very Active) people=76 capacity=72 is_open=True hour_summary=open
[2026-05-24 18:45:04] Outback Climbing Center: 99% (Very Active) people=71 capacity=30 is_open=True hour_summary=open
[2026-05-24 18:45:04] RIMAC Fitness Gym: 36% (Not Busy) people=54 capacity=150 is_open=True hour_summary=open
[2026-05-24 18:45:04] Triton Esports Center: 24% (Not Busy) people=8 capacity=35 is_open=True hour_summary=open
[2026-05-24 18:45:04] === SCRAPE END OK ===
[2026-05-24 19:00:02] === SCRAPE START ===
[2026-05-24 19:00:02] Fetching https://waitz.io/live/ucsd-rec
[2026-05-24 19:00:03] Saved 4 rows to ucsd_occupancy_history.csv
[2026-05-24 19:00:03] Main Gym Fitness Gym: 45% (Not Busy) people=32 capacity=72 is_open=True hour_summary=open
[2026-05-24 19:00:03] Outback Climbing Center: 99% (Very Active) people=68 capacity=30 is_open=True hour_summary=open
[2026-05-24 19:00:03] RIMAC Fitness Gym: 37% (Not Busy) people=56 capacity=150 is_open=True hour_summary=open
[2026-05-24 19:00:03] Triton Esports Center: 18% (Not Busy) people=6 capacity=35 is_open=True hour_summary=open
[2026-05-24 19:00:03] === SCRAPE END OK ===
[2026-05-24 19:15:02] === SCRAPE START ===
[2026-05-24 19:15:02] Fetching https://waitz.io/live/ucsd-rec
[2026-05-24 19:15:03] Saved 4 rows to ucsd_occupancy_history.csv
[2026-05-24 19:15:03] Main Gym Fitness Gym: 35% (Not Busy) people=26 capacity=72 is_open=True hour_summary=open
[2026-05-24 19:15:03] Outback Climbing Center: 99% (Very Active) people=72 capacity=30 is_open=True hour_summary=open
[2026-05-24 19:15:03] RIMAC Fitness Gym: 36% (Not Busy) people=55 capacity=150 is_open=True hour_summary=open
[2026-05-24 19:15:03] Triton Esports Center: 18% (Not Busy) people=6 capacity=35 is_open=True hour_summary=open
[2026-05-24 19:15:03] === SCRAPE END OK ===
[2026-05-24 19:30:02] === SCRAPE START ===
[2026-05-24 19:30:02] Fetching https://waitz.io/live/ucsd-rec
[2026-05-24 19:30:03] Saved 4 rows to ucsd_occupancy_history.csv
[2026-05-24 19:30:03] Main Gym Fitness Gym: 39% (Not Busy) people=28 capacity=72 is_open=True hour_summary=open
[2026-05-24 19:30:03] Outback Climbing Center: 99% (Very Active) people=48 capacity=30 is_open=True hour_summary=open
[2026-05-24 19:30:03] RIMAC Fitness Gym: 36% (Not Busy) people=54 capacity=150 is_open=True hour_summary=open
[2026-05-24 19:30:03] Triton Esports Center: 21% (Not Busy) people=7 capacity=35 is_open=True hour_summary=open
[2026-05-24 19:30:03] === SCRAPE END OK ===
[2026-05-24 19:45:02] === SCRAPE START ===
[2026-05-24 19:45:02] Fetching https://waitz.io/live/ucsd-rec
[2026-05-24 19:45:03] Saved 4 rows to ucsd_occupancy_history.csv
[2026-05-24 19:45:03] Main Gym Fitness Gym: 24% (Not Busy) people=17 capacity=72 is_open=True hour_summary=open
[2026-05-24 19:45:03] Outback Climbing Center: 99% (Very Active) people=48 capacity=30 is_open=True hour_summary=open
[2026-05-24 19:45:03] RIMAC Fitness Gym: 37% (Not Busy) people=55 capacity=150 is_open=True hour_summary=open
[2026-05-24 19:45:03] Triton Esports Center: 17% (Not Busy) people=6 capacity=35 is_open=True hour_summary=open
[2026-05-24 19:45:03] === SCRAPE END OK ===
[2026-05-24 20:00:02] === SCRAPE START ===
[2026-05-24 20:00:02] Fetching https://waitz.io/live/ucsd-rec
[2026-05-24 20:00:04] Saved 4 rows to ucsd_occupancy_history.csv
[2026-05-24 20:00:04] Main Gym Fitness Gym: 31% (Not Busy) people=22 capacity=72 is_open=True hour_summary=open
[2026-05-24 20:00:04] Outback Climbing Center: 99% (Very Active) people=30 capacity=30 is_open=True hour_summary=open
[2026-05-24 20:00:04] RIMAC Fitness Gym: 31% (Not Busy) people=47 capacity=150 is_open=True hour_summary=open
[2026-05-24 20:00:04] Triton Esports Center: 14% (Not Busy) people=5 capacity=35 is_open=True hour_summary=open
[2026-05-24 20:00:04] === SCRAPE END OK ===
[2026-05-24 20:15:02] === SCRAPE START ===
[2026-05-24 20:15:02] Fetching https://waitz.io/live/ucsd-rec
[2026-05-24 20:15:03] Saved 4 rows to ucsd_occupancy_history.csv
[2026-05-24 20:15:03] Main Gym Fitness Gym: 23% (Not Busy) people=16 capacity=72 is_open=True hour_summary=open
[2026-05-24 20:15:03] Outback Climbing Center: 99% (Very Active) people=32 capacity=30 is_open=True hour_summary=open
[2026-05-24 20:15:03] RIMAC Fitness Gym: 33% (Not Busy) people=50 capacity=150 is_open=True hour_summary=open
[2026-05-24 20:15:03] Triton Esports Center: 17% (Not Busy) people=6 capacity=35 is_open=True hour_summary=open
[2026-05-24 20:15:03] === SCRAPE END OK ===
[2026-05-24 20:30:02] === SCRAPE START ===
[2026-05-24 20:30:02] Fetching https://waitz.io/live/ucsd-rec
[2026-05-24 20:30:04] Saved 4 rows to ucsd_occupancy_history.csv
[2026-05-24 20:30:04] Main Gym Fitness Gym: 47% (Busy) people=34 capacity=72 is_open=True hour_summary=open
[2026-05-24 20:30:04] Outback Climbing Center: 84% (Very Active) people=25 capacity=30 is_open=True hour_summary=open
[2026-05-24 20:30:04] RIMAC Fitness Gym: 36% (Not Busy) people=54 capacity=150 is_open=True hour_summary=open
[2026-05-24 20:30:04] Triton Esports Center: 19% (Not Busy) people=7 capacity=35 is_open=True hour_summary=open
[2026-05-24 20:30:04] === SCRAPE END OK ===
[2026-05-24 20:45:02] === SCRAPE START ===
[2026-05-24 20:45:02] Fetching https://waitz.io/live/ucsd-rec
[2026-05-24 20:45:03] Saved 4 rows to ucsd_occupancy_history.csv
[2026-05-24 20:45:03] Main Gym Fitness Gym: 19% (Not Busy) people=13 capacity=72 is_open=True hour_summary=open
[2026-05-24 20:45:03] Outback Climbing Center: 99% (Very Active) people=34 capacity=30 is_open=True hour_summary=open
[2026-05-24 20:45:03] RIMAC Fitness Gym: 39% (Not Busy) people=59 capacity=150 is_open=True hour_summary=open
[2026-05-24 20:45:03] Triton Esports Center: 14% (Not Busy) people=5 capacity=35 is_open=True hour_summary=open
[2026-05-24 20:45:03] === SCRAPE END OK ===
[2026-05-24 21:00:02] === SCRAPE START ===
[2026-05-24 21:00:02] Fetching https://waitz.io/live/ucsd-rec
[2026-05-24 21:00:03] Saved 4 rows to ucsd_occupancy_history.csv
[2026-05-24 21:00:03] Main Gym Fitness Gym: 13% (Not Busy) people=9 capacity=72 is_open=True hour_summary=open
[2026-05-24 21:00:03] Outback Climbing Center: 99% (Very Active) people=49 capacity=30 is_open=True hour_summary=open
[2026-05-24 21:00:03] RIMAC Fitness Gym: 37% (Not Busy) people=55 capacity=150 is_open=True hour_summary=open
[2026-05-24 21:00:03] Triton Esports Center: 11% (Not Busy) people=4 capacity=35 is_open=True hour_summary=open
[2026-05-24 21:00:03] === SCRAPE END OK ===
[2026-05-24 21:15:02] === SCRAPE START ===
[2026-05-24 21:15:02] Fetching https://waitz.io/live/ucsd-rec
[2026-05-24 21:15:03] Saved 4 rows to ucsd_occupancy_history.csv
[2026-05-24 21:15:03] Main Gym Fitness Gym: 22% (Not Busy) people=16 capacity=72 is_open=True hour_summary=open
[2026-05-24 21:15:03] Outback Climbing Center: 99% (Very Active) people=41 capacity=30 is_open=True hour_summary=open
[2026-05-24 21:15:03] RIMAC Fitness Gym: 37% (Not Busy) people=56 capacity=150 is_open=True hour_summary=open
[2026-05-24 21:15:03] Triton Esports Center: 11% (Not Busy) people=4 capacity=35 is_open=True hour_summary=open
[2026-05-24 21:15:03] === SCRAPE END OK ===
[2026-05-24 21:30:02] === SCRAPE START ===
[2026-05-24 21:30:02] Fetching https://waitz.io/live/ucsd-rec
[2026-05-24 21:30:04] Saved 4 rows to ucsd_occupancy_history.csv
[2026-05-24 21:30:04] Main Gym Fitness Gym: 23% (Not Busy) people=17 capacity=72 is_open=True hour_summary=open
[2026-05-24 21:30:04] Outback Climbing Center: 99% (Very Active) people=42 capacity=30 is_open=True hour_summary=open
[2026-05-24 21:30:04] RIMAC Fitness Gym: 51% (Busy) people=77 capacity=150 is_open=True hour_summary=open
[2026-05-24 21:30:04] Triton Esports Center: 7% (Not Busy) people=3 capacity=35 is_open=True hour_summary=open
[2026-05-24 21:30:04] === SCRAPE END OK ===
[2026-05-24 21:45:02] === SCRAPE START ===
[2026-05-24 21:45:02] Fetching https://waitz.io/live/ucsd-rec
[2026-05-24 21:45:03] Saved 4 rows to ucsd_occupancy_history.csv
[2026-05-24 21:45:03] Main Gym Fitness Gym: 24% (Not Busy) people=17 capacity=72 is_open=True hour_summary=open
[2026-05-24 21:45:03] Outback Climbing Center: 99% (Very Active) people=43 capacity=30 is_open=True hour_summary=open
[2026-05-24 21:45:03] RIMAC Fitness Gym: 51% (Busy) people=76 capacity=150 is_open=True hour_summary=open
[2026-05-24 21:45:03] Triton Esports Center: 2% (Not Busy) people=1 capacity=35 is_open=True hour_summary=open
[2026-05-24 21:45:03] === SCRAPE END OK ===
[2026-05-24 22:00:02] === SCRAPE START ===
[2026-05-24 22:00:02] Fetching https://waitz.io/live/ucsd-rec
[2026-05-24 22:00:04] Saved 4 rows to ucsd_occupancy_history.csv
[2026-05-24 22:00:04] Main Gym Fitness Gym: 24% (Not Busy) people=18 capacity=72 is_open=True hour_summary=open
[2026-05-24 22:00:04] Outback Climbing Center: 99% (Closed) people=37 capacity=30 is_open=False hour_summary=Closed until 10:00am
[2026-05-24 22:00:04] RIMAC Fitness Gym: 40% (Not Busy) people=61 capacity=150 is_open=True hour_summary=open
[2026-05-24 22:00:04] Triton Esports Center: 0% (Closed) people=0 capacity=35 is_open=False hour_summary=Closed until 7:30am
[2026-05-24 22:00:04] === SCRAPE END OK ===
[2026-05-24 22:15:02] === SCRAPE START ===
[2026-05-24 22:15:02] Fetching https://waitz.io/live/ucsd-rec
[2026-05-24 22:15:03] Saved 4 rows to ucsd_occupancy_history.csv
[2026-05-24 22:15:03] Main Gym Fitness Gym: 27% (Not Busy) people=20 capacity=72 is_open=True hour_summary=open
[2026-05-24 22:15:03] Outback Climbing Center: 6% (Closed) people=2 capacity=30 is_open=False hour_summary=Closed until 10:00am
[2026-05-24 22:15:03] RIMAC Fitness Gym: 41% (Not Busy) people=61 capacity=150 is_open=True hour_summary=open
[2026-05-24 22:15:03] Triton Esports Center: 0% (Closed) people=0 capacity=35 is_open=False hour_summary=Closed until 7:30am
[2026-05-24 22:15:03] === SCRAPE END OK ===
[2026-05-24 23:00:02] === SCRAPE START ===
[2026-05-24 23:00:02] Fetching https://waitz.io/live/ucsd-rec
[2026-05-24 23:00:04] Saved 4 rows to ucsd_occupancy_history.csv
[2026-05-24 23:00:04] Main Gym Fitness Gym: 5% (Closed) people=3 capacity=72 is_open=False hour_summary=Closed until 6:00am
[2026-05-24 23:00:04] Outback Climbing Center: 10% (Closed) people=3 capacity=30 is_open=False hour_summary=Closed until 10:00am
[2026-05-24 23:00:04] RIMAC Fitness Gym: 12% (Closed) people=17 capacity=150 is_open=False hour_summary=Closed until 6:00am
[2026-05-24 23:00:04] Triton Esports Center: 0% (Closed) people=0 capacity=35 is_open=False hour_summary=Closed until 7:30am
[2026-05-24 23:00:04] === SCRAPE END OK ===
[2026-05-24 23:15:02] === SCRAPE START ===
[2026-05-24 23:15:02] Fetching https://waitz.io/live/ucsd-rec
[2026-05-24 23:15:03] Saved 4 rows to ucsd_occupancy_history.csv
[2026-05-24 23:15:03] Main Gym Fitness Gym: 1% (Closed) people=1 capacity=72 is_open=False hour_summary=Closed until 6:00am
[2026-05-24 23:15:03] Outback Climbing Center: 5% (Closed) people=1 capacity=30 is_open=False hour_summary=Closed until 10:00am
[2026-05-24 23:15:03] RIMAC Fitness Gym: 3% (Closed) people=5 capacity=150 is_open=False hour_summary=Closed until 6:00am
[2026-05-24 23:15:03] Triton Esports Center: 0% (Closed) people=0 capacity=35 is_open=False hour_summary=Closed until 7:30am
[2026-05-24 23:15:03] === SCRAPE END OK ===
[2026-05-24 23:30:02] === SCRAPE START ===
[2026-05-24 23:30:02] Fetching https://waitz.io/live/ucsd-rec
[2026-05-24 23:30:04] Saved 4 rows to ucsd_occupancy_history.csv
[2026-05-24 23:30:04] Main Gym Fitness Gym: 2% (Closed) people=1 capacity=72 is_open=False hour_summary=Closed until 6:00am
[2026-05-24 23:30:04] Outback Climbing Center: 13% (Closed) people=4 capacity=30 is_open=False hour_summary=Closed until 10:00am
[2026-05-24 23:30:04] RIMAC Fitness Gym: 0% (Closed) people=0 capacity=150 is_open=False hour_summary=Closed until 6:00am
[2026-05-24 23:30:04] Triton Esports Center: 0% (Closed) people=0 capacity=35 is_open=False hour_summary=Closed until 7:30am
[2026-05-24 23:30:04] === SCRAPE END OK ===
