[2026-04-11 00:00:02] === SCRAPE START ===
[2026-04-11 00:00:02] Fetching https://waitz.io/live/ucsd-rec
[2026-04-11 00:00:04] Saved 4 rows to ucsd_occupancy_history.csv
[2026-04-11 00:00:04] Main Gym Fitness Gym: 1% (Closed) people=1 capacity=72 is_open=False hour_summary=Closed until 8:00am
[2026-04-11 00:00:04] Outback Climbing Center: 49% (Closed) people=15 capacity=30 is_open=False hour_summary=Closed until 11:00am
[2026-04-11 00:00:04] RIMAC Fitness Gym: 1% (Closed) people=1 capacity=150 is_open=False hour_summary=Closed until 8:00am
[2026-04-11 00:00:04] Triton Esports Center: 0% (Closed) people=0 capacity=35 is_open=False hour_summary=Closed until 11:00am
[2026-04-11 00:00:04] === SCRAPE END OK ===
[2026-04-11 00:15:03] === SCRAPE START ===
[2026-04-11 00:15:03] Fetching https://waitz.io/live/ucsd-rec
[2026-04-11 00:15:04] Saved 4 rows to ucsd_occupancy_history.csv
[2026-04-11 00:15:04] Main Gym Fitness Gym: 1% (Closed) people=1 capacity=72 is_open=False hour_summary=Closed until 8:00am
[2026-04-11 00:15:04] Outback Climbing Center: 35% (Closed) people=10 capacity=30 is_open=False hour_summary=Closed until 11:00am
[2026-04-11 00:15:04] RIMAC Fitness Gym: 1% (Closed) people=1 capacity=150 is_open=False hour_summary=Closed until 8:00am
[2026-04-11 00:15:04] Triton Esports Center: 0% (Closed) people=0 capacity=35 is_open=False hour_summary=Closed until 11:00am
[2026-04-11 00:15:04] === SCRAPE END OK ===
[2026-04-11 00:30:02] === SCRAPE START ===
[2026-04-11 00:30:02] Fetching https://waitz.io/live/ucsd-rec
[2026-04-11 00:30:04] Saved 4 rows to ucsd_occupancy_history.csv
[2026-04-11 00:30:04] Main Gym Fitness Gym: 2% (Closed) people=1 capacity=72 is_open=False hour_summary=Closed until 8:00am
[2026-04-11 00:30:04] Outback Climbing Center: 53% (Closed) people=16 capacity=30 is_open=False hour_summary=Closed until 11:00am
[2026-04-11 00:30:04] RIMAC Fitness Gym: 1% (Closed) people=1 capacity=150 is_open=False hour_summary=Closed until 8:00am
[2026-04-11 00:30:04] Triton Esports Center: 0% (Closed) people=0 capacity=35 is_open=False hour_summary=Closed until 11:00am
[2026-04-11 00:30:04] === SCRAPE END OK ===
[2026-04-11 00:45:02] === SCRAPE START ===
[2026-04-11 00:45:02] Fetching https://waitz.io/live/ucsd-rec
[2026-04-11 00:45:04] Saved 4 rows to ucsd_occupancy_history.csv
[2026-04-11 00:45:04] Main Gym Fitness Gym: 2% (Closed) people=1 capacity=72 is_open=False hour_summary=Closed until 8:00am
[2026-04-11 00:45:04] Outback Climbing Center: 48% (Closed) people=14 capacity=30 is_open=False hour_summary=Closed until 11:00am
[2026-04-11 00:45:04] RIMAC Fitness Gym: 1% (Closed) people=2 capacity=150 is_open=False hour_summary=Closed until 8:00am
[2026-04-11 00:45:04] Triton Esports Center: 0% (Closed) people=0 capacity=35 is_open=False hour_summary=Closed until 11:00am
[2026-04-11 00:45:04] === SCRAPE END OK ===
[2026-04-11 01:00:02] === SCRAPE START ===
[2026-04-11 01:00:02] Fetching https://waitz.io/live/ucsd-rec
[2026-04-11 01:00:03] Saved 4 rows to ucsd_occupancy_history.csv
[2026-04-11 01:00:03] Main Gym Fitness Gym: 1% (Closed) people=1 capacity=72 is_open=False hour_summary=Closed until 8:00am
[2026-04-11 01:00:03] Outback Climbing Center: 45% (Closed) people=14 capacity=30 is_open=False hour_summary=Closed until 11:00am
[2026-04-11 01:00:03] RIMAC Fitness Gym: 1% (Closed) people=1 capacity=150 is_open=False hour_summary=Closed until 8:00am
[2026-04-11 01:00:03] Triton Esports Center: 0% (Closed) people=0 capacity=35 is_open=False hour_summary=Closed until 11:00am
[2026-04-11 01:00:03] === SCRAPE END OK ===
[2026-04-11 01:15:02] === SCRAPE START ===
[2026-04-11 01:15:02] Fetching https://waitz.io/live/ucsd-rec
[2026-04-11 01:15:03] Saved 4 rows to ucsd_occupancy_history.csv
[2026-04-11 01:15:03] Main Gym Fitness Gym: 1% (Closed) people=1 capacity=72 is_open=False hour_summary=Closed until 8:00am
[2026-04-11 01:15:03] Outback Climbing Center: 44% (Closed) people=13 capacity=30 is_open=False hour_summary=Closed until 11:00am
[2026-04-11 01:15:03] RIMAC Fitness Gym: 3% (Closed) people=5 capacity=150 is_open=False hour_summary=Closed until 8:00am
[2026-04-11 01:15:03] Triton Esports Center: 0% (Closed) people=0 capacity=35 is_open=False hour_summary=Closed until 11:00am
[2026-04-11 01:15:03] === SCRAPE END OK ===
[2026-04-11 01:30:02] === SCRAPE START ===
[2026-04-11 01:30:02] Fetching https://waitz.io/live/ucsd-rec
[2026-04-11 01:30:03] Saved 4 rows to ucsd_occupancy_history.csv
[2026-04-11 01:30:03] Main Gym Fitness Gym: 1% (Closed) people=1 capacity=72 is_open=False hour_summary=Closed until 8:00am
[2026-04-11 01:30:03] Outback Climbing Center: 51% (Closed) people=15 capacity=30 is_open=False hour_summary=Closed until 11:00am
[2026-04-11 01:30:03] RIMAC Fitness Gym: 1% (Closed) people=2 capacity=150 is_open=False hour_summary=Closed until 8:00am
[2026-04-11 01:30:03] Triton Esports Center: 0% (Closed) people=0 capacity=35 is_open=False hour_summary=Closed until 11:00am
[2026-04-11 01:30:03] === SCRAPE END OK ===
[2026-04-11 01:45:02] === SCRAPE START ===
[2026-04-11 01:45:02] Fetching https://waitz.io/live/ucsd-rec
[2026-04-11 01:45:03] Saved 4 rows to ucsd_occupancy_history.csv
[2026-04-11 01:45:03] Main Gym Fitness Gym: 1% (Closed) people=1 capacity=72 is_open=False hour_summary=Closed until 8:00am
[2026-04-11 01:45:03] Outback Climbing Center: 39% (Closed) people=12 capacity=30 is_open=False hour_summary=Closed until 11:00am
[2026-04-11 01:45:03] RIMAC Fitness Gym: 1% (Closed) people=1 capacity=150 is_open=False hour_summary=Closed until 8:00am
[2026-04-11 01:45:03] Triton Esports Center: 0% (Closed) people=0 capacity=35 is_open=False hour_summary=Closed until 11:00am
[2026-04-11 01:45:03] === SCRAPE END OK ===
[2026-04-11 02:00:02] === SCRAPE START ===
[2026-04-11 02:00:02] Fetching https://waitz.io/live/ucsd-rec
[2026-04-11 02:00:04] Saved 4 rows to ucsd_occupancy_history.csv
[2026-04-11 02:00:04] Main Gym Fitness Gym: 1% (Closed) people=1 capacity=72 is_open=False hour_summary=Closed until 8:00am
[2026-04-11 02:00:04] Outback Climbing Center: 34% (Closed) people=10 capacity=30 is_open=False hour_summary=Closed until 11:00am
[2026-04-11 02:00:04] RIMAC Fitness Gym: 1% (Closed) people=1 capacity=150 is_open=False hour_summary=Closed until 8:00am
[2026-04-11 02:00:04] Triton Esports Center: 0% (Closed) people=0 capacity=35 is_open=False hour_summary=Closed until 11:00am
[2026-04-11 02:00:04] === SCRAPE END OK ===
[2026-04-11 02:15:02] === SCRAPE START ===
[2026-04-11 02:15:02] Fetching https://waitz.io/live/ucsd-rec
[2026-04-11 02:15:04] Saved 4 rows to ucsd_occupancy_history.csv
[2026-04-11 02:15:04] Main Gym Fitness Gym: 1% (Closed) people=1 capacity=72 is_open=False hour_summary=Closed until 8:00am
[2026-04-11 02:15:04] Outback Climbing Center: 43% (Closed) people=13 capacity=30 is_open=False hour_summary=Closed until 11:00am
[2026-04-11 02:15:04] RIMAC Fitness Gym: 1% (Closed) people=1 capacity=150 is_open=False hour_summary=Closed until 8:00am
[2026-04-11 02:15:04] Triton Esports Center: 0% (Closed) people=0 capacity=35 is_open=False hour_summary=Closed until 11:00am
[2026-04-11 02:15:04] === SCRAPE END OK ===
[2026-04-11 02:30:02] === SCRAPE START ===
[2026-04-11 02:30:02] Fetching https://waitz.io/live/ucsd-rec
[2026-04-11 02:30:04] Saved 4 rows to ucsd_occupancy_history.csv
[2026-04-11 02:30:04] Main Gym Fitness Gym: 2% (Closed) people=1 capacity=72 is_open=False hour_summary=Closed until 8:00am
[2026-04-11 02:30:04] Outback Climbing Center: 42% (Closed) people=12 capacity=30 is_open=False hour_summary=Closed until 11:00am
[2026-04-11 02:30:04] RIMAC Fitness Gym: 1% (Closed) people=1 capacity=150 is_open=False hour_summary=Closed until 8:00am
[2026-04-11 02:30:04] Triton Esports Center: 0% (Closed) people=0 capacity=35 is_open=False hour_summary=Closed until 11:00am
[2026-04-11 02:30:04] === SCRAPE END OK ===
[2026-04-11 02:45:03] === SCRAPE START ===
[2026-04-11 02:45:03] Fetching https://waitz.io/live/ucsd-rec
[2026-04-11 02:45:04] Saved 4 rows to ucsd_occupancy_history.csv
[2026-04-11 02:45:04] Main Gym Fitness Gym: 1% (Closed) people=1 capacity=72 is_open=False hour_summary=Closed until 8:00am
[2026-04-11 02:45:04] Outback Climbing Center: 39% (Closed) people=12 capacity=30 is_open=False hour_summary=Closed until 11:00am
[2026-04-11 02:45:04] RIMAC Fitness Gym: 1% (Closed) people=2 capacity=150 is_open=False hour_summary=Closed until 8:00am
[2026-04-11 02:45:04] Triton Esports Center: 0% (Closed) people=0 capacity=35 is_open=False hour_summary=Closed until 11:00am
[2026-04-11 02:45:04] === SCRAPE END OK ===
[2026-04-11 03:00:02] === SCRAPE START ===
[2026-04-11 03:00:02] Fetching https://waitz.io/live/ucsd-rec
[2026-04-11 03:00:03] Saved 4 rows to ucsd_occupancy_history.csv
[2026-04-11 03:00:03] Main Gym Fitness Gym: 1% (Closed) people=1 capacity=72 is_open=False hour_summary=Closed until 8:00am
[2026-04-11 03:00:03] Outback Climbing Center: 5% (Closed) people=1 capacity=30 is_open=False hour_summary=Closed until 11:00am
[2026-04-11 03:00:03] RIMAC Fitness Gym: 0% (Closed) people=1 capacity=150 is_open=False hour_summary=Closed until 8:00am
[2026-04-11 03:00:03] Triton Esports Center: 0% (Closed) people=0 capacity=35 is_open=False hour_summary=Closed until 11:00am
[2026-04-11 03:00:03] === SCRAPE END OK ===
[2026-04-11 03:15:02] === SCRAPE START ===
[2026-04-11 03:15:02] Fetching https://waitz.io/live/ucsd-rec
[2026-04-11 03:15:04] Saved 4 rows to ucsd_occupancy_history.csv
[2026-04-11 03:15:04] Main Gym Fitness Gym: 1% (Closed) people=1 capacity=72 is_open=False hour_summary=Closed until 8:00am
[2026-04-11 03:15:04] Outback Climbing Center: 5% (Closed) people=1 capacity=30 is_open=False hour_summary=Closed until 11:00am
[2026-04-11 03:15:04] RIMAC Fitness Gym: 1% (Closed) people=2 capacity=150 is_open=False hour_summary=Closed until 8:00am
[2026-04-11 03:15:04] Triton Esports Center: 0% (Closed) people=0 capacity=35 is_open=False hour_summary=Closed until 11:00am
[2026-04-11 03:15:04] === SCRAPE END OK ===
[2026-04-11 03:30:02] === SCRAPE START ===
[2026-04-11 03:30:02] Fetching https://waitz.io/live/ucsd-rec
[2026-04-11 03:30:04] Saved 4 rows to ucsd_occupancy_history.csv
[2026-04-11 03:30:04] Main Gym Fitness Gym: 2% (Closed) people=1 capacity=72 is_open=False hour_summary=Closed until 8:00am
[2026-04-11 03:30:04] Outback Climbing Center: 3% (Closed) people=1 capacity=30 is_open=False hour_summary=Closed until 11:00am
[2026-04-11 03:30:04] RIMAC Fitness Gym: 1% (Closed) people=1 capacity=150 is_open=False hour_summary=Closed until 8:00am
[2026-04-11 03:30:04] Triton Esports Center: 0% (Closed) people=0 capacity=35 is_open=False hour_summary=Closed until 11:00am
[2026-04-11 03:30:04] === SCRAPE END OK ===
[2026-04-11 03:45:02] === SCRAPE START ===
[2026-04-11 03:45:02] Fetching https://waitz.io/live/ucsd-rec
[2026-04-11 03:45:04] Saved 4 rows to ucsd_occupancy_history.csv
[2026-04-11 03:45:04] Main Gym Fitness Gym: 1% (Closed) people=1 capacity=72 is_open=False hour_summary=Closed until 8:00am
[2026-04-11 03:45:04] Outback Climbing Center: 1% (Closed) people=0 capacity=30 is_open=False hour_summary=Closed until 11:00am
[2026-04-11 03:45:04] RIMAC Fitness Gym: 6% (Closed) people=10 capacity=150 is_open=False hour_summary=Closed until 8:00am
[2026-04-11 03:45:04] Triton Esports Center: 0% (Closed) people=0 capacity=35 is_open=False hour_summary=Closed until 11:00am
[2026-04-11 03:45:04] === SCRAPE END OK ===
[2026-04-11 04:00:03] === SCRAPE START ===
[2026-04-11 04:00:03] Fetching https://waitz.io/live/ucsd-rec
[2026-04-11 04:00:04] Saved 4 rows to ucsd_occupancy_history.csv
[2026-04-11 04:00:04] Main Gym Fitness Gym: 1% (Closed) people=1 capacity=72 is_open=False hour_summary=Closed until 8:00am
[2026-04-11 04:00:04] Outback Climbing Center: 2% (Closed) people=1 capacity=30 is_open=False hour_summary=Closed until 11:00am
[2026-04-11 04:00:04] RIMAC Fitness Gym: 1% (Closed) people=2 capacity=150 is_open=False hour_summary=Closed until 8:00am
[2026-04-11 04:00:04] Triton Esports Center: 0% (Closed) people=0 capacity=35 is_open=False hour_summary=Closed until 11:00am
[2026-04-11 04:00:04] === SCRAPE END OK ===
[2026-04-11 04:15:02] === SCRAPE START ===
[2026-04-11 04:15:02] Fetching https://waitz.io/live/ucsd-rec
[2026-04-11 04:15:03] Saved 4 rows to ucsd_occupancy_history.csv
[2026-04-11 04:15:03] Main Gym Fitness Gym: 1% (Closed) people=1 capacity=72 is_open=False hour_summary=Closed until 8:00am
[2026-04-11 04:15:03] Outback Climbing Center: 5% (Closed) people=1 capacity=30 is_open=False hour_summary=Closed until 11:00am
[2026-04-11 04:15:03] RIMAC Fitness Gym: 1% (Closed) people=1 capacity=150 is_open=False hour_summary=Closed until 8:00am
[2026-04-11 04:15:03] Triton Esports Center: 0% (Closed) people=0 capacity=35 is_open=False hour_summary=Closed until 11:00am
[2026-04-11 04:15:03] === SCRAPE END OK ===
[2026-04-11 04:30:03] === SCRAPE START ===
[2026-04-11 04:30:03] Fetching https://waitz.io/live/ucsd-rec
[2026-04-11 04:30:04] Saved 4 rows to ucsd_occupancy_history.csv
[2026-04-11 04:30:04] Main Gym Fitness Gym: 1% (Closed) people=1 capacity=72 is_open=False hour_summary=Closed until 8:00am
[2026-04-11 04:30:04] Outback Climbing Center: 1% (Closed) people=0 capacity=30 is_open=False hour_summary=Closed until 11:00am
[2026-04-11 04:30:04] RIMAC Fitness Gym: 1% (Closed) people=2 capacity=150 is_open=False hour_summary=Closed until 8:00am
[2026-04-11 04:30:04] Triton Esports Center: 0% (Closed) people=0 capacity=35 is_open=False hour_summary=Closed until 11:00am
[2026-04-11 04:30:04] === SCRAPE END OK ===
[2026-04-11 04:45:03] === SCRAPE START ===
[2026-04-11 04:45:03] Fetching https://waitz.io/live/ucsd-rec
[2026-04-11 04:45:05] Saved 4 rows to ucsd_occupancy_history.csv
[2026-04-11 04:45:05] Main Gym Fitness Gym: 1% (Closed) people=1 capacity=72 is_open=False hour_summary=Closed until 8:00am
[2026-04-11 04:45:05] Outback Climbing Center: 3% (Closed) people=1 capacity=30 is_open=False hour_summary=Closed until 11:00am
[2026-04-11 04:45:05] RIMAC Fitness Gym: 1% (Closed) people=2 capacity=150 is_open=False hour_summary=Closed until 8:00am
[2026-04-11 04:45:05] Triton Esports Center: 0% (Closed) people=0 capacity=35 is_open=False hour_summary=Closed until 11:00am
[2026-04-11 04:45:05] === SCRAPE END OK ===
[2026-04-11 05:00:02] === SCRAPE START ===
[2026-04-11 05:00:02] Fetching https://waitz.io/live/ucsd-rec
[2026-04-11 05:00:04] Saved 4 rows to ucsd_occupancy_history.csv
[2026-04-11 05:00:04] Main Gym Fitness Gym: 1% (Closed) people=1 capacity=72 is_open=False hour_summary=Closed until 8:00am
[2026-04-11 05:00:04] Outback Climbing Center: 1% (Closed) people=0 capacity=30 is_open=False hour_summary=Closed until 11:00am
[2026-04-11 05:00:04] RIMAC Fitness Gym: 1% (Closed) people=1 capacity=150 is_open=False hour_summary=Closed until 8:00am
[2026-04-11 05:00:04] Triton Esports Center: 0% (Closed) people=0 capacity=35 is_open=False hour_summary=Closed until 11:00am
[2026-04-11 05:00:04] === SCRAPE END OK ===
[2026-04-11 05:15:02] === SCRAPE START ===
[2026-04-11 05:15:02] Fetching https://waitz.io/live/ucsd-rec
[2026-04-11 05:15:04] Saved 4 rows to ucsd_occupancy_history.csv
[2026-04-11 05:15:04] Main Gym Fitness Gym: 1% (Closed) people=1 capacity=72 is_open=False hour_summary=Closed until 8:00am
[2026-04-11 05:15:04] Outback Climbing Center: 1% (Closed) people=0 capacity=30 is_open=False hour_summary=Closed until 11:00am
[2026-04-11 05:15:04] RIMAC Fitness Gym: 1% (Closed) people=1 capacity=150 is_open=False hour_summary=Closed until 8:00am
[2026-04-11 05:15:04] Triton Esports Center: 0% (Closed) people=0 capacity=35 is_open=False hour_summary=Closed until 11:00am
[2026-04-11 05:15:04] === SCRAPE END OK ===
[2026-04-11 05:30:02] === SCRAPE START ===
[2026-04-11 05:30:02] Fetching https://waitz.io/live/ucsd-rec
[2026-04-11 05:30:04] Saved 4 rows to ucsd_occupancy_history.csv
[2026-04-11 05:30:04] Main Gym Fitness Gym: 1% (Closed) people=1 capacity=72 is_open=False hour_summary=Closed until 8:00am
[2026-04-11 05:30:04] Outback Climbing Center: 1% (Closed) people=0 capacity=30 is_open=False hour_summary=Closed until 11:00am
[2026-04-11 05:30:04] RIMAC Fitness Gym: 1% (Closed) people=1 capacity=150 is_open=False hour_summary=Closed until 8:00am
[2026-04-11 05:30:04] Triton Esports Center: 0% (Closed) people=0 capacity=35 is_open=False hour_summary=Closed until 11:00am
[2026-04-11 05:30:04] === SCRAPE END OK ===
[2026-04-11 05:45:02] === SCRAPE START ===
[2026-04-11 05:45:02] Fetching https://waitz.io/live/ucsd-rec
[2026-04-11 05:45:04] Saved 4 rows to ucsd_occupancy_history.csv
[2026-04-11 05:45:04] Main Gym Fitness Gym: 1% (Closed) people=1 capacity=72 is_open=False hour_summary=Closed until 8:00am
[2026-04-11 05:45:04] Outback Climbing Center: 1% (Closed) people=0 capacity=30 is_open=False hour_summary=Closed until 11:00am
[2026-04-11 05:45:04] RIMAC Fitness Gym: 1% (Closed) people=1 capacity=150 is_open=False hour_summary=Closed until 8:00am
[2026-04-11 05:45:04] Triton Esports Center: 0% (Closed) people=0 capacity=35 is_open=False hour_summary=Closed until 11:00am
[2026-04-11 05:45:04] === SCRAPE END OK ===
[2026-04-11 06:00:02] === SCRAPE START ===
[2026-04-11 06:00:02] Fetching https://waitz.io/live/ucsd-rec
[2026-04-11 06:00:03] Saved 4 rows to ucsd_occupancy_history.csv
[2026-04-11 06:00:03] Main Gym Fitness Gym: 1% (Closed) people=1 capacity=72 is_open=False hour_summary=Closed until 8:00am
[2026-04-11 06:00:03] Outback Climbing Center: 1% (Closed) people=0 capacity=30 is_open=False hour_summary=Closed until 11:00am
[2026-04-11 06:00:03] RIMAC Fitness Gym: 1% (Closed) people=2 capacity=150 is_open=False hour_summary=Closed until 8:00am
[2026-04-11 06:00:03] Triton Esports Center: 0% (Closed) people=0 capacity=35 is_open=False hour_summary=Closed until 11:00am
[2026-04-11 06:00:03] === SCRAPE END OK ===
[2026-04-11 06:15:02] === SCRAPE START ===
[2026-04-11 06:15:02] Fetching https://waitz.io/live/ucsd-rec
[2026-04-11 06:15:03] Saved 4 rows to ucsd_occupancy_history.csv
[2026-04-11 06:15:03] Main Gym Fitness Gym: 1% (Closed) people=1 capacity=72 is_open=False hour_summary=Closed until 8:00am
[2026-04-11 06:15:03] Outback Climbing Center: 2% (Closed) people=1 capacity=30 is_open=False hour_summary=Closed until 11:00am
[2026-04-11 06:15:03] RIMAC Fitness Gym: 2% (Closed) people=3 capacity=150 is_open=False hour_summary=Closed until 8:00am
[2026-04-11 06:15:03] Triton Esports Center: 0% (Closed) people=0 capacity=35 is_open=False hour_summary=Closed until 11:00am
[2026-04-11 06:15:03] === SCRAPE END OK ===
[2026-04-11 06:30:02] === SCRAPE START ===
[2026-04-11 06:30:02] Fetching https://waitz.io/live/ucsd-rec
[2026-04-11 06:30:03] Saved 4 rows to ucsd_occupancy_history.csv
[2026-04-11 06:30:03] Main Gym Fitness Gym: 1% (Closed) people=1 capacity=72 is_open=False hour_summary=Closed until 8:00am
[2026-04-11 06:30:03] Outback Climbing Center: 2% (Closed) people=1 capacity=30 is_open=False hour_summary=Closed until 11:00am
[2026-04-11 06:30:03] RIMAC Fitness Gym: 1% (Closed) people=2 capacity=150 is_open=False hour_summary=Closed until 8:00am
[2026-04-11 06:30:03] Triton Esports Center: 0% (Closed) people=0 capacity=35 is_open=False hour_summary=Closed until 11:00am
[2026-04-11 06:30:03] === SCRAPE END OK ===
[2026-04-11 06:45:02] === SCRAPE START ===
[2026-04-11 06:45:02] Fetching https://waitz.io/live/ucsd-rec
[2026-04-11 06:45:03] Saved 4 rows to ucsd_occupancy_history.csv
[2026-04-11 06:45:03] Main Gym Fitness Gym: 1% (Closed) people=1 capacity=72 is_open=False hour_summary=Closed until 8:00am
[2026-04-11 06:45:03] Outback Climbing Center: 2% (Closed) people=0 capacity=30 is_open=False hour_summary=Closed until 11:00am
[2026-04-11 06:45:03] RIMAC Fitness Gym: 1% (Closed) people=2 capacity=150 is_open=False hour_summary=Closed until 8:00am
[2026-04-11 06:45:03] Triton Esports Center: 0% (Closed) people=0 capacity=35 is_open=False hour_summary=Closed until 11:00am
[2026-04-11 06:45:03] === SCRAPE END OK ===
[2026-04-11 07:00:02] === SCRAPE START ===
[2026-04-11 07:00:02] Fetching https://waitz.io/live/ucsd-rec
[2026-04-11 07:00:04] Saved 4 rows to ucsd_occupancy_history.csv
[2026-04-11 07:00:04] Main Gym Fitness Gym: 2% (Closed) people=1 capacity=72 is_open=False hour_summary=Closed until 8:00am
[2026-04-11 07:00:04] Outback Climbing Center: 2% (Closed) people=1 capacity=30 is_open=False hour_summary=Closed until 11:00am
[2026-04-11 07:00:04] RIMAC Fitness Gym: 1% (Closed) people=2 capacity=150 is_open=False hour_summary=Closed until 8:00am
[2026-04-11 07:00:04] Triton Esports Center: 0% (Closed) people=0 capacity=35 is_open=False hour_summary=Closed until 11:00am
[2026-04-11 07:00:04] === SCRAPE END OK ===
[2026-04-11 07:15:02] === SCRAPE START ===
[2026-04-11 07:15:02] Fetching https://waitz.io/live/ucsd-rec
[2026-04-11 07:15:03] Saved 4 rows to ucsd_occupancy_history.csv
[2026-04-11 07:15:03] Main Gym Fitness Gym: 1% (Closed) people=1 capacity=72 is_open=False hour_summary=Closed until 8:00am
[2026-04-11 07:15:03] Outback Climbing Center: 2% (Closed) people=0 capacity=30 is_open=False hour_summary=Closed until 11:00am
[2026-04-11 07:15:03] RIMAC Fitness Gym: 1% (Closed) people=2 capacity=150 is_open=False hour_summary=Closed until 8:00am
[2026-04-11 07:15:03] Triton Esports Center: 0% (Closed) people=0 capacity=35 is_open=False hour_summary=Closed until 11:00am
[2026-04-11 07:15:03] === SCRAPE END OK ===
[2026-04-11 07:30:02] === SCRAPE START ===
[2026-04-11 07:30:02] Fetching https://waitz.io/live/ucsd-rec
[2026-04-11 07:30:03] Saved 4 rows to ucsd_occupancy_history.csv
[2026-04-11 07:30:03] Main Gym Fitness Gym: 2% (Closed) people=1 capacity=72 is_open=False hour_summary=Closed until 8:00am
[2026-04-11 07:30:03] Outback Climbing Center: 2% (Closed) people=1 capacity=30 is_open=False hour_summary=Closed until 11:00am
[2026-04-11 07:30:03] RIMAC Fitness Gym: 1% (Closed) people=1 capacity=150 is_open=False hour_summary=Closed until 8:00am
[2026-04-11 07:30:03] Triton Esports Center: 0% (Closed) people=0 capacity=35 is_open=False hour_summary=Closed until 11:00am
[2026-04-11 07:30:03] === SCRAPE END OK ===
[2026-04-11 07:45:02] === SCRAPE START ===
[2026-04-11 07:45:02] Fetching https://waitz.io/live/ucsd-rec
[2026-04-11 07:45:04] Saved 4 rows to ucsd_occupancy_history.csv
[2026-04-11 07:45:04] Main Gym Fitness Gym: 1% (Closed) people=1 capacity=72 is_open=False hour_summary=Closed until 8:00am
[2026-04-11 07:45:04] Outback Climbing Center: 3% (Closed) people=1 capacity=30 is_open=False hour_summary=Closed until 11:00am
[2026-04-11 07:45:04] RIMAC Fitness Gym: 1% (Closed) people=2 capacity=150 is_open=False hour_summary=Closed until 8:00am
[2026-04-11 07:45:04] Triton Esports Center: 0% (Closed) people=0 capacity=35 is_open=False hour_summary=Closed until 11:00am
[2026-04-11 07:45:04] === SCRAPE END OK ===
[2026-04-11 08:00:02] === SCRAPE START ===
[2026-04-11 08:00:02] Fetching https://waitz.io/live/ucsd-rec
[2026-04-11 08:00:04] Saved 4 rows to ucsd_occupancy_history.csv
[2026-04-11 08:00:04] Main Gym Fitness Gym: 1% (Not Busy) people=1 capacity=72 is_open=True hour_summary=open
[2026-04-11 08:00:04] Outback Climbing Center: 5% (Closed) people=2 capacity=30 is_open=False hour_summary=Closed until 11:00am
[2026-04-11 08:00:04] RIMAC Fitness Gym: 1% (Not Busy) people=2 capacity=150 is_open=True hour_summary=open
[2026-04-11 08:00:04] Triton Esports Center: 0% (Closed) people=0 capacity=35 is_open=False hour_summary=Closed until 11:00am
[2026-04-11 08:00:04] === SCRAPE END OK ===
[2026-04-11 08:15:02] === SCRAPE START ===
[2026-04-11 08:15:02] Fetching https://waitz.io/live/ucsd-rec
[2026-04-11 08:15:03] Saved 4 rows to ucsd_occupancy_history.csv
[2026-04-11 08:15:03] Main Gym Fitness Gym: 23% (Not Busy) people=17 capacity=72 is_open=True hour_summary=open
[2026-04-11 08:15:03] Outback Climbing Center: 3% (Closed) people=1 capacity=30 is_open=False hour_summary=Closed until 11:00am
[2026-04-11 08:15:03] RIMAC Fitness Gym: 9% (Not Busy) people=13 capacity=150 is_open=True hour_summary=open
[2026-04-11 08:15:03] Triton Esports Center: 0% (Closed) people=0 capacity=35 is_open=False hour_summary=Closed until 11:00am
[2026-04-11 08:15:03] === SCRAPE END OK ===
[2026-04-11 08:30:02] === SCRAPE START ===
[2026-04-11 08:30:02] Fetching https://waitz.io/live/ucsd-rec
[2026-04-11 08:30:04] Saved 4 rows to ucsd_occupancy_history.csv
[2026-04-11 08:30:04] Main Gym Fitness Gym: 9% (Not Busy) people=6 capacity=72 is_open=True hour_summary=open
[2026-04-11 08:30:04] Outback Climbing Center: 7% (Closed) people=2 capacity=30 is_open=False hour_summary=Closed until 11:00am
[2026-04-11 08:30:04] RIMAC Fitness Gym: 16% (Not Busy) people=23 capacity=150 is_open=True hour_summary=open
[2026-04-11 08:30:04] Triton Esports Center: 0% (Closed) people=0 capacity=35 is_open=False hour_summary=Closed until 11:00am
[2026-04-11 08:30:04] === SCRAPE END OK ===
[2026-04-11 08:45:02] === SCRAPE START ===
[2026-04-11 08:45:02] Fetching https://waitz.io/live/ucsd-rec
[2026-04-11 08:45:03] Saved 4 rows to ucsd_occupancy_history.csv
[2026-04-11 08:45:03] Main Gym Fitness Gym: 28% (Not Busy) people=20 capacity=72 is_open=True hour_summary=open
[2026-04-11 08:45:03] Outback Climbing Center: 8% (Closed) people=2 capacity=30 is_open=False hour_summary=Closed until 11:00am
[2026-04-11 08:45:03] RIMAC Fitness Gym: 22% (Not Busy) people=33 capacity=150 is_open=True hour_summary=open
[2026-04-11 08:45:03] Triton Esports Center: 0% (Closed) people=0 capacity=35 is_open=False hour_summary=Closed until 11:00am
[2026-04-11 08:45:03] === SCRAPE END OK ===
[2026-04-11 09:00:02] === SCRAPE START ===
[2026-04-11 09:00:02] Fetching https://waitz.io/live/ucsd-rec
[2026-04-11 09:00:04] Saved 4 rows to ucsd_occupancy_history.csv
[2026-04-11 09:00:04] Main Gym Fitness Gym: 36% (Not Busy) people=26 capacity=72 is_open=True hour_summary=open
[2026-04-11 09:00:04] Outback Climbing Center: 6% (Closed) people=2 capacity=30 is_open=False hour_summary=Closed until 11:00am
[2026-04-11 09:00:04] RIMAC Fitness Gym: 23% (Not Busy) people=35 capacity=150 is_open=True hour_summary=open
[2026-04-11 09:00:04] Triton Esports Center: 0% (Closed) people=0 capacity=35 is_open=False hour_summary=Closed until 11:00am
[2026-04-11 09:00:04] === SCRAPE END OK ===
[2026-04-11 09:15:02] === SCRAPE START ===
[2026-04-11 09:15:02] Fetching https://waitz.io/live/ucsd-rec
[2026-04-11 09:15:03] Saved 4 rows to ucsd_occupancy_history.csv
[2026-04-11 09:15:03] Main Gym Fitness Gym: 27% (Not Busy) people=19 capacity=72 is_open=True hour_summary=open
[2026-04-11 09:15:03] Outback Climbing Center: 18% (Closed) people=6 capacity=30 is_open=False hour_summary=Closed until 11:00am
[2026-04-11 09:15:03] RIMAC Fitness Gym: 38% (Not Busy) people=56 capacity=150 is_open=True hour_summary=open
[2026-04-11 09:15:03] Triton Esports Center: 0% (Closed) people=0 capacity=35 is_open=False hour_summary=Closed until 11:00am
[2026-04-11 09:15:03] === SCRAPE END OK ===
[2026-04-11 09:30:02] === SCRAPE START ===
[2026-04-11 09:30:02] Fetching https://waitz.io/live/ucsd-rec
[2026-04-11 09:30:03] Saved 4 rows to ucsd_occupancy_history.csv
[2026-04-11 09:30:03] Main Gym Fitness Gym: 21% (Not Busy) people=15 capacity=72 is_open=True hour_summary=open
[2026-04-11 09:30:03] Outback Climbing Center: 6% (Closed) people=2 capacity=30 is_open=False hour_summary=Closed until 11:00am
[2026-04-11 09:30:03] RIMAC Fitness Gym: 44% (Not Busy) people=66 capacity=150 is_open=True hour_summary=open
[2026-04-11 09:30:03] Triton Esports Center: 0% (Closed) people=0 capacity=35 is_open=False hour_summary=Closed until 11:00am
[2026-04-11 09:30:03] === SCRAPE END OK ===
[2026-04-11 09:45:02] === SCRAPE START ===
[2026-04-11 09:45:02] Fetching https://waitz.io/live/ucsd-rec
[2026-04-11 09:45:03] Saved 4 rows to ucsd_occupancy_history.csv
[2026-04-11 09:45:03] Main Gym Fitness Gym: 25% (Not Busy) people=18 capacity=72 is_open=True hour_summary=open
[2026-04-11 09:45:03] Outback Climbing Center: 8% (Closed) people=2 capacity=30 is_open=False hour_summary=Closed until 11:00am
[2026-04-11 09:45:03] RIMAC Fitness Gym: 48% (Busy) people=72 capacity=150 is_open=True hour_summary=open
[2026-04-11 09:45:03] Triton Esports Center: 0% (Closed) people=0 capacity=35 is_open=False hour_summary=Closed until 11:00am
[2026-04-11 09:45:03] === SCRAPE END OK ===
[2026-04-11 10:00:03] === SCRAPE START ===
[2026-04-11 10:00:03] Fetching https://waitz.io/live/ucsd-rec
[2026-04-11 10:00:05] Saved 4 rows to ucsd_occupancy_history.csv
[2026-04-11 10:00:05] Main Gym Fitness Gym: 17% (Not Busy) people=12 capacity=72 is_open=True hour_summary=open
[2026-04-11 10:00:05] Outback Climbing Center: 22% (Closed) people=7 capacity=30 is_open=False hour_summary=Closed until 11:00am
[2026-04-11 10:00:05] RIMAC Fitness Gym: 53% (Busy) people=80 capacity=150 is_open=True hour_summary=open
[2026-04-11 10:00:05] Triton Esports Center: 0% (Closed) people=0 capacity=35 is_open=False hour_summary=Closed until 11:00am
[2026-04-11 10:00:05] === SCRAPE END OK ===
