[2026-04-08 12:58:14] === SCRAPE START ===
[2026-04-08 12:58:15] Opening https://recreation.ucsd.edu/facilities/
[2026-04-08 12:58:26] Parsing attempt 1/4
[2026-04-08 12:58:27] Candidate blocks found: 23
[2026-04-08 12:58:27] Known facilities found this attempt: []
[2026-04-08 12:58:29] Parsing attempt 2/4
[2026-04-08 12:58:30] Candidate blocks found: 23
[2026-04-08 12:58:30] Known facilities found this attempt: []
[2026-04-08 12:58:32] Parsing attempt 3/4
[2026-04-08 12:58:33] Candidate blocks found: 23
[2026-04-08 12:58:33] Known facilities found this attempt: []
[2026-04-08 12:58:36] Parsing attempt 4/4
[2026-04-08 12:58:37] Candidate blocks found: 23
[2026-04-08 12:58:37] Known facilities found this attempt: []
[2026-04-08 12:58:39] Saved 22 rows to ucsd_occupancy_history.csv
[2026-04-08 12:58:39] 48% full: 48% (Full)
[2026-04-08 12:58:39] 54% full: 54% (Full)
[2026-04-08 12:58:39] 67% full: 67% (Full)
[2026-04-08 12:58:39] 99% full: 99% (Full)
[2026-04-08 12:58:39] CANYONVIEW CLOSED W-Su, 4/22-4/26: 0% (Closed)
[2026-04-08 12:58:39] Canyonview Fitness Gym CLOSED, W-Su, 4/22-4/26 M-F, 6:00am-8:00pm Sa-Su, 11:00am-4:00pm: 0% (Closed)
[2026-04-08 12:58:39] CLOSED Su, 4/12 CLOSED, W-Su, 4/22-4/26: 0% (Closed)
[2026-04-08 12:58:39] CLOSED, W-Su, 4/22-4/26: 0% (Closed)
[2026-04-08 12:58:39] Lap Swim & Spa CLOSED, W-Su, 4/22-4/26 M-F, 6:00am-8:00pm M-F, 1:00pm-3:00pm CLOSED Sa-Su, 11:00am-4:00pm: 0% (Closed)
[2026-04-08 12:58:39] M-F, 12:00pm-6:00pm Sa-Su, CLOSED: 0% (Closed)
[2026-04-08 12:58:39] M-F, 1:00pm-3:00pm CLOSED: 0% (Closed)
[2026-04-08 12:58:39] Main Gym Fitness Gym - Active 48% full: 48% (Full)
[2026-04-08 12:58:39] Masters Swim CLOSED, W-Su, 4/22-4/26 M-F, 6:00am-9:00am M–Th, 6:00pm-7:30pm Sa, 7:30am-9:00am: 0% (Closed)
[2026-04-08 12:58:39] Natatorium Indoor Pool CLOSED: 0% (Closed)
[2026-04-08 12:58:39] Outback Climbing Center - Very Active 99% full: 99% (Full)
[2026-04-08 12:58:39] Outback Climbing Center CLOSED Su, 4/12 CLOSED, W-Su, 4/22-4/26 M-F, 10:00am-10:00pm Sa, 11:00am-4:00pm Su, 4:00pm–10:00pm: 0% (Closed)
[2026-04-08 12:58:39] OUTBACK RENTAL SHOP M-F, 12:00pm-6:00pm Sa-Su, CLOSED OPEN REC Weekly Open Rec hours Indoor Basketball Indoor Volleyball Badminton Open Field Space Roller Rink Track: 0% (Closed)
[2026-04-08 12:58:39] RIMAC Fitness Gym - Active 67% full: 67% (Full)
[2026-04-08 12:58:39] RIMAC Fitness Gym - Active 67% full Main Gym Fitness Gym - Active 48% full Outback Climbing Center - Very Active 99% full Triton Esports Center - Active 54% full: 67% (Full)
[2026-04-08 12:58:39] TEC Café M-Th, 7:30am-4:30pm F, 7:30am-1:30pm Sa-Su, CLOSED: 0% (Closed)
[2026-04-08 12:58:39] Triton Esports Center - Active 54% full: 54% (Full)
[2026-04-08 12:58:39] Triton Fit Park M-Th, 1:00pm-5:00pm F, 4:00pm-7:00pm Sa-Su, CLOSED: 0% (Closed)
[2026-04-08 12:58:39] === SCRAPE END OK ===
[2026-04-08 12:58:55] === SCRAPE START ===
[2026-04-08 12:58:56] Opening https://recreation.ucsd.edu/facilities/
[2026-04-08 12:59:05] Parsing attempt 1/4
[2026-04-08 12:59:06] Candidate blocks found: 23
[2026-04-08 12:59:06] Known facilities found this attempt: []
[2026-04-08 12:59:09] Parsing attempt 2/4
[2026-04-08 12:59:09] Candidate blocks found: 0
[2026-04-08 12:59:09] Known facilities found this attempt: []
[2026-04-08 12:59:11] Parsing attempt 3/4
[2026-04-08 12:59:11] Candidate blocks found: 0
[2026-04-08 12:59:11] Known facilities found this attempt: []
[2026-04-08 12:59:14] Parsing attempt 4/4
[2026-04-08 12:59:14] Candidate blocks found: 0
[2026-04-08 12:59:14] Known facilities found this attempt: []
[2026-04-08 12:59:40] === SCRAPE START ===
[2026-04-08 12:59:41] Opening https://recreation.ucsd.edu/facilities/
[2026-04-08 12:59:50] Parsing attempt 1/4
[2026-04-08 12:59:51] Candidate blocks found: 23
[2026-04-08 12:59:51] Known facilities found this attempt: []
[2026-04-08 12:59:54] Parsing attempt 2/4
[2026-04-08 12:59:54] Candidate blocks found: 23
[2026-04-08 12:59:54] Known facilities found this attempt: []
[2026-04-08 12:59:57] Parsing attempt 3/4
[2026-04-08 12:59:58] Candidate blocks found: 23
[2026-04-08 12:59:58] Known facilities found this attempt: []
[2026-04-08 13:00:00] Parsing attempt 4/4
[2026-04-08 13:00:01] Candidate blocks found: 23
[2026-04-08 13:00:01] Known facilities found this attempt: []
[2026-04-08 13:00:04] Saved 22 rows to ucsd_occupancy_history.csv
[2026-04-08 13:00:04] 51% full: 51% (Full)
[2026-04-08 13:00:04] 53% full: 53% (Full)
[2026-04-08 13:00:04] 68% full: 68% (Full)
[2026-04-08 13:00:04] 99% full: 99% (Full)
[2026-04-08 13:00:04] CANYONVIEW CLOSED W-Su, 4/22-4/26: 0% (Closed)
[2026-04-08 13:00:04] Canyonview Fitness Gym CLOSED, W-Su, 4/22-4/26 M-F, 6:00am-8:00pm Sa-Su, 11:00am-4:00pm: 0% (Closed)
[2026-04-08 13:00:04] CLOSED Su, 4/12 CLOSED, W-Su, 4/22-4/26: 0% (Closed)
[2026-04-08 13:00:04] CLOSED, W-Su, 4/22-4/26: 0% (Closed)
[2026-04-08 13:00:04] Lap Swim & Spa CLOSED, W-Su, 4/22-4/26 M-F, 6:00am-8:00pm M-F, 1:00pm-3:00pm CLOSED Sa-Su, 11:00am-4:00pm: 0% (Closed)
[2026-04-08 13:00:04] M-F, 12:00pm-6:00pm Sa-Su, CLOSED: 0% (Closed)
[2026-04-08 13:00:04] M-F, 1:00pm-3:00pm CLOSED: 0% (Closed)
[2026-04-08 13:00:04] Main Gym Fitness Gym - Active 51% full: 51% (Full)
[2026-04-08 13:00:04] Masters Swim CLOSED, W-Su, 4/22-4/26 M-F, 6:00am-9:00am M–Th, 6:00pm-7:30pm Sa, 7:30am-9:00am: 0% (Closed)
[2026-04-08 13:00:04] Natatorium Indoor Pool CLOSED: 0% (Closed)
[2026-04-08 13:00:04] Outback Climbing Center - Very Active 99% full: 99% (Full)
[2026-04-08 13:00:04] Outback Climbing Center CLOSED Su, 4/12 CLOSED, W-Su, 4/22-4/26 M-F, 10:00am-10:00pm Sa, 11:00am-4:00pm Su, 4:00pm–10:00pm: 0% (Closed)
[2026-04-08 13:00:04] OUTBACK RENTAL SHOP M-F, 12:00pm-6:00pm Sa-Su, CLOSED OPEN REC Weekly Open Rec hours Indoor Basketball Indoor Volleyball Badminton Open Field Space Roller Rink Track: 0% (Closed)
[2026-04-08 13:00:04] RIMAC Fitness Gym - Active 68% full: 68% (Full)
[2026-04-08 13:00:04] RIMAC Fitness Gym - Active 68% full Main Gym Fitness Gym - Active 51% full Outback Climbing Center - Very Active 99% full Triton Esports Center - Active 53% full: 68% (Full)
[2026-04-08 13:00:04] TEC Café M-Th, 7:30am-4:30pm F, 7:30am-1:30pm Sa-Su, CLOSED: 0% (Closed)
[2026-04-08 13:00:04] Triton Esports Center - Active 53% full: 53% (Full)
[2026-04-08 13:00:04] Triton Fit Park M-Th, 1:00pm-5:00pm F, 4:00pm-7:00pm Sa-Su, CLOSED: 0% (Closed)
[2026-04-08 13:00:04] === SCRAPE END OK ===
[2026-04-08 13:07:59] === SCRAPE START ===
[2026-04-08 13:07:59] Opening https://recreation.ucsd.edu/facilities/
[2026-04-08 13:08:09] Parsing attempt 1/4
[2026-04-08 13:08:09] Candidate blocks found: 23
[2026-04-08 13:08:09] Known facilities found this attempt: ['main gym fitness gym']
[2026-04-08 13:08:12] Parsing attempt 2/4
[2026-04-08 13:08:13] Candidate blocks found: 23
[2026-04-08 13:08:13] Known facilities found this attempt: ['main gym fitness gym']
[2026-04-08 13:08:15] Parsing attempt 3/4
[2026-04-08 13:08:16] Candidate blocks found: 23
[2026-04-08 13:08:16] Known facilities found this attempt: ['main gym fitness gym']
[2026-04-08 13:08:19] Parsing attempt 4/4
[2026-04-08 13:08:19] Candidate blocks found: 23
[2026-04-08 13:08:19] Known facilities found this attempt: ['main gym fitness gym']
[2026-04-08 13:08:22] Saved 1 rows to ucsd_occupancy_history.csv
[2026-04-08 13:08:22] Main Gym Fitness Gym: 37% (Available)
[2026-04-08 13:08:22] === SCRAPE END OK ===
[2026-04-08 13:15:02] === SCRAPE START ===
[2026-04-08 13:15:03] Opening https://recreation.ucsd.edu/facilities/
[2026-04-08 13:15:12] Parsing attempt 1/4
[2026-04-08 13:15:13] Candidate blocks found: 23
[2026-04-08 13:15:13] Known facilities found this attempt: ['main gym fitness gym']
[2026-04-08 13:15:15] Parsing attempt 2/4
[2026-04-08 13:15:16] Candidate blocks found: 23
[2026-04-08 13:15:16] Known facilities found this attempt: ['main gym fitness gym']
[2026-04-08 13:15:18] Parsing attempt 3/4
[2026-04-08 13:15:19] Candidate blocks found: 23
[2026-04-08 13:15:19] Known facilities found this attempt: ['main gym fitness gym']
[2026-04-08 13:15:22] Parsing attempt 4/4
[2026-04-08 13:15:23] Candidate blocks found: 23
[2026-04-08 13:15:23] Known facilities found this attempt: ['main gym fitness gym']
[2026-04-08 13:15:25] Saved 1 rows to ucsd_occupancy_history.csv
[2026-04-08 13:15:25] Main Gym Fitness Gym: 45% (Available)
[2026-04-08 13:15:25] === SCRAPE END OK ===
[2026-04-08 13:30:02] === SCRAPE START ===
[2026-04-08 13:30:03] Opening https://recreation.ucsd.edu/facilities/
[2026-04-08 13:30:13] Parsing attempt 1/4
[2026-04-08 13:30:14] Candidate blocks found: 23
[2026-04-08 13:30:14] Known facilities found this attempt: []
[2026-04-08 13:30:16] Parsing attempt 2/4
[2026-04-08 13:30:17] Candidate blocks found: 23
[2026-04-08 13:30:17] Known facilities found this attempt: []
[2026-04-08 13:30:20] Parsing attempt 3/4
[2026-04-08 13:30:21] Candidate blocks found: 23
[2026-04-08 13:30:21] Known facilities found this attempt: []
[2026-04-08 13:30:23] Parsing attempt 4/4
[2026-04-08 13:30:24] Candidate blocks found: 23
[2026-04-08 13:30:24] Known facilities found this attempt: []
[2026-04-08 13:30:27] Saved 22 rows to ucsd_occupancy_history.csv
[2026-04-08 13:30:27] 51% full: 51% (Full)
[2026-04-08 13:30:27] 69% full: 69% (Full)
[2026-04-08 13:30:27] 89% full: 89% (Full)
[2026-04-08 13:30:27] 99% full: 99% (Full)
[2026-04-08 13:30:27] CANYONVIEW CLOSED W-Su, 4/22-4/26: 0% (Closed)
[2026-04-08 13:30:27] Canyonview Fitness Gym CLOSED, W-Su, 4/22-4/26 M-F, 6:00am-8:00pm Sa-Su, 11:00am-4:00pm: 0% (Closed)
[2026-04-08 13:30:27] CLOSED Su, 4/12 CLOSED, W-Su, 4/22-4/26: 0% (Closed)
[2026-04-08 13:30:27] CLOSED, W-Su, 4/22-4/26: 0% (Closed)
[2026-04-08 13:30:27] Lap Swim & Spa CLOSED, W-Su, 4/22-4/26 M-F, 6:00am-8:00pm M-F, 1:00pm-3:00pm CLOSED Sa-Su, 11:00am-4:00pm: 0% (Closed)
[2026-04-08 13:30:27] M-F, 12:00pm-6:00pm Sa-Su, CLOSED: 0% (Closed)
[2026-04-08 13:30:27] M-F, 1:00pm-3:00pm CLOSED: 0% (Closed)
[2026-04-08 13:30:27] Main Gym Fitness Gym - Active 51% full: 51% (Full)
[2026-04-08 13:30:27] Masters Swim CLOSED, W-Su, 4/22-4/26 M-F, 6:00am-9:00am M–Th, 6:00pm-7:30pm Sa, 7:30am-9:00am: 0% (Closed)
[2026-04-08 13:30:27] Natatorium Indoor Pool CLOSED: 0% (Closed)
[2026-04-08 13:30:27] Outback Climbing Center - Very Active 99% full: 99% (Full)
[2026-04-08 13:30:27] Outback Climbing Center CLOSED Su, 4/12 CLOSED, W-Su, 4/22-4/26 M-F, 10:00am-10:00pm Sa, 11:00am-4:00pm Su, 4:00pm–10:00pm: 0% (Closed)
[2026-04-08 13:30:27] OUTBACK RENTAL SHOP M-F, 12:00pm-6:00pm Sa-Su, CLOSED OPEN REC Weekly Open Rec hours Indoor Basketball Indoor Volleyball Badminton Open Field Space Roller Rink Track: 0% (Closed)
[2026-04-08 13:30:27] RIMAC Fitness Gym - Very Active 89% full: 89% (Full)
[2026-04-08 13:30:27] RIMAC Fitness Gym - Very Active 89% full Main Gym Fitness Gym - Active 51% full Outback Climbing Center - Very Active 99% full Triton Esports Center - Active 69% full: 89% (Full)
[2026-04-08 13:30:27] TEC Café M-Th, 7:30am-4:30pm F, 7:30am-1:30pm Sa-Su, CLOSED: 0% (Closed)
[2026-04-08 13:30:27] Triton Esports Center - Active 69% full: 69% (Full)
[2026-04-08 13:30:27] Triton Fit Park M-Th, 1:00pm-5:00pm F, 4:00pm-7:00pm Sa-Su, CLOSED: 0% (Closed)
[2026-04-08 13:30:27] === SCRAPE END OK ===
[2026-04-08 13:45:02] === SCRAPE START ===
[2026-04-08 13:45:03] Opening https://recreation.ucsd.edu/facilities/
[2026-04-08 13:45:14] Parsing attempt 1/4
[2026-04-08 13:45:15] Candidate blocks found: 23
[2026-04-08 13:45:15] Known facilities found this attempt: ['main gym fitness gym']
[2026-04-08 13:45:17] Parsing attempt 2/4
[2026-04-08 13:45:18] Candidate blocks found: 23
[2026-04-08 13:45:18] Known facilities found this attempt: ['main gym fitness gym']
[2026-04-08 13:45:21] Parsing attempt 3/4
[2026-04-08 13:45:21] Candidate blocks found: 23
[2026-04-08 13:45:21] Known facilities found this attempt: ['main gym fitness gym']
[2026-04-08 13:45:24] Parsing attempt 4/4
[2026-04-08 13:45:25] Candidate blocks found: 23
[2026-04-08 13:45:25] Known facilities found this attempt: ['main gym fitness gym']
[2026-04-08 13:45:27] Saved 1 rows to ucsd_occupancy_history.csv
[2026-04-08 13:45:27] Main Gym Fitness Gym: 17% (Available)
[2026-04-08 13:45:27] === SCRAPE END OK ===
[2026-04-08 14:00:02] === SCRAPE START ===
[2026-04-08 14:00:03] Opening https://recreation.ucsd.edu/facilities/
[2026-04-08 14:00:13] Parsing attempt 1/4
[2026-04-08 14:00:14] Candidate blocks found: 23
[2026-04-08 14:00:14] Known facilities found this attempt: ['main gym fitness gym']
[2026-04-08 14:00:16] Parsing attempt 2/4
[2026-04-08 14:00:17] Candidate blocks found: 23
[2026-04-08 14:00:17] Known facilities found this attempt: ['main gym fitness gym']
[2026-04-08 14:00:20] Parsing attempt 3/4
[2026-04-08 14:00:21] Candidate blocks found: 23
[2026-04-08 14:00:21] Known facilities found this attempt: ['main gym fitness gym']
[2026-04-08 14:00:23] Parsing attempt 4/4
[2026-04-08 14:00:24] Candidate blocks found: 23
[2026-04-08 14:00:24] Known facilities found this attempt: ['main gym fitness gym']
[2026-04-08 14:00:26] Saved 1 rows to ucsd_occupancy_history.csv
[2026-04-08 14:00:26] Main Gym Fitness Gym: 44% (Available)
[2026-04-08 14:00:26] === SCRAPE END OK ===
[2026-04-08 14:05:13] === SCRAPE START ===
[2026-04-08 14:05:13] Fetching https://waitz.io/live/ucsd-rec
[2026-04-08 14:05:15] Saved 4 rows to ucsd_occupancy_history.csv
[2026-04-08 14:05:15] Main Gym Fitness Gym: 38% (Not Busy) people=28 capacity=72 is_open=True hour_summary=open
[2026-04-08 14:05:15] Outback Climbing Center: 99% (Very Active) people=60 capacity=30 is_open=True hour_summary=open
[2026-04-08 14:05:15] RIMAC Fitness Gym: 93% (Very Active) people=140 capacity=150 is_open=True hour_summary=open
[2026-04-08 14:05:15] Triton Esports Center: 67% (Busy) people=23 capacity=35 is_open=True hour_summary=open
[2026-04-08 14:05:15] === SCRAPE END OK ===
[2026-04-08 14:15:02] === SCRAPE START ===
[2026-04-08 14:15:02] Fetching https://waitz.io/live/ucsd-rec
[2026-04-08 14:15:04] Saved 4 rows to ucsd_occupancy_history.csv
[2026-04-08 14:15:04] Main Gym Fitness Gym: 24% (Not Busy) people=17 capacity=72 is_open=True hour_summary=open
[2026-04-08 14:15:04] Outback Climbing Center: 99% (Very Active) people=48 capacity=30 is_open=True hour_summary=open
[2026-04-08 14:15:04] RIMAC Fitness Gym: 84% (Very Active) people=126 capacity=150 is_open=True hour_summary=open
[2026-04-08 14:15:04] Triton Esports Center: 75% (Busy) people=26 capacity=35 is_open=True hour_summary=open
[2026-04-08 14:15:04] === SCRAPE END OK ===
[2026-04-08 14:30:02] === SCRAPE START ===
[2026-04-08 14:30:02] Fetching https://waitz.io/live/ucsd-rec
[2026-04-08 14:30:04] Saved 4 rows to ucsd_occupancy_history.csv
[2026-04-08 14:30:04] Main Gym Fitness Gym: 49% (Busy) people=35 capacity=72 is_open=True hour_summary=open
[2026-04-08 14:30:04] Outback Climbing Center: 99% (Very Active) people=40 capacity=30 is_open=True hour_summary=open
[2026-04-08 14:30:04] RIMAC Fitness Gym: 97% (Very Active) people=145 capacity=150 is_open=True hour_summary=open
[2026-04-08 14:30:04] Triton Esports Center: 72% (Busy) people=25 capacity=35 is_open=True hour_summary=open
[2026-04-08 14:30:04] === SCRAPE END OK ===
[2026-04-08 14:45:02] === SCRAPE START ===
[2026-04-08 14:45:02] Fetching https://waitz.io/live/ucsd-rec
[2026-04-08 14:45:03] Saved 4 rows to ucsd_occupancy_history.csv
[2026-04-08 14:45:03] Main Gym Fitness Gym: 23% (Not Busy) people=17 capacity=72 is_open=True hour_summary=open
[2026-04-08 14:45:03] Outback Climbing Center: 99% (Very Active) people=38 capacity=30 is_open=True hour_summary=open
[2026-04-08 14:45:03] RIMAC Fitness Gym: 99% (Very Active) people=148 capacity=150 is_open=True hour_summary=open
[2026-04-08 14:45:03] Triton Esports Center: 82% (Very Active) people=29 capacity=35 is_open=True hour_summary=open
[2026-04-08 14:45:03] === SCRAPE END OK ===
[2026-04-08 15:00:02] === SCRAPE START ===
[2026-04-08 15:00:02] Fetching https://waitz.io/live/ucsd-rec
[2026-04-08 15:00:03] Saved 4 rows to ucsd_occupancy_history.csv
[2026-04-08 15:00:03] Main Gym Fitness Gym: 65% (Busy) people=47 capacity=72 is_open=True hour_summary=open
[2026-04-08 15:00:03] Outback Climbing Center: 93% (Very Active) people=28 capacity=30 is_open=True hour_summary=open
[2026-04-08 15:00:03] RIMAC Fitness Gym: 94% (Very Active) people=141 capacity=150 is_open=True hour_summary=open
[2026-04-08 15:00:03] Triton Esports Center: 70% (Busy) people=24 capacity=35 is_open=True hour_summary=open
[2026-04-08 15:00:03] === SCRAPE END OK ===
