[2026-06-06 00:00:01] === SCRAPE START ===
[2026-06-06 00:00:01] Fetching https://waitz.io/live/ucsd-rec
[2026-06-06 00:00:03] Saved 4 rows to ucsd_occupancy_history.csv
[2026-06-06 00:00:03] Main Gym Fitness Gym: 4% (Closed) people=3 capacity=72 is_open=False hour_summary=Closed until 8:00am
[2026-06-06 00:00:03] Outback Climbing Center: 14% (Closed) people=4 capacity=30 is_open=False hour_summary=Closed until 11:00am
[2026-06-06 00:00:03] RIMAC Fitness Gym: 0% (Closed) people=0 capacity=150 is_open=False hour_summary=Closed until 8:00am
[2026-06-06 00:00:03] Triton Esports Center: 0% (Closed) people=0 capacity=35 is_open=False hour_summary=Closed until 11:00am
[2026-06-06 00:00:03] === SCRAPE END OK ===
[2026-06-06 00:15:03] === SCRAPE START ===
[2026-06-06 00:15:03] Fetching https://waitz.io/live/ucsd-rec
[2026-06-06 00:15:05] Saved 4 rows to ucsd_occupancy_history.csv
[2026-06-06 00:15:05] Main Gym Fitness Gym: 5% (Closed) people=3 capacity=72 is_open=False hour_summary=Closed until 8:00am
[2026-06-06 00:15:05] Outback Climbing Center: 13% (Closed) people=4 capacity=30 is_open=False hour_summary=Closed until 11:00am
[2026-06-06 00:15:05] RIMAC Fitness Gym: 0% (Closed) people=1 capacity=150 is_open=False hour_summary=Closed until 8:00am
[2026-06-06 00:15:05] Triton Esports Center: 0% (Closed) people=0 capacity=35 is_open=False hour_summary=Closed until 11:00am
[2026-06-06 00:15:05] === SCRAPE END OK ===
[2026-06-06 00:30:02] === SCRAPE START ===
[2026-06-06 00:30:02] Fetching https://waitz.io/live/ucsd-rec
[2026-06-06 00:30:04] Saved 4 rows to ucsd_occupancy_history.csv
[2026-06-06 00:30:04] Main Gym Fitness Gym: 1% (Closed) people=1 capacity=72 is_open=False hour_summary=Closed until 8:00am
[2026-06-06 00:30:04] Outback Climbing Center: 13% (Closed) people=4 capacity=30 is_open=False hour_summary=Closed until 11:00am
[2026-06-06 00:30:04] RIMAC Fitness Gym: 0% (Closed) people=0 capacity=150 is_open=False hour_summary=Closed until 8:00am
[2026-06-06 00:30:04] Triton Esports Center: 0% (Closed) people=0 capacity=35 is_open=False hour_summary=Closed until 11:00am
[2026-06-06 00:30:04] === SCRAPE END OK ===
[2026-06-06 00:45:02] === SCRAPE START ===
[2026-06-06 00:45:02] Fetching https://waitz.io/live/ucsd-rec
[2026-06-06 00:45:03] Saved 4 rows to ucsd_occupancy_history.csv
[2026-06-06 00:45:03] Main Gym Fitness Gym: 1% (Closed) people=1 capacity=72 is_open=False hour_summary=Closed until 8:00am
[2026-06-06 00:45:03] Outback Climbing Center: 15% (Closed) people=4 capacity=30 is_open=False hour_summary=Closed until 11:00am
[2026-06-06 00:45:03] RIMAC Fitness Gym: 0% (Closed) people=0 capacity=150 is_open=False hour_summary=Closed until 8:00am
[2026-06-06 00:45:03] Triton Esports Center: 0% (Closed) people=0 capacity=35 is_open=False hour_summary=Closed until 11:00am
[2026-06-06 00:45:03] === SCRAPE END OK ===
[2026-06-06 01:00:02] === SCRAPE START ===
[2026-06-06 01:00:02] Fetching https://waitz.io/live/ucsd-rec
[2026-06-06 01:00:03] Saved 4 rows to ucsd_occupancy_history.csv
[2026-06-06 01:00:03] Main Gym Fitness Gym: 1% (Closed) people=1 capacity=72 is_open=False hour_summary=Closed until 8:00am
[2026-06-06 01:00:03] Outback Climbing Center: 12% (Closed) people=4 capacity=30 is_open=False hour_summary=Closed until 11:00am
[2026-06-06 01:00:03] RIMAC Fitness Gym: 0% (Closed) people=0 capacity=150 is_open=False hour_summary=Closed until 8:00am
[2026-06-06 01:00:03] Triton Esports Center: 0% (Closed) people=0 capacity=35 is_open=False hour_summary=Closed until 11:00am
[2026-06-06 01:00:03] === SCRAPE END OK ===
[2026-06-06 01:15:02] === SCRAPE START ===
[2026-06-06 01:15:02] Fetching https://waitz.io/live/ucsd-rec
[2026-06-06 01:15:04] Saved 4 rows to ucsd_occupancy_history.csv
[2026-06-06 01:15:04] Main Gym Fitness Gym: 1% (Closed) people=1 capacity=72 is_open=False hour_summary=Closed until 8:00am
[2026-06-06 01:15:04] Outback Climbing Center: 12% (Closed) people=4 capacity=30 is_open=False hour_summary=Closed until 11:00am
[2026-06-06 01:15:04] RIMAC Fitness Gym: 0% (Closed) people=0 capacity=150 is_open=False hour_summary=Closed until 8:00am
[2026-06-06 01:15:04] Triton Esports Center: 0% (Closed) people=0 capacity=35 is_open=False hour_summary=Closed until 11:00am
[2026-06-06 01:15:04] === SCRAPE END OK ===
[2026-06-06 01:30:02] === SCRAPE START ===
[2026-06-06 01:30:02] Fetching https://waitz.io/live/ucsd-rec
[2026-06-06 01:30:04] Saved 4 rows to ucsd_occupancy_history.csv
[2026-06-06 01:30:04] Main Gym Fitness Gym: 5% (Closed) people=3 capacity=72 is_open=False hour_summary=Closed until 8:00am
[2026-06-06 01:30:04] Outback Climbing Center: 14% (Closed) people=4 capacity=30 is_open=False hour_summary=Closed until 11:00am
[2026-06-06 01:30:04] RIMAC Fitness Gym: 0% (Closed) people=0 capacity=150 is_open=False hour_summary=Closed until 8:00am
[2026-06-06 01:30:04] Triton Esports Center: 0% (Closed) people=0 capacity=35 is_open=False hour_summary=Closed until 11:00am
[2026-06-06 01:30:04] === SCRAPE END OK ===
[2026-06-06 01:45:02] === SCRAPE START ===
[2026-06-06 01:45:02] Fetching https://waitz.io/live/ucsd-rec
[2026-06-06 01:45:03] Saved 4 rows to ucsd_occupancy_history.csv
[2026-06-06 01:45:03] Main Gym Fitness Gym: 2% (Closed) people=2 capacity=72 is_open=False hour_summary=Closed until 8:00am
[2026-06-06 01:45:03] Outback Climbing Center: 12% (Closed) people=4 capacity=30 is_open=False hour_summary=Closed until 11:00am
[2026-06-06 01:45:03] RIMAC Fitness Gym: 0% (Closed) people=0 capacity=150 is_open=False hour_summary=Closed until 8:00am
[2026-06-06 01:45:03] Triton Esports Center: 0% (Closed) people=0 capacity=35 is_open=False hour_summary=Closed until 11:00am
[2026-06-06 01:45:03] === SCRAPE END OK ===
[2026-06-06 02:00:02] === SCRAPE START ===
[2026-06-06 02:00:02] Fetching https://waitz.io/live/ucsd-rec
[2026-06-06 02:00:03] Saved 4 rows to ucsd_occupancy_history.csv
[2026-06-06 02:00:03] Main Gym Fitness Gym: 1% (Closed) people=1 capacity=72 is_open=False hour_summary=Closed until 8:00am
[2026-06-06 02:00:03] Outback Climbing Center: 15% (Closed) people=4 capacity=30 is_open=False hour_summary=Closed until 11:00am
[2026-06-06 02:00:03] RIMAC Fitness Gym: 0% (Closed) people=1 capacity=150 is_open=False hour_summary=Closed until 8:00am
[2026-06-06 02:00:03] Triton Esports Center: 0% (Closed) people=0 capacity=35 is_open=False hour_summary=Closed until 11:00am
[2026-06-06 02:00:03] === SCRAPE END OK ===
[2026-06-06 02:15:02] === SCRAPE START ===
[2026-06-06 02:15:02] Fetching https://waitz.io/live/ucsd-rec
[2026-06-06 02:15:03] Saved 4 rows to ucsd_occupancy_history.csv
[2026-06-06 02:15:03] Main Gym Fitness Gym: 1% (Closed) people=1 capacity=72 is_open=False hour_summary=Closed until 8:00am
[2026-06-06 02:15:03] Outback Climbing Center: 14% (Closed) people=4 capacity=30 is_open=False hour_summary=Closed until 11:00am
[2026-06-06 02:15:03] RIMAC Fitness Gym: 0% (Closed) people=0 capacity=150 is_open=False hour_summary=Closed until 8:00am
[2026-06-06 02:15:03] Triton Esports Center: 0% (Closed) people=0 capacity=35 is_open=False hour_summary=Closed until 11:00am
[2026-06-06 02:15:03] === SCRAPE END OK ===
[2026-06-06 02:30:02] === SCRAPE START ===
[2026-06-06 02:30:02] Fetching https://waitz.io/live/ucsd-rec
[2026-06-06 02:30:04] Saved 4 rows to ucsd_occupancy_history.csv
[2026-06-06 02:30:04] Main Gym Fitness Gym: 1% (Closed) people=1 capacity=72 is_open=False hour_summary=Closed until 8:00am
[2026-06-06 02:30:04] Outback Climbing Center: 13% (Closed) people=4 capacity=30 is_open=False hour_summary=Closed until 11:00am
[2026-06-06 02:30:04] RIMAC Fitness Gym: 0% (Closed) people=0 capacity=150 is_open=False hour_summary=Closed until 8:00am
[2026-06-06 02:30:04] Triton Esports Center: 0% (Closed) people=0 capacity=35 is_open=False hour_summary=Closed until 11:00am
[2026-06-06 02:30:04] === SCRAPE END OK ===
[2026-06-06 02:45:02] === SCRAPE START ===
[2026-06-06 02:45:02] Fetching https://waitz.io/live/ucsd-rec
[2026-06-06 02:45:04] Saved 4 rows to ucsd_occupancy_history.csv
[2026-06-06 02:45:04] Main Gym Fitness Gym: 1% (Closed) people=1 capacity=72 is_open=False hour_summary=Closed until 8:00am
[2026-06-06 02:45:04] Outback Climbing Center: 14% (Closed) people=4 capacity=30 is_open=False hour_summary=Closed until 11:00am
[2026-06-06 02:45:04] RIMAC Fitness Gym: 1% (Closed) people=1 capacity=150 is_open=False hour_summary=Closed until 8:00am
[2026-06-06 02:45:04] Triton Esports Center: 0% (Closed) people=0 capacity=35 is_open=False hour_summary=Closed until 11:00am
[2026-06-06 02:45:04] === SCRAPE END OK ===
[2026-06-06 03:00:02] === SCRAPE START ===
[2026-06-06 03:00:02] Fetching https://waitz.io/live/ucsd-rec
[2026-06-06 03:00:03] Saved 4 rows to ucsd_occupancy_history.csv
[2026-06-06 03:00:03] Main Gym Fitness Gym: 1% (Closed) people=1 capacity=72 is_open=False hour_summary=Closed until 8:00am
[2026-06-06 03:00:03] Outback Climbing Center: 16% (Closed) people=5 capacity=30 is_open=False hour_summary=Closed until 11:00am
[2026-06-06 03:00:03] RIMAC Fitness Gym: 0% (Closed) people=1 capacity=150 is_open=False hour_summary=Closed until 8:00am
[2026-06-06 03:00:03] Triton Esports Center: 0% (Closed) people=0 capacity=35 is_open=False hour_summary=Closed until 11:00am
[2026-06-06 03:00:03] === SCRAPE END OK ===
[2026-06-06 03:15:02] === SCRAPE START ===
[2026-06-06 03:15:02] Fetching https://waitz.io/live/ucsd-rec
[2026-06-06 03:15:03] Saved 4 rows to ucsd_occupancy_history.csv
[2026-06-06 03:15:03] Main Gym Fitness Gym: 2% (Closed) people=2 capacity=72 is_open=False hour_summary=Closed until 8:00am
[2026-06-06 03:15:03] Outback Climbing Center: 13% (Closed) people=4 capacity=30 is_open=False hour_summary=Closed until 11:00am
[2026-06-06 03:15:03] RIMAC Fitness Gym: 0% (Closed) people=0 capacity=150 is_open=False hour_summary=Closed until 8:00am
[2026-06-06 03:15:03] Triton Esports Center: 0% (Closed) people=0 capacity=35 is_open=False hour_summary=Closed until 11:00am
[2026-06-06 03:15:03] === SCRAPE END OK ===
[2026-06-06 03:30:02] === SCRAPE START ===
[2026-06-06 03:30:02] Fetching https://waitz.io/live/ucsd-rec
[2026-06-06 03:30:03] Saved 4 rows to ucsd_occupancy_history.csv
[2026-06-06 03:30:03] Main Gym Fitness Gym: 1% (Closed) people=1 capacity=72 is_open=False hour_summary=Closed until 8:00am
[2026-06-06 03:30:03] Outback Climbing Center: 17% (Closed) people=5 capacity=30 is_open=False hour_summary=Closed until 11:00am
[2026-06-06 03:30:03] RIMAC Fitness Gym: 1% (Closed) people=1 capacity=150 is_open=False hour_summary=Closed until 8:00am
[2026-06-06 03:30:03] Triton Esports Center: 0% (Closed) people=0 capacity=35 is_open=False hour_summary=Closed until 11:00am
[2026-06-06 03:30:03] === SCRAPE END OK ===
[2026-06-06 03:45:02] === SCRAPE START ===
[2026-06-06 03:45:02] Fetching https://waitz.io/live/ucsd-rec
[2026-06-06 03:45:03] Saved 4 rows to ucsd_occupancy_history.csv
[2026-06-06 03:45:03] Main Gym Fitness Gym: 2% (Closed) people=1 capacity=72 is_open=False hour_summary=Closed until 8:00am
[2026-06-06 03:45:03] Outback Climbing Center: 14% (Closed) people=4 capacity=30 is_open=False hour_summary=Closed until 11:00am
[2026-06-06 03:45:03] RIMAC Fitness Gym: 0% (Closed) people=0 capacity=150 is_open=False hour_summary=Closed until 8:00am
[2026-06-06 03:45:03] Triton Esports Center: 0% (Closed) people=0 capacity=35 is_open=False hour_summary=Closed until 11:00am
[2026-06-06 03:45:03] === SCRAPE END OK ===
