[2026-06-15 00:00:01] === SCRAPE START ===
[2026-06-15 00:00:01] Fetching https://waitz.io/live/ucsd-rec
[2026-06-15 00:00:02] Saved 4 rows to ucsd_occupancy_history.csv
[2026-06-15 00:00:02] Main Gym Fitness Gym: 2% (Closed) people=1 capacity=72 is_open=False hour_summary=Closed until 6:00am
[2026-06-15 00:00:02] Outback Climbing Center: 4% (Closed) people=1 capacity=30 is_open=False hour_summary=Closed until 10:00am
[2026-06-15 00:00:02] RIMAC Fitness Gym: 0% (Closed) people=1 capacity=150 is_open=False hour_summary=Closed until 6:00am
[2026-06-15 00:00:02] Triton Esports Center: 0% (Closed) people=0 capacity=35 is_open=False hour_summary=Closed until 7:30am
[2026-06-15 00:00:02] === SCRAPE END OK ===
[2026-06-15 00:12:54] === SCRAPE START ===
[2026-06-15 00:12:54] Fetching https://waitz.io/live/ucsd-rec
[2026-06-15 00:12:55] Saved 4 rows to ucsd_occupancy_history.csv
[2026-06-15 00:12:55] Main Gym Fitness Gym: 2% (Closed) people=1 capacity=72 is_open=False hour_summary=Closed until 6:00am
[2026-06-15 00:12:55] Outback Climbing Center: 7% (Closed) people=2 capacity=30 is_open=False hour_summary=Closed until 10:00am
[2026-06-15 00:12:55] RIMAC Fitness Gym: 0% (Closed) people=1 capacity=150 is_open=False hour_summary=Closed until 6:00am
[2026-06-15 00:12:55] Triton Esports Center: 0% (Closed) people=0 capacity=35 is_open=False hour_summary=Closed until 7:30am
[2026-06-15 00:12:55] === SCRAPE END OK ===
[2026-06-15 00:15:02] === SCRAPE START ===
[2026-06-15 00:15:02] Fetching https://waitz.io/live/ucsd-rec
[2026-06-15 00:15:03] Saved 4 rows to ucsd_occupancy_history.csv
[2026-06-15 00:15:03] Main Gym Fitness Gym: 2% (Closed) people=1 capacity=72 is_open=False hour_summary=Closed until 6:00am
[2026-06-15 00:15:03] Outback Climbing Center: 7% (Closed) people=2 capacity=30 is_open=False hour_summary=Closed until 10:00am
[2026-06-15 00:15:03] RIMAC Fitness Gym: 0% (Closed) people=0 capacity=150 is_open=False hour_summary=Closed until 6:00am
[2026-06-15 00:15:03] Triton Esports Center: 0% (Closed) people=0 capacity=35 is_open=False hour_summary=Closed until 7:30am
[2026-06-15 00:15:03] === SCRAPE END OK ===
[2026-06-15 00:27:54] === SCRAPE START ===
[2026-06-15 00:27:54] Fetching https://waitz.io/live/ucsd-rec
[2026-06-15 00:27:55] Saved 4 rows to ucsd_occupancy_history.csv
[2026-06-15 00:27:55] Main Gym Fitness Gym: 1% (Closed) people=1 capacity=72 is_open=False hour_summary=Closed until 6:00am
[2026-06-15 00:27:55] Outback Climbing Center: 7% (Closed) people=2 capacity=30 is_open=False hour_summary=Closed until 10:00am
[2026-06-15 00:27:55] RIMAC Fitness Gym: 0% (Closed) people=0 capacity=150 is_open=False hour_summary=Closed until 6:00am
[2026-06-15 00:27:55] Triton Esports Center: 0% (Closed) people=0 capacity=35 is_open=False hour_summary=Closed until 7:30am
[2026-06-15 00:27:55] === SCRAPE END OK ===
[2026-06-15 00:30:02] === SCRAPE START ===
[2026-06-15 00:30:02] Fetching https://waitz.io/live/ucsd-rec
[2026-06-15 00:30:03] Saved 4 rows to ucsd_occupancy_history.csv
[2026-06-15 00:30:03] Main Gym Fitness Gym: 1% (Closed) people=1 capacity=72 is_open=False hour_summary=Closed until 6:00am
[2026-06-15 00:30:03] Outback Climbing Center: 6% (Closed) people=2 capacity=30 is_open=False hour_summary=Closed until 10:00am
[2026-06-15 00:30:03] RIMAC Fitness Gym: 0% (Closed) people=0 capacity=150 is_open=False hour_summary=Closed until 6:00am
[2026-06-15 00:30:03] Triton Esports Center: 0% (Closed) people=0 capacity=35 is_open=False hour_summary=Closed until 7:30am
[2026-06-15 00:30:03] === SCRAPE END OK ===
[2026-06-15 00:42:54] === SCRAPE START ===
[2026-06-15 00:42:54] Fetching https://waitz.io/live/ucsd-rec
[2026-06-15 00:42:55] Saved 4 rows to ucsd_occupancy_history.csv
[2026-06-15 00:42:55] Main Gym Fitness Gym: 2% (Closed) people=1 capacity=72 is_open=False hour_summary=Closed until 6:00am
[2026-06-15 00:42:55] Outback Climbing Center: 4% (Closed) people=1 capacity=30 is_open=False hour_summary=Closed until 10:00am
[2026-06-15 00:42:55] RIMAC Fitness Gym: 0% (Closed) people=1 capacity=150 is_open=False hour_summary=Closed until 6:00am
[2026-06-15 00:42:55] Triton Esports Center: 0% (Closed) people=0 capacity=35 is_open=False hour_summary=Closed until 7:30am
[2026-06-15 00:42:55] === SCRAPE END OK ===
[2026-06-15 00:45:02] === SCRAPE START ===
[2026-06-15 00:45:02] Fetching https://waitz.io/live/ucsd-rec
[2026-06-15 00:45:03] Saved 4 rows to ucsd_occupancy_history.csv
[2026-06-15 00:45:03] Main Gym Fitness Gym: 1% (Closed) people=1 capacity=72 is_open=False hour_summary=Closed until 6:00am
[2026-06-15 00:45:03] Outback Climbing Center: 4% (Closed) people=1 capacity=30 is_open=False hour_summary=Closed until 10:00am
[2026-06-15 00:45:03] RIMAC Fitness Gym: 0% (Closed) people=1 capacity=150 is_open=False hour_summary=Closed until 6:00am
[2026-06-15 00:45:03] Triton Esports Center: 0% (Closed) people=0 capacity=35 is_open=False hour_summary=Closed until 7:30am
[2026-06-15 00:45:03] === SCRAPE END OK ===
[2026-06-15 00:57:54] === SCRAPE START ===
[2026-06-15 00:57:54] Fetching https://waitz.io/live/ucsd-rec
[2026-06-15 00:57:55] Saved 4 rows to ucsd_occupancy_history.csv
[2026-06-15 00:57:55] Main Gym Fitness Gym: 2% (Closed) people=1 capacity=72 is_open=False hour_summary=Closed until 6:00am
[2026-06-15 00:57:55] Outback Climbing Center: 7% (Closed) people=2 capacity=30 is_open=False hour_summary=Closed until 10:00am
[2026-06-15 00:57:55] RIMAC Fitness Gym: 0% (Closed) people=1 capacity=150 is_open=False hour_summary=Closed until 6:00am
[2026-06-15 00:57:55] Triton Esports Center: 0% (Closed) people=0 capacity=35 is_open=False hour_summary=Closed until 7:30am
[2026-06-15 00:57:55] === SCRAPE END OK ===
[2026-06-15 01:00:02] === SCRAPE START ===
[2026-06-15 01:00:02] Fetching https://waitz.io/live/ucsd-rec
[2026-06-15 01:00:03] Saved 4 rows to ucsd_occupancy_history.csv
[2026-06-15 01:00:03] Main Gym Fitness Gym: 1% (Closed) people=1 capacity=72 is_open=False hour_summary=Closed until 6:00am
[2026-06-15 01:00:03] Outback Climbing Center: 7% (Closed) people=2 capacity=30 is_open=False hour_summary=Closed until 10:00am
[2026-06-15 01:00:03] RIMAC Fitness Gym: 0% (Closed) people=1 capacity=150 is_open=False hour_summary=Closed until 6:00am
[2026-06-15 01:00:03] Triton Esports Center: 0% (Closed) people=0 capacity=35 is_open=False hour_summary=Closed until 7:30am
[2026-06-15 01:00:03] === SCRAPE END OK ===
[2026-06-15 01:12:54] === SCRAPE START ===
[2026-06-15 01:12:54] Fetching https://waitz.io/live/ucsd-rec
[2026-06-15 01:12:55] Saved 4 rows to ucsd_occupancy_history.csv
[2026-06-15 01:12:55] Main Gym Fitness Gym: 1% (Closed) people=1 capacity=72 is_open=False hour_summary=Closed until 6:00am
[2026-06-15 01:12:55] Outback Climbing Center: 5% (Closed) people=2 capacity=30 is_open=False hour_summary=Closed until 10:00am
[2026-06-15 01:12:55] RIMAC Fitness Gym: 0% (Closed) people=0 capacity=150 is_open=False hour_summary=Closed until 6:00am
[2026-06-15 01:12:55] Triton Esports Center: 0% (Closed) people=0 capacity=35 is_open=False hour_summary=Closed until 7:30am
[2026-06-15 01:12:55] === SCRAPE END OK ===
[2026-06-15 01:15:02] === SCRAPE START ===
[2026-06-15 01:15:02] Fetching https://waitz.io/live/ucsd-rec
[2026-06-15 01:15:03] Saved 4 rows to ucsd_occupancy_history.csv
[2026-06-15 01:15:03] Main Gym Fitness Gym: 1% (Closed) people=1 capacity=72 is_open=False hour_summary=Closed until 6:00am
[2026-06-15 01:15:03] Outback Climbing Center: 7% (Closed) people=2 capacity=30 is_open=False hour_summary=Closed until 10:00am
[2026-06-15 01:15:03] RIMAC Fitness Gym: 0% (Closed) people=0 capacity=150 is_open=False hour_summary=Closed until 6:00am
[2026-06-15 01:15:03] Triton Esports Center: 0% (Closed) people=0 capacity=35 is_open=False hour_summary=Closed until 7:30am
[2026-06-15 01:15:03] === SCRAPE END OK ===
[2026-06-15 01:27:54] === SCRAPE START ===
[2026-06-15 01:27:54] Fetching https://waitz.io/live/ucsd-rec
[2026-06-15 01:27:55] Saved 4 rows to ucsd_occupancy_history.csv
[2026-06-15 01:27:55] Main Gym Fitness Gym: 0% (Closed) people=0 capacity=72 is_open=False hour_summary=Closed until 6:00am
[2026-06-15 01:27:55] Outback Climbing Center: 4% (Closed) people=1 capacity=30 is_open=False hour_summary=Closed until 10:00am
[2026-06-15 01:27:55] RIMAC Fitness Gym: 0% (Closed) people=1 capacity=150 is_open=False hour_summary=Closed until 6:00am
[2026-06-15 01:27:55] Triton Esports Center: 0% (Closed) people=0 capacity=35 is_open=False hour_summary=Closed until 7:30am
[2026-06-15 01:27:55] === SCRAPE END OK ===
[2026-06-15 01:30:02] === SCRAPE START ===
[2026-06-15 01:30:02] Fetching https://waitz.io/live/ucsd-rec
[2026-06-15 01:30:02] Saved 4 rows to ucsd_occupancy_history.csv
[2026-06-15 01:30:02] Main Gym Fitness Gym: 1% (Closed) people=1 capacity=72 is_open=False hour_summary=Closed until 6:00am
[2026-06-15 01:30:02] Outback Climbing Center: 5% (Closed) people=2 capacity=30 is_open=False hour_summary=Closed until 10:00am
[2026-06-15 01:30:02] RIMAC Fitness Gym: 0% (Closed) people=0 capacity=150 is_open=False hour_summary=Closed until 6:00am
[2026-06-15 01:30:02] Triton Esports Center: 0% (Closed) people=0 capacity=35 is_open=False hour_summary=Closed until 7:30am
[2026-06-15 01:30:02] === SCRAPE END OK ===
[2026-06-15 01:42:54] === SCRAPE START ===
[2026-06-15 01:42:54] Fetching https://waitz.io/live/ucsd-rec
[2026-06-15 01:42:55] Saved 4 rows to ucsd_occupancy_history.csv
[2026-06-15 01:42:55] Main Gym Fitness Gym: 2% (Closed) people=1 capacity=72 is_open=False hour_summary=Closed until 6:00am
[2026-06-15 01:42:55] Outback Climbing Center: 7% (Closed) people=2 capacity=30 is_open=False hour_summary=Closed until 10:00am
[2026-06-15 01:42:55] RIMAC Fitness Gym: 0% (Closed) people=1 capacity=150 is_open=False hour_summary=Closed until 6:00am
[2026-06-15 01:42:55] Triton Esports Center: 0% (Closed) people=0 capacity=35 is_open=False hour_summary=Closed until 7:30am
[2026-06-15 01:42:55] === SCRAPE END OK ===
[2026-06-15 01:45:02] === SCRAPE START ===
[2026-06-15 01:45:02] Fetching https://waitz.io/live/ucsd-rec
[2026-06-15 01:45:03] Saved 4 rows to ucsd_occupancy_history.csv
[2026-06-15 01:45:03] Main Gym Fitness Gym: 2% (Closed) people=1 capacity=72 is_open=False hour_summary=Closed until 6:00am
[2026-06-15 01:45:03] Outback Climbing Center: 8% (Closed) people=2 capacity=30 is_open=False hour_summary=Closed until 10:00am
[2026-06-15 01:45:03] RIMAC Fitness Gym: 0% (Closed) people=0 capacity=150 is_open=False hour_summary=Closed until 6:00am
[2026-06-15 01:45:03] Triton Esports Center: 0% (Closed) people=0 capacity=35 is_open=False hour_summary=Closed until 7:30am
[2026-06-15 01:45:03] === SCRAPE END OK ===
[2026-06-15 01:57:54] === SCRAPE START ===
[2026-06-15 01:57:54] Fetching https://waitz.io/live/ucsd-rec
[2026-06-15 01:57:55] Saved 4 rows to ucsd_occupancy_history.csv
[2026-06-15 01:57:55] Main Gym Fitness Gym: 1% (Closed) people=1 capacity=72 is_open=False hour_summary=Closed until 6:00am
[2026-06-15 01:57:55] Outback Climbing Center: 9% (Closed) people=3 capacity=30 is_open=False hour_summary=Closed until 10:00am
[2026-06-15 01:57:55] RIMAC Fitness Gym: 0% (Closed) people=0 capacity=150 is_open=False hour_summary=Closed until 6:00am
[2026-06-15 01:57:55] Triton Esports Center: 0% (Closed) people=0 capacity=35 is_open=False hour_summary=Closed until 7:30am
[2026-06-15 01:57:55] === SCRAPE END OK ===
[2026-06-15 02:00:02] === SCRAPE START ===
[2026-06-15 02:00:02] Fetching https://waitz.io/live/ucsd-rec
[2026-06-15 02:00:03] Saved 4 rows to ucsd_occupancy_history.csv
[2026-06-15 02:00:03] Main Gym Fitness Gym: 1% (Closed) people=1 capacity=72 is_open=False hour_summary=Closed until 6:00am
[2026-06-15 02:00:03] Outback Climbing Center: 12% (Closed) people=4 capacity=30 is_open=False hour_summary=Closed until 10:00am
[2026-06-15 02:00:03] RIMAC Fitness Gym: 0% (Closed) people=0 capacity=150 is_open=False hour_summary=Closed until 6:00am
[2026-06-15 02:00:03] Triton Esports Center: 0% (Closed) people=0 capacity=35 is_open=False hour_summary=Closed until 7:30am
[2026-06-15 02:00:03] === SCRAPE END OK ===
[2026-06-15 02:12:54] === SCRAPE START ===
[2026-06-15 02:12:54] Fetching https://waitz.io/live/ucsd-rec
[2026-06-15 02:12:55] Saved 4 rows to ucsd_occupancy_history.csv
[2026-06-15 02:12:55] Main Gym Fitness Gym: 1% (Closed) people=1 capacity=72 is_open=False hour_summary=Closed until 6:00am
[2026-06-15 02:12:55] Outback Climbing Center: 9% (Closed) people=3 capacity=30 is_open=False hour_summary=Closed until 10:00am
[2026-06-15 02:12:55] RIMAC Fitness Gym: 0% (Closed) people=0 capacity=150 is_open=False hour_summary=Closed until 6:00am
[2026-06-15 02:12:55] Triton Esports Center: 0% (Closed) people=0 capacity=35 is_open=False hour_summary=Closed until 7:30am
[2026-06-15 02:12:55] === SCRAPE END OK ===
[2026-06-15 02:15:02] === SCRAPE START ===
[2026-06-15 02:15:02] Fetching https://waitz.io/live/ucsd-rec
[2026-06-15 02:15:03] Saved 4 rows to ucsd_occupancy_history.csv
[2026-06-15 02:15:03] Main Gym Fitness Gym: 1% (Closed) people=1 capacity=72 is_open=False hour_summary=Closed until 6:00am
[2026-06-15 02:15:03] Outback Climbing Center: 7% (Closed) people=2 capacity=30 is_open=False hour_summary=Closed until 10:00am
[2026-06-15 02:15:03] RIMAC Fitness Gym: 0% (Closed) people=1 capacity=150 is_open=False hour_summary=Closed until 6:00am
[2026-06-15 02:15:03] Triton Esports Center: 0% (Closed) people=0 capacity=35 is_open=False hour_summary=Closed until 7:30am
[2026-06-15 02:15:03] === SCRAPE END OK ===
[2026-06-15 02:27:54] === SCRAPE START ===
[2026-06-15 02:27:54] Fetching https://waitz.io/live/ucsd-rec
[2026-06-15 02:27:55] Saved 4 rows to ucsd_occupancy_history.csv
[2026-06-15 02:27:55] Main Gym Fitness Gym: 1% (Closed) people=1 capacity=72 is_open=False hour_summary=Closed until 6:00am
[2026-06-15 02:27:55] Outback Climbing Center: 6% (Closed) people=2 capacity=30 is_open=False hour_summary=Closed until 10:00am
[2026-06-15 02:27:55] RIMAC Fitness Gym: 0% (Closed) people=0 capacity=150 is_open=False hour_summary=Closed until 6:00am
[2026-06-15 02:27:55] Triton Esports Center: 0% (Closed) people=0 capacity=35 is_open=False hour_summary=Closed until 7:30am
[2026-06-15 02:27:55] === SCRAPE END OK ===
[2026-06-15 02:30:02] === SCRAPE START ===
[2026-06-15 02:30:02] Fetching https://waitz.io/live/ucsd-rec
[2026-06-15 02:30:03] Saved 4 rows to ucsd_occupancy_history.csv
[2026-06-15 02:30:03] Main Gym Fitness Gym: 1% (Closed) people=1 capacity=72 is_open=False hour_summary=Closed until 6:00am
[2026-06-15 02:30:03] Outback Climbing Center: 5% (Closed) people=2 capacity=30 is_open=False hour_summary=Closed until 10:00am
[2026-06-15 02:30:03] RIMAC Fitness Gym: 0% (Closed) people=0 capacity=150 is_open=False hour_summary=Closed until 6:00am
[2026-06-15 02:30:03] Triton Esports Center: 0% (Closed) people=0 capacity=35 is_open=False hour_summary=Closed until 7:30am
[2026-06-15 02:30:03] === SCRAPE END OK ===
[2026-06-15 02:42:57] === SCRAPE START ===
[2026-06-15 02:42:57] Fetching https://waitz.io/live/ucsd-rec
[2026-06-15 02:43:01] Saved 4 rows to ucsd_occupancy_history.csv
[2026-06-15 02:43:01] Main Gym Fitness Gym: 1% (Closed) people=1 capacity=72 is_open=False hour_summary=Closed until 6:00am
[2026-06-15 02:43:01] Outback Climbing Center: 8% (Closed) people=2 capacity=30 is_open=False hour_summary=Closed until 10:00am
[2026-06-15 02:43:01] RIMAC Fitness Gym: 0% (Closed) people=1 capacity=150 is_open=False hour_summary=Closed until 6:00am
[2026-06-15 02:43:01] Triton Esports Center: 0% (Closed) people=0 capacity=35 is_open=False hour_summary=Closed until 7:30am
[2026-06-15 02:43:01] === SCRAPE END OK ===
[2026-06-15 02:45:02] === SCRAPE START ===
[2026-06-15 02:45:02] Fetching https://waitz.io/live/ucsd-rec
[2026-06-15 02:45:03] Saved 4 rows to ucsd_occupancy_history.csv
[2026-06-15 02:45:03] Main Gym Fitness Gym: 1% (Closed) people=1 capacity=72 is_open=False hour_summary=Closed until 6:00am
[2026-06-15 02:45:03] Outback Climbing Center: 8% (Closed) people=2 capacity=30 is_open=False hour_summary=Closed until 10:00am
[2026-06-15 02:45:03] RIMAC Fitness Gym: 0% (Closed) people=0 capacity=150 is_open=False hour_summary=Closed until 6:00am
[2026-06-15 02:45:03] Triton Esports Center: 0% (Closed) people=0 capacity=35 is_open=False hour_summary=Closed until 7:30am
[2026-06-15 02:45:03] === SCRAPE END OK ===
[2026-06-15 02:57:54] === SCRAPE START ===
[2026-06-15 02:57:54] Fetching https://waitz.io/live/ucsd-rec
[2026-06-15 02:57:55] Saved 4 rows to ucsd_occupancy_history.csv
[2026-06-15 02:57:55] Main Gym Fitness Gym: 1% (Closed) people=1 capacity=72 is_open=False hour_summary=Closed until 6:00am
[2026-06-15 02:57:55] Outback Climbing Center: 4% (Closed) people=1 capacity=30 is_open=False hour_summary=Closed until 10:00am
[2026-06-15 02:57:55] RIMAC Fitness Gym: 0% (Closed) people=1 capacity=150 is_open=False hour_summary=Closed until 6:00am
[2026-06-15 02:57:55] Triton Esports Center: 0% (Closed) people=0 capacity=35 is_open=False hour_summary=Closed until 7:30am
[2026-06-15 02:57:55] === SCRAPE END OK ===
[2026-06-15 03:00:02] === SCRAPE START ===
[2026-06-15 03:00:02] Fetching https://waitz.io/live/ucsd-rec
[2026-06-15 03:00:03] Saved 4 rows to ucsd_occupancy_history.csv
[2026-06-15 03:00:03] Main Gym Fitness Gym: 1% (Closed) people=1 capacity=72 is_open=False hour_summary=Closed until 6:00am
[2026-06-15 03:00:03] Outback Climbing Center: 5% (Closed) people=1 capacity=30 is_open=False hour_summary=Closed until 10:00am
[2026-06-15 03:00:03] RIMAC Fitness Gym: 0% (Closed) people=0 capacity=150 is_open=False hour_summary=Closed until 6:00am
[2026-06-15 03:00:03] Triton Esports Center: 0% (Closed) people=0 capacity=35 is_open=False hour_summary=Closed until 7:30am
[2026-06-15 03:00:03] === SCRAPE END OK ===
[2026-06-15 03:12:54] === SCRAPE START ===
[2026-06-15 03:12:54] Fetching https://waitz.io/live/ucsd-rec
[2026-06-15 03:12:55] Saved 4 rows to ucsd_occupancy_history.csv
[2026-06-15 03:12:55] Main Gym Fitness Gym: 2% (Closed) people=1 capacity=72 is_open=False hour_summary=Closed until 6:00am
[2026-06-15 03:12:55] Outback Climbing Center: 10% (Closed) people=3 capacity=30 is_open=False hour_summary=Closed until 10:00am
[2026-06-15 03:12:55] RIMAC Fitness Gym: 0% (Closed) people=0 capacity=150 is_open=False hour_summary=Closed until 6:00am
[2026-06-15 03:12:55] Triton Esports Center: 0% (Closed) people=0 capacity=35 is_open=False hour_summary=Closed until 7:30am
[2026-06-15 03:12:55] === SCRAPE END OK ===
[2026-06-15 03:15:02] === SCRAPE START ===
[2026-06-15 03:15:02] Fetching https://waitz.io/live/ucsd-rec
[2026-06-15 03:15:03] Saved 4 rows to ucsd_occupancy_history.csv
[2026-06-15 03:15:03] Main Gym Fitness Gym: 3% (Closed) people=2 capacity=72 is_open=False hour_summary=Closed until 6:00am
[2026-06-15 03:15:03] Outback Climbing Center: 10% (Closed) people=3 capacity=30 is_open=False hour_summary=Closed until 10:00am
[2026-06-15 03:15:03] RIMAC Fitness Gym: 0% (Closed) people=0 capacity=150 is_open=False hour_summary=Closed until 6:00am
[2026-06-15 03:15:03] Triton Esports Center: 0% (Closed) people=0 capacity=35 is_open=False hour_summary=Closed until 7:30am
[2026-06-15 03:15:03] === SCRAPE END OK ===
[2026-06-15 03:27:54] === SCRAPE START ===
[2026-06-15 03:27:54] Fetching https://waitz.io/live/ucsd-rec
[2026-06-15 03:27:55] Saved 4 rows to ucsd_occupancy_history.csv
[2026-06-15 03:27:55] Main Gym Fitness Gym: 2% (Closed) people=1 capacity=72 is_open=False hour_summary=Closed until 6:00am
[2026-06-15 03:27:55] Outback Climbing Center: 5% (Closed) people=2 capacity=30 is_open=False hour_summary=Closed until 10:00am
[2026-06-15 03:27:55] RIMAC Fitness Gym: 0% (Closed) people=0 capacity=150 is_open=False hour_summary=Closed until 6:00am
[2026-06-15 03:27:55] Triton Esports Center: 0% (Closed) people=0 capacity=35 is_open=False hour_summary=Closed until 7:30am
[2026-06-15 03:27:55] === SCRAPE END OK ===
[2026-06-15 03:30:02] === SCRAPE START ===
[2026-06-15 03:30:02] Fetching https://waitz.io/live/ucsd-rec
[2026-06-15 03:30:02] Saved 4 rows to ucsd_occupancy_history.csv
[2026-06-15 03:30:02] Main Gym Fitness Gym: 1% (Closed) people=1 capacity=72 is_open=False hour_summary=Closed until 6:00am
[2026-06-15 03:30:02] Outback Climbing Center: 4% (Closed) people=1 capacity=30 is_open=False hour_summary=Closed until 10:00am
[2026-06-15 03:30:02] RIMAC Fitness Gym: 0% (Closed) people=0 capacity=150 is_open=False hour_summary=Closed until 6:00am
[2026-06-15 03:30:02] Triton Esports Center: 0% (Closed) people=0 capacity=35 is_open=False hour_summary=Closed until 7:30am
[2026-06-15 03:30:02] === SCRAPE END OK ===
[2026-06-15 03:42:54] === SCRAPE START ===
[2026-06-15 03:42:54] Fetching https://waitz.io/live/ucsd-rec
[2026-06-15 03:42:55] Saved 4 rows to ucsd_occupancy_history.csv
[2026-06-15 03:42:55] Main Gym Fitness Gym: 1% (Closed) people=1 capacity=72 is_open=False hour_summary=Closed until 6:00am
[2026-06-15 03:42:55] Outback Climbing Center: 3% (Closed) people=1 capacity=30 is_open=False hour_summary=Closed until 10:00am
[2026-06-15 03:42:55] RIMAC Fitness Gym: 0% (Closed) people=0 capacity=150 is_open=False hour_summary=Closed until 6:00am
[2026-06-15 03:42:55] Triton Esports Center: 0% (Closed) people=0 capacity=35 is_open=False hour_summary=Closed until 7:30am
[2026-06-15 03:42:55] === SCRAPE END OK ===
[2026-06-15 03:45:02] === SCRAPE START ===
[2026-06-15 03:45:02] Fetching https://waitz.io/live/ucsd-rec
[2026-06-15 03:45:03] Saved 4 rows to ucsd_occupancy_history.csv
[2026-06-15 03:45:03] Main Gym Fitness Gym: 1% (Closed) people=1 capacity=72 is_open=False hour_summary=Closed until 6:00am
[2026-06-15 03:45:03] Outback Climbing Center: 3% (Closed) people=1 capacity=30 is_open=False hour_summary=Closed until 10:00am
[2026-06-15 03:45:03] RIMAC Fitness Gym: 0% (Closed) people=1 capacity=150 is_open=False hour_summary=Closed until 6:00am
[2026-06-15 03:45:03] Triton Esports Center: 0% (Closed) people=0 capacity=35 is_open=False hour_summary=Closed until 7:30am
[2026-06-15 03:45:03] === SCRAPE END OK ===
[2026-06-15 03:57:54] === SCRAPE START ===
[2026-06-15 03:57:54] Fetching https://waitz.io/live/ucsd-rec
[2026-06-15 03:57:55] Saved 4 rows to ucsd_occupancy_history.csv
[2026-06-15 03:57:55] Main Gym Fitness Gym: 1% (Closed) people=1 capacity=72 is_open=False hour_summary=Closed until 6:00am
[2026-06-15 03:57:55] Outback Climbing Center: 4% (Closed) people=1 capacity=30 is_open=False hour_summary=Closed until 10:00am
[2026-06-15 03:57:55] RIMAC Fitness Gym: 0% (Closed) people=0 capacity=150 is_open=False hour_summary=Closed until 6:00am
[2026-06-15 03:57:55] Triton Esports Center: 0% (Closed) people=0 capacity=35 is_open=False hour_summary=Closed until 7:30am
[2026-06-15 03:57:55] === SCRAPE END OK ===
[2026-06-15 04:00:02] === SCRAPE START ===
[2026-06-15 04:00:02] Fetching https://waitz.io/live/ucsd-rec
[2026-06-15 04:00:03] Saved 4 rows to ucsd_occupancy_history.csv
[2026-06-15 04:00:03] Main Gym Fitness Gym: 1% (Closed) people=1 capacity=72 is_open=False hour_summary=Closed until 6:00am
[2026-06-15 04:00:03] Outback Climbing Center: 4% (Closed) people=1 capacity=30 is_open=False hour_summary=Closed until 10:00am
[2026-06-15 04:00:03] RIMAC Fitness Gym: 0% (Closed) people=0 capacity=150 is_open=False hour_summary=Closed until 6:00am
[2026-06-15 04:00:03] Triton Esports Center: 0% (Closed) people=0 capacity=35 is_open=False hour_summary=Closed until 7:30am
[2026-06-15 04:00:03] === SCRAPE END OK ===
[2026-06-15 04:12:54] === SCRAPE START ===
[2026-06-15 04:12:54] Fetching https://waitz.io/live/ucsd-rec
[2026-06-15 04:12:55] Saved 4 rows to ucsd_occupancy_history.csv
[2026-06-15 04:12:55] Main Gym Fitness Gym: 2% (Closed) people=1 capacity=72 is_open=False hour_summary=Closed until 6:00am
[2026-06-15 04:12:55] Outback Climbing Center: 7% (Closed) people=2 capacity=30 is_open=False hour_summary=Closed until 10:00am
[2026-06-15 04:12:55] RIMAC Fitness Gym: 0% (Closed) people=0 capacity=150 is_open=False hour_summary=Closed until 6:00am
[2026-06-15 04:12:55] Triton Esports Center: 0% (Closed) people=0 capacity=35 is_open=False hour_summary=Closed until 7:30am
[2026-06-15 04:12:55] === SCRAPE END OK ===
[2026-06-15 04:15:02] === SCRAPE START ===
[2026-06-15 04:15:02] Fetching https://waitz.io/live/ucsd-rec
[2026-06-15 04:15:02] Saved 4 rows to ucsd_occupancy_history.csv
[2026-06-15 04:15:02] Main Gym Fitness Gym: 2% (Closed) people=1 capacity=72 is_open=False hour_summary=Closed until 6:00am
[2026-06-15 04:15:02] Outback Climbing Center: 5% (Closed) people=2 capacity=30 is_open=False hour_summary=Closed until 10:00am
[2026-06-15 04:15:02] RIMAC Fitness Gym: 0% (Closed) people=0 capacity=150 is_open=False hour_summary=Closed until 6:00am
[2026-06-15 04:15:02] Triton Esports Center: 0% (Closed) people=0 capacity=35 is_open=False hour_summary=Closed until 7:30am
[2026-06-15 04:15:02] === SCRAPE END OK ===
[2026-06-15 04:27:54] === SCRAPE START ===
[2026-06-15 04:27:54] Fetching https://waitz.io/live/ucsd-rec
[2026-06-15 04:27:55] Saved 4 rows to ucsd_occupancy_history.csv
[2026-06-15 04:27:55] Main Gym Fitness Gym: 1% (Closed) people=1 capacity=72 is_open=False hour_summary=Closed until 6:00am
[2026-06-15 04:27:55] Outback Climbing Center: 5% (Closed) people=2 capacity=30 is_open=False hour_summary=Closed until 10:00am
[2026-06-15 04:27:55] RIMAC Fitness Gym: 0% (Closed) people=0 capacity=150 is_open=False hour_summary=Closed until 6:00am
[2026-06-15 04:27:55] Triton Esports Center: 0% (Closed) people=0 capacity=35 is_open=False hour_summary=Closed until 7:30am
[2026-06-15 04:27:55] === SCRAPE END OK ===
[2026-06-15 04:30:02] === SCRAPE START ===
[2026-06-15 04:30:02] Fetching https://waitz.io/live/ucsd-rec
[2026-06-15 04:30:02] Saved 4 rows to ucsd_occupancy_history.csv
[2026-06-15 04:30:02] Main Gym Fitness Gym: 1% (Closed) people=1 capacity=72 is_open=False hour_summary=Closed until 6:00am
[2026-06-15 04:30:02] Outback Climbing Center: 5% (Closed) people=2 capacity=30 is_open=False hour_summary=Closed until 10:00am
[2026-06-15 04:30:02] RIMAC Fitness Gym: 0% (Closed) people=0 capacity=150 is_open=False hour_summary=Closed until 6:00am
[2026-06-15 04:30:02] Triton Esports Center: 0% (Closed) people=0 capacity=35 is_open=False hour_summary=Closed until 7:30am
[2026-06-15 04:30:02] === SCRAPE END OK ===
[2026-06-15 04:42:55] === SCRAPE START ===
[2026-06-15 04:42:55] Fetching https://waitz.io/live/ucsd-rec
[2026-06-15 04:42:55] Saved 4 rows to ucsd_occupancy_history.csv
[2026-06-15 04:42:55] Main Gym Fitness Gym: 1% (Closed) people=1 capacity=72 is_open=False hour_summary=Closed until 6:00am
[2026-06-15 04:42:55] Outback Climbing Center: 5% (Closed) people=1 capacity=30 is_open=False hour_summary=Closed until 10:00am
[2026-06-15 04:42:55] RIMAC Fitness Gym: 0% (Closed) people=0 capacity=150 is_open=False hour_summary=Closed until 6:00am
[2026-06-15 04:42:55] Triton Esports Center: 0% (Closed) people=0 capacity=35 is_open=False hour_summary=Closed until 7:30am
[2026-06-15 04:42:55] === SCRAPE END OK ===
[2026-06-15 04:45:02] === SCRAPE START ===
[2026-06-15 04:45:02] Fetching https://waitz.io/live/ucsd-rec
[2026-06-15 04:45:03] Saved 4 rows to ucsd_occupancy_history.csv
[2026-06-15 04:45:03] Main Gym Fitness Gym: 2% (Closed) people=1 capacity=72 is_open=False hour_summary=Closed until 6:00am
[2026-06-15 04:45:03] Outback Climbing Center: 4% (Closed) people=1 capacity=30 is_open=False hour_summary=Closed until 10:00am
[2026-06-15 04:45:03] RIMAC Fitness Gym: 0% (Closed) people=0 capacity=150 is_open=False hour_summary=Closed until 6:00am
[2026-06-15 04:45:03] Triton Esports Center: 0% (Closed) people=0 capacity=35 is_open=False hour_summary=Closed until 7:30am
[2026-06-15 04:45:03] === SCRAPE END OK ===
[2026-06-15 04:57:54] === SCRAPE START ===
[2026-06-15 04:57:54] Fetching https://waitz.io/live/ucsd-rec
[2026-06-15 04:57:55] Saved 4 rows to ucsd_occupancy_history.csv
[2026-06-15 04:57:55] Main Gym Fitness Gym: 1% (Closed) people=1 capacity=72 is_open=False hour_summary=Closed until 6:00am
[2026-06-15 04:57:55] Outback Climbing Center: 5% (Closed) people=1 capacity=30 is_open=False hour_summary=Closed until 10:00am
[2026-06-15 04:57:55] RIMAC Fitness Gym: 0% (Closed) people=0 capacity=150 is_open=False hour_summary=Closed until 6:00am
[2026-06-15 04:57:55] Triton Esports Center: 0% (Closed) people=0 capacity=35 is_open=False hour_summary=Closed until 7:30am
[2026-06-15 04:57:55] === SCRAPE END OK ===
[2026-06-15 05:00:02] === SCRAPE START ===
[2026-06-15 05:00:02] Fetching https://waitz.io/live/ucsd-rec
[2026-06-15 05:00:03] Saved 4 rows to ucsd_occupancy_history.csv
[2026-06-15 05:00:03] Main Gym Fitness Gym: 1% (Closed) people=1 capacity=72 is_open=False hour_summary=Closed until 6:00am
[2026-06-15 05:00:03] Outback Climbing Center: 6% (Closed) people=2 capacity=30 is_open=False hour_summary=Closed until 10:00am
[2026-06-15 05:00:03] RIMAC Fitness Gym: 0% (Closed) people=0 capacity=150 is_open=False hour_summary=Closed until 6:00am
[2026-06-15 05:00:03] Triton Esports Center: 0% (Closed) people=0 capacity=35 is_open=False hour_summary=Closed until 7:30am
[2026-06-15 05:00:03] === SCRAPE END OK ===
[2026-06-15 05:12:54] === SCRAPE START ===
[2026-06-15 05:12:54] Fetching https://waitz.io/live/ucsd-rec
[2026-06-15 05:12:55] Saved 4 rows to ucsd_occupancy_history.csv
[2026-06-15 05:12:55] Main Gym Fitness Gym: 1% (Closed) people=1 capacity=72 is_open=False hour_summary=Closed until 6:00am
[2026-06-15 05:12:55] Outback Climbing Center: 10% (Closed) people=3 capacity=30 is_open=False hour_summary=Closed until 10:00am
[2026-06-15 05:12:55] RIMAC Fitness Gym: 1% (Closed) people=1 capacity=150 is_open=False hour_summary=Closed until 6:00am
[2026-06-15 05:12:55] Triton Esports Center: 0% (Closed) people=0 capacity=35 is_open=False hour_summary=Closed until 7:30am
[2026-06-15 05:12:55] === SCRAPE END OK ===
[2026-06-15 05:15:02] === SCRAPE START ===
[2026-06-15 05:15:02] Fetching https://waitz.io/live/ucsd-rec
[2026-06-15 05:15:03] Saved 4 rows to ucsd_occupancy_history.csv
[2026-06-15 05:15:03] Main Gym Fitness Gym: 1% (Closed) people=1 capacity=72 is_open=False hour_summary=Closed until 6:00am
[2026-06-15 05:15:03] Outback Climbing Center: 8% (Closed) people=2 capacity=30 is_open=False hour_summary=Closed until 10:00am
[2026-06-15 05:15:03] RIMAC Fitness Gym: 0% (Closed) people=1 capacity=150 is_open=False hour_summary=Closed until 6:00am
[2026-06-15 05:15:03] Triton Esports Center: 0% (Closed) people=0 capacity=35 is_open=False hour_summary=Closed until 7:30am
[2026-06-15 05:15:03] === SCRAPE END OK ===
[2026-06-15 05:27:54] === SCRAPE START ===
[2026-06-15 05:27:54] Fetching https://waitz.io/live/ucsd-rec
[2026-06-15 05:27:55] Saved 4 rows to ucsd_occupancy_history.csv
[2026-06-15 05:27:55] Main Gym Fitness Gym: 2% (Closed) people=1 capacity=72 is_open=False hour_summary=Closed until 6:00am
[2026-06-15 05:27:55] Outback Climbing Center: 9% (Closed) people=3 capacity=30 is_open=False hour_summary=Closed until 10:00am
[2026-06-15 05:27:55] RIMAC Fitness Gym: 0% (Closed) people=1 capacity=150 is_open=False hour_summary=Closed until 6:00am
[2026-06-15 05:27:55] Triton Esports Center: 0% (Closed) people=0 capacity=35 is_open=False hour_summary=Closed until 7:30am
[2026-06-15 05:27:55] === SCRAPE END OK ===
[2026-06-15 05:30:02] === SCRAPE START ===
[2026-06-15 05:30:02] Fetching https://waitz.io/live/ucsd-rec
[2026-06-15 05:30:05] Saved 4 rows to ucsd_occupancy_history.csv
[2026-06-15 05:30:05] Main Gym Fitness Gym: 1% (Closed) people=1 capacity=72 is_open=False hour_summary=Closed until 6:00am
[2026-06-15 05:30:05] Outback Climbing Center: 10% (Closed) people=3 capacity=30 is_open=False hour_summary=Closed until 10:00am
[2026-06-15 05:30:05] RIMAC Fitness Gym: 1% (Closed) people=1 capacity=150 is_open=False hour_summary=Closed until 6:00am
[2026-06-15 05:30:05] Triton Esports Center: 0% (Closed) people=0 capacity=35 is_open=False hour_summary=Closed until 7:30am
[2026-06-15 05:30:05] === SCRAPE END OK ===
[2026-06-15 05:42:54] === SCRAPE START ===
[2026-06-15 05:42:54] Fetching https://waitz.io/live/ucsd-rec
[2026-06-15 05:42:55] Saved 4 rows to ucsd_occupancy_history.csv
[2026-06-15 05:42:55] Main Gym Fitness Gym: 2% (Closed) people=2 capacity=72 is_open=False hour_summary=Closed until 6:00am
[2026-06-15 05:42:55] Outback Climbing Center: 9% (Closed) people=3 capacity=30 is_open=False hour_summary=Closed until 10:00am
[2026-06-15 05:42:55] RIMAC Fitness Gym: 0% (Closed) people=0 capacity=150 is_open=False hour_summary=Closed until 6:00am
[2026-06-15 05:42:55] Triton Esports Center: 0% (Closed) people=0 capacity=35 is_open=False hour_summary=Closed until 7:30am
[2026-06-15 05:42:55] === SCRAPE END OK ===
[2026-06-15 05:45:02] === SCRAPE START ===
[2026-06-15 05:45:02] Fetching https://waitz.io/live/ucsd-rec
[2026-06-15 05:45:03] Saved 4 rows to ucsd_occupancy_history.csv
[2026-06-15 05:45:03] Main Gym Fitness Gym: 3% (Closed) people=2 capacity=72 is_open=False hour_summary=Closed until 6:00am
[2026-06-15 05:45:03] Outback Climbing Center: 7% (Closed) people=2 capacity=30 is_open=False hour_summary=Closed until 10:00am
[2026-06-15 05:45:03] RIMAC Fitness Gym: 0% (Closed) people=0 capacity=150 is_open=False hour_summary=Closed until 6:00am
[2026-06-15 05:45:03] Triton Esports Center: 0% (Closed) people=0 capacity=35 is_open=False hour_summary=Closed until 7:30am
[2026-06-15 05:45:03] === SCRAPE END OK ===
[2026-06-15 05:57:54] === SCRAPE START ===
[2026-06-15 05:57:54] Fetching https://waitz.io/live/ucsd-rec
[2026-06-15 05:57:55] Saved 4 rows to ucsd_occupancy_history.csv
[2026-06-15 05:57:55] Main Gym Fitness Gym: 1% (Closed) people=1 capacity=72 is_open=False hour_summary=Closed until 6:00am
[2026-06-15 05:57:55] Outback Climbing Center: 8% (Closed) people=2 capacity=30 is_open=False hour_summary=Closed until 10:00am
[2026-06-15 05:57:55] RIMAC Fitness Gym: 0% (Closed) people=0 capacity=150 is_open=False hour_summary=Closed until 6:00am
[2026-06-15 05:57:55] Triton Esports Center: 0% (Closed) people=0 capacity=35 is_open=False hour_summary=Closed until 7:30am
[2026-06-15 05:57:55] === SCRAPE END OK ===
[2026-06-15 06:00:02] === SCRAPE START ===
[2026-06-15 06:00:02] Fetching https://waitz.io/live/ucsd-rec
[2026-06-15 06:00:03] Saved 4 rows to ucsd_occupancy_history.csv
[2026-06-15 06:00:03] Main Gym Fitness Gym: 1% (Closed) people=1 capacity=72 is_open=False hour_summary=Closed until 6:00am
[2026-06-15 06:00:03] Outback Climbing Center: 12% (Closed) people=4 capacity=30 is_open=False hour_summary=Closed until 10:00am
[2026-06-15 06:00:03] RIMAC Fitness Gym: 0% (Closed) people=1 capacity=150 is_open=False hour_summary=Closed until 6:00am
[2026-06-15 06:00:03] Triton Esports Center: 0% (Closed) people=0 capacity=35 is_open=False hour_summary=Closed until 7:30am
[2026-06-15 06:00:03] === SCRAPE END OK ===
[2026-06-15 06:12:54] === SCRAPE START ===
[2026-06-15 06:12:54] Fetching https://waitz.io/live/ucsd-rec
[2026-06-15 06:12:55] Saved 4 rows to ucsd_occupancy_history.csv
[2026-06-15 06:12:55] Main Gym Fitness Gym: 1% (Not Busy) people=1 capacity=72 is_open=True hour_summary=open
[2026-06-15 06:12:55] Outback Climbing Center: 11% (Closed) people=3 capacity=30 is_open=False hour_summary=Closed until 10:00am
[2026-06-15 06:12:55] RIMAC Fitness Gym: 0% (Not Busy) people=1 capacity=150 is_open=True hour_summary=open
[2026-06-15 06:12:55] Triton Esports Center: 0% (Closed) people=0 capacity=35 is_open=False hour_summary=Closed until 7:30am
[2026-06-15 06:12:55] === SCRAPE END OK ===
[2026-06-15 06:15:02] === SCRAPE START ===
[2026-06-15 06:15:02] Fetching https://waitz.io/live/ucsd-rec
[2026-06-15 06:15:03] Saved 4 rows to ucsd_occupancy_history.csv
[2026-06-15 06:15:03] Main Gym Fitness Gym: 1% (Not Busy) people=1 capacity=72 is_open=True hour_summary=open
[2026-06-15 06:15:03] Outback Climbing Center: 11% (Closed) people=3 capacity=30 is_open=False hour_summary=Closed until 10:00am
[2026-06-15 06:15:03] RIMAC Fitness Gym: 1% (Not Busy) people=1 capacity=150 is_open=True hour_summary=open
[2026-06-15 06:15:03] Triton Esports Center: 0% (Closed) people=0 capacity=35 is_open=False hour_summary=Closed until 7:30am
[2026-06-15 06:15:03] === SCRAPE END OK ===
[2026-06-15 06:27:54] === SCRAPE START ===
[2026-06-15 06:27:54] Fetching https://waitz.io/live/ucsd-rec
[2026-06-15 06:27:55] Saved 4 rows to ucsd_occupancy_history.csv
[2026-06-15 06:27:55] Main Gym Fitness Gym: 2% (Not Busy) people=1 capacity=72 is_open=True hour_summary=open
[2026-06-15 06:27:55] Outback Climbing Center: 12% (Closed) people=4 capacity=30 is_open=False hour_summary=Closed until 10:00am
[2026-06-15 06:27:55] RIMAC Fitness Gym: 6% (Not Busy) people=8 capacity=150 is_open=True hour_summary=open
[2026-06-15 06:27:55] Triton Esports Center: 0% (Closed) people=0 capacity=35 is_open=False hour_summary=Closed until 7:30am
[2026-06-15 06:27:55] === SCRAPE END OK ===
[2026-06-15 06:30:02] === SCRAPE START ===
[2026-06-15 06:30:02] Fetching https://waitz.io/live/ucsd-rec
[2026-06-15 06:30:03] Saved 4 rows to ucsd_occupancy_history.csv
[2026-06-15 06:30:03] Main Gym Fitness Gym: 2% (Not Busy) people=1 capacity=72 is_open=True hour_summary=open
[2026-06-15 06:30:03] Outback Climbing Center: 9% (Closed) people=3 capacity=30 is_open=False hour_summary=Closed until 10:00am
[2026-06-15 06:30:03] RIMAC Fitness Gym: 6% (Not Busy) people=9 capacity=150 is_open=True hour_summary=open
[2026-06-15 06:30:03] Triton Esports Center: 0% (Closed) people=0 capacity=35 is_open=False hour_summary=Closed until 7:30am
[2026-06-15 06:30:03] === SCRAPE END OK ===
[2026-06-15 06:42:54] === SCRAPE START ===
[2026-06-15 06:42:54] Fetching https://waitz.io/live/ucsd-rec
[2026-06-15 06:42:55] Saved 4 rows to ucsd_occupancy_history.csv
[2026-06-15 06:42:55] Main Gym Fitness Gym: 1% (Not Busy) people=1 capacity=72 is_open=True hour_summary=open
[2026-06-15 06:42:55] Outback Climbing Center: 4% (Closed) people=1 capacity=30 is_open=False hour_summary=Closed until 10:00am
[2026-06-15 06:42:55] RIMAC Fitness Gym: 6% (Not Busy) people=9 capacity=150 is_open=True hour_summary=open
[2026-06-15 06:42:55] Triton Esports Center: 0% (Closed) people=0 capacity=35 is_open=False hour_summary=Closed until 7:30am
[2026-06-15 06:42:55] === SCRAPE END OK ===
[2026-06-15 06:45:02] === SCRAPE START ===
[2026-06-15 06:45:02] Fetching https://waitz.io/live/ucsd-rec
[2026-06-15 06:45:03] Saved 4 rows to ucsd_occupancy_history.csv
[2026-06-15 06:45:03] Main Gym Fitness Gym: 2% (Not Busy) people=1 capacity=72 is_open=True hour_summary=open
[2026-06-15 06:45:03] Outback Climbing Center: 4% (Closed) people=1 capacity=30 is_open=False hour_summary=Closed until 10:00am
[2026-06-15 06:45:03] RIMAC Fitness Gym: 5% (Not Busy) people=8 capacity=150 is_open=True hour_summary=open
[2026-06-15 06:45:03] Triton Esports Center: 0% (Closed) people=0 capacity=35 is_open=False hour_summary=Closed until 7:30am
[2026-06-15 06:45:03] === SCRAPE END OK ===
[2026-06-15 06:57:54] === SCRAPE START ===
[2026-06-15 06:57:54] Fetching https://waitz.io/live/ucsd-rec
[2026-06-15 06:57:55] Saved 4 rows to ucsd_occupancy_history.csv
[2026-06-15 06:57:55] Main Gym Fitness Gym: 3% (Not Busy) people=2 capacity=72 is_open=True hour_summary=open
[2026-06-15 06:57:55] Outback Climbing Center: 4% (Closed) people=1 capacity=30 is_open=False hour_summary=Closed until 10:00am
[2026-06-15 06:57:55] RIMAC Fitness Gym: 9% (Not Busy) people=13 capacity=150 is_open=True hour_summary=open
[2026-06-15 06:57:55] Triton Esports Center: 0% (Closed) people=0 capacity=35 is_open=False hour_summary=Closed until 7:30am
[2026-06-15 06:57:55] === SCRAPE END OK ===
[2026-06-15 07:00:02] === SCRAPE START ===
[2026-06-15 07:00:02] Fetching https://waitz.io/live/ucsd-rec
[2026-06-15 07:00:03] Saved 4 rows to ucsd_occupancy_history.csv
[2026-06-15 07:00:03] Main Gym Fitness Gym: 3% (Not Busy) people=2 capacity=72 is_open=True hour_summary=open
[2026-06-15 07:00:03] Outback Climbing Center: 5% (Closed) people=2 capacity=30 is_open=False hour_summary=Closed until 10:00am
[2026-06-15 07:00:03] RIMAC Fitness Gym: 8% (Not Busy) people=12 capacity=150 is_open=True hour_summary=open
[2026-06-15 07:00:03] Triton Esports Center: 0% (Closed) people=0 capacity=35 is_open=False hour_summary=Closed until 7:30am
[2026-06-15 07:00:03] === SCRAPE END OK ===
[2026-06-15 07:12:54] === SCRAPE START ===
[2026-06-15 07:12:54] Fetching https://waitz.io/live/ucsd-rec
[2026-06-15 07:12:55] Saved 4 rows to ucsd_occupancy_history.csv
[2026-06-15 07:12:55] Main Gym Fitness Gym: 1% (Not Busy) people=1 capacity=72 is_open=True hour_summary=open
[2026-06-15 07:12:55] Outback Climbing Center: 5% (Closed) people=2 capacity=30 is_open=False hour_summary=Closed until 10:00am
[2026-06-15 07:12:55] RIMAC Fitness Gym: 9% (Not Busy) people=14 capacity=150 is_open=True hour_summary=open
[2026-06-15 07:12:55] Triton Esports Center: 0% (Closed) people=0 capacity=35 is_open=False hour_summary=Closed until 7:30am
[2026-06-15 07:12:55] === SCRAPE END OK ===
[2026-06-15 07:15:02] === SCRAPE START ===
[2026-06-15 07:15:02] Fetching https://waitz.io/live/ucsd-rec
[2026-06-15 07:15:03] Saved 4 rows to ucsd_occupancy_history.csv
[2026-06-15 07:15:03] Main Gym Fitness Gym: 1% (Not Busy) people=1 capacity=72 is_open=True hour_summary=open
[2026-06-15 07:15:03] Outback Climbing Center: 5% (Closed) people=2 capacity=30 is_open=False hour_summary=Closed until 10:00am
[2026-06-15 07:15:03] RIMAC Fitness Gym: 9% (Not Busy) people=13 capacity=150 is_open=True hour_summary=open
[2026-06-15 07:15:03] Triton Esports Center: 0% (Closed) people=0 capacity=35 is_open=False hour_summary=Closed until 7:30am
[2026-06-15 07:15:03] === SCRAPE END OK ===
[2026-06-15 07:27:54] === SCRAPE START ===
[2026-06-15 07:27:54] Fetching https://waitz.io/live/ucsd-rec
[2026-06-15 07:27:55] Saved 4 rows to ucsd_occupancy_history.csv
[2026-06-15 07:27:55] Main Gym Fitness Gym: 3% (Not Busy) people=2 capacity=72 is_open=True hour_summary=open
[2026-06-15 07:27:55] Outback Climbing Center: 4% (Closed) people=1 capacity=30 is_open=False hour_summary=Closed until 10:00am
[2026-06-15 07:27:55] RIMAC Fitness Gym: 10% (Not Busy) people=16 capacity=150 is_open=True hour_summary=open
[2026-06-15 07:27:55] Triton Esports Center: 0% (Closed) people=0 capacity=35 is_open=False hour_summary=Closed until 7:30am
[2026-06-15 07:27:55] === SCRAPE END OK ===
[2026-06-15 07:30:02] === SCRAPE START ===
[2026-06-15 07:30:02] Fetching https://waitz.io/live/ucsd-rec
[2026-06-15 07:30:02] Saved 4 rows to ucsd_occupancy_history.csv
[2026-06-15 07:30:02] Main Gym Fitness Gym: 3% (Not Busy) people=2 capacity=72 is_open=True hour_summary=open
[2026-06-15 07:30:02] Outback Climbing Center: 4% (Closed) people=1 capacity=30 is_open=False hour_summary=Closed until 10:00am
[2026-06-15 07:30:02] RIMAC Fitness Gym: 9% (Not Busy) people=14 capacity=150 is_open=True hour_summary=open
[2026-06-15 07:30:02] Triton Esports Center: 0% (Closed) people=0 capacity=35 is_open=False hour_summary=Closed until 7:30am
[2026-06-15 07:30:02] === SCRAPE END OK ===
[2026-06-15 07:42:54] === SCRAPE START ===
[2026-06-15 07:42:54] Fetching https://waitz.io/live/ucsd-rec
[2026-06-15 07:42:55] Saved 4 rows to ucsd_occupancy_history.csv
[2026-06-15 07:42:55] Main Gym Fitness Gym: 11% (Not Busy) people=8 capacity=72 is_open=True hour_summary=open
[2026-06-15 07:42:55] Outback Climbing Center: 5% (Closed) people=1 capacity=30 is_open=False hour_summary=Closed until 10:00am
[2026-06-15 07:42:55] RIMAC Fitness Gym: 10% (Not Busy) people=14 capacity=150 is_open=True hour_summary=open
[2026-06-15 07:42:55] Triton Esports Center: 0% (Not Busy) people=0 capacity=35 is_open=True hour_summary=open
[2026-06-15 07:42:55] === SCRAPE END OK ===
[2026-06-15 07:45:02] === SCRAPE START ===
[2026-06-15 07:45:02] Fetching https://waitz.io/live/ucsd-rec
[2026-06-15 07:45:03] Saved 4 rows to ucsd_occupancy_history.csv
[2026-06-15 07:45:03] Main Gym Fitness Gym: 14% (Not Busy) people=10 capacity=72 is_open=True hour_summary=open
[2026-06-15 07:45:03] Outback Climbing Center: 7% (Closed) people=2 capacity=30 is_open=False hour_summary=Closed until 10:00am
[2026-06-15 07:45:03] RIMAC Fitness Gym: 10% (Not Busy) people=15 capacity=150 is_open=True hour_summary=open
[2026-06-15 07:45:03] Triton Esports Center: 0% (Not Busy) people=0 capacity=35 is_open=True hour_summary=open
[2026-06-15 07:45:03] === SCRAPE END OK ===
[2026-06-15 07:57:54] === SCRAPE START ===
[2026-06-15 07:57:54] Fetching https://waitz.io/live/ucsd-rec
[2026-06-15 07:57:55] Saved 4 rows to ucsd_occupancy_history.csv
[2026-06-15 07:57:55] Main Gym Fitness Gym: 4% (Not Busy) people=3 capacity=72 is_open=True hour_summary=open
[2026-06-15 07:57:55] Outback Climbing Center: 9% (Closed) people=3 capacity=30 is_open=False hour_summary=Closed until 10:00am
[2026-06-15 07:57:55] RIMAC Fitness Gym: 10% (Not Busy) people=15 capacity=150 is_open=True hour_summary=open
[2026-06-15 07:57:55] Triton Esports Center: 0% (Not Busy) people=0 capacity=35 is_open=True hour_summary=open
[2026-06-15 07:57:55] === SCRAPE END OK ===
[2026-06-15 08:00:02] === SCRAPE START ===
[2026-06-15 08:00:02] Fetching https://waitz.io/live/ucsd-rec
[2026-06-15 08:00:04] Saved 4 rows to ucsd_occupancy_history.csv
[2026-06-15 08:00:04] Main Gym Fitness Gym: 8% (Not Busy) people=6 capacity=72 is_open=True hour_summary=open
[2026-06-15 08:00:04] Outback Climbing Center: 7% (Closed) people=2 capacity=30 is_open=False hour_summary=Closed until 10:00am
[2026-06-15 08:00:04] RIMAC Fitness Gym: 9% (Not Busy) people=13 capacity=150 is_open=True hour_summary=open
[2026-06-15 08:00:04] Triton Esports Center: 0% (Not Busy) people=0 capacity=35 is_open=True hour_summary=open
[2026-06-15 08:00:04] === SCRAPE END OK ===
[2026-06-15 08:12:54] === SCRAPE START ===
[2026-06-15 08:12:54] Fetching https://waitz.io/live/ucsd-rec
[2026-06-15 08:12:55] Saved 4 rows to ucsd_occupancy_history.csv
[2026-06-15 08:12:55] Main Gym Fitness Gym: 6% (Not Busy) people=4 capacity=72 is_open=True hour_summary=open
[2026-06-15 08:12:55] Outback Climbing Center: 10% (Closed) people=3 capacity=30 is_open=False hour_summary=Closed until 10:00am
[2026-06-15 08:12:55] RIMAC Fitness Gym: 8% (Not Busy) people=13 capacity=150 is_open=True hour_summary=open
[2026-06-15 08:12:55] Triton Esports Center: 0% (Not Busy) people=0 capacity=35 is_open=True hour_summary=open
[2026-06-15 08:12:55] === SCRAPE END OK ===
[2026-06-15 08:15:02] === SCRAPE START ===
[2026-06-15 08:15:02] Fetching https://waitz.io/live/ucsd-rec
[2026-06-15 08:15:04] Saved 4 rows to ucsd_occupancy_history.csv
[2026-06-15 08:15:04] Main Gym Fitness Gym: 3% (Not Busy) people=2 capacity=72 is_open=True hour_summary=open
[2026-06-15 08:15:04] Outback Climbing Center: 10% (Closed) people=3 capacity=30 is_open=False hour_summary=Closed until 10:00am
[2026-06-15 08:15:04] RIMAC Fitness Gym: 8% (Not Busy) people=12 capacity=150 is_open=True hour_summary=open
[2026-06-15 08:15:04] Triton Esports Center: 0% (Not Busy) people=0 capacity=35 is_open=True hour_summary=open
[2026-06-15 08:15:04] === SCRAPE END OK ===
[2026-06-15 08:27:54] === SCRAPE START ===
[2026-06-15 08:27:54] Fetching https://waitz.io/live/ucsd-rec
[2026-06-15 08:27:55] Saved 4 rows to ucsd_occupancy_history.csv
[2026-06-15 08:27:55] Main Gym Fitness Gym: 3% (Not Busy) people=2 capacity=72 is_open=True hour_summary=open
[2026-06-15 08:27:55] Outback Climbing Center: 4% (Closed) people=1 capacity=30 is_open=False hour_summary=Closed until 10:00am
[2026-06-15 08:27:55] RIMAC Fitness Gym: 7% (Not Busy) people=11 capacity=150 is_open=True hour_summary=open
[2026-06-15 08:27:55] Triton Esports Center: 0% (Not Busy) people=0 capacity=35 is_open=True hour_summary=open
[2026-06-15 08:27:55] === SCRAPE END OK ===
[2026-06-15 08:30:02] === SCRAPE START ===
[2026-06-15 08:30:02] Fetching https://waitz.io/live/ucsd-rec
[2026-06-15 08:30:04] Saved 4 rows to ucsd_occupancy_history.csv
[2026-06-15 08:30:04] Main Gym Fitness Gym: 5% (Not Busy) people=3 capacity=72 is_open=True hour_summary=open
[2026-06-15 08:30:04] Outback Climbing Center: 6% (Closed) people=2 capacity=30 is_open=False hour_summary=Closed until 10:00am
[2026-06-15 08:30:04] RIMAC Fitness Gym: 7% (Not Busy) people=10 capacity=150 is_open=True hour_summary=open
[2026-06-15 08:30:04] Triton Esports Center: 0% (Not Busy) people=0 capacity=35 is_open=True hour_summary=open
[2026-06-15 08:30:04] === SCRAPE END OK ===
[2026-06-15 08:42:54] === SCRAPE START ===
[2026-06-15 08:42:54] Fetching https://waitz.io/live/ucsd-rec
[2026-06-15 08:42:55] Saved 4 rows to ucsd_occupancy_history.csv
[2026-06-15 08:42:55] Main Gym Fitness Gym: 3% (Not Busy) people=2 capacity=72 is_open=True hour_summary=open
[2026-06-15 08:42:55] Outback Climbing Center: 8% (Closed) people=2 capacity=30 is_open=False hour_summary=Closed until 10:00am
[2026-06-15 08:42:55] RIMAC Fitness Gym: 9% (Not Busy) people=13 capacity=150 is_open=True hour_summary=open
[2026-06-15 08:42:55] Triton Esports Center: 0% (Not Busy) people=0 capacity=35 is_open=True hour_summary=open
[2026-06-15 08:42:55] === SCRAPE END OK ===
[2026-06-15 08:45:02] === SCRAPE START ===
[2026-06-15 08:45:02] Fetching https://waitz.io/live/ucsd-rec
[2026-06-15 08:45:03] Saved 4 rows to ucsd_occupancy_history.csv
[2026-06-15 08:45:03] Main Gym Fitness Gym: 2% (Not Busy) people=1 capacity=72 is_open=True hour_summary=open
[2026-06-15 08:45:03] Outback Climbing Center: 7% (Closed) people=2 capacity=30 is_open=False hour_summary=Closed until 10:00am
[2026-06-15 08:45:03] RIMAC Fitness Gym: 8% (Not Busy) people=12 capacity=150 is_open=True hour_summary=open
[2026-06-15 08:45:03] Triton Esports Center: 0% (Not Busy) people=0 capacity=35 is_open=True hour_summary=open
[2026-06-15 08:45:03] === SCRAPE END OK ===
[2026-06-15 08:57:54] === SCRAPE START ===
[2026-06-15 08:57:54] Fetching https://waitz.io/live/ucsd-rec
[2026-06-15 08:57:55] Saved 4 rows to ucsd_occupancy_history.csv
[2026-06-15 08:57:55] Main Gym Fitness Gym: 8% (Not Busy) people=5 capacity=72 is_open=True hour_summary=open
[2026-06-15 08:57:55] Outback Climbing Center: 11% (Closed) people=3 capacity=30 is_open=False hour_summary=Closed until 10:00am
[2026-06-15 08:57:55] RIMAC Fitness Gym: 6% (Not Busy) people=9 capacity=150 is_open=True hour_summary=open
[2026-06-15 08:57:55] Triton Esports Center: 0% (Not Busy) people=0 capacity=35 is_open=True hour_summary=open
[2026-06-15 08:57:55] === SCRAPE END OK ===
[2026-06-15 09:00:02] === SCRAPE START ===
[2026-06-15 09:00:02] Fetching https://waitz.io/live/ucsd-rec
[2026-06-15 09:00:04] Saved 4 rows to ucsd_occupancy_history.csv
[2026-06-15 09:00:04] Main Gym Fitness Gym: 8% (Not Busy) people=6 capacity=72 is_open=True hour_summary=open
[2026-06-15 09:00:04] Outback Climbing Center: 12% (Closed) people=4 capacity=30 is_open=False hour_summary=Closed until 10:00am
[2026-06-15 09:00:04] RIMAC Fitness Gym: 8% (Not Busy) people=11 capacity=150 is_open=True hour_summary=open
[2026-06-15 09:00:04] Triton Esports Center: 0% (Not Busy) people=0 capacity=35 is_open=True hour_summary=open
[2026-06-15 09:00:04] === SCRAPE END OK ===
[2026-06-15 09:12:54] === SCRAPE START ===
[2026-06-15 09:12:54] Fetching https://waitz.io/live/ucsd-rec
[2026-06-15 09:12:55] Saved 4 rows to ucsd_occupancy_history.csv
[2026-06-15 09:12:55] Main Gym Fitness Gym: 24% (Not Busy) people=18 capacity=72 is_open=True hour_summary=open
[2026-06-15 09:12:55] Outback Climbing Center: 8% (Closed) people=3 capacity=30 is_open=False hour_summary=Closed until 10:00am
[2026-06-15 09:12:55] RIMAC Fitness Gym: 10% (Not Busy) people=15 capacity=150 is_open=True hour_summary=open
[2026-06-15 09:12:55] Triton Esports Center: 0% (Not Busy) people=0 capacity=35 is_open=True hour_summary=open
[2026-06-15 09:12:55] === SCRAPE END OK ===
[2026-06-15 09:15:02] === SCRAPE START ===
[2026-06-15 09:15:02] Fetching https://waitz.io/live/ucsd-rec
[2026-06-15 09:15:03] Saved 4 rows to ucsd_occupancy_history.csv
[2026-06-15 09:15:03] Main Gym Fitness Gym: 43% (Not Busy) people=31 capacity=72 is_open=True hour_summary=open
[2026-06-15 09:15:03] Outback Climbing Center: 9% (Closed) people=3 capacity=30 is_open=False hour_summary=Closed until 10:00am
[2026-06-15 09:15:03] RIMAC Fitness Gym: 10% (Not Busy) people=15 capacity=150 is_open=True hour_summary=open
[2026-06-15 09:15:03] Triton Esports Center: 0% (Not Busy) people=0 capacity=35 is_open=True hour_summary=open
[2026-06-15 09:15:03] === SCRAPE END OK ===
[2026-06-15 09:27:54] === SCRAPE START ===
[2026-06-15 09:27:54] Fetching https://waitz.io/live/ucsd-rec
[2026-06-15 09:27:55] Saved 4 rows to ucsd_occupancy_history.csv
[2026-06-15 09:27:55] Main Gym Fitness Gym: 33% (Not Busy) people=24 capacity=72 is_open=True hour_summary=open
[2026-06-15 09:27:55] Outback Climbing Center: 12% (Closed) people=4 capacity=30 is_open=False hour_summary=Closed until 10:00am
[2026-06-15 09:27:55] RIMAC Fitness Gym: 12% (Not Busy) people=18 capacity=150 is_open=True hour_summary=open
[2026-06-15 09:27:55] Triton Esports Center: 0% (Not Busy) people=0 capacity=35 is_open=True hour_summary=open
[2026-06-15 09:27:55] === SCRAPE END OK ===
[2026-06-15 09:30:02] === SCRAPE START ===
[2026-06-15 09:30:02] Fetching https://waitz.io/live/ucsd-rec
[2026-06-15 09:30:04] Saved 4 rows to ucsd_occupancy_history.csv
[2026-06-15 09:30:04] Main Gym Fitness Gym: 27% (Not Busy) people=19 capacity=72 is_open=True hour_summary=open
[2026-06-15 09:30:04] Outback Climbing Center: 7% (Closed) people=2 capacity=30 is_open=False hour_summary=Closed until 10:00am
[2026-06-15 09:30:04] RIMAC Fitness Gym: 11% (Not Busy) people=17 capacity=150 is_open=True hour_summary=open
[2026-06-15 09:30:04] Triton Esports Center: 0% (Not Busy) people=0 capacity=35 is_open=True hour_summary=open
[2026-06-15 09:30:04] === SCRAPE END OK ===
[2026-06-15 09:42:54] === SCRAPE START ===
[2026-06-15 09:42:54] Fetching https://waitz.io/live/ucsd-rec
[2026-06-15 09:42:55] Saved 4 rows to ucsd_occupancy_history.csv
[2026-06-15 09:42:55] Main Gym Fitness Gym: 39% (Not Busy) people=28 capacity=72 is_open=True hour_summary=open
[2026-06-15 09:42:55] Outback Climbing Center: 10% (Closed) people=3 capacity=30 is_open=False hour_summary=Closed until 10:00am
[2026-06-15 09:42:55] RIMAC Fitness Gym: 10% (Not Busy) people=15 capacity=150 is_open=True hour_summary=open
[2026-06-15 09:42:55] Triton Esports Center: 0% (Not Busy) people=0 capacity=35 is_open=True hour_summary=open
[2026-06-15 09:42:55] === SCRAPE END OK ===
[2026-06-15 09:45:02] === SCRAPE START ===
[2026-06-15 09:45:02] Fetching https://waitz.io/live/ucsd-rec
[2026-06-15 09:45:03] Saved 4 rows to ucsd_occupancy_history.csv
[2026-06-15 09:45:03] Main Gym Fitness Gym: 50% (Busy) people=36 capacity=72 is_open=True hour_summary=open
[2026-06-15 09:45:03] Outback Climbing Center: 8% (Closed) people=2 capacity=30 is_open=False hour_summary=Closed until 10:00am
[2026-06-15 09:45:03] RIMAC Fitness Gym: 10% (Not Busy) people=15 capacity=150 is_open=True hour_summary=open
[2026-06-15 09:45:03] Triton Esports Center: 0% (Not Busy) people=0 capacity=35 is_open=True hour_summary=open
[2026-06-15 09:45:03] === SCRAPE END OK ===
[2026-06-15 09:57:54] === SCRAPE START ===
[2026-06-15 09:57:54] Fetching https://waitz.io/live/ucsd-rec
[2026-06-15 09:57:55] Saved 4 rows to ucsd_occupancy_history.csv
[2026-06-15 09:57:55] Main Gym Fitness Gym: 22% (Not Busy) people=16 capacity=72 is_open=True hour_summary=open
[2026-06-15 09:57:55] Outback Climbing Center: 7% (Closed) people=2 capacity=30 is_open=False hour_summary=Closed until 10:00am
[2026-06-15 09:57:55] RIMAC Fitness Gym: 11% (Not Busy) people=17 capacity=150 is_open=True hour_summary=open
[2026-06-15 09:57:55] Triton Esports Center: 0% (Not Busy) people=0 capacity=35 is_open=True hour_summary=open
[2026-06-15 09:57:55] === SCRAPE END OK ===
[2026-06-15 10:00:02] === SCRAPE START ===
[2026-06-15 10:00:02] Fetching https://waitz.io/live/ucsd-rec
[2026-06-15 10:00:04] Saved 4 rows to ucsd_occupancy_history.csv
[2026-06-15 10:00:04] Main Gym Fitness Gym: 21% (Not Busy) people=15 capacity=72 is_open=True hour_summary=open
[2026-06-15 10:00:04] Outback Climbing Center: 7% (Not Busy) people=2 capacity=30 is_open=True hour_summary=open
[2026-06-15 10:00:04] RIMAC Fitness Gym: 10% (Not Busy) people=15 capacity=150 is_open=True hour_summary=open
[2026-06-15 10:00:04] Triton Esports Center: 1% (Not Busy) people=0 capacity=35 is_open=True hour_summary=open
[2026-06-15 10:00:04] === SCRAPE END OK ===
[2026-06-15 10:12:54] === SCRAPE START ===
[2026-06-15 10:12:54] Fetching https://waitz.io/live/ucsd-rec
[2026-06-15 10:12:55] Saved 4 rows to ucsd_occupancy_history.csv
[2026-06-15 10:12:55] Main Gym Fitness Gym: 25% (Not Busy) people=18 capacity=72 is_open=True hour_summary=open
[2026-06-15 10:12:55] Outback Climbing Center: 4% (Not Busy) people=1 capacity=30 is_open=True hour_summary=open
[2026-06-15 10:12:55] RIMAC Fitness Gym: 16% (Not Busy) people=25 capacity=150 is_open=True hour_summary=open
[2026-06-15 10:12:55] Triton Esports Center: 0% (Not Busy) people=0 capacity=35 is_open=True hour_summary=open
[2026-06-15 10:12:55] === SCRAPE END OK ===
[2026-06-15 10:15:02] === SCRAPE START ===
[2026-06-15 10:15:02] Fetching https://waitz.io/live/ucsd-rec
[2026-06-15 10:15:03] Saved 4 rows to ucsd_occupancy_history.csv
[2026-06-15 10:15:03] Main Gym Fitness Gym: 24% (Not Busy) people=17 capacity=72 is_open=True hour_summary=open
[2026-06-15 10:15:03] Outback Climbing Center: 6% (Not Busy) people=2 capacity=30 is_open=True hour_summary=open
[2026-06-15 10:15:03] RIMAC Fitness Gym: 16% (Not Busy) people=24 capacity=150 is_open=True hour_summary=open
[2026-06-15 10:15:03] Triton Esports Center: 0% (Not Busy) people=0 capacity=35 is_open=True hour_summary=open
[2026-06-15 10:15:03] === SCRAPE END OK ===
[2026-06-15 10:27:54] === SCRAPE START ===
[2026-06-15 10:27:54] Fetching https://waitz.io/live/ucsd-rec
[2026-06-15 10:27:55] Saved 4 rows to ucsd_occupancy_history.csv
[2026-06-15 10:27:55] Main Gym Fitness Gym: 22% (Not Busy) people=16 capacity=72 is_open=True hour_summary=open
[2026-06-15 10:27:55] Outback Climbing Center: 8% (Not Busy) people=2 capacity=30 is_open=True hour_summary=open
[2026-06-15 10:27:55] RIMAC Fitness Gym: 10% (Not Busy) people=14 capacity=150 is_open=True hour_summary=open
[2026-06-15 10:27:55] Triton Esports Center: 0% (Not Busy) people=0 capacity=35 is_open=True hour_summary=open
[2026-06-15 10:27:55] === SCRAPE END OK ===
[2026-06-15 10:30:02] === SCRAPE START ===
[2026-06-15 10:30:02] Fetching https://waitz.io/live/ucsd-rec
[2026-06-15 10:30:04] Saved 4 rows to ucsd_occupancy_history.csv
[2026-06-15 10:30:04] Main Gym Fitness Gym: 22% (Not Busy) people=16 capacity=72 is_open=True hour_summary=open
[2026-06-15 10:30:04] Outback Climbing Center: 7% (Not Busy) people=2 capacity=30 is_open=True hour_summary=open
[2026-06-15 10:30:04] RIMAC Fitness Gym: 9% (Not Busy) people=14 capacity=150 is_open=True hour_summary=open
[2026-06-15 10:30:04] Triton Esports Center: 0% (Not Busy) people=0 capacity=35 is_open=True hour_summary=open
[2026-06-15 10:30:04] === SCRAPE END OK ===
[2026-06-15 10:42:54] === SCRAPE START ===
[2026-06-15 10:42:54] Fetching https://waitz.io/live/ucsd-rec
[2026-06-15 10:42:55] Saved 4 rows to ucsd_occupancy_history.csv
[2026-06-15 10:42:55] Main Gym Fitness Gym: 21% (Not Busy) people=15 capacity=72 is_open=True hour_summary=open
[2026-06-15 10:42:55] Outback Climbing Center: 8% (Not Busy) people=2 capacity=30 is_open=True hour_summary=open
[2026-06-15 10:42:55] RIMAC Fitness Gym: 12% (Not Busy) people=18 capacity=150 is_open=True hour_summary=open
[2026-06-15 10:42:55] Triton Esports Center: 0% (Not Busy) people=0 capacity=35 is_open=True hour_summary=open
[2026-06-15 10:42:55] === SCRAPE END OK ===
[2026-06-15 10:45:02] === SCRAPE START ===
[2026-06-15 10:45:02] Fetching https://waitz.io/live/ucsd-rec
[2026-06-15 10:45:03] Saved 4 rows to ucsd_occupancy_history.csv
[2026-06-15 10:45:03] Main Gym Fitness Gym: 20% (Not Busy) people=14 capacity=72 is_open=True hour_summary=open
[2026-06-15 10:45:03] Outback Climbing Center: 8% (Not Busy) people=2 capacity=30 is_open=True hour_summary=open
[2026-06-15 10:45:03] RIMAC Fitness Gym: 10% (Not Busy) people=16 capacity=150 is_open=True hour_summary=open
[2026-06-15 10:45:03] Triton Esports Center: 0% (Not Busy) people=0 capacity=35 is_open=True hour_summary=open
[2026-06-15 10:45:03] === SCRAPE END OK ===
[2026-06-15 10:57:54] === SCRAPE START ===
[2026-06-15 10:57:54] Fetching https://waitz.io/live/ucsd-rec
[2026-06-15 10:57:55] Saved 4 rows to ucsd_occupancy_history.csv
[2026-06-15 10:57:55] Main Gym Fitness Gym: 20% (Not Busy) people=14 capacity=72 is_open=True hour_summary=open
[2026-06-15 10:57:55] Outback Climbing Center: 7% (Not Busy) people=2 capacity=30 is_open=True hour_summary=open
[2026-06-15 10:57:55] RIMAC Fitness Gym: 13% (Not Busy) people=20 capacity=150 is_open=True hour_summary=open
[2026-06-15 10:57:55] Triton Esports Center: 0% (Not Busy) people=0 capacity=35 is_open=True hour_summary=open
[2026-06-15 10:57:55] === SCRAPE END OK ===
[2026-06-15 11:00:02] === SCRAPE START ===
[2026-06-15 11:00:02] Fetching https://waitz.io/live/ucsd-rec
[2026-06-15 11:00:04] Saved 4 rows to ucsd_occupancy_history.csv
[2026-06-15 11:00:04] Main Gym Fitness Gym: 17% (Not Busy) people=12 capacity=72 is_open=True hour_summary=open
[2026-06-15 11:00:04] Outback Climbing Center: 5% (Not Busy) people=2 capacity=30 is_open=True hour_summary=open
[2026-06-15 11:00:04] RIMAC Fitness Gym: 14% (Not Busy) people=21 capacity=150 is_open=True hour_summary=open
[2026-06-15 11:00:04] Triton Esports Center: 0% (Not Busy) people=0 capacity=35 is_open=True hour_summary=open
[2026-06-15 11:00:04] === SCRAPE END OK ===
[2026-06-15 11:12:54] === SCRAPE START ===
[2026-06-15 11:12:54] Fetching https://waitz.io/live/ucsd-rec
[2026-06-15 11:12:55] Saved 4 rows to ucsd_occupancy_history.csv
[2026-06-15 11:12:55] Main Gym Fitness Gym: 5% (Not Busy) people=3 capacity=72 is_open=True hour_summary=open
[2026-06-15 11:12:55] Outback Climbing Center: 9% (Not Busy) people=3 capacity=30 is_open=True hour_summary=open
[2026-06-15 11:12:55] RIMAC Fitness Gym: 14% (Not Busy) people=21 capacity=150 is_open=True hour_summary=open
[2026-06-15 11:12:55] Triton Esports Center: 0% (Not Busy) people=0 capacity=35 is_open=True hour_summary=open
[2026-06-15 11:12:55] === SCRAPE END OK ===
[2026-06-15 11:15:02] === SCRAPE START ===
[2026-06-15 11:15:02] Fetching https://waitz.io/live/ucsd-rec
[2026-06-15 11:15:03] Saved 4 rows to ucsd_occupancy_history.csv
[2026-06-15 11:15:03] Main Gym Fitness Gym: 6% (Not Busy) people=4 capacity=72 is_open=True hour_summary=open
[2026-06-15 11:15:03] Outback Climbing Center: 7% (Not Busy) people=2 capacity=30 is_open=True hour_summary=open
[2026-06-15 11:15:03] RIMAC Fitness Gym: 15% (Not Busy) people=23 capacity=150 is_open=True hour_summary=open
[2026-06-15 11:15:03] Triton Esports Center: 0% (Not Busy) people=0 capacity=35 is_open=True hour_summary=open
[2026-06-15 11:15:03] === SCRAPE END OK ===
[2026-06-15 11:27:54] === SCRAPE START ===
[2026-06-15 11:27:54] Fetching https://waitz.io/live/ucsd-rec
[2026-06-15 11:27:55] Saved 4 rows to ucsd_occupancy_history.csv
[2026-06-15 11:27:55] Main Gym Fitness Gym: 6% (Not Busy) people=4 capacity=72 is_open=True hour_summary=open
[2026-06-15 11:27:55] Outback Climbing Center: 8% (Not Busy) people=3 capacity=30 is_open=True hour_summary=open
[2026-06-15 11:27:55] RIMAC Fitness Gym: 12% (Not Busy) people=18 capacity=150 is_open=True hour_summary=open
[2026-06-15 11:27:55] Triton Esports Center: 0% (Not Busy) people=0 capacity=35 is_open=True hour_summary=open
[2026-06-15 11:27:55] === SCRAPE END OK ===
[2026-06-15 11:30:02] === SCRAPE START ===
[2026-06-15 11:30:02] Fetching https://waitz.io/live/ucsd-rec
[2026-06-15 11:30:04] Saved 4 rows to ucsd_occupancy_history.csv
[2026-06-15 11:30:04] Main Gym Fitness Gym: 8% (Not Busy) people=6 capacity=72 is_open=True hour_summary=open
[2026-06-15 11:30:04] Outback Climbing Center: 10% (Not Busy) people=3 capacity=30 is_open=True hour_summary=open
[2026-06-15 11:30:04] RIMAC Fitness Gym: 11% (Not Busy) people=16 capacity=150 is_open=True hour_summary=open
[2026-06-15 11:30:04] Triton Esports Center: 0% (Not Busy) people=0 capacity=35 is_open=True hour_summary=open
[2026-06-15 11:30:04] === SCRAPE END OK ===
[2026-06-15 11:42:55] === SCRAPE START ===
[2026-06-15 11:42:55] Fetching https://waitz.io/live/ucsd-rec
[2026-06-15 11:42:56] Saved 4 rows to ucsd_occupancy_history.csv
[2026-06-15 11:42:56] Main Gym Fitness Gym: 13% (Not Busy) people=10 capacity=72 is_open=True hour_summary=open
[2026-06-15 11:42:56] Outback Climbing Center: 7% (Not Busy) people=2 capacity=30 is_open=True hour_summary=open
[2026-06-15 11:42:56] RIMAC Fitness Gym: 11% (Not Busy) people=17 capacity=150 is_open=True hour_summary=open
[2026-06-15 11:42:56] Triton Esports Center: 0% (Not Busy) people=0 capacity=35 is_open=True hour_summary=open
[2026-06-15 11:42:56] === SCRAPE END OK ===
[2026-06-15 11:45:02] === SCRAPE START ===
[2026-06-15 11:45:02] Fetching https://waitz.io/live/ucsd-rec
[2026-06-15 11:45:03] Saved 4 rows to ucsd_occupancy_history.csv
[2026-06-15 11:45:03] Main Gym Fitness Gym: 14% (Not Busy) people=10 capacity=72 is_open=True hour_summary=open
[2026-06-15 11:45:03] Outback Climbing Center: 8% (Not Busy) people=2 capacity=30 is_open=True hour_summary=open
[2026-06-15 11:45:03] RIMAC Fitness Gym: 12% (Not Busy) people=18 capacity=150 is_open=True hour_summary=open
[2026-06-15 11:45:03] Triton Esports Center: 0% (Not Busy) people=0 capacity=35 is_open=True hour_summary=open
[2026-06-15 11:45:03] === SCRAPE END OK ===
[2026-06-15 11:57:54] === SCRAPE START ===
[2026-06-15 11:57:54] Fetching https://waitz.io/live/ucsd-rec
[2026-06-15 11:57:55] Saved 4 rows to ucsd_occupancy_history.csv
[2026-06-15 11:57:55] Main Gym Fitness Gym: 11% (Not Busy) people=8 capacity=72 is_open=True hour_summary=open
[2026-06-15 11:57:55] Outback Climbing Center: 8% (Not Busy) people=2 capacity=30 is_open=True hour_summary=open
[2026-06-15 11:57:55] RIMAC Fitness Gym: 11% (Not Busy) people=16 capacity=150 is_open=True hour_summary=open
[2026-06-15 11:57:55] Triton Esports Center: 0% (Not Busy) people=0 capacity=35 is_open=True hour_summary=open
[2026-06-15 11:57:55] === SCRAPE END OK ===
[2026-06-15 12:00:02] === SCRAPE START ===
[2026-06-15 12:00:02] Fetching https://waitz.io/live/ucsd-rec
[2026-06-15 12:00:04] Saved 4 rows to ucsd_occupancy_history.csv
[2026-06-15 12:00:04] Main Gym Fitness Gym: 10% (Not Busy) people=7 capacity=72 is_open=True hour_summary=open
[2026-06-15 12:00:04] Outback Climbing Center: 9% (Not Busy) people=3 capacity=30 is_open=True hour_summary=open
[2026-06-15 12:00:04] RIMAC Fitness Gym: 9% (Not Busy) people=13 capacity=150 is_open=True hour_summary=open
[2026-06-15 12:00:04] Triton Esports Center: 0% (Not Busy) people=0 capacity=35 is_open=True hour_summary=open
[2026-06-15 12:00:04] === SCRAPE END OK ===
[2026-06-15 12:12:54] === SCRAPE START ===
[2026-06-15 12:12:54] Fetching https://waitz.io/live/ucsd-rec
[2026-06-15 12:12:55] Saved 4 rows to ucsd_occupancy_history.csv
[2026-06-15 12:12:55] Main Gym Fitness Gym: 13% (Not Busy) people=9 capacity=72 is_open=True hour_summary=open
[2026-06-15 12:12:55] Outback Climbing Center: 6% (Not Busy) people=2 capacity=30 is_open=True hour_summary=open
[2026-06-15 12:12:55] RIMAC Fitness Gym: 10% (Not Busy) people=15 capacity=150 is_open=True hour_summary=open
[2026-06-15 12:12:55] Triton Esports Center: 0% (Not Busy) people=0 capacity=35 is_open=True hour_summary=open
[2026-06-15 12:12:55] === SCRAPE END OK ===
