[2026-05-19 00:00:01] === SCRAPE START ===
[2026-05-19 00:00:01] Fetching https://waitz.io/live/ucsd-rec
[2026-05-19 00:00:03] Saved 4 rows to ucsd_occupancy_history.csv
[2026-05-19 00:00:03] Main Gym Fitness Gym: 1% (Closed) people=1 capacity=72 is_open=False hour_summary=Closed until 6:00am
[2026-05-19 00:00:03] Outback Climbing Center: 0% (Closed) people=0 capacity=30 is_open=False hour_summary=Closed until 10:00am
[2026-05-19 00:00:03] RIMAC Fitness Gym: 0% (Closed) people=0 capacity=150 is_open=False hour_summary=Closed until 6:00am
[2026-05-19 00:00:03] Triton Esports Center: 0% (Closed) people=0 capacity=35 is_open=False hour_summary=Closed until 7:30am
[2026-05-19 00:00:03] === SCRAPE END OK ===
[2026-05-19 00:15:02] === SCRAPE START ===
[2026-05-19 00:15:02] Fetching https://waitz.io/live/ucsd-rec
[2026-05-19 00:15:03] Saved 4 rows to ucsd_occupancy_history.csv
[2026-05-19 00:15:03] Main Gym Fitness Gym: 2% (Closed) people=1 capacity=72 is_open=False hour_summary=Closed until 6:00am
[2026-05-19 00:15:03] Outback Climbing Center: 0% (Closed) people=0 capacity=30 is_open=False hour_summary=Closed until 10:00am
[2026-05-19 00:15:03] RIMAC Fitness Gym: 0% (Closed) people=0 capacity=150 is_open=False hour_summary=Closed until 6:00am
[2026-05-19 00:15:03] Triton Esports Center: 0% (Closed) people=0 capacity=35 is_open=False hour_summary=Closed until 7:30am
[2026-05-19 00:15:03] === SCRAPE END OK ===
[2026-05-19 00:30:02] === SCRAPE START ===
[2026-05-19 00:30:02] Fetching https://waitz.io/live/ucsd-rec
[2026-05-19 00:30:03] Saved 4 rows to ucsd_occupancy_history.csv
[2026-05-19 00:30:03] Main Gym Fitness Gym: 1% (Closed) people=1 capacity=72 is_open=False hour_summary=Closed until 6:00am
[2026-05-19 00:30:03] Outback Climbing Center: 0% (Closed) people=0 capacity=30 is_open=False hour_summary=Closed until 10:00am
[2026-05-19 00:30:03] RIMAC Fitness Gym: 0% (Closed) people=0 capacity=150 is_open=False hour_summary=Closed until 6:00am
[2026-05-19 00:30:03] Triton Esports Center: 0% (Closed) people=0 capacity=35 is_open=False hour_summary=Closed until 7:30am
[2026-05-19 00:30:03] === SCRAPE END OK ===
[2026-05-19 00:45:02] === SCRAPE START ===
[2026-05-19 00:45:02] Fetching https://waitz.io/live/ucsd-rec
[2026-05-19 00:45:03] Saved 4 rows to ucsd_occupancy_history.csv
[2026-05-19 00:45:03] Main Gym Fitness Gym: 4% (Closed) people=3 capacity=72 is_open=False hour_summary=Closed until 6:00am
[2026-05-19 00:45:03] Outback Climbing Center: 0% (Closed) people=0 capacity=30 is_open=False hour_summary=Closed until 10:00am
[2026-05-19 00:45:03] RIMAC Fitness Gym: 0% (Closed) people=1 capacity=150 is_open=False hour_summary=Closed until 6:00am
[2026-05-19 00:45:03] Triton Esports Center: 0% (Closed) people=0 capacity=35 is_open=False hour_summary=Closed until 7:30am
[2026-05-19 00:45:03] === SCRAPE END OK ===
[2026-05-19 01:00:02] === SCRAPE START ===
[2026-05-19 01:00:02] Fetching https://waitz.io/live/ucsd-rec
[2026-05-19 01:00:04] Saved 4 rows to ucsd_occupancy_history.csv
[2026-05-19 01:00:04] Main Gym Fitness Gym: 1% (Closed) people=1 capacity=72 is_open=False hour_summary=Closed until 6:00am
[2026-05-19 01:00:04] Outback Climbing Center: 0% (Closed) people=0 capacity=30 is_open=False hour_summary=Closed until 10:00am
[2026-05-19 01:00:04] RIMAC Fitness Gym: 0% (Closed) people=0 capacity=150 is_open=False hour_summary=Closed until 6:00am
[2026-05-19 01:00:04] Triton Esports Center: 0% (Closed) people=0 capacity=35 is_open=False hour_summary=Closed until 7:30am
[2026-05-19 01:00:04] === SCRAPE END OK ===
[2026-05-19 01:15:02] === SCRAPE START ===
[2026-05-19 01:15:02] Fetching https://waitz.io/live/ucsd-rec
[2026-05-19 01:15:03] Saved 4 rows to ucsd_occupancy_history.csv
[2026-05-19 01:15:03] Main Gym Fitness Gym: 1% (Closed) people=1 capacity=72 is_open=False hour_summary=Closed until 6:00am
[2026-05-19 01:15:03] Outback Climbing Center: 0% (Closed) people=0 capacity=30 is_open=False hour_summary=Closed until 10:00am
[2026-05-19 01:15:03] RIMAC Fitness Gym: 0% (Closed) people=0 capacity=150 is_open=False hour_summary=Closed until 6:00am
[2026-05-19 01:15:03] Triton Esports Center: 0% (Closed) people=0 capacity=35 is_open=False hour_summary=Closed until 7:30am
[2026-05-19 01:15:03] === SCRAPE END OK ===
[2026-05-19 01:30:02] === SCRAPE START ===
[2026-05-19 01:30:02] Fetching https://waitz.io/live/ucsd-rec
[2026-05-19 01:30:03] Saved 4 rows to ucsd_occupancy_history.csv
[2026-05-19 01:30:03] Main Gym Fitness Gym: 2% (Closed) people=1 capacity=72 is_open=False hour_summary=Closed until 6:00am
[2026-05-19 01:30:03] Outback Climbing Center: 0% (Closed) people=0 capacity=30 is_open=False hour_summary=Closed until 10:00am
[2026-05-19 01:30:03] RIMAC Fitness Gym: 0% (Closed) people=0 capacity=150 is_open=False hour_summary=Closed until 6:00am
[2026-05-19 01:30:03] Triton Esports Center: 0% (Closed) people=0 capacity=35 is_open=False hour_summary=Closed until 7:30am
[2026-05-19 01:30:03] === SCRAPE END OK ===
[2026-05-19 01:45:02] === SCRAPE START ===
[2026-05-19 01:45:02] Fetching https://waitz.io/live/ucsd-rec
[2026-05-19 01:45:03] Saved 4 rows to ucsd_occupancy_history.csv
[2026-05-19 01:45:03] Main Gym Fitness Gym: 1% (Closed) people=1 capacity=72 is_open=False hour_summary=Closed until 6:00am
[2026-05-19 01:45:03] Outback Climbing Center: 0% (Closed) people=0 capacity=30 is_open=False hour_summary=Closed until 10:00am
[2026-05-19 01:45:03] RIMAC Fitness Gym: 1% (Closed) people=1 capacity=150 is_open=False hour_summary=Closed until 6:00am
[2026-05-19 01:45:03] Triton Esports Center: 0% (Closed) people=0 capacity=35 is_open=False hour_summary=Closed until 7:30am
[2026-05-19 01:45:03] === SCRAPE END OK ===
[2026-05-19 02:00:02] === SCRAPE START ===
[2026-05-19 02:00:02] Fetching https://waitz.io/live/ucsd-rec
[2026-05-19 02:00:04] Saved 4 rows to ucsd_occupancy_history.csv
[2026-05-19 02:00:04] Main Gym Fitness Gym: 1% (Closed) people=1 capacity=72 is_open=False hour_summary=Closed until 6:00am
[2026-05-19 02:00:04] Outback Climbing Center: 0% (Closed) people=0 capacity=30 is_open=False hour_summary=Closed until 10:00am
[2026-05-19 02:00:04] RIMAC Fitness Gym: 1% (Closed) people=2 capacity=150 is_open=False hour_summary=Closed until 6:00am
[2026-05-19 02:00:04] Triton Esports Center: 0% (Closed) people=0 capacity=35 is_open=False hour_summary=Closed until 7:30am
[2026-05-19 02:00:04] === SCRAPE END OK ===
[2026-05-19 02:15:02] === SCRAPE START ===
[2026-05-19 02:15:02] Fetching https://waitz.io/live/ucsd-rec
[2026-05-19 02:15:03] Saved 4 rows to ucsd_occupancy_history.csv
[2026-05-19 02:15:03] Main Gym Fitness Gym: 2% (Closed) people=1 capacity=72 is_open=False hour_summary=Closed until 6:00am
[2026-05-19 02:15:03] Outback Climbing Center: 0% (Closed) people=0 capacity=30 is_open=False hour_summary=Closed until 10:00am
[2026-05-19 02:15:03] RIMAC Fitness Gym: 0% (Closed) people=1 capacity=150 is_open=False hour_summary=Closed until 6:00am
[2026-05-19 02:15:03] Triton Esports Center: 0% (Closed) people=0 capacity=35 is_open=False hour_summary=Closed until 7:30am
[2026-05-19 02:15:03] === SCRAPE END OK ===
[2026-05-19 02:30:02] === SCRAPE START ===
[2026-05-19 02:30:02] Fetching https://waitz.io/live/ucsd-rec
[2026-05-19 02:30:03] Saved 4 rows to ucsd_occupancy_history.csv
[2026-05-19 02:30:03] Main Gym Fitness Gym: 1% (Closed) people=1 capacity=72 is_open=False hour_summary=Closed until 6:00am
[2026-05-19 02:30:03] Outback Climbing Center: 0% (Closed) people=0 capacity=30 is_open=False hour_summary=Closed until 10:00am
[2026-05-19 02:30:03] RIMAC Fitness Gym: 0% (Closed) people=0 capacity=150 is_open=False hour_summary=Closed until 6:00am
[2026-05-19 02:30:03] Triton Esports Center: 0% (Closed) people=0 capacity=35 is_open=False hour_summary=Closed until 7:30am
[2026-05-19 02:30:03] === SCRAPE END OK ===
[2026-05-19 02:45:03] === SCRAPE START ===
[2026-05-19 02:45:03] Fetching https://waitz.io/live/ucsd-rec
[2026-05-19 02:45:04] Saved 4 rows to ucsd_occupancy_history.csv
[2026-05-19 02:45:04] Main Gym Fitness Gym: 1% (Closed) people=1 capacity=72 is_open=False hour_summary=Closed until 6:00am
[2026-05-19 02:45:04] Outback Climbing Center: 0% (Closed) people=0 capacity=30 is_open=False hour_summary=Closed until 10:00am
[2026-05-19 02:45:04] RIMAC Fitness Gym: 0% (Closed) people=0 capacity=150 is_open=False hour_summary=Closed until 6:00am
[2026-05-19 02:45:04] Triton Esports Center: 0% (Closed) people=0 capacity=35 is_open=False hour_summary=Closed until 7:30am
[2026-05-19 02:45:04] === SCRAPE END OK ===
[2026-05-19 03:00:02] === SCRAPE START ===
[2026-05-19 03:00:02] Fetching https://waitz.io/live/ucsd-rec
[2026-05-19 03:00:04] Saved 4 rows to ucsd_occupancy_history.csv
[2026-05-19 03:00:04] Main Gym Fitness Gym: 3% (Closed) people=2 capacity=72 is_open=False hour_summary=Closed until 6:00am
[2026-05-19 03:00:04] Outback Climbing Center: 0% (Closed) people=0 capacity=30 is_open=False hour_summary=Closed until 10:00am
[2026-05-19 03:00:04] RIMAC Fitness Gym: 0% (Closed) people=0 capacity=150 is_open=False hour_summary=Closed until 6:00am
[2026-05-19 03:00:04] Triton Esports Center: 0% (Closed) people=0 capacity=35 is_open=False hour_summary=Closed until 7:30am
[2026-05-19 03:00:04] === SCRAPE END OK ===
[2026-05-19 03:15:02] === SCRAPE START ===
[2026-05-19 03:15:02] Fetching https://waitz.io/live/ucsd-rec
[2026-05-19 03:15:03] Saved 4 rows to ucsd_occupancy_history.csv
[2026-05-19 03:15:03] Main Gym Fitness Gym: 1% (Closed) people=1 capacity=72 is_open=False hour_summary=Closed until 6:00am
[2026-05-19 03:15:03] Outback Climbing Center: 0% (Closed) people=0 capacity=30 is_open=False hour_summary=Closed until 10:00am
[2026-05-19 03:15:03] RIMAC Fitness Gym: 0% (Closed) people=0 capacity=150 is_open=False hour_summary=Closed until 6:00am
[2026-05-19 03:15:03] Triton Esports Center: 0% (Closed) people=0 capacity=35 is_open=False hour_summary=Closed until 7:30am
[2026-05-19 03:15:03] === SCRAPE END OK ===
[2026-05-19 03:30:02] === SCRAPE START ===
[2026-05-19 03:30:02] Fetching https://waitz.io/live/ucsd-rec
[2026-05-19 03:30:03] Saved 4 rows to ucsd_occupancy_history.csv
[2026-05-19 03:30:03] Main Gym Fitness Gym: 1% (Closed) people=1 capacity=72 is_open=False hour_summary=Closed until 6:00am
[2026-05-19 03:30:03] Outback Climbing Center: 0% (Closed) people=0 capacity=30 is_open=False hour_summary=Closed until 10:00am
[2026-05-19 03:30:03] RIMAC Fitness Gym: 0% (Closed) people=0 capacity=150 is_open=False hour_summary=Closed until 6:00am
[2026-05-19 03:30:03] Triton Esports Center: 0% (Closed) people=0 capacity=35 is_open=False hour_summary=Closed until 7:30am
[2026-05-19 03:30:03] === SCRAPE END OK ===
[2026-05-19 03:45:02] === SCRAPE START ===
[2026-05-19 03:45:02] Fetching https://waitz.io/live/ucsd-rec
[2026-05-19 03:45:03] Saved 4 rows to ucsd_occupancy_history.csv
[2026-05-19 03:45:03] Main Gym Fitness Gym: 2% (Closed) people=1 capacity=72 is_open=False hour_summary=Closed until 6:00am
[2026-05-19 03:45:03] Outback Climbing Center: 0% (Closed) people=0 capacity=30 is_open=False hour_summary=Closed until 10:00am
[2026-05-19 03:45:03] RIMAC Fitness Gym: 0% (Closed) people=1 capacity=150 is_open=False hour_summary=Closed until 6:00am
[2026-05-19 03:45:03] Triton Esports Center: 0% (Closed) people=0 capacity=35 is_open=False hour_summary=Closed until 7:30am
[2026-05-19 03:45:03] === SCRAPE END OK ===
[2026-05-19 04:00:02] === SCRAPE START ===
[2026-05-19 04:00:02] Fetching https://waitz.io/live/ucsd-rec
[2026-05-19 04:00:04] Saved 4 rows to ucsd_occupancy_history.csv
[2026-05-19 04:00:04] Main Gym Fitness Gym: 1% (Closed) people=1 capacity=72 is_open=False hour_summary=Closed until 6:00am
[2026-05-19 04:00:04] Outback Climbing Center: 0% (Closed) people=0 capacity=30 is_open=False hour_summary=Closed until 10:00am
[2026-05-19 04:00:04] RIMAC Fitness Gym: 0% (Closed) people=0 capacity=150 is_open=False hour_summary=Closed until 6:00am
[2026-05-19 04:00:04] Triton Esports Center: 0% (Closed) people=0 capacity=35 is_open=False hour_summary=Closed until 7:30am
[2026-05-19 04:00:04] === SCRAPE END OK ===
[2026-05-19 04:15:02] === SCRAPE START ===
[2026-05-19 04:15:02] Fetching https://waitz.io/live/ucsd-rec
[2026-05-19 04:15:03] Saved 4 rows to ucsd_occupancy_history.csv
[2026-05-19 04:15:03] Main Gym Fitness Gym: 1% (Closed) people=1 capacity=72 is_open=False hour_summary=Closed until 6:00am
[2026-05-19 04:15:03] Outback Climbing Center: 0% (Closed) people=0 capacity=30 is_open=False hour_summary=Closed until 10:00am
[2026-05-19 04:15:03] RIMAC Fitness Gym: 0% (Closed) people=0 capacity=150 is_open=False hour_summary=Closed until 6:00am
[2026-05-19 04:15:03] Triton Esports Center: 0% (Closed) people=0 capacity=35 is_open=False hour_summary=Closed until 7:30am
[2026-05-19 04:15:03] === SCRAPE END OK ===
[2026-05-19 04:30:02] === SCRAPE START ===
[2026-05-19 04:30:02] Fetching https://waitz.io/live/ucsd-rec
[2026-05-19 04:30:03] Saved 4 rows to ucsd_occupancy_history.csv
[2026-05-19 04:30:03] Main Gym Fitness Gym: 1% (Closed) people=1 capacity=72 is_open=False hour_summary=Closed until 6:00am
[2026-05-19 04:30:03] Outback Climbing Center: 0% (Closed) people=0 capacity=30 is_open=False hour_summary=Closed until 10:00am
[2026-05-19 04:30:03] RIMAC Fitness Gym: 0% (Closed) people=0 capacity=150 is_open=False hour_summary=Closed until 6:00am
[2026-05-19 04:30:03] Triton Esports Center: 0% (Closed) people=0 capacity=35 is_open=False hour_summary=Closed until 7:30am
[2026-05-19 04:30:03] === SCRAPE END OK ===
[2026-05-19 04:45:02] === SCRAPE START ===
[2026-05-19 04:45:02] Fetching https://waitz.io/live/ucsd-rec
[2026-05-19 04:45:03] Saved 4 rows to ucsd_occupancy_history.csv
[2026-05-19 04:45:03] Main Gym Fitness Gym: 1% (Closed) people=1 capacity=72 is_open=False hour_summary=Closed until 6:00am
[2026-05-19 04:45:03] Outback Climbing Center: 0% (Closed) people=0 capacity=30 is_open=False hour_summary=Closed until 10:00am
[2026-05-19 04:45:03] RIMAC Fitness Gym: 0% (Closed) people=0 capacity=150 is_open=False hour_summary=Closed until 6:00am
[2026-05-19 04:45:03] Triton Esports Center: 0% (Closed) people=0 capacity=35 is_open=False hour_summary=Closed until 7:30am
[2026-05-19 04:45:03] === SCRAPE END OK ===
[2026-05-19 05:00:02] === SCRAPE START ===
[2026-05-19 05:00:02] Fetching https://waitz.io/live/ucsd-rec
[2026-05-19 05:00:03] Saved 4 rows to ucsd_occupancy_history.csv
[2026-05-19 05:00:03] Main Gym Fitness Gym: 2% (Closed) people=1 capacity=72 is_open=False hour_summary=Closed until 6:00am
[2026-05-19 05:00:03] Outback Climbing Center: 0% (Closed) people=0 capacity=30 is_open=False hour_summary=Closed until 10:00am
[2026-05-19 05:00:03] RIMAC Fitness Gym: 0% (Closed) people=0 capacity=150 is_open=False hour_summary=Closed until 6:00am
[2026-05-19 05:00:03] Triton Esports Center: 0% (Closed) people=0 capacity=35 is_open=False hour_summary=Closed until 7:30am
[2026-05-19 05:00:03] === SCRAPE END OK ===
[2026-05-19 05:15:02] === SCRAPE START ===
[2026-05-19 05:15:02] Fetching https://waitz.io/live/ucsd-rec
[2026-05-19 05:15:03] Saved 4 rows to ucsd_occupancy_history.csv
[2026-05-19 05:15:03] Main Gym Fitness Gym: 1% (Closed) people=1 capacity=72 is_open=False hour_summary=Closed until 6:00am
[2026-05-19 05:15:03] Outback Climbing Center: 0% (Closed) people=0 capacity=30 is_open=False hour_summary=Closed until 10:00am
[2026-05-19 05:15:03] RIMAC Fitness Gym: 0% (Closed) people=0 capacity=150 is_open=False hour_summary=Closed until 6:00am
[2026-05-19 05:15:03] Triton Esports Center: 0% (Closed) people=0 capacity=35 is_open=False hour_summary=Closed until 7:30am
[2026-05-19 05:15:03] === SCRAPE END OK ===
[2026-05-19 05:30:02] === SCRAPE START ===
[2026-05-19 05:30:02] Fetching https://waitz.io/live/ucsd-rec
[2026-05-19 05:30:03] Saved 4 rows to ucsd_occupancy_history.csv
[2026-05-19 05:30:03] Main Gym Fitness Gym: 1% (Closed) people=1 capacity=72 is_open=False hour_summary=Closed until 6:00am
[2026-05-19 05:30:03] Outback Climbing Center: 0% (Closed) people=0 capacity=30 is_open=False hour_summary=Closed until 10:00am
[2026-05-19 05:30:03] RIMAC Fitness Gym: 0% (Closed) people=0 capacity=150 is_open=False hour_summary=Closed until 6:00am
[2026-05-19 05:30:03] Triton Esports Center: 0% (Closed) people=0 capacity=35 is_open=False hour_summary=Closed until 7:30am
[2026-05-19 05:30:03] === SCRAPE END OK ===
[2026-05-19 05:45:02] === SCRAPE START ===
[2026-05-19 05:45:02] Fetching https://waitz.io/live/ucsd-rec
[2026-05-19 05:45:03] Saved 4 rows to ucsd_occupancy_history.csv
[2026-05-19 05:45:03] Main Gym Fitness Gym: 1% (Closed) people=1 capacity=72 is_open=False hour_summary=Closed until 6:00am
[2026-05-19 05:45:03] Outback Climbing Center: 1% (Closed) people=0 capacity=30 is_open=False hour_summary=Closed until 10:00am
[2026-05-19 05:45:03] RIMAC Fitness Gym: 0% (Closed) people=0 capacity=150 is_open=False hour_summary=Closed until 6:00am
[2026-05-19 05:45:03] Triton Esports Center: 0% (Closed) people=0 capacity=35 is_open=False hour_summary=Closed until 7:30am
[2026-05-19 05:45:03] === SCRAPE END OK ===
[2026-05-19 06:00:02] === SCRAPE START ===
[2026-05-19 06:00:02] Fetching https://waitz.io/live/ucsd-rec
[2026-05-19 06:00:03] Saved 4 rows to ucsd_occupancy_history.csv
[2026-05-19 06:00:03] Main Gym Fitness Gym: 1% (Not Busy) people=1 capacity=72 is_open=True hour_summary=open
[2026-05-19 06:00:03] Outback Climbing Center: 1% (Closed) people=0 capacity=30 is_open=False hour_summary=Closed until 10:00am
[2026-05-19 06:00:03] RIMAC Fitness Gym: 0% (Not Busy) people=1 capacity=150 is_open=True hour_summary=open
[2026-05-19 06:00:03] Triton Esports Center: 0% (Closed) people=0 capacity=35 is_open=False hour_summary=Closed until 7:30am
[2026-05-19 06:00:03] === SCRAPE END OK ===
[2026-05-19 06:15:02] === SCRAPE START ===
[2026-05-19 06:15:02] Fetching https://waitz.io/live/ucsd-rec
[2026-05-19 06:15:03] Saved 4 rows to ucsd_occupancy_history.csv
[2026-05-19 06:15:03] Main Gym Fitness Gym: 3% (Not Busy) people=2 capacity=72 is_open=True hour_summary=open
[2026-05-19 06:15:03] Outback Climbing Center: 1% (Closed) people=0 capacity=30 is_open=False hour_summary=Closed until 10:00am
[2026-05-19 06:15:03] RIMAC Fitness Gym: 16% (Not Busy) people=23 capacity=150 is_open=True hour_summary=open
[2026-05-19 06:15:03] Triton Esports Center: 0% (Closed) people=0 capacity=35 is_open=False hour_summary=Closed until 7:30am
[2026-05-19 06:15:03] === SCRAPE END OK ===
[2026-05-19 06:30:02] === SCRAPE START ===
[2026-05-19 06:30:02] Fetching https://waitz.io/live/ucsd-rec
[2026-05-19 06:30:03] Saved 4 rows to ucsd_occupancy_history.csv
[2026-05-19 06:30:03] Main Gym Fitness Gym: 18% (Not Busy) people=13 capacity=72 is_open=True hour_summary=open
[2026-05-19 06:30:03] Outback Climbing Center: 0% (Closed) people=0 capacity=30 is_open=False hour_summary=Closed until 10:00am
[2026-05-19 06:30:03] RIMAC Fitness Gym: 26% (Not Busy) people=38 capacity=150 is_open=True hour_summary=open
[2026-05-19 06:30:03] Triton Esports Center: 0% (Closed) people=0 capacity=35 is_open=False hour_summary=Closed until 7:30am
[2026-05-19 06:30:03] === SCRAPE END OK ===
[2026-05-19 06:45:02] === SCRAPE START ===
[2026-05-19 06:45:02] Fetching https://waitz.io/live/ucsd-rec
[2026-05-19 06:45:03] Saved 4 rows to ucsd_occupancy_history.csv
[2026-05-19 06:45:03] Main Gym Fitness Gym: 14% (Not Busy) people=10 capacity=72 is_open=True hour_summary=open
[2026-05-19 06:45:03] Outback Climbing Center: 1% (Closed) people=0 capacity=30 is_open=False hour_summary=Closed until 10:00am
[2026-05-19 06:45:03] RIMAC Fitness Gym: 0% (Data Unavailable) people=0 capacity=150 is_open=True hour_summary=open
[2026-05-19 06:45:03] Triton Esports Center: 0% (Closed) people=0 capacity=35 is_open=False hour_summary=Closed until 7:30am
[2026-05-19 06:45:03] === SCRAPE END OK ===
[2026-05-19 07:00:02] === SCRAPE START ===
[2026-05-19 07:00:02] Fetching https://waitz.io/live/ucsd-rec
[2026-05-19 07:00:03] Saved 4 rows to ucsd_occupancy_history.csv
[2026-05-19 07:00:03] Main Gym Fitness Gym: 7% (Not Busy) people=5 capacity=72 is_open=True hour_summary=open
[2026-05-19 07:00:03] Outback Climbing Center: 0% (Closed) people=0 capacity=30 is_open=False hour_summary=Closed until 10:00am
[2026-05-19 07:00:03] RIMAC Fitness Gym: 31% (Not Busy) people=46 capacity=150 is_open=True hour_summary=open
[2026-05-19 07:00:03] Triton Esports Center: 0% (Closed) people=0 capacity=35 is_open=False hour_summary=Closed until 7:30am
[2026-05-19 07:00:03] === SCRAPE END OK ===
[2026-05-19 07:15:02] === SCRAPE START ===
[2026-05-19 07:15:02] Fetching https://waitz.io/live/ucsd-rec
[2026-05-19 07:15:03] Saved 4 rows to ucsd_occupancy_history.csv
[2026-05-19 07:15:03] Main Gym Fitness Gym: 18% (Not Busy) people=13 capacity=72 is_open=True hour_summary=open
[2026-05-19 07:15:03] Outback Climbing Center: 1% (Closed) people=0 capacity=30 is_open=False hour_summary=Closed until 10:00am
[2026-05-19 07:15:03] RIMAC Fitness Gym: 27% (Not Busy) people=41 capacity=150 is_open=True hour_summary=open
[2026-05-19 07:15:03] Triton Esports Center: 0% (Closed) people=0 capacity=35 is_open=False hour_summary=Closed until 7:30am
[2026-05-19 07:15:03] === SCRAPE END OK ===
[2026-05-19 07:30:02] === SCRAPE START ===
[2026-05-19 07:30:02] Fetching https://waitz.io/live/ucsd-rec
[2026-05-19 07:30:03] Saved 4 rows to ucsd_occupancy_history.csv
[2026-05-19 07:30:03] Main Gym Fitness Gym: 13% (Not Busy) people=9 capacity=72 is_open=True hour_summary=open
[2026-05-19 07:30:03] Outback Climbing Center: 0% (Closed) people=0 capacity=30 is_open=False hour_summary=Closed until 10:00am
[2026-05-19 07:30:03] RIMAC Fitness Gym: 30% (Not Busy) people=45 capacity=150 is_open=True hour_summary=open
[2026-05-19 07:30:03] Triton Esports Center: 3% (Not Busy) people=1 capacity=35 is_open=True hour_summary=open
[2026-05-19 07:30:03] === SCRAPE END OK ===
[2026-05-19 07:45:02] === SCRAPE START ===
[2026-05-19 07:45:02] Fetching https://waitz.io/live/ucsd-rec
[2026-05-19 07:45:03] Saved 4 rows to ucsd_occupancy_history.csv
[2026-05-19 07:45:03] Main Gym Fitness Gym: 12% (Not Busy) people=9 capacity=72 is_open=True hour_summary=open
[2026-05-19 07:45:03] Outback Climbing Center: 2% (Closed) people=1 capacity=30 is_open=False hour_summary=Closed until 10:00am
[2026-05-19 07:45:03] RIMAC Fitness Gym: 29% (Not Busy) people=43 capacity=150 is_open=True hour_summary=open
[2026-05-19 07:45:03] Triton Esports Center: 9% (Not Busy) people=3 capacity=35 is_open=True hour_summary=open
[2026-05-19 07:45:03] === SCRAPE END OK ===
[2026-05-19 08:00:02] === SCRAPE START ===
[2026-05-19 08:00:02] Fetching https://waitz.io/live/ucsd-rec
[2026-05-19 08:00:04] Saved 4 rows to ucsd_occupancy_history.csv
[2026-05-19 08:00:04] Main Gym Fitness Gym: 26% (Not Busy) people=19 capacity=72 is_open=True hour_summary=open
[2026-05-19 08:00:04] Outback Climbing Center: 0% (Closed) people=0 capacity=30 is_open=False hour_summary=Closed until 10:00am
[2026-05-19 08:00:04] RIMAC Fitness Gym: 34% (Not Busy) people=52 capacity=150 is_open=True hour_summary=open
[2026-05-19 08:00:04] Triton Esports Center: 8% (Not Busy) people=3 capacity=35 is_open=True hour_summary=open
[2026-05-19 08:00:04] === SCRAPE END OK ===
[2026-05-19 08:15:02] === SCRAPE START ===
[2026-05-19 08:15:02] Fetching https://waitz.io/live/ucsd-rec
[2026-05-19 08:15:03] Saved 4 rows to ucsd_occupancy_history.csv
[2026-05-19 08:15:03] Main Gym Fitness Gym: 13% (Not Busy) people=10 capacity=72 is_open=True hour_summary=open
[2026-05-19 08:15:03] Outback Climbing Center: 1% (Closed) people=0 capacity=30 is_open=False hour_summary=Closed until 10:00am
[2026-05-19 08:15:03] RIMAC Fitness Gym: 46% (Busy) people=70 capacity=150 is_open=True hour_summary=open
[2026-05-19 08:15:03] Triton Esports Center: 0% (Not Busy) people=0 capacity=35 is_open=True hour_summary=open
[2026-05-19 08:15:03] === SCRAPE END OK ===
[2026-05-19 08:30:02] === SCRAPE START ===
[2026-05-19 08:30:02] Fetching https://waitz.io/live/ucsd-rec
[2026-05-19 08:30:04] Saved 4 rows to ucsd_occupancy_history.csv
[2026-05-19 08:30:04] Main Gym Fitness Gym: 23% (Not Busy) people=16 capacity=72 is_open=True hour_summary=open
[2026-05-19 08:30:04] Outback Climbing Center: 0% (Closed) people=0 capacity=30 is_open=False hour_summary=Closed until 10:00am
[2026-05-19 08:30:04] RIMAC Fitness Gym: 37% (Not Busy) people=56 capacity=150 is_open=True hour_summary=open
[2026-05-19 08:30:04] Triton Esports Center: 3% (Not Busy) people=1 capacity=35 is_open=True hour_summary=open
[2026-05-19 08:30:04] === SCRAPE END OK ===
[2026-05-19 08:45:02] === SCRAPE START ===
[2026-05-19 08:45:02] Fetching https://waitz.io/live/ucsd-rec
[2026-05-19 08:45:03] Saved 4 rows to ucsd_occupancy_history.csv
[2026-05-19 08:45:03] Main Gym Fitness Gym: 24% (Not Busy) people=17 capacity=72 is_open=True hour_summary=open
[2026-05-19 08:45:03] Outback Climbing Center: 0% (Closed) people=0 capacity=30 is_open=False hour_summary=Closed until 10:00am
[2026-05-19 08:45:03] RIMAC Fitness Gym: 41% (Not Busy) people=61 capacity=150 is_open=True hour_summary=open
[2026-05-19 08:45:03] Triton Esports Center: 7% (Not Busy) people=2 capacity=35 is_open=True hour_summary=open
[2026-05-19 08:45:03] === SCRAPE END OK ===
[2026-05-19 09:00:02] === SCRAPE START ===
[2026-05-19 09:00:02] Fetching https://waitz.io/live/ucsd-rec
[2026-05-19 09:00:03] Saved 4 rows to ucsd_occupancy_history.csv
[2026-05-19 09:00:03] Main Gym Fitness Gym: 6% (Not Busy) people=4 capacity=72 is_open=True hour_summary=open
[2026-05-19 09:00:03] Outback Climbing Center: 2% (Closed) people=1 capacity=30 is_open=False hour_summary=Closed until 10:00am
[2026-05-19 09:00:03] RIMAC Fitness Gym: 37% (Not Busy) people=56 capacity=150 is_open=True hour_summary=open
[2026-05-19 09:00:03] Triton Esports Center: 4% (Not Busy) people=1 capacity=35 is_open=True hour_summary=open
[2026-05-19 09:00:03] === SCRAPE END OK ===
[2026-05-19 09:15:02] === SCRAPE START ===
[2026-05-19 09:15:02] Fetching https://waitz.io/live/ucsd-rec
[2026-05-19 09:15:03] Saved 4 rows to ucsd_occupancy_history.csv
[2026-05-19 09:15:03] Main Gym Fitness Gym: 20% (Not Busy) people=15 capacity=72 is_open=True hour_summary=open
[2026-05-19 09:15:03] Outback Climbing Center: 1% (Closed) people=0 capacity=30 is_open=False hour_summary=Closed until 10:00am
[2026-05-19 09:15:03] RIMAC Fitness Gym: 40% (Not Busy) people=60 capacity=150 is_open=True hour_summary=open
[2026-05-19 09:15:03] Triton Esports Center: 7% (Not Busy) people=2 capacity=35 is_open=True hour_summary=open
[2026-05-19 09:15:03] === SCRAPE END OK ===
[2026-05-19 09:30:02] === SCRAPE START ===
[2026-05-19 09:30:02] Fetching https://waitz.io/live/ucsd-rec
[2026-05-19 09:30:03] Saved 4 rows to ucsd_occupancy_history.csv
[2026-05-19 09:30:03] Main Gym Fitness Gym: 22% (Not Busy) people=15 capacity=72 is_open=True hour_summary=open
[2026-05-19 09:30:03] Outback Climbing Center: 2% (Closed) people=1 capacity=30 is_open=False hour_summary=Closed until 10:00am
[2026-05-19 09:30:03] RIMAC Fitness Gym: 44% (Not Busy) people=66 capacity=150 is_open=True hour_summary=open
[2026-05-19 09:30:03] Triton Esports Center: 10% (Not Busy) people=3 capacity=35 is_open=True hour_summary=open
[2026-05-19 09:30:03] === SCRAPE END OK ===
[2026-05-19 09:45:02] === SCRAPE START ===
[2026-05-19 09:45:02] Fetching https://waitz.io/live/ucsd-rec
[2026-05-19 09:45:03] Saved 4 rows to ucsd_occupancy_history.csv
[2026-05-19 09:45:03] Main Gym Fitness Gym: 41% (Not Busy) people=29 capacity=72 is_open=True hour_summary=open
[2026-05-19 09:45:03] Outback Climbing Center: 9% (Closed) people=3 capacity=30 is_open=False hour_summary=Closed until 10:00am
[2026-05-19 09:45:03] RIMAC Fitness Gym: 50% (Busy) people=75 capacity=150 is_open=True hour_summary=open
[2026-05-19 09:45:03] Triton Esports Center: 15% (Not Busy) people=5 capacity=35 is_open=True hour_summary=open
[2026-05-19 09:45:03] === SCRAPE END OK ===
[2026-05-19 10:00:02] === SCRAPE START ===
[2026-05-19 10:00:02] Fetching https://waitz.io/live/ucsd-rec
[2026-05-19 10:00:04] Saved 4 rows to ucsd_occupancy_history.csv
[2026-05-19 10:00:04] Main Gym Fitness Gym: 21% (Not Busy) people=15 capacity=72 is_open=True hour_summary=open
[2026-05-19 10:00:04] Outback Climbing Center: 0% (Not Busy) people=0 capacity=30 is_open=True hour_summary=open
[2026-05-19 10:00:04] RIMAC Fitness Gym: 56% (Busy) people=85 capacity=150 is_open=True hour_summary=open
[2026-05-19 10:00:04] Triton Esports Center: 19% (Not Busy) people=6 capacity=35 is_open=True hour_summary=open
[2026-05-19 10:00:04] === SCRAPE END OK ===
[2026-05-19 10:15:02] === SCRAPE START ===
[2026-05-19 10:15:02] Fetching https://waitz.io/live/ucsd-rec
[2026-05-19 10:15:03] Saved 4 rows to ucsd_occupancy_history.csv
[2026-05-19 10:15:03] Main Gym Fitness Gym: 9% (Not Busy) people=6 capacity=72 is_open=True hour_summary=open
[2026-05-19 10:15:03] Outback Climbing Center: 36% (Not Busy) people=11 capacity=30 is_open=True hour_summary=open
[2026-05-19 10:15:03] RIMAC Fitness Gym: 60% (Busy) people=90 capacity=150 is_open=True hour_summary=open
[2026-05-19 10:15:03] Triton Esports Center: 19% (Not Busy) people=7 capacity=35 is_open=True hour_summary=open
[2026-05-19 10:15:03] === SCRAPE END OK ===
[2026-05-19 10:30:02] === SCRAPE START ===
[2026-05-19 10:30:02] Fetching https://waitz.io/live/ucsd-rec
[2026-05-19 10:30:03] Saved 4 rows to ucsd_occupancy_history.csv
[2026-05-19 10:30:03] Main Gym Fitness Gym: 13% (Not Busy) people=9 capacity=72 is_open=True hour_summary=open
[2026-05-19 10:30:03] Outback Climbing Center: 20% (Not Busy) people=6 capacity=30 is_open=True hour_summary=open
[2026-05-19 10:30:03] RIMAC Fitness Gym: 57% (Busy) people=85 capacity=150 is_open=True hour_summary=open
[2026-05-19 10:30:03] Triton Esports Center: 22% (Not Busy) people=8 capacity=35 is_open=True hour_summary=open
[2026-05-19 10:30:03] === SCRAPE END OK ===
[2026-05-19 10:45:02] === SCRAPE START ===
[2026-05-19 10:45:02] Fetching https://waitz.io/live/ucsd-rec
[2026-05-19 10:45:03] Saved 4 rows to ucsd_occupancy_history.csv
[2026-05-19 10:45:03] Main Gym Fitness Gym: 15% (Not Busy) people=11 capacity=72 is_open=True hour_summary=open
[2026-05-19 10:45:03] Outback Climbing Center: 60% (Busy) people=18 capacity=30 is_open=True hour_summary=open
[2026-05-19 10:45:03] RIMAC Fitness Gym: 40% (Not Busy) people=60 capacity=150 is_open=True hour_summary=open
[2026-05-19 10:45:03] Triton Esports Center: 31% (Not Busy) people=11 capacity=35 is_open=True hour_summary=open
[2026-05-19 10:45:03] === SCRAPE END OK ===
[2026-05-19 11:00:02] === SCRAPE START ===
[2026-05-19 11:00:02] Fetching https://waitz.io/live/ucsd-rec
[2026-05-19 11:00:03] Saved 4 rows to ucsd_occupancy_history.csv
[2026-05-19 11:00:03] Main Gym Fitness Gym: 47% (Busy) people=34 capacity=72 is_open=True hour_summary=open
[2026-05-19 11:00:03] Outback Climbing Center: 47% (Busy) people=14 capacity=30 is_open=True hour_summary=open
[2026-05-19 11:00:03] RIMAC Fitness Gym: 37% (Not Busy) people=56 capacity=150 is_open=True hour_summary=open
[2026-05-19 11:00:03] Triton Esports Center: 36% (Not Busy) people=13 capacity=35 is_open=True hour_summary=open
[2026-05-19 11:00:03] === SCRAPE END OK ===
