[2026-06-28 00:00:01] === SCRAPE START ===
[2026-06-28 00:00:01] Fetching https://waitz.io/live/ucsd-rec
[2026-06-28 00:00:03] Saved 4 rows to ucsd_occupancy_history.csv
[2026-06-28 00:00:03] Main Gym Fitness Gym: 1% (Closed) people=0 capacity=72 is_open=False hour_summary=closed
[2026-06-28 00:00:03] Outback Climbing Center: 10% (Closed) people=3 capacity=30 is_open=False hour_summary=closed
[2026-06-28 00:00:03] RIMAC Fitness Gym: 0% (Closed) people=0 capacity=150 is_open=False hour_summary=Closed until 8:00am
[2026-06-28 00:00:03] Triton Esports Center: 0% (Closed) people=0 capacity=35 is_open=False hour_summary=closed
[2026-06-28 00:00:03] === SCRAPE END OK ===
[2026-06-28 00:15:02] === SCRAPE START ===
[2026-06-28 00:15:02] Fetching https://waitz.io/live/ucsd-rec
[2026-06-28 00:15:03] Saved 4 rows to ucsd_occupancy_history.csv
[2026-06-28 00:15:03] Main Gym Fitness Gym: 0% (Closed) people=0 capacity=72 is_open=False hour_summary=closed
[2026-06-28 00:15:03] Outback Climbing Center: 13% (Closed) people=4 capacity=30 is_open=False hour_summary=closed
[2026-06-28 00:15:03] RIMAC Fitness Gym: 1% (Closed) people=1 capacity=150 is_open=False hour_summary=Closed until 8:00am
[2026-06-28 00:15:03] Triton Esports Center: 0% (Closed) people=0 capacity=35 is_open=False hour_summary=closed
[2026-06-28 00:15:03] === SCRAPE END OK ===
[2026-06-28 00:30:02] === SCRAPE START ===
[2026-06-28 00:30:02] Fetching https://waitz.io/live/ucsd-rec
[2026-06-28 00:30:04] Saved 4 rows to ucsd_occupancy_history.csv
[2026-06-28 00:30:04] Main Gym Fitness Gym: 0% (Closed) people=0 capacity=72 is_open=False hour_summary=closed
[2026-06-28 00:30:04] Outback Climbing Center: 5% (Closed) people=2 capacity=30 is_open=False hour_summary=closed
[2026-06-28 00:30:04] RIMAC Fitness Gym: 0% (Closed) people=1 capacity=150 is_open=False hour_summary=Closed until 8:00am
[2026-06-28 00:30:04] Triton Esports Center: 0% (Closed) people=0 capacity=35 is_open=False hour_summary=closed
[2026-06-28 00:30:04] === SCRAPE END OK ===
[2026-06-28 00:45:02] === SCRAPE START ===
[2026-06-28 00:45:02] Fetching https://waitz.io/live/ucsd-rec
[2026-06-28 00:45:03] Saved 4 rows to ucsd_occupancy_history.csv
[2026-06-28 00:45:03] Main Gym Fitness Gym: 0% (Closed) people=0 capacity=72 is_open=False hour_summary=closed
[2026-06-28 00:45:03] Outback Climbing Center: 9% (Closed) people=3 capacity=30 is_open=False hour_summary=closed
[2026-06-28 00:45:03] RIMAC Fitness Gym: 0% (Closed) people=0 capacity=150 is_open=False hour_summary=Closed until 8:00am
[2026-06-28 00:45:03] Triton Esports Center: 0% (Closed) people=0 capacity=35 is_open=False hour_summary=closed
[2026-06-28 00:45:03] === SCRAPE END OK ===
[2026-06-28 01:00:02] === SCRAPE START ===
[2026-06-28 01:00:02] Fetching https://waitz.io/live/ucsd-rec
[2026-06-28 01:00:04] Saved 4 rows to ucsd_occupancy_history.csv
[2026-06-28 01:00:04] Main Gym Fitness Gym: 0% (Closed) people=0 capacity=72 is_open=False hour_summary=closed
[2026-06-28 01:00:04] Outback Climbing Center: 7% (Closed) people=2 capacity=30 is_open=False hour_summary=closed
[2026-06-28 01:00:04] RIMAC Fitness Gym: 0% (Closed) people=0 capacity=150 is_open=False hour_summary=Closed until 8:00am
[2026-06-28 01:00:04] Triton Esports Center: 0% (Closed) people=0 capacity=35 is_open=False hour_summary=closed
[2026-06-28 01:00:04] === SCRAPE END OK ===
[2026-06-28 01:15:02] === SCRAPE START ===
[2026-06-28 01:15:02] Fetching https://waitz.io/live/ucsd-rec
[2026-06-28 01:15:04] Saved 4 rows to ucsd_occupancy_history.csv
[2026-06-28 01:15:04] Main Gym Fitness Gym: 0% (Closed) people=0 capacity=72 is_open=False hour_summary=closed
[2026-06-28 01:15:04] Outback Climbing Center: 11% (Closed) people=3 capacity=30 is_open=False hour_summary=closed
[2026-06-28 01:15:04] RIMAC Fitness Gym: 0% (Closed) people=0 capacity=150 is_open=False hour_summary=Closed until 8:00am
[2026-06-28 01:15:04] Triton Esports Center: 0% (Closed) people=0 capacity=35 is_open=False hour_summary=closed
[2026-06-28 01:15:04] === SCRAPE END OK ===
[2026-06-28 01:30:02] === SCRAPE START ===
[2026-06-28 01:30:02] Fetching https://waitz.io/live/ucsd-rec
[2026-06-28 01:30:04] Saved 4 rows to ucsd_occupancy_history.csv
[2026-06-28 01:30:04] Main Gym Fitness Gym: 0% (Closed) people=0 capacity=72 is_open=False hour_summary=closed
[2026-06-28 01:30:04] Outback Climbing Center: 9% (Closed) people=3 capacity=30 is_open=False hour_summary=closed
[2026-06-28 01:30:04] RIMAC Fitness Gym: 0% (Closed) people=1 capacity=150 is_open=False hour_summary=Closed until 8:00am
[2026-06-28 01:30:04] Triton Esports Center: 0% (Closed) people=0 capacity=35 is_open=False hour_summary=closed
[2026-06-28 01:30:04] === SCRAPE END OK ===
[2026-06-28 01:45:02] === SCRAPE START ===
[2026-06-28 01:45:02] Fetching https://waitz.io/live/ucsd-rec
[2026-06-28 01:45:03] Saved 4 rows to ucsd_occupancy_history.csv
[2026-06-28 01:45:03] Main Gym Fitness Gym: 0% (Closed) people=0 capacity=72 is_open=False hour_summary=closed
[2026-06-28 01:45:03] Outback Climbing Center: 6% (Closed) people=2 capacity=30 is_open=False hour_summary=closed
[2026-06-28 01:45:03] RIMAC Fitness Gym: 0% (Closed) people=1 capacity=150 is_open=False hour_summary=Closed until 8:00am
[2026-06-28 01:45:03] Triton Esports Center: 0% (Closed) people=0 capacity=35 is_open=False hour_summary=closed
[2026-06-28 01:45:03] === SCRAPE END OK ===
[2026-06-28 02:00:02] === SCRAPE START ===
[2026-06-28 02:00:02] Fetching https://waitz.io/live/ucsd-rec
[2026-06-28 02:00:04] Saved 4 rows to ucsd_occupancy_history.csv
[2026-06-28 02:00:04] Main Gym Fitness Gym: 1% (Closed) people=0 capacity=72 is_open=False hour_summary=closed
[2026-06-28 02:00:04] Outback Climbing Center: 6% (Closed) people=2 capacity=30 is_open=False hour_summary=closed
[2026-06-28 02:00:04] RIMAC Fitness Gym: 0% (Closed) people=0 capacity=150 is_open=False hour_summary=Closed until 8:00am
[2026-06-28 02:00:04] Triton Esports Center: 0% (Closed) people=0 capacity=35 is_open=False hour_summary=closed
[2026-06-28 02:00:04] === SCRAPE END OK ===
[2026-06-28 02:15:02] === SCRAPE START ===
[2026-06-28 02:15:02] Fetching https://waitz.io/live/ucsd-rec
[2026-06-28 02:15:03] Saved 4 rows to ucsd_occupancy_history.csv
[2026-06-28 02:15:03] Main Gym Fitness Gym: 1% (Closed) people=0 capacity=72 is_open=False hour_summary=closed
[2026-06-28 02:15:03] Outback Climbing Center: 8% (Closed) people=2 capacity=30 is_open=False hour_summary=closed
[2026-06-28 02:15:03] RIMAC Fitness Gym: 0% (Closed) people=1 capacity=150 is_open=False hour_summary=Closed until 8:00am
[2026-06-28 02:15:03] Triton Esports Center: 0% (Closed) people=0 capacity=35 is_open=False hour_summary=closed
[2026-06-28 02:15:03] === SCRAPE END OK ===
[2026-06-28 02:30:02] === SCRAPE START ===
[2026-06-28 02:30:02] Fetching https://waitz.io/live/ucsd-rec
[2026-06-28 02:30:04] Saved 4 rows to ucsd_occupancy_history.csv
[2026-06-28 02:30:04] Main Gym Fitness Gym: 0% (Closed) people=0 capacity=72 is_open=False hour_summary=closed
[2026-06-28 02:30:04] Outback Climbing Center: 13% (Closed) people=4 capacity=30 is_open=False hour_summary=closed
[2026-06-28 02:30:04] RIMAC Fitness Gym: 0% (Closed) people=0 capacity=150 is_open=False hour_summary=Closed until 8:00am
[2026-06-28 02:30:04] Triton Esports Center: 0% (Closed) people=0 capacity=35 is_open=False hour_summary=closed
[2026-06-28 02:30:04] === SCRAPE END OK ===
[2026-06-28 02:45:03] === SCRAPE START ===
[2026-06-28 02:45:03] Fetching https://waitz.io/live/ucsd-rec
[2026-06-28 02:45:04] Saved 4 rows to ucsd_occupancy_history.csv
[2026-06-28 02:45:04] Main Gym Fitness Gym: 0% (Closed) people=0 capacity=72 is_open=False hour_summary=closed
[2026-06-28 02:45:04] Outback Climbing Center: 8% (Closed) people=2 capacity=30 is_open=False hour_summary=closed
[2026-06-28 02:45:04] RIMAC Fitness Gym: 0% (Closed) people=1 capacity=150 is_open=False hour_summary=Closed until 8:00am
[2026-06-28 02:45:04] Triton Esports Center: 0% (Closed) people=0 capacity=35 is_open=False hour_summary=closed
[2026-06-28 02:45:04] === SCRAPE END OK ===
[2026-06-28 03:00:02] === SCRAPE START ===
[2026-06-28 03:00:02] Fetching https://waitz.io/live/ucsd-rec
[2026-06-28 03:00:04] Saved 4 rows to ucsd_occupancy_history.csv
[2026-06-28 03:00:04] Main Gym Fitness Gym: 0% (Closed) people=0 capacity=72 is_open=False hour_summary=closed
[2026-06-28 03:00:04] Outback Climbing Center: 10% (Closed) people=3 capacity=30 is_open=False hour_summary=closed
[2026-06-28 03:00:04] RIMAC Fitness Gym: 1% (Closed) people=1 capacity=150 is_open=False hour_summary=Closed until 8:00am
[2026-06-28 03:00:04] Triton Esports Center: 0% (Closed) people=0 capacity=35 is_open=False hour_summary=closed
[2026-06-28 03:00:04] === SCRAPE END OK ===
[2026-06-28 03:15:02] === SCRAPE START ===
[2026-06-28 03:15:02] Fetching https://waitz.io/live/ucsd-rec
[2026-06-28 03:15:03] Saved 4 rows to ucsd_occupancy_history.csv
[2026-06-28 03:15:03] Main Gym Fitness Gym: 0% (Closed) people=0 capacity=72 is_open=False hour_summary=closed
[2026-06-28 03:15:03] Outback Climbing Center: 9% (Closed) people=3 capacity=30 is_open=False hour_summary=closed
[2026-06-28 03:15:03] RIMAC Fitness Gym: 1% (Closed) people=1 capacity=150 is_open=False hour_summary=Closed until 8:00am
[2026-06-28 03:15:03] Triton Esports Center: 0% (Closed) people=0 capacity=35 is_open=False hour_summary=closed
[2026-06-28 03:15:03] === SCRAPE END OK ===
[2026-06-28 03:30:02] === SCRAPE START ===
[2026-06-28 03:30:02] Fetching https://waitz.io/live/ucsd-rec
[2026-06-28 03:30:04] Saved 4 rows to ucsd_occupancy_history.csv
[2026-06-28 03:30:04] Main Gym Fitness Gym: 1% (Closed) people=1 capacity=72 is_open=False hour_summary=closed
[2026-06-28 03:30:04] Outback Climbing Center: 11% (Closed) people=3 capacity=30 is_open=False hour_summary=closed
[2026-06-28 03:30:04] RIMAC Fitness Gym: 0% (Closed) people=0 capacity=150 is_open=False hour_summary=Closed until 8:00am
[2026-06-28 03:30:04] Triton Esports Center: 0% (Closed) people=0 capacity=35 is_open=False hour_summary=closed
[2026-06-28 03:30:04] === SCRAPE END OK ===
[2026-06-28 03:45:02] === SCRAPE START ===
[2026-06-28 03:45:02] Fetching https://waitz.io/live/ucsd-rec
[2026-06-28 03:45:03] Saved 4 rows to ucsd_occupancy_history.csv
[2026-06-28 03:45:03] Main Gym Fitness Gym: 0% (Closed) people=0 capacity=72 is_open=False hour_summary=closed
[2026-06-28 03:45:03] Outback Climbing Center: 11% (Closed) people=3 capacity=30 is_open=False hour_summary=closed
[2026-06-28 03:45:03] RIMAC Fitness Gym: 1% (Closed) people=1 capacity=150 is_open=False hour_summary=Closed until 8:00am
[2026-06-28 03:45:03] Triton Esports Center: 0% (Closed) people=0 capacity=35 is_open=False hour_summary=closed
[2026-06-28 03:45:03] === SCRAPE END OK ===
[2026-06-28 04:00:02] === SCRAPE START ===
[2026-06-28 04:00:02] Fetching https://waitz.io/live/ucsd-rec
[2026-06-28 04:00:04] Saved 4 rows to ucsd_occupancy_history.csv
[2026-06-28 04:00:04] Main Gym Fitness Gym: 1% (Closed) people=0 capacity=72 is_open=False hour_summary=closed
[2026-06-28 04:00:04] Outback Climbing Center: 10% (Closed) people=3 capacity=30 is_open=False hour_summary=closed
[2026-06-28 04:00:04] RIMAC Fitness Gym: 0% (Closed) people=1 capacity=150 is_open=False hour_summary=Closed until 8:00am
[2026-06-28 04:00:04] Triton Esports Center: 0% (Closed) people=0 capacity=35 is_open=False hour_summary=closed
[2026-06-28 04:00:04] === SCRAPE END OK ===
[2026-06-28 04:15:02] === SCRAPE START ===
[2026-06-28 04:15:02] Fetching https://waitz.io/live/ucsd-rec
[2026-06-28 04:15:03] Saved 4 rows to ucsd_occupancy_history.csv
[2026-06-28 04:15:03] Main Gym Fitness Gym: 0% (Closed) people=0 capacity=72 is_open=False hour_summary=closed
[2026-06-28 04:15:03] Outback Climbing Center: 10% (Closed) people=3 capacity=30 is_open=False hour_summary=closed
[2026-06-28 04:15:03] RIMAC Fitness Gym: 1% (Closed) people=1 capacity=150 is_open=False hour_summary=Closed until 8:00am
[2026-06-28 04:15:03] Triton Esports Center: 0% (Closed) people=0 capacity=35 is_open=False hour_summary=closed
[2026-06-28 04:15:03] === SCRAPE END OK ===
[2026-06-28 04:30:02] === SCRAPE START ===
[2026-06-28 04:30:02] Fetching https://waitz.io/live/ucsd-rec
[2026-06-28 04:30:04] Saved 4 rows to ucsd_occupancy_history.csv
[2026-06-28 04:30:04] Main Gym Fitness Gym: 1% (Closed) people=0 capacity=72 is_open=False hour_summary=closed
[2026-06-28 04:30:04] Outback Climbing Center: 12% (Closed) people=4 capacity=30 is_open=False hour_summary=closed
[2026-06-28 04:30:04] RIMAC Fitness Gym: 1% (Closed) people=1 capacity=150 is_open=False hour_summary=Closed until 8:00am
[2026-06-28 04:30:04] Triton Esports Center: 0% (Closed) people=0 capacity=35 is_open=False hour_summary=closed
[2026-06-28 04:30:04] === SCRAPE END OK ===
[2026-06-28 04:45:03] === SCRAPE START ===
[2026-06-28 04:45:03] Fetching https://waitz.io/live/ucsd-rec
[2026-06-28 04:45:03] Saved 4 rows to ucsd_occupancy_history.csv
[2026-06-28 04:45:03] Main Gym Fitness Gym: 0% (Closed) people=0 capacity=72 is_open=False hour_summary=closed
[2026-06-28 04:45:03] Outback Climbing Center: 8% (Closed) people=2 capacity=30 is_open=False hour_summary=closed
[2026-06-28 04:45:03] RIMAC Fitness Gym: 1% (Closed) people=1 capacity=150 is_open=False hour_summary=Closed until 8:00am
[2026-06-28 04:45:03] Triton Esports Center: 0% (Closed) people=0 capacity=35 is_open=False hour_summary=closed
[2026-06-28 04:45:03] === SCRAPE END OK ===
[2026-06-28 05:00:02] === SCRAPE START ===
[2026-06-28 05:00:02] Fetching https://waitz.io/live/ucsd-rec
[2026-06-28 05:00:04] Saved 4 rows to ucsd_occupancy_history.csv
[2026-06-28 05:00:04] Main Gym Fitness Gym: 1% (Closed) people=0 capacity=72 is_open=False hour_summary=closed
[2026-06-28 05:00:04] Outback Climbing Center: 12% (Closed) people=4 capacity=30 is_open=False hour_summary=closed
[2026-06-28 05:00:04] RIMAC Fitness Gym: 1% (Closed) people=1 capacity=150 is_open=False hour_summary=Closed until 8:00am
[2026-06-28 05:00:04] Triton Esports Center: 0% (Closed) people=0 capacity=35 is_open=False hour_summary=closed
[2026-06-28 05:00:04] === SCRAPE END OK ===
[2026-06-28 05:15:02] === SCRAPE START ===
[2026-06-28 05:15:02] Fetching https://waitz.io/live/ucsd-rec
[2026-06-28 05:15:03] Saved 4 rows to ucsd_occupancy_history.csv
[2026-06-28 05:15:03] Main Gym Fitness Gym: 1% (Closed) people=0 capacity=72 is_open=False hour_summary=closed
[2026-06-28 05:15:03] Outback Climbing Center: 12% (Closed) people=4 capacity=30 is_open=False hour_summary=closed
[2026-06-28 05:15:03] RIMAC Fitness Gym: 0% (Closed) people=1 capacity=150 is_open=False hour_summary=Closed until 8:00am
[2026-06-28 05:15:03] Triton Esports Center: 0% (Closed) people=0 capacity=35 is_open=False hour_summary=closed
[2026-06-28 05:15:03] === SCRAPE END OK ===
[2026-06-28 05:30:02] === SCRAPE START ===
[2026-06-28 05:30:02] Fetching https://waitz.io/live/ucsd-rec
[2026-06-28 05:30:04] Saved 4 rows to ucsd_occupancy_history.csv
[2026-06-28 05:30:04] Main Gym Fitness Gym: 1% (Closed) people=0 capacity=72 is_open=False hour_summary=closed
[2026-06-28 05:30:04] Outback Climbing Center: 10% (Closed) people=3 capacity=30 is_open=False hour_summary=closed
[2026-06-28 05:30:04] RIMAC Fitness Gym: 0% (Closed) people=1 capacity=150 is_open=False hour_summary=Closed until 8:00am
[2026-06-28 05:30:04] Triton Esports Center: 0% (Closed) people=0 capacity=35 is_open=False hour_summary=closed
[2026-06-28 05:30:04] === SCRAPE END OK ===
[2026-06-28 05:45:02] === SCRAPE START ===
[2026-06-28 05:45:02] Fetching https://waitz.io/live/ucsd-rec
[2026-06-28 05:45:03] Saved 4 rows to ucsd_occupancy_history.csv
[2026-06-28 05:45:03] Main Gym Fitness Gym: 1% (Closed) people=1 capacity=72 is_open=False hour_summary=closed
[2026-06-28 05:45:03] Outback Climbing Center: 6% (Closed) people=2 capacity=30 is_open=False hour_summary=closed
[2026-06-28 05:45:03] RIMAC Fitness Gym: 0% (Closed) people=1 capacity=150 is_open=False hour_summary=Closed until 8:00am
[2026-06-28 05:45:03] Triton Esports Center: 0% (Closed) people=0 capacity=35 is_open=False hour_summary=closed
[2026-06-28 05:45:03] === SCRAPE END OK ===
[2026-06-28 06:00:02] === SCRAPE START ===
[2026-06-28 06:00:02] Fetching https://waitz.io/live/ucsd-rec
[2026-06-28 06:00:04] Saved 4 rows to ucsd_occupancy_history.csv
[2026-06-28 06:00:04] Main Gym Fitness Gym: 1% (Closed) people=1 capacity=72 is_open=False hour_summary=closed
[2026-06-28 06:00:04] Outback Climbing Center: 11% (Closed) people=3 capacity=30 is_open=False hour_summary=closed
[2026-06-28 06:00:04] RIMAC Fitness Gym: 1% (Closed) people=1 capacity=150 is_open=False hour_summary=Closed until 8:00am
[2026-06-28 06:00:04] Triton Esports Center: 0% (Closed) people=0 capacity=35 is_open=False hour_summary=closed
[2026-06-28 06:00:04] === SCRAPE END OK ===
[2026-06-28 06:15:02] === SCRAPE START ===
[2026-06-28 06:15:02] Fetching https://waitz.io/live/ucsd-rec
[2026-06-28 06:15:03] Saved 4 rows to ucsd_occupancy_history.csv
[2026-06-28 06:15:03] Main Gym Fitness Gym: 1% (Closed) people=1 capacity=72 is_open=False hour_summary=closed
[2026-06-28 06:15:03] Outback Climbing Center: 13% (Closed) people=4 capacity=30 is_open=False hour_summary=closed
[2026-06-28 06:15:03] RIMAC Fitness Gym: 1% (Closed) people=2 capacity=150 is_open=False hour_summary=Closed until 8:00am
[2026-06-28 06:15:03] Triton Esports Center: 0% (Closed) people=0 capacity=35 is_open=False hour_summary=closed
[2026-06-28 06:15:03] === SCRAPE END OK ===
[2026-06-28 06:30:02] === SCRAPE START ===
[2026-06-28 06:30:02] Fetching https://waitz.io/live/ucsd-rec
[2026-06-28 06:30:04] Saved 4 rows to ucsd_occupancy_history.csv
[2026-06-28 06:30:04] Main Gym Fitness Gym: 2% (Closed) people=1 capacity=72 is_open=False hour_summary=closed
[2026-06-28 06:30:04] Outback Climbing Center: 10% (Closed) people=3 capacity=30 is_open=False hour_summary=closed
[2026-06-28 06:30:04] RIMAC Fitness Gym: 1% (Closed) people=1 capacity=150 is_open=False hour_summary=Closed until 8:00am
[2026-06-28 06:30:04] Triton Esports Center: 0% (Closed) people=0 capacity=35 is_open=False hour_summary=closed
[2026-06-28 06:30:04] === SCRAPE END OK ===
[2026-06-28 06:45:02] === SCRAPE START ===
[2026-06-28 06:45:02] Fetching https://waitz.io/live/ucsd-rec
[2026-06-28 06:45:03] Saved 4 rows to ucsd_occupancy_history.csv
[2026-06-28 06:45:03] Main Gym Fitness Gym: 1% (Closed) people=1 capacity=72 is_open=False hour_summary=closed
[2026-06-28 06:45:03] Outback Climbing Center: 12% (Closed) people=4 capacity=30 is_open=False hour_summary=closed
[2026-06-28 06:45:03] RIMAC Fitness Gym: 0% (Closed) people=1 capacity=150 is_open=False hour_summary=Closed until 8:00am
[2026-06-28 06:45:03] Triton Esports Center: 0% (Closed) people=0 capacity=35 is_open=False hour_summary=closed
[2026-06-28 06:45:03] === SCRAPE END OK ===
[2026-06-28 07:00:02] === SCRAPE START ===
[2026-06-28 07:00:02] Fetching https://waitz.io/live/ucsd-rec
[2026-06-28 07:00:04] Saved 4 rows to ucsd_occupancy_history.csv
[2026-06-28 07:00:04] Main Gym Fitness Gym: 1% (Closed) people=1 capacity=72 is_open=False hour_summary=closed
[2026-06-28 07:00:04] Outback Climbing Center: 9% (Closed) people=3 capacity=30 is_open=False hour_summary=closed
[2026-06-28 07:00:04] RIMAC Fitness Gym: 1% (Closed) people=1 capacity=150 is_open=False hour_summary=Closed until 8:00am
[2026-06-28 07:00:04] Triton Esports Center: 0% (Closed) people=0 capacity=35 is_open=False hour_summary=closed
[2026-06-28 07:00:04] === SCRAPE END OK ===
[2026-06-28 07:15:02] === SCRAPE START ===
[2026-06-28 07:15:02] Fetching https://waitz.io/live/ucsd-rec
[2026-06-28 07:15:03] Saved 4 rows to ucsd_occupancy_history.csv
[2026-06-28 07:15:03] Main Gym Fitness Gym: 1% (Closed) people=1 capacity=72 is_open=False hour_summary=closed
[2026-06-28 07:15:03] Outback Climbing Center: 9% (Closed) people=3 capacity=30 is_open=False hour_summary=closed
[2026-06-28 07:15:03] RIMAC Fitness Gym: 0% (Closed) people=0 capacity=150 is_open=False hour_summary=Closed until 8:00am
[2026-06-28 07:15:03] Triton Esports Center: 0% (Closed) people=0 capacity=35 is_open=False hour_summary=closed
[2026-06-28 07:15:03] === SCRAPE END OK ===
[2026-06-28 07:30:02] === SCRAPE START ===
[2026-06-28 07:30:02] Fetching https://waitz.io/live/ucsd-rec
[2026-06-28 07:30:04] Saved 4 rows to ucsd_occupancy_history.csv
[2026-06-28 07:30:04] Main Gym Fitness Gym: 2% (Closed) people=1 capacity=72 is_open=False hour_summary=closed
[2026-06-28 07:30:04] Outback Climbing Center: 9% (Closed) people=3 capacity=30 is_open=False hour_summary=closed
[2026-06-28 07:30:04] RIMAC Fitness Gym: 0% (Closed) people=1 capacity=150 is_open=False hour_summary=Closed until 8:00am
[2026-06-28 07:30:04] Triton Esports Center: 0% (Closed) people=0 capacity=35 is_open=False hour_summary=closed
[2026-06-28 07:30:04] === SCRAPE END OK ===
[2026-06-28 07:45:02] === SCRAPE START ===
[2026-06-28 07:45:02] Fetching https://waitz.io/live/ucsd-rec
[2026-06-28 07:45:03] Saved 4 rows to ucsd_occupancy_history.csv
[2026-06-28 07:45:03] Main Gym Fitness Gym: 4% (Closed) people=3 capacity=72 is_open=False hour_summary=closed
[2026-06-28 07:45:03] Outback Climbing Center: 7% (Closed) people=2 capacity=30 is_open=False hour_summary=closed
[2026-06-28 07:45:03] RIMAC Fitness Gym: 0% (Closed) people=0 capacity=150 is_open=False hour_summary=Closed until 8:00am
[2026-06-28 07:45:03] Triton Esports Center: 0% (Closed) people=0 capacity=35 is_open=False hour_summary=closed
[2026-06-28 07:45:03] === SCRAPE END OK ===
[2026-06-28 08:00:02] === SCRAPE START ===
[2026-06-28 08:00:02] Fetching https://waitz.io/live/ucsd-rec
[2026-06-28 08:00:04] Saved 4 rows to ucsd_occupancy_history.csv
[2026-06-28 08:00:04] Main Gym Fitness Gym: 1% (Closed) people=1 capacity=72 is_open=False hour_summary=closed
[2026-06-28 08:00:04] Outback Climbing Center: 12% (Closed) people=4 capacity=30 is_open=False hour_summary=closed
[2026-06-28 08:00:04] RIMAC Fitness Gym: 0% (Not Busy) people=1 capacity=150 is_open=True hour_summary=open
[2026-06-28 08:00:04] Triton Esports Center: 0% (Closed) people=0 capacity=35 is_open=False hour_summary=closed
[2026-06-28 08:00:04] === SCRAPE END OK ===
[2026-06-28 08:15:02] === SCRAPE START ===
[2026-06-28 08:15:02] Fetching https://waitz.io/live/ucsd-rec
[2026-06-28 08:15:03] Saved 4 rows to ucsd_occupancy_history.csv
[2026-06-28 08:15:03] Main Gym Fitness Gym: 1% (Closed) people=1 capacity=72 is_open=False hour_summary=closed
[2026-06-28 08:15:03] Outback Climbing Center: 6% (Closed) people=2 capacity=30 is_open=False hour_summary=closed
[2026-06-28 08:15:03] RIMAC Fitness Gym: 5% (Not Busy) people=8 capacity=150 is_open=True hour_summary=open
[2026-06-28 08:15:03] Triton Esports Center: 0% (Closed) people=0 capacity=35 is_open=False hour_summary=closed
[2026-06-28 08:15:03] === SCRAPE END OK ===
[2026-06-28 08:30:02] === SCRAPE START ===
[2026-06-28 08:30:02] Fetching https://waitz.io/live/ucsd-rec
[2026-06-28 08:30:04] Saved 4 rows to ucsd_occupancy_history.csv
[2026-06-28 08:30:04] Main Gym Fitness Gym: 2% (Closed) people=1 capacity=72 is_open=False hour_summary=closed
[2026-06-28 08:30:04] Outback Climbing Center: 13% (Closed) people=4 capacity=30 is_open=False hour_summary=closed
[2026-06-28 08:30:04] RIMAC Fitness Gym: 11% (Not Busy) people=17 capacity=150 is_open=True hour_summary=open
[2026-06-28 08:30:04] Triton Esports Center: 0% (Closed) people=0 capacity=35 is_open=False hour_summary=closed
[2026-06-28 08:30:04] === SCRAPE END OK ===
[2026-06-28 08:45:02] === SCRAPE START ===
[2026-06-28 08:45:02] Fetching https://waitz.io/live/ucsd-rec
[2026-06-28 08:45:03] Saved 4 rows to ucsd_occupancy_history.csv
[2026-06-28 08:45:03] Main Gym Fitness Gym: 2% (Closed) people=2 capacity=72 is_open=False hour_summary=closed
[2026-06-28 08:45:03] Outback Climbing Center: 13% (Closed) people=4 capacity=30 is_open=False hour_summary=closed
[2026-06-28 08:45:03] RIMAC Fitness Gym: 15% (Not Busy) people=23 capacity=150 is_open=True hour_summary=open
[2026-06-28 08:45:03] Triton Esports Center: 0% (Closed) people=0 capacity=35 is_open=False hour_summary=closed
[2026-06-28 08:45:03] === SCRAPE END OK ===
[2026-06-28 09:00:02] === SCRAPE START ===
[2026-06-28 09:00:02] Fetching https://waitz.io/live/ucsd-rec
[2026-06-28 09:00:04] Saved 4 rows to ucsd_occupancy_history.csv
[2026-06-28 09:00:04] Main Gym Fitness Gym: 1% (Closed) people=1 capacity=72 is_open=False hour_summary=closed
[2026-06-28 09:00:04] Outback Climbing Center: 6% (Closed) people=2 capacity=30 is_open=False hour_summary=closed
[2026-06-28 09:00:04] RIMAC Fitness Gym: 16% (Not Busy) people=24 capacity=150 is_open=True hour_summary=open
[2026-06-28 09:00:04] Triton Esports Center: 0% (Closed) people=0 capacity=35 is_open=False hour_summary=closed
[2026-06-28 09:00:04] === SCRAPE END OK ===
[2026-06-28 09:15:02] === SCRAPE START ===
[2026-06-28 09:15:02] Fetching https://waitz.io/live/ucsd-rec
[2026-06-28 09:15:03] Saved 4 rows to ucsd_occupancy_history.csv
[2026-06-28 09:15:03] Main Gym Fitness Gym: 1% (Closed) people=1 capacity=72 is_open=False hour_summary=closed
[2026-06-28 09:15:03] Outback Climbing Center: 11% (Closed) people=3 capacity=30 is_open=False hour_summary=closed
[2026-06-28 09:15:03] RIMAC Fitness Gym: 15% (Not Busy) people=22 capacity=150 is_open=True hour_summary=open
[2026-06-28 09:15:03] Triton Esports Center: 0% (Closed) people=0 capacity=35 is_open=False hour_summary=closed
[2026-06-28 09:15:03] === SCRAPE END OK ===
[2026-06-28 09:30:02] === SCRAPE START ===
[2026-06-28 09:30:02] Fetching https://waitz.io/live/ucsd-rec
[2026-06-28 09:30:04] Saved 4 rows to ucsd_occupancy_history.csv
[2026-06-28 09:30:04] Main Gym Fitness Gym: 2% (Closed) people=2 capacity=72 is_open=False hour_summary=closed
[2026-06-28 09:30:04] Outback Climbing Center: 10% (Closed) people=3 capacity=30 is_open=False hour_summary=closed
[2026-06-28 09:30:04] RIMAC Fitness Gym: 15% (Not Busy) people=22 capacity=150 is_open=True hour_summary=open
[2026-06-28 09:30:04] Triton Esports Center: 0% (Closed) people=0 capacity=35 is_open=False hour_summary=closed
[2026-06-28 09:30:04] === SCRAPE END OK ===
[2026-06-28 09:45:02] === SCRAPE START ===
[2026-06-28 09:45:02] Fetching https://waitz.io/live/ucsd-rec
[2026-06-28 09:45:03] Saved 4 rows to ucsd_occupancy_history.csv
[2026-06-28 09:45:03] Main Gym Fitness Gym: 2% (Closed) people=2 capacity=72 is_open=False hour_summary=closed
[2026-06-28 09:45:03] Outback Climbing Center: 8% (Closed) people=2 capacity=30 is_open=False hour_summary=closed
[2026-06-28 09:45:03] RIMAC Fitness Gym: 12% (Not Busy) people=18 capacity=150 is_open=True hour_summary=open
[2026-06-28 09:45:03] Triton Esports Center: 0% (Closed) people=0 capacity=35 is_open=False hour_summary=closed
[2026-06-28 09:45:03] === SCRAPE END OK ===
[2026-06-28 10:00:02] === SCRAPE START ===
[2026-06-28 10:00:02] Fetching https://waitz.io/live/ucsd-rec
[2026-06-28 10:00:03] Saved 4 rows to ucsd_occupancy_history.csv
[2026-06-28 10:00:03] Main Gym Fitness Gym: 12% (Closed) people=9 capacity=72 is_open=False hour_summary=closed
[2026-06-28 10:00:03] Outback Climbing Center: 6% (Closed) people=2 capacity=30 is_open=False hour_summary=closed
[2026-06-28 10:00:03] RIMAC Fitness Gym: 8% (Not Busy) people=12 capacity=150 is_open=True hour_summary=open
[2026-06-28 10:00:03] Triton Esports Center: 0% (Closed) people=0 capacity=35 is_open=False hour_summary=closed
[2026-06-28 10:00:03] === SCRAPE END OK ===
[2026-06-28 10:15:02] === SCRAPE START ===
[2026-06-28 10:15:02] Fetching https://waitz.io/live/ucsd-rec
[2026-06-28 10:15:03] Saved 4 rows to ucsd_occupancy_history.csv
[2026-06-28 10:15:03] Main Gym Fitness Gym: 1% (Closed) people=1 capacity=72 is_open=False hour_summary=closed
[2026-06-28 10:15:03] Outback Climbing Center: 10% (Closed) people=3 capacity=30 is_open=False hour_summary=closed
[2026-06-28 10:15:03] RIMAC Fitness Gym: 12% (Not Busy) people=18 capacity=150 is_open=True hour_summary=open
[2026-06-28 10:15:03] Triton Esports Center: 0% (Closed) people=0 capacity=35 is_open=False hour_summary=closed
[2026-06-28 10:15:03] === SCRAPE END OK ===
[2026-06-28 10:30:02] === SCRAPE START ===
[2026-06-28 10:30:02] Fetching https://waitz.io/live/ucsd-rec
[2026-06-28 10:30:04] Saved 4 rows to ucsd_occupancy_history.csv
[2026-06-28 10:30:04] Main Gym Fitness Gym: 3% (Closed) people=2 capacity=72 is_open=False hour_summary=closed
[2026-06-28 10:30:04] Outback Climbing Center: 9% (Closed) people=3 capacity=30 is_open=False hour_summary=closed
[2026-06-28 10:30:04] RIMAC Fitness Gym: 15% (Not Busy) people=23 capacity=150 is_open=True hour_summary=open
[2026-06-28 10:30:04] Triton Esports Center: 0% (Closed) people=0 capacity=35 is_open=False hour_summary=closed
[2026-06-28 10:30:04] === SCRAPE END OK ===
[2026-06-28 10:45:02] === SCRAPE START ===
[2026-06-28 10:45:02] Fetching https://waitz.io/live/ucsd-rec
[2026-06-28 10:45:03] Saved 4 rows to ucsd_occupancy_history.csv
[2026-06-28 10:45:03] Main Gym Fitness Gym: 2% (Closed) people=1 capacity=72 is_open=False hour_summary=closed
[2026-06-28 10:45:03] Outback Climbing Center: 8% (Closed) people=3 capacity=30 is_open=False hour_summary=closed
[2026-06-28 10:45:03] RIMAC Fitness Gym: 11% (Not Busy) people=17 capacity=150 is_open=True hour_summary=open
[2026-06-28 10:45:03] Triton Esports Center: 0% (Closed) people=0 capacity=35 is_open=False hour_summary=closed
[2026-06-28 10:45:03] === SCRAPE END OK ===
[2026-06-28 11:00:02] === SCRAPE START ===
[2026-06-28 11:00:02] Fetching https://waitz.io/live/ucsd-rec
[2026-06-28 11:00:04] Saved 4 rows to ucsd_occupancy_history.csv
[2026-06-28 11:00:04] Main Gym Fitness Gym: 2% (Closed) people=1 capacity=72 is_open=False hour_summary=closed
[2026-06-28 11:00:04] Outback Climbing Center: 7% (Closed) people=2 capacity=30 is_open=False hour_summary=closed
[2026-06-28 11:00:04] RIMAC Fitness Gym: 12% (Not Busy) people=17 capacity=150 is_open=True hour_summary=open
[2026-06-28 11:00:04] Triton Esports Center: 0% (Closed) people=0 capacity=35 is_open=False hour_summary=closed
[2026-06-28 11:00:04] === SCRAPE END OK ===
[2026-06-28 11:15:02] === SCRAPE START ===
[2026-06-28 11:15:02] Fetching https://waitz.io/live/ucsd-rec
[2026-06-28 11:15:03] Saved 4 rows to ucsd_occupancy_history.csv
[2026-06-28 11:15:03] Main Gym Fitness Gym: 2% (Closed) people=1 capacity=72 is_open=False hour_summary=closed
[2026-06-28 11:15:03] Outback Climbing Center: 8% (Closed) people=3 capacity=30 is_open=False hour_summary=closed
[2026-06-28 11:15:03] RIMAC Fitness Gym: 11% (Not Busy) people=16 capacity=150 is_open=True hour_summary=open
[2026-06-28 11:15:03] Triton Esports Center: 0% (Closed) people=0 capacity=35 is_open=False hour_summary=closed
[2026-06-28 11:15:03] === SCRAPE END OK ===
[2026-06-28 11:30:02] === SCRAPE START ===
[2026-06-28 11:30:02] Fetching https://waitz.io/live/ucsd-rec
[2026-06-28 11:30:04] Saved 4 rows to ucsd_occupancy_history.csv
[2026-06-28 11:30:04] Main Gym Fitness Gym: 2% (Closed) people=1 capacity=72 is_open=False hour_summary=closed
[2026-06-28 11:30:04] Outback Climbing Center: 7% (Closed) people=2 capacity=30 is_open=False hour_summary=closed
[2026-06-28 11:30:04] RIMAC Fitness Gym: 10% (Not Busy) people=15 capacity=150 is_open=True hour_summary=open
[2026-06-28 11:30:04] Triton Esports Center: 0% (Closed) people=0 capacity=35 is_open=False hour_summary=closed
[2026-06-28 11:30:04] === SCRAPE END OK ===
[2026-06-28 11:45:02] === SCRAPE START ===
[2026-06-28 11:45:02] Fetching https://waitz.io/live/ucsd-rec
[2026-06-28 11:45:03] Saved 4 rows to ucsd_occupancy_history.csv
[2026-06-28 11:45:03] Main Gym Fitness Gym: 2% (Closed) people=1 capacity=72 is_open=False hour_summary=closed
[2026-06-28 11:45:03] Outback Climbing Center: 8% (Closed) people=2 capacity=30 is_open=False hour_summary=closed
[2026-06-28 11:45:03] RIMAC Fitness Gym: 14% (Not Busy) people=20 capacity=150 is_open=True hour_summary=open
[2026-06-28 11:45:03] Triton Esports Center: 0% (Closed) people=0 capacity=35 is_open=False hour_summary=closed
[2026-06-28 11:45:03] === SCRAPE END OK ===
[2026-06-28 12:00:02] === SCRAPE START ===
[2026-06-28 12:00:02] Fetching https://waitz.io/live/ucsd-rec
[2026-06-28 12:00:04] Saved 4 rows to ucsd_occupancy_history.csv
[2026-06-28 12:00:04] Main Gym Fitness Gym: 2% (Closed) people=1 capacity=72 is_open=False hour_summary=closed
[2026-06-28 12:00:04] Outback Climbing Center: 10% (Closed) people=3 capacity=30 is_open=False hour_summary=closed
[2026-06-28 12:00:04] RIMAC Fitness Gym: 13% (Not Busy) people=20 capacity=150 is_open=True hour_summary=open
[2026-06-28 12:00:04] Triton Esports Center: 0% (Closed) people=0 capacity=35 is_open=False hour_summary=closed
[2026-06-28 12:00:04] === SCRAPE END OK ===
[2026-06-28 12:15:02] === SCRAPE START ===
[2026-06-28 12:15:02] Fetching https://waitz.io/live/ucsd-rec
[2026-06-28 12:15:04] Saved 4 rows to ucsd_occupancy_history.csv
[2026-06-28 12:15:04] Main Gym Fitness Gym: 1% (Closed) people=1 capacity=72 is_open=False hour_summary=closed
[2026-06-28 12:15:04] Outback Climbing Center: 12% (Closed) people=4 capacity=30 is_open=False hour_summary=closed
[2026-06-28 12:15:04] RIMAC Fitness Gym: 14% (Not Busy) people=21 capacity=150 is_open=True hour_summary=open
[2026-06-28 12:15:04] Triton Esports Center: 0% (Closed) people=0 capacity=35 is_open=False hour_summary=closed
[2026-06-28 12:15:04] === SCRAPE END OK ===
[2026-06-28 12:30:02] === SCRAPE START ===
[2026-06-28 12:30:02] Fetching https://waitz.io/live/ucsd-rec
[2026-06-28 12:30:04] Saved 4 rows to ucsd_occupancy_history.csv
[2026-06-28 12:30:04] Main Gym Fitness Gym: 3% (Closed) people=2 capacity=72 is_open=False hour_summary=closed
[2026-06-28 12:30:04] Outback Climbing Center: 16% (Closed) people=5 capacity=30 is_open=False hour_summary=closed
[2026-06-28 12:30:04] RIMAC Fitness Gym: 13% (Not Busy) people=19 capacity=150 is_open=True hour_summary=open
[2026-06-28 12:30:04] Triton Esports Center: 0% (Closed) people=0 capacity=35 is_open=False hour_summary=closed
[2026-06-28 12:30:04] === SCRAPE END OK ===
[2026-06-28 12:45:02] === SCRAPE START ===
[2026-06-28 12:45:02] Fetching https://waitz.io/live/ucsd-rec
[2026-06-28 12:45:03] Saved 4 rows to ucsd_occupancy_history.csv
[2026-06-28 12:45:03] Main Gym Fitness Gym: 2% (Closed) people=2 capacity=72 is_open=False hour_summary=closed
[2026-06-28 12:45:03] Outback Climbing Center: 12% (Closed) people=4 capacity=30 is_open=False hour_summary=closed
[2026-06-28 12:45:03] RIMAC Fitness Gym: 13% (Not Busy) people=20 capacity=150 is_open=True hour_summary=open
[2026-06-28 12:45:03] Triton Esports Center: 0% (Closed) people=0 capacity=35 is_open=False hour_summary=closed
[2026-06-28 12:45:03] === SCRAPE END OK ===
[2026-06-28 13:00:02] === SCRAPE START ===
[2026-06-28 13:00:02] Fetching https://waitz.io/live/ucsd-rec
[2026-06-28 13:00:04] Saved 4 rows to ucsd_occupancy_history.csv
[2026-06-28 13:00:04] Main Gym Fitness Gym: 4% (Closed) people=3 capacity=72 is_open=False hour_summary=closed
[2026-06-28 13:00:04] Outback Climbing Center: 6% (Closed) people=2 capacity=30 is_open=False hour_summary=closed
[2026-06-28 13:00:04] RIMAC Fitness Gym: 11% (Not Busy) people=17 capacity=150 is_open=True hour_summary=open
[2026-06-28 13:00:04] Triton Esports Center: 0% (Closed) people=0 capacity=35 is_open=False hour_summary=closed
[2026-06-28 13:00:04] === SCRAPE END OK ===
[2026-06-28 13:15:02] === SCRAPE START ===
[2026-06-28 13:15:02] Fetching https://waitz.io/live/ucsd-rec
[2026-06-28 13:15:03] Saved 4 rows to ucsd_occupancy_history.csv
[2026-06-28 13:15:03] Main Gym Fitness Gym: 1% (Closed) people=1 capacity=72 is_open=False hour_summary=closed
[2026-06-28 13:15:03] Outback Climbing Center: 9% (Closed) people=3 capacity=30 is_open=False hour_summary=closed
[2026-06-28 13:15:03] RIMAC Fitness Gym: 10% (Not Busy) people=15 capacity=150 is_open=True hour_summary=open
[2026-06-28 13:15:03] Triton Esports Center: 0% (Closed) people=0 capacity=35 is_open=False hour_summary=closed
[2026-06-28 13:15:03] === SCRAPE END OK ===
[2026-06-28 13:30:02] === SCRAPE START ===
[2026-06-28 13:30:02] Fetching https://waitz.io/live/ucsd-rec
[2026-06-28 13:30:04] Saved 4 rows to ucsd_occupancy_history.csv
[2026-06-28 13:30:04] Main Gym Fitness Gym: 2% (Closed) people=2 capacity=72 is_open=False hour_summary=closed
[2026-06-28 13:30:04] Outback Climbing Center: 9% (Closed) people=3 capacity=30 is_open=False hour_summary=closed
[2026-06-28 13:30:04] RIMAC Fitness Gym: 11% (Not Busy) people=17 capacity=150 is_open=True hour_summary=open
[2026-06-28 13:30:04] Triton Esports Center: 0% (Closed) people=0 capacity=35 is_open=False hour_summary=closed
[2026-06-28 13:30:04] === SCRAPE END OK ===
[2026-06-28 13:45:02] === SCRAPE START ===
[2026-06-28 13:45:02] Fetching https://waitz.io/live/ucsd-rec
[2026-06-28 13:45:03] Saved 4 rows to ucsd_occupancy_history.csv
[2026-06-28 13:45:03] Main Gym Fitness Gym: 4% (Closed) people=3 capacity=72 is_open=False hour_summary=closed
[2026-06-28 13:45:03] Outback Climbing Center: 12% (Closed) people=3 capacity=30 is_open=False hour_summary=closed
[2026-06-28 13:45:03] RIMAC Fitness Gym: 14% (Not Busy) people=21 capacity=150 is_open=True hour_summary=open
[2026-06-28 13:45:03] Triton Esports Center: 0% (Closed) people=0 capacity=35 is_open=False hour_summary=closed
[2026-06-28 13:45:03] === SCRAPE END OK ===
[2026-06-28 14:00:02] === SCRAPE START ===
[2026-06-28 14:00:02] Fetching https://waitz.io/live/ucsd-rec
[2026-06-28 14:00:04] Saved 4 rows to ucsd_occupancy_history.csv
[2026-06-28 14:00:04] Main Gym Fitness Gym: 2% (Closed) people=2 capacity=72 is_open=False hour_summary=closed
[2026-06-28 14:00:04] Outback Climbing Center: 10% (Closed) people=3 capacity=30 is_open=False hour_summary=closed
[2026-06-28 14:00:04] RIMAC Fitness Gym: 11% (Not Busy) people=16 capacity=150 is_open=True hour_summary=open
[2026-06-28 14:00:04] Triton Esports Center: 0% (Closed) people=0 capacity=35 is_open=False hour_summary=closed
[2026-06-28 14:00:04] === SCRAPE END OK ===
[2026-06-28 14:15:02] === SCRAPE START ===
[2026-06-28 14:15:02] Fetching https://waitz.io/live/ucsd-rec
[2026-06-28 14:15:03] Saved 4 rows to ucsd_occupancy_history.csv
[2026-06-28 14:15:03] Main Gym Fitness Gym: 2% (Closed) people=1 capacity=72 is_open=False hour_summary=closed
[2026-06-28 14:15:03] Outback Climbing Center: 10% (Closed) people=3 capacity=30 is_open=False hour_summary=closed
[2026-06-28 14:15:03] RIMAC Fitness Gym: 18% (Not Busy) people=27 capacity=150 is_open=True hour_summary=open
[2026-06-28 14:15:03] Triton Esports Center: 0% (Closed) people=0 capacity=35 is_open=False hour_summary=closed
[2026-06-28 14:15:03] === SCRAPE END OK ===
[2026-06-28 14:30:02] === SCRAPE START ===
[2026-06-28 14:30:02] Fetching https://waitz.io/live/ucsd-rec
[2026-06-28 14:30:04] Saved 4 rows to ucsd_occupancy_history.csv
[2026-06-28 14:30:04] Main Gym Fitness Gym: 1% (Closed) people=1 capacity=72 is_open=False hour_summary=closed
[2026-06-28 14:30:04] Outback Climbing Center: 9% (Closed) people=3 capacity=30 is_open=False hour_summary=closed
[2026-06-28 14:30:04] RIMAC Fitness Gym: 22% (Not Busy) people=32 capacity=150 is_open=True hour_summary=open
[2026-06-28 14:30:04] Triton Esports Center: 0% (Closed) people=0 capacity=35 is_open=False hour_summary=closed
[2026-06-28 14:30:04] === SCRAPE END OK ===
[2026-06-28 14:45:02] === SCRAPE START ===
[2026-06-28 14:45:02] Fetching https://waitz.io/live/ucsd-rec
[2026-06-28 14:45:03] Saved 4 rows to ucsd_occupancy_history.csv
[2026-06-28 14:45:03] Main Gym Fitness Gym: 2% (Closed) people=1 capacity=72 is_open=False hour_summary=closed
[2026-06-28 14:45:03] Outback Climbing Center: 8% (Closed) people=3 capacity=30 is_open=False hour_summary=closed
[2026-06-28 14:45:03] RIMAC Fitness Gym: 18% (Not Busy) people=27 capacity=150 is_open=True hour_summary=open
[2026-06-28 14:45:03] Triton Esports Center: 0% (Closed) people=0 capacity=35 is_open=False hour_summary=closed
[2026-06-28 14:45:03] === SCRAPE END OK ===
[2026-06-28 15:00:02] === SCRAPE START ===
[2026-06-28 15:00:02] Fetching https://waitz.io/live/ucsd-rec
[2026-06-28 15:00:04] Saved 4 rows to ucsd_occupancy_history.csv
[2026-06-28 15:00:04] Main Gym Fitness Gym: 3% (Closed) people=2 capacity=72 is_open=False hour_summary=closed
[2026-06-28 15:00:04] Outback Climbing Center: 11% (Closed) people=3 capacity=30 is_open=False hour_summary=closed
[2026-06-28 15:00:04] RIMAC Fitness Gym: 17% (Not Busy) people=25 capacity=150 is_open=True hour_summary=open
[2026-06-28 15:00:04] Triton Esports Center: 0% (Closed) people=0 capacity=35 is_open=False hour_summary=closed
[2026-06-28 15:00:04] === SCRAPE END OK ===
[2026-06-28 15:15:02] === SCRAPE START ===
[2026-06-28 15:15:02] Fetching https://waitz.io/live/ucsd-rec
[2026-06-28 15:15:04] Saved 4 rows to ucsd_occupancy_history.csv
[2026-06-28 15:15:04] Main Gym Fitness Gym: 1% (Closed) people=1 capacity=72 is_open=False hour_summary=closed
[2026-06-28 15:15:04] Outback Climbing Center: 9% (Closed) people=3 capacity=30 is_open=False hour_summary=closed
[2026-06-28 15:15:04] RIMAC Fitness Gym: 14% (Not Busy) people=21 capacity=150 is_open=True hour_summary=open
[2026-06-28 15:15:04] Triton Esports Center: 0% (Closed) people=0 capacity=35 is_open=False hour_summary=closed
[2026-06-28 15:15:04] === SCRAPE END OK ===
[2026-06-28 15:30:02] === SCRAPE START ===
[2026-06-28 15:30:02] Fetching https://waitz.io/live/ucsd-rec
[2026-06-28 15:30:04] Saved 4 rows to ucsd_occupancy_history.csv
[2026-06-28 15:30:04] Main Gym Fitness Gym: 1% (Closed) people=1 capacity=72 is_open=False hour_summary=closed
[2026-06-28 15:30:04] Outback Climbing Center: 9% (Closed) people=3 capacity=30 is_open=False hour_summary=closed
[2026-06-28 15:30:04] RIMAC Fitness Gym: 16% (Not Busy) people=23 capacity=150 is_open=True hour_summary=open
[2026-06-28 15:30:04] Triton Esports Center: 0% (Closed) people=0 capacity=35 is_open=False hour_summary=closed
[2026-06-28 15:30:04] === SCRAPE END OK ===
[2026-06-28 15:45:03] === SCRAPE START ===
[2026-06-28 15:45:03] Fetching https://waitz.io/live/ucsd-rec
[2026-06-28 15:45:04] Saved 4 rows to ucsd_occupancy_history.csv
[2026-06-28 15:45:04] Main Gym Fitness Gym: 7% (Closed) people=5 capacity=72 is_open=False hour_summary=closed
[2026-06-28 15:45:04] Outback Climbing Center: 7% (Closed) people=2 capacity=30 is_open=False hour_summary=closed
[2026-06-28 15:45:04] RIMAC Fitness Gym: 24% (Not Busy) people=36 capacity=150 is_open=True hour_summary=open
[2026-06-28 15:45:04] Triton Esports Center: 0% (Closed) people=0 capacity=35 is_open=False hour_summary=closed
[2026-06-28 15:45:04] === SCRAPE END OK ===
[2026-06-28 16:00:02] === SCRAPE START ===
[2026-06-28 16:00:02] Fetching https://waitz.io/live/ucsd-rec
[2026-06-28 16:00:04] Saved 4 rows to ucsd_occupancy_history.csv
[2026-06-28 16:00:04] Main Gym Fitness Gym: 3% (Closed) people=2 capacity=72 is_open=False hour_summary=closed
[2026-06-28 16:00:04] Outback Climbing Center: 14% (Closed) people=4 capacity=30 is_open=False hour_summary=closed
[2026-06-28 16:00:04] RIMAC Fitness Gym: 21% (Not Busy) people=32 capacity=150 is_open=True hour_summary=open
[2026-06-28 16:00:04] Triton Esports Center: 0% (Closed) people=0 capacity=35 is_open=False hour_summary=closed
[2026-06-28 16:00:04] === SCRAPE END OK ===
[2026-06-28 16:15:02] === SCRAPE START ===
[2026-06-28 16:15:02] Fetching https://waitz.io/live/ucsd-rec
[2026-06-28 16:15:03] Saved 4 rows to ucsd_occupancy_history.csv
[2026-06-28 16:15:03] Main Gym Fitness Gym: 1% (Closed) people=1 capacity=72 is_open=False hour_summary=closed
[2026-06-28 16:15:03] Outback Climbing Center: 6% (Closed) people=2 capacity=30 is_open=False hour_summary=closed
[2026-06-28 16:15:03] RIMAC Fitness Gym: 26% (Not Busy) people=39 capacity=150 is_open=True hour_summary=open
[2026-06-28 16:15:03] Triton Esports Center: 0% (Closed) people=0 capacity=35 is_open=False hour_summary=closed
[2026-06-28 16:15:03] === SCRAPE END OK ===
[2026-06-28 16:30:02] === SCRAPE START ===
[2026-06-28 16:30:02] Fetching https://waitz.io/live/ucsd-rec
[2026-06-28 16:30:04] Saved 4 rows to ucsd_occupancy_history.csv
[2026-06-28 16:30:04] Main Gym Fitness Gym: 4% (Closed) people=3 capacity=72 is_open=False hour_summary=closed
[2026-06-28 16:30:04] Outback Climbing Center: 7% (Closed) people=2 capacity=30 is_open=False hour_summary=closed
[2026-06-28 16:30:04] RIMAC Fitness Gym: 24% (Not Busy) people=36 capacity=150 is_open=True hour_summary=open
[2026-06-28 16:30:04] Triton Esports Center: 0% (Closed) people=0 capacity=35 is_open=False hour_summary=closed
[2026-06-28 16:30:04] === SCRAPE END OK ===
[2026-06-28 16:45:02] === SCRAPE START ===
[2026-06-28 16:45:02] Fetching https://waitz.io/live/ucsd-rec
[2026-06-28 16:45:03] Saved 4 rows to ucsd_occupancy_history.csv
[2026-06-28 16:45:03] Main Gym Fitness Gym: 1% (Closed) people=1 capacity=72 is_open=False hour_summary=closed
[2026-06-28 16:45:03] Outback Climbing Center: 10% (Closed) people=3 capacity=30 is_open=False hour_summary=closed
[2026-06-28 16:45:03] RIMAC Fitness Gym: 22% (Not Busy) people=34 capacity=150 is_open=True hour_summary=open
[2026-06-28 16:45:03] Triton Esports Center: 0% (Closed) people=0 capacity=35 is_open=False hour_summary=closed
[2026-06-28 16:45:03] === SCRAPE END OK ===
[2026-06-28 17:00:02] === SCRAPE START ===
[2026-06-28 17:00:02] Fetching https://waitz.io/live/ucsd-rec
[2026-06-28 17:00:04] Saved 4 rows to ucsd_occupancy_history.csv
[2026-06-28 17:00:04] Main Gym Fitness Gym: 1% (Closed) people=1 capacity=72 is_open=False hour_summary=closed
[2026-06-28 17:00:04] Outback Climbing Center: 7% (Closed) people=2 capacity=30 is_open=False hour_summary=closed
[2026-06-28 17:00:04] RIMAC Fitness Gym: 19% (Not Busy) people=28 capacity=150 is_open=True hour_summary=open
[2026-06-28 17:00:04] Triton Esports Center: 0% (Closed) people=0 capacity=35 is_open=False hour_summary=closed
[2026-06-28 17:00:04] === SCRAPE END OK ===
[2026-06-28 17:15:02] === SCRAPE START ===
[2026-06-28 17:15:02] Fetching https://waitz.io/live/ucsd-rec
[2026-06-28 17:15:04] Saved 4 rows to ucsd_occupancy_history.csv
[2026-06-28 17:15:04] Main Gym Fitness Gym: 1% (Closed) people=1 capacity=72 is_open=False hour_summary=closed
[2026-06-28 17:15:04] Outback Climbing Center: 4% (Closed) people=1 capacity=30 is_open=False hour_summary=closed
[2026-06-28 17:15:04] RIMAC Fitness Gym: 20% (Not Busy) people=30 capacity=150 is_open=True hour_summary=open
[2026-06-28 17:15:04] Triton Esports Center: 0% (Closed) people=0 capacity=35 is_open=False hour_summary=closed
[2026-06-28 17:15:04] === SCRAPE END OK ===
[2026-06-28 17:30:02] === SCRAPE START ===
[2026-06-28 17:30:02] Fetching https://waitz.io/live/ucsd-rec
[2026-06-28 17:30:04] Saved 4 rows to ucsd_occupancy_history.csv
[2026-06-28 17:30:04] Main Gym Fitness Gym: 2% (Closed) people=1 capacity=72 is_open=False hour_summary=closed
[2026-06-28 17:30:04] Outback Climbing Center: 8% (Closed) people=2 capacity=30 is_open=False hour_summary=closed
[2026-06-28 17:30:04] RIMAC Fitness Gym: 23% (Not Busy) people=34 capacity=150 is_open=True hour_summary=open
[2026-06-28 17:30:04] Triton Esports Center: 0% (Closed) people=0 capacity=35 is_open=False hour_summary=closed
[2026-06-28 17:30:04] === SCRAPE END OK ===
[2026-06-28 17:45:02] === SCRAPE START ===
[2026-06-28 17:45:02] Fetching https://waitz.io/live/ucsd-rec
[2026-06-28 17:45:03] Saved 4 rows to ucsd_occupancy_history.csv
[2026-06-28 17:45:03] Main Gym Fitness Gym: 2% (Closed) people=1 capacity=72 is_open=False hour_summary=closed
[2026-06-28 17:45:03] Outback Climbing Center: 8% (Closed) people=3 capacity=30 is_open=False hour_summary=closed
[2026-06-28 17:45:03] RIMAC Fitness Gym: 24% (Not Busy) people=36 capacity=150 is_open=True hour_summary=open
[2026-06-28 17:45:03] Triton Esports Center: 0% (Closed) people=0 capacity=35 is_open=False hour_summary=closed
[2026-06-28 17:45:03] === SCRAPE END OK ===
[2026-06-28 18:00:02] === SCRAPE START ===
[2026-06-28 18:00:02] Fetching https://waitz.io/live/ucsd-rec
[2026-06-28 18:00:04] Saved 4 rows to ucsd_occupancy_history.csv
[2026-06-28 18:00:04] Main Gym Fitness Gym: 1% (Closed) people=1 capacity=72 is_open=False hour_summary=closed
[2026-06-28 18:00:04] Outback Climbing Center: 8% (Closed) people=2 capacity=30 is_open=False hour_summary=closed
[2026-06-28 18:00:04] RIMAC Fitness Gym: 21% (Not Busy) people=31 capacity=150 is_open=True hour_summary=open
[2026-06-28 18:00:04] Triton Esports Center: 0% (Closed) people=0 capacity=35 is_open=False hour_summary=closed
[2026-06-28 18:00:04] === SCRAPE END OK ===
