[2026-04-25 00:00:01] === SCRAPE START ===
[2026-04-25 00:00:01] Fetching https://waitz.io/live/ucsd-rec
[2026-04-25 00:00:03] Saved 4 rows to ucsd_occupancy_history.csv
[2026-04-25 00:00:03] Main Gym Fitness Gym: 2% (Closed) people=1 capacity=72 is_open=False hour_summary=Closed until 8:00am
[2026-04-25 00:00:03] Outback Climbing Center: 1% (Closed) people=0 capacity=30 is_open=False hour_summary=Closed until 11:00am
[2026-04-25 00:00:03] RIMAC Fitness Gym: 0% (Closed) people=0 capacity=150 is_open=False hour_summary=Closed until 8:00am
[2026-04-25 00:00:03] Triton Esports Center: 0% (Closed) people=0 capacity=35 is_open=False hour_summary=Closed until 11:00am
[2026-04-25 00:00:03] === SCRAPE END OK ===
[2026-04-25 00:15:02] === SCRAPE START ===
[2026-04-25 00:15:02] Fetching https://waitz.io/live/ucsd-rec
[2026-04-25 00:15:03] Saved 4 rows to ucsd_occupancy_history.csv
[2026-04-25 00:15:03] Main Gym Fitness Gym: 1% (Closed) people=1 capacity=72 is_open=False hour_summary=Closed until 8:00am
[2026-04-25 00:15:03] Outback Climbing Center: 1% (Closed) people=0 capacity=30 is_open=False hour_summary=Closed until 11:00am
[2026-04-25 00:15:03] RIMAC Fitness Gym: 0% (Closed) people=0 capacity=150 is_open=False hour_summary=Closed until 8:00am
[2026-04-25 00:15:03] Triton Esports Center: 0% (Closed) people=0 capacity=35 is_open=False hour_summary=Closed until 11:00am
[2026-04-25 00:15:03] === SCRAPE END OK ===
[2026-04-25 00:30:02] === SCRAPE START ===
[2026-04-25 00:30:02] Fetching https://waitz.io/live/ucsd-rec
[2026-04-25 00:30:04] Saved 4 rows to ucsd_occupancy_history.csv
[2026-04-25 00:30:04] Main Gym Fitness Gym: 1% (Closed) people=1 capacity=72 is_open=False hour_summary=Closed until 8:00am
[2026-04-25 00:30:04] Outback Climbing Center: 2% (Closed) people=0 capacity=30 is_open=False hour_summary=Closed until 11:00am
[2026-04-25 00:30:04] RIMAC Fitness Gym: 0% (Closed) people=0 capacity=150 is_open=False hour_summary=Closed until 8:00am
[2026-04-25 00:30:04] Triton Esports Center: 0% (Closed) people=0 capacity=35 is_open=False hour_summary=Closed until 11:00am
[2026-04-25 00:30:04] === SCRAPE END OK ===
[2026-04-25 00:45:02] === SCRAPE START ===
[2026-04-25 00:45:02] Fetching https://waitz.io/live/ucsd-rec
[2026-04-25 00:45:03] Saved 4 rows to ucsd_occupancy_history.csv
[2026-04-25 00:45:03] Main Gym Fitness Gym: 3% (Closed) people=2 capacity=72 is_open=False hour_summary=Closed until 8:00am
[2026-04-25 00:45:03] Outback Climbing Center: 1% (Closed) people=0 capacity=30 is_open=False hour_summary=Closed until 11:00am
[2026-04-25 00:45:03] RIMAC Fitness Gym: 0% (Closed) people=0 capacity=150 is_open=False hour_summary=Closed until 8:00am
[2026-04-25 00:45:03] Triton Esports Center: 0% (Closed) people=0 capacity=35 is_open=False hour_summary=Closed until 11:00am
[2026-04-25 00:45:03] === SCRAPE END OK ===
[2026-04-25 01:00:02] === SCRAPE START ===
[2026-04-25 01:00:02] Fetching https://waitz.io/live/ucsd-rec
[2026-04-25 01:00:04] Saved 4 rows to ucsd_occupancy_history.csv
[2026-04-25 01:00:04] Main Gym Fitness Gym: 1% (Closed) people=1 capacity=72 is_open=False hour_summary=Closed until 8:00am
[2026-04-25 01:00:04] Outback Climbing Center: 2% (Closed) people=1 capacity=30 is_open=False hour_summary=Closed until 11:00am
[2026-04-25 01:00:04] RIMAC Fitness Gym: 0% (Closed) people=0 capacity=150 is_open=False hour_summary=Closed until 8:00am
[2026-04-25 01:00:04] Triton Esports Center: 0% (Closed) people=0 capacity=35 is_open=False hour_summary=Closed until 11:00am
[2026-04-25 01:00:04] === SCRAPE END OK ===
[2026-04-25 01:15:02] === SCRAPE START ===
[2026-04-25 01:15:02] Fetching https://waitz.io/live/ucsd-rec
[2026-04-25 01:15:03] Saved 4 rows to ucsd_occupancy_history.csv
[2026-04-25 01:15:03] Main Gym Fitness Gym: 1% (Closed) people=1 capacity=72 is_open=False hour_summary=Closed until 8:00am
[2026-04-25 01:15:03] Outback Climbing Center: 4% (Closed) people=1 capacity=30 is_open=False hour_summary=Closed until 11:00am
[2026-04-25 01:15:03] RIMAC Fitness Gym: 0% (Closed) people=0 capacity=150 is_open=False hour_summary=Closed until 8:00am
[2026-04-25 01:15:03] Triton Esports Center: 0% (Closed) people=0 capacity=35 is_open=False hour_summary=Closed until 11:00am
[2026-04-25 01:15:03] === SCRAPE END OK ===
[2026-04-25 01:30:02] === SCRAPE START ===
[2026-04-25 01:30:02] Fetching https://waitz.io/live/ucsd-rec
[2026-04-25 01:30:03] Saved 4 rows to ucsd_occupancy_history.csv
[2026-04-25 01:30:03] Main Gym Fitness Gym: 2% (Closed) people=1 capacity=72 is_open=False hour_summary=Closed until 8:00am
[2026-04-25 01:30:03] Outback Climbing Center: 1% (Closed) people=0 capacity=30 is_open=False hour_summary=Closed until 11:00am
[2026-04-25 01:30:03] RIMAC Fitness Gym: 0% (Closed) people=0 capacity=150 is_open=False hour_summary=Closed until 8:00am
[2026-04-25 01:30:03] Triton Esports Center: 0% (Closed) people=0 capacity=35 is_open=False hour_summary=Closed until 11:00am
[2026-04-25 01:30:03] === SCRAPE END OK ===
[2026-04-25 01:45:02] === SCRAPE START ===
[2026-04-25 01:45:02] Fetching https://waitz.io/live/ucsd-rec
[2026-04-25 01:45:04] Saved 4 rows to ucsd_occupancy_history.csv
[2026-04-25 01:45:04] Main Gym Fitness Gym: 1% (Closed) people=1 capacity=72 is_open=False hour_summary=Closed until 8:00am
[2026-04-25 01:45:04] Outback Climbing Center: 1% (Closed) people=0 capacity=30 is_open=False hour_summary=Closed until 11:00am
[2026-04-25 01:45:04] RIMAC Fitness Gym: 0% (Closed) people=0 capacity=150 is_open=False hour_summary=Closed until 8:00am
[2026-04-25 01:45:04] Triton Esports Center: 0% (Closed) people=0 capacity=35 is_open=False hour_summary=Closed until 11:00am
[2026-04-25 01:45:04] === SCRAPE END OK ===
[2026-04-25 02:00:02] === SCRAPE START ===
[2026-04-25 02:00:02] Fetching https://waitz.io/live/ucsd-rec
[2026-04-25 02:00:05] Saved 4 rows to ucsd_occupancy_history.csv
[2026-04-25 02:00:05] Main Gym Fitness Gym: 2% (Closed) people=1 capacity=72 is_open=False hour_summary=Closed until 8:00am
[2026-04-25 02:00:05] Outback Climbing Center: 4% (Closed) people=1 capacity=30 is_open=False hour_summary=Closed until 11:00am
[2026-04-25 02:00:05] RIMAC Fitness Gym: 0% (Closed) people=0 capacity=150 is_open=False hour_summary=Closed until 8:00am
[2026-04-25 02:00:05] Triton Esports Center: 0% (Closed) people=0 capacity=35 is_open=False hour_summary=Closed until 11:00am
[2026-04-25 02:00:05] === SCRAPE END OK ===
[2026-04-25 02:15:02] === SCRAPE START ===
[2026-04-25 02:15:02] Fetching https://waitz.io/live/ucsd-rec
[2026-04-25 02:15:03] Saved 4 rows to ucsd_occupancy_history.csv
[2026-04-25 02:15:03] Main Gym Fitness Gym: 1% (Closed) people=1 capacity=72 is_open=False hour_summary=Closed until 8:00am
[2026-04-25 02:15:03] Outback Climbing Center: 1% (Closed) people=0 capacity=30 is_open=False hour_summary=Closed until 11:00am
[2026-04-25 02:15:03] RIMAC Fitness Gym: 0% (Closed) people=1 capacity=150 is_open=False hour_summary=Closed until 8:00am
[2026-04-25 02:15:03] Triton Esports Center: 0% (Closed) people=0 capacity=35 is_open=False hour_summary=Closed until 11:00am
[2026-04-25 02:15:03] === SCRAPE END OK ===
[2026-04-25 02:30:02] === SCRAPE START ===
[2026-04-25 02:30:02] Fetching https://waitz.io/live/ucsd-rec
[2026-04-25 02:30:03] Saved 4 rows to ucsd_occupancy_history.csv
[2026-04-25 02:30:03] Main Gym Fitness Gym: 1% (Closed) people=1 capacity=72 is_open=False hour_summary=Closed until 8:00am
[2026-04-25 02:30:03] Outback Climbing Center: 1% (Closed) people=0 capacity=30 is_open=False hour_summary=Closed until 11:00am
[2026-04-25 02:30:03] RIMAC Fitness Gym: 0% (Closed) people=0 capacity=150 is_open=False hour_summary=Closed until 8:00am
[2026-04-25 02:30:03] Triton Esports Center: 0% (Closed) people=0 capacity=35 is_open=False hour_summary=Closed until 11:00am
[2026-04-25 02:30:03] === SCRAPE END OK ===
[2026-04-25 02:45:02] === SCRAPE START ===
[2026-04-25 02:45:02] Fetching https://waitz.io/live/ucsd-rec
[2026-04-25 02:45:03] Saved 4 rows to ucsd_occupancy_history.csv
[2026-04-25 02:45:03] Main Gym Fitness Gym: 2% (Closed) people=1 capacity=72 is_open=False hour_summary=Closed until 8:00am
[2026-04-25 02:45:03] Outback Climbing Center: 5% (Closed) people=1 capacity=30 is_open=False hour_summary=Closed until 11:00am
[2026-04-25 02:45:03] RIMAC Fitness Gym: 0% (Closed) people=0 capacity=150 is_open=False hour_summary=Closed until 8:00am
[2026-04-25 02:45:03] Triton Esports Center: 0% (Closed) people=0 capacity=35 is_open=False hour_summary=Closed until 11:00am
[2026-04-25 02:45:03] === SCRAPE END OK ===
[2026-04-25 03:00:02] === SCRAPE START ===
[2026-04-25 03:00:02] Fetching https://waitz.io/live/ucsd-rec
[2026-04-25 03:00:04] Saved 4 rows to ucsd_occupancy_history.csv
[2026-04-25 03:00:04] Main Gym Fitness Gym: 1% (Closed) people=1 capacity=72 is_open=False hour_summary=Closed until 8:00am
[2026-04-25 03:00:04] Outback Climbing Center: 1% (Closed) people=0 capacity=30 is_open=False hour_summary=Closed until 11:00am
[2026-04-25 03:00:04] RIMAC Fitness Gym: 0% (Closed) people=0 capacity=150 is_open=False hour_summary=Closed until 8:00am
[2026-04-25 03:00:04] Triton Esports Center: 0% (Closed) people=0 capacity=35 is_open=False hour_summary=Closed until 11:00am
[2026-04-25 03:00:04] === SCRAPE END OK ===
[2026-04-25 03:15:02] === SCRAPE START ===
[2026-04-25 03:15:02] Fetching https://waitz.io/live/ucsd-rec
[2026-04-25 03:15:03] Saved 4 rows to ucsd_occupancy_history.csv
[2026-04-25 03:15:03] Main Gym Fitness Gym: 1% (Closed) people=1 capacity=72 is_open=False hour_summary=Closed until 8:00am
[2026-04-25 03:15:03] Outback Climbing Center: 5% (Closed) people=2 capacity=30 is_open=False hour_summary=Closed until 11:00am
[2026-04-25 03:15:03] RIMAC Fitness Gym: 0% (Closed) people=0 capacity=150 is_open=False hour_summary=Closed until 8:00am
[2026-04-25 03:15:03] Triton Esports Center: 0% (Closed) people=0 capacity=35 is_open=False hour_summary=Closed until 11:00am
[2026-04-25 03:15:03] === SCRAPE END OK ===
[2026-04-25 03:30:02] === SCRAPE START ===
[2026-04-25 03:30:02] Fetching https://waitz.io/live/ucsd-rec
[2026-04-25 03:30:03] Saved 4 rows to ucsd_occupancy_history.csv
[2026-04-25 03:30:03] Main Gym Fitness Gym: 1% (Closed) people=1 capacity=72 is_open=False hour_summary=Closed until 8:00am
[2026-04-25 03:30:03] Outback Climbing Center: 2% (Closed) people=0 capacity=30 is_open=False hour_summary=Closed until 11:00am
[2026-04-25 03:30:03] RIMAC Fitness Gym: 0% (Closed) people=0 capacity=150 is_open=False hour_summary=Closed until 8:00am
[2026-04-25 03:30:03] Triton Esports Center: 0% (Closed) people=0 capacity=35 is_open=False hour_summary=Closed until 11:00am
[2026-04-25 03:30:03] === SCRAPE END OK ===
[2026-04-25 03:45:02] === SCRAPE START ===
[2026-04-25 03:45:02] Fetching https://waitz.io/live/ucsd-rec
[2026-04-25 03:45:03] Saved 4 rows to ucsd_occupancy_history.csv
[2026-04-25 03:45:03] Main Gym Fitness Gym: 1% (Closed) people=1 capacity=72 is_open=False hour_summary=Closed until 8:00am
[2026-04-25 03:45:03] Outback Climbing Center: 4% (Closed) people=1 capacity=30 is_open=False hour_summary=Closed until 11:00am
[2026-04-25 03:45:03] RIMAC Fitness Gym: 0% (Closed) people=1 capacity=150 is_open=False hour_summary=Closed until 8:00am
[2026-04-25 03:45:03] Triton Esports Center: 0% (Closed) people=0 capacity=35 is_open=False hour_summary=Closed until 11:00am
[2026-04-25 03:45:03] === SCRAPE END OK ===
[2026-04-25 04:00:02] === SCRAPE START ===
[2026-04-25 04:00:02] Fetching https://waitz.io/live/ucsd-rec
[2026-04-25 04:00:04] Saved 4 rows to ucsd_occupancy_history.csv
[2026-04-25 04:00:04] Main Gym Fitness Gym: 1% (Closed) people=1 capacity=72 is_open=False hour_summary=Closed until 8:00am
[2026-04-25 04:00:04] Outback Climbing Center: 1% (Closed) people=0 capacity=30 is_open=False hour_summary=Closed until 11:00am
[2026-04-25 04:00:04] RIMAC Fitness Gym: 0% (Closed) people=1 capacity=150 is_open=False hour_summary=Closed until 8:00am
[2026-04-25 04:00:04] Triton Esports Center: 0% (Closed) people=0 capacity=35 is_open=False hour_summary=Closed until 11:00am
[2026-04-25 04:00:04] === SCRAPE END OK ===
[2026-04-25 04:15:02] === SCRAPE START ===
[2026-04-25 04:15:02] Fetching https://waitz.io/live/ucsd-rec
[2026-04-25 04:15:03] Saved 4 rows to ucsd_occupancy_history.csv
[2026-04-25 04:15:03] Main Gym Fitness Gym: 1% (Closed) people=1 capacity=72 is_open=False hour_summary=Closed until 8:00am
[2026-04-25 04:15:03] Outback Climbing Center: 2% (Closed) people=1 capacity=30 is_open=False hour_summary=Closed until 11:00am
[2026-04-25 04:15:03] RIMAC Fitness Gym: 0% (Closed) people=0 capacity=150 is_open=False hour_summary=Closed until 8:00am
[2026-04-25 04:15:03] Triton Esports Center: 0% (Closed) people=0 capacity=35 is_open=False hour_summary=Closed until 11:00am
[2026-04-25 04:15:03] === SCRAPE END OK ===
[2026-04-25 04:30:02] === SCRAPE START ===
[2026-04-25 04:30:02] Fetching https://waitz.io/live/ucsd-rec
[2026-04-25 04:30:03] Saved 4 rows to ucsd_occupancy_history.csv
[2026-04-25 04:30:03] Main Gym Fitness Gym: 1% (Closed) people=1 capacity=72 is_open=False hour_summary=Closed until 8:00am
[2026-04-25 04:30:03] Outback Climbing Center: 2% (Closed) people=0 capacity=30 is_open=False hour_summary=Closed until 11:00am
[2026-04-25 04:30:03] RIMAC Fitness Gym: 0% (Closed) people=1 capacity=150 is_open=False hour_summary=Closed until 8:00am
[2026-04-25 04:30:03] Triton Esports Center: 0% (Closed) people=0 capacity=35 is_open=False hour_summary=Closed until 11:00am
[2026-04-25 04:30:03] === SCRAPE END OK ===
[2026-04-25 04:45:02] === SCRAPE START ===
[2026-04-25 04:45:02] Fetching https://waitz.io/live/ucsd-rec
[2026-04-25 04:45:04] Saved 4 rows to ucsd_occupancy_history.csv
[2026-04-25 04:45:04] Main Gym Fitness Gym: 1% (Closed) people=1 capacity=72 is_open=False hour_summary=Closed until 8:00am
[2026-04-25 04:45:04] Outback Climbing Center: 1% (Closed) people=0 capacity=30 is_open=False hour_summary=Closed until 11:00am
[2026-04-25 04:45:04] RIMAC Fitness Gym: 0% (Closed) people=0 capacity=150 is_open=False hour_summary=Closed until 8:00am
[2026-04-25 04:45:04] Triton Esports Center: 0% (Closed) people=0 capacity=35 is_open=False hour_summary=Closed until 11:00am
[2026-04-25 04:45:04] === SCRAPE END OK ===
[2026-04-25 05:00:02] === SCRAPE START ===
[2026-04-25 05:00:02] Fetching https://waitz.io/live/ucsd-rec
[2026-04-25 05:00:05] Saved 4 rows to ucsd_occupancy_history.csv
[2026-04-25 05:00:05] Main Gym Fitness Gym: 1% (Closed) people=1 capacity=72 is_open=False hour_summary=Closed until 8:00am
[2026-04-25 05:00:05] Outback Climbing Center: 3% (Closed) people=1 capacity=30 is_open=False hour_summary=Closed until 11:00am
[2026-04-25 05:00:05] RIMAC Fitness Gym: 0% (Closed) people=0 capacity=150 is_open=False hour_summary=Closed until 8:00am
[2026-04-25 05:00:05] Triton Esports Center: 0% (Closed) people=0 capacity=35 is_open=False hour_summary=Closed until 11:00am
[2026-04-25 05:00:05] === SCRAPE END OK ===
[2026-04-25 05:15:02] === SCRAPE START ===
[2026-04-25 05:15:02] Fetching https://waitz.io/live/ucsd-rec
[2026-04-25 05:15:03] Saved 4 rows to ucsd_occupancy_history.csv
[2026-04-25 05:15:03] Main Gym Fitness Gym: 1% (Closed) people=1 capacity=72 is_open=False hour_summary=Closed until 8:00am
[2026-04-25 05:15:03] Outback Climbing Center: 3% (Closed) people=1 capacity=30 is_open=False hour_summary=Closed until 11:00am
[2026-04-25 05:15:03] RIMAC Fitness Gym: 0% (Closed) people=0 capacity=150 is_open=False hour_summary=Closed until 8:00am
[2026-04-25 05:15:03] Triton Esports Center: 0% (Closed) people=0 capacity=35 is_open=False hour_summary=Closed until 11:00am
[2026-04-25 05:15:03] === SCRAPE END OK ===
[2026-04-25 05:30:02] === SCRAPE START ===
[2026-04-25 05:30:02] Fetching https://waitz.io/live/ucsd-rec
[2026-04-25 05:30:03] Saved 4 rows to ucsd_occupancy_history.csv
[2026-04-25 05:30:03] Main Gym Fitness Gym: 1% (Closed) people=1 capacity=72 is_open=False hour_summary=Closed until 8:00am
[2026-04-25 05:30:03] Outback Climbing Center: 1% (Closed) people=0 capacity=30 is_open=False hour_summary=Closed until 11:00am
[2026-04-25 05:30:03] RIMAC Fitness Gym: 0% (Closed) people=0 capacity=150 is_open=False hour_summary=Closed until 8:00am
[2026-04-25 05:30:03] Triton Esports Center: 0% (Closed) people=0 capacity=35 is_open=False hour_summary=Closed until 11:00am
[2026-04-25 05:30:03] === SCRAPE END OK ===
[2026-04-25 05:45:02] === SCRAPE START ===
[2026-04-25 05:45:02] Fetching https://waitz.io/live/ucsd-rec
[2026-04-25 05:45:03] Saved 4 rows to ucsd_occupancy_history.csv
[2026-04-25 05:45:03] Main Gym Fitness Gym: 2% (Closed) people=1 capacity=72 is_open=False hour_summary=Closed until 8:00am
[2026-04-25 05:45:03] Outback Climbing Center: 2% (Closed) people=1 capacity=30 is_open=False hour_summary=Closed until 11:00am
[2026-04-25 05:45:03] RIMAC Fitness Gym: 0% (Closed) people=0 capacity=150 is_open=False hour_summary=Closed until 8:00am
[2026-04-25 05:45:03] Triton Esports Center: 0% (Closed) people=0 capacity=35 is_open=False hour_summary=Closed until 11:00am
[2026-04-25 05:45:03] === SCRAPE END OK ===
[2026-04-25 06:00:02] === SCRAPE START ===
[2026-04-25 06:00:02] Fetching https://waitz.io/live/ucsd-rec
[2026-04-25 06:00:03] Saved 4 rows to ucsd_occupancy_history.csv
[2026-04-25 06:00:03] Main Gym Fitness Gym: 1% (Closed) people=1 capacity=72 is_open=False hour_summary=Closed until 8:00am
[2026-04-25 06:00:03] Outback Climbing Center: 3% (Closed) people=1 capacity=30 is_open=False hour_summary=Closed until 11:00am
[2026-04-25 06:00:03] RIMAC Fitness Gym: 0% (Closed) people=0 capacity=150 is_open=False hour_summary=Closed until 8:00am
[2026-04-25 06:00:03] Triton Esports Center: 0% (Closed) people=0 capacity=35 is_open=False hour_summary=Closed until 11:00am
[2026-04-25 06:00:03] === SCRAPE END OK ===
[2026-04-25 06:15:02] === SCRAPE START ===
[2026-04-25 06:15:02] Fetching https://waitz.io/live/ucsd-rec
[2026-04-25 06:15:03] Saved 4 rows to ucsd_occupancy_history.csv
[2026-04-25 06:15:03] Main Gym Fitness Gym: 1% (Closed) people=1 capacity=72 is_open=False hour_summary=Closed until 8:00am
[2026-04-25 06:15:03] Outback Climbing Center: 1% (Closed) people=0 capacity=30 is_open=False hour_summary=Closed until 11:00am
[2026-04-25 06:15:03] RIMAC Fitness Gym: 0% (Closed) people=0 capacity=150 is_open=False hour_summary=Closed until 8:00am
[2026-04-25 06:15:03] Triton Esports Center: 0% (Closed) people=0 capacity=35 is_open=False hour_summary=Closed until 11:00am
[2026-04-25 06:15:03] === SCRAPE END OK ===
[2026-04-25 06:30:02] === SCRAPE START ===
[2026-04-25 06:30:02] Fetching https://waitz.io/live/ucsd-rec
[2026-04-25 06:30:03] Saved 4 rows to ucsd_occupancy_history.csv
[2026-04-25 06:30:03] Main Gym Fitness Gym: 1% (Closed) people=1 capacity=72 is_open=False hour_summary=Closed until 8:00am
[2026-04-25 06:30:03] Outback Climbing Center: 2% (Closed) people=1 capacity=30 is_open=False hour_summary=Closed until 11:00am
[2026-04-25 06:30:03] RIMAC Fitness Gym: 1% (Closed) people=1 capacity=150 is_open=False hour_summary=Closed until 8:00am
[2026-04-25 06:30:03] Triton Esports Center: 0% (Closed) people=0 capacity=35 is_open=False hour_summary=Closed until 11:00am
[2026-04-25 06:30:03] === SCRAPE END OK ===
[2026-04-25 06:45:02] === SCRAPE START ===
[2026-04-25 06:45:02] Fetching https://waitz.io/live/ucsd-rec
[2026-04-25 06:45:04] Saved 4 rows to ucsd_occupancy_history.csv
[2026-04-25 06:45:04] Main Gym Fitness Gym: 1% (Closed) people=1 capacity=72 is_open=False hour_summary=Closed until 8:00am
[2026-04-25 06:45:04] Outback Climbing Center: 1% (Closed) people=0 capacity=30 is_open=False hour_summary=Closed until 11:00am
[2026-04-25 06:45:04] RIMAC Fitness Gym: 1% (Closed) people=1 capacity=150 is_open=False hour_summary=Closed until 8:00am
[2026-04-25 06:45:04] Triton Esports Center: 0% (Closed) people=0 capacity=35 is_open=False hour_summary=Closed until 11:00am
[2026-04-25 06:45:04] === SCRAPE END OK ===
[2026-04-25 07:00:02] === SCRAPE START ===
[2026-04-25 07:00:02] Fetching https://waitz.io/live/ucsd-rec
[2026-04-25 07:00:03] Saved 4 rows to ucsd_occupancy_history.csv
[2026-04-25 07:00:03] Main Gym Fitness Gym: 1% (Closed) people=1 capacity=72 is_open=False hour_summary=Closed until 8:00am
[2026-04-25 07:00:03] Outback Climbing Center: 1% (Closed) people=0 capacity=30 is_open=False hour_summary=Closed until 11:00am
[2026-04-25 07:00:03] RIMAC Fitness Gym: 0% (Closed) people=1 capacity=150 is_open=False hour_summary=Closed until 8:00am
[2026-04-25 07:00:03] Triton Esports Center: 0% (Closed) people=0 capacity=35 is_open=False hour_summary=Closed until 11:00am
[2026-04-25 07:00:03] === SCRAPE END OK ===
[2026-04-25 07:15:02] === SCRAPE START ===
[2026-04-25 07:15:02] Fetching https://waitz.io/live/ucsd-rec
[2026-04-25 07:15:04] Saved 4 rows to ucsd_occupancy_history.csv
[2026-04-25 07:15:04] Main Gym Fitness Gym: 1% (Closed) people=1 capacity=72 is_open=False hour_summary=Closed until 8:00am
[2026-04-25 07:15:04] Outback Climbing Center: 2% (Closed) people=1 capacity=30 is_open=False hour_summary=Closed until 11:00am
[2026-04-25 07:15:04] RIMAC Fitness Gym: 0% (Closed) people=0 capacity=150 is_open=False hour_summary=Closed until 8:00am
[2026-04-25 07:15:04] Triton Esports Center: 0% (Closed) people=0 capacity=35 is_open=False hour_summary=Closed until 11:00am
[2026-04-25 07:15:04] === SCRAPE END OK ===
[2026-04-25 07:30:02] === SCRAPE START ===
[2026-04-25 07:30:02] Fetching https://waitz.io/live/ucsd-rec
[2026-04-25 07:30:04] Saved 4 rows to ucsd_occupancy_history.csv
[2026-04-25 07:30:04] Main Gym Fitness Gym: 1% (Closed) people=1 capacity=72 is_open=False hour_summary=Closed until 8:00am
[2026-04-25 07:30:04] Outback Climbing Center: 1% (Closed) people=0 capacity=30 is_open=False hour_summary=Closed until 11:00am
[2026-04-25 07:30:04] RIMAC Fitness Gym: 0% (Closed) people=0 capacity=150 is_open=False hour_summary=Closed until 8:00am
[2026-04-25 07:30:04] Triton Esports Center: 0% (Closed) people=0 capacity=35 is_open=False hour_summary=Closed until 11:00am
[2026-04-25 07:30:04] === SCRAPE END OK ===
[2026-04-25 07:45:02] === SCRAPE START ===
[2026-04-25 07:45:02] Fetching https://waitz.io/live/ucsd-rec
[2026-04-25 07:45:03] Saved 4 rows to ucsd_occupancy_history.csv
[2026-04-25 07:45:03] Main Gym Fitness Gym: 1% (Closed) people=1 capacity=72 is_open=False hour_summary=Closed until 8:00am
[2026-04-25 07:45:03] Outback Climbing Center: 3% (Closed) people=1 capacity=30 is_open=False hour_summary=Closed until 11:00am
[2026-04-25 07:45:03] RIMAC Fitness Gym: 0% (Closed) people=0 capacity=150 is_open=False hour_summary=Closed until 8:00am
[2026-04-25 07:45:03] Triton Esports Center: 0% (Closed) people=0 capacity=35 is_open=False hour_summary=Closed until 11:00am
[2026-04-25 07:45:03] === SCRAPE END OK ===
[2026-04-25 08:00:02] === SCRAPE START ===
[2026-04-25 08:00:02] Fetching https://waitz.io/live/ucsd-rec
[2026-04-25 08:00:03] Saved 4 rows to ucsd_occupancy_history.csv
[2026-04-25 08:00:03] Main Gym Fitness Gym: 1% (Not Busy) people=1 capacity=72 is_open=True hour_summary=open
[2026-04-25 08:00:03] Outback Climbing Center: 3% (Closed) people=1 capacity=30 is_open=False hour_summary=Closed until 11:00am
[2026-04-25 08:00:03] RIMAC Fitness Gym: 1% (Not Busy) people=1 capacity=150 is_open=True hour_summary=open
[2026-04-25 08:00:03] Triton Esports Center: 0% (Closed) people=0 capacity=35 is_open=False hour_summary=Closed until 11:00am
[2026-04-25 08:00:03] === SCRAPE END OK ===
[2026-04-25 08:15:02] === SCRAPE START ===
[2026-04-25 08:15:02] Fetching https://waitz.io/live/ucsd-rec
[2026-04-25 08:15:03] Saved 4 rows to ucsd_occupancy_history.csv
[2026-04-25 08:15:03] Main Gym Fitness Gym: 21% (Not Busy) people=15 capacity=72 is_open=True hour_summary=open
[2026-04-25 08:15:03] Outback Climbing Center: 1% (Closed) people=0 capacity=30 is_open=False hour_summary=Closed until 11:00am
[2026-04-25 08:15:03] RIMAC Fitness Gym: 10% (Not Busy) people=16 capacity=150 is_open=True hour_summary=open
[2026-04-25 08:15:03] Triton Esports Center: 0% (Closed) people=0 capacity=35 is_open=False hour_summary=Closed until 11:00am
[2026-04-25 08:15:03] === SCRAPE END OK ===
[2026-04-25 08:30:02] === SCRAPE START ===
[2026-04-25 08:30:02] Fetching https://waitz.io/live/ucsd-rec
[2026-04-25 08:30:03] Saved 4 rows to ucsd_occupancy_history.csv
[2026-04-25 08:30:03] Main Gym Fitness Gym: 20% (Not Busy) people=15 capacity=72 is_open=True hour_summary=open
[2026-04-25 08:30:03] Outback Climbing Center: 4% (Closed) people=1 capacity=30 is_open=False hour_summary=Closed until 11:00am
[2026-04-25 08:30:03] RIMAC Fitness Gym: 25% (Not Busy) people=37 capacity=150 is_open=True hour_summary=open
[2026-04-25 08:30:03] Triton Esports Center: 0% (Closed) people=0 capacity=35 is_open=False hour_summary=Closed until 11:00am
[2026-04-25 08:30:03] === SCRAPE END OK ===
[2026-04-25 08:45:02] === SCRAPE START ===
[2026-04-25 08:45:02] Fetching https://waitz.io/live/ucsd-rec
[2026-04-25 08:45:03] Saved 4 rows to ucsd_occupancy_history.csv
[2026-04-25 08:45:03] Main Gym Fitness Gym: 18% (Not Busy) people=13 capacity=72 is_open=True hour_summary=open
[2026-04-25 08:45:03] Outback Climbing Center: 4% (Closed) people=1 capacity=30 is_open=False hour_summary=Closed until 11:00am
[2026-04-25 08:45:03] RIMAC Fitness Gym: 23% (Not Busy) people=34 capacity=150 is_open=True hour_summary=open
[2026-04-25 08:45:03] Triton Esports Center: 0% (Closed) people=0 capacity=35 is_open=False hour_summary=Closed until 11:00am
[2026-04-25 08:45:03] === SCRAPE END OK ===
[2026-04-25 09:00:02] === SCRAPE START ===
[2026-04-25 09:00:02] Fetching https://waitz.io/live/ucsd-rec
[2026-04-25 09:00:04] Saved 4 rows to ucsd_occupancy_history.csv
[2026-04-25 09:00:04] Main Gym Fitness Gym: 4% (Not Busy) people=3 capacity=72 is_open=True hour_summary=open
[2026-04-25 09:00:04] Outback Climbing Center: 8% (Closed) people=2 capacity=30 is_open=False hour_summary=Closed until 11:00am
[2026-04-25 09:00:04] RIMAC Fitness Gym: 29% (Not Busy) people=43 capacity=150 is_open=True hour_summary=open
[2026-04-25 09:00:04] Triton Esports Center: 0% (Closed) people=0 capacity=35 is_open=False hour_summary=Closed until 11:00am
[2026-04-25 09:00:04] === SCRAPE END OK ===
[2026-04-25 09:15:02] === SCRAPE START ===
[2026-04-25 09:15:02] Fetching https://waitz.io/live/ucsd-rec
[2026-04-25 09:15:03] Saved 4 rows to ucsd_occupancy_history.csv
[2026-04-25 09:15:03] Main Gym Fitness Gym: 7% (Not Busy) people=5 capacity=72 is_open=True hour_summary=open
[2026-04-25 09:15:03] Outback Climbing Center: 1% (Closed) people=0 capacity=30 is_open=False hour_summary=Closed until 11:00am
[2026-04-25 09:15:03] RIMAC Fitness Gym: 27% (Not Busy) people=40 capacity=150 is_open=True hour_summary=open
[2026-04-25 09:15:03] Triton Esports Center: 0% (Closed) people=0 capacity=35 is_open=False hour_summary=Closed until 11:00am
[2026-04-25 09:15:03] === SCRAPE END OK ===
[2026-04-25 09:30:02] === SCRAPE START ===
[2026-04-25 09:30:02] Fetching https://waitz.io/live/ucsd-rec
[2026-04-25 09:30:03] Saved 4 rows to ucsd_occupancy_history.csv
[2026-04-25 09:30:03] Main Gym Fitness Gym: 8% (Not Busy) people=6 capacity=72 is_open=True hour_summary=open
[2026-04-25 09:30:03] Outback Climbing Center: 4% (Closed) people=1 capacity=30 is_open=False hour_summary=Closed until 11:00am
[2026-04-25 09:30:03] RIMAC Fitness Gym: 35% (Not Busy) people=53 capacity=150 is_open=True hour_summary=open
[2026-04-25 09:30:03] Triton Esports Center: 0% (Closed) people=0 capacity=35 is_open=False hour_summary=Closed until 11:00am
[2026-04-25 09:30:03] === SCRAPE END OK ===
[2026-04-25 09:45:02] === SCRAPE START ===
[2026-04-25 09:45:02] Fetching https://waitz.io/live/ucsd-rec
[2026-04-25 09:45:03] Saved 4 rows to ucsd_occupancy_history.csv
[2026-04-25 09:45:03] Main Gym Fitness Gym: 31% (Not Busy) people=22 capacity=72 is_open=True hour_summary=open
[2026-04-25 09:45:03] Outback Climbing Center: 1% (Closed) people=0 capacity=30 is_open=False hour_summary=Closed until 11:00am
[2026-04-25 09:45:03] RIMAC Fitness Gym: 33% (Not Busy) people=50 capacity=150 is_open=True hour_summary=open
[2026-04-25 09:45:03] Triton Esports Center: 0% (Closed) people=0 capacity=35 is_open=False hour_summary=Closed until 11:00am
[2026-04-25 09:45:03] === SCRAPE END OK ===
[2026-04-25 10:00:02] === SCRAPE START ===
[2026-04-25 10:00:02] Fetching https://waitz.io/live/ucsd-rec
[2026-04-25 10:00:04] Saved 4 rows to ucsd_occupancy_history.csv
[2026-04-25 10:00:04] Main Gym Fitness Gym: 92% (Very Active) people=66 capacity=72 is_open=True hour_summary=open
[2026-04-25 10:00:04] Outback Climbing Center: 1% (Closed) people=0 capacity=30 is_open=False hour_summary=Closed until 11:00am
[2026-04-25 10:00:04] RIMAC Fitness Gym: 31% (Not Busy) people=47 capacity=150 is_open=True hour_summary=open
[2026-04-25 10:00:04] Triton Esports Center: 0% (Closed) people=0 capacity=35 is_open=False hour_summary=Closed until 11:00am
[2026-04-25 10:00:04] === SCRAPE END OK ===
