[2026-07-07 18:30:04] === SCRAPE START ===
[2026-07-07 18:30:04] Fetching https://waitz.io/live/ucsd-rec
[2026-07-07 18:30:05] Saved 4 rows to ucsd_occupancy_history.csv
[2026-07-07 18:30:05] Main Gym Fitness Gym: 25% (Closed) people=18 capacity=72 is_open=False hour_summary=closed
[2026-07-07 18:30:05] Outback Climbing Center: 70% (Closed) people=21 capacity=30 is_open=False hour_summary=closed
[2026-07-07 18:30:05] RIMAC Fitness Gym: 39% (Not Busy) people=59 capacity=150 is_open=True hour_summary=open
[2026-07-07 18:30:05] Triton Esports Center: 0% (Closed) people=0 capacity=35 is_open=False hour_summary=closed
[2026-07-07 18:30:05] === SCRAPE END OK ===
[2026-07-07 18:45:04] === SCRAPE START ===
[2026-07-07 18:45:04] Fetching https://waitz.io/live/ucsd-rec
[2026-07-07 18:45:05] Saved 4 rows to ucsd_occupancy_history.csv
[2026-07-07 18:45:05] Main Gym Fitness Gym: 29% (Closed) people=21 capacity=72 is_open=False hour_summary=closed
[2026-07-07 18:45:05] Outback Climbing Center: 69% (Closed) people=21 capacity=30 is_open=False hour_summary=closed
[2026-07-07 18:45:05] RIMAC Fitness Gym: 47% (Busy) people=70 capacity=150 is_open=True hour_summary=open
[2026-07-07 18:45:05] Triton Esports Center: 0% (Closed) people=0 capacity=35 is_open=False hour_summary=closed
[2026-07-07 18:45:05] === SCRAPE END OK ===
[2026-07-07 19:00:02] === SCRAPE START ===
[2026-07-07 19:00:02] Fetching https://waitz.io/live/ucsd-rec
[2026-07-07 19:00:04] Saved 4 rows to ucsd_occupancy_history.csv
[2026-07-07 19:00:04] Main Gym Fitness Gym: 35% (Closed) people=25 capacity=72 is_open=False hour_summary=closed
[2026-07-07 19:00:04] Outback Climbing Center: 69% (Closed) people=21 capacity=30 is_open=False hour_summary=closed
[2026-07-07 19:00:04] RIMAC Fitness Gym: 55% (Busy) people=82 capacity=150 is_open=True hour_summary=open
[2026-07-07 19:00:04] Triton Esports Center: 0% (Closed) people=0 capacity=35 is_open=False hour_summary=closed
[2026-07-07 19:00:04] === SCRAPE END OK ===
[2026-07-07 19:15:02] === SCRAPE START ===
[2026-07-07 19:15:02] Fetching https://waitz.io/live/ucsd-rec
[2026-07-07 19:15:05] Saved 4 rows to ucsd_occupancy_history.csv
[2026-07-07 19:15:05] Main Gym Fitness Gym: 30% (Closed) people=22 capacity=72 is_open=False hour_summary=closed
[2026-07-07 19:15:05] Outback Climbing Center: 78% (Closed) people=23 capacity=30 is_open=False hour_summary=closed
[2026-07-07 19:15:05] RIMAC Fitness Gym: 37% (Not Busy) people=55 capacity=150 is_open=True hour_summary=open
[2026-07-07 19:15:05] Triton Esports Center: 0% (Closed) people=0 capacity=35 is_open=False hour_summary=closed
[2026-07-07 19:15:05] === SCRAPE END OK ===
[2026-07-07 19:30:02] === SCRAPE START ===
[2026-07-07 19:30:02] Fetching https://waitz.io/live/ucsd-rec
[2026-07-07 19:30:05] Saved 4 rows to ucsd_occupancy_history.csv
[2026-07-07 19:30:05] Main Gym Fitness Gym: 27% (Closed) people=19 capacity=72 is_open=False hour_summary=closed
[2026-07-07 19:30:05] Outback Climbing Center: 65% (Closed) people=20 capacity=30 is_open=False hour_summary=closed
[2026-07-07 19:30:05] RIMAC Fitness Gym: 39% (Not Busy) people=59 capacity=150 is_open=True hour_summary=open
[2026-07-07 19:30:05] Triton Esports Center: 0% (Closed) people=0 capacity=35 is_open=False hour_summary=closed
[2026-07-07 19:30:05] === SCRAPE END OK ===
[2026-07-07 19:45:02] === SCRAPE START ===
[2026-07-07 19:45:02] Fetching https://waitz.io/live/ucsd-rec
[2026-07-07 19:45:03] Saved 4 rows to ucsd_occupancy_history.csv
[2026-07-07 19:45:03] Main Gym Fitness Gym: 17% (Closed) people=13 capacity=72 is_open=False hour_summary=closed
[2026-07-07 19:45:03] Outback Climbing Center: 61% (Closed) people=18 capacity=30 is_open=False hour_summary=closed
[2026-07-07 19:45:03] RIMAC Fitness Gym: 35% (Not Busy) people=52 capacity=150 is_open=True hour_summary=open
[2026-07-07 19:45:03] Triton Esports Center: 0% (Closed) people=0 capacity=35 is_open=False hour_summary=closed
[2026-07-07 19:45:03] === SCRAPE END OK ===
[2026-07-07 20:00:03] === SCRAPE START ===
[2026-07-07 20:00:03] Fetching https://waitz.io/live/ucsd-rec
[2026-07-07 20:00:05] Saved 4 rows to ucsd_occupancy_history.csv
[2026-07-07 20:00:05] Main Gym Fitness Gym: 20% (Closed) people=14 capacity=72 is_open=False hour_summary=closed
[2026-07-07 20:00:05] Outback Climbing Center: 38% (Closed) people=11 capacity=30 is_open=False hour_summary=closed
[2026-07-07 20:00:05] RIMAC Fitness Gym: 27% (Not Busy) people=40 capacity=150 is_open=True hour_summary=open
[2026-07-07 20:00:05] Triton Esports Center: 0% (Closed) people=0 capacity=35 is_open=False hour_summary=closed
[2026-07-07 20:00:05] === SCRAPE END OK ===
[2026-07-07 20:15:02] === SCRAPE START ===
[2026-07-07 20:15:02] Fetching https://waitz.io/live/ucsd-rec
[2026-07-07 20:15:03] Saved 4 rows to ucsd_occupancy_history.csv
[2026-07-07 20:15:03] Main Gym Fitness Gym: 3% (Closed) people=3 capacity=72 is_open=False hour_summary=closed
[2026-07-07 20:15:03] Outback Climbing Center: 10% (Closed) people=3 capacity=30 is_open=False hour_summary=closed
[2026-07-07 20:15:03] RIMAC Fitness Gym: 25% (Not Busy) people=38 capacity=150 is_open=True hour_summary=open
[2026-07-07 20:15:03] Triton Esports Center: 0% (Closed) people=0 capacity=35 is_open=False hour_summary=closed
[2026-07-07 20:15:03] === SCRAPE END OK ===
[2026-07-07 20:30:02] === SCRAPE START ===
[2026-07-07 20:30:02] Fetching https://waitz.io/live/ucsd-rec
[2026-07-07 20:30:04] Saved 4 rows to ucsd_occupancy_history.csv
[2026-07-07 20:30:04] Main Gym Fitness Gym: 3% (Closed) people=2 capacity=72 is_open=False hour_summary=closed
[2026-07-07 20:30:04] Outback Climbing Center: 7% (Closed) people=2 capacity=30 is_open=False hour_summary=closed
[2026-07-07 20:30:04] RIMAC Fitness Gym: 25% (Not Busy) people=37 capacity=150 is_open=True hour_summary=open
[2026-07-07 20:30:04] Triton Esports Center: 0% (Closed) people=0 capacity=35 is_open=False hour_summary=closed
[2026-07-07 20:30:04] === SCRAPE END OK ===
[2026-07-07 20:45:02] === SCRAPE START ===
[2026-07-07 20:45:02] Fetching https://waitz.io/live/ucsd-rec
[2026-07-07 20:45:03] Saved 4 rows to ucsd_occupancy_history.csv
[2026-07-07 20:45:03] Main Gym Fitness Gym: 6% (Closed) people=4 capacity=72 is_open=False hour_summary=closed
[2026-07-07 20:45:03] Outback Climbing Center: 11% (Closed) people=3 capacity=30 is_open=False hour_summary=closed
[2026-07-07 20:45:03] RIMAC Fitness Gym: 20% (Not Busy) people=30 capacity=150 is_open=True hour_summary=open
[2026-07-07 20:45:03] Triton Esports Center: 0% (Closed) people=0 capacity=35 is_open=False hour_summary=closed
[2026-07-07 20:45:03] === SCRAPE END OK ===
[2026-07-07 21:00:02] === SCRAPE START ===
[2026-07-07 21:00:02] Fetching https://waitz.io/live/ucsd-rec
[2026-07-07 21:00:04] Saved 4 rows to ucsd_occupancy_history.csv
[2026-07-07 21:00:04] Main Gym Fitness Gym: 3% (Closed) people=2 capacity=72 is_open=False hour_summary=closed
[2026-07-07 21:00:04] Outback Climbing Center: 5% (Closed) people=2 capacity=30 is_open=False hour_summary=closed
[2026-07-07 21:00:04] RIMAC Fitness Gym: 16% (Closed) people=25 capacity=150 is_open=False hour_summary=Closed until 6:00am
[2026-07-07 21:00:04] Triton Esports Center: 0% (Closed) people=0 capacity=35 is_open=False hour_summary=closed
[2026-07-07 21:00:04] === SCRAPE END OK ===
[2026-07-07 21:15:02] === SCRAPE START ===
[2026-07-07 21:15:02] Fetching https://waitz.io/live/ucsd-rec
[2026-07-07 21:15:03] Saved 4 rows to ucsd_occupancy_history.csv
[2026-07-07 21:15:03] Main Gym Fitness Gym: 1% (Closed) people=1 capacity=72 is_open=False hour_summary=closed
[2026-07-07 21:15:03] Outback Climbing Center: 12% (Closed) people=4 capacity=30 is_open=False hour_summary=closed
[2026-07-07 21:15:03] RIMAC Fitness Gym: 0% (Closed) people=1 capacity=150 is_open=False hour_summary=Closed until 6:00am
[2026-07-07 21:15:03] Triton Esports Center: 0% (Closed) people=0 capacity=35 is_open=False hour_summary=closed
[2026-07-07 21:15:03] === SCRAPE END OK ===
[2026-07-07 21:30:02] === SCRAPE START ===
[2026-07-07 21:30:02] Fetching https://waitz.io/live/ucsd-rec
[2026-07-07 21:30:04] Saved 4 rows to ucsd_occupancy_history.csv
[2026-07-07 21:30:04] Main Gym Fitness Gym: 5% (Closed) people=3 capacity=72 is_open=False hour_summary=closed
[2026-07-07 21:30:04] Outback Climbing Center: 17% (Closed) people=5 capacity=30 is_open=False hour_summary=closed
[2026-07-07 21:30:04] RIMAC Fitness Gym: 0% (Closed) people=0 capacity=150 is_open=False hour_summary=Closed until 6:00am
[2026-07-07 21:30:04] Triton Esports Center: 0% (Closed) people=0 capacity=35 is_open=False hour_summary=closed
[2026-07-07 21:30:04] === SCRAPE END OK ===
[2026-07-07 21:45:03] === SCRAPE START ===
[2026-07-07 21:45:03] Fetching https://waitz.io/live/ucsd-rec
[2026-07-07 21:45:04] Saved 4 rows to ucsd_occupancy_history.csv
[2026-07-07 21:45:04] Main Gym Fitness Gym: 2% (Closed) people=1 capacity=72 is_open=False hour_summary=closed
[2026-07-07 21:45:04] Outback Climbing Center: 6% (Closed) people=2 capacity=30 is_open=False hour_summary=closed
[2026-07-07 21:45:04] RIMAC Fitness Gym: 1% (Closed) people=1 capacity=150 is_open=False hour_summary=Closed until 6:00am
[2026-07-07 21:45:04] Triton Esports Center: 0% (Closed) people=0 capacity=35 is_open=False hour_summary=closed
[2026-07-07 21:45:04] === SCRAPE END OK ===
[2026-07-07 22:00:03] === SCRAPE START ===
[2026-07-07 22:00:03] Fetching https://waitz.io/live/ucsd-rec
[2026-07-07 22:00:04] Saved 4 rows to ucsd_occupancy_history.csv
[2026-07-07 22:00:04] Main Gym Fitness Gym: 2% (Closed) people=1 capacity=72 is_open=False hour_summary=closed
[2026-07-07 22:00:04] Outback Climbing Center: 9% (Closed) people=3 capacity=30 is_open=False hour_summary=closed
[2026-07-07 22:00:04] RIMAC Fitness Gym: 0% (Closed) people=0 capacity=150 is_open=False hour_summary=Closed until 6:00am
[2026-07-07 22:00:04] Triton Esports Center: 0% (Closed) people=0 capacity=35 is_open=False hour_summary=closed
[2026-07-07 22:00:04] === SCRAPE END OK ===
[2026-07-07 22:15:02] === SCRAPE START ===
[2026-07-07 22:15:02] Fetching https://waitz.io/live/ucsd-rec
[2026-07-07 22:15:04] Saved 4 rows to ucsd_occupancy_history.csv
[2026-07-07 22:15:04] Main Gym Fitness Gym: 1% (Closed) people=1 capacity=72 is_open=False hour_summary=closed
[2026-07-07 22:15:04] Outback Climbing Center: 9% (Closed) people=3 capacity=30 is_open=False hour_summary=closed
[2026-07-07 22:15:04] RIMAC Fitness Gym: 0% (Closed) people=0 capacity=150 is_open=False hour_summary=Closed until 6:00am
[2026-07-07 22:15:04] Triton Esports Center: 0% (Closed) people=0 capacity=35 is_open=False hour_summary=closed
[2026-07-07 22:15:04] === SCRAPE END OK ===
[2026-07-07 22:30:02] === SCRAPE START ===
[2026-07-07 22:30:02] Fetching https://waitz.io/live/ucsd-rec
[2026-07-07 22:30:04] Saved 4 rows to ucsd_occupancy_history.csv
[2026-07-07 22:30:04] Main Gym Fitness Gym: 1% (Closed) people=1 capacity=72 is_open=False hour_summary=closed
[2026-07-07 22:30:04] Outback Climbing Center: 9% (Closed) people=3 capacity=30 is_open=False hour_summary=closed
[2026-07-07 22:30:04] RIMAC Fitness Gym: 1% (Closed) people=1 capacity=150 is_open=False hour_summary=Closed until 6:00am
[2026-07-07 22:30:04] Triton Esports Center: 0% (Closed) people=0 capacity=35 is_open=False hour_summary=closed
[2026-07-07 22:30:04] === SCRAPE END OK ===
[2026-07-07 22:45:02] === SCRAPE START ===
[2026-07-07 22:45:02] Fetching https://waitz.io/live/ucsd-rec
[2026-07-07 22:45:04] Saved 4 rows to ucsd_occupancy_history.csv
[2026-07-07 22:45:04] Main Gym Fitness Gym: 1% (Closed) people=1 capacity=72 is_open=False hour_summary=closed
[2026-07-07 22:45:04] Outback Climbing Center: 7% (Closed) people=2 capacity=30 is_open=False hour_summary=closed
[2026-07-07 22:45:04] RIMAC Fitness Gym: 0% (Closed) people=0 capacity=150 is_open=False hour_summary=Closed until 6:00am
[2026-07-07 22:45:04] Triton Esports Center: 0% (Closed) people=0 capacity=35 is_open=False hour_summary=closed
[2026-07-07 22:45:04] === SCRAPE END OK ===
[2026-07-07 23:00:03] === SCRAPE START ===
[2026-07-07 23:00:03] Fetching https://waitz.io/live/ucsd-rec
[2026-07-07 23:00:05] Saved 4 rows to ucsd_occupancy_history.csv
[2026-07-07 23:00:05] Main Gym Fitness Gym: 2% (Closed) people=1 capacity=72 is_open=False hour_summary=closed
[2026-07-07 23:00:05] Outback Climbing Center: 6% (Closed) people=2 capacity=30 is_open=False hour_summary=closed
[2026-07-07 23:00:05] RIMAC Fitness Gym: 0% (Closed) people=1 capacity=150 is_open=False hour_summary=Closed until 6:00am
[2026-07-07 23:00:05] Triton Esports Center: 0% (Closed) people=0 capacity=35 is_open=False hour_summary=closed
[2026-07-07 23:00:05] === SCRAPE END OK ===
[2026-07-07 23:15:03] === SCRAPE START ===
[2026-07-07 23:15:03] Fetching https://waitz.io/live/ucsd-rec
[2026-07-07 23:15:04] Saved 4 rows to ucsd_occupancy_history.csv
[2026-07-07 23:15:04] Main Gym Fitness Gym: 2% (Closed) people=1 capacity=72 is_open=False hour_summary=closed
[2026-07-07 23:15:04] Outback Climbing Center: 8% (Closed) people=2 capacity=30 is_open=False hour_summary=closed
[2026-07-07 23:15:04] RIMAC Fitness Gym: 0% (Closed) people=1 capacity=150 is_open=False hour_summary=Closed until 6:00am
[2026-07-07 23:15:04] Triton Esports Center: 0% (Closed) people=0 capacity=35 is_open=False hour_summary=closed
[2026-07-07 23:15:04] === SCRAPE END OK ===
[2026-07-07 23:30:02] === SCRAPE START ===
[2026-07-07 23:30:02] Fetching https://waitz.io/live/ucsd-rec
[2026-07-07 23:30:04] Saved 4 rows to ucsd_occupancy_history.csv
[2026-07-07 23:30:04] Main Gym Fitness Gym: 1% (Closed) people=1 capacity=72 is_open=False hour_summary=closed
[2026-07-07 23:30:04] Outback Climbing Center: 8% (Closed) people=2 capacity=30 is_open=False hour_summary=closed
[2026-07-07 23:30:04] RIMAC Fitness Gym: 0% (Closed) people=0 capacity=150 is_open=False hour_summary=Closed until 6:00am
[2026-07-07 23:30:04] Triton Esports Center: 0% (Closed) people=0 capacity=35 is_open=False hour_summary=closed
[2026-07-07 23:30:04] === SCRAPE END OK ===
