[2026-06-12 00:00:01] === SCRAPE START ===
[2026-06-12 00:00:01] Fetching https://waitz.io/live/ucsd-rec
[2026-06-12 00:00:02] Saved 4 rows to ucsd_occupancy_history.csv
[2026-06-12 00:00:02] Main Gym Fitness Gym: 3% (Closed) people=2 capacity=72 is_open=False hour_summary=Closed until 6:00am
[2026-06-12 00:00:02] Outback Climbing Center: 6% (Closed) people=2 capacity=30 is_open=False hour_summary=Closed until 10:00am
[2026-06-12 00:00:02] RIMAC Fitness Gym: 1% (Closed) people=1 capacity=150 is_open=False hour_summary=Closed until 6:00am
[2026-06-12 00:00:02] Triton Esports Center: 0% (Closed) people=0 capacity=35 is_open=False hour_summary=Closed until 7:30am
[2026-06-12 00:00:02] === SCRAPE END OK ===
[2026-06-12 00:15:02] === SCRAPE START ===
[2026-06-12 00:15:02] Fetching https://waitz.io/live/ucsd-rec
[2026-06-12 00:15:03] Saved 4 rows to ucsd_occupancy_history.csv
[2026-06-12 00:15:03] Main Gym Fitness Gym: 1% (Closed) people=1 capacity=72 is_open=False hour_summary=Closed until 6:00am
[2026-06-12 00:15:03] Outback Climbing Center: 7% (Closed) people=2 capacity=30 is_open=False hour_summary=Closed until 10:00am
[2026-06-12 00:15:03] RIMAC Fitness Gym: 0% (Closed) people=0 capacity=150 is_open=False hour_summary=Closed until 6:00am
[2026-06-12 00:15:03] Triton Esports Center: 0% (Closed) people=0 capacity=35 is_open=False hour_summary=Closed until 7:30am
[2026-06-12 00:15:03] === SCRAPE END OK ===
[2026-06-12 00:30:02] === SCRAPE START ===
[2026-06-12 00:30:02] Fetching https://waitz.io/live/ucsd-rec
[2026-06-12 00:30:03] Saved 4 rows to ucsd_occupancy_history.csv
[2026-06-12 00:30:03] Main Gym Fitness Gym: 1% (Closed) people=1 capacity=72 is_open=False hour_summary=Closed until 6:00am
[2026-06-12 00:30:03] Outback Climbing Center: 7% (Closed) people=2 capacity=30 is_open=False hour_summary=Closed until 10:00am
[2026-06-12 00:30:03] RIMAC Fitness Gym: 1% (Closed) people=1 capacity=150 is_open=False hour_summary=Closed until 6:00am
[2026-06-12 00:30:03] Triton Esports Center: 0% (Closed) people=0 capacity=35 is_open=False hour_summary=Closed until 7:30am
[2026-06-12 00:30:03] === SCRAPE END OK ===
[2026-06-12 00:45:02] === SCRAPE START ===
[2026-06-12 00:45:02] Fetching https://waitz.io/live/ucsd-rec
[2026-06-12 00:45:04] Saved 4 rows to ucsd_occupancy_history.csv
[2026-06-12 00:45:04] Main Gym Fitness Gym: 1% (Closed) people=1 capacity=72 is_open=False hour_summary=Closed until 6:00am
[2026-06-12 00:45:04] Outback Climbing Center: 7% (Closed) people=2 capacity=30 is_open=False hour_summary=Closed until 10:00am
[2026-06-12 00:45:04] RIMAC Fitness Gym: 0% (Closed) people=0 capacity=150 is_open=False hour_summary=Closed until 6:00am
[2026-06-12 00:45:04] Triton Esports Center: 0% (Closed) people=0 capacity=35 is_open=False hour_summary=Closed until 7:30am
[2026-06-12 00:45:04] === SCRAPE END OK ===
[2026-06-12 01:00:02] === SCRAPE START ===
[2026-06-12 01:00:02] Fetching https://waitz.io/live/ucsd-rec
[2026-06-12 01:00:04] Saved 4 rows to ucsd_occupancy_history.csv
[2026-06-12 01:00:04] Main Gym Fitness Gym: 2% (Closed) people=1 capacity=72 is_open=False hour_summary=Closed until 6:00am
[2026-06-12 01:00:04] Outback Climbing Center: 6% (Closed) people=2 capacity=30 is_open=False hour_summary=Closed until 10:00am
[2026-06-12 01:00:04] RIMAC Fitness Gym: 0% (Closed) people=0 capacity=150 is_open=False hour_summary=Closed until 6:00am
[2026-06-12 01:00:04] Triton Esports Center: 0% (Closed) people=0 capacity=35 is_open=False hour_summary=Closed until 7:30am
[2026-06-12 01:00:04] === SCRAPE END OK ===
[2026-06-12 01:15:02] === SCRAPE START ===
[2026-06-12 01:15:02] Fetching https://waitz.io/live/ucsd-rec
[2026-06-12 01:15:04] Saved 4 rows to ucsd_occupancy_history.csv
[2026-06-12 01:15:04] Main Gym Fitness Gym: 1% (Closed) people=1 capacity=72 is_open=False hour_summary=Closed until 6:00am
[2026-06-12 01:15:04] Outback Climbing Center: 7% (Closed) people=2 capacity=30 is_open=False hour_summary=Closed until 10:00am
[2026-06-12 01:15:04] RIMAC Fitness Gym: 1% (Closed) people=1 capacity=150 is_open=False hour_summary=Closed until 6:00am
[2026-06-12 01:15:04] Triton Esports Center: 0% (Closed) people=0 capacity=35 is_open=False hour_summary=Closed until 7:30am
[2026-06-12 01:15:04] === SCRAPE END OK ===
[2026-06-12 01:30:02] === SCRAPE START ===
[2026-06-12 01:30:02] Fetching https://waitz.io/live/ucsd-rec
[2026-06-12 01:30:04] Saved 4 rows to ucsd_occupancy_history.csv
[2026-06-12 01:30:04] Main Gym Fitness Gym: 1% (Closed) people=1 capacity=72 is_open=False hour_summary=Closed until 6:00am
[2026-06-12 01:30:04] Outback Climbing Center: 6% (Closed) people=2 capacity=30 is_open=False hour_summary=Closed until 10:00am
[2026-06-12 01:30:04] RIMAC Fitness Gym: 0% (Closed) people=1 capacity=150 is_open=False hour_summary=Closed until 6:00am
[2026-06-12 01:30:04] Triton Esports Center: 0% (Closed) people=0 capacity=35 is_open=False hour_summary=Closed until 7:30am
[2026-06-12 01:30:04] === SCRAPE END OK ===
[2026-06-12 01:45:02] === SCRAPE START ===
[2026-06-12 01:45:02] Fetching https://waitz.io/live/ucsd-rec
[2026-06-12 01:45:03] Saved 4 rows to ucsd_occupancy_history.csv
[2026-06-12 01:45:03] Main Gym Fitness Gym: 2% (Closed) people=1 capacity=72 is_open=False hour_summary=Closed until 6:00am
[2026-06-12 01:45:03] Outback Climbing Center: 6% (Closed) people=2 capacity=30 is_open=False hour_summary=Closed until 10:00am
[2026-06-12 01:45:03] RIMAC Fitness Gym: 0% (Closed) people=1 capacity=150 is_open=False hour_summary=Closed until 6:00am
[2026-06-12 01:45:03] Triton Esports Center: 0% (Closed) people=0 capacity=35 is_open=False hour_summary=Closed until 7:30am
[2026-06-12 01:45:03] === SCRAPE END OK ===
[2026-06-12 02:00:02] === SCRAPE START ===
[2026-06-12 02:00:02] Fetching https://waitz.io/live/ucsd-rec
[2026-06-12 02:00:03] Saved 4 rows to ucsd_occupancy_history.csv
[2026-06-12 02:00:03] Main Gym Fitness Gym: 1% (Closed) people=1 capacity=72 is_open=False hour_summary=Closed until 6:00am
[2026-06-12 02:00:03] Outback Climbing Center: 6% (Closed) people=2 capacity=30 is_open=False hour_summary=Closed until 10:00am
[2026-06-12 02:00:03] RIMAC Fitness Gym: 0% (Closed) people=1 capacity=150 is_open=False hour_summary=Closed until 6:00am
[2026-06-12 02:00:03] Triton Esports Center: 0% (Closed) people=0 capacity=35 is_open=False hour_summary=Closed until 7:30am
[2026-06-12 02:00:03] === SCRAPE END OK ===
[2026-06-12 02:15:02] === SCRAPE START ===
[2026-06-12 02:15:02] Fetching https://waitz.io/live/ucsd-rec
[2026-06-12 02:15:04] Saved 4 rows to ucsd_occupancy_history.csv
[2026-06-12 02:15:04] Main Gym Fitness Gym: 2% (Closed) people=2 capacity=72 is_open=False hour_summary=Closed until 6:00am
[2026-06-12 02:15:04] Outback Climbing Center: 4% (Closed) people=1 capacity=30 is_open=False hour_summary=Closed until 10:00am
[2026-06-12 02:15:04] RIMAC Fitness Gym: 1% (Closed) people=1 capacity=150 is_open=False hour_summary=Closed until 6:00am
[2026-06-12 02:15:04] Triton Esports Center: 0% (Closed) people=0 capacity=35 is_open=False hour_summary=Closed until 7:30am
[2026-06-12 02:15:04] === SCRAPE END OK ===
[2026-06-12 02:30:02] === SCRAPE START ===
[2026-06-12 02:30:02] Fetching https://waitz.io/live/ucsd-rec
[2026-06-12 02:30:03] Saved 4 rows to ucsd_occupancy_history.csv
[2026-06-12 02:30:03] Main Gym Fitness Gym: 1% (Closed) people=1 capacity=72 is_open=False hour_summary=Closed until 6:00am
[2026-06-12 02:30:03] Outback Climbing Center: 4% (Closed) people=1 capacity=30 is_open=False hour_summary=Closed until 10:00am
[2026-06-12 02:30:03] RIMAC Fitness Gym: 1% (Closed) people=1 capacity=150 is_open=False hour_summary=Closed until 6:00am
[2026-06-12 02:30:03] Triton Esports Center: 0% (Closed) people=0 capacity=35 is_open=False hour_summary=Closed until 7:30am
[2026-06-12 02:30:03] === SCRAPE END OK ===
[2026-06-12 02:45:02] === SCRAPE START ===
[2026-06-12 02:45:02] Fetching https://waitz.io/live/ucsd-rec
[2026-06-12 02:45:04] Saved 4 rows to ucsd_occupancy_history.csv
[2026-06-12 02:45:04] Main Gym Fitness Gym: 1% (Closed) people=1 capacity=72 is_open=False hour_summary=Closed until 6:00am
[2026-06-12 02:45:04] Outback Climbing Center: 6% (Closed) people=2 capacity=30 is_open=False hour_summary=Closed until 10:00am
[2026-06-12 02:45:04] RIMAC Fitness Gym: 1% (Closed) people=1 capacity=150 is_open=False hour_summary=Closed until 6:00am
[2026-06-12 02:45:04] Triton Esports Center: 0% (Closed) people=0 capacity=35 is_open=False hour_summary=Closed until 7:30am
[2026-06-12 02:45:04] === SCRAPE END OK ===
[2026-06-12 03:00:02] === SCRAPE START ===
[2026-06-12 03:00:02] Fetching https://waitz.io/live/ucsd-rec
[2026-06-12 03:00:03] Saved 4 rows to ucsd_occupancy_history.csv
[2026-06-12 03:00:03] Main Gym Fitness Gym: 2% (Closed) people=1 capacity=72 is_open=False hour_summary=Closed until 6:00am
[2026-06-12 03:00:03] Outback Climbing Center: 8% (Closed) people=2 capacity=30 is_open=False hour_summary=Closed until 10:00am
[2026-06-12 03:00:03] RIMAC Fitness Gym: 1% (Closed) people=1 capacity=150 is_open=False hour_summary=Closed until 6:00am
[2026-06-12 03:00:03] Triton Esports Center: 0% (Closed) people=0 capacity=35 is_open=False hour_summary=Closed until 7:30am
[2026-06-12 03:00:03] === SCRAPE END OK ===
[2026-06-12 03:15:02] === SCRAPE START ===
[2026-06-12 03:15:02] Fetching https://waitz.io/live/ucsd-rec
[2026-06-12 03:15:03] Saved 4 rows to ucsd_occupancy_history.csv
[2026-06-12 03:15:03] Main Gym Fitness Gym: 1% (Closed) people=1 capacity=72 is_open=False hour_summary=Closed until 6:00am
[2026-06-12 03:15:03] Outback Climbing Center: 3% (Closed) people=1 capacity=30 is_open=False hour_summary=Closed until 10:00am
[2026-06-12 03:15:03] RIMAC Fitness Gym: 1% (Closed) people=1 capacity=150 is_open=False hour_summary=Closed until 6:00am
[2026-06-12 03:15:03] Triton Esports Center: 0% (Closed) people=0 capacity=35 is_open=False hour_summary=Closed until 7:30am
[2026-06-12 03:15:03] === SCRAPE END OK ===
[2026-06-12 03:30:02] === SCRAPE START ===
[2026-06-12 03:30:02] Fetching https://waitz.io/live/ucsd-rec
[2026-06-12 03:30:03] Saved 4 rows to ucsd_occupancy_history.csv
[2026-06-12 03:30:03] Main Gym Fitness Gym: 2% (Closed) people=1 capacity=72 is_open=False hour_summary=Closed until 6:00am
[2026-06-12 03:30:03] Outback Climbing Center: 6% (Closed) people=2 capacity=30 is_open=False hour_summary=Closed until 10:00am
[2026-06-12 03:30:03] RIMAC Fitness Gym: 0% (Closed) people=1 capacity=150 is_open=False hour_summary=Closed until 6:00am
[2026-06-12 03:30:03] Triton Esports Center: 0% (Closed) people=0 capacity=35 is_open=False hour_summary=Closed until 7:30am
[2026-06-12 03:30:03] === SCRAPE END OK ===
[2026-06-12 03:45:02] === SCRAPE START ===
[2026-06-12 03:45:02] Fetching https://waitz.io/live/ucsd-rec
[2026-06-12 03:45:02] Saved 4 rows to ucsd_occupancy_history.csv
[2026-06-12 03:45:02] Main Gym Fitness Gym: 1% (Closed) people=1 capacity=72 is_open=False hour_summary=Closed until 6:00am
[2026-06-12 03:45:02] Outback Climbing Center: 4% (Closed) people=1 capacity=30 is_open=False hour_summary=Closed until 10:00am
[2026-06-12 03:45:02] RIMAC Fitness Gym: 1% (Closed) people=1 capacity=150 is_open=False hour_summary=Closed until 6:00am
[2026-06-12 03:45:02] Triton Esports Center: 0% (Closed) people=0 capacity=35 is_open=False hour_summary=Closed until 7:30am
[2026-06-12 03:45:02] === SCRAPE END OK ===
[2026-06-12 04:00:02] === SCRAPE START ===
[2026-06-12 04:00:02] Fetching https://waitz.io/live/ucsd-rec
[2026-06-12 04:00:04] Saved 4 rows to ucsd_occupancy_history.csv
[2026-06-12 04:00:04] Main Gym Fitness Gym: 1% (Closed) people=1 capacity=72 is_open=False hour_summary=Closed until 6:00am
[2026-06-12 04:00:04] Outback Climbing Center: 6% (Closed) people=2 capacity=30 is_open=False hour_summary=Closed until 10:00am
[2026-06-12 04:00:04] RIMAC Fitness Gym: 1% (Closed) people=1 capacity=150 is_open=False hour_summary=Closed until 6:00am
[2026-06-12 04:00:04] Triton Esports Center: 0% (Closed) people=0 capacity=35 is_open=False hour_summary=Closed until 7:30am
[2026-06-12 04:00:04] === SCRAPE END OK ===
[2026-06-12 04:15:02] === SCRAPE START ===
[2026-06-12 04:15:02] Fetching https://waitz.io/live/ucsd-rec
[2026-06-12 04:15:03] Saved 4 rows to ucsd_occupancy_history.csv
[2026-06-12 04:15:03] Main Gym Fitness Gym: 2% (Closed) people=1 capacity=72 is_open=False hour_summary=Closed until 6:00am
[2026-06-12 04:15:03] Outback Climbing Center: 4% (Closed) people=1 capacity=30 is_open=False hour_summary=Closed until 10:00am
[2026-06-12 04:15:03] RIMAC Fitness Gym: 1% (Closed) people=1 capacity=150 is_open=False hour_summary=Closed until 6:00am
[2026-06-12 04:15:03] Triton Esports Center: 0% (Closed) people=0 capacity=35 is_open=False hour_summary=Closed until 7:30am
[2026-06-12 04:15:03] === SCRAPE END OK ===
[2026-06-12 04:30:02] === SCRAPE START ===
[2026-06-12 04:30:02] Fetching https://waitz.io/live/ucsd-rec
[2026-06-12 04:30:03] Saved 4 rows to ucsd_occupancy_history.csv
[2026-06-12 04:30:03] Main Gym Fitness Gym: 1% (Closed) people=1 capacity=72 is_open=False hour_summary=Closed until 6:00am
[2026-06-12 04:30:03] Outback Climbing Center: 6% (Closed) people=2 capacity=30 is_open=False hour_summary=Closed until 10:00am
[2026-06-12 04:30:03] RIMAC Fitness Gym: 0% (Closed) people=1 capacity=150 is_open=False hour_summary=Closed until 6:00am
[2026-06-12 04:30:03] Triton Esports Center: 0% (Closed) people=0 capacity=35 is_open=False hour_summary=Closed until 7:30am
[2026-06-12 04:30:03] === SCRAPE END OK ===
[2026-06-12 04:45:02] === SCRAPE START ===
[2026-06-12 04:45:02] Fetching https://waitz.io/live/ucsd-rec
[2026-06-12 04:45:03] Saved 4 rows to ucsd_occupancy_history.csv
[2026-06-12 04:45:03] Main Gym Fitness Gym: 1% (Closed) people=1 capacity=72 is_open=False hour_summary=Closed until 6:00am
[2026-06-12 04:45:03] Outback Climbing Center: 4% (Closed) people=1 capacity=30 is_open=False hour_summary=Closed until 10:00am
[2026-06-12 04:45:03] RIMAC Fitness Gym: 1% (Closed) people=1 capacity=150 is_open=False hour_summary=Closed until 6:00am
[2026-06-12 04:45:03] Triton Esports Center: 0% (Closed) people=0 capacity=35 is_open=False hour_summary=Closed until 7:30am
[2026-06-12 04:45:03] === SCRAPE END OK ===
[2026-06-12 05:00:02] === SCRAPE START ===
[2026-06-12 05:00:02] Fetching https://waitz.io/live/ucsd-rec
[2026-06-12 05:00:04] Saved 4 rows to ucsd_occupancy_history.csv
[2026-06-12 05:00:04] Main Gym Fitness Gym: 1% (Closed) people=1 capacity=72 is_open=False hour_summary=Closed until 6:00am
[2026-06-12 05:00:04] Outback Climbing Center: 9% (Closed) people=3 capacity=30 is_open=False hour_summary=Closed until 10:00am
[2026-06-12 05:00:04] RIMAC Fitness Gym: 1% (Closed) people=1 capacity=150 is_open=False hour_summary=Closed until 6:00am
[2026-06-12 05:00:04] Triton Esports Center: 0% (Closed) people=0 capacity=35 is_open=False hour_summary=Closed until 7:30am
[2026-06-12 05:00:04] === SCRAPE END OK ===
[2026-06-12 05:15:02] === SCRAPE START ===
[2026-06-12 05:15:02] Fetching https://waitz.io/live/ucsd-rec
[2026-06-12 05:15:03] Saved 4 rows to ucsd_occupancy_history.csv
[2026-06-12 05:15:03] Main Gym Fitness Gym: 1% (Closed) people=1 capacity=72 is_open=False hour_summary=Closed until 6:00am
[2026-06-12 05:15:03] Outback Climbing Center: 6% (Closed) people=2 capacity=30 is_open=False hour_summary=Closed until 10:00am
[2026-06-12 05:15:03] RIMAC Fitness Gym: 1% (Closed) people=1 capacity=150 is_open=False hour_summary=Closed until 6:00am
[2026-06-12 05:15:03] Triton Esports Center: 0% (Closed) people=0 capacity=35 is_open=False hour_summary=Closed until 7:30am
[2026-06-12 05:15:03] === SCRAPE END OK ===
[2026-06-12 05:30:02] === SCRAPE START ===
[2026-06-12 05:30:02] Fetching https://waitz.io/live/ucsd-rec
[2026-06-12 05:30:04] Saved 4 rows to ucsd_occupancy_history.csv
[2026-06-12 05:30:04] Main Gym Fitness Gym: 1% (Closed) people=1 capacity=72 is_open=False hour_summary=Closed until 6:00am
[2026-06-12 05:30:04] Outback Climbing Center: 10% (Closed) people=3 capacity=30 is_open=False hour_summary=Closed until 10:00am
[2026-06-12 05:30:04] RIMAC Fitness Gym: 1% (Closed) people=1 capacity=150 is_open=False hour_summary=Closed until 6:00am
[2026-06-12 05:30:04] Triton Esports Center: 0% (Closed) people=0 capacity=35 is_open=False hour_summary=Closed until 7:30am
[2026-06-12 05:30:04] === SCRAPE END OK ===
[2026-06-12 05:45:02] === SCRAPE START ===
[2026-06-12 05:45:02] Fetching https://waitz.io/live/ucsd-rec
[2026-06-12 05:45:03] Saved 4 rows to ucsd_occupancy_history.csv
[2026-06-12 05:45:03] Main Gym Fitness Gym: 1% (Closed) people=1 capacity=72 is_open=False hour_summary=Closed until 6:00am
[2026-06-12 05:45:03] Outback Climbing Center: 6% (Closed) people=2 capacity=30 is_open=False hour_summary=Closed until 10:00am
[2026-06-12 05:45:03] RIMAC Fitness Gym: 1% (Closed) people=1 capacity=150 is_open=False hour_summary=Closed until 6:00am
[2026-06-12 05:45:03] Triton Esports Center: 0% (Closed) people=0 capacity=35 is_open=False hour_summary=Closed until 7:30am
[2026-06-12 05:45:03] === SCRAPE END OK ===
[2026-06-12 06:00:02] === SCRAPE START ===
[2026-06-12 06:00:02] Fetching https://waitz.io/live/ucsd-rec
[2026-06-12 06:00:03] Saved 4 rows to ucsd_occupancy_history.csv
[2026-06-12 06:00:03] Main Gym Fitness Gym: 1% (Not Busy) people=1 capacity=72 is_open=True hour_summary=open
[2026-06-12 06:00:03] Outback Climbing Center: 6% (Closed) people=2 capacity=30 is_open=False hour_summary=Closed until 10:00am
[2026-06-12 06:00:03] RIMAC Fitness Gym: 1% (Not Busy) people=1 capacity=150 is_open=True hour_summary=open
[2026-06-12 06:00:03] Triton Esports Center: 0% (Closed) people=0 capacity=35 is_open=False hour_summary=Closed until 7:30am
[2026-06-12 06:00:03] === SCRAPE END OK ===
[2026-06-12 06:15:02] === SCRAPE START ===
[2026-06-12 06:15:02] Fetching https://waitz.io/live/ucsd-rec
[2026-06-12 06:15:03] Saved 4 rows to ucsd_occupancy_history.csv
[2026-06-12 06:15:03] Main Gym Fitness Gym: 1% (Not Busy) people=1 capacity=72 is_open=True hour_summary=open
[2026-06-12 06:15:03] Outback Climbing Center: 4% (Closed) people=1 capacity=30 is_open=False hour_summary=Closed until 10:00am
[2026-06-12 06:15:03] RIMAC Fitness Gym: 1% (Not Busy) people=2 capacity=150 is_open=True hour_summary=open
[2026-06-12 06:15:03] Triton Esports Center: 0% (Closed) people=0 capacity=35 is_open=False hour_summary=Closed until 7:30am
[2026-06-12 06:15:03] === SCRAPE END OK ===
[2026-06-12 06:30:02] === SCRAPE START ===
[2026-06-12 06:30:02] Fetching https://waitz.io/live/ucsd-rec
[2026-06-12 06:30:04] Saved 4 rows to ucsd_occupancy_history.csv
[2026-06-12 06:30:04] Main Gym Fitness Gym: 1% (Not Busy) people=1 capacity=72 is_open=True hour_summary=open
[2026-06-12 06:30:04] Outback Climbing Center: 4% (Closed) people=1 capacity=30 is_open=False hour_summary=Closed until 10:00am
[2026-06-12 06:30:04] RIMAC Fitness Gym: 1% (Not Busy) people=1 capacity=150 is_open=True hour_summary=open
[2026-06-12 06:30:04] Triton Esports Center: 0% (Closed) people=0 capacity=35 is_open=False hour_summary=Closed until 7:30am
[2026-06-12 06:30:04] === SCRAPE END OK ===
[2026-06-12 06:45:02] === SCRAPE START ===
[2026-06-12 06:45:02] Fetching https://waitz.io/live/ucsd-rec
[2026-06-12 06:45:04] Saved 4 rows to ucsd_occupancy_history.csv
[2026-06-12 06:45:04] Main Gym Fitness Gym: 6% (Not Busy) people=4 capacity=72 is_open=True hour_summary=open
[2026-06-12 06:45:04] Outback Climbing Center: 7% (Closed) people=2 capacity=30 is_open=False hour_summary=Closed until 10:00am
[2026-06-12 06:45:04] RIMAC Fitness Gym: 2% (Not Busy) people=2 capacity=150 is_open=True hour_summary=open
[2026-06-12 06:45:04] Triton Esports Center: 0% (Closed) people=0 capacity=35 is_open=False hour_summary=Closed until 7:30am
[2026-06-12 06:45:04] === SCRAPE END OK ===
[2026-06-12 07:00:02] === SCRAPE START ===
[2026-06-12 07:00:02] Fetching https://waitz.io/live/ucsd-rec
[2026-06-12 07:00:04] Saved 4 rows to ucsd_occupancy_history.csv
[2026-06-12 07:00:04] Main Gym Fitness Gym: 12% (Not Busy) people=9 capacity=72 is_open=True hour_summary=open
[2026-06-12 07:00:04] Outback Climbing Center: 7% (Closed) people=2 capacity=30 is_open=False hour_summary=Closed until 10:00am
[2026-06-12 07:00:04] RIMAC Fitness Gym: 1% (Not Busy) people=2 capacity=150 is_open=True hour_summary=open
[2026-06-12 07:00:04] Triton Esports Center: 0% (Closed) people=0 capacity=35 is_open=False hour_summary=Closed until 7:30am
[2026-06-12 07:00:04] === SCRAPE END OK ===
[2026-06-12 07:15:02] === SCRAPE START ===
[2026-06-12 07:15:02] Fetching https://waitz.io/live/ucsd-rec
[2026-06-12 07:15:03] Saved 4 rows to ucsd_occupancy_history.csv
[2026-06-12 07:15:03] Main Gym Fitness Gym: 1% (Not Busy) people=1 capacity=72 is_open=True hour_summary=open
[2026-06-12 07:15:03] Outback Climbing Center: 6% (Closed) people=2 capacity=30 is_open=False hour_summary=Closed until 10:00am
[2026-06-12 07:15:03] RIMAC Fitness Gym: 1% (Not Busy) people=1 capacity=150 is_open=True hour_summary=open
[2026-06-12 07:15:03] Triton Esports Center: 0% (Closed) people=0 capacity=35 is_open=False hour_summary=Closed until 7:30am
[2026-06-12 07:15:03] === SCRAPE END OK ===
[2026-06-12 07:30:03] === SCRAPE START ===
[2026-06-12 07:30:03] Fetching https://waitz.io/live/ucsd-rec
[2026-06-12 07:30:04] Saved 4 rows to ucsd_occupancy_history.csv
[2026-06-12 07:30:04] Main Gym Fitness Gym: 2% (Not Busy) people=1 capacity=72 is_open=True hour_summary=open
[2026-06-12 07:30:04] Outback Climbing Center: 7% (Closed) people=2 capacity=30 is_open=False hour_summary=Closed until 10:00am
[2026-06-12 07:30:04] RIMAC Fitness Gym: 1% (Not Busy) people=2 capacity=150 is_open=True hour_summary=open
[2026-06-12 07:30:04] Triton Esports Center: 1% (Not Busy) people=0 capacity=35 is_open=True hour_summary=open
[2026-06-12 07:30:04] === SCRAPE END OK ===
[2026-06-12 07:45:02] === SCRAPE START ===
[2026-06-12 07:45:02] Fetching https://waitz.io/live/ucsd-rec
[2026-06-12 07:45:04] Saved 4 rows to ucsd_occupancy_history.csv
[2026-06-12 07:45:04] Main Gym Fitness Gym: 10% (Not Busy) people=7 capacity=72 is_open=True hour_summary=open
[2026-06-12 07:45:04] Outback Climbing Center: 9% (Closed) people=3 capacity=30 is_open=False hour_summary=Closed until 10:00am
[2026-06-12 07:45:04] RIMAC Fitness Gym: 0% (Not Busy) people=1 capacity=150 is_open=True hour_summary=open
[2026-06-12 07:45:04] Triton Esports Center: 1% (Not Busy) people=0 capacity=35 is_open=True hour_summary=open
[2026-06-12 07:45:04] === SCRAPE END OK ===
[2026-06-12 08:00:02] === SCRAPE START ===
[2026-06-12 08:00:02] Fetching https://waitz.io/live/ucsd-rec
[2026-06-12 08:00:03] Saved 4 rows to ucsd_occupancy_history.csv
[2026-06-12 08:00:03] Main Gym Fitness Gym: 2% (Not Busy) people=2 capacity=72 is_open=True hour_summary=open
[2026-06-12 08:00:03] Outback Climbing Center: 6% (Closed) people=2 capacity=30 is_open=False hour_summary=Closed until 10:00am
[2026-06-12 08:00:03] RIMAC Fitness Gym: 1% (Not Busy) people=1 capacity=150 is_open=True hour_summary=open
[2026-06-12 08:00:03] Triton Esports Center: 1% (Not Busy) people=0 capacity=35 is_open=True hour_summary=open
[2026-06-12 08:00:03] === SCRAPE END OK ===
[2026-06-12 08:15:02] === SCRAPE START ===
[2026-06-12 08:15:02] Fetching https://waitz.io/live/ucsd-rec
[2026-06-12 08:15:04] Saved 4 rows to ucsd_occupancy_history.csv
[2026-06-12 08:15:04] Main Gym Fitness Gym: 12% (Not Busy) people=9 capacity=72 is_open=True hour_summary=open
[2026-06-12 08:15:04] Outback Climbing Center: 10% (Closed) people=3 capacity=30 is_open=False hour_summary=Closed until 10:00am
[2026-06-12 08:15:04] RIMAC Fitness Gym: 2% (Not Busy) people=2 capacity=150 is_open=True hour_summary=open
[2026-06-12 08:15:04] Triton Esports Center: 4% (Not Busy) people=1 capacity=35 is_open=True hour_summary=open
[2026-06-12 08:15:04] === SCRAPE END OK ===
[2026-06-12 08:30:02] === SCRAPE START ===
[2026-06-12 08:30:02] Fetching https://waitz.io/live/ucsd-rec
[2026-06-12 08:30:03] Saved 4 rows to ucsd_occupancy_history.csv
[2026-06-12 08:30:03] Main Gym Fitness Gym: 17% (Not Busy) people=12 capacity=72 is_open=True hour_summary=open
[2026-06-12 08:30:03] Outback Climbing Center: 6% (Closed) people=2 capacity=30 is_open=False hour_summary=Closed until 10:00am
[2026-06-12 08:30:03] RIMAC Fitness Gym: 0% (Not Busy) people=1 capacity=150 is_open=True hour_summary=open
[2026-06-12 08:30:03] Triton Esports Center: 4% (Not Busy) people=1 capacity=35 is_open=True hour_summary=open
[2026-06-12 08:30:03] === SCRAPE END OK ===
[2026-06-12 08:45:02] === SCRAPE START ===
[2026-06-12 08:45:02] Fetching https://waitz.io/live/ucsd-rec
[2026-06-12 08:45:04] Saved 4 rows to ucsd_occupancy_history.csv
[2026-06-12 08:45:04] Main Gym Fitness Gym: 21% (Not Busy) people=15 capacity=72 is_open=True hour_summary=open
[2026-06-12 08:45:04] Outback Climbing Center: 9% (Closed) people=3 capacity=30 is_open=False hour_summary=Closed until 10:00am
[2026-06-12 08:45:04] RIMAC Fitness Gym: 1% (Not Busy) people=2 capacity=150 is_open=True hour_summary=open
[2026-06-12 08:45:04] Triton Esports Center: 5% (Not Busy) people=2 capacity=35 is_open=True hour_summary=open
[2026-06-12 08:45:04] === SCRAPE END OK ===
[2026-06-12 09:00:02] === SCRAPE START ===
[2026-06-12 09:00:02] Fetching https://waitz.io/live/ucsd-rec
[2026-06-12 09:00:04] Saved 4 rows to ucsd_occupancy_history.csv
[2026-06-12 09:00:04] Main Gym Fitness Gym: 23% (Not Busy) people=16 capacity=72 is_open=True hour_summary=open
[2026-06-12 09:00:04] Outback Climbing Center: 11% (Closed) people=3 capacity=30 is_open=False hour_summary=Closed until 10:00am
[2026-06-12 09:00:04] RIMAC Fitness Gym: 2% (Not Busy) people=2 capacity=150 is_open=True hour_summary=open
[2026-06-12 09:00:04] Triton Esports Center: 4% (Not Busy) people=1 capacity=35 is_open=True hour_summary=open
[2026-06-12 09:00:04] === SCRAPE END OK ===
[2026-06-12 09:15:02] === SCRAPE START ===
[2026-06-12 09:15:02] Fetching https://waitz.io/live/ucsd-rec
[2026-06-12 09:15:04] Saved 4 rows to ucsd_occupancy_history.csv
[2026-06-12 09:15:04] Main Gym Fitness Gym: 24% (Not Busy) people=17 capacity=72 is_open=True hour_summary=open
[2026-06-12 09:15:04] Outback Climbing Center: 7% (Closed) people=2 capacity=30 is_open=False hour_summary=Closed until 10:00am
[2026-06-12 09:15:04] RIMAC Fitness Gym: 1% (Not Busy) people=2 capacity=150 is_open=True hour_summary=open
[2026-06-12 09:15:04] Triton Esports Center: 5% (Not Busy) people=2 capacity=35 is_open=True hour_summary=open
[2026-06-12 09:15:04] === SCRAPE END OK ===
[2026-06-12 09:30:02] === SCRAPE START ===
[2026-06-12 09:30:02] Fetching https://waitz.io/live/ucsd-rec
[2026-06-12 09:30:04] Saved 4 rows to ucsd_occupancy_history.csv
[2026-06-12 09:30:04] Main Gym Fitness Gym: 10% (Not Busy) people=7 capacity=72 is_open=True hour_summary=open
[2026-06-12 09:30:04] Outback Climbing Center: 6% (Closed) people=2 capacity=30 is_open=False hour_summary=Closed until 10:00am
[2026-06-12 09:30:04] RIMAC Fitness Gym: 1% (Not Busy) people=2 capacity=150 is_open=True hour_summary=open
[2026-06-12 09:30:04] Triton Esports Center: 2% (Not Busy) people=1 capacity=35 is_open=True hour_summary=open
[2026-06-12 09:30:04] === SCRAPE END OK ===
[2026-06-12 09:45:02] === SCRAPE START ===
[2026-06-12 09:45:02] Fetching https://waitz.io/live/ucsd-rec
[2026-06-12 09:45:04] Saved 4 rows to ucsd_occupancy_history.csv
[2026-06-12 09:45:04] Main Gym Fitness Gym: 14% (Not Busy) people=10 capacity=72 is_open=True hour_summary=open
[2026-06-12 09:45:04] Outback Climbing Center: 9% (Closed) people=3 capacity=30 is_open=False hour_summary=Closed until 10:00am
[2026-06-12 09:45:04] RIMAC Fitness Gym: 2% (Not Busy) people=2 capacity=150 is_open=True hour_summary=open
[2026-06-12 09:45:04] Triton Esports Center: 11% (Not Busy) people=4 capacity=35 is_open=True hour_summary=open
[2026-06-12 09:45:04] === SCRAPE END OK ===
[2026-06-12 10:00:02] === SCRAPE START ===
[2026-06-12 10:00:02] Fetching https://waitz.io/live/ucsd-rec
[2026-06-12 10:00:04] Saved 4 rows to ucsd_occupancy_history.csv
[2026-06-12 10:00:04] Main Gym Fitness Gym: 19% (Not Busy) people=14 capacity=72 is_open=True hour_summary=open
[2026-06-12 10:00:04] Outback Climbing Center: 7% (Not Busy) people=2 capacity=30 is_open=True hour_summary=open
[2026-06-12 10:00:04] RIMAC Fitness Gym: 1% (Not Busy) people=2 capacity=150 is_open=True hour_summary=open
[2026-06-12 10:00:04] Triton Esports Center: 16% (Not Busy) people=6 capacity=35 is_open=True hour_summary=open
[2026-06-12 10:00:04] === SCRAPE END OK ===
[2026-06-12 10:15:02] === SCRAPE START ===
[2026-06-12 10:15:02] Fetching https://waitz.io/live/ucsd-rec
[2026-06-12 10:15:03] Saved 4 rows to ucsd_occupancy_history.csv
[2026-06-12 10:15:03] Main Gym Fitness Gym: 9% (Not Busy) people=6 capacity=72 is_open=True hour_summary=open
[2026-06-12 10:15:03] Outback Climbing Center: 8% (Not Busy) people=2 capacity=30 is_open=True hour_summary=open
[2026-06-12 10:15:03] RIMAC Fitness Gym: 0% (Not Busy) people=1 capacity=150 is_open=True hour_summary=open
[2026-06-12 10:15:03] Triton Esports Center: 31% (Not Busy) people=11 capacity=35 is_open=True hour_summary=open
[2026-06-12 10:15:03] === SCRAPE END OK ===
[2026-06-12 10:30:02] === SCRAPE START ===
[2026-06-12 10:30:02] Fetching https://waitz.io/live/ucsd-rec
[2026-06-12 10:30:04] Saved 4 rows to ucsd_occupancy_history.csv
[2026-06-12 10:30:04] Main Gym Fitness Gym: 14% (Not Busy) people=10 capacity=72 is_open=True hour_summary=open
[2026-06-12 10:30:04] Outback Climbing Center: 8% (Not Busy) people=3 capacity=30 is_open=True hour_summary=open
[2026-06-12 10:30:04] RIMAC Fitness Gym: 1% (Not Busy) people=1 capacity=150 is_open=True hour_summary=open
[2026-06-12 10:30:04] Triton Esports Center: 25% (Not Busy) people=9 capacity=35 is_open=True hour_summary=open
[2026-06-12 10:30:04] === SCRAPE END OK ===
[2026-06-12 10:45:02] === SCRAPE START ===
[2026-06-12 10:45:02] Fetching https://waitz.io/live/ucsd-rec
[2026-06-12 10:45:02] Saved 4 rows to ucsd_occupancy_history.csv
[2026-06-12 10:45:02] Main Gym Fitness Gym: 8% (Not Busy) people=6 capacity=72 is_open=True hour_summary=open
[2026-06-12 10:45:02] Outback Climbing Center: 9% (Not Busy) people=3 capacity=30 is_open=True hour_summary=open
[2026-06-12 10:45:02] RIMAC Fitness Gym: 1% (Not Busy) people=2 capacity=150 is_open=True hour_summary=open
[2026-06-12 10:45:02] Triton Esports Center: 15% (Not Busy) people=5 capacity=35 is_open=True hour_summary=open
[2026-06-12 10:45:02] === SCRAPE END OK ===
[2026-06-12 11:00:02] === SCRAPE START ===
[2026-06-12 11:00:02] Fetching https://waitz.io/live/ucsd-rec
[2026-06-12 11:00:04] Saved 4 rows to ucsd_occupancy_history.csv
[2026-06-12 11:00:04] Main Gym Fitness Gym: 11% (Not Busy) people=8 capacity=72 is_open=True hour_summary=open
[2026-06-12 11:00:04] Outback Climbing Center: 10% (Not Busy) people=3 capacity=30 is_open=True hour_summary=open
[2026-06-12 11:00:04] RIMAC Fitness Gym: 0% (Not Busy) people=0 capacity=150 is_open=True hour_summary=open
[2026-06-12 11:00:04] Triton Esports Center: 22% (Not Busy) people=8 capacity=35 is_open=True hour_summary=open
[2026-06-12 11:00:04] === SCRAPE END OK ===
[2026-06-12 11:15:02] === SCRAPE START ===
[2026-06-12 11:15:02] Fetching https://waitz.io/live/ucsd-rec
[2026-06-12 11:15:03] Saved 4 rows to ucsd_occupancy_history.csv
[2026-06-12 11:15:03] Main Gym Fitness Gym: 6% (Not Busy) people=5 capacity=72 is_open=True hour_summary=open
[2026-06-12 11:15:03] Outback Climbing Center: 10% (Not Busy) people=3 capacity=30 is_open=True hour_summary=open
[2026-06-12 11:15:03] RIMAC Fitness Gym: 2% (Not Busy) people=3 capacity=150 is_open=True hour_summary=open
[2026-06-12 11:15:03] Triton Esports Center: 12% (Not Busy) people=4 capacity=35 is_open=True hour_summary=open
[2026-06-12 11:15:03] === SCRAPE END OK ===
[2026-06-12 11:30:02] === SCRAPE START ===
[2026-06-12 11:30:02] Fetching https://waitz.io/live/ucsd-rec
[2026-06-12 11:30:03] Saved 4 rows to ucsd_occupancy_history.csv
[2026-06-12 11:30:03] Main Gym Fitness Gym: 31% (Not Busy) people=22 capacity=72 is_open=True hour_summary=open
[2026-06-12 11:30:03] Outback Climbing Center: 10% (Not Busy) people=3 capacity=30 is_open=True hour_summary=open
[2026-06-12 11:30:03] RIMAC Fitness Gym: 2% (Not Busy) people=3 capacity=150 is_open=True hour_summary=open
[2026-06-12 11:30:03] Triton Esports Center: 7% (Not Busy) people=2 capacity=35 is_open=True hour_summary=open
[2026-06-12 11:30:03] === SCRAPE END OK ===
[2026-06-12 11:45:02] === SCRAPE START ===
[2026-06-12 11:45:02] Fetching https://waitz.io/live/ucsd-rec
[2026-06-12 11:45:04] Saved 4 rows to ucsd_occupancy_history.csv
[2026-06-12 11:45:04] Main Gym Fitness Gym: 26% (Not Busy) people=19 capacity=72 is_open=True hour_summary=open
[2026-06-12 11:45:04] Outback Climbing Center: 11% (Not Busy) people=3 capacity=30 is_open=True hour_summary=open
[2026-06-12 11:45:04] RIMAC Fitness Gym: 1% (Not Busy) people=2 capacity=150 is_open=True hour_summary=open
[2026-06-12 11:45:04] Triton Esports Center: 2% (Not Busy) people=1 capacity=35 is_open=True hour_summary=open
[2026-06-12 11:45:04] === SCRAPE END OK ===
[2026-06-12 12:00:02] === SCRAPE START ===
[2026-06-12 12:00:02] Fetching https://waitz.io/live/ucsd-rec
[2026-06-12 12:00:03] Saved 4 rows to ucsd_occupancy_history.csv
[2026-06-12 12:00:03] Main Gym Fitness Gym: 28% (Not Busy) people=20 capacity=72 is_open=True hour_summary=open
[2026-06-12 12:00:03] Outback Climbing Center: 22% (Not Busy) people=7 capacity=30 is_open=True hour_summary=open
[2026-06-12 12:00:03] RIMAC Fitness Gym: 0% (Not Busy) people=1 capacity=150 is_open=True hour_summary=open
[2026-06-12 12:00:03] Triton Esports Center: 2% (Not Busy) people=1 capacity=35 is_open=True hour_summary=open
[2026-06-12 12:00:03] === SCRAPE END OK ===
[2026-06-12 12:15:02] === SCRAPE START ===
[2026-06-12 12:15:02] Fetching https://waitz.io/live/ucsd-rec
[2026-06-12 12:15:03] Saved 4 rows to ucsd_occupancy_history.csv
[2026-06-12 12:15:03] Main Gym Fitness Gym: 17% (Not Busy) people=12 capacity=72 is_open=True hour_summary=open
[2026-06-12 12:15:03] Outback Climbing Center: 10% (Not Busy) people=3 capacity=30 is_open=True hour_summary=open
[2026-06-12 12:15:03] RIMAC Fitness Gym: 1% (Not Busy) people=1 capacity=150 is_open=True hour_summary=open
[2026-06-12 12:15:03] Triton Esports Center: 10% (Not Busy) people=3 capacity=35 is_open=True hour_summary=open
[2026-06-12 12:15:03] === SCRAPE END OK ===
[2026-06-12 12:30:02] === SCRAPE START ===
[2026-06-12 12:30:02] Fetching https://waitz.io/live/ucsd-rec
[2026-06-12 12:30:03] Saved 4 rows to ucsd_occupancy_history.csv
[2026-06-12 12:30:03] Main Gym Fitness Gym: 20% (Not Busy) people=15 capacity=72 is_open=True hour_summary=open
[2026-06-12 12:30:03] Outback Climbing Center: 8% (Not Busy) people=3 capacity=30 is_open=True hour_summary=open
[2026-06-12 12:30:03] RIMAC Fitness Gym: 1% (Not Busy) people=1 capacity=150 is_open=True hour_summary=open
[2026-06-12 12:30:03] Triton Esports Center: 10% (Not Busy) people=3 capacity=35 is_open=True hour_summary=open
[2026-06-12 12:30:03] === SCRAPE END OK ===
[2026-06-12 12:45:02] === SCRAPE START ===
[2026-06-12 12:45:02] Fetching https://waitz.io/live/ucsd-rec
[2026-06-12 12:45:04] Saved 4 rows to ucsd_occupancy_history.csv
[2026-06-12 12:45:04] Main Gym Fitness Gym: 21% (Not Busy) people=15 capacity=72 is_open=True hour_summary=open
[2026-06-12 12:45:04] Outback Climbing Center: 10% (Not Busy) people=3 capacity=30 is_open=True hour_summary=open
[2026-06-12 12:45:04] RIMAC Fitness Gym: 1% (Not Busy) people=1 capacity=150 is_open=True hour_summary=open
[2026-06-12 12:45:04] Triton Esports Center: 7% (Not Busy) people=3 capacity=35 is_open=True hour_summary=open
[2026-06-12 12:45:04] === SCRAPE END OK ===
[2026-06-12 13:00:02] === SCRAPE START ===
[2026-06-12 13:00:02] Fetching https://waitz.io/live/ucsd-rec
[2026-06-12 13:00:03] Saved 4 rows to ucsd_occupancy_history.csv
[2026-06-12 13:00:03] Main Gym Fitness Gym: 26% (Not Busy) people=19 capacity=72 is_open=True hour_summary=open
[2026-06-12 13:00:03] Outback Climbing Center: 10% (Not Busy) people=3 capacity=30 is_open=True hour_summary=open
[2026-06-12 13:00:03] RIMAC Fitness Gym: 1% (Not Busy) people=1 capacity=150 is_open=True hour_summary=open
[2026-06-12 13:00:03] Triton Esports Center: 19% (Not Busy) people=7 capacity=35 is_open=True hour_summary=open
[2026-06-12 13:00:03] === SCRAPE END OK ===
[2026-06-12 13:15:02] === SCRAPE START ===
[2026-06-12 13:15:02] Fetching https://waitz.io/live/ucsd-rec
[2026-06-12 13:15:04] Saved 4 rows to ucsd_occupancy_history.csv
[2026-06-12 13:15:04] Main Gym Fitness Gym: 29% (Not Busy) people=21 capacity=72 is_open=True hour_summary=open
[2026-06-12 13:15:04] Outback Climbing Center: 13% (Not Busy) people=4 capacity=30 is_open=True hour_summary=open
[2026-06-12 13:15:04] RIMAC Fitness Gym: 0% (Not Busy) people=1 capacity=150 is_open=True hour_summary=open
[2026-06-12 13:15:04] Triton Esports Center: 0% (Not Busy) people=0 capacity=35 is_open=True hour_summary=open
[2026-06-12 13:15:04] === SCRAPE END OK ===
[2026-06-12 13:30:02] === SCRAPE START ===
[2026-06-12 13:30:02] Fetching https://waitz.io/live/ucsd-rec
[2026-06-12 13:30:04] Saved 4 rows to ucsd_occupancy_history.csv
[2026-06-12 13:30:04] Main Gym Fitness Gym: 16% (Not Busy) people=11 capacity=72 is_open=True hour_summary=open
[2026-06-12 13:30:04] Outback Climbing Center: 4% (Not Busy) people=1 capacity=30 is_open=True hour_summary=open
[2026-06-12 13:30:04] RIMAC Fitness Gym: 0% (Not Busy) people=0 capacity=150 is_open=True hour_summary=open
[2026-06-12 13:30:04] Triton Esports Center: 1% (Not Busy) people=0 capacity=35 is_open=True hour_summary=open
[2026-06-12 13:30:04] === SCRAPE END OK ===
[2026-06-12 13:45:02] === SCRAPE START ===
[2026-06-12 13:45:02] Fetching https://waitz.io/live/ucsd-rec
[2026-06-12 13:45:04] Saved 4 rows to ucsd_occupancy_history.csv
[2026-06-12 13:45:04] Main Gym Fitness Gym: 45% (Not Busy) people=33 capacity=72 is_open=True hour_summary=open
[2026-06-12 13:45:04] Outback Climbing Center: 4% (Not Busy) people=1 capacity=30 is_open=True hour_summary=open
[2026-06-12 13:45:04] RIMAC Fitness Gym: 1% (Not Busy) people=1 capacity=150 is_open=True hour_summary=open
[2026-06-12 13:45:04] Triton Esports Center: 0% (Not Busy) people=0 capacity=35 is_open=True hour_summary=open
[2026-06-12 13:45:04] === SCRAPE END OK ===
[2026-06-12 14:00:02] === SCRAPE START ===
[2026-06-12 14:00:02] Fetching https://waitz.io/live/ucsd-rec
[2026-06-12 14:00:04] Saved 4 rows to ucsd_occupancy_history.csv
[2026-06-12 14:00:04] Main Gym Fitness Gym: 16% (Not Busy) people=11 capacity=72 is_open=True hour_summary=open
[2026-06-12 14:00:04] Outback Climbing Center: 4% (Not Busy) people=1 capacity=30 is_open=True hour_summary=open
[2026-06-12 14:00:04] RIMAC Fitness Gym: 1% (Not Busy) people=1 capacity=150 is_open=True hour_summary=open
[2026-06-12 14:00:04] Triton Esports Center: 0% (Not Busy) people=0 capacity=35 is_open=True hour_summary=open
[2026-06-12 14:00:04] === SCRAPE END OK ===
[2026-06-12 14:15:02] === SCRAPE START ===
[2026-06-12 14:15:02] Fetching https://waitz.io/live/ucsd-rec
[2026-06-12 14:15:03] Saved 4 rows to ucsd_occupancy_history.csv
[2026-06-12 14:15:03] Main Gym Fitness Gym: 25% (Not Busy) people=18 capacity=72 is_open=True hour_summary=open
[2026-06-12 14:15:03] Outback Climbing Center: 10% (Not Busy) people=3 capacity=30 is_open=True hour_summary=open
[2026-06-12 14:15:03] RIMAC Fitness Gym: 0% (Not Busy) people=1 capacity=150 is_open=True hour_summary=open
[2026-06-12 14:15:03] Triton Esports Center: 0% (Not Busy) people=0 capacity=35 is_open=True hour_summary=open
[2026-06-12 14:15:03] === SCRAPE END OK ===
[2026-06-12 14:30:02] === SCRAPE START ===
[2026-06-12 14:30:02] Fetching https://waitz.io/live/ucsd-rec
[2026-06-12 14:30:04] Saved 4 rows to ucsd_occupancy_history.csv
[2026-06-12 14:30:04] Main Gym Fitness Gym: 19% (Not Busy) people=13 capacity=72 is_open=True hour_summary=open
[2026-06-12 14:30:04] Outback Climbing Center: 6% (Not Busy) people=2 capacity=30 is_open=True hour_summary=open
[2026-06-12 14:30:04] RIMAC Fitness Gym: 0% (Not Busy) people=0 capacity=150 is_open=True hour_summary=open
[2026-06-12 14:30:04] Triton Esports Center: 0% (Not Busy) people=0 capacity=35 is_open=True hour_summary=open
[2026-06-12 14:30:04] === SCRAPE END OK ===
[2026-06-12 14:45:02] === SCRAPE START ===
[2026-06-12 14:45:02] Fetching https://waitz.io/live/ucsd-rec
[2026-06-12 14:45:03] Saved 4 rows to ucsd_occupancy_history.csv
[2026-06-12 14:45:03] Main Gym Fitness Gym: 99% (Very Active) people=73 capacity=72 is_open=True hour_summary=open
[2026-06-12 14:45:03] Outback Climbing Center: 9% (Not Busy) people=3 capacity=30 is_open=True hour_summary=open
[2026-06-12 14:45:03] RIMAC Fitness Gym: 0% (Not Busy) people=1 capacity=150 is_open=True hour_summary=open
[2026-06-12 14:45:03] Triton Esports Center: 0% (Not Busy) people=0 capacity=35 is_open=True hour_summary=open
[2026-06-12 14:45:03] === SCRAPE END OK ===
[2026-06-12 15:00:02] === SCRAPE START ===
[2026-06-12 15:00:02] Fetching https://waitz.io/live/ucsd-rec
[2026-06-12 15:00:04] Saved 4 rows to ucsd_occupancy_history.csv
[2026-06-12 15:00:04] Main Gym Fitness Gym: 80% (Busy) people=57 capacity=72 is_open=True hour_summary=open
[2026-06-12 15:00:04] Outback Climbing Center: 6% (Not Busy) people=2 capacity=30 is_open=True hour_summary=open
[2026-06-12 15:00:04] RIMAC Fitness Gym: 0% (Not Busy) people=0 capacity=150 is_open=True hour_summary=open
[2026-06-12 15:00:04] Triton Esports Center: 0% (Not Busy) people=0 capacity=35 is_open=True hour_summary=open
[2026-06-12 15:00:04] === SCRAPE END OK ===
[2026-06-12 15:15:02] === SCRAPE START ===
[2026-06-12 15:15:02] Fetching https://waitz.io/live/ucsd-rec
[2026-06-12 15:15:03] Saved 4 rows to ucsd_occupancy_history.csv
[2026-06-12 15:15:03] Main Gym Fitness Gym: 99% (Very Active) people=80 capacity=72 is_open=True hour_summary=open
[2026-06-12 15:15:03] Outback Climbing Center: 8% (Not Busy) people=2 capacity=30 is_open=True hour_summary=open
[2026-06-12 15:15:03] RIMAC Fitness Gym: 0% (Not Busy) people=0 capacity=150 is_open=True hour_summary=open
[2026-06-12 15:15:03] Triton Esports Center: 0% (Not Busy) people=0 capacity=35 is_open=True hour_summary=open
[2026-06-12 15:15:03] === SCRAPE END OK ===
[2026-06-12 15:30:02] === SCRAPE START ===
[2026-06-12 15:30:02] Fetching https://waitz.io/live/ucsd-rec
[2026-06-12 15:30:04] Saved 4 rows to ucsd_occupancy_history.csv
[2026-06-12 15:30:04] Main Gym Fitness Gym: 99% (Very Active) people=74 capacity=72 is_open=True hour_summary=open
[2026-06-12 15:30:04] Outback Climbing Center: 14% (Not Busy) people=4 capacity=30 is_open=True hour_summary=open
[2026-06-12 15:30:04] RIMAC Fitness Gym: 7% (Not Busy) people=10 capacity=150 is_open=True hour_summary=open
[2026-06-12 15:30:04] Triton Esports Center: 0% (Not Busy) people=0 capacity=35 is_open=True hour_summary=open
[2026-06-12 15:30:04] === SCRAPE END OK ===
[2026-06-12 15:45:02] === SCRAPE START ===
[2026-06-12 15:45:02] Fetching https://waitz.io/live/ucsd-rec
[2026-06-12 15:45:03] Saved 4 rows to ucsd_occupancy_history.csv
[2026-06-12 15:45:03] Main Gym Fitness Gym: 99% (Very Active) people=72 capacity=72 is_open=True hour_summary=open
[2026-06-12 15:45:03] Outback Climbing Center: 10% (Not Busy) people=3 capacity=30 is_open=True hour_summary=open
[2026-06-12 15:45:03] RIMAC Fitness Gym: 4% (Not Busy) people=6 capacity=150 is_open=True hour_summary=open
[2026-06-12 15:45:03] Triton Esports Center: 0% (Not Busy) people=0 capacity=35 is_open=True hour_summary=open
[2026-06-12 15:45:03] === SCRAPE END OK ===
[2026-06-12 16:00:02] === SCRAPE START ===
[2026-06-12 16:00:02] Fetching https://waitz.io/live/ucsd-rec
[2026-06-12 16:00:04] Saved 4 rows to ucsd_occupancy_history.csv
[2026-06-12 16:00:04] Main Gym Fitness Gym: 99% (Very Active) people=73 capacity=72 is_open=True hour_summary=open
[2026-06-12 16:00:04] Outback Climbing Center: 10% (Not Busy) people=3 capacity=30 is_open=True hour_summary=open
[2026-06-12 16:00:04] RIMAC Fitness Gym: 1% (Not Busy) people=1 capacity=150 is_open=True hour_summary=open
[2026-06-12 16:00:04] Triton Esports Center: 0% (Not Busy) people=0 capacity=35 is_open=True hour_summary=open
[2026-06-12 16:00:04] === SCRAPE END OK ===
