[2026-05-14 00:00:01] === SCRAPE START ===
[2026-05-14 00:00:01] Fetching https://waitz.io/live/ucsd-rec
[2026-05-14 00:00:03] Saved 4 rows to ucsd_occupancy_history.csv
[2026-05-14 00:00:03] Main Gym Fitness Gym: 1% (Closed) people=1 capacity=72 is_open=False hour_summary=Closed until 6:00am
[2026-05-14 00:00:03] Outback Climbing Center: 0% (Closed) people=0 capacity=30 is_open=False hour_summary=Closed until 10:00am
[2026-05-14 00:00:03] RIMAC Fitness Gym: 0% (Closed) people=0 capacity=150 is_open=False hour_summary=Closed until 6:00am
[2026-05-14 00:00:03] Triton Esports Center: 0% (Closed) people=0 capacity=35 is_open=False hour_summary=Closed until 7:30am
[2026-05-14 00:00:03] === SCRAPE END OK ===
[2026-05-14 00:15:02] === SCRAPE START ===
[2026-05-14 00:15:02] Fetching https://waitz.io/live/ucsd-rec
[2026-05-14 00:15:03] Saved 4 rows to ucsd_occupancy_history.csv
[2026-05-14 00:15:03] Main Gym Fitness Gym: 1% (Closed) people=1 capacity=72 is_open=False hour_summary=Closed until 6:00am
[2026-05-14 00:15:03] Outback Climbing Center: 2% (Closed) people=1 capacity=30 is_open=False hour_summary=Closed until 10:00am
[2026-05-14 00:15:03] RIMAC Fitness Gym: 0% (Closed) people=0 capacity=150 is_open=False hour_summary=Closed until 6:00am
[2026-05-14 00:15:03] Triton Esports Center: 0% (Closed) people=0 capacity=35 is_open=False hour_summary=Closed until 7:30am
[2026-05-14 00:15:03] === SCRAPE END OK ===
[2026-05-14 00:30:02] === SCRAPE START ===
[2026-05-14 00:30:02] Fetching https://waitz.io/live/ucsd-rec
[2026-05-14 00:30:04] Saved 4 rows to ucsd_occupancy_history.csv
[2026-05-14 00:30:04] Main Gym Fitness Gym: 1% (Closed) people=1 capacity=72 is_open=False hour_summary=Closed until 6:00am
[2026-05-14 00:30:04] Outback Climbing Center: 2% (Closed) people=1 capacity=30 is_open=False hour_summary=Closed until 10:00am
[2026-05-14 00:30:04] RIMAC Fitness Gym: 1% (Closed) people=1 capacity=150 is_open=False hour_summary=Closed until 6:00am
[2026-05-14 00:30:04] Triton Esports Center: 0% (Closed) people=0 capacity=35 is_open=False hour_summary=Closed until 7:30am
[2026-05-14 00:30:04] === SCRAPE END OK ===
[2026-05-14 00:45:02] === SCRAPE START ===
[2026-05-14 00:45:02] Fetching https://waitz.io/live/ucsd-rec
[2026-05-14 00:45:03] Saved 4 rows to ucsd_occupancy_history.csv
[2026-05-14 00:45:03] Main Gym Fitness Gym: 1% (Closed) people=1 capacity=72 is_open=False hour_summary=Closed until 6:00am
[2026-05-14 00:45:03] Outback Climbing Center: 1% (Closed) people=0 capacity=30 is_open=False hour_summary=Closed until 10:00am
[2026-05-14 00:45:03] RIMAC Fitness Gym: 0% (Closed) people=0 capacity=150 is_open=False hour_summary=Closed until 6:00am
[2026-05-14 00:45:03] Triton Esports Center: 0% (Closed) people=0 capacity=35 is_open=False hour_summary=Closed until 7:30am
[2026-05-14 00:45:03] === SCRAPE END OK ===
[2026-05-14 01:00:02] === SCRAPE START ===
[2026-05-14 01:00:02] Fetching https://waitz.io/live/ucsd-rec
[2026-05-14 01:00:03] Saved 4 rows to ucsd_occupancy_history.csv
[2026-05-14 01:00:03] Main Gym Fitness Gym: 1% (Closed) people=1 capacity=72 is_open=False hour_summary=Closed until 6:00am
[2026-05-14 01:00:03] Outback Climbing Center: 5% (Closed) people=2 capacity=30 is_open=False hour_summary=Closed until 10:00am
[2026-05-14 01:00:03] RIMAC Fitness Gym: 0% (Closed) people=0 capacity=150 is_open=False hour_summary=Closed until 6:00am
[2026-05-14 01:00:03] Triton Esports Center: 0% (Closed) people=0 capacity=35 is_open=False hour_summary=Closed until 7:30am
[2026-05-14 01:00:03] === SCRAPE END OK ===
[2026-05-14 01:15:02] === SCRAPE START ===
[2026-05-14 01:15:02] Fetching https://waitz.io/live/ucsd-rec
[2026-05-14 01:15:03] Saved 4 rows to ucsd_occupancy_history.csv
[2026-05-14 01:15:03] Main Gym Fitness Gym: 1% (Closed) people=1 capacity=72 is_open=False hour_summary=Closed until 6:00am
[2026-05-14 01:15:03] Outback Climbing Center: 3% (Closed) people=1 capacity=30 is_open=False hour_summary=Closed until 10:00am
[2026-05-14 01:15:03] RIMAC Fitness Gym: 1% (Closed) people=1 capacity=150 is_open=False hour_summary=Closed until 6:00am
[2026-05-14 01:15:03] Triton Esports Center: 0% (Closed) people=0 capacity=35 is_open=False hour_summary=Closed until 7:30am
[2026-05-14 01:15:03] === SCRAPE END OK ===
[2026-05-14 01:30:02] === SCRAPE START ===
[2026-05-14 01:30:02] Fetching https://waitz.io/live/ucsd-rec
[2026-05-14 01:30:03] Saved 4 rows to ucsd_occupancy_history.csv
[2026-05-14 01:30:03] Main Gym Fitness Gym: 0% (Closed) people=0 capacity=72 is_open=False hour_summary=Closed until 6:00am
[2026-05-14 01:30:03] Outback Climbing Center: 4% (Closed) people=1 capacity=30 is_open=False hour_summary=Closed until 10:00am
[2026-05-14 01:30:03] RIMAC Fitness Gym: 1% (Closed) people=1 capacity=150 is_open=False hour_summary=Closed until 6:00am
[2026-05-14 01:30:03] Triton Esports Center: 0% (Closed) people=0 capacity=35 is_open=False hour_summary=Closed until 7:30am
[2026-05-14 01:30:03] === SCRAPE END OK ===
[2026-05-14 01:45:02] === SCRAPE START ===
[2026-05-14 01:45:02] Fetching https://waitz.io/live/ucsd-rec
[2026-05-14 01:45:03] Saved 4 rows to ucsd_occupancy_history.csv
[2026-05-14 01:45:03] Main Gym Fitness Gym: 1% (Closed) people=1 capacity=72 is_open=False hour_summary=Closed until 6:00am
[2026-05-14 01:45:03] Outback Climbing Center: 5% (Closed) people=1 capacity=30 is_open=False hour_summary=Closed until 10:00am
[2026-05-14 01:45:03] RIMAC Fitness Gym: 1% (Closed) people=1 capacity=150 is_open=False hour_summary=Closed until 6:00am
[2026-05-14 01:45:03] Triton Esports Center: 0% (Closed) people=0 capacity=35 is_open=False hour_summary=Closed until 7:30am
[2026-05-14 01:45:03] === SCRAPE END OK ===
[2026-05-14 02:00:02] === SCRAPE START ===
[2026-05-14 02:00:02] Fetching https://waitz.io/live/ucsd-rec
[2026-05-14 02:00:04] Saved 4 rows to ucsd_occupancy_history.csv
[2026-05-14 02:00:04] Main Gym Fitness Gym: 1% (Closed) people=1 capacity=72 is_open=False hour_summary=Closed until 6:00am
[2026-05-14 02:00:04] Outback Climbing Center: 3% (Closed) people=1 capacity=30 is_open=False hour_summary=Closed until 10:00am
[2026-05-14 02:00:04] RIMAC Fitness Gym: 0% (Closed) people=0 capacity=150 is_open=False hour_summary=Closed until 6:00am
[2026-05-14 02:00:04] Triton Esports Center: 0% (Closed) people=0 capacity=35 is_open=False hour_summary=Closed until 7:30am
[2026-05-14 02:00:04] === SCRAPE END OK ===
[2026-05-14 02:15:02] === SCRAPE START ===
[2026-05-14 02:15:02] Fetching https://waitz.io/live/ucsd-rec
[2026-05-14 02:15:03] Saved 4 rows to ucsd_occupancy_history.csv
[2026-05-14 02:15:03] Main Gym Fitness Gym: 1% (Closed) people=1 capacity=72 is_open=False hour_summary=Closed until 6:00am
[2026-05-14 02:15:03] Outback Climbing Center: 2% (Closed) people=1 capacity=30 is_open=False hour_summary=Closed until 10:00am
[2026-05-14 02:15:03] RIMAC Fitness Gym: 0% (Closed) people=1 capacity=150 is_open=False hour_summary=Closed until 6:00am
[2026-05-14 02:15:03] Triton Esports Center: 0% (Closed) people=0 capacity=35 is_open=False hour_summary=Closed until 7:30am
[2026-05-14 02:15:03] === SCRAPE END OK ===
[2026-05-14 02:30:02] === SCRAPE START ===
[2026-05-14 02:30:02] Fetching https://waitz.io/live/ucsd-rec
[2026-05-14 02:30:03] Saved 4 rows to ucsd_occupancy_history.csv
[2026-05-14 02:30:03] Main Gym Fitness Gym: 1% (Closed) people=0 capacity=72 is_open=False hour_summary=Closed until 6:00am
[2026-05-14 02:30:03] Outback Climbing Center: 2% (Closed) people=0 capacity=30 is_open=False hour_summary=Closed until 10:00am
[2026-05-14 02:30:03] RIMAC Fitness Gym: 0% (Closed) people=0 capacity=150 is_open=False hour_summary=Closed until 6:00am
[2026-05-14 02:30:03] Triton Esports Center: 0% (Closed) people=0 capacity=35 is_open=False hour_summary=Closed until 7:30am
[2026-05-14 02:30:03] === SCRAPE END OK ===
[2026-05-14 02:45:03] === SCRAPE START ===
[2026-05-14 02:45:03] Fetching https://waitz.io/live/ucsd-rec
[2026-05-14 02:45:04] Saved 4 rows to ucsd_occupancy_history.csv
[2026-05-14 02:45:04] Main Gym Fitness Gym: 1% (Closed) people=1 capacity=72 is_open=False hour_summary=Closed until 6:00am
[2026-05-14 02:45:04] Outback Climbing Center: 10% (Closed) people=3 capacity=30 is_open=False hour_summary=Closed until 10:00am
[2026-05-14 02:45:04] RIMAC Fitness Gym: 0% (Closed) people=0 capacity=150 is_open=False hour_summary=Closed until 6:00am
[2026-05-14 02:45:04] Triton Esports Center: 0% (Closed) people=0 capacity=35 is_open=False hour_summary=Closed until 7:30am
[2026-05-14 02:45:04] === SCRAPE END OK ===
[2026-05-14 03:00:02] === SCRAPE START ===
[2026-05-14 03:00:02] Fetching https://waitz.io/live/ucsd-rec
[2026-05-14 03:00:04] Saved 4 rows to ucsd_occupancy_history.csv
[2026-05-14 03:00:04] Main Gym Fitness Gym: 4% (Closed) people=3 capacity=72 is_open=False hour_summary=Closed until 6:00am
[2026-05-14 03:00:04] Outback Climbing Center: 2% (Closed) people=1 capacity=30 is_open=False hour_summary=Closed until 10:00am
[2026-05-14 03:00:04] RIMAC Fitness Gym: 1% (Closed) people=1 capacity=150 is_open=False hour_summary=Closed until 6:00am
[2026-05-14 03:00:04] Triton Esports Center: 0% (Closed) people=0 capacity=35 is_open=False hour_summary=Closed until 7:30am
[2026-05-14 03:00:04] === SCRAPE END OK ===
[2026-05-14 03:15:02] === SCRAPE START ===
[2026-05-14 03:15:02] Fetching https://waitz.io/live/ucsd-rec
[2026-05-14 03:15:03] Saved 4 rows to ucsd_occupancy_history.csv
[2026-05-14 03:15:03] Main Gym Fitness Gym: 1% (Closed) people=1 capacity=72 is_open=False hour_summary=Closed until 6:00am
[2026-05-14 03:15:03] Outback Climbing Center: 2% (Closed) people=1 capacity=30 is_open=False hour_summary=Closed until 10:00am
[2026-05-14 03:15:03] RIMAC Fitness Gym: 0% (Closed) people=1 capacity=150 is_open=False hour_summary=Closed until 6:00am
[2026-05-14 03:15:03] Triton Esports Center: 0% (Closed) people=0 capacity=35 is_open=False hour_summary=Closed until 7:30am
[2026-05-14 03:15:03] === SCRAPE END OK ===
[2026-05-14 03:30:02] === SCRAPE START ===
[2026-05-14 03:30:02] Fetching https://waitz.io/live/ucsd-rec
[2026-05-14 03:30:03] Saved 4 rows to ucsd_occupancy_history.csv
[2026-05-14 03:30:03] Main Gym Fitness Gym: 1% (Closed) people=1 capacity=72 is_open=False hour_summary=Closed until 6:00am
[2026-05-14 03:30:03] Outback Climbing Center: 1% (Closed) people=0 capacity=30 is_open=False hour_summary=Closed until 10:00am
[2026-05-14 03:30:03] RIMAC Fitness Gym: 0% (Closed) people=0 capacity=150 is_open=False hour_summary=Closed until 6:00am
[2026-05-14 03:30:03] Triton Esports Center: 0% (Closed) people=0 capacity=35 is_open=False hour_summary=Closed until 7:30am
[2026-05-14 03:30:03] === SCRAPE END OK ===
[2026-05-14 03:45:02] === SCRAPE START ===
[2026-05-14 03:45:02] Fetching https://waitz.io/live/ucsd-rec
[2026-05-14 03:45:03] Saved 4 rows to ucsd_occupancy_history.csv
[2026-05-14 03:45:03] Main Gym Fitness Gym: 1% (Closed) people=1 capacity=72 is_open=False hour_summary=Closed until 6:00am
[2026-05-14 03:45:03] Outback Climbing Center: 2% (Closed) people=1 capacity=30 is_open=False hour_summary=Closed until 10:00am
[2026-05-14 03:45:03] RIMAC Fitness Gym: 0% (Closed) people=1 capacity=150 is_open=False hour_summary=Closed until 6:00am
[2026-05-14 03:45:03] Triton Esports Center: 0% (Closed) people=0 capacity=35 is_open=False hour_summary=Closed until 7:30am
[2026-05-14 03:45:03] === SCRAPE END OK ===
[2026-05-14 04:00:02] === SCRAPE START ===
[2026-05-14 04:00:02] Fetching https://waitz.io/live/ucsd-rec
[2026-05-14 04:00:03] Saved 4 rows to ucsd_occupancy_history.csv
[2026-05-14 04:00:03] Main Gym Fitness Gym: 1% (Closed) people=1 capacity=72 is_open=False hour_summary=Closed until 6:00am
[2026-05-14 04:00:03] Outback Climbing Center: 7% (Closed) people=2 capacity=30 is_open=False hour_summary=Closed until 10:00am
[2026-05-14 04:00:03] RIMAC Fitness Gym: 0% (Closed) people=1 capacity=150 is_open=False hour_summary=Closed until 6:00am
[2026-05-14 04:00:03] Triton Esports Center: 0% (Closed) people=0 capacity=35 is_open=False hour_summary=Closed until 7:30am
[2026-05-14 04:00:03] === SCRAPE END OK ===
[2026-05-14 04:15:02] === SCRAPE START ===
[2026-05-14 04:15:02] Fetching https://waitz.io/live/ucsd-rec
[2026-05-14 04:15:03] Saved 4 rows to ucsd_occupancy_history.csv
[2026-05-14 04:15:03] Main Gym Fitness Gym: 1% (Closed) people=1 capacity=72 is_open=False hour_summary=Closed until 6:00am
[2026-05-14 04:15:03] Outback Climbing Center: 7% (Closed) people=2 capacity=30 is_open=False hour_summary=Closed until 10:00am
[2026-05-14 04:15:03] RIMAC Fitness Gym: 0% (Closed) people=1 capacity=150 is_open=False hour_summary=Closed until 6:00am
[2026-05-14 04:15:03] Triton Esports Center: 0% (Closed) people=0 capacity=35 is_open=False hour_summary=Closed until 7:30am
[2026-05-14 04:15:03] === SCRAPE END OK ===
[2026-05-14 04:30:02] === SCRAPE START ===
[2026-05-14 04:30:02] Fetching https://waitz.io/live/ucsd-rec
[2026-05-14 04:30:04] Saved 4 rows to ucsd_occupancy_history.csv
[2026-05-14 04:30:04] Main Gym Fitness Gym: 1% (Closed) people=1 capacity=72 is_open=False hour_summary=Closed until 6:00am
[2026-05-14 04:30:04] Outback Climbing Center: 5% (Closed) people=1 capacity=30 is_open=False hour_summary=Closed until 10:00am
[2026-05-14 04:30:04] RIMAC Fitness Gym: 0% (Closed) people=0 capacity=150 is_open=False hour_summary=Closed until 6:00am
[2026-05-14 04:30:04] Triton Esports Center: 0% (Closed) people=0 capacity=35 is_open=False hour_summary=Closed until 7:30am
[2026-05-14 04:30:04] === SCRAPE END OK ===
[2026-05-14 04:45:02] === SCRAPE START ===
[2026-05-14 04:45:02] Fetching https://waitz.io/live/ucsd-rec
[2026-05-14 04:45:03] Saved 4 rows to ucsd_occupancy_history.csv
[2026-05-14 04:45:03] Main Gym Fitness Gym: 1% (Closed) people=1 capacity=72 is_open=False hour_summary=Closed until 6:00am
[2026-05-14 04:45:03] Outback Climbing Center: 7% (Closed) people=2 capacity=30 is_open=False hour_summary=Closed until 10:00am
[2026-05-14 04:45:03] RIMAC Fitness Gym: 0% (Closed) people=0 capacity=150 is_open=False hour_summary=Closed until 6:00am
[2026-05-14 04:45:03] Triton Esports Center: 0% (Closed) people=0 capacity=35 is_open=False hour_summary=Closed until 7:30am
[2026-05-14 04:45:03] === SCRAPE END OK ===
[2026-05-14 05:00:02] === SCRAPE START ===
[2026-05-14 05:00:02] Fetching https://waitz.io/live/ucsd-rec
[2026-05-14 05:00:03] Saved 4 rows to ucsd_occupancy_history.csv
[2026-05-14 05:00:03] Main Gym Fitness Gym: 1% (Closed) people=1 capacity=72 is_open=False hour_summary=Closed until 6:00am
[2026-05-14 05:00:03] Outback Climbing Center: 6% (Closed) people=2 capacity=30 is_open=False hour_summary=Closed until 10:00am
[2026-05-14 05:00:03] RIMAC Fitness Gym: 0% (Closed) people=1 capacity=150 is_open=False hour_summary=Closed until 6:00am
[2026-05-14 05:00:03] Triton Esports Center: 0% (Closed) people=0 capacity=35 is_open=False hour_summary=Closed until 7:30am
[2026-05-14 05:00:03] === SCRAPE END OK ===
[2026-05-14 05:15:02] === SCRAPE START ===
[2026-05-14 05:15:02] Fetching https://waitz.io/live/ucsd-rec
[2026-05-14 05:15:03] Saved 4 rows to ucsd_occupancy_history.csv
[2026-05-14 05:15:03] Main Gym Fitness Gym: 1% (Closed) people=1 capacity=72 is_open=False hour_summary=Closed until 6:00am
[2026-05-14 05:15:03] Outback Climbing Center: 1% (Closed) people=0 capacity=30 is_open=False hour_summary=Closed until 10:00am
[2026-05-14 05:15:03] RIMAC Fitness Gym: 0% (Closed) people=1 capacity=150 is_open=False hour_summary=Closed until 6:00am
[2026-05-14 05:15:03] Triton Esports Center: 0% (Closed) people=0 capacity=35 is_open=False hour_summary=Closed until 7:30am
[2026-05-14 05:15:03] === SCRAPE END OK ===
[2026-05-14 05:30:02] === SCRAPE START ===
[2026-05-14 05:30:02] Fetching https://waitz.io/live/ucsd-rec
[2026-05-14 05:30:03] Saved 4 rows to ucsd_occupancy_history.csv
[2026-05-14 05:30:03] Main Gym Fitness Gym: 1% (Closed) people=1 capacity=72 is_open=False hour_summary=Closed until 6:00am
[2026-05-14 05:30:03] Outback Climbing Center: 1% (Closed) people=0 capacity=30 is_open=False hour_summary=Closed until 10:00am
[2026-05-14 05:30:03] RIMAC Fitness Gym: 0% (Closed) people=1 capacity=150 is_open=False hour_summary=Closed until 6:00am
[2026-05-14 05:30:03] Triton Esports Center: 0% (Closed) people=0 capacity=35 is_open=False hour_summary=Closed until 7:30am
[2026-05-14 05:30:03] === SCRAPE END OK ===
[2026-05-14 05:45:02] === SCRAPE START ===
[2026-05-14 05:45:02] Fetching https://waitz.io/live/ucsd-rec
[2026-05-14 05:45:03] Saved 4 rows to ucsd_occupancy_history.csv
[2026-05-14 05:45:03] Main Gym Fitness Gym: 1% (Closed) people=1 capacity=72 is_open=False hour_summary=Closed until 6:00am
[2026-05-14 05:45:03] Outback Climbing Center: 2% (Closed) people=1 capacity=30 is_open=False hour_summary=Closed until 10:00am
[2026-05-14 05:45:03] RIMAC Fitness Gym: 0% (Closed) people=0 capacity=150 is_open=False hour_summary=Closed until 6:00am
[2026-05-14 05:45:03] Triton Esports Center: 0% (Closed) people=0 capacity=35 is_open=False hour_summary=Closed until 7:30am
[2026-05-14 05:45:03] === SCRAPE END OK ===
[2026-05-14 06:00:02] === SCRAPE START ===
[2026-05-14 06:00:02] Fetching https://waitz.io/live/ucsd-rec
[2026-05-14 06:00:04] Saved 4 rows to ucsd_occupancy_history.csv
[2026-05-14 06:00:04] Main Gym Fitness Gym: 2% (Not Busy) people=1 capacity=72 is_open=True hour_summary=open
[2026-05-14 06:00:04] Outback Climbing Center: 2% (Closed) people=1 capacity=30 is_open=False hour_summary=Closed until 10:00am
[2026-05-14 06:00:04] RIMAC Fitness Gym: 1% (Not Busy) people=1 capacity=150 is_open=True hour_summary=open
[2026-05-14 06:00:04] Triton Esports Center: 0% (Closed) people=0 capacity=35 is_open=False hour_summary=Closed until 7:30am
[2026-05-14 06:00:04] === SCRAPE END OK ===
[2026-05-14 06:15:02] === SCRAPE START ===
[2026-05-14 06:15:02] Fetching https://waitz.io/live/ucsd-rec
[2026-05-14 06:15:03] Saved 4 rows to ucsd_occupancy_history.csv
[2026-05-14 06:15:03] Main Gym Fitness Gym: 3% (Not Busy) people=2 capacity=72 is_open=True hour_summary=open
[2026-05-14 06:15:03] Outback Climbing Center: 8% (Closed) people=2 capacity=30 is_open=False hour_summary=Closed until 10:00am
[2026-05-14 06:15:03] RIMAC Fitness Gym: 7% (Not Busy) people=10 capacity=150 is_open=True hour_summary=open
[2026-05-14 06:15:03] Triton Esports Center: 0% (Closed) people=0 capacity=35 is_open=False hour_summary=Closed until 7:30am
[2026-05-14 06:15:03] === SCRAPE END OK ===
[2026-05-14 06:30:02] === SCRAPE START ===
[2026-05-14 06:30:02] Fetching https://waitz.io/live/ucsd-rec
[2026-05-14 06:30:03] Saved 4 rows to ucsd_occupancy_history.csv
[2026-05-14 06:30:03] Main Gym Fitness Gym: 10% (Not Busy) people=7 capacity=72 is_open=True hour_summary=open
[2026-05-14 06:30:03] Outback Climbing Center: 2% (Closed) people=0 capacity=30 is_open=False hour_summary=Closed until 10:00am
[2026-05-14 06:30:03] RIMAC Fitness Gym: 18% (Not Busy) people=26 capacity=150 is_open=True hour_summary=open
[2026-05-14 06:30:03] Triton Esports Center: 0% (Closed) people=0 capacity=35 is_open=False hour_summary=Closed until 7:30am
[2026-05-14 06:30:03] === SCRAPE END OK ===
