[2026-05-20 00:00:01] === SCRAPE START ===
[2026-05-20 00:00:01] Fetching https://waitz.io/live/ucsd-rec
[2026-05-20 00:00:02] Saved 4 rows to ucsd_occupancy_history.csv
[2026-05-20 00:00:02] Main Gym Fitness Gym: 8% (Closed) people=6 capacity=72 is_open=False hour_summary=Closed until 6:00am
[2026-05-20 00:00:02] Outback Climbing Center: 2% (Closed) people=1 capacity=30 is_open=False hour_summary=Closed until 10:00am
[2026-05-20 00:00:02] RIMAC Fitness Gym: 0% (Closed) people=0 capacity=150 is_open=False hour_summary=Closed until 6:00am
[2026-05-20 00:00:02] Triton Esports Center: 0% (Closed) people=0 capacity=35 is_open=False hour_summary=Closed until 7:30am
[2026-05-20 00:00:02] === SCRAPE END OK ===
[2026-05-20 00:15:02] === SCRAPE START ===
[2026-05-20 00:15:02] Fetching https://waitz.io/live/ucsd-rec
[2026-05-20 00:15:03] Saved 4 rows to ucsd_occupancy_history.csv
[2026-05-20 00:15:03] Main Gym Fitness Gym: 2% (Closed) people=1 capacity=72 is_open=False hour_summary=Closed until 6:00am
[2026-05-20 00:15:03] Outback Climbing Center: 2% (Closed) people=1 capacity=30 is_open=False hour_summary=Closed until 10:00am
[2026-05-20 00:15:03] RIMAC Fitness Gym: 0% (Closed) people=0 capacity=150 is_open=False hour_summary=Closed until 6:00am
[2026-05-20 00:15:03] Triton Esports Center: 0% (Closed) people=0 capacity=35 is_open=False hour_summary=Closed until 7:30am
[2026-05-20 00:15:03] === SCRAPE END OK ===
[2026-05-20 00:30:02] === SCRAPE START ===
[2026-05-20 00:30:02] Fetching https://waitz.io/live/ucsd-rec
[2026-05-20 00:30:03] Saved 4 rows to ucsd_occupancy_history.csv
[2026-05-20 00:30:03] Main Gym Fitness Gym: 1% (Closed) people=1 capacity=72 is_open=False hour_summary=Closed until 6:00am
[2026-05-20 00:30:03] Outback Climbing Center: 2% (Closed) people=1 capacity=30 is_open=False hour_summary=Closed until 10:00am
[2026-05-20 00:30:03] RIMAC Fitness Gym: 0% (Closed) people=1 capacity=150 is_open=False hour_summary=Closed until 6:00am
[2026-05-20 00:30:03] Triton Esports Center: 0% (Closed) people=0 capacity=35 is_open=False hour_summary=Closed until 7:30am
[2026-05-20 00:30:03] === SCRAPE END OK ===
[2026-05-20 00:45:02] === SCRAPE START ===
[2026-05-20 00:45:02] Fetching https://waitz.io/live/ucsd-rec
[2026-05-20 00:45:03] Saved 4 rows to ucsd_occupancy_history.csv
[2026-05-20 00:45:03] Main Gym Fitness Gym: 4% (Closed) people=3 capacity=72 is_open=False hour_summary=Closed until 6:00am
[2026-05-20 00:45:03] Outback Climbing Center: 2% (Closed) people=1 capacity=30 is_open=False hour_summary=Closed until 10:00am
[2026-05-20 00:45:03] RIMAC Fitness Gym: 0% (Closed) people=0 capacity=150 is_open=False hour_summary=Closed until 6:00am
[2026-05-20 00:45:03] Triton Esports Center: 0% (Closed) people=0 capacity=35 is_open=False hour_summary=Closed until 7:30am
[2026-05-20 00:45:03] === SCRAPE END OK ===
[2026-05-20 01:00:02] === SCRAPE START ===
[2026-05-20 01:00:02] Fetching https://waitz.io/live/ucsd-rec
[2026-05-20 01:00:04] Saved 4 rows to ucsd_occupancy_history.csv
[2026-05-20 01:00:04] Main Gym Fitness Gym: 3% (Closed) people=2 capacity=72 is_open=False hour_summary=Closed until 6:00am
[2026-05-20 01:00:04] Outback Climbing Center: 1% (Closed) people=0 capacity=30 is_open=False hour_summary=Closed until 10:00am
[2026-05-20 01:00:04] RIMAC Fitness Gym: 0% (Closed) people=0 capacity=150 is_open=False hour_summary=Closed until 6:00am
[2026-05-20 01:00:04] Triton Esports Center: 0% (Closed) people=0 capacity=35 is_open=False hour_summary=Closed until 7:30am
[2026-05-20 01:00:04] === SCRAPE END OK ===
[2026-05-20 01:15:02] === SCRAPE START ===
[2026-05-20 01:15:02] Fetching https://waitz.io/live/ucsd-rec
[2026-05-20 01:15:03] Saved 4 rows to ucsd_occupancy_history.csv
[2026-05-20 01:15:03] Main Gym Fitness Gym: 2% (Closed) people=1 capacity=72 is_open=False hour_summary=Closed until 6:00am
[2026-05-20 01:15:03] Outback Climbing Center: 1% (Closed) people=0 capacity=30 is_open=False hour_summary=Closed until 10:00am
[2026-05-20 01:15:03] RIMAC Fitness Gym: 0% (Closed) people=1 capacity=150 is_open=False hour_summary=Closed until 6:00am
[2026-05-20 01:15:03] Triton Esports Center: 0% (Closed) people=0 capacity=35 is_open=False hour_summary=Closed until 7:30am
[2026-05-20 01:15:03] === SCRAPE END OK ===
[2026-05-20 01:30:02] === SCRAPE START ===
[2026-05-20 01:30:02] Fetching https://waitz.io/live/ucsd-rec
[2026-05-20 01:30:03] Saved 4 rows to ucsd_occupancy_history.csv
[2026-05-20 01:30:03] Main Gym Fitness Gym: 4% (Closed) people=3 capacity=72 is_open=False hour_summary=Closed until 6:00am
[2026-05-20 01:30:03] Outback Climbing Center: 1% (Closed) people=0 capacity=30 is_open=False hour_summary=Closed until 10:00am
[2026-05-20 01:30:03] RIMAC Fitness Gym: 0% (Closed) people=1 capacity=150 is_open=False hour_summary=Closed until 6:00am
[2026-05-20 01:30:03] Triton Esports Center: 0% (Closed) people=0 capacity=35 is_open=False hour_summary=Closed until 7:30am
[2026-05-20 01:30:03] === SCRAPE END OK ===
[2026-05-20 01:45:02] === SCRAPE START ===
[2026-05-20 01:45:02] Fetching https://waitz.io/live/ucsd-rec
[2026-05-20 01:45:03] Saved 4 rows to ucsd_occupancy_history.csv
[2026-05-20 01:45:03] Main Gym Fitness Gym: 5% (Closed) people=4 capacity=72 is_open=False hour_summary=Closed until 6:00am
[2026-05-20 01:45:03] Outback Climbing Center: 1% (Closed) people=0 capacity=30 is_open=False hour_summary=Closed until 10:00am
[2026-05-20 01:45:03] RIMAC Fitness Gym: 0% (Closed) people=1 capacity=150 is_open=False hour_summary=Closed until 6:00am
[2026-05-20 01:45:03] Triton Esports Center: 0% (Closed) people=0 capacity=35 is_open=False hour_summary=Closed until 7:30am
[2026-05-20 01:45:03] === SCRAPE END OK ===
[2026-05-20 02:00:02] === SCRAPE START ===
[2026-05-20 02:00:02] Fetching https://waitz.io/live/ucsd-rec
[2026-05-20 02:00:04] Saved 4 rows to ucsd_occupancy_history.csv
[2026-05-20 02:00:04] Main Gym Fitness Gym: 2% (Closed) people=1 capacity=72 is_open=False hour_summary=Closed until 6:00am
[2026-05-20 02:00:04] Outback Climbing Center: 2% (Closed) people=1 capacity=30 is_open=False hour_summary=Closed until 10:00am
[2026-05-20 02:00:04] RIMAC Fitness Gym: 0% (Closed) people=1 capacity=150 is_open=False hour_summary=Closed until 6:00am
[2026-05-20 02:00:04] Triton Esports Center: 0% (Closed) people=0 capacity=35 is_open=False hour_summary=Closed until 7:30am
[2026-05-20 02:00:04] === SCRAPE END OK ===
[2026-05-20 02:15:02] === SCRAPE START ===
[2026-05-20 02:15:02] Fetching https://waitz.io/live/ucsd-rec
[2026-05-20 02:15:03] Saved 4 rows to ucsd_occupancy_history.csv
[2026-05-20 02:15:03] Main Gym Fitness Gym: 2% (Closed) people=1 capacity=72 is_open=False hour_summary=Closed until 6:00am
[2026-05-20 02:15:03] Outback Climbing Center: 2% (Closed) people=1 capacity=30 is_open=False hour_summary=Closed until 10:00am
[2026-05-20 02:15:03] RIMAC Fitness Gym: 0% (Closed) people=1 capacity=150 is_open=False hour_summary=Closed until 6:00am
[2026-05-20 02:15:03] Triton Esports Center: 0% (Closed) people=0 capacity=35 is_open=False hour_summary=Closed until 7:30am
[2026-05-20 02:15:03] === SCRAPE END OK ===
[2026-05-20 02:30:02] === SCRAPE START ===
[2026-05-20 02:30:02] Fetching https://waitz.io/live/ucsd-rec
[2026-05-20 02:30:03] Saved 4 rows to ucsd_occupancy_history.csv
[2026-05-20 02:30:03] Main Gym Fitness Gym: 1% (Closed) people=1 capacity=72 is_open=False hour_summary=Closed until 6:00am
[2026-05-20 02:30:03] Outback Climbing Center: 4% (Closed) people=1 capacity=30 is_open=False hour_summary=Closed until 10:00am
[2026-05-20 02:30:03] RIMAC Fitness Gym: 0% (Closed) people=1 capacity=150 is_open=False hour_summary=Closed until 6:00am
[2026-05-20 02:30:03] Triton Esports Center: 0% (Closed) people=0 capacity=35 is_open=False hour_summary=Closed until 7:30am
[2026-05-20 02:30:03] === SCRAPE END OK ===
[2026-05-20 02:45:03] === SCRAPE START ===
[2026-05-20 02:45:03] Fetching https://waitz.io/live/ucsd-rec
[2026-05-20 02:45:04] Saved 4 rows to ucsd_occupancy_history.csv
[2026-05-20 02:45:04] Main Gym Fitness Gym: 3% (Closed) people=2 capacity=72 is_open=False hour_summary=Closed until 6:00am
[2026-05-20 02:45:04] Outback Climbing Center: 1% (Closed) people=0 capacity=30 is_open=False hour_summary=Closed until 10:00am
[2026-05-20 02:45:04] RIMAC Fitness Gym: 0% (Closed) people=0 capacity=150 is_open=False hour_summary=Closed until 6:00am
[2026-05-20 02:45:04] Triton Esports Center: 0% (Closed) people=0 capacity=35 is_open=False hour_summary=Closed until 7:30am
[2026-05-20 02:45:04] === SCRAPE END OK ===
[2026-05-20 03:00:02] === SCRAPE START ===
[2026-05-20 03:00:02] Fetching https://waitz.io/live/ucsd-rec
[2026-05-20 03:00:04] Saved 4 rows to ucsd_occupancy_history.csv
[2026-05-20 03:00:04] Main Gym Fitness Gym: 1% (Closed) people=1 capacity=72 is_open=False hour_summary=Closed until 6:00am
[2026-05-20 03:00:04] Outback Climbing Center: 1% (Closed) people=0 capacity=30 is_open=False hour_summary=Closed until 10:00am
[2026-05-20 03:00:04] RIMAC Fitness Gym: 0% (Closed) people=0 capacity=150 is_open=False hour_summary=Closed until 6:00am
[2026-05-20 03:00:04] Triton Esports Center: 0% (Closed) people=0 capacity=35 is_open=False hour_summary=Closed until 7:30am
[2026-05-20 03:00:04] === SCRAPE END OK ===
[2026-05-20 03:15:02] === SCRAPE START ===
[2026-05-20 03:15:02] Fetching https://waitz.io/live/ucsd-rec
[2026-05-20 03:15:03] Saved 4 rows to ucsd_occupancy_history.csv
[2026-05-20 03:15:03] Main Gym Fitness Gym: 1% (Closed) people=1 capacity=72 is_open=False hour_summary=Closed until 6:00am
[2026-05-20 03:15:03] Outback Climbing Center: 2% (Closed) people=0 capacity=30 is_open=False hour_summary=Closed until 10:00am
[2026-05-20 03:15:03] RIMAC Fitness Gym: 1% (Closed) people=1 capacity=150 is_open=False hour_summary=Closed until 6:00am
[2026-05-20 03:15:03] Triton Esports Center: 0% (Closed) people=0 capacity=35 is_open=False hour_summary=Closed until 7:30am
[2026-05-20 03:15:03] === SCRAPE END OK ===
[2026-05-20 03:30:03] === SCRAPE START ===
[2026-05-20 03:30:03] Fetching https://waitz.io/live/ucsd-rec
[2026-05-20 03:30:04] Saved 4 rows to ucsd_occupancy_history.csv
[2026-05-20 03:30:04] Main Gym Fitness Gym: 1% (Closed) people=1 capacity=72 is_open=False hour_summary=Closed until 6:00am
[2026-05-20 03:30:04] Outback Climbing Center: 1% (Closed) people=0 capacity=30 is_open=False hour_summary=Closed until 10:00am
[2026-05-20 03:30:04] RIMAC Fitness Gym: 0% (Closed) people=0 capacity=150 is_open=False hour_summary=Closed until 6:00am
[2026-05-20 03:30:04] Triton Esports Center: 0% (Closed) people=0 capacity=35 is_open=False hour_summary=Closed until 7:30am
[2026-05-20 03:30:04] === SCRAPE END OK ===
[2026-05-20 03:45:02] === SCRAPE START ===
[2026-05-20 03:45:02] Fetching https://waitz.io/live/ucsd-rec
[2026-05-20 03:45:03] Saved 4 rows to ucsd_occupancy_history.csv
[2026-05-20 03:45:03] Main Gym Fitness Gym: 1% (Closed) people=1 capacity=72 is_open=False hour_summary=Closed until 6:00am
[2026-05-20 03:45:03] Outback Climbing Center: 4% (Closed) people=1 capacity=30 is_open=False hour_summary=Closed until 10:00am
[2026-05-20 03:45:03] RIMAC Fitness Gym: 0% (Closed) people=1 capacity=150 is_open=False hour_summary=Closed until 6:00am
[2026-05-20 03:45:03] Triton Esports Center: 0% (Closed) people=0 capacity=35 is_open=False hour_summary=Closed until 7:30am
[2026-05-20 03:45:03] === SCRAPE END OK ===
[2026-05-20 04:00:02] === SCRAPE START ===
[2026-05-20 04:00:02] Fetching https://waitz.io/live/ucsd-rec
[2026-05-20 04:00:03] Saved 4 rows to ucsd_occupancy_history.csv
[2026-05-20 04:00:03] Main Gym Fitness Gym: 1% (Closed) people=1 capacity=72 is_open=False hour_summary=Closed until 6:00am
[2026-05-20 04:00:03] Outback Climbing Center: 2% (Closed) people=1 capacity=30 is_open=False hour_summary=Closed until 10:00am
[2026-05-20 04:00:03] RIMAC Fitness Gym: 1% (Closed) people=1 capacity=150 is_open=False hour_summary=Closed until 6:00am
[2026-05-20 04:00:03] Triton Esports Center: 0% (Closed) people=0 capacity=35 is_open=False hour_summary=Closed until 7:30am
[2026-05-20 04:00:03] === SCRAPE END OK ===
[2026-05-20 04:15:02] === SCRAPE START ===
[2026-05-20 04:15:02] Fetching https://waitz.io/live/ucsd-rec
[2026-05-20 04:15:03] Saved 4 rows to ucsd_occupancy_history.csv
[2026-05-20 04:15:03] Main Gym Fitness Gym: 3% (Closed) people=2 capacity=72 is_open=False hour_summary=Closed until 6:00am
[2026-05-20 04:15:03] Outback Climbing Center: 4% (Closed) people=1 capacity=30 is_open=False hour_summary=Closed until 10:00am
[2026-05-20 04:15:03] RIMAC Fitness Gym: 0% (Closed) people=1 capacity=150 is_open=False hour_summary=Closed until 6:00am
[2026-05-20 04:15:03] Triton Esports Center: 0% (Closed) people=0 capacity=35 is_open=False hour_summary=Closed until 7:30am
[2026-05-20 04:15:03] === SCRAPE END OK ===
[2026-05-20 04:30:02] === SCRAPE START ===
[2026-05-20 04:30:02] Fetching https://waitz.io/live/ucsd-rec
[2026-05-20 04:30:04] Saved 4 rows to ucsd_occupancy_history.csv
[2026-05-20 04:30:04] Main Gym Fitness Gym: 3% (Closed) people=2 capacity=72 is_open=False hour_summary=Closed until 6:00am
[2026-05-20 04:30:04] Outback Climbing Center: 5% (Closed) people=2 capacity=30 is_open=False hour_summary=Closed until 10:00am
[2026-05-20 04:30:04] RIMAC Fitness Gym: 0% (Closed) people=0 capacity=150 is_open=False hour_summary=Closed until 6:00am
[2026-05-20 04:30:04] Triton Esports Center: 0% (Closed) people=0 capacity=35 is_open=False hour_summary=Closed until 7:30am
[2026-05-20 04:30:04] === SCRAPE END OK ===
[2026-05-20 04:45:02] === SCRAPE START ===
[2026-05-20 04:45:02] Fetching https://waitz.io/live/ucsd-rec
[2026-05-20 04:45:03] Saved 4 rows to ucsd_occupancy_history.csv
[2026-05-20 04:45:03] Main Gym Fitness Gym: 4% (Closed) people=3 capacity=72 is_open=False hour_summary=Closed until 6:00am
[2026-05-20 04:45:03] Outback Climbing Center: 1% (Closed) people=0 capacity=30 is_open=False hour_summary=Closed until 10:00am
[2026-05-20 04:45:03] RIMAC Fitness Gym: 0% (Closed) people=1 capacity=150 is_open=False hour_summary=Closed until 6:00am
[2026-05-20 04:45:03] Triton Esports Center: 0% (Closed) people=0 capacity=35 is_open=False hour_summary=Closed until 7:30am
[2026-05-20 04:45:03] === SCRAPE END OK ===
[2026-05-20 05:00:02] === SCRAPE START ===
[2026-05-20 05:00:02] Fetching https://waitz.io/live/ucsd-rec
[2026-05-20 05:00:03] Saved 4 rows to ucsd_occupancy_history.csv
[2026-05-20 05:00:03] Main Gym Fitness Gym: 1% (Closed) people=1 capacity=72 is_open=False hour_summary=Closed until 6:00am
[2026-05-20 05:00:03] Outback Climbing Center: 3% (Closed) people=1 capacity=30 is_open=False hour_summary=Closed until 10:00am
[2026-05-20 05:00:03] RIMAC Fitness Gym: 1% (Closed) people=1 capacity=150 is_open=False hour_summary=Closed until 6:00am
[2026-05-20 05:00:03] Triton Esports Center: 0% (Closed) people=0 capacity=35 is_open=False hour_summary=Closed until 7:30am
[2026-05-20 05:00:03] === SCRAPE END OK ===
[2026-05-20 05:15:02] === SCRAPE START ===
[2026-05-20 05:15:02] Fetching https://waitz.io/live/ucsd-rec
[2026-05-20 05:15:03] Saved 4 rows to ucsd_occupancy_history.csv
[2026-05-20 05:15:03] Main Gym Fitness Gym: 1% (Closed) people=1 capacity=72 is_open=False hour_summary=Closed until 6:00am
[2026-05-20 05:15:03] Outback Climbing Center: 2% (Closed) people=1 capacity=30 is_open=False hour_summary=Closed until 10:00am
[2026-05-20 05:15:03] RIMAC Fitness Gym: 0% (Closed) people=1 capacity=150 is_open=False hour_summary=Closed until 6:00am
[2026-05-20 05:15:03] Triton Esports Center: 0% (Closed) people=0 capacity=35 is_open=False hour_summary=Closed until 7:30am
[2026-05-20 05:15:03] === SCRAPE END OK ===
[2026-05-20 05:30:02] === SCRAPE START ===
[2026-05-20 05:30:02] Fetching https://waitz.io/live/ucsd-rec
[2026-05-20 05:30:03] Saved 4 rows to ucsd_occupancy_history.csv
[2026-05-20 05:30:03] Main Gym Fitness Gym: 1% (Closed) people=1 capacity=72 is_open=False hour_summary=Closed until 6:00am
[2026-05-20 05:30:03] Outback Climbing Center: 3% (Closed) people=1 capacity=30 is_open=False hour_summary=Closed until 10:00am
[2026-05-20 05:30:03] RIMAC Fitness Gym: 0% (Closed) people=1 capacity=150 is_open=False hour_summary=Closed until 6:00am
[2026-05-20 05:30:03] Triton Esports Center: 0% (Closed) people=0 capacity=35 is_open=False hour_summary=Closed until 7:30am
[2026-05-20 05:30:03] === SCRAPE END OK ===
[2026-05-20 05:45:02] === SCRAPE START ===
[2026-05-20 05:45:02] Fetching https://waitz.io/live/ucsd-rec
[2026-05-20 05:45:03] Saved 4 rows to ucsd_occupancy_history.csv
[2026-05-20 05:45:03] Main Gym Fitness Gym: 1% (Closed) people=1 capacity=72 is_open=False hour_summary=Closed until 6:00am
[2026-05-20 05:45:03] Outback Climbing Center: 3% (Closed) people=1 capacity=30 is_open=False hour_summary=Closed until 10:00am
[2026-05-20 05:45:03] RIMAC Fitness Gym: 1% (Closed) people=1 capacity=150 is_open=False hour_summary=Closed until 6:00am
[2026-05-20 05:45:03] Triton Esports Center: 0% (Closed) people=0 capacity=35 is_open=False hour_summary=Closed until 7:30am
[2026-05-20 05:45:03] === SCRAPE END OK ===
[2026-05-20 06:00:02] === SCRAPE START ===
[2026-05-20 06:00:02] Fetching https://waitz.io/live/ucsd-rec
[2026-05-20 06:00:04] Saved 4 rows to ucsd_occupancy_history.csv
[2026-05-20 06:00:04] Main Gym Fitness Gym: 8% (Not Busy) people=5 capacity=72 is_open=True hour_summary=open
[2026-05-20 06:00:04] Outback Climbing Center: 2% (Closed) people=1 capacity=30 is_open=False hour_summary=Closed until 10:00am
[2026-05-20 06:00:04] RIMAC Fitness Gym: 0% (Not Busy) people=1 capacity=150 is_open=True hour_summary=open
[2026-05-20 06:00:04] Triton Esports Center: 0% (Closed) people=0 capacity=35 is_open=False hour_summary=Closed until 7:30am
[2026-05-20 06:00:04] === SCRAPE END OK ===
[2026-05-20 06:15:02] === SCRAPE START ===
[2026-05-20 06:15:02] Fetching https://waitz.io/live/ucsd-rec
[2026-05-20 06:15:03] Saved 4 rows to ucsd_occupancy_history.csv
[2026-05-20 06:15:03] Main Gym Fitness Gym: 13% (Not Busy) people=9 capacity=72 is_open=True hour_summary=open
[2026-05-20 06:15:03] Outback Climbing Center: 2% (Closed) people=1 capacity=30 is_open=False hour_summary=Closed until 10:00am
[2026-05-20 06:15:03] RIMAC Fitness Gym: 14% (Not Busy) people=21 capacity=150 is_open=True hour_summary=open
[2026-05-20 06:15:03] Triton Esports Center: 0% (Closed) people=0 capacity=35 is_open=False hour_summary=Closed until 7:30am
[2026-05-20 06:15:03] === SCRAPE END OK ===
[2026-05-20 06:30:02] === SCRAPE START ===
[2026-05-20 06:30:02] Fetching https://waitz.io/live/ucsd-rec
[2026-05-20 06:30:03] Saved 4 rows to ucsd_occupancy_history.csv
[2026-05-20 06:30:03] Main Gym Fitness Gym: 15% (Not Busy) people=11 capacity=72 is_open=True hour_summary=open
[2026-05-20 06:30:03] Outback Climbing Center: 2% (Closed) people=1 capacity=30 is_open=False hour_summary=Closed until 10:00am
[2026-05-20 06:30:03] RIMAC Fitness Gym: 28% (Not Busy) people=42 capacity=150 is_open=True hour_summary=open
[2026-05-20 06:30:03] Triton Esports Center: 0% (Closed) people=0 capacity=35 is_open=False hour_summary=Closed until 7:30am
[2026-05-20 06:30:03] === SCRAPE END OK ===
[2026-05-20 06:45:02] === SCRAPE START ===
[2026-05-20 06:45:02] Fetching https://waitz.io/live/ucsd-rec
[2026-05-20 06:45:03] Saved 4 rows to ucsd_occupancy_history.csv
[2026-05-20 06:45:03] Main Gym Fitness Gym: 7% (Not Busy) people=5 capacity=72 is_open=True hour_summary=open
[2026-05-20 06:45:03] Outback Climbing Center: 2% (Closed) people=1 capacity=30 is_open=False hour_summary=Closed until 10:00am
[2026-05-20 06:45:03] RIMAC Fitness Gym: 28% (Not Busy) people=42 capacity=150 is_open=True hour_summary=open
[2026-05-20 06:45:03] Triton Esports Center: 0% (Closed) people=0 capacity=35 is_open=False hour_summary=Closed until 7:30am
[2026-05-20 06:45:03] === SCRAPE END OK ===
[2026-05-20 07:00:02] === SCRAPE START ===
[2026-05-20 07:00:02] Fetching https://waitz.io/live/ucsd-rec
[2026-05-20 07:00:04] Saved 4 rows to ucsd_occupancy_history.csv
[2026-05-20 07:00:04] Main Gym Fitness Gym: 14% (Not Busy) people=10 capacity=72 is_open=True hour_summary=open
[2026-05-20 07:00:04] Outback Climbing Center: 2% (Closed) people=1 capacity=30 is_open=False hour_summary=Closed until 10:00am
[2026-05-20 07:00:04] RIMAC Fitness Gym: 28% (Not Busy) people=42 capacity=150 is_open=True hour_summary=open
[2026-05-20 07:00:04] Triton Esports Center: 0% (Closed) people=0 capacity=35 is_open=False hour_summary=Closed until 7:30am
[2026-05-20 07:00:04] === SCRAPE END OK ===
[2026-05-20 07:15:02] === SCRAPE START ===
[2026-05-20 07:15:02] Fetching https://waitz.io/live/ucsd-rec
[2026-05-20 07:15:03] Saved 4 rows to ucsd_occupancy_history.csv
[2026-05-20 07:15:03] Main Gym Fitness Gym: 13% (Not Busy) people=9 capacity=72 is_open=True hour_summary=open
[2026-05-20 07:15:03] Outback Climbing Center: 3% (Closed) people=1 capacity=30 is_open=False hour_summary=Closed until 10:00am
[2026-05-20 07:15:03] RIMAC Fitness Gym: 33% (Not Busy) people=49 capacity=150 is_open=True hour_summary=open
[2026-05-20 07:15:03] Triton Esports Center: 0% (Closed) people=0 capacity=35 is_open=False hour_summary=Closed until 7:30am
[2026-05-20 07:15:03] === SCRAPE END OK ===
[2026-05-20 07:30:02] === SCRAPE START ===
[2026-05-20 07:30:02] Fetching https://waitz.io/live/ucsd-rec
[2026-05-20 07:30:03] Saved 4 rows to ucsd_occupancy_history.csv
[2026-05-20 07:30:03] Main Gym Fitness Gym: 13% (Not Busy) people=9 capacity=72 is_open=True hour_summary=open
[2026-05-20 07:30:03] Outback Climbing Center: 1% (Closed) people=0 capacity=30 is_open=False hour_summary=Closed until 10:00am
[2026-05-20 07:30:03] RIMAC Fitness Gym: 34% (Not Busy) people=52 capacity=150 is_open=True hour_summary=open
[2026-05-20 07:30:03] Triton Esports Center: 0% (Not Busy) people=0 capacity=35 is_open=True hour_summary=open
[2026-05-20 07:30:03] === SCRAPE END OK ===
[2026-05-20 07:45:02] === SCRAPE START ===
[2026-05-20 07:45:02] Fetching https://waitz.io/live/ucsd-rec
[2026-05-20 07:45:03] Saved 4 rows to ucsd_occupancy_history.csv
[2026-05-20 07:45:03] Main Gym Fitness Gym: 26% (Not Busy) people=19 capacity=72 is_open=True hour_summary=open
[2026-05-20 07:45:03] Outback Climbing Center: 2% (Closed) people=0 capacity=30 is_open=False hour_summary=Closed until 10:00am
[2026-05-20 07:45:03] RIMAC Fitness Gym: 32% (Not Busy) people=48 capacity=150 is_open=True hour_summary=open
[2026-05-20 07:45:03] Triton Esports Center: 1% (Not Busy) people=0 capacity=35 is_open=True hour_summary=open
[2026-05-20 07:45:03] === SCRAPE END OK ===
[2026-05-20 08:00:02] === SCRAPE START ===
[2026-05-20 08:00:02] Fetching https://waitz.io/live/ucsd-rec
[2026-05-20 08:00:03] Saved 4 rows to ucsd_occupancy_history.csv
[2026-05-20 08:00:03] Main Gym Fitness Gym: 17% (Not Busy) people=12 capacity=72 is_open=True hour_summary=open
[2026-05-20 08:00:03] Outback Climbing Center: 2% (Closed) people=1 capacity=30 is_open=False hour_summary=Closed until 10:00am
[2026-05-20 08:00:03] RIMAC Fitness Gym: 34% (Not Busy) people=51 capacity=150 is_open=True hour_summary=open
[2026-05-20 08:00:03] Triton Esports Center: 3% (Not Busy) people=1 capacity=35 is_open=True hour_summary=open
[2026-05-20 08:00:03] === SCRAPE END OK ===
[2026-05-20 08:15:02] === SCRAPE START ===
[2026-05-20 08:15:02] Fetching https://waitz.io/live/ucsd-rec
[2026-05-20 08:15:03] Saved 4 rows to ucsd_occupancy_history.csv
[2026-05-20 08:15:03] Main Gym Fitness Gym: 20% (Not Busy) people=15 capacity=72 is_open=True hour_summary=open
[2026-05-20 08:15:03] Outback Climbing Center: 3% (Closed) people=1 capacity=30 is_open=False hour_summary=Closed until 10:00am
[2026-05-20 08:15:03] RIMAC Fitness Gym: 40% (Not Busy) people=60 capacity=150 is_open=True hour_summary=open
[2026-05-20 08:15:03] Triton Esports Center: 0% (Not Busy) people=0 capacity=35 is_open=True hour_summary=open
[2026-05-20 08:15:03] === SCRAPE END OK ===
[2026-05-20 08:30:03] === SCRAPE START ===
[2026-05-20 08:30:03] Fetching https://waitz.io/live/ucsd-rec
[2026-05-20 08:30:03] Saved 4 rows to ucsd_occupancy_history.csv
[2026-05-20 08:30:03] Main Gym Fitness Gym: 23% (Not Busy) people=17 capacity=72 is_open=True hour_summary=open
[2026-05-20 08:30:03] Outback Climbing Center: 1% (Closed) people=0 capacity=30 is_open=False hour_summary=Closed until 10:00am
[2026-05-20 08:30:03] RIMAC Fitness Gym: 30% (Not Busy) people=44 capacity=150 is_open=True hour_summary=open
[2026-05-20 08:30:03] Triton Esports Center: 0% (Not Busy) people=0 capacity=35 is_open=True hour_summary=open
[2026-05-20 08:30:03] === SCRAPE END OK ===
[2026-05-20 08:45:02] === SCRAPE START ===
[2026-05-20 08:45:02] Fetching https://waitz.io/live/ucsd-rec
[2026-05-20 08:45:03] Saved 4 rows to ucsd_occupancy_history.csv
[2026-05-20 08:45:03] Main Gym Fitness Gym: 20% (Not Busy) people=14 capacity=72 is_open=True hour_summary=open
[2026-05-20 08:45:03] Outback Climbing Center: 1% (Closed) people=0 capacity=30 is_open=False hour_summary=Closed until 10:00am
[2026-05-20 08:45:03] RIMAC Fitness Gym: 34% (Not Busy) people=52 capacity=150 is_open=True hour_summary=open
[2026-05-20 08:45:03] Triton Esports Center: 1% (Not Busy) people=0 capacity=35 is_open=True hour_summary=open
[2026-05-20 08:45:03] === SCRAPE END OK ===
[2026-05-20 09:00:02] === SCRAPE START ===
[2026-05-20 09:00:02] Fetching https://waitz.io/live/ucsd-rec
[2026-05-20 09:00:03] Saved 4 rows to ucsd_occupancy_history.csv
[2026-05-20 09:00:03] Main Gym Fitness Gym: 50% (Busy) people=36 capacity=72 is_open=True hour_summary=open
[2026-05-20 09:00:03] Outback Climbing Center: 2% (Closed) people=0 capacity=30 is_open=False hour_summary=Closed until 10:00am
[2026-05-20 09:00:03] RIMAC Fitness Gym: 34% (Not Busy) people=52 capacity=150 is_open=True hour_summary=open
[2026-05-20 09:00:03] Triton Esports Center: 0% (Not Busy) people=0 capacity=35 is_open=True hour_summary=open
[2026-05-20 09:00:03] === SCRAPE END OK ===
[2026-05-20 09:15:02] === SCRAPE START ===
[2026-05-20 09:15:02] Fetching https://waitz.io/live/ucsd-rec
[2026-05-20 09:15:03] Saved 4 rows to ucsd_occupancy_history.csv
[2026-05-20 09:15:03] Main Gym Fitness Gym: 25% (Not Busy) people=18 capacity=72 is_open=True hour_summary=open
[2026-05-20 09:15:03] Outback Climbing Center: 5% (Closed) people=1 capacity=30 is_open=False hour_summary=Closed until 10:00am
[2026-05-20 09:15:03] RIMAC Fitness Gym: 41% (Not Busy) people=61 capacity=150 is_open=True hour_summary=open
[2026-05-20 09:15:03] Triton Esports Center: 1% (Not Busy) people=0 capacity=35 is_open=True hour_summary=open
[2026-05-20 09:15:03] === SCRAPE END OK ===
[2026-05-20 09:30:02] === SCRAPE START ===
[2026-05-20 09:30:02] Fetching https://waitz.io/live/ucsd-rec
[2026-05-20 09:30:03] Saved 4 rows to ucsd_occupancy_history.csv
[2026-05-20 09:30:03] Main Gym Fitness Gym: 32% (Not Busy) people=23 capacity=72 is_open=True hour_summary=open
[2026-05-20 09:30:03] Outback Climbing Center: 2% (Closed) people=1 capacity=30 is_open=False hour_summary=Closed until 10:00am
[2026-05-20 09:30:03] RIMAC Fitness Gym: 39% (Not Busy) people=58 capacity=150 is_open=True hour_summary=open
[2026-05-20 09:30:03] Triton Esports Center: 0% (Not Busy) people=0 capacity=35 is_open=True hour_summary=open
[2026-05-20 09:30:03] === SCRAPE END OK ===
[2026-05-20 09:45:02] === SCRAPE START ===
[2026-05-20 09:45:02] Fetching https://waitz.io/live/ucsd-rec
[2026-05-20 09:45:03] Saved 4 rows to ucsd_occupancy_history.csv
[2026-05-20 09:45:03] Main Gym Fitness Gym: 22% (Not Busy) people=16 capacity=72 is_open=True hour_summary=open
[2026-05-20 09:45:03] Outback Climbing Center: 3% (Closed) people=1 capacity=30 is_open=False hour_summary=Closed until 10:00am
[2026-05-20 09:45:03] RIMAC Fitness Gym: 33% (Not Busy) people=50 capacity=150 is_open=True hour_summary=open
[2026-05-20 09:45:03] Triton Esports Center: 1% (Not Busy) people=0 capacity=35 is_open=True hour_summary=open
[2026-05-20 09:45:03] === SCRAPE END OK ===
[2026-05-20 10:00:02] === SCRAPE START ===
[2026-05-20 10:00:02] Fetching https://waitz.io/live/ucsd-rec
[2026-05-20 10:00:03] Saved 4 rows to ucsd_occupancy_history.csv
[2026-05-20 10:00:03] Main Gym Fitness Gym: 43% (Not Busy) people=31 capacity=72 is_open=True hour_summary=open
[2026-05-20 10:00:03] Outback Climbing Center: 1% (Not Busy) people=0 capacity=30 is_open=True hour_summary=open
[2026-05-20 10:00:03] RIMAC Fitness Gym: 34% (Not Busy) people=51 capacity=150 is_open=True hour_summary=open
[2026-05-20 10:00:03] Triton Esports Center: 14% (Not Busy) people=5 capacity=35 is_open=True hour_summary=open
[2026-05-20 10:00:03] === SCRAPE END OK ===
[2026-05-20 10:15:02] === SCRAPE START ===
[2026-05-20 10:15:02] Fetching https://waitz.io/live/ucsd-rec
[2026-05-20 10:15:03] Saved 4 rows to ucsd_occupancy_history.csv
[2026-05-20 10:15:03] Main Gym Fitness Gym: 25% (Not Busy) people=18 capacity=72 is_open=True hour_summary=open
[2026-05-20 10:15:03] Outback Climbing Center: 38% (Not Busy) people=12 capacity=30 is_open=True hour_summary=open
[2026-05-20 10:15:03] RIMAC Fitness Gym: 40% (Not Busy) people=60 capacity=150 is_open=True hour_summary=open
[2026-05-20 10:15:03] Triton Esports Center: 16% (Not Busy) people=6 capacity=35 is_open=True hour_summary=open
[2026-05-20 10:15:03] === SCRAPE END OK ===
[2026-05-20 10:30:02] === SCRAPE START ===
[2026-05-20 10:30:02] Fetching https://waitz.io/live/ucsd-rec
[2026-05-20 10:30:03] Saved 4 rows to ucsd_occupancy_history.csv
[2026-05-20 10:30:03] Main Gym Fitness Gym: 27% (Not Busy) people=19 capacity=72 is_open=True hour_summary=open
[2026-05-20 10:30:03] Outback Climbing Center: 36% (Not Busy) people=11 capacity=30 is_open=True hour_summary=open
[2026-05-20 10:30:03] RIMAC Fitness Gym: 43% (Not Busy) people=64 capacity=150 is_open=True hour_summary=open
[2026-05-20 10:30:03] Triton Esports Center: 21% (Not Busy) people=7 capacity=35 is_open=True hour_summary=open
[2026-05-20 10:30:03] === SCRAPE END OK ===
[2026-05-20 10:45:02] === SCRAPE START ===
[2026-05-20 10:45:02] Fetching https://waitz.io/live/ucsd-rec
[2026-05-20 10:45:03] Saved 4 rows to ucsd_occupancy_history.csv
[2026-05-20 10:45:03] Main Gym Fitness Gym: 24% (Not Busy) people=17 capacity=72 is_open=True hour_summary=open
[2026-05-20 10:45:03] Outback Climbing Center: 70% (Busy) people=21 capacity=30 is_open=True hour_summary=open
[2026-05-20 10:45:03] RIMAC Fitness Gym: 58% (Busy) people=87 capacity=150 is_open=True hour_summary=open
[2026-05-20 10:45:03] Triton Esports Center: 31% (Not Busy) people=11 capacity=35 is_open=True hour_summary=open
[2026-05-20 10:45:03] === SCRAPE END OK ===
[2026-05-20 11:00:02] === SCRAPE START ===
[2026-05-20 11:00:02] Fetching https://waitz.io/live/ucsd-rec
[2026-05-20 11:00:04] Saved 4 rows to ucsd_occupancy_history.csv
[2026-05-20 11:00:04] Main Gym Fitness Gym: 26% (Not Busy) people=19 capacity=72 is_open=True hour_summary=open
[2026-05-20 11:00:04] Outback Climbing Center: 95% (Very Active) people=28 capacity=30 is_open=True hour_summary=open
[2026-05-20 11:00:04] RIMAC Fitness Gym: 46% (Busy) people=68 capacity=150 is_open=True hour_summary=open
[2026-05-20 11:00:04] Triton Esports Center: 25% (Not Busy) people=9 capacity=35 is_open=True hour_summary=open
[2026-05-20 11:00:04] === SCRAPE END OK ===
[2026-05-20 11:15:02] === SCRAPE START ===
[2026-05-20 11:15:02] Fetching https://waitz.io/live/ucsd-rec
[2026-05-20 11:15:03] Saved 4 rows to ucsd_occupancy_history.csv
[2026-05-20 11:15:03] Main Gym Fitness Gym: 13% (Not Busy) people=9 capacity=72 is_open=True hour_summary=open
[2026-05-20 11:15:03] Outback Climbing Center: 89% (Very Active) people=27 capacity=30 is_open=True hour_summary=open
[2026-05-20 11:15:03] RIMAC Fitness Gym: 50% (Busy) people=76 capacity=150 is_open=True hour_summary=open
[2026-05-20 11:15:03] Triton Esports Center: 20% (Not Busy) people=7 capacity=35 is_open=True hour_summary=open
[2026-05-20 11:15:03] === SCRAPE END OK ===
[2026-05-20 11:30:02] === SCRAPE START ===
[2026-05-20 11:30:02] Fetching https://waitz.io/live/ucsd-rec
[2026-05-20 11:30:04] Saved 4 rows to ucsd_occupancy_history.csv
[2026-05-20 11:30:04] Main Gym Fitness Gym: 12% (Not Busy) people=9 capacity=72 is_open=True hour_summary=open
[2026-05-20 11:30:04] Outback Climbing Center: 99% (Very Active) people=34 capacity=30 is_open=True hour_summary=open
[2026-05-20 11:30:04] RIMAC Fitness Gym: 47% (Busy) people=71 capacity=150 is_open=True hour_summary=open
[2026-05-20 11:30:04] Triton Esports Center: 33% (Not Busy) people=11 capacity=35 is_open=True hour_summary=open
[2026-05-20 11:30:04] === SCRAPE END OK ===
[2026-05-20 11:45:02] === SCRAPE START ===
[2026-05-20 11:45:02] Fetching https://waitz.io/live/ucsd-rec
[2026-05-20 11:45:03] Saved 4 rows to ucsd_occupancy_history.csv
[2026-05-20 11:45:03] Main Gym Fitness Gym: 24% (Not Busy) people=18 capacity=72 is_open=True hour_summary=open
[2026-05-20 11:45:03] Outback Climbing Center: 99% (Very Active) people=32 capacity=30 is_open=True hour_summary=open
[2026-05-20 11:45:03] RIMAC Fitness Gym: 55% (Busy) people=82 capacity=150 is_open=True hour_summary=open
[2026-05-20 11:45:03] Triton Esports Center: 35% (Not Busy) people=12 capacity=35 is_open=True hour_summary=open
[2026-05-20 11:45:03] === SCRAPE END OK ===
[2026-05-20 12:00:02] === SCRAPE START ===
[2026-05-20 12:00:02] Fetching https://waitz.io/live/ucsd-rec
[2026-05-20 12:00:04] Saved 4 rows to ucsd_occupancy_history.csv
[2026-05-20 12:00:04] Main Gym Fitness Gym: 28% (Not Busy) people=20 capacity=72 is_open=True hour_summary=open
[2026-05-20 12:00:04] Outback Climbing Center: 93% (Very Active) people=28 capacity=30 is_open=True hour_summary=open
[2026-05-20 12:00:04] RIMAC Fitness Gym: 54% (Busy) people=81 capacity=150 is_open=True hour_summary=open
[2026-05-20 12:00:04] Triton Esports Center: 29% (Not Busy) people=10 capacity=35 is_open=True hour_summary=open
[2026-05-20 12:00:04] === SCRAPE END OK ===
[2026-05-20 12:15:02] === SCRAPE START ===
[2026-05-20 12:15:02] Fetching https://waitz.io/live/ucsd-rec
[2026-05-20 12:15:03] Saved 4 rows to ucsd_occupancy_history.csv
[2026-05-20 12:15:03] Main Gym Fitness Gym: 23% (Not Busy) people=17 capacity=72 is_open=True hour_summary=open
[2026-05-20 12:15:03] Outback Climbing Center: 99% (Very Active) people=34 capacity=30 is_open=True hour_summary=open
[2026-05-20 12:15:03] RIMAC Fitness Gym: 60% (Busy) people=90 capacity=150 is_open=True hour_summary=open
[2026-05-20 12:15:03] Triton Esports Center: 52% (Busy) people=18 capacity=35 is_open=True hour_summary=open
[2026-05-20 12:15:03] === SCRAPE END OK ===
[2026-05-20 12:30:02] === SCRAPE START ===
[2026-05-20 12:30:02] Fetching https://waitz.io/live/ucsd-rec
[2026-05-20 12:30:04] Saved 4 rows to ucsd_occupancy_history.csv
[2026-05-20 12:30:04] Main Gym Fitness Gym: 32% (Not Busy) people=23 capacity=72 is_open=True hour_summary=open
[2026-05-20 12:30:04] Outback Climbing Center: 99% (Very Active) people=35 capacity=30 is_open=True hour_summary=open
[2026-05-20 12:30:04] RIMAC Fitness Gym: 50% (Busy) people=75 capacity=150 is_open=True hour_summary=open
[2026-05-20 12:30:04] Triton Esports Center: 45% (Not Busy) people=16 capacity=35 is_open=True hour_summary=open
[2026-05-20 12:30:04] === SCRAPE END OK ===
[2026-05-20 12:45:02] === SCRAPE START ===
[2026-05-20 12:45:02] Fetching https://waitz.io/live/ucsd-rec
[2026-05-20 12:45:03] SCRAPER ERROR: 'int' object has no attribute 'get'
[2026-05-20 13:00:02] === SCRAPE START ===
[2026-05-20 13:00:02] Fetching https://waitz.io/live/ucsd-rec
[2026-05-20 13:00:03] Saved 4 rows to ucsd_occupancy_history.csv
[2026-05-20 13:00:03] Main Gym Fitness Gym: 27% (Not Busy) people=19 capacity=72 is_open=True hour_summary=open
[2026-05-20 13:00:03] Outback Climbing Center: 92% (Very Active) people=28 capacity=30 is_open=True hour_summary=open
[2026-05-20 13:00:03] RIMAC Fitness Gym: 56% (Busy) people=84 capacity=150 is_open=True hour_summary=open
[2026-05-20 13:00:03] Triton Esports Center: 40% (Not Busy) people=14 capacity=35 is_open=True hour_summary=open
[2026-05-20 13:00:03] === SCRAPE END OK ===
[2026-05-20 13:15:02] === SCRAPE START ===
[2026-05-20 13:15:02] Fetching https://waitz.io/live/ucsd-rec
[2026-05-20 13:15:03] Saved 4 rows to ucsd_occupancy_history.csv
[2026-05-20 13:15:03] Main Gym Fitness Gym: 22% (Not Busy) people=16 capacity=72 is_open=True hour_summary=open
[2026-05-20 13:15:03] Outback Climbing Center: 99% (Very Active) people=41 capacity=30 is_open=True hour_summary=open
[2026-05-20 13:15:03] RIMAC Fitness Gym: 45% (Not Busy) people=67 capacity=150 is_open=True hour_summary=open
[2026-05-20 13:15:03] Triton Esports Center: 49% (Busy) people=17 capacity=35 is_open=True hour_summary=open
[2026-05-20 13:15:03] === SCRAPE END OK ===
[2026-05-20 13:30:02] === SCRAPE START ===
[2026-05-20 13:30:02] Fetching https://waitz.io/live/ucsd-rec
[2026-05-20 13:30:04] Saved 4 rows to ucsd_occupancy_history.csv
[2026-05-20 13:30:04] Main Gym Fitness Gym: 34% (Not Busy) people=25 capacity=72 is_open=True hour_summary=open
[2026-05-20 13:30:04] Outback Climbing Center: 99% (Very Active) people=31 capacity=30 is_open=True hour_summary=open
[2026-05-20 13:30:04] RIMAC Fitness Gym: 52% (Busy) people=78 capacity=150 is_open=True hour_summary=open
[2026-05-20 13:30:04] Triton Esports Center: 53% (Busy) people=18 capacity=35 is_open=True hour_summary=open
[2026-05-20 13:30:04] === SCRAPE END OK ===
[2026-05-20 13:45:02] === SCRAPE START ===
[2026-05-20 13:45:02] Fetching https://waitz.io/live/ucsd-rec
[2026-05-20 13:45:03] Saved 4 rows to ucsd_occupancy_history.csv
[2026-05-20 13:45:03] Main Gym Fitness Gym: 35% (Not Busy) people=25 capacity=72 is_open=True hour_summary=open
[2026-05-20 13:45:03] Outback Climbing Center: 78% (Busy) people=23 capacity=30 is_open=True hour_summary=open
[2026-05-20 13:45:03] RIMAC Fitness Gym: 44% (Not Busy) people=66 capacity=150 is_open=True hour_summary=open
[2026-05-20 13:45:03] Triton Esports Center: 67% (Busy) people=24 capacity=35 is_open=True hour_summary=open
[2026-05-20 13:45:03] === SCRAPE END OK ===
[2026-05-20 14:00:02] === SCRAPE START ===
[2026-05-20 14:00:02] Fetching https://waitz.io/live/ucsd-rec
[2026-05-20 14:00:04] Saved 4 rows to ucsd_occupancy_history.csv
[2026-05-20 14:00:04] Main Gym Fitness Gym: 35% (Not Busy) people=26 capacity=72 is_open=True hour_summary=open
[2026-05-20 14:00:04] Outback Climbing Center: 85% (Very Active) people=25 capacity=30 is_open=True hour_summary=open
[2026-05-20 14:00:04] RIMAC Fitness Gym: 57% (Busy) people=86 capacity=150 is_open=True hour_summary=open
[2026-05-20 14:00:04] Triton Esports Center: 56% (Busy) people=20 capacity=35 is_open=True hour_summary=open
[2026-05-20 14:00:04] === SCRAPE END OK ===
[2026-05-20 14:15:02] === SCRAPE START ===
[2026-05-20 14:15:02] Fetching https://waitz.io/live/ucsd-rec
[2026-05-20 14:15:03] Saved 4 rows to ucsd_occupancy_history.csv
[2026-05-20 14:15:03] Main Gym Fitness Gym: 34% (Not Busy) people=25 capacity=72 is_open=True hour_summary=open
[2026-05-20 14:15:03] Outback Climbing Center: 86% (Very Active) people=26 capacity=30 is_open=True hour_summary=open
[2026-05-20 14:15:03] RIMAC Fitness Gym: 49% (Busy) people=74 capacity=150 is_open=True hour_summary=open
[2026-05-20 14:15:03] Triton Esports Center: 72% (Busy) people=25 capacity=35 is_open=True hour_summary=open
[2026-05-20 14:15:03] === SCRAPE END OK ===
