[2026-05-27 00:00:02] === SCRAPE START ===
[2026-05-27 00:00:02] Fetching https://waitz.io/live/ucsd-rec
[2026-05-27 00:00:04] Saved 4 rows to ucsd_occupancy_history.csv
[2026-05-27 00:00:04] Main Gym Fitness Gym: 3% (Closed) people=2 capacity=72 is_open=False hour_summary=Closed until 6:00am
[2026-05-27 00:00:04] Outback Climbing Center: 3% (Closed) people=1 capacity=30 is_open=False hour_summary=Closed until 10:00am
[2026-05-27 00:00:04] RIMAC Fitness Gym: 0% (Closed) people=1 capacity=150 is_open=False hour_summary=Closed until 6:00am
[2026-05-27 00:00:04] Triton Esports Center: 0% (Closed) people=0 capacity=35 is_open=False hour_summary=Closed until 7:30am
[2026-05-27 00:00:04] === SCRAPE END OK ===
[2026-05-27 00:15:03] === SCRAPE START ===
[2026-05-27 00:15:03] Fetching https://waitz.io/live/ucsd-rec
[2026-05-27 00:15:04] Saved 4 rows to ucsd_occupancy_history.csv
[2026-05-27 00:15:04] Main Gym Fitness Gym: 3% (Closed) people=2 capacity=72 is_open=False hour_summary=Closed until 6:00am
[2026-05-27 00:15:04] Outback Climbing Center: 7% (Closed) people=2 capacity=30 is_open=False hour_summary=Closed until 10:00am
[2026-05-27 00:15:04] RIMAC Fitness Gym: 0% (Closed) people=1 capacity=150 is_open=False hour_summary=Closed until 6:00am
[2026-05-27 00:15:04] Triton Esports Center: 0% (Closed) people=0 capacity=35 is_open=False hour_summary=Closed until 7:30am
[2026-05-27 00:15:04] === SCRAPE END OK ===
[2026-05-27 00:30:03] === SCRAPE START ===
[2026-05-27 00:30:03] Fetching https://waitz.io/live/ucsd-rec
[2026-05-27 00:30:04] Saved 4 rows to ucsd_occupancy_history.csv
[2026-05-27 00:30:04] Main Gym Fitness Gym: 1% (Closed) people=1 capacity=72 is_open=False hour_summary=Closed until 6:00am
[2026-05-27 00:30:04] Outback Climbing Center: 2% (Closed) people=1 capacity=30 is_open=False hour_summary=Closed until 10:00am
[2026-05-27 00:30:04] RIMAC Fitness Gym: 1% (Closed) people=1 capacity=150 is_open=False hour_summary=Closed until 6:00am
[2026-05-27 00:30:04] Triton Esports Center: 0% (Closed) people=0 capacity=35 is_open=False hour_summary=Closed until 7:30am
[2026-05-27 00:30:04] === SCRAPE END OK ===
[2026-05-27 00:45:03] === SCRAPE START ===
[2026-05-27 00:45:03] Fetching https://waitz.io/live/ucsd-rec
[2026-05-27 00:45:04] Saved 4 rows to ucsd_occupancy_history.csv
[2026-05-27 00:45:04] Main Gym Fitness Gym: 1% (Closed) people=1 capacity=72 is_open=False hour_summary=Closed until 6:00am
[2026-05-27 00:45:04] Outback Climbing Center: 7% (Closed) people=2 capacity=30 is_open=False hour_summary=Closed until 10:00am
[2026-05-27 00:45:04] RIMAC Fitness Gym: 0% (Closed) people=0 capacity=150 is_open=False hour_summary=Closed until 6:00am
[2026-05-27 00:45:04] Triton Esports Center: 0% (Closed) people=0 capacity=35 is_open=False hour_summary=Closed until 7:30am
[2026-05-27 00:45:04] === SCRAPE END OK ===
[2026-05-27 01:00:02] === SCRAPE START ===
[2026-05-27 01:00:02] Fetching https://waitz.io/live/ucsd-rec
[2026-05-27 01:00:04] Saved 4 rows to ucsd_occupancy_history.csv
[2026-05-27 01:00:04] Main Gym Fitness Gym: 1% (Closed) people=1 capacity=72 is_open=False hour_summary=Closed until 6:00am
[2026-05-27 01:00:04] Outback Climbing Center: 2% (Closed) people=1 capacity=30 is_open=False hour_summary=Closed until 10:00am
[2026-05-27 01:00:04] RIMAC Fitness Gym: 0% (Closed) people=0 capacity=150 is_open=False hour_summary=Closed until 6:00am
[2026-05-27 01:00:04] Triton Esports Center: 0% (Closed) people=0 capacity=35 is_open=False hour_summary=Closed until 7:30am
[2026-05-27 01:00:04] === SCRAPE END OK ===
[2026-05-27 01:15:02] === SCRAPE START ===
[2026-05-27 01:15:02] Fetching https://waitz.io/live/ucsd-rec
[2026-05-27 01:15:03] Saved 4 rows to ucsd_occupancy_history.csv
[2026-05-27 01:15:03] Main Gym Fitness Gym: 1% (Closed) people=1 capacity=72 is_open=False hour_summary=Closed until 6:00am
[2026-05-27 01:15:03] Outback Climbing Center: 3% (Closed) people=1 capacity=30 is_open=False hour_summary=Closed until 10:00am
[2026-05-27 01:15:03] RIMAC Fitness Gym: 0% (Closed) people=1 capacity=150 is_open=False hour_summary=Closed until 6:00am
[2026-05-27 01:15:03] Triton Esports Center: 0% (Closed) people=0 capacity=35 is_open=False hour_summary=Closed until 7:30am
[2026-05-27 01:15:03] === SCRAPE END OK ===
[2026-05-27 01:30:02] === SCRAPE START ===
[2026-05-27 01:30:02] Fetching https://waitz.io/live/ucsd-rec
[2026-05-27 01:30:04] Saved 4 rows to ucsd_occupancy_history.csv
[2026-05-27 01:30:04] Main Gym Fitness Gym: 1% (Closed) people=1 capacity=72 is_open=False hour_summary=Closed until 6:00am
[2026-05-27 01:30:04] Outback Climbing Center: 2% (Closed) people=1 capacity=30 is_open=False hour_summary=Closed until 10:00am
[2026-05-27 01:30:04] RIMAC Fitness Gym: 1% (Closed) people=1 capacity=150 is_open=False hour_summary=Closed until 6:00am
[2026-05-27 01:30:04] Triton Esports Center: 0% (Closed) people=0 capacity=35 is_open=False hour_summary=Closed until 7:30am
[2026-05-27 01:30:04] === SCRAPE END OK ===
[2026-05-27 01:45:02] === SCRAPE START ===
[2026-05-27 01:45:02] Fetching https://waitz.io/live/ucsd-rec
[2026-05-27 01:45:04] Saved 4 rows to ucsd_occupancy_history.csv
[2026-05-27 01:45:04] Main Gym Fitness Gym: 2% (Closed) people=1 capacity=72 is_open=False hour_summary=Closed until 6:00am
[2026-05-27 01:45:04] Outback Climbing Center: 5% (Closed) people=1 capacity=30 is_open=False hour_summary=Closed until 10:00am
[2026-05-27 01:45:04] RIMAC Fitness Gym: 0% (Closed) people=1 capacity=150 is_open=False hour_summary=Closed until 6:00am
[2026-05-27 01:45:04] Triton Esports Center: 0% (Closed) people=0 capacity=35 is_open=False hour_summary=Closed until 7:30am
[2026-05-27 01:45:04] === SCRAPE END OK ===
[2026-05-27 02:00:02] === SCRAPE START ===
[2026-05-27 02:00:02] Fetching https://waitz.io/live/ucsd-rec
[2026-05-27 02:00:03] Saved 4 rows to ucsd_occupancy_history.csv
[2026-05-27 02:00:03] Main Gym Fitness Gym: 2% (Closed) people=2 capacity=72 is_open=False hour_summary=Closed until 6:00am
[2026-05-27 02:00:03] Outback Climbing Center: 4% (Closed) people=1 capacity=30 is_open=False hour_summary=Closed until 10:00am
[2026-05-27 02:00:03] RIMAC Fitness Gym: 0% (Closed) people=1 capacity=150 is_open=False hour_summary=Closed until 6:00am
[2026-05-27 02:00:03] Triton Esports Center: 0% (Closed) people=0 capacity=35 is_open=False hour_summary=Closed until 7:30am
[2026-05-27 02:00:03] === SCRAPE END OK ===
[2026-05-27 02:15:02] === SCRAPE START ===
[2026-05-27 02:15:02] Fetching https://waitz.io/live/ucsd-rec
[2026-05-27 02:15:03] Saved 4 rows to ucsd_occupancy_history.csv
[2026-05-27 02:15:03] Main Gym Fitness Gym: 1% (Closed) people=1 capacity=72 is_open=False hour_summary=Closed until 6:00am
[2026-05-27 02:15:03] Outback Climbing Center: 2% (Closed) people=1 capacity=30 is_open=False hour_summary=Closed until 10:00am
[2026-05-27 02:15:03] RIMAC Fitness Gym: 1% (Closed) people=1 capacity=150 is_open=False hour_summary=Closed until 6:00am
[2026-05-27 02:15:03] Triton Esports Center: 0% (Closed) people=0 capacity=35 is_open=False hour_summary=Closed until 7:30am
[2026-05-27 02:15:03] === SCRAPE END OK ===
[2026-05-27 11:30:04] === SCRAPE START ===
[2026-05-27 11:30:04] Fetching https://waitz.io/live/ucsd-rec
[2026-05-27 11:30:05] Saved 4 rows to ucsd_occupancy_history.csv
[2026-05-27 11:30:05] Main Gym Fitness Gym: 18% (Not Busy) people=13 capacity=72 is_open=True hour_summary=open
[2026-05-27 11:30:05] Outback Climbing Center: 99% (Very Active) people=34 capacity=30 is_open=True hour_summary=open
[2026-05-27 11:30:05] RIMAC Fitness Gym: 50% (Busy) people=75 capacity=150 is_open=True hour_summary=open
[2026-05-27 11:30:05] Triton Esports Center: 45% (Not Busy) people=16 capacity=35 is_open=True hour_summary=open
[2026-05-27 11:30:05] === SCRAPE END OK ===
[2026-05-27 11:45:03] === SCRAPE START ===
[2026-05-27 11:45:03] Fetching https://waitz.io/live/ucsd-rec
[2026-05-27 11:45:03] Saved 4 rows to ucsd_occupancy_history.csv
[2026-05-27 11:45:03] Main Gym Fitness Gym: 22% (Not Busy) people=16 capacity=72 is_open=True hour_summary=open
[2026-05-27 11:45:03] Outback Climbing Center: 94% (Very Active) people=28 capacity=30 is_open=True hour_summary=open
[2026-05-27 11:45:03] RIMAC Fitness Gym: 60% (Busy) people=90 capacity=150 is_open=True hour_summary=open
[2026-05-27 11:45:03] Triton Esports Center: 48% (Busy) people=17 capacity=35 is_open=True hour_summary=open
[2026-05-27 11:45:03] === SCRAPE END OK ===
[2026-05-27 12:00:02] === SCRAPE START ===
[2026-05-27 12:00:02] Fetching https://waitz.io/live/ucsd-rec
[2026-05-27 12:00:03] Saved 4 rows to ucsd_occupancy_history.csv
[2026-05-27 12:00:03] Main Gym Fitness Gym: 65% (Busy) people=47 capacity=72 is_open=True hour_summary=open
[2026-05-27 12:00:03] Outback Climbing Center: 99% (Very Active) people=34 capacity=30 is_open=True hour_summary=open
[2026-05-27 12:00:03] RIMAC Fitness Gym: 54% (Busy) people=81 capacity=150 is_open=True hour_summary=open
[2026-05-27 12:00:03] Triton Esports Center: 42% (Not Busy) people=15 capacity=35 is_open=True hour_summary=open
[2026-05-27 12:00:03] === SCRAPE END OK ===
[2026-05-27 12:15:02] === SCRAPE START ===
[2026-05-27 12:15:02] Fetching https://waitz.io/live/ucsd-rec
[2026-05-27 12:15:03] Saved 4 rows to ucsd_occupancy_history.csv
[2026-05-27 12:15:03] Main Gym Fitness Gym: 70% (Busy) people=51 capacity=72 is_open=True hour_summary=open
[2026-05-27 12:15:03] Outback Climbing Center: 99% (Very Active) people=34 capacity=30 is_open=True hour_summary=open
[2026-05-27 12:15:03] RIMAC Fitness Gym: 45% (Not Busy) people=67 capacity=150 is_open=True hour_summary=open
[2026-05-27 12:15:03] Triton Esports Center: 44% (Not Busy) people=15 capacity=35 is_open=True hour_summary=open
[2026-05-27 12:15:03] === SCRAPE END OK ===
[2026-05-27 12:30:02] === SCRAPE START ===
[2026-05-27 12:30:02] Fetching https://waitz.io/live/ucsd-rec
[2026-05-27 12:30:04] Saved 4 rows to ucsd_occupancy_history.csv
[2026-05-27 12:30:04] Main Gym Fitness Gym: 57% (Busy) people=41 capacity=72 is_open=True hour_summary=open
[2026-05-27 12:30:04] Outback Climbing Center: 99% (Very Active) people=49 capacity=30 is_open=True hour_summary=open
[2026-05-27 12:30:04] RIMAC Fitness Gym: 44% (Not Busy) people=66 capacity=150 is_open=True hour_summary=open
[2026-05-27 12:30:04] Triton Esports Center: 48% (Busy) people=17 capacity=35 is_open=True hour_summary=open
[2026-05-27 12:30:04] === SCRAPE END OK ===
[2026-05-27 12:45:02] === SCRAPE START ===
[2026-05-27 12:45:02] Fetching https://waitz.io/live/ucsd-rec
[2026-05-27 12:45:04] Saved 4 rows to ucsd_occupancy_history.csv
[2026-05-27 12:45:04] Main Gym Fitness Gym: 27% (Not Busy) people=20 capacity=72 is_open=True hour_summary=open
[2026-05-27 12:45:04] Outback Climbing Center: 99% (Very Active) people=32 capacity=30 is_open=True hour_summary=open
[2026-05-27 12:45:04] RIMAC Fitness Gym: 58% (Busy) people=87 capacity=150 is_open=True hour_summary=open
[2026-05-27 12:45:04] Triton Esports Center: 43% (Not Busy) people=15 capacity=35 is_open=True hour_summary=open
[2026-05-27 12:45:04] === SCRAPE END OK ===
[2026-05-27 13:00:02] === SCRAPE START ===
[2026-05-27 13:00:02] Fetching https://waitz.io/live/ucsd-rec
[2026-05-27 13:00:04] Saved 4 rows to ucsd_occupancy_history.csv
[2026-05-27 13:00:04] Main Gym Fitness Gym: 44% (Not Busy) people=31 capacity=72 is_open=True hour_summary=open
[2026-05-27 13:00:04] Outback Climbing Center: 99% (Very Active) people=31 capacity=30 is_open=True hour_summary=open
[2026-05-27 13:00:04] RIMAC Fitness Gym: 52% (Busy) people=78 capacity=150 is_open=True hour_summary=open
[2026-05-27 13:00:04] Triton Esports Center: 45% (Not Busy) people=16 capacity=35 is_open=True hour_summary=open
[2026-05-27 13:00:04] === SCRAPE END OK ===
[2026-05-27 13:15:02] === SCRAPE START ===
[2026-05-27 13:15:02] Fetching https://waitz.io/live/ucsd-rec
[2026-05-27 13:15:03] Saved 4 rows to ucsd_occupancy_history.csv
[2026-05-27 13:15:03] Main Gym Fitness Gym: 68% (Busy) people=49 capacity=72 is_open=True hour_summary=open
[2026-05-27 13:15:03] Outback Climbing Center: 99% (Very Active) people=38 capacity=30 is_open=True hour_summary=open
[2026-05-27 13:15:03] RIMAC Fitness Gym: 56% (Busy) people=84 capacity=150 is_open=True hour_summary=open
[2026-05-27 13:15:03] Triton Esports Center: 47% (Busy) people=17 capacity=35 is_open=True hour_summary=open
[2026-05-27 13:15:03] === SCRAPE END OK ===
[2026-05-27 13:30:02] === SCRAPE START ===
[2026-05-27 13:30:02] Fetching https://waitz.io/live/ucsd-rec
[2026-05-27 13:30:04] Saved 4 rows to ucsd_occupancy_history.csv
[2026-05-27 13:30:04] Main Gym Fitness Gym: 34% (Not Busy) people=24 capacity=72 is_open=True hour_summary=open
[2026-05-27 13:30:04] Outback Climbing Center: 99% (Very Active) people=32 capacity=30 is_open=True hour_summary=open
[2026-05-27 13:30:04] RIMAC Fitness Gym: 58% (Busy) people=87 capacity=150 is_open=True hour_summary=open
[2026-05-27 13:30:04] Triton Esports Center: 64% (Busy) people=22 capacity=35 is_open=True hour_summary=open
[2026-05-27 13:30:04] === SCRAPE END OK ===
[2026-05-27 13:45:02] === SCRAPE START ===
[2026-05-27 13:45:02] Fetching https://waitz.io/live/ucsd-rec
[2026-05-27 13:45:04] Saved 4 rows to ucsd_occupancy_history.csv
[2026-05-27 13:45:04] Main Gym Fitness Gym: 14% (Not Busy) people=10 capacity=72 is_open=True hour_summary=open
[2026-05-27 13:45:04] Outback Climbing Center: 86% (Very Active) people=26 capacity=30 is_open=True hour_summary=open
[2026-05-27 13:45:04] RIMAC Fitness Gym: 51% (Busy) people=77 capacity=150 is_open=True hour_summary=open
[2026-05-27 13:45:04] Triton Esports Center: 92% (Very Active) people=32 capacity=35 is_open=True hour_summary=open
[2026-05-27 13:45:04] === SCRAPE END OK ===
[2026-05-27 14:00:02] === SCRAPE START ===
[2026-05-27 14:00:02] Fetching https://waitz.io/live/ucsd-rec
[2026-05-27 14:00:03] Saved 4 rows to ucsd_occupancy_history.csv
[2026-05-27 14:00:03] Main Gym Fitness Gym: 28% (Not Busy) people=20 capacity=72 is_open=True hour_summary=open
[2026-05-27 14:00:03] Outback Climbing Center: 95% (Very Active) people=29 capacity=30 is_open=True hour_summary=open
[2026-05-27 14:00:03] RIMAC Fitness Gym: 44% (Not Busy) people=67 capacity=150 is_open=True hour_summary=open
[2026-05-27 14:00:03] Triton Esports Center: 85% (Very Active) people=30 capacity=35 is_open=True hour_summary=open
[2026-05-27 14:00:03] === SCRAPE END OK ===
[2026-05-27 14:15:02] === SCRAPE START ===
[2026-05-27 14:15:02] Fetching https://waitz.io/live/ucsd-rec
[2026-05-27 14:15:03] Saved 4 rows to ucsd_occupancy_history.csv
[2026-05-27 14:15:03] Main Gym Fitness Gym: 24% (Not Busy) people=17 capacity=72 is_open=True hour_summary=open
[2026-05-27 14:15:03] Outback Climbing Center: 80% (Busy) people=24 capacity=30 is_open=True hour_summary=open
[2026-05-27 14:15:03] RIMAC Fitness Gym: 46% (Busy) people=69 capacity=150 is_open=True hour_summary=open
[2026-05-27 14:15:03] Triton Esports Center: 75% (Busy) people=26 capacity=35 is_open=True hour_summary=open
[2026-05-27 14:15:03] === SCRAPE END OK ===
[2026-05-27 14:30:02] === SCRAPE START ===
[2026-05-27 14:30:02] Fetching https://waitz.io/live/ucsd-rec
[2026-05-27 14:30:03] Saved 4 rows to ucsd_occupancy_history.csv
[2026-05-27 14:30:03] Main Gym Fitness Gym: 35% (Not Busy) people=25 capacity=72 is_open=True hour_summary=open
[2026-05-27 14:30:03] Outback Climbing Center: 99% (Very Active) people=36 capacity=30 is_open=True hour_summary=open
[2026-05-27 14:30:03] RIMAC Fitness Gym: 69% (Busy) people=104 capacity=150 is_open=True hour_summary=open
[2026-05-27 14:30:03] Triton Esports Center: 62% (Busy) people=22 capacity=35 is_open=True hour_summary=open
[2026-05-27 14:30:03] === SCRAPE END OK ===
[2026-05-27 14:45:02] === SCRAPE START ===
[2026-05-27 14:45:02] Fetching https://waitz.io/live/ucsd-rec
[2026-05-27 14:45:03] Saved 4 rows to ucsd_occupancy_history.csv
[2026-05-27 14:45:03] Main Gym Fitness Gym: 34% (Not Busy) people=24 capacity=72 is_open=True hour_summary=open
[2026-05-27 14:45:03] Outback Climbing Center: 88% (Very Active) people=26 capacity=30 is_open=True hour_summary=open
[2026-05-27 14:45:03] RIMAC Fitness Gym: 54% (Busy) people=81 capacity=150 is_open=True hour_summary=open
[2026-05-27 14:45:03] Triton Esports Center: 61% (Busy) people=21 capacity=35 is_open=True hour_summary=open
[2026-05-27 14:45:03] === SCRAPE END OK ===
[2026-05-27 15:00:02] === SCRAPE START ===
[2026-05-27 15:00:02] Fetching https://waitz.io/live/ucsd-rec
[2026-05-27 15:00:03] Saved 4 rows to ucsd_occupancy_history.csv
[2026-05-27 15:00:03] Main Gym Fitness Gym: 99% (Very Active) people=193 capacity=72 is_open=True hour_summary=open
[2026-05-27 15:00:03] Outback Climbing Center: 99% (Very Active) people=36 capacity=30 is_open=True hour_summary=open
[2026-05-27 15:00:03] RIMAC Fitness Gym: 59% (Busy) people=89 capacity=150 is_open=True hour_summary=open
[2026-05-27 15:00:03] Triton Esports Center: 60% (Busy) people=21 capacity=35 is_open=True hour_summary=open
[2026-05-27 15:00:03] === SCRAPE END OK ===
[2026-05-27 15:15:02] === SCRAPE START ===
[2026-05-27 15:15:02] Fetching https://waitz.io/live/ucsd-rec
[2026-05-27 15:15:03] Saved 4 rows to ucsd_occupancy_history.csv
[2026-05-27 15:15:03] Main Gym Fitness Gym: 23% (Not Busy) people=17 capacity=72 is_open=True hour_summary=open
[2026-05-27 15:15:03] Outback Climbing Center: 99% (Very Active) people=41 capacity=30 is_open=True hour_summary=open
[2026-05-27 15:15:03] RIMAC Fitness Gym: 60% (Busy) people=90 capacity=150 is_open=True hour_summary=open
[2026-05-27 15:15:03] Triton Esports Center: 47% (Busy) people=16 capacity=35 is_open=True hour_summary=open
[2026-05-27 15:15:03] === SCRAPE END OK ===
[2026-05-27 15:30:02] === SCRAPE START ===
[2026-05-27 15:30:02] Fetching https://waitz.io/live/ucsd-rec
[2026-05-27 15:30:03] Saved 4 rows to ucsd_occupancy_history.csv
[2026-05-27 15:30:03] Main Gym Fitness Gym: 37% (Not Busy) people=27 capacity=72 is_open=True hour_summary=open
[2026-05-27 15:30:03] Outback Climbing Center: 99% (Very Active) people=56 capacity=30 is_open=True hour_summary=open
[2026-05-27 15:30:03] RIMAC Fitness Gym: 59% (Busy) people=88 capacity=150 is_open=True hour_summary=open
[2026-05-27 15:30:03] Triton Esports Center: 45% (Not Busy) people=16 capacity=35 is_open=True hour_summary=open
[2026-05-27 15:30:03] === SCRAPE END OK ===
[2026-05-27 15:45:02] === SCRAPE START ===
[2026-05-27 15:45:02] Fetching https://waitz.io/live/ucsd-rec
[2026-05-27 15:45:03] Saved 4 rows to ucsd_occupancy_history.csv
[2026-05-27 15:45:03] Main Gym Fitness Gym: 57% (Busy) people=41 capacity=72 is_open=True hour_summary=open
[2026-05-27 15:45:03] Outback Climbing Center: 99% (Very Active) people=55 capacity=30 is_open=True hour_summary=open
[2026-05-27 15:45:03] RIMAC Fitness Gym: 60% (Busy) people=91 capacity=150 is_open=True hour_summary=open
[2026-05-27 15:45:03] Triton Esports Center: 46% (Busy) people=16 capacity=35 is_open=True hour_summary=open
[2026-05-27 15:45:03] === SCRAPE END OK ===
[2026-05-27 16:00:02] === SCRAPE START ===
[2026-05-27 16:00:02] Fetching https://waitz.io/live/ucsd-rec
[2026-05-27 16:00:03] Saved 4 rows to ucsd_occupancy_history.csv
[2026-05-27 16:00:03] Main Gym Fitness Gym: 39% (Not Busy) people=28 capacity=72 is_open=True hour_summary=open
[2026-05-27 16:00:03] Outback Climbing Center: 99% (Very Active) people=48 capacity=30 is_open=True hour_summary=open
[2026-05-27 16:00:03] RIMAC Fitness Gym: 57% (Busy) people=86 capacity=150 is_open=True hour_summary=open
[2026-05-27 16:00:03] Triton Esports Center: 49% (Busy) people=17 capacity=35 is_open=True hour_summary=open
[2026-05-27 16:00:03] === SCRAPE END OK ===
[2026-05-27 16:15:02] === SCRAPE START ===
[2026-05-27 16:15:02] Fetching https://waitz.io/live/ucsd-rec
[2026-05-27 16:15:03] Saved 4 rows to ucsd_occupancy_history.csv
[2026-05-27 16:15:03] Main Gym Fitness Gym: 34% (Not Busy) people=24 capacity=72 is_open=True hour_summary=open
[2026-05-27 16:15:03] Outback Climbing Center: 99% (Very Active) people=42 capacity=30 is_open=True hour_summary=open
[2026-05-27 16:15:03] RIMAC Fitness Gym: 66% (Busy) people=98 capacity=150 is_open=True hour_summary=open
[2026-05-27 16:15:03] Triton Esports Center: 50% (Busy) people=18 capacity=35 is_open=True hour_summary=open
[2026-05-27 16:15:03] === SCRAPE END OK ===
[2026-05-27 16:30:02] === SCRAPE START ===
[2026-05-27 16:30:02] Fetching https://waitz.io/live/ucsd-rec
[2026-05-27 16:30:03] Saved 4 rows to ucsd_occupancy_history.csv
[2026-05-27 16:30:03] Main Gym Fitness Gym: 45% (Not Busy) people=32 capacity=72 is_open=True hour_summary=open
[2026-05-27 16:30:03] Outback Climbing Center: 99% (Very Active) people=62 capacity=30 is_open=True hour_summary=open
[2026-05-27 16:30:03] RIMAC Fitness Gym: 64% (Busy) people=96 capacity=150 is_open=True hour_summary=open
[2026-05-27 16:30:03] Triton Esports Center: 47% (Busy) people=17 capacity=35 is_open=True hour_summary=open
[2026-05-27 16:30:03] === SCRAPE END OK ===
[2026-05-27 16:45:02] === SCRAPE START ===
[2026-05-27 16:45:02] Fetching https://waitz.io/live/ucsd-rec
[2026-05-27 16:45:03] Saved 4 rows to ucsd_occupancy_history.csv
[2026-05-27 16:45:03] Main Gym Fitness Gym: 59% (Busy) people=42 capacity=72 is_open=True hour_summary=open
[2026-05-27 16:45:03] Outback Climbing Center: 99% (Very Active) people=53 capacity=30 is_open=True hour_summary=open
[2026-05-27 16:45:03] RIMAC Fitness Gym: 70% (Busy) people=105 capacity=150 is_open=True hour_summary=open
[2026-05-27 16:45:03] Triton Esports Center: 62% (Busy) people=22 capacity=35 is_open=True hour_summary=open
[2026-05-27 16:45:03] === SCRAPE END OK ===
