[2026-05-04 00:00:01] === SCRAPE START ===
[2026-05-04 00:00:01] Fetching https://waitz.io/live/ucsd-rec
[2026-05-04 00:00:03] Saved 4 rows to ucsd_occupancy_history.csv
[2026-05-04 00:00:03] Main Gym Fitness Gym: 1% (Closed) people=1 capacity=72 is_open=False hour_summary=Closed until 6:00am
[2026-05-04 00:00:03] Outback Climbing Center: 5% (Closed) people=2 capacity=30 is_open=False hour_summary=Closed until 10:00am
[2026-05-04 00:00:03] RIMAC Fitness Gym: 0% (Closed) people=0 capacity=150 is_open=False hour_summary=Closed until 6:00am
[2026-05-04 00:00:03] Triton Esports Center: 0% (Closed) people=0 capacity=35 is_open=False hour_summary=Closed until 7:30am
[2026-05-04 00:00:03] === SCRAPE END OK ===
[2026-05-04 00:15:02] === SCRAPE START ===
[2026-05-04 00:15:02] Fetching https://waitz.io/live/ucsd-rec
[2026-05-04 00:15:03] Saved 4 rows to ucsd_occupancy_history.csv
[2026-05-04 00:15:03] Main Gym Fitness Gym: 1% (Closed) people=1 capacity=72 is_open=False hour_summary=Closed until 6:00am
[2026-05-04 00:15:03] Outback Climbing Center: 3% (Closed) people=1 capacity=30 is_open=False hour_summary=Closed until 10:00am
[2026-05-04 00:15:03] RIMAC Fitness Gym: 0% (Closed) people=0 capacity=150 is_open=False hour_summary=Closed until 6:00am
[2026-05-04 00:15:03] Triton Esports Center: 0% (Closed) people=0 capacity=35 is_open=False hour_summary=Closed until 7:30am
[2026-05-04 00:15:03] === SCRAPE END OK ===
[2026-05-04 00:30:02] === SCRAPE START ===
[2026-05-04 00:30:02] Fetching https://waitz.io/live/ucsd-rec
[2026-05-04 00:30:03] Saved 4 rows to ucsd_occupancy_history.csv
[2026-05-04 00:30:03] Main Gym Fitness Gym: 2% (Closed) people=1 capacity=72 is_open=False hour_summary=Closed until 6:00am
[2026-05-04 00:30:03] Outback Climbing Center: 4% (Closed) people=1 capacity=30 is_open=False hour_summary=Closed until 10:00am
[2026-05-04 00:30:03] RIMAC Fitness Gym: 1% (Closed) people=1 capacity=150 is_open=False hour_summary=Closed until 6:00am
[2026-05-04 00:30:03] Triton Esports Center: 0% (Closed) people=0 capacity=35 is_open=False hour_summary=Closed until 7:30am
[2026-05-04 00:30:03] === SCRAPE END OK ===
[2026-05-04 00:45:02] === SCRAPE START ===
[2026-05-04 00:45:02] Fetching https://waitz.io/live/ucsd-rec
[2026-05-04 00:45:03] Saved 4 rows to ucsd_occupancy_history.csv
[2026-05-04 00:45:03] Main Gym Fitness Gym: 1% (Closed) people=1 capacity=72 is_open=False hour_summary=Closed until 6:00am
[2026-05-04 00:45:03] Outback Climbing Center: 8% (Closed) people=2 capacity=30 is_open=False hour_summary=Closed until 10:00am
[2026-05-04 00:45:03] RIMAC Fitness Gym: 1% (Closed) people=1 capacity=150 is_open=False hour_summary=Closed until 6:00am
[2026-05-04 00:45:03] Triton Esports Center: 0% (Closed) people=0 capacity=35 is_open=False hour_summary=Closed until 7:30am
[2026-05-04 00:45:03] === SCRAPE END OK ===
[2026-05-04 01:00:02] === SCRAPE START ===
[2026-05-04 01:00:02] Fetching https://waitz.io/live/ucsd-rec
[2026-05-04 01:00:03] Saved 4 rows to ucsd_occupancy_history.csv
[2026-05-04 01:00:03] Main Gym Fitness Gym: 1% (Closed) people=1 capacity=72 is_open=False hour_summary=Closed until 6:00am
[2026-05-04 01:00:03] Outback Climbing Center: 2% (Closed) people=1 capacity=30 is_open=False hour_summary=Closed until 10:00am
[2026-05-04 01:00:03] RIMAC Fitness Gym: 0% (Closed) people=0 capacity=150 is_open=False hour_summary=Closed until 6:00am
[2026-05-04 01:00:03] Triton Esports Center: 0% (Closed) people=0 capacity=35 is_open=False hour_summary=Closed until 7:30am
[2026-05-04 01:00:03] === SCRAPE END OK ===
[2026-05-04 01:15:02] === SCRAPE START ===
[2026-05-04 01:15:02] Fetching https://waitz.io/live/ucsd-rec
[2026-05-04 01:15:03] Saved 4 rows to ucsd_occupancy_history.csv
[2026-05-04 01:15:03] Main Gym Fitness Gym: 1% (Closed) people=1 capacity=72 is_open=False hour_summary=Closed until 6:00am
[2026-05-04 01:15:03] Outback Climbing Center: 2% (Closed) people=1 capacity=30 is_open=False hour_summary=Closed until 10:00am
[2026-05-04 01:15:03] RIMAC Fitness Gym: 0% (Closed) people=0 capacity=150 is_open=False hour_summary=Closed until 6:00am
[2026-05-04 01:15:03] Triton Esports Center: 0% (Closed) people=0 capacity=35 is_open=False hour_summary=Closed until 7:30am
[2026-05-04 01:15:03] === SCRAPE END OK ===
[2026-05-04 01:30:03] === SCRAPE START ===
[2026-05-04 01:30:03] Fetching https://waitz.io/live/ucsd-rec
[2026-05-04 01:30:04] Saved 4 rows to ucsd_occupancy_history.csv
[2026-05-04 01:30:04] Main Gym Fitness Gym: 1% (Closed) people=1 capacity=72 is_open=False hour_summary=Closed until 6:00am
[2026-05-04 01:30:04] Outback Climbing Center: 4% (Closed) people=1 capacity=30 is_open=False hour_summary=Closed until 10:00am
[2026-05-04 01:30:04] RIMAC Fitness Gym: 0% (Closed) people=0 capacity=150 is_open=False hour_summary=Closed until 6:00am
[2026-05-04 01:30:04] Triton Esports Center: 0% (Closed) people=0 capacity=35 is_open=False hour_summary=Closed until 7:30am
[2026-05-04 01:30:04] === SCRAPE END OK ===
[2026-05-04 01:45:02] === SCRAPE START ===
[2026-05-04 01:45:02] Fetching https://waitz.io/live/ucsd-rec
[2026-05-04 01:45:03] Saved 4 rows to ucsd_occupancy_history.csv
[2026-05-04 01:45:03] Main Gym Fitness Gym: 2% (Closed) people=2 capacity=72 is_open=False hour_summary=Closed until 6:00am
[2026-05-04 01:45:03] Outback Climbing Center: 8% (Closed) people=2 capacity=30 is_open=False hour_summary=Closed until 10:00am
[2026-05-04 01:45:03] RIMAC Fitness Gym: 0% (Closed) people=1 capacity=150 is_open=False hour_summary=Closed until 6:00am
[2026-05-04 01:45:03] Triton Esports Center: 0% (Closed) people=0 capacity=35 is_open=False hour_summary=Closed until 7:30am
[2026-05-04 01:45:03] === SCRAPE END OK ===
[2026-05-04 02:00:02] === SCRAPE START ===
[2026-05-04 02:00:02] Fetching https://waitz.io/live/ucsd-rec
[2026-05-04 02:00:03] Saved 4 rows to ucsd_occupancy_history.csv
[2026-05-04 02:00:03] Main Gym Fitness Gym: 1% (Closed) people=1 capacity=72 is_open=False hour_summary=Closed until 6:00am
[2026-05-04 02:00:03] Outback Climbing Center: 1% (Closed) people=0 capacity=30 is_open=False hour_summary=Closed until 10:00am
[2026-05-04 02:00:03] RIMAC Fitness Gym: 1% (Closed) people=1 capacity=150 is_open=False hour_summary=Closed until 6:00am
[2026-05-04 02:00:03] Triton Esports Center: 0% (Closed) people=0 capacity=35 is_open=False hour_summary=Closed until 7:30am
[2026-05-04 02:00:03] === SCRAPE END OK ===
[2026-05-04 02:15:02] === SCRAPE START ===
[2026-05-04 02:15:02] Fetching https://waitz.io/live/ucsd-rec
[2026-05-04 02:15:03] Saved 4 rows to ucsd_occupancy_history.csv
[2026-05-04 02:15:03] Main Gym Fitness Gym: 3% (Closed) people=2 capacity=72 is_open=False hour_summary=Closed until 6:00am
[2026-05-04 02:15:03] Outback Climbing Center: 7% (Closed) people=2 capacity=30 is_open=False hour_summary=Closed until 10:00am
[2026-05-04 02:15:03] RIMAC Fitness Gym: 0% (Closed) people=0 capacity=150 is_open=False hour_summary=Closed until 6:00am
[2026-05-04 02:15:03] Triton Esports Center: 0% (Closed) people=0 capacity=35 is_open=False hour_summary=Closed until 7:30am
[2026-05-04 02:15:03] === SCRAPE END OK ===
[2026-05-04 02:30:02] === SCRAPE START ===
[2026-05-04 02:30:02] Fetching https://waitz.io/live/ucsd-rec
[2026-05-04 02:30:03] Saved 4 rows to ucsd_occupancy_history.csv
[2026-05-04 02:30:03] Main Gym Fitness Gym: 1% (Closed) people=1 capacity=72 is_open=False hour_summary=Closed until 6:00am
[2026-05-04 02:30:03] Outback Climbing Center: 2% (Closed) people=0 capacity=30 is_open=False hour_summary=Closed until 10:00am
[2026-05-04 02:30:03] RIMAC Fitness Gym: 0% (Closed) people=0 capacity=150 is_open=False hour_summary=Closed until 6:00am
[2026-05-04 02:30:03] Triton Esports Center: 0% (Closed) people=0 capacity=35 is_open=False hour_summary=Closed until 7:30am
[2026-05-04 02:30:03] === SCRAPE END OK ===
[2026-05-04 02:45:04] === SCRAPE START ===
[2026-05-04 02:45:04] Fetching https://waitz.io/live/ucsd-rec
[2026-05-04 02:45:04] Saved 4 rows to ucsd_occupancy_history.csv
[2026-05-04 02:45:04] Main Gym Fitness Gym: 1% (Closed) people=1 capacity=72 is_open=False hour_summary=Closed until 6:00am
[2026-05-04 02:45:04] Outback Climbing Center: 3% (Closed) people=1 capacity=30 is_open=False hour_summary=Closed until 10:00am
[2026-05-04 02:45:04] RIMAC Fitness Gym: 0% (Closed) people=0 capacity=150 is_open=False hour_summary=Closed until 6:00am
[2026-05-04 02:45:04] Triton Esports Center: 0% (Closed) people=0 capacity=35 is_open=False hour_summary=Closed until 7:30am
[2026-05-04 02:45:04] === SCRAPE END OK ===
[2026-05-04 03:00:02] === SCRAPE START ===
[2026-05-04 03:00:02] Fetching https://waitz.io/live/ucsd-rec
[2026-05-04 03:00:03] Saved 4 rows to ucsd_occupancy_history.csv
[2026-05-04 03:00:03] Main Gym Fitness Gym: 1% (Closed) people=1 capacity=72 is_open=False hour_summary=Closed until 6:00am
[2026-05-04 03:00:03] Outback Climbing Center: 8% (Closed) people=2 capacity=30 is_open=False hour_summary=Closed until 10:00am
[2026-05-04 03:00:03] RIMAC Fitness Gym: 0% (Closed) people=0 capacity=150 is_open=False hour_summary=Closed until 6:00am
[2026-05-04 03:00:03] Triton Esports Center: 0% (Closed) people=0 capacity=35 is_open=False hour_summary=Closed until 7:30am
[2026-05-04 03:00:03] === SCRAPE END OK ===
[2026-05-04 03:15:02] === SCRAPE START ===
[2026-05-04 03:15:02] Fetching https://waitz.io/live/ucsd-rec
[2026-05-04 03:15:03] Saved 4 rows to ucsd_occupancy_history.csv
[2026-05-04 03:15:03] Main Gym Fitness Gym: 1% (Closed) people=1 capacity=72 is_open=False hour_summary=Closed until 6:00am
[2026-05-04 03:15:03] Outback Climbing Center: 6% (Closed) people=2 capacity=30 is_open=False hour_summary=Closed until 10:00am
[2026-05-04 03:15:03] RIMAC Fitness Gym: 1% (Closed) people=1 capacity=150 is_open=False hour_summary=Closed until 6:00am
[2026-05-04 03:15:03] Triton Esports Center: 0% (Closed) people=0 capacity=35 is_open=False hour_summary=Closed until 7:30am
[2026-05-04 03:15:03] === SCRAPE END OK ===
[2026-05-04 03:30:02] === SCRAPE START ===
[2026-05-04 03:30:02] Fetching https://waitz.io/live/ucsd-rec
[2026-05-04 03:30:03] Saved 4 rows to ucsd_occupancy_history.csv
[2026-05-04 03:30:03] Main Gym Fitness Gym: 1% (Closed) people=1 capacity=72 is_open=False hour_summary=Closed until 6:00am
[2026-05-04 03:30:03] Outback Climbing Center: 3% (Closed) people=1 capacity=30 is_open=False hour_summary=Closed until 10:00am
[2026-05-04 03:30:03] RIMAC Fitness Gym: 0% (Closed) people=1 capacity=150 is_open=False hour_summary=Closed until 6:00am
[2026-05-04 03:30:03] Triton Esports Center: 0% (Closed) people=0 capacity=35 is_open=False hour_summary=Closed until 7:30am
[2026-05-04 03:30:03] === SCRAPE END OK ===
[2026-05-04 03:45:02] === SCRAPE START ===
[2026-05-04 03:45:02] Fetching https://waitz.io/live/ucsd-rec
[2026-05-04 03:45:03] Saved 4 rows to ucsd_occupancy_history.csv
[2026-05-04 03:45:03] Main Gym Fitness Gym: 2% (Closed) people=2 capacity=72 is_open=False hour_summary=Closed until 6:00am
[2026-05-04 03:45:03] Outback Climbing Center: 6% (Closed) people=2 capacity=30 is_open=False hour_summary=Closed until 10:00am
[2026-05-04 03:45:03] RIMAC Fitness Gym: 1% (Closed) people=1 capacity=150 is_open=False hour_summary=Closed until 6:00am
[2026-05-04 03:45:03] Triton Esports Center: 0% (Closed) people=0 capacity=35 is_open=False hour_summary=Closed until 7:30am
[2026-05-04 03:45:03] === SCRAPE END OK ===
[2026-05-04 04:00:02] === SCRAPE START ===
[2026-05-04 04:00:02] Fetching https://waitz.io/live/ucsd-rec
[2026-05-04 04:00:03] Saved 4 rows to ucsd_occupancy_history.csv
[2026-05-04 04:00:03] Main Gym Fitness Gym: 1% (Closed) people=1 capacity=72 is_open=False hour_summary=Closed until 6:00am
[2026-05-04 04:00:03] Outback Climbing Center: 4% (Closed) people=1 capacity=30 is_open=False hour_summary=Closed until 10:00am
[2026-05-04 04:00:03] RIMAC Fitness Gym: 0% (Closed) people=1 capacity=150 is_open=False hour_summary=Closed until 6:00am
[2026-05-04 04:00:03] Triton Esports Center: 0% (Closed) people=0 capacity=35 is_open=False hour_summary=Closed until 7:30am
[2026-05-04 04:00:03] === SCRAPE END OK ===
[2026-05-04 04:15:02] === SCRAPE START ===
[2026-05-04 04:15:02] Fetching https://waitz.io/live/ucsd-rec
[2026-05-04 04:15:03] Saved 4 rows to ucsd_occupancy_history.csv
[2026-05-04 04:15:03] Main Gym Fitness Gym: 2% (Closed) people=1 capacity=72 is_open=False hour_summary=Closed until 6:00am
[2026-05-04 04:15:03] Outback Climbing Center: 4% (Closed) people=1 capacity=30 is_open=False hour_summary=Closed until 10:00am
[2026-05-04 04:15:03] RIMAC Fitness Gym: 0% (Closed) people=0 capacity=150 is_open=False hour_summary=Closed until 6:00am
[2026-05-04 04:15:03] Triton Esports Center: 0% (Closed) people=0 capacity=35 is_open=False hour_summary=Closed until 7:30am
[2026-05-04 04:15:03] === SCRAPE END OK ===
[2026-05-04 04:30:02] === SCRAPE START ===
[2026-05-04 04:30:02] Fetching https://waitz.io/live/ucsd-rec
[2026-05-04 04:30:03] Saved 4 rows to ucsd_occupancy_history.csv
[2026-05-04 04:30:03] Main Gym Fitness Gym: 1% (Closed) people=1 capacity=72 is_open=False hour_summary=Closed until 6:00am
[2026-05-04 04:30:03] Outback Climbing Center: 5% (Closed) people=2 capacity=30 is_open=False hour_summary=Closed until 10:00am
[2026-05-04 04:30:03] RIMAC Fitness Gym: 0% (Closed) people=1 capacity=150 is_open=False hour_summary=Closed until 6:00am
[2026-05-04 04:30:03] Triton Esports Center: 0% (Closed) people=0 capacity=35 is_open=False hour_summary=Closed until 7:30am
[2026-05-04 04:30:03] === SCRAPE END OK ===
[2026-05-04 04:45:02] === SCRAPE START ===
[2026-05-04 04:45:02] Fetching https://waitz.io/live/ucsd-rec
[2026-05-04 04:45:03] Saved 4 rows to ucsd_occupancy_history.csv
[2026-05-04 04:45:03] Main Gym Fitness Gym: 1% (Closed) people=1 capacity=72 is_open=False hour_summary=Closed until 6:00am
[2026-05-04 04:45:03] Outback Climbing Center: 4% (Closed) people=1 capacity=30 is_open=False hour_summary=Closed until 10:00am
[2026-05-04 04:45:03] RIMAC Fitness Gym: 0% (Closed) people=0 capacity=150 is_open=False hour_summary=Closed until 6:00am
[2026-05-04 04:45:03] Triton Esports Center: 0% (Closed) people=0 capacity=35 is_open=False hour_summary=Closed until 7:30am
[2026-05-04 04:45:03] === SCRAPE END OK ===
[2026-05-04 05:00:02] === SCRAPE START ===
[2026-05-04 05:00:02] Fetching https://waitz.io/live/ucsd-rec
[2026-05-04 05:00:03] Saved 4 rows to ucsd_occupancy_history.csv
[2026-05-04 05:00:03] Main Gym Fitness Gym: 1% (Closed) people=1 capacity=72 is_open=False hour_summary=Closed until 6:00am
[2026-05-04 05:00:03] Outback Climbing Center: 4% (Closed) people=1 capacity=30 is_open=False hour_summary=Closed until 10:00am
[2026-05-04 05:00:03] RIMAC Fitness Gym: 0% (Closed) people=0 capacity=150 is_open=False hour_summary=Closed until 6:00am
[2026-05-04 05:00:03] Triton Esports Center: 0% (Closed) people=0 capacity=35 is_open=False hour_summary=Closed until 7:30am
[2026-05-04 05:00:03] === SCRAPE END OK ===
[2026-05-04 05:15:02] === SCRAPE START ===
[2026-05-04 05:15:02] Fetching https://waitz.io/live/ucsd-rec
[2026-05-04 05:15:03] Saved 4 rows to ucsd_occupancy_history.csv
[2026-05-04 05:15:03] Main Gym Fitness Gym: 2% (Closed) people=1 capacity=72 is_open=False hour_summary=Closed until 6:00am
[2026-05-04 05:15:03] Outback Climbing Center: 1% (Closed) people=0 capacity=30 is_open=False hour_summary=Closed until 10:00am
[2026-05-04 05:15:03] RIMAC Fitness Gym: 1% (Closed) people=1 capacity=150 is_open=False hour_summary=Closed until 6:00am
[2026-05-04 05:15:03] Triton Esports Center: 0% (Closed) people=0 capacity=35 is_open=False hour_summary=Closed until 7:30am
[2026-05-04 05:15:03] === SCRAPE END OK ===
[2026-05-04 05:30:02] === SCRAPE START ===
[2026-05-04 05:30:02] Fetching https://waitz.io/live/ucsd-rec
[2026-05-04 05:30:03] Saved 4 rows to ucsd_occupancy_history.csv
[2026-05-04 05:30:03] Main Gym Fitness Gym: 1% (Closed) people=1 capacity=72 is_open=False hour_summary=Closed until 6:00am
[2026-05-04 05:30:03] Outback Climbing Center: 5% (Closed) people=2 capacity=30 is_open=False hour_summary=Closed until 10:00am
[2026-05-04 05:30:03] RIMAC Fitness Gym: 1% (Closed) people=1 capacity=150 is_open=False hour_summary=Closed until 6:00am
[2026-05-04 05:30:03] Triton Esports Center: 0% (Closed) people=0 capacity=35 is_open=False hour_summary=Closed until 7:30am
[2026-05-04 05:30:03] === SCRAPE END OK ===
[2026-05-04 05:45:02] === SCRAPE START ===
[2026-05-04 05:45:02] Fetching https://waitz.io/live/ucsd-rec
[2026-05-04 05:45:03] Saved 4 rows to ucsd_occupancy_history.csv
[2026-05-04 05:45:03] Main Gym Fitness Gym: 1% (Closed) people=1 capacity=72 is_open=False hour_summary=Closed until 6:00am
[2026-05-04 05:45:03] Outback Climbing Center: 4% (Closed) people=1 capacity=30 is_open=False hour_summary=Closed until 10:00am
[2026-05-04 05:45:03] RIMAC Fitness Gym: 1% (Closed) people=2 capacity=150 is_open=False hour_summary=Closed until 6:00am
[2026-05-04 05:45:03] Triton Esports Center: 0% (Closed) people=0 capacity=35 is_open=False hour_summary=Closed until 7:30am
[2026-05-04 05:45:03] === SCRAPE END OK ===
[2026-05-04 06:00:02] === SCRAPE START ===
[2026-05-04 06:00:02] Fetching https://waitz.io/live/ucsd-rec
[2026-05-04 06:00:03] Saved 4 rows to ucsd_occupancy_history.csv
[2026-05-04 06:00:03] Main Gym Fitness Gym: 1% (Not Busy) people=1 capacity=72 is_open=True hour_summary=open
[2026-05-04 06:00:03] Outback Climbing Center: 3% (Closed) people=1 capacity=30 is_open=False hour_summary=Closed until 10:00am
[2026-05-04 06:00:03] RIMAC Fitness Gym: 1% (Not Busy) people=1 capacity=150 is_open=True hour_summary=open
[2026-05-04 06:00:03] Triton Esports Center: 0% (Closed) people=0 capacity=35 is_open=False hour_summary=Closed until 7:30am
[2026-05-04 06:00:03] === SCRAPE END OK ===
[2026-05-04 06:15:02] === SCRAPE START ===
[2026-05-04 06:15:02] Fetching https://waitz.io/live/ucsd-rec
[2026-05-04 06:15:03] Saved 4 rows to ucsd_occupancy_history.csv
[2026-05-04 06:15:03] Main Gym Fitness Gym: 2% (Not Busy) people=1 capacity=72 is_open=True hour_summary=open
[2026-05-04 06:15:03] Outback Climbing Center: 12% (Closed) people=4 capacity=30 is_open=False hour_summary=Closed until 10:00am
[2026-05-04 06:15:03] RIMAC Fitness Gym: 15% (Not Busy) people=22 capacity=150 is_open=True hour_summary=open
[2026-05-04 06:15:03] Triton Esports Center: 0% (Closed) people=0 capacity=35 is_open=False hour_summary=Closed until 7:30am
[2026-05-04 06:15:03] === SCRAPE END OK ===
[2026-05-04 06:30:02] === SCRAPE START ===
[2026-05-04 06:30:02] Fetching https://waitz.io/live/ucsd-rec
[2026-05-04 06:30:03] Saved 4 rows to ucsd_occupancy_history.csv
[2026-05-04 06:30:03] Main Gym Fitness Gym: 8% (Not Busy) people=6 capacity=72 is_open=True hour_summary=open
[2026-05-04 06:30:03] Outback Climbing Center: 5% (Closed) people=1 capacity=30 is_open=False hour_summary=Closed until 10:00am
[2026-05-04 06:30:03] RIMAC Fitness Gym: 0% (Data Unavailable) people=0 capacity=150 is_open=True hour_summary=open
[2026-05-04 06:30:03] Triton Esports Center: 0% (Closed) people=0 capacity=35 is_open=False hour_summary=Closed until 7:30am
[2026-05-04 06:30:03] === SCRAPE END OK ===
[2026-05-04 06:45:02] === SCRAPE START ===
[2026-05-04 06:45:02] Fetching https://waitz.io/live/ucsd-rec
[2026-05-04 06:45:03] Saved 4 rows to ucsd_occupancy_history.csv
[2026-05-04 06:45:03] Main Gym Fitness Gym: 17% (Not Busy) people=12 capacity=72 is_open=True hour_summary=open
[2026-05-04 06:45:03] Outback Climbing Center: 8% (Closed) people=2 capacity=30 is_open=False hour_summary=Closed until 10:00am
[2026-05-04 06:45:03] RIMAC Fitness Gym: 34% (Not Busy) people=51 capacity=150 is_open=True hour_summary=open
[2026-05-04 06:45:03] Triton Esports Center: 0% (Closed) people=0 capacity=35 is_open=False hour_summary=Closed until 7:30am
[2026-05-04 06:45:03] === SCRAPE END OK ===
[2026-05-04 07:00:02] === SCRAPE START ===
[2026-05-04 07:00:02] Fetching https://waitz.io/live/ucsd-rec
[2026-05-04 07:00:03] Saved 4 rows to ucsd_occupancy_history.csv
[2026-05-04 07:00:03] Main Gym Fitness Gym: 15% (Not Busy) people=10 capacity=72 is_open=True hour_summary=open
[2026-05-04 07:00:03] Outback Climbing Center: 1% (Closed) people=0 capacity=30 is_open=False hour_summary=Closed until 10:00am
[2026-05-04 07:00:03] RIMAC Fitness Gym: 33% (Not Busy) people=50 capacity=150 is_open=True hour_summary=open
[2026-05-04 07:00:03] Triton Esports Center: 0% (Closed) people=0 capacity=35 is_open=False hour_summary=Closed until 7:30am
[2026-05-04 07:00:03] === SCRAPE END OK ===
[2026-05-04 07:15:02] === SCRAPE START ===
[2026-05-04 07:15:02] Fetching https://waitz.io/live/ucsd-rec
[2026-05-04 07:15:03] Saved 4 rows to ucsd_occupancy_history.csv
[2026-05-04 07:15:03] Main Gym Fitness Gym: 14% (Not Busy) people=10 capacity=72 is_open=True hour_summary=open
[2026-05-04 07:15:03] Outback Climbing Center: 1% (Closed) people=0 capacity=30 is_open=False hour_summary=Closed until 10:00am
[2026-05-04 07:15:03] RIMAC Fitness Gym: 37% (Not Busy) people=55 capacity=150 is_open=True hour_summary=open
[2026-05-04 07:15:03] Triton Esports Center: 0% (Closed) people=0 capacity=35 is_open=False hour_summary=Closed until 7:30am
[2026-05-04 07:15:03] === SCRAPE END OK ===
[2026-05-04 07:30:02] === SCRAPE START ===
[2026-05-04 07:30:02] Fetching https://waitz.io/live/ucsd-rec
[2026-05-04 07:30:03] Saved 4 rows to ucsd_occupancy_history.csv
[2026-05-04 07:30:03] Main Gym Fitness Gym: 14% (Not Busy) people=10 capacity=72 is_open=True hour_summary=open
[2026-05-04 07:30:03] Outback Climbing Center: 2% (Closed) people=0 capacity=30 is_open=False hour_summary=Closed until 10:00am
[2026-05-04 07:30:03] RIMAC Fitness Gym: 35% (Not Busy) people=53 capacity=150 is_open=True hour_summary=open
[2026-05-04 07:30:03] Triton Esports Center: 0% (Not Busy) people=0 capacity=35 is_open=True hour_summary=open
[2026-05-04 07:30:03] === SCRAPE END OK ===
[2026-05-04 07:45:02] === SCRAPE START ===
[2026-05-04 07:45:02] Fetching https://waitz.io/live/ucsd-rec
[2026-05-04 07:45:03] Saved 4 rows to ucsd_occupancy_history.csv
[2026-05-04 07:45:03] Main Gym Fitness Gym: 3% (Not Busy) people=2 capacity=72 is_open=True hour_summary=open
[2026-05-04 07:45:03] Outback Climbing Center: 4% (Closed) people=1 capacity=30 is_open=False hour_summary=Closed until 10:00am
[2026-05-04 07:45:03] RIMAC Fitness Gym: 32% (Not Busy) people=48 capacity=150 is_open=True hour_summary=open
[2026-05-04 07:45:03] Triton Esports Center: 0% (Not Busy) people=0 capacity=35 is_open=True hour_summary=open
[2026-05-04 07:45:03] === SCRAPE END OK ===
[2026-05-04 08:00:02] === SCRAPE START ===
[2026-05-04 08:00:02] Fetching https://waitz.io/live/ucsd-rec
[2026-05-04 08:00:03] Saved 4 rows to ucsd_occupancy_history.csv
[2026-05-04 08:00:03] Main Gym Fitness Gym: 24% (Not Busy) people=18 capacity=72 is_open=True hour_summary=open
[2026-05-04 08:00:03] Outback Climbing Center: 1% (Closed) people=0 capacity=30 is_open=False hour_summary=Closed until 10:00am
[2026-05-04 08:00:03] RIMAC Fitness Gym: 25% (Not Busy) people=38 capacity=150 is_open=True hour_summary=open
[2026-05-04 08:00:03] Triton Esports Center: 0% (Not Busy) people=0 capacity=35 is_open=True hour_summary=open
[2026-05-04 08:00:03] === SCRAPE END OK ===
[2026-05-04 08:15:02] === SCRAPE START ===
[2026-05-04 08:15:02] Fetching https://waitz.io/live/ucsd-rec
[2026-05-04 08:15:03] Saved 4 rows to ucsd_occupancy_history.csv
[2026-05-04 08:15:03] Main Gym Fitness Gym: 15% (Not Busy) people=11 capacity=72 is_open=True hour_summary=open
[2026-05-04 08:15:03] Outback Climbing Center: 3% (Closed) people=1 capacity=30 is_open=False hour_summary=Closed until 10:00am
[2026-05-04 08:15:03] RIMAC Fitness Gym: 29% (Not Busy) people=43 capacity=150 is_open=True hour_summary=open
[2026-05-04 08:15:03] Triton Esports Center: 0% (Not Busy) people=0 capacity=35 is_open=True hour_summary=open
[2026-05-04 08:15:03] === SCRAPE END OK ===
