[2026-05-11 00:00:01] === SCRAPE START ===
[2026-05-11 00:00:01] Fetching https://waitz.io/live/ucsd-rec
[2026-05-11 00:00:03] Saved 4 rows to ucsd_occupancy_history.csv
[2026-05-11 00:00:03] Main Gym Fitness Gym: 2% (Closed) people=1 capacity=72 is_open=False hour_summary=Closed until 6:00am
[2026-05-11 00:00:03] Outback Climbing Center: 0% (Closed) people=0 capacity=30 is_open=False hour_summary=Closed until 10:00am
[2026-05-11 00:00:03] RIMAC Fitness Gym: 0% (Closed) people=1 capacity=150 is_open=False hour_summary=Closed until 6:00am
[2026-05-11 00:00:03] Triton Esports Center: 0% (Closed) people=0 capacity=35 is_open=False hour_summary=Closed until 7:30am
[2026-05-11 00:00:03] === SCRAPE END OK ===
[2026-05-11 00:15:02] === SCRAPE START ===
[2026-05-11 00:15:02] Fetching https://waitz.io/live/ucsd-rec
[2026-05-11 00:15:03] Saved 4 rows to ucsd_occupancy_history.csv
[2026-05-11 00:15:03] Main Gym Fitness Gym: 1% (Closed) people=1 capacity=72 is_open=False hour_summary=Closed until 6:00am
[2026-05-11 00:15:03] Outback Climbing Center: 0% (Closed) people=0 capacity=30 is_open=False hour_summary=Closed until 10:00am
[2026-05-11 00:15:03] RIMAC Fitness Gym: 1% (Closed) people=1 capacity=150 is_open=False hour_summary=Closed until 6:00am
[2026-05-11 00:15:03] Triton Esports Center: 0% (Closed) people=0 capacity=35 is_open=False hour_summary=Closed until 7:30am
[2026-05-11 00:15:03] === SCRAPE END OK ===
[2026-05-11 00:30:02] === SCRAPE START ===
[2026-05-11 00:30:02] Fetching https://waitz.io/live/ucsd-rec
[2026-05-11 00:30:03] Saved 4 rows to ucsd_occupancy_history.csv
[2026-05-11 00:30:03] Main Gym Fitness Gym: 1% (Closed) people=1 capacity=72 is_open=False hour_summary=Closed until 6:00am
[2026-05-11 00:30:03] Outback Climbing Center: 0% (Closed) people=0 capacity=30 is_open=False hour_summary=Closed until 10:00am
[2026-05-11 00:30:03] RIMAC Fitness Gym: 0% (Closed) people=1 capacity=150 is_open=False hour_summary=Closed until 6:00am
[2026-05-11 00:30:03] Triton Esports Center: 0% (Closed) people=0 capacity=35 is_open=False hour_summary=Closed until 7:30am
[2026-05-11 00:30:03] === SCRAPE END OK ===
[2026-05-11 00:45:02] === SCRAPE START ===
[2026-05-11 00:45:02] Fetching https://waitz.io/live/ucsd-rec
[2026-05-11 00:45:03] Saved 4 rows to ucsd_occupancy_history.csv
[2026-05-11 00:45:03] Main Gym Fitness Gym: 2% (Closed) people=1 capacity=72 is_open=False hour_summary=Closed until 6:00am
[2026-05-11 00:45:03] Outback Climbing Center: 0% (Closed) people=0 capacity=30 is_open=False hour_summary=Closed until 10:00am
[2026-05-11 00:45:03] RIMAC Fitness Gym: 0% (Closed) people=0 capacity=150 is_open=False hour_summary=Closed until 6:00am
[2026-05-11 00:45:03] Triton Esports Center: 0% (Closed) people=0 capacity=35 is_open=False hour_summary=Closed until 7:30am
[2026-05-11 00:45:03] === SCRAPE END OK ===
[2026-05-11 01:00:02] === SCRAPE START ===
[2026-05-11 01:00:02] Fetching https://waitz.io/live/ucsd-rec
[2026-05-11 01:00:04] Saved 4 rows to ucsd_occupancy_history.csv
[2026-05-11 01:00:04] Main Gym Fitness Gym: 1% (Closed) people=1 capacity=72 is_open=False hour_summary=Closed until 6:00am
[2026-05-11 01:00:04] Outback Climbing Center: 0% (Closed) people=0 capacity=30 is_open=False hour_summary=Closed until 10:00am
[2026-05-11 01:00:04] RIMAC Fitness Gym: 1% (Closed) people=1 capacity=150 is_open=False hour_summary=Closed until 6:00am
[2026-05-11 01:00:04] Triton Esports Center: 0% (Closed) people=0 capacity=35 is_open=False hour_summary=Closed until 7:30am
[2026-05-11 01:00:04] === SCRAPE END OK ===
[2026-05-11 01:15:02] === SCRAPE START ===
[2026-05-11 01:15:02] Fetching https://waitz.io/live/ucsd-rec
[2026-05-11 01:15:03] Saved 4 rows to ucsd_occupancy_history.csv
[2026-05-11 01:15:03] Main Gym Fitness Gym: 1% (Closed) people=1 capacity=72 is_open=False hour_summary=Closed until 6:00am
[2026-05-11 01:15:03] Outback Climbing Center: 0% (Closed) people=0 capacity=30 is_open=False hour_summary=Closed until 10:00am
[2026-05-11 01:15:03] RIMAC Fitness Gym: 1% (Closed) people=1 capacity=150 is_open=False hour_summary=Closed until 6:00am
[2026-05-11 01:15:03] Triton Esports Center: 0% (Closed) people=0 capacity=35 is_open=False hour_summary=Closed until 7:30am
[2026-05-11 01:15:03] === SCRAPE END OK ===
[2026-05-11 01:30:02] === SCRAPE START ===
[2026-05-11 01:30:02] Fetching https://waitz.io/live/ucsd-rec
[2026-05-11 01:30:03] Saved 4 rows to ucsd_occupancy_history.csv
[2026-05-11 01:30:03] Main Gym Fitness Gym: 1% (Closed) people=1 capacity=72 is_open=False hour_summary=Closed until 6:00am
[2026-05-11 01:30:03] Outback Climbing Center: 0% (Closed) people=0 capacity=30 is_open=False hour_summary=Closed until 10:00am
[2026-05-11 01:30:03] RIMAC Fitness Gym: 1% (Closed) people=1 capacity=150 is_open=False hour_summary=Closed until 6:00am
[2026-05-11 01:30:03] Triton Esports Center: 0% (Closed) people=0 capacity=35 is_open=False hour_summary=Closed until 7:30am
[2026-05-11 01:30:03] === SCRAPE END OK ===
[2026-05-11 01:45:02] === SCRAPE START ===
[2026-05-11 01:45:02] Fetching https://waitz.io/live/ucsd-rec
[2026-05-11 01:45:03] Saved 4 rows to ucsd_occupancy_history.csv
[2026-05-11 01:45:03] Main Gym Fitness Gym: 1% (Closed) people=1 capacity=72 is_open=False hour_summary=Closed until 6:00am
[2026-05-11 01:45:03] Outback Climbing Center: 1% (Closed) people=0 capacity=30 is_open=False hour_summary=Closed until 10:00am
[2026-05-11 01:45:03] RIMAC Fitness Gym: 0% (Closed) people=0 capacity=150 is_open=False hour_summary=Closed until 6:00am
[2026-05-11 01:45:03] Triton Esports Center: 0% (Closed) people=0 capacity=35 is_open=False hour_summary=Closed until 7:30am
[2026-05-11 01:45:03] === SCRAPE END OK ===
[2026-05-11 02:00:02] === SCRAPE START ===
[2026-05-11 02:00:02] Fetching https://waitz.io/live/ucsd-rec
[2026-05-11 02:00:03] Saved 4 rows to ucsd_occupancy_history.csv
[2026-05-11 02:00:03] Main Gym Fitness Gym: 1% (Closed) people=1 capacity=72 is_open=False hour_summary=Closed until 6:00am
[2026-05-11 02:00:03] Outback Climbing Center: 0% (Closed) people=0 capacity=30 is_open=False hour_summary=Closed until 10:00am
[2026-05-11 02:00:03] RIMAC Fitness Gym: 0% (Closed) people=0 capacity=150 is_open=False hour_summary=Closed until 6:00am
[2026-05-11 02:00:03] Triton Esports Center: 0% (Closed) people=0 capacity=35 is_open=False hour_summary=Closed until 7:30am
[2026-05-11 02:00:03] === SCRAPE END OK ===
[2026-05-11 02:15:02] === SCRAPE START ===
[2026-05-11 02:15:02] Fetching https://waitz.io/live/ucsd-rec
[2026-05-11 02:15:03] Saved 4 rows to ucsd_occupancy_history.csv
[2026-05-11 02:15:03] Main Gym Fitness Gym: 1% (Closed) people=1 capacity=72 is_open=False hour_summary=Closed until 6:00am
[2026-05-11 02:15:03] Outback Climbing Center: 0% (Closed) people=0 capacity=30 is_open=False hour_summary=Closed until 10:00am
[2026-05-11 02:15:03] RIMAC Fitness Gym: 1% (Closed) people=1 capacity=150 is_open=False hour_summary=Closed until 6:00am
[2026-05-11 02:15:03] Triton Esports Center: 0% (Closed) people=0 capacity=35 is_open=False hour_summary=Closed until 7:30am
[2026-05-11 02:15:03] === SCRAPE END OK ===
[2026-05-11 02:30:02] === SCRAPE START ===
[2026-05-11 02:30:02] Fetching https://waitz.io/live/ucsd-rec
[2026-05-11 02:30:04] Saved 4 rows to ucsd_occupancy_history.csv
[2026-05-11 02:30:04] Main Gym Fitness Gym: 0% (Closed) people=0 capacity=72 is_open=False hour_summary=Closed until 6:00am
[2026-05-11 02:30:04] Outback Climbing Center: 0% (Closed) people=0 capacity=30 is_open=False hour_summary=Closed until 10:00am
[2026-05-11 02:30:04] RIMAC Fitness Gym: 0% (Closed) people=0 capacity=150 is_open=False hour_summary=Closed until 6:00am
[2026-05-11 02:30:04] Triton Esports Center: 0% (Closed) people=0 capacity=35 is_open=False hour_summary=Closed until 7:30am
[2026-05-11 02:30:04] === SCRAPE END OK ===
[2026-05-11 02:45:03] === SCRAPE START ===
[2026-05-11 02:45:03] Fetching https://waitz.io/live/ucsd-rec
[2026-05-11 02:45:03] Saved 4 rows to ucsd_occupancy_history.csv
[2026-05-11 02:45:03] Main Gym Fitness Gym: 2% (Closed) people=1 capacity=72 is_open=False hour_summary=Closed until 6:00am
[2026-05-11 02:45:03] Outback Climbing Center: 1% (Closed) people=0 capacity=30 is_open=False hour_summary=Closed until 10:00am
[2026-05-11 02:45:03] RIMAC Fitness Gym: 0% (Closed) people=0 capacity=150 is_open=False hour_summary=Closed until 6:00am
[2026-05-11 02:45:03] Triton Esports Center: 0% (Closed) people=0 capacity=35 is_open=False hour_summary=Closed until 7:30am
[2026-05-11 02:45:03] === SCRAPE END OK ===
[2026-05-11 03:00:02] === SCRAPE START ===
[2026-05-11 03:00:02] Fetching https://waitz.io/live/ucsd-rec
[2026-05-11 03:00:03] Saved 4 rows to ucsd_occupancy_history.csv
[2026-05-11 03:00:03] Main Gym Fitness Gym: 1% (Closed) people=1 capacity=72 is_open=False hour_summary=Closed until 6:00am
[2026-05-11 03:00:03] Outback Climbing Center: 0% (Closed) people=0 capacity=30 is_open=False hour_summary=Closed until 10:00am
[2026-05-11 03:00:03] RIMAC Fitness Gym: 1% (Closed) people=1 capacity=150 is_open=False hour_summary=Closed until 6:00am
[2026-05-11 03:00:03] Triton Esports Center: 0% (Closed) people=0 capacity=35 is_open=False hour_summary=Closed until 7:30am
[2026-05-11 03:00:03] === SCRAPE END OK ===
[2026-05-11 03:15:02] === SCRAPE START ===
[2026-05-11 03:15:02] Fetching https://waitz.io/live/ucsd-rec
[2026-05-11 03:15:03] Saved 4 rows to ucsd_occupancy_history.csv
[2026-05-11 03:15:03] Main Gym Fitness Gym: 1% (Closed) people=1 capacity=72 is_open=False hour_summary=Closed until 6:00am
[2026-05-11 03:15:03] Outback Climbing Center: 1% (Closed) people=0 capacity=30 is_open=False hour_summary=Closed until 10:00am
[2026-05-11 03:15:03] RIMAC Fitness Gym: 0% (Closed) people=0 capacity=150 is_open=False hour_summary=Closed until 6:00am
[2026-05-11 03:15:03] Triton Esports Center: 0% (Closed) people=0 capacity=35 is_open=False hour_summary=Closed until 7:30am
[2026-05-11 03:15:03] === SCRAPE END OK ===
[2026-05-11 03:30:02] === SCRAPE START ===
[2026-05-11 03:30:02] Fetching https://waitz.io/live/ucsd-rec
[2026-05-11 03:30:03] Saved 4 rows to ucsd_occupancy_history.csv
[2026-05-11 03:30:03] Main Gym Fitness Gym: 1% (Closed) people=1 capacity=72 is_open=False hour_summary=Closed until 6:00am
[2026-05-11 03:30:03] Outback Climbing Center: 1% (Closed) people=0 capacity=30 is_open=False hour_summary=Closed until 10:00am
[2026-05-11 03:30:03] RIMAC Fitness Gym: 0% (Closed) people=1 capacity=150 is_open=False hour_summary=Closed until 6:00am
[2026-05-11 03:30:03] Triton Esports Center: 0% (Closed) people=0 capacity=35 is_open=False hour_summary=Closed until 7:30am
[2026-05-11 03:30:03] === SCRAPE END OK ===
[2026-05-11 03:45:02] === SCRAPE START ===
[2026-05-11 03:45:02] Fetching https://waitz.io/live/ucsd-rec
[2026-05-11 03:45:03] Saved 4 rows to ucsd_occupancy_history.csv
[2026-05-11 03:45:03] Main Gym Fitness Gym: 1% (Closed) people=1 capacity=72 is_open=False hour_summary=Closed until 6:00am
[2026-05-11 03:45:03] Outback Climbing Center: 0% (Closed) people=0 capacity=30 is_open=False hour_summary=Closed until 10:00am
[2026-05-11 03:45:03] RIMAC Fitness Gym: 0% (Closed) people=0 capacity=150 is_open=False hour_summary=Closed until 6:00am
[2026-05-11 03:45:03] Triton Esports Center: 0% (Closed) people=0 capacity=35 is_open=False hour_summary=Closed until 7:30am
[2026-05-11 03:45:03] === SCRAPE END OK ===
[2026-05-11 04:00:02] === SCRAPE START ===
[2026-05-11 04:00:02] Fetching https://waitz.io/live/ucsd-rec
[2026-05-11 04:00:03] Saved 4 rows to ucsd_occupancy_history.csv
[2026-05-11 04:00:03] Main Gym Fitness Gym: 1% (Closed) people=1 capacity=72 is_open=False hour_summary=Closed until 6:00am
[2026-05-11 04:00:03] Outback Climbing Center: 1% (Closed) people=0 capacity=30 is_open=False hour_summary=Closed until 10:00am
[2026-05-11 04:00:03] RIMAC Fitness Gym: 0% (Closed) people=0 capacity=150 is_open=False hour_summary=Closed until 6:00am
[2026-05-11 04:00:03] Triton Esports Center: 0% (Closed) people=0 capacity=35 is_open=False hour_summary=Closed until 7:30am
[2026-05-11 04:00:03] === SCRAPE END OK ===
[2026-05-11 04:15:02] === SCRAPE START ===
[2026-05-11 04:15:02] Fetching https://waitz.io/live/ucsd-rec
[2026-05-11 04:15:03] Saved 4 rows to ucsd_occupancy_history.csv
[2026-05-11 04:15:03] Main Gym Fitness Gym: 1% (Closed) people=1 capacity=72 is_open=False hour_summary=Closed until 6:00am
[2026-05-11 04:15:03] Outback Climbing Center: 0% (Closed) people=0 capacity=30 is_open=False hour_summary=Closed until 10:00am
[2026-05-11 04:15:03] RIMAC Fitness Gym: 0% (Closed) people=0 capacity=150 is_open=False hour_summary=Closed until 6:00am
[2026-05-11 04:15:03] Triton Esports Center: 0% (Closed) people=0 capacity=35 is_open=False hour_summary=Closed until 7:30am
[2026-05-11 04:15:03] === SCRAPE END OK ===
[2026-05-11 04:30:02] === SCRAPE START ===
[2026-05-11 04:30:02] Fetching https://waitz.io/live/ucsd-rec
[2026-05-11 04:30:03] Saved 4 rows to ucsd_occupancy_history.csv
[2026-05-11 04:30:03] Main Gym Fitness Gym: 1% (Closed) people=1 capacity=72 is_open=False hour_summary=Closed until 6:00am
[2026-05-11 04:30:03] Outback Climbing Center: 0% (Closed) people=0 capacity=30 is_open=False hour_summary=Closed until 10:00am
[2026-05-11 04:30:03] RIMAC Fitness Gym: 0% (Closed) people=0 capacity=150 is_open=False hour_summary=Closed until 6:00am
[2026-05-11 04:30:03] Triton Esports Center: 0% (Closed) people=0 capacity=35 is_open=False hour_summary=Closed until 7:30am
[2026-05-11 04:30:03] === SCRAPE END OK ===
[2026-05-11 04:45:02] === SCRAPE START ===
[2026-05-11 04:45:02] Fetching https://waitz.io/live/ucsd-rec
[2026-05-11 04:45:03] Saved 4 rows to ucsd_occupancy_history.csv
[2026-05-11 04:45:03] Main Gym Fitness Gym: 1% (Closed) people=1 capacity=72 is_open=False hour_summary=Closed until 6:00am
[2026-05-11 04:45:03] Outback Climbing Center: 0% (Closed) people=0 capacity=30 is_open=False hour_summary=Closed until 10:00am
[2026-05-11 04:45:03] RIMAC Fitness Gym: 0% (Closed) people=0 capacity=150 is_open=False hour_summary=Closed until 6:00am
[2026-05-11 04:45:03] Triton Esports Center: 0% (Closed) people=0 capacity=35 is_open=False hour_summary=Closed until 7:30am
[2026-05-11 04:45:03] === SCRAPE END OK ===
[2026-05-11 05:00:02] === SCRAPE START ===
[2026-05-11 05:00:02] Fetching https://waitz.io/live/ucsd-rec
[2026-05-11 05:00:03] Saved 4 rows to ucsd_occupancy_history.csv
[2026-05-11 05:00:03] Main Gym Fitness Gym: 2% (Closed) people=1 capacity=72 is_open=False hour_summary=Closed until 6:00am
[2026-05-11 05:00:03] Outback Climbing Center: 0% (Closed) people=0 capacity=30 is_open=False hour_summary=Closed until 10:00am
[2026-05-11 05:00:03] RIMAC Fitness Gym: 0% (Closed) people=1 capacity=150 is_open=False hour_summary=Closed until 6:00am
[2026-05-11 05:00:03] Triton Esports Center: 0% (Closed) people=0 capacity=35 is_open=False hour_summary=Closed until 7:30am
[2026-05-11 05:00:03] === SCRAPE END OK ===
[2026-05-11 05:15:02] === SCRAPE START ===
[2026-05-11 05:15:02] Fetching https://waitz.io/live/ucsd-rec
[2026-05-11 05:15:03] Saved 4 rows to ucsd_occupancy_history.csv
[2026-05-11 05:15:03] Main Gym Fitness Gym: 1% (Closed) people=1 capacity=72 is_open=False hour_summary=Closed until 6:00am
[2026-05-11 05:15:03] Outback Climbing Center: 0% (Closed) people=0 capacity=30 is_open=False hour_summary=Closed until 10:00am
[2026-05-11 05:15:03] RIMAC Fitness Gym: 0% (Closed) people=1 capacity=150 is_open=False hour_summary=Closed until 6:00am
[2026-05-11 05:15:03] Triton Esports Center: 0% (Closed) people=0 capacity=35 is_open=False hour_summary=Closed until 7:30am
[2026-05-11 05:15:03] === SCRAPE END OK ===
[2026-05-11 05:30:02] === SCRAPE START ===
[2026-05-11 05:30:02] Fetching https://waitz.io/live/ucsd-rec
[2026-05-11 05:30:03] Saved 4 rows to ucsd_occupancy_history.csv
[2026-05-11 05:30:03] Main Gym Fitness Gym: 2% (Closed) people=2 capacity=72 is_open=False hour_summary=Closed until 6:00am
[2026-05-11 05:30:03] Outback Climbing Center: 0% (Closed) people=0 capacity=30 is_open=False hour_summary=Closed until 10:00am
[2026-05-11 05:30:03] RIMAC Fitness Gym: 0% (Closed) people=0 capacity=150 is_open=False hour_summary=Closed until 6:00am
[2026-05-11 05:30:03] Triton Esports Center: 0% (Closed) people=0 capacity=35 is_open=False hour_summary=Closed until 7:30am
[2026-05-11 05:30:03] === SCRAPE END OK ===
[2026-05-11 05:45:02] === SCRAPE START ===
[2026-05-11 05:45:02] Fetching https://waitz.io/live/ucsd-rec
[2026-05-11 05:45:03] Saved 4 rows to ucsd_occupancy_history.csv
[2026-05-11 05:45:03] Main Gym Fitness Gym: 1% (Closed) people=1 capacity=72 is_open=False hour_summary=Closed until 6:00am
[2026-05-11 05:45:03] Outback Climbing Center: 1% (Closed) people=0 capacity=30 is_open=False hour_summary=Closed until 10:00am
[2026-05-11 05:45:03] RIMAC Fitness Gym: 0% (Closed) people=0 capacity=150 is_open=False hour_summary=Closed until 6:00am
[2026-05-11 05:45:03] Triton Esports Center: 0% (Closed) people=0 capacity=35 is_open=False hour_summary=Closed until 7:30am
[2026-05-11 05:45:03] === SCRAPE END OK ===
[2026-05-11 06:00:02] === SCRAPE START ===
[2026-05-11 06:00:02] Fetching https://waitz.io/live/ucsd-rec
[2026-05-11 06:00:03] Saved 4 rows to ucsd_occupancy_history.csv
[2026-05-11 06:00:03] Main Gym Fitness Gym: 1% (Not Busy) people=1 capacity=72 is_open=True hour_summary=open
[2026-05-11 06:00:03] Outback Climbing Center: 0% (Closed) people=0 capacity=30 is_open=False hour_summary=Closed until 10:00am
[2026-05-11 06:00:03] RIMAC Fitness Gym: 0% (Not Busy) people=1 capacity=150 is_open=True hour_summary=open
[2026-05-11 06:00:03] Triton Esports Center: 0% (Closed) people=0 capacity=35 is_open=False hour_summary=Closed until 7:30am
[2026-05-11 06:00:03] === SCRAPE END OK ===
[2026-05-11 06:15:02] === SCRAPE START ===
[2026-05-11 06:15:02] Fetching https://waitz.io/live/ucsd-rec
[2026-05-11 06:15:03] Saved 4 rows to ucsd_occupancy_history.csv
[2026-05-11 06:15:03] Main Gym Fitness Gym: 2% (Not Busy) people=2 capacity=72 is_open=True hour_summary=open
[2026-05-11 06:15:03] Outback Climbing Center: 0% (Closed) people=0 capacity=30 is_open=False hour_summary=Closed until 10:00am
[2026-05-11 06:15:03] RIMAC Fitness Gym: 7% (Not Busy) people=10 capacity=150 is_open=True hour_summary=open
[2026-05-11 06:15:03] Triton Esports Center: 0% (Closed) people=0 capacity=35 is_open=False hour_summary=Closed until 7:30am
[2026-05-11 06:15:03] === SCRAPE END OK ===
[2026-05-11 06:30:02] === SCRAPE START ===
[2026-05-11 06:30:02] Fetching https://waitz.io/live/ucsd-rec
[2026-05-11 06:30:03] Saved 4 rows to ucsd_occupancy_history.csv
[2026-05-11 06:30:03] Main Gym Fitness Gym: 16% (Not Busy) people=11 capacity=72 is_open=True hour_summary=open
[2026-05-11 06:30:03] Outback Climbing Center: 0% (Closed) people=0 capacity=30 is_open=False hour_summary=Closed until 10:00am
[2026-05-11 06:30:03] RIMAC Fitness Gym: 19% (Not Busy) people=28 capacity=150 is_open=True hour_summary=open
[2026-05-11 06:30:03] Triton Esports Center: 0% (Closed) people=0 capacity=35 is_open=False hour_summary=Closed until 7:30am
[2026-05-11 06:30:03] === SCRAPE END OK ===
[2026-05-11 06:45:02] === SCRAPE START ===
[2026-05-11 06:45:02] Fetching https://waitz.io/live/ucsd-rec
[2026-05-11 06:45:03] Saved 4 rows to ucsd_occupancy_history.csv
[2026-05-11 06:45:03] Main Gym Fitness Gym: 4% (Not Busy) people=3 capacity=72 is_open=True hour_summary=open
[2026-05-11 06:45:03] Outback Climbing Center: 0% (Closed) people=0 capacity=30 is_open=False hour_summary=Closed until 10:00am
[2026-05-11 06:45:03] RIMAC Fitness Gym: 31% (Not Busy) people=46 capacity=150 is_open=True hour_summary=open
[2026-05-11 06:45:03] Triton Esports Center: 0% (Closed) people=0 capacity=35 is_open=False hour_summary=Closed until 7:30am
[2026-05-11 06:45:03] === SCRAPE END OK ===
[2026-05-11 07:00:02] === SCRAPE START ===
[2026-05-11 07:00:02] Fetching https://waitz.io/live/ucsd-rec
[2026-05-11 07:00:04] Saved 4 rows to ucsd_occupancy_history.csv
[2026-05-11 07:00:04] Main Gym Fitness Gym: 1% (Not Busy) people=1 capacity=72 is_open=True hour_summary=open
[2026-05-11 07:00:04] Outback Climbing Center: 3% (Closed) people=1 capacity=30 is_open=False hour_summary=Closed until 10:00am
[2026-05-11 07:00:04] RIMAC Fitness Gym: 22% (Not Busy) people=33 capacity=150 is_open=True hour_summary=open
[2026-05-11 07:00:04] Triton Esports Center: 0% (Closed) people=0 capacity=35 is_open=False hour_summary=Closed until 7:30am
[2026-05-11 07:00:04] === SCRAPE END OK ===
[2026-05-11 07:15:02] === SCRAPE START ===
[2026-05-11 07:15:02] Fetching https://waitz.io/live/ucsd-rec
[2026-05-11 07:15:03] Saved 4 rows to ucsd_occupancy_history.csv
[2026-05-11 07:15:03] Main Gym Fitness Gym: 4% (Not Busy) people=3 capacity=72 is_open=True hour_summary=open
[2026-05-11 07:15:03] Outback Climbing Center: 3% (Closed) people=1 capacity=30 is_open=False hour_summary=Closed until 10:00am
[2026-05-11 07:15:03] RIMAC Fitness Gym: 25% (Not Busy) people=37 capacity=150 is_open=True hour_summary=open
[2026-05-11 07:15:03] Triton Esports Center: 0% (Closed) people=0 capacity=35 is_open=False hour_summary=Closed until 7:30am
[2026-05-11 07:15:03] === SCRAPE END OK ===
[2026-05-11 07:30:02] === SCRAPE START ===
[2026-05-11 07:30:02] Fetching https://waitz.io/live/ucsd-rec
[2026-05-11 07:30:03] Saved 4 rows to ucsd_occupancy_history.csv
[2026-05-11 07:30:03] Main Gym Fitness Gym: 1% (Not Busy) people=1 capacity=72 is_open=True hour_summary=open
[2026-05-11 07:30:03] Outback Climbing Center: 1% (Closed) people=0 capacity=30 is_open=False hour_summary=Closed until 10:00am
[2026-05-11 07:30:03] RIMAC Fitness Gym: 32% (Not Busy) people=48 capacity=150 is_open=True hour_summary=open
[2026-05-11 07:30:03] Triton Esports Center: 0% (Not Busy) people=0 capacity=35 is_open=True hour_summary=open
[2026-05-11 07:30:03] === SCRAPE END OK ===
[2026-05-11 07:45:02] === SCRAPE START ===
[2026-05-11 07:45:02] Fetching https://waitz.io/live/ucsd-rec
[2026-05-11 07:45:03] Saved 4 rows to ucsd_occupancy_history.csv
[2026-05-11 07:45:03] Main Gym Fitness Gym: 17% (Not Busy) people=12 capacity=72 is_open=True hour_summary=open
[2026-05-11 07:45:03] Outback Climbing Center: 0% (Closed) people=0 capacity=30 is_open=False hour_summary=Closed until 10:00am
[2026-05-11 07:45:03] RIMAC Fitness Gym: 27% (Not Busy) people=41 capacity=150 is_open=True hour_summary=open
[2026-05-11 07:45:03] Triton Esports Center: 0% (Not Busy) people=0 capacity=35 is_open=True hour_summary=open
[2026-05-11 07:45:03] === SCRAPE END OK ===
[2026-05-11 08:00:02] === SCRAPE START ===
[2026-05-11 08:00:02] Fetching https://waitz.io/live/ucsd-rec
[2026-05-11 08:00:04] Saved 4 rows to ucsd_occupancy_history.csv
[2026-05-11 08:00:04] Main Gym Fitness Gym: 31% (Not Busy) people=22 capacity=72 is_open=True hour_summary=open
[2026-05-11 08:00:04] Outback Climbing Center: 0% (Closed) people=0 capacity=30 is_open=False hour_summary=Closed until 10:00am
[2026-05-11 08:00:04] RIMAC Fitness Gym: 30% (Not Busy) people=45 capacity=150 is_open=True hour_summary=open
[2026-05-11 08:00:04] Triton Esports Center: 0% (Not Busy) people=0 capacity=35 is_open=True hour_summary=open
[2026-05-11 08:00:04] === SCRAPE END OK ===
[2026-05-11 08:15:02] === SCRAPE START ===
[2026-05-11 08:15:02] Fetching https://waitz.io/live/ucsd-rec
[2026-05-11 08:15:03] Saved 4 rows to ucsd_occupancy_history.csv
[2026-05-11 08:15:03] Main Gym Fitness Gym: 18% (Not Busy) people=13 capacity=72 is_open=True hour_summary=open
[2026-05-11 08:15:03] Outback Climbing Center: 0% (Closed) people=0 capacity=30 is_open=False hour_summary=Closed until 10:00am
[2026-05-11 08:15:03] RIMAC Fitness Gym: 30% (Not Busy) people=45 capacity=150 is_open=True hour_summary=open
[2026-05-11 08:15:03] Triton Esports Center: 0% (Not Busy) people=0 capacity=35 is_open=True hour_summary=open
[2026-05-11 08:15:03] === SCRAPE END OK ===
[2026-05-11 08:30:02] === SCRAPE START ===
[2026-05-11 08:30:02] Fetching https://waitz.io/live/ucsd-rec
[2026-05-11 08:30:03] Saved 4 rows to ucsd_occupancy_history.csv
[2026-05-11 08:30:03] Main Gym Fitness Gym: 21% (Not Busy) people=15 capacity=72 is_open=True hour_summary=open
[2026-05-11 08:30:03] Outback Climbing Center: 0% (Closed) people=0 capacity=30 is_open=False hour_summary=Closed until 10:00am
[2026-05-11 08:30:03] RIMAC Fitness Gym: 23% (Not Busy) people=34 capacity=150 is_open=True hour_summary=open
[2026-05-11 08:30:03] Triton Esports Center: 0% (Not Busy) people=0 capacity=35 is_open=True hour_summary=open
[2026-05-11 08:30:03] === SCRAPE END OK ===
[2026-05-11 08:45:02] === SCRAPE START ===
[2026-05-11 08:45:02] Fetching https://waitz.io/live/ucsd-rec
[2026-05-11 08:45:03] Saved 4 rows to ucsd_occupancy_history.csv
[2026-05-11 08:45:03] Main Gym Fitness Gym: 27% (Not Busy) people=19 capacity=72 is_open=True hour_summary=open
[2026-05-11 08:45:03] Outback Climbing Center: 2% (Closed) people=1 capacity=30 is_open=False hour_summary=Closed until 10:00am
[2026-05-11 08:45:03] RIMAC Fitness Gym: 29% (Not Busy) people=43 capacity=150 is_open=True hour_summary=open
[2026-05-11 08:45:03] Triton Esports Center: 0% (Not Busy) people=0 capacity=35 is_open=True hour_summary=open
[2026-05-11 08:45:03] === SCRAPE END OK ===
[2026-05-11 09:00:02] === SCRAPE START ===
[2026-05-11 09:00:02] Fetching https://waitz.io/live/ucsd-rec
[2026-05-11 09:00:04] Saved 4 rows to ucsd_occupancy_history.csv
[2026-05-11 09:00:04] Main Gym Fitness Gym: 25% (Not Busy) people=18 capacity=72 is_open=True hour_summary=open
[2026-05-11 09:00:04] Outback Climbing Center: 0% (Closed) people=0 capacity=30 is_open=False hour_summary=Closed until 10:00am
[2026-05-11 09:00:04] RIMAC Fitness Gym: 27% (Not Busy) people=41 capacity=150 is_open=True hour_summary=open
[2026-05-11 09:00:04] Triton Esports Center: 2% (Not Busy) people=1 capacity=35 is_open=True hour_summary=open
[2026-05-11 09:00:04] === SCRAPE END OK ===
[2026-05-11 09:15:02] === SCRAPE START ===
[2026-05-11 09:15:02] Fetching https://waitz.io/live/ucsd-rec
[2026-05-11 09:15:03] Saved 4 rows to ucsd_occupancy_history.csv
[2026-05-11 09:15:03] Main Gym Fitness Gym: 30% (Not Busy) people=21 capacity=72 is_open=True hour_summary=open
[2026-05-11 09:15:03] Outback Climbing Center: 2% (Closed) people=1 capacity=30 is_open=False hour_summary=Closed until 10:00am
[2026-05-11 09:15:03] RIMAC Fitness Gym: 38% (Not Busy) people=57 capacity=150 is_open=True hour_summary=open
[2026-05-11 09:15:03] Triton Esports Center: 8% (Not Busy) people=3 capacity=35 is_open=True hour_summary=open
[2026-05-11 09:15:03] === SCRAPE END OK ===
[2026-05-11 09:30:02] === SCRAPE START ===
[2026-05-11 09:30:02] Fetching https://waitz.io/live/ucsd-rec
[2026-05-11 09:30:03] Saved 4 rows to ucsd_occupancy_history.csv
[2026-05-11 09:30:03] Main Gym Fitness Gym: 5% (Not Busy) people=3 capacity=72 is_open=True hour_summary=open
[2026-05-11 09:30:03] Outback Climbing Center: 1% (Closed) people=0 capacity=30 is_open=False hour_summary=Closed until 10:00am
[2026-05-11 09:30:03] RIMAC Fitness Gym: 35% (Not Busy) people=52 capacity=150 is_open=True hour_summary=open
[2026-05-11 09:30:03] Triton Esports Center: 18% (Not Busy) people=6 capacity=35 is_open=True hour_summary=open
[2026-05-11 09:30:03] === SCRAPE END OK ===
[2026-05-11 09:45:02] === SCRAPE START ===
[2026-05-11 09:45:02] Fetching https://waitz.io/live/ucsd-rec
[2026-05-11 09:45:03] Saved 4 rows to ucsd_occupancy_history.csv
[2026-05-11 09:45:03] Main Gym Fitness Gym: 7% (Not Busy) people=5 capacity=72 is_open=True hour_summary=open
[2026-05-11 09:45:03] Outback Climbing Center: 3% (Closed) people=1 capacity=30 is_open=False hour_summary=Closed until 10:00am
[2026-05-11 09:45:03] RIMAC Fitness Gym: 40% (Not Busy) people=61 capacity=150 is_open=True hour_summary=open
[2026-05-11 09:45:03] Triton Esports Center: 3% (Not Busy) people=1 capacity=35 is_open=True hour_summary=open
[2026-05-11 09:45:03] === SCRAPE END OK ===
[2026-05-11 10:00:02] === SCRAPE START ===
[2026-05-11 10:00:02] Fetching https://waitz.io/live/ucsd-rec
[2026-05-11 10:00:03] Saved 4 rows to ucsd_occupancy_history.csv
[2026-05-11 10:00:03] Main Gym Fitness Gym: 25% (Not Busy) people=18 capacity=72 is_open=True hour_summary=open
[2026-05-11 10:00:03] Outback Climbing Center: 0% (Not Busy) people=0 capacity=30 is_open=True hour_summary=open
[2026-05-11 10:00:03] RIMAC Fitness Gym: 45% (Not Busy) people=68 capacity=150 is_open=True hour_summary=open
[2026-05-11 10:00:03] Triton Esports Center: 18% (Not Busy) people=6 capacity=35 is_open=True hour_summary=open
[2026-05-11 10:00:03] === SCRAPE END OK ===
