[2026-06-16 00:00:01] === SCRAPE START ===
[2026-06-16 00:00:01] Fetching https://waitz.io/live/ucsd-rec
[2026-06-16 00:00:03] Saved 4 rows to ucsd_occupancy_history.csv
[2026-06-16 00:00:03] Main Gym Fitness Gym: 1% (Closed) people=1 capacity=72 is_open=False hour_summary=Closed until 6:00am
[2026-06-16 00:00:03] Outback Climbing Center: 7% (Closed) people=2 capacity=30 is_open=False hour_summary=Closed until 10:00am
[2026-06-16 00:00:03] RIMAC Fitness Gym: 0% (Closed) people=0 capacity=150 is_open=False hour_summary=Closed until 6:00am
[2026-06-16 00:00:03] Triton Esports Center: 0% (Closed) people=0 capacity=35 is_open=False hour_summary=Closed until 7:30am
[2026-06-16 00:00:03] === SCRAPE END OK ===
[2026-06-16 00:12:55] === SCRAPE START ===
[2026-06-16 00:12:55] Fetching https://waitz.io/live/ucsd-rec
[2026-06-16 00:12:55] Saved 4 rows to ucsd_occupancy_history.csv
[2026-06-16 00:12:55] Main Gym Fitness Gym: 1% (Closed) people=0 capacity=72 is_open=False hour_summary=Closed until 6:00am
[2026-06-16 00:12:55] Outback Climbing Center: 4% (Closed) people=1 capacity=30 is_open=False hour_summary=Closed until 10:00am
[2026-06-16 00:12:55] RIMAC Fitness Gym: 0% (Closed) people=0 capacity=150 is_open=False hour_summary=Closed until 6:00am
[2026-06-16 00:12:55] Triton Esports Center: 0% (Closed) people=0 capacity=35 is_open=False hour_summary=Closed until 7:30am
[2026-06-16 00:12:55] === SCRAPE END OK ===
[2026-06-16 00:15:02] === SCRAPE START ===
[2026-06-16 00:15:02] Fetching https://waitz.io/live/ucsd-rec
[2026-06-16 00:15:03] Saved 4 rows to ucsd_occupancy_history.csv
[2026-06-16 00:15:03] Main Gym Fitness Gym: 1% (Closed) people=0 capacity=72 is_open=False hour_summary=Closed until 6:00am
[2026-06-16 00:15:03] Outback Climbing Center: 3% (Closed) people=1 capacity=30 is_open=False hour_summary=Closed until 10:00am
[2026-06-16 00:15:03] RIMAC Fitness Gym: 0% (Closed) people=0 capacity=150 is_open=False hour_summary=Closed until 6:00am
[2026-06-16 00:15:03] Triton Esports Center: 0% (Closed) people=0 capacity=35 is_open=False hour_summary=Closed until 7:30am
[2026-06-16 00:15:03] === SCRAPE END OK ===
[2026-06-16 00:27:54] === SCRAPE START ===
[2026-06-16 00:27:54] Fetching https://waitz.io/live/ucsd-rec
[2026-06-16 00:27:55] Saved 4 rows to ucsd_occupancy_history.csv
[2026-06-16 00:27:55] Main Gym Fitness Gym: 1% (Closed) people=0 capacity=72 is_open=False hour_summary=Closed until 6:00am
[2026-06-16 00:27:55] Outback Climbing Center: 5% (Closed) people=2 capacity=30 is_open=False hour_summary=Closed until 10:00am
[2026-06-16 00:27:55] RIMAC Fitness Gym: 0% (Closed) people=0 capacity=150 is_open=False hour_summary=Closed until 6:00am
[2026-06-16 00:27:55] Triton Esports Center: 0% (Closed) people=0 capacity=35 is_open=False hour_summary=Closed until 7:30am
[2026-06-16 00:27:55] === SCRAPE END OK ===
[2026-06-16 00:30:02] === SCRAPE START ===
[2026-06-16 00:30:02] Fetching https://waitz.io/live/ucsd-rec
[2026-06-16 00:30:04] Saved 4 rows to ucsd_occupancy_history.csv
[2026-06-16 00:30:04] Main Gym Fitness Gym: 0% (Closed) people=0 capacity=72 is_open=False hour_summary=Closed until 6:00am
[2026-06-16 00:30:04] Outback Climbing Center: 6% (Closed) people=2 capacity=30 is_open=False hour_summary=Closed until 10:00am
[2026-06-16 00:30:04] RIMAC Fitness Gym: 0% (Closed) people=0 capacity=150 is_open=False hour_summary=Closed until 6:00am
[2026-06-16 00:30:04] Triton Esports Center: 0% (Closed) people=0 capacity=35 is_open=False hour_summary=Closed until 7:30am
[2026-06-16 00:30:04] === SCRAPE END OK ===
[2026-06-16 00:42:54] === SCRAPE START ===
[2026-06-16 00:42:54] Fetching https://waitz.io/live/ucsd-rec
[2026-06-16 00:42:55] Saved 4 rows to ucsd_occupancy_history.csv
[2026-06-16 00:42:55] Main Gym Fitness Gym: 1% (Closed) people=1 capacity=72 is_open=False hour_summary=Closed until 6:00am
[2026-06-16 00:42:55] Outback Climbing Center: 4% (Closed) people=1 capacity=30 is_open=False hour_summary=Closed until 10:00am
[2026-06-16 00:42:55] RIMAC Fitness Gym: 0% (Closed) people=0 capacity=150 is_open=False hour_summary=Closed until 6:00am
[2026-06-16 00:42:55] Triton Esports Center: 0% (Closed) people=0 capacity=35 is_open=False hour_summary=Closed until 7:30am
[2026-06-16 00:42:55] === SCRAPE END OK ===
[2026-06-16 00:45:02] === SCRAPE START ===
[2026-06-16 00:45:02] Fetching https://waitz.io/live/ucsd-rec
[2026-06-16 00:45:03] Saved 4 rows to ucsd_occupancy_history.csv
[2026-06-16 00:45:03] Main Gym Fitness Gym: 1% (Closed) people=0 capacity=72 is_open=False hour_summary=Closed until 6:00am
[2026-06-16 00:45:03] Outback Climbing Center: 4% (Closed) people=1 capacity=30 is_open=False hour_summary=Closed until 10:00am
[2026-06-16 00:45:03] RIMAC Fitness Gym: 0% (Closed) people=0 capacity=150 is_open=False hour_summary=Closed until 6:00am
[2026-06-16 00:45:03] Triton Esports Center: 0% (Closed) people=0 capacity=35 is_open=False hour_summary=Closed until 7:30am
[2026-06-16 00:45:03] === SCRAPE END OK ===
[2026-06-16 00:57:54] === SCRAPE START ===
[2026-06-16 00:57:54] Fetching https://waitz.io/live/ucsd-rec
[2026-06-16 00:57:55] Saved 4 rows to ucsd_occupancy_history.csv
[2026-06-16 00:57:55] Main Gym Fitness Gym: 1% (Closed) people=0 capacity=72 is_open=False hour_summary=Closed until 6:00am
[2026-06-16 00:57:55] Outback Climbing Center: 4% (Closed) people=1 capacity=30 is_open=False hour_summary=Closed until 10:00am
[2026-06-16 00:57:55] RIMAC Fitness Gym: 0% (Closed) people=0 capacity=150 is_open=False hour_summary=Closed until 6:00am
[2026-06-16 00:57:55] Triton Esports Center: 0% (Closed) people=0 capacity=35 is_open=False hour_summary=Closed until 7:30am
[2026-06-16 00:57:55] === SCRAPE END OK ===
[2026-06-16 01:00:02] === SCRAPE START ===
[2026-06-16 01:00:02] Fetching https://waitz.io/live/ucsd-rec
[2026-06-16 01:00:04] Saved 4 rows to ucsd_occupancy_history.csv
[2026-06-16 01:00:04] Main Gym Fitness Gym: 1% (Closed) people=1 capacity=72 is_open=False hour_summary=Closed until 6:00am
[2026-06-16 01:00:04] Outback Climbing Center: 6% (Closed) people=2 capacity=30 is_open=False hour_summary=Closed until 10:00am
[2026-06-16 01:00:04] RIMAC Fitness Gym: 0% (Closed) people=0 capacity=150 is_open=False hour_summary=Closed until 6:00am
[2026-06-16 01:00:04] Triton Esports Center: 0% (Closed) people=0 capacity=35 is_open=False hour_summary=Closed until 7:30am
[2026-06-16 01:00:04] === SCRAPE END OK ===
[2026-06-16 01:12:54] === SCRAPE START ===
[2026-06-16 01:12:54] Fetching https://waitz.io/live/ucsd-rec
[2026-06-16 01:12:55] Saved 4 rows to ucsd_occupancy_history.csv
[2026-06-16 01:12:55] Main Gym Fitness Gym: 1% (Closed) people=0 capacity=72 is_open=False hour_summary=Closed until 6:00am
[2026-06-16 01:12:55] Outback Climbing Center: 7% (Closed) people=2 capacity=30 is_open=False hour_summary=Closed until 10:00am
[2026-06-16 01:12:55] RIMAC Fitness Gym: 1% (Closed) people=1 capacity=150 is_open=False hour_summary=Closed until 6:00am
[2026-06-16 01:12:55] Triton Esports Center: 0% (Closed) people=0 capacity=35 is_open=False hour_summary=Closed until 7:30am
[2026-06-16 01:12:55] === SCRAPE END OK ===
[2026-06-16 01:15:02] === SCRAPE START ===
[2026-06-16 01:15:02] Fetching https://waitz.io/live/ucsd-rec
[2026-06-16 01:15:03] Saved 4 rows to ucsd_occupancy_history.csv
[2026-06-16 01:15:03] Main Gym Fitness Gym: 1% (Closed) people=1 capacity=72 is_open=False hour_summary=Closed until 6:00am
[2026-06-16 01:15:03] Outback Climbing Center: 7% (Closed) people=2 capacity=30 is_open=False hour_summary=Closed until 10:00am
[2026-06-16 01:15:03] RIMAC Fitness Gym: 0% (Closed) people=1 capacity=150 is_open=False hour_summary=Closed until 6:00am
[2026-06-16 01:15:03] Triton Esports Center: 0% (Closed) people=0 capacity=35 is_open=False hour_summary=Closed until 7:30am
[2026-06-16 01:15:03] === SCRAPE END OK ===
[2026-06-16 01:27:54] === SCRAPE START ===
[2026-06-16 01:27:54] Fetching https://waitz.io/live/ucsd-rec
[2026-06-16 01:27:55] Saved 4 rows to ucsd_occupancy_history.csv
[2026-06-16 01:27:55] Main Gym Fitness Gym: 2% (Closed) people=1 capacity=72 is_open=False hour_summary=Closed until 6:00am
[2026-06-16 01:27:55] Outback Climbing Center: 4% (Closed) people=1 capacity=30 is_open=False hour_summary=Closed until 10:00am
[2026-06-16 01:27:55] RIMAC Fitness Gym: 1% (Closed) people=1 capacity=150 is_open=False hour_summary=Closed until 6:00am
[2026-06-16 01:27:55] Triton Esports Center: 0% (Closed) people=0 capacity=35 is_open=False hour_summary=Closed until 7:30am
[2026-06-16 01:27:55] === SCRAPE END OK ===
[2026-06-16 01:30:02] === SCRAPE START ===
[2026-06-16 01:30:02] Fetching https://waitz.io/live/ucsd-rec
[2026-06-16 01:30:04] Saved 4 rows to ucsd_occupancy_history.csv
[2026-06-16 01:30:04] Main Gym Fitness Gym: 1% (Closed) people=1 capacity=72 is_open=False hour_summary=Closed until 6:00am
[2026-06-16 01:30:04] Outback Climbing Center: 4% (Closed) people=1 capacity=30 is_open=False hour_summary=Closed until 10:00am
[2026-06-16 01:30:04] RIMAC Fitness Gym: 1% (Closed) people=1 capacity=150 is_open=False hour_summary=Closed until 6:00am
[2026-06-16 01:30:04] Triton Esports Center: 0% (Closed) people=0 capacity=35 is_open=False hour_summary=Closed until 7:30am
[2026-06-16 01:30:04] === SCRAPE END OK ===
[2026-06-16 01:42:54] === SCRAPE START ===
[2026-06-16 01:42:54] Fetching https://waitz.io/live/ucsd-rec
[2026-06-16 01:42:57] Saved 4 rows to ucsd_occupancy_history.csv
[2026-06-16 01:42:57] Main Gym Fitness Gym: 3% (Closed) people=2 capacity=72 is_open=False hour_summary=Closed until 6:00am
[2026-06-16 01:42:57] Outback Climbing Center: 4% (Closed) people=1 capacity=30 is_open=False hour_summary=Closed until 10:00am
[2026-06-16 01:42:57] RIMAC Fitness Gym: 1% (Closed) people=1 capacity=150 is_open=False hour_summary=Closed until 6:00am
[2026-06-16 01:42:57] Triton Esports Center: 0% (Closed) people=0 capacity=35 is_open=False hour_summary=Closed until 7:30am
[2026-06-16 01:42:57] === SCRAPE END OK ===
[2026-06-16 01:45:02] === SCRAPE START ===
[2026-06-16 01:45:02] Fetching https://waitz.io/live/ucsd-rec
[2026-06-16 01:45:03] Saved 4 rows to ucsd_occupancy_history.csv
[2026-06-16 01:45:03] Main Gym Fitness Gym: 3% (Closed) people=2 capacity=72 is_open=False hour_summary=Closed until 6:00am
[2026-06-16 01:45:03] Outback Climbing Center: 4% (Closed) people=1 capacity=30 is_open=False hour_summary=Closed until 10:00am
[2026-06-16 01:45:03] RIMAC Fitness Gym: 1% (Closed) people=1 capacity=150 is_open=False hour_summary=Closed until 6:00am
[2026-06-16 01:45:03] Triton Esports Center: 0% (Closed) people=0 capacity=35 is_open=False hour_summary=Closed until 7:30am
[2026-06-16 01:45:03] === SCRAPE END OK ===
[2026-06-16 01:57:54] === SCRAPE START ===
[2026-06-16 01:57:54] Fetching https://waitz.io/live/ucsd-rec
[2026-06-16 01:57:55] Saved 4 rows to ucsd_occupancy_history.csv
[2026-06-16 01:57:55] Main Gym Fitness Gym: 2% (Closed) people=2 capacity=72 is_open=False hour_summary=Closed until 6:00am
[2026-06-16 01:57:55] Outback Climbing Center: 5% (Closed) people=2 capacity=30 is_open=False hour_summary=Closed until 10:00am
[2026-06-16 01:57:55] RIMAC Fitness Gym: 1% (Closed) people=1 capacity=150 is_open=False hour_summary=Closed until 6:00am
[2026-06-16 01:57:55] Triton Esports Center: 0% (Closed) people=0 capacity=35 is_open=False hour_summary=Closed until 7:30am
[2026-06-16 01:57:55] === SCRAPE END OK ===
[2026-06-16 02:00:02] === SCRAPE START ===
[2026-06-16 02:00:02] Fetching https://waitz.io/live/ucsd-rec
[2026-06-16 02:00:03] Saved 4 rows to ucsd_occupancy_history.csv
[2026-06-16 02:00:03] Main Gym Fitness Gym: 2% (Closed) people=2 capacity=72 is_open=False hour_summary=Closed until 6:00am
[2026-06-16 02:00:03] Outback Climbing Center: 4% (Closed) people=1 capacity=30 is_open=False hour_summary=Closed until 10:00am
[2026-06-16 02:00:03] RIMAC Fitness Gym: 1% (Closed) people=1 capacity=150 is_open=False hour_summary=Closed until 6:00am
[2026-06-16 02:00:03] Triton Esports Center: 0% (Closed) people=0 capacity=35 is_open=False hour_summary=Closed until 7:30am
[2026-06-16 02:00:03] === SCRAPE END OK ===
[2026-06-16 02:12:54] === SCRAPE START ===
[2026-06-16 02:12:54] Fetching https://waitz.io/live/ucsd-rec
[2026-06-16 02:12:55] Saved 4 rows to ucsd_occupancy_history.csv
[2026-06-16 02:12:55] Main Gym Fitness Gym: 2% (Closed) people=1 capacity=72 is_open=False hour_summary=Closed until 6:00am
[2026-06-16 02:12:55] Outback Climbing Center: 7% (Closed) people=2 capacity=30 is_open=False hour_summary=Closed until 10:00am
[2026-06-16 02:12:55] RIMAC Fitness Gym: 0% (Closed) people=1 capacity=150 is_open=False hour_summary=Closed until 6:00am
[2026-06-16 02:12:55] Triton Esports Center: 0% (Closed) people=0 capacity=35 is_open=False hour_summary=Closed until 7:30am
[2026-06-16 02:12:55] === SCRAPE END OK ===
[2026-06-16 02:15:02] === SCRAPE START ===
[2026-06-16 02:15:02] Fetching https://waitz.io/live/ucsd-rec
[2026-06-16 02:15:03] Saved 4 rows to ucsd_occupancy_history.csv
[2026-06-16 02:15:03] Main Gym Fitness Gym: 2% (Closed) people=1 capacity=72 is_open=False hour_summary=Closed until 6:00am
[2026-06-16 02:15:03] Outback Climbing Center: 10% (Closed) people=3 capacity=30 is_open=False hour_summary=Closed until 10:00am
[2026-06-16 02:15:03] RIMAC Fitness Gym: 0% (Closed) people=1 capacity=150 is_open=False hour_summary=Closed until 6:00am
[2026-06-16 02:15:03] Triton Esports Center: 0% (Closed) people=0 capacity=35 is_open=False hour_summary=Closed until 7:30am
[2026-06-16 02:15:03] === SCRAPE END OK ===
[2026-06-16 02:27:54] === SCRAPE START ===
[2026-06-16 02:27:54] Fetching https://waitz.io/live/ucsd-rec
[2026-06-16 02:27:55] Saved 4 rows to ucsd_occupancy_history.csv
[2026-06-16 02:27:55] Main Gym Fitness Gym: 2% (Closed) people=1 capacity=72 is_open=False hour_summary=Closed until 6:00am
[2026-06-16 02:27:55] Outback Climbing Center: 4% (Closed) people=1 capacity=30 is_open=False hour_summary=Closed until 10:00am
[2026-06-16 02:27:55] RIMAC Fitness Gym: 1% (Closed) people=1 capacity=150 is_open=False hour_summary=Closed until 6:00am
[2026-06-16 02:27:55] Triton Esports Center: 0% (Closed) people=0 capacity=35 is_open=False hour_summary=Closed until 7:30am
[2026-06-16 02:27:55] === SCRAPE END OK ===
[2026-06-16 02:30:02] === SCRAPE START ===
[2026-06-16 02:30:02] Fetching https://waitz.io/live/ucsd-rec
[2026-06-16 02:30:03] Saved 4 rows to ucsd_occupancy_history.csv
[2026-06-16 02:30:03] Main Gym Fitness Gym: 1% (Closed) people=1 capacity=72 is_open=False hour_summary=Closed until 6:00am
[2026-06-16 02:30:03] Outback Climbing Center: 4% (Closed) people=1 capacity=30 is_open=False hour_summary=Closed until 10:00am
[2026-06-16 02:30:03] RIMAC Fitness Gym: 1% (Closed) people=1 capacity=150 is_open=False hour_summary=Closed until 6:00am
[2026-06-16 02:30:03] Triton Esports Center: 0% (Closed) people=0 capacity=35 is_open=False hour_summary=Closed until 7:30am
[2026-06-16 02:30:03] === SCRAPE END OK ===
[2026-06-16 02:42:54] === SCRAPE START ===
[2026-06-16 02:42:54] Fetching https://waitz.io/live/ucsd-rec
[2026-06-16 02:42:55] Saved 4 rows to ucsd_occupancy_history.csv
[2026-06-16 02:42:55] Main Gym Fitness Gym: 1% (Closed) people=1 capacity=72 is_open=False hour_summary=Closed until 6:00am
[2026-06-16 02:42:55] Outback Climbing Center: 4% (Closed) people=1 capacity=30 is_open=False hour_summary=Closed until 10:00am
[2026-06-16 02:42:55] RIMAC Fitness Gym: 0% (Closed) people=1 capacity=150 is_open=False hour_summary=Closed until 6:00am
[2026-06-16 02:42:55] Triton Esports Center: 0% (Closed) people=0 capacity=35 is_open=False hour_summary=Closed until 7:30am
[2026-06-16 02:42:55] === SCRAPE END OK ===
[2026-06-16 02:45:02] === SCRAPE START ===
[2026-06-16 02:45:02] Fetching https://waitz.io/live/ucsd-rec
[2026-06-16 02:45:03] Saved 4 rows to ucsd_occupancy_history.csv
[2026-06-16 02:45:03] Main Gym Fitness Gym: 1% (Closed) people=1 capacity=72 is_open=False hour_summary=Closed until 6:00am
[2026-06-16 02:45:03] Outback Climbing Center: 4% (Closed) people=1 capacity=30 is_open=False hour_summary=Closed until 10:00am
[2026-06-16 02:45:03] RIMAC Fitness Gym: 1% (Closed) people=1 capacity=150 is_open=False hour_summary=Closed until 6:00am
[2026-06-16 02:45:03] Triton Esports Center: 0% (Closed) people=0 capacity=35 is_open=False hour_summary=Closed until 7:30am
[2026-06-16 02:45:03] === SCRAPE END OK ===
[2026-06-16 02:57:54] === SCRAPE START ===
[2026-06-16 02:57:54] Fetching https://waitz.io/live/ucsd-rec
[2026-06-16 02:57:55] Saved 4 rows to ucsd_occupancy_history.csv
[2026-06-16 02:57:55] Main Gym Fitness Gym: 2% (Closed) people=1 capacity=72 is_open=False hour_summary=Closed until 6:00am
[2026-06-16 02:57:55] Outback Climbing Center: 7% (Closed) people=2 capacity=30 is_open=False hour_summary=Closed until 10:00am
[2026-06-16 02:57:55] RIMAC Fitness Gym: 0% (Closed) people=1 capacity=150 is_open=False hour_summary=Closed until 6:00am
[2026-06-16 02:57:55] Triton Esports Center: 0% (Closed) people=0 capacity=35 is_open=False hour_summary=Closed until 7:30am
[2026-06-16 02:57:55] === SCRAPE END OK ===
[2026-06-16 03:00:02] === SCRAPE START ===
[2026-06-16 03:00:02] Fetching https://waitz.io/live/ucsd-rec
[2026-06-16 03:00:03] Saved 4 rows to ucsd_occupancy_history.csv
[2026-06-16 03:00:03] Main Gym Fitness Gym: 2% (Closed) people=1 capacity=72 is_open=False hour_summary=Closed until 6:00am
[2026-06-16 03:00:03] Outback Climbing Center: 7% (Closed) people=2 capacity=30 is_open=False hour_summary=Closed until 10:00am
[2026-06-16 03:00:03] RIMAC Fitness Gym: 1% (Closed) people=1 capacity=150 is_open=False hour_summary=Closed until 6:00am
[2026-06-16 03:00:03] Triton Esports Center: 0% (Closed) people=0 capacity=35 is_open=False hour_summary=Closed until 7:30am
[2026-06-16 03:00:03] === SCRAPE END OK ===
[2026-06-16 03:12:54] === SCRAPE START ===
[2026-06-16 03:12:54] Fetching https://waitz.io/live/ucsd-rec
[2026-06-16 03:12:55] Saved 4 rows to ucsd_occupancy_history.csv
[2026-06-16 03:12:55] Main Gym Fitness Gym: 1% (Closed) people=1 capacity=72 is_open=False hour_summary=Closed until 6:00am
[2026-06-16 03:12:55] Outback Climbing Center: 6% (Closed) people=2 capacity=30 is_open=False hour_summary=Closed until 10:00am
[2026-06-16 03:12:55] RIMAC Fitness Gym: 0% (Closed) people=1 capacity=150 is_open=False hour_summary=Closed until 6:00am
[2026-06-16 03:12:55] Triton Esports Center: 0% (Closed) people=0 capacity=35 is_open=False hour_summary=Closed until 7:30am
[2026-06-16 03:12:55] === SCRAPE END OK ===
[2026-06-16 03:15:02] === SCRAPE START ===
[2026-06-16 03:15:02] Fetching https://waitz.io/live/ucsd-rec
[2026-06-16 03:15:03] Saved 4 rows to ucsd_occupancy_history.csv
[2026-06-16 03:15:03] Main Gym Fitness Gym: 2% (Closed) people=1 capacity=72 is_open=False hour_summary=Closed until 6:00am
[2026-06-16 03:15:03] Outback Climbing Center: 6% (Closed) people=2 capacity=30 is_open=False hour_summary=Closed until 10:00am
[2026-06-16 03:15:03] RIMAC Fitness Gym: 0% (Closed) people=0 capacity=150 is_open=False hour_summary=Closed until 6:00am
[2026-06-16 03:15:03] Triton Esports Center: 0% (Closed) people=0 capacity=35 is_open=False hour_summary=Closed until 7:30am
[2026-06-16 03:15:03] === SCRAPE END OK ===
[2026-06-16 03:27:54] === SCRAPE START ===
[2026-06-16 03:27:54] Fetching https://waitz.io/live/ucsd-rec
[2026-06-16 03:27:55] Saved 4 rows to ucsd_occupancy_history.csv
[2026-06-16 03:27:55] Main Gym Fitness Gym: 2% (Closed) people=1 capacity=72 is_open=False hour_summary=Closed until 6:00am
[2026-06-16 03:27:55] Outback Climbing Center: 2% (Closed) people=1 capacity=30 is_open=False hour_summary=Closed until 10:00am
[2026-06-16 03:27:55] RIMAC Fitness Gym: 1% (Closed) people=1 capacity=150 is_open=False hour_summary=Closed until 6:00am
[2026-06-16 03:27:55] Triton Esports Center: 0% (Closed) people=0 capacity=35 is_open=False hour_summary=Closed until 7:30am
[2026-06-16 03:27:55] === SCRAPE END OK ===
[2026-06-16 03:30:02] === SCRAPE START ===
[2026-06-16 03:30:02] Fetching https://waitz.io/live/ucsd-rec
[2026-06-16 03:30:03] Saved 4 rows to ucsd_occupancy_history.csv
[2026-06-16 03:30:03] Main Gym Fitness Gym: 2% (Closed) people=1 capacity=72 is_open=False hour_summary=Closed until 6:00am
[2026-06-16 03:30:03] Outback Climbing Center: 5% (Closed) people=1 capacity=30 is_open=False hour_summary=Closed until 10:00am
[2026-06-16 03:30:03] RIMAC Fitness Gym: 0% (Closed) people=0 capacity=150 is_open=False hour_summary=Closed until 6:00am
[2026-06-16 03:30:03] Triton Esports Center: 0% (Closed) people=0 capacity=35 is_open=False hour_summary=Closed until 7:30am
[2026-06-16 03:30:03] === SCRAPE END OK ===
[2026-06-16 03:42:54] === SCRAPE START ===
[2026-06-16 03:42:54] Fetching https://waitz.io/live/ucsd-rec
[2026-06-16 03:42:55] Saved 4 rows to ucsd_occupancy_history.csv
[2026-06-16 03:42:55] Main Gym Fitness Gym: 2% (Closed) people=1 capacity=72 is_open=False hour_summary=Closed until 6:00am
[2026-06-16 03:42:55] Outback Climbing Center: 6% (Closed) people=2 capacity=30 is_open=False hour_summary=Closed until 10:00am
[2026-06-16 03:42:55] RIMAC Fitness Gym: 0% (Closed) people=1 capacity=150 is_open=False hour_summary=Closed until 6:00am
[2026-06-16 03:42:55] Triton Esports Center: 0% (Closed) people=0 capacity=35 is_open=False hour_summary=Closed until 7:30am
[2026-06-16 03:42:55] === SCRAPE END OK ===
[2026-06-16 03:45:02] === SCRAPE START ===
[2026-06-16 03:45:02] Fetching https://waitz.io/live/ucsd-rec
[2026-06-16 03:45:03] Saved 4 rows to ucsd_occupancy_history.csv
[2026-06-16 03:45:03] Main Gym Fitness Gym: 2% (Closed) people=1 capacity=72 is_open=False hour_summary=Closed until 6:00am
[2026-06-16 03:45:03] Outback Climbing Center: 7% (Closed) people=2 capacity=30 is_open=False hour_summary=Closed until 10:00am
[2026-06-16 03:45:03] RIMAC Fitness Gym: 1% (Closed) people=1 capacity=150 is_open=False hour_summary=Closed until 6:00am
[2026-06-16 03:45:03] Triton Esports Center: 0% (Closed) people=0 capacity=35 is_open=False hour_summary=Closed until 7:30am
[2026-06-16 03:45:03] === SCRAPE END OK ===
[2026-06-16 03:57:54] === SCRAPE START ===
[2026-06-16 03:57:54] Fetching https://waitz.io/live/ucsd-rec
[2026-06-16 03:57:55] Saved 4 rows to ucsd_occupancy_history.csv
[2026-06-16 03:57:55] Main Gym Fitness Gym: 2% (Closed) people=1 capacity=72 is_open=False hour_summary=Closed until 6:00am
[2026-06-16 03:57:55] Outback Climbing Center: 4% (Closed) people=1 capacity=30 is_open=False hour_summary=Closed until 10:00am
[2026-06-16 03:57:55] RIMAC Fitness Gym: 1% (Closed) people=1 capacity=150 is_open=False hour_summary=Closed until 6:00am
[2026-06-16 03:57:55] Triton Esports Center: 0% (Closed) people=0 capacity=35 is_open=False hour_summary=Closed until 7:30am
[2026-06-16 03:57:55] === SCRAPE END OK ===
[2026-06-16 04:00:02] === SCRAPE START ===
[2026-06-16 04:00:02] Fetching https://waitz.io/live/ucsd-rec
[2026-06-16 04:00:04] Saved 4 rows to ucsd_occupancy_history.csv
[2026-06-16 04:00:04] Main Gym Fitness Gym: 2% (Closed) people=1 capacity=72 is_open=False hour_summary=Closed until 6:00am
[2026-06-16 04:00:04] Outback Climbing Center: 6% (Closed) people=2 capacity=30 is_open=False hour_summary=Closed until 10:00am
[2026-06-16 04:00:04] RIMAC Fitness Gym: 1% (Closed) people=1 capacity=150 is_open=False hour_summary=Closed until 6:00am
[2026-06-16 04:00:04] Triton Esports Center: 0% (Closed) people=0 capacity=35 is_open=False hour_summary=Closed until 7:30am
[2026-06-16 04:00:04] === SCRAPE END OK ===
[2026-06-16 04:12:54] === SCRAPE START ===
[2026-06-16 04:12:54] Fetching https://waitz.io/live/ucsd-rec
[2026-06-16 04:12:55] Saved 4 rows to ucsd_occupancy_history.csv
[2026-06-16 04:12:55] Main Gym Fitness Gym: 2% (Closed) people=1 capacity=72 is_open=False hour_summary=Closed until 6:00am
[2026-06-16 04:12:55] Outback Climbing Center: 5% (Closed) people=2 capacity=30 is_open=False hour_summary=Closed until 10:00am
[2026-06-16 04:12:55] RIMAC Fitness Gym: 1% (Closed) people=1 capacity=150 is_open=False hour_summary=Closed until 6:00am
[2026-06-16 04:12:55] Triton Esports Center: 0% (Closed) people=0 capacity=35 is_open=False hour_summary=Closed until 7:30am
[2026-06-16 04:12:55] === SCRAPE END OK ===
[2026-06-16 04:15:02] === SCRAPE START ===
[2026-06-16 04:15:02] Fetching https://waitz.io/live/ucsd-rec
[2026-06-16 04:15:03] Saved 4 rows to ucsd_occupancy_history.csv
[2026-06-16 04:15:03] Main Gym Fitness Gym: 2% (Closed) people=1 capacity=72 is_open=False hour_summary=Closed until 6:00am
[2026-06-16 04:15:03] Outback Climbing Center: 4% (Closed) people=1 capacity=30 is_open=False hour_summary=Closed until 10:00am
[2026-06-16 04:15:03] RIMAC Fitness Gym: 0% (Closed) people=1 capacity=150 is_open=False hour_summary=Closed until 6:00am
[2026-06-16 04:15:03] Triton Esports Center: 0% (Closed) people=0 capacity=35 is_open=False hour_summary=Closed until 7:30am
[2026-06-16 04:15:03] === SCRAPE END OK ===
[2026-06-16 04:27:54] === SCRAPE START ===
[2026-06-16 04:27:54] Fetching https://waitz.io/live/ucsd-rec
[2026-06-16 04:27:55] Saved 4 rows to ucsd_occupancy_history.csv
[2026-06-16 04:27:55] Main Gym Fitness Gym: 2% (Closed) people=1 capacity=72 is_open=False hour_summary=Closed until 6:00am
[2026-06-16 04:27:55] Outback Climbing Center: 5% (Closed) people=2 capacity=30 is_open=False hour_summary=Closed until 10:00am
[2026-06-16 04:27:55] RIMAC Fitness Gym: 1% (Closed) people=1 capacity=150 is_open=False hour_summary=Closed until 6:00am
[2026-06-16 04:27:55] Triton Esports Center: 0% (Closed) people=0 capacity=35 is_open=False hour_summary=Closed until 7:30am
[2026-06-16 04:27:55] === SCRAPE END OK ===
[2026-06-16 04:30:02] === SCRAPE START ===
[2026-06-16 04:30:02] Fetching https://waitz.io/live/ucsd-rec
[2026-06-16 04:30:04] Saved 4 rows to ucsd_occupancy_history.csv
[2026-06-16 04:30:04] Main Gym Fitness Gym: 1% (Closed) people=1 capacity=72 is_open=False hour_summary=Closed until 6:00am
[2026-06-16 04:30:04] Outback Climbing Center: 3% (Closed) people=1 capacity=30 is_open=False hour_summary=Closed until 10:00am
[2026-06-16 04:30:04] RIMAC Fitness Gym: 0% (Closed) people=1 capacity=150 is_open=False hour_summary=Closed until 6:00am
[2026-06-16 04:30:04] Triton Esports Center: 0% (Closed) people=0 capacity=35 is_open=False hour_summary=Closed until 7:30am
[2026-06-16 04:30:04] === SCRAPE END OK ===
[2026-06-16 04:42:54] === SCRAPE START ===
[2026-06-16 04:42:54] Fetching https://waitz.io/live/ucsd-rec
[2026-06-16 04:42:55] Saved 4 rows to ucsd_occupancy_history.csv
[2026-06-16 04:42:55] Main Gym Fitness Gym: 1% (Closed) people=1 capacity=72 is_open=False hour_summary=Closed until 6:00am
[2026-06-16 04:42:55] Outback Climbing Center: 5% (Closed) people=2 capacity=30 is_open=False hour_summary=Closed until 10:00am
[2026-06-16 04:42:55] RIMAC Fitness Gym: 0% (Closed) people=0 capacity=150 is_open=False hour_summary=Closed until 6:00am
[2026-06-16 04:42:55] Triton Esports Center: 0% (Closed) people=0 capacity=35 is_open=False hour_summary=Closed until 7:30am
[2026-06-16 04:42:55] === SCRAPE END OK ===
