[2026-05-30 00:00:03] === SCRAPE START ===
[2026-05-30 00:00:03] Fetching https://waitz.io/live/ucsd-rec
[2026-05-30 00:00:04] Saved 4 rows to ucsd_occupancy_history.csv
[2026-05-30 00:00:04] Main Gym Fitness Gym: 1% (Closed) people=1 capacity=72 is_open=False hour_summary=Closed until 8:00am
[2026-05-30 00:00:04] Outback Climbing Center: 14% (Closed) people=4 capacity=30 is_open=False hour_summary=Closed until 11:00am
[2026-05-30 00:00:04] RIMAC Fitness Gym: 0% (Closed) people=0 capacity=150 is_open=False hour_summary=Closed until 8:00am
[2026-05-30 00:00:04] Triton Esports Center: 0% (Closed) people=0 capacity=35 is_open=False hour_summary=Closed until 11:00am
[2026-05-30 00:00:04] === SCRAPE END OK ===
[2026-05-30 00:15:03] === SCRAPE START ===
[2026-05-30 00:15:03] Fetching https://waitz.io/live/ucsd-rec
[2026-05-30 00:15:04] Saved 4 rows to ucsd_occupancy_history.csv
[2026-05-30 00:15:04] Main Gym Fitness Gym: 1% (Closed) people=1 capacity=72 is_open=False hour_summary=Closed until 8:00am
[2026-05-30 00:15:04] Outback Climbing Center: 14% (Closed) people=4 capacity=30 is_open=False hour_summary=Closed until 11:00am
[2026-05-30 00:15:04] RIMAC Fitness Gym: 1% (Closed) people=1 capacity=150 is_open=False hour_summary=Closed until 8:00am
[2026-05-30 00:15:04] Triton Esports Center: 0% (Closed) people=0 capacity=35 is_open=False hour_summary=Closed until 11:00am
[2026-05-30 00:15:04] === SCRAPE END OK ===
[2026-05-30 00:30:04] === SCRAPE START ===
[2026-05-30 00:30:04] Fetching https://waitz.io/live/ucsd-rec
[2026-05-30 00:30:05] Saved 4 rows to ucsd_occupancy_history.csv
[2026-05-30 00:30:05] Main Gym Fitness Gym: 1% (Closed) people=1 capacity=72 is_open=False hour_summary=Closed until 8:00am
[2026-05-30 00:30:05] Outback Climbing Center: 14% (Closed) people=4 capacity=30 is_open=False hour_summary=Closed until 11:00am
[2026-05-30 00:30:05] RIMAC Fitness Gym: 1% (Closed) people=1 capacity=150 is_open=False hour_summary=Closed until 8:00am
[2026-05-30 00:30:05] Triton Esports Center: 0% (Closed) people=0 capacity=35 is_open=False hour_summary=Closed until 11:00am
[2026-05-30 00:30:05] === SCRAPE END OK ===
[2026-05-30 00:45:02] === SCRAPE START ===
[2026-05-30 00:45:02] Fetching https://waitz.io/live/ucsd-rec
[2026-05-30 00:45:03] Saved 4 rows to ucsd_occupancy_history.csv
[2026-05-30 00:45:03] Main Gym Fitness Gym: 1% (Closed) people=1 capacity=72 is_open=False hour_summary=Closed until 8:00am
[2026-05-30 00:45:03] Outback Climbing Center: 12% (Closed) people=4 capacity=30 is_open=False hour_summary=Closed until 11:00am
[2026-05-30 00:45:03] RIMAC Fitness Gym: 0% (Closed) people=1 capacity=150 is_open=False hour_summary=Closed until 8:00am
[2026-05-30 00:45:03] Triton Esports Center: 0% (Closed) people=0 capacity=35 is_open=False hour_summary=Closed until 11:00am
[2026-05-30 00:45:03] === SCRAPE END OK ===
[2026-05-30 01:00:04] === SCRAPE START ===
[2026-05-30 01:00:04] Fetching https://waitz.io/live/ucsd-rec
[2026-05-30 01:00:05] Saved 4 rows to ucsd_occupancy_history.csv
[2026-05-30 01:00:05] Main Gym Fitness Gym: 2% (Closed) people=2 capacity=72 is_open=False hour_summary=Closed until 8:00am
[2026-05-30 01:00:05] Outback Climbing Center: 13% (Closed) people=4 capacity=30 is_open=False hour_summary=Closed until 11:00am
[2026-05-30 01:00:05] RIMAC Fitness Gym: 0% (Closed) people=1 capacity=150 is_open=False hour_summary=Closed until 8:00am
[2026-05-30 01:00:05] Triton Esports Center: 0% (Closed) people=0 capacity=35 is_open=False hour_summary=Closed until 11:00am
[2026-05-30 01:00:05] === SCRAPE END OK ===
[2026-05-30 01:15:03] === SCRAPE START ===
[2026-05-30 01:15:03] Fetching https://waitz.io/live/ucsd-rec
[2026-05-30 01:15:04] Saved 4 rows to ucsd_occupancy_history.csv
[2026-05-30 01:15:04] Main Gym Fitness Gym: 1% (Closed) people=1 capacity=72 is_open=False hour_summary=Closed until 8:00am
[2026-05-30 01:15:04] Outback Climbing Center: 14% (Closed) people=4 capacity=30 is_open=False hour_summary=Closed until 11:00am
[2026-05-30 01:15:04] RIMAC Fitness Gym: 1% (Closed) people=1 capacity=150 is_open=False hour_summary=Closed until 8:00am
[2026-05-30 01:15:04] Triton Esports Center: 0% (Closed) people=0 capacity=35 is_open=False hour_summary=Closed until 11:00am
[2026-05-30 01:15:04] === SCRAPE END OK ===
[2026-05-30 01:30:03] === SCRAPE START ===
[2026-05-30 01:30:03] Fetching https://waitz.io/live/ucsd-rec
[2026-05-30 01:30:05] Saved 4 rows to ucsd_occupancy_history.csv
[2026-05-30 01:30:05] Main Gym Fitness Gym: 1% (Closed) people=1 capacity=72 is_open=False hour_summary=Closed until 8:00am
[2026-05-30 01:30:05] Outback Climbing Center: 15% (Closed) people=5 capacity=30 is_open=False hour_summary=Closed until 11:00am
[2026-05-30 01:30:05] RIMAC Fitness Gym: 1% (Closed) people=1 capacity=150 is_open=False hour_summary=Closed until 8:00am
[2026-05-30 01:30:05] Triton Esports Center: 0% (Closed) people=0 capacity=35 is_open=False hour_summary=Closed until 11:00am
[2026-05-30 01:30:05] === SCRAPE END OK ===
[2026-05-30 01:45:03] === SCRAPE START ===
[2026-05-30 01:45:03] Fetching https://waitz.io/live/ucsd-rec
[2026-05-30 01:45:06] Saved 4 rows to ucsd_occupancy_history.csv
[2026-05-30 01:45:06] Main Gym Fitness Gym: 3% (Closed) people=2 capacity=72 is_open=False hour_summary=Closed until 8:00am
[2026-05-30 01:45:06] Outback Climbing Center: 13% (Closed) people=4 capacity=30 is_open=False hour_summary=Closed until 11:00am
[2026-05-30 01:45:06] RIMAC Fitness Gym: 1% (Closed) people=1 capacity=150 is_open=False hour_summary=Closed until 8:00am
[2026-05-30 01:45:06] Triton Esports Center: 0% (Closed) people=0 capacity=35 is_open=False hour_summary=Closed until 11:00am
[2026-05-30 01:45:06] === SCRAPE END OK ===
[2026-05-30 02:00:03] === SCRAPE START ===
[2026-05-30 02:00:03] Fetching https://waitz.io/live/ucsd-rec
[2026-05-30 02:00:05] Saved 4 rows to ucsd_occupancy_history.csv
[2026-05-30 02:00:05] Main Gym Fitness Gym: 1% (Closed) people=1 capacity=72 is_open=False hour_summary=Closed until 8:00am
[2026-05-30 02:00:05] Outback Climbing Center: 13% (Closed) people=4 capacity=30 is_open=False hour_summary=Closed until 11:00am
[2026-05-30 02:00:05] RIMAC Fitness Gym: 0% (Closed) people=1 capacity=150 is_open=False hour_summary=Closed until 8:00am
[2026-05-30 02:00:05] Triton Esports Center: 0% (Closed) people=0 capacity=35 is_open=False hour_summary=Closed until 11:00am
[2026-05-30 02:00:05] === SCRAPE END OK ===
[2026-05-30 02:15:03] === SCRAPE START ===
[2026-05-30 02:15:03] Fetching https://waitz.io/live/ucsd-rec
[2026-05-30 02:15:04] Saved 4 rows to ucsd_occupancy_history.csv
[2026-05-30 02:15:04] Main Gym Fitness Gym: 1% (Closed) people=1 capacity=72 is_open=False hour_summary=Closed until 8:00am
[2026-05-30 02:15:04] Outback Climbing Center: 14% (Closed) people=4 capacity=30 is_open=False hour_summary=Closed until 11:00am
[2026-05-30 02:15:04] RIMAC Fitness Gym: 0% (Closed) people=0 capacity=150 is_open=False hour_summary=Closed until 8:00am
[2026-05-30 02:15:04] Triton Esports Center: 0% (Closed) people=0 capacity=35 is_open=False hour_summary=Closed until 11:00am
[2026-05-30 02:15:04] === SCRAPE END OK ===
[2026-05-30 11:15:03] === SCRAPE START ===
[2026-05-30 11:15:03] Fetching https://waitz.io/live/ucsd-rec
[2026-05-30 11:15:04] Saved 4 rows to ucsd_occupancy_history.csv
[2026-05-30 11:15:04] Main Gym Fitness Gym: 30% (Not Busy) people=22 capacity=72 is_open=True hour_summary=open
[2026-05-30 11:15:04] Outback Climbing Center: 79% (Busy) people=24 capacity=30 is_open=True hour_summary=open
[2026-05-30 11:15:04] RIMAC Fitness Gym: 30% (Not Busy) people=45 capacity=150 is_open=True hour_summary=open
[2026-05-30 11:15:04] Triton Esports Center: 0% (Not Busy) people=0 capacity=35 is_open=True hour_summary=open
[2026-05-30 11:15:04] === SCRAPE END OK ===
[2026-05-30 11:30:02] === SCRAPE START ===
[2026-05-30 11:30:02] Fetching https://waitz.io/live/ucsd-rec
[2026-05-30 11:30:03] Saved 4 rows to ucsd_occupancy_history.csv
[2026-05-30 11:30:03] Main Gym Fitness Gym: 27% (Not Busy) people=19 capacity=72 is_open=True hour_summary=open
[2026-05-30 11:30:03] Outback Climbing Center: 99% (Very Active) people=36 capacity=30 is_open=True hour_summary=open
[2026-05-30 11:30:03] RIMAC Fitness Gym: 40% (Not Busy) people=59 capacity=150 is_open=True hour_summary=open
[2026-05-30 11:30:03] Triton Esports Center: 0% (Not Busy) people=0 capacity=35 is_open=True hour_summary=open
[2026-05-30 11:30:03] === SCRAPE END OK ===
[2026-05-30 11:45:02] === SCRAPE START ===
[2026-05-30 11:45:02] Fetching https://waitz.io/live/ucsd-rec
[2026-05-30 11:45:03] Saved 4 rows to ucsd_occupancy_history.csv
[2026-05-30 11:45:03] Main Gym Fitness Gym: 11% (Not Busy) people=8 capacity=72 is_open=True hour_summary=open
[2026-05-30 11:45:03] Outback Climbing Center: 79% (Busy) people=24 capacity=30 is_open=True hour_summary=open
[2026-05-30 11:45:03] RIMAC Fitness Gym: 40% (Not Busy) people=60 capacity=150 is_open=True hour_summary=open
[2026-05-30 11:45:03] Triton Esports Center: 0% (Not Busy) people=0 capacity=35 is_open=True hour_summary=open
[2026-05-30 11:45:03] === SCRAPE END OK ===
[2026-05-30 12:00:02] === SCRAPE START ===
[2026-05-30 12:00:02] Fetching https://waitz.io/live/ucsd-rec
[2026-05-30 12:00:04] Saved 4 rows to ucsd_occupancy_history.csv
[2026-05-30 12:00:04] Main Gym Fitness Gym: 25% (Not Busy) people=18 capacity=72 is_open=True hour_summary=open
[2026-05-30 12:00:04] Outback Climbing Center: 80% (Busy) people=24 capacity=30 is_open=True hour_summary=open
[2026-05-30 12:00:04] RIMAC Fitness Gym: 32% (Not Busy) people=48 capacity=150 is_open=True hour_summary=open
[2026-05-30 12:00:04] Triton Esports Center: 0% (Not Busy) people=0 capacity=35 is_open=True hour_summary=open
[2026-05-30 12:00:04] === SCRAPE END OK ===
[2026-05-30 12:15:02] === SCRAPE START ===
[2026-05-30 12:15:02] Fetching https://waitz.io/live/ucsd-rec
[2026-05-30 12:15:03] Saved 4 rows to ucsd_occupancy_history.csv
[2026-05-30 12:15:03] Main Gym Fitness Gym: 41% (Not Busy) people=30 capacity=72 is_open=True hour_summary=open
[2026-05-30 12:15:03] Outback Climbing Center: 99% (Very Active) people=34 capacity=30 is_open=True hour_summary=open
[2026-05-30 12:15:03] RIMAC Fitness Gym: 39% (Not Busy) people=58 capacity=150 is_open=True hour_summary=open
[2026-05-30 12:15:03] Triton Esports Center: 0% (Not Busy) people=0 capacity=35 is_open=True hour_summary=open
[2026-05-30 12:15:03] === SCRAPE END OK ===
[2026-05-30 12:30:03] === SCRAPE START ===
[2026-05-30 12:30:03] Fetching https://waitz.io/live/ucsd-rec
[2026-05-30 12:30:04] Saved 4 rows to ucsd_occupancy_history.csv
[2026-05-30 12:30:04] Main Gym Fitness Gym: 24% (Not Busy) people=17 capacity=72 is_open=True hour_summary=open
[2026-05-30 12:30:04] Outback Climbing Center: 99% (Very Active) people=46 capacity=30 is_open=True hour_summary=open
[2026-05-30 12:30:04] RIMAC Fitness Gym: 28% (Not Busy) people=42 capacity=150 is_open=True hour_summary=open
[2026-05-30 12:30:04] Triton Esports Center: 0% (Not Busy) people=0 capacity=35 is_open=True hour_summary=open
[2026-05-30 12:30:04] === SCRAPE END OK ===
[2026-05-30 12:45:02] === SCRAPE START ===
[2026-05-30 12:45:02] Fetching https://waitz.io/live/ucsd-rec
[2026-05-30 12:45:03] Saved 4 rows to ucsd_occupancy_history.csv
[2026-05-30 12:45:03] Main Gym Fitness Gym: 37% (Not Busy) people=27 capacity=72 is_open=True hour_summary=open
[2026-05-30 12:45:03] Outback Climbing Center: 99% (Very Active) people=58 capacity=30 is_open=True hour_summary=open
[2026-05-30 12:45:03] RIMAC Fitness Gym: 39% (Not Busy) people=58 capacity=150 is_open=True hour_summary=open
[2026-05-30 12:45:03] Triton Esports Center: 0% (Not Busy) people=0 capacity=35 is_open=True hour_summary=open
[2026-05-30 12:45:03] === SCRAPE END OK ===
[2026-05-30 13:00:02] === SCRAPE START ===
[2026-05-30 13:00:02] Fetching https://waitz.io/live/ucsd-rec
[2026-05-30 13:00:03] Saved 4 rows to ucsd_occupancy_history.csv
[2026-05-30 13:00:03] Main Gym Fitness Gym: 21% (Not Busy) people=15 capacity=72 is_open=True hour_summary=open
[2026-05-30 13:00:03] Outback Climbing Center: 99% (Very Active) people=49 capacity=30 is_open=True hour_summary=open
[2026-05-30 13:00:03] RIMAC Fitness Gym: 38% (Not Busy) people=58 capacity=150 is_open=True hour_summary=open
[2026-05-30 13:00:03] Triton Esports Center: 1% (Not Busy) people=0 capacity=35 is_open=True hour_summary=open
[2026-05-30 13:00:03] === SCRAPE END OK ===
[2026-05-30 13:15:02] === SCRAPE START ===
[2026-05-30 13:15:02] Fetching https://waitz.io/live/ucsd-rec
[2026-05-30 13:15:03] Saved 4 rows to ucsd_occupancy_history.csv
[2026-05-30 13:15:03] Main Gym Fitness Gym: 19% (Not Busy) people=14 capacity=72 is_open=True hour_summary=open
[2026-05-30 13:15:03] Outback Climbing Center: 99% (Very Active) people=36 capacity=30 is_open=True hour_summary=open
[2026-05-30 13:15:03] RIMAC Fitness Gym: 40% (Not Busy) people=59 capacity=150 is_open=True hour_summary=open
[2026-05-30 13:15:03] Triton Esports Center: 11% (Not Busy) people=4 capacity=35 is_open=True hour_summary=open
[2026-05-30 13:15:03] === SCRAPE END OK ===
[2026-05-30 13:30:02] === SCRAPE START ===
[2026-05-30 13:30:02] Fetching https://waitz.io/live/ucsd-rec
[2026-05-30 13:30:03] Saved 4 rows to ucsd_occupancy_history.csv
[2026-05-30 13:30:03] Main Gym Fitness Gym: 20% (Not Busy) people=14 capacity=72 is_open=True hour_summary=open
[2026-05-30 13:30:03] Outback Climbing Center: 99% (Very Active) people=37 capacity=30 is_open=True hour_summary=open
[2026-05-30 13:30:03] RIMAC Fitness Gym: 38% (Not Busy) people=56 capacity=150 is_open=True hour_summary=open
[2026-05-30 13:30:03] Triton Esports Center: 18% (Not Busy) people=6 capacity=35 is_open=True hour_summary=open
[2026-05-30 13:30:03] === SCRAPE END OK ===
[2026-05-30 13:45:02] === SCRAPE START ===
[2026-05-30 13:45:02] Fetching https://waitz.io/live/ucsd-rec
[2026-05-30 13:45:03] Saved 4 rows to ucsd_occupancy_history.csv
[2026-05-30 13:45:03] Main Gym Fitness Gym: 20% (Not Busy) people=14 capacity=72 is_open=True hour_summary=open
[2026-05-30 13:45:03] Outback Climbing Center: 99% (Very Active) people=34 capacity=30 is_open=True hour_summary=open
[2026-05-30 13:45:03] RIMAC Fitness Gym: 36% (Not Busy) people=54 capacity=150 is_open=True hour_summary=open
[2026-05-30 13:45:03] Triton Esports Center: 20% (Not Busy) people=7 capacity=35 is_open=True hour_summary=open
[2026-05-30 13:45:03] === SCRAPE END OK ===
[2026-05-30 14:00:02] === SCRAPE START ===
[2026-05-30 14:00:02] Fetching https://waitz.io/live/ucsd-rec
[2026-05-30 14:00:03] Saved 4 rows to ucsd_occupancy_history.csv
[2026-05-30 14:00:03] Main Gym Fitness Gym: 17% (Not Busy) people=12 capacity=72 is_open=True hour_summary=open
[2026-05-30 14:00:03] Outback Climbing Center: 99% (Very Active) people=44 capacity=30 is_open=True hour_summary=open
[2026-05-30 14:00:03] RIMAC Fitness Gym: 41% (Not Busy) people=61 capacity=150 is_open=True hour_summary=open
[2026-05-30 14:00:03] Triton Esports Center: 21% (Not Busy) people=7 capacity=35 is_open=True hour_summary=open
[2026-05-30 14:00:03] === SCRAPE END OK ===
[2026-05-30 14:15:02] === SCRAPE START ===
[2026-05-30 14:15:02] Fetching https://waitz.io/live/ucsd-rec
[2026-05-30 14:15:03] Saved 4 rows to ucsd_occupancy_history.csv
[2026-05-30 14:15:03] Main Gym Fitness Gym: 26% (Not Busy) people=19 capacity=72 is_open=True hour_summary=open
[2026-05-30 14:15:03] Outback Climbing Center: 99% (Very Active) people=43 capacity=30 is_open=True hour_summary=open
[2026-05-30 14:15:03] RIMAC Fitness Gym: 39% (Not Busy) people=58 capacity=150 is_open=True hour_summary=open
[2026-05-30 14:15:03] Triton Esports Center: 32% (Not Busy) people=11 capacity=35 is_open=True hour_summary=open
[2026-05-30 14:15:03] === SCRAPE END OK ===
[2026-05-30 14:30:02] === SCRAPE START ===
[2026-05-30 14:30:02] Fetching https://waitz.io/live/ucsd-rec
[2026-05-30 14:30:03] Saved 4 rows to ucsd_occupancy_history.csv
[2026-05-30 14:30:03] Main Gym Fitness Gym: 11% (Not Busy) people=8 capacity=72 is_open=True hour_summary=open
[2026-05-30 14:30:03] Outback Climbing Center: 97% (Very Active) people=29 capacity=30 is_open=True hour_summary=open
[2026-05-30 14:30:03] RIMAC Fitness Gym: 42% (Not Busy) people=62 capacity=150 is_open=True hour_summary=open
[2026-05-30 14:30:03] Triton Esports Center: 41% (Not Busy) people=14 capacity=35 is_open=True hour_summary=open
[2026-05-30 14:30:03] === SCRAPE END OK ===
[2026-05-30 14:45:02] === SCRAPE START ===
[2026-05-30 14:45:02] Fetching https://waitz.io/live/ucsd-rec
[2026-05-30 14:45:03] Saved 4 rows to ucsd_occupancy_history.csv
[2026-05-30 14:45:03] Main Gym Fitness Gym: 34% (Not Busy) people=25 capacity=72 is_open=True hour_summary=open
[2026-05-30 14:45:03] Outback Climbing Center: 99% (Very Active) people=45 capacity=30 is_open=True hour_summary=open
[2026-05-30 14:45:03] RIMAC Fitness Gym: 33% (Not Busy) people=49 capacity=150 is_open=True hour_summary=open
[2026-05-30 14:45:03] Triton Esports Center: 39% (Not Busy) people=14 capacity=35 is_open=True hour_summary=open
[2026-05-30 14:45:03] === SCRAPE END OK ===
[2026-05-30 15:00:02] === SCRAPE START ===
[2026-05-30 15:00:02] Fetching https://waitz.io/live/ucsd-rec
[2026-05-30 15:00:03] Saved 4 rows to ucsd_occupancy_history.csv
[2026-05-30 15:00:03] Main Gym Fitness Gym: 78% (Busy) people=56 capacity=72 is_open=True hour_summary=open
[2026-05-30 15:00:03] Outback Climbing Center: 99% (Very Active) people=52 capacity=30 is_open=True hour_summary=open
[2026-05-30 15:00:03] RIMAC Fitness Gym: 32% (Not Busy) people=49 capacity=150 is_open=True hour_summary=open
[2026-05-30 15:00:03] Triton Esports Center: 50% (Busy) people=18 capacity=35 is_open=True hour_summary=open
[2026-05-30 15:00:03] === SCRAPE END OK ===
[2026-05-30 15:15:02] === SCRAPE START ===
[2026-05-30 15:15:02] Fetching https://waitz.io/live/ucsd-rec
[2026-05-30 15:15:03] Saved 4 rows to ucsd_occupancy_history.csv
[2026-05-30 15:15:03] Main Gym Fitness Gym: 11% (Not Busy) people=8 capacity=72 is_open=True hour_summary=open
[2026-05-30 15:15:03] Outback Climbing Center: 99% (Very Active) people=54 capacity=30 is_open=True hour_summary=open
[2026-05-30 15:15:03] RIMAC Fitness Gym: 33% (Not Busy) people=49 capacity=150 is_open=True hour_summary=open
[2026-05-30 15:15:03] Triton Esports Center: 47% (Busy) people=16 capacity=35 is_open=True hour_summary=open
[2026-05-30 15:15:03] === SCRAPE END OK ===
[2026-05-30 15:30:02] === SCRAPE START ===
[2026-05-30 15:30:02] Fetching https://waitz.io/live/ucsd-rec
[2026-05-30 15:30:03] Saved 4 rows to ucsd_occupancy_history.csv
[2026-05-30 15:30:03] Main Gym Fitness Gym: 8% (Not Busy) people=6 capacity=72 is_open=True hour_summary=open
[2026-05-30 15:30:03] Outback Climbing Center: 99% (Very Active) people=64 capacity=30 is_open=True hour_summary=open
[2026-05-30 15:30:03] RIMAC Fitness Gym: 36% (Not Busy) people=54 capacity=150 is_open=True hour_summary=open
[2026-05-30 15:30:03] Triton Esports Center: 46% (Busy) people=16 capacity=35 is_open=True hour_summary=open
[2026-05-30 15:30:03] === SCRAPE END OK ===
[2026-05-30 15:45:02] === SCRAPE START ===
[2026-05-30 15:45:02] Fetching https://waitz.io/live/ucsd-rec
[2026-05-30 15:45:03] Saved 4 rows to ucsd_occupancy_history.csv
[2026-05-30 15:45:03] Main Gym Fitness Gym: 19% (Not Busy) people=14 capacity=72 is_open=True hour_summary=open
[2026-05-30 15:45:03] Outback Climbing Center: 99% (Very Active) people=48 capacity=30 is_open=True hour_summary=open
[2026-05-30 15:45:03] RIMAC Fitness Gym: 32% (Not Busy) people=48 capacity=150 is_open=True hour_summary=open
[2026-05-30 15:45:03] Triton Esports Center: 37% (Not Busy) people=13 capacity=35 is_open=True hour_summary=open
[2026-05-30 15:45:03] === SCRAPE END OK ===
[2026-05-30 16:00:02] === SCRAPE START ===
[2026-05-30 16:00:02] Fetching https://waitz.io/live/ucsd-rec
[2026-05-30 16:00:03] Saved 4 rows to ucsd_occupancy_history.csv
[2026-05-30 16:00:03] Main Gym Fitness Gym: 18% (Not Busy) people=13 capacity=72 is_open=True hour_summary=open
[2026-05-30 16:00:03] Outback Climbing Center: 99% (Closed) people=33 capacity=30 is_open=False hour_summary=Closed until 4:00pm
[2026-05-30 16:00:03] RIMAC Fitness Gym: 38% (Not Busy) people=57 capacity=150 is_open=True hour_summary=open
[2026-05-30 16:00:03] Triton Esports Center: 37% (Not Busy) people=13 capacity=35 is_open=True hour_summary=open
[2026-05-30 16:00:03] === SCRAPE END OK ===
[2026-05-30 16:15:02] === SCRAPE START ===
[2026-05-30 16:15:02] Fetching https://waitz.io/live/ucsd-rec
[2026-05-30 16:15:03] Saved 4 rows to ucsd_occupancy_history.csv
[2026-05-30 16:15:03] Main Gym Fitness Gym: 9% (Not Busy) people=7 capacity=72 is_open=True hour_summary=open
[2026-05-30 16:15:03] Outback Climbing Center: 9% (Closed) people=3 capacity=30 is_open=False hour_summary=Closed until 4:00pm
[2026-05-30 16:15:03] RIMAC Fitness Gym: 41% (Not Busy) people=62 capacity=150 is_open=True hour_summary=open
[2026-05-30 16:15:03] Triton Esports Center: 40% (Not Busy) people=14 capacity=35 is_open=True hour_summary=open
[2026-05-30 16:15:03] === SCRAPE END OK ===
[2026-05-30 16:30:02] === SCRAPE START ===
[2026-05-30 16:30:02] Fetching https://waitz.io/live/ucsd-rec
[2026-05-30 16:30:03] Saved 4 rows to ucsd_occupancy_history.csv
[2026-05-30 16:30:03] Main Gym Fitness Gym: 30% (Not Busy) people=22 capacity=72 is_open=True hour_summary=open
[2026-05-30 16:30:03] Outback Climbing Center: 1% (Closed) people=0 capacity=30 is_open=False hour_summary=Closed until 4:00pm
[2026-05-30 16:30:03] RIMAC Fitness Gym: 49% (Busy) people=74 capacity=150 is_open=True hour_summary=open
[2026-05-30 16:30:03] Triton Esports Center: 39% (Not Busy) people=14 capacity=35 is_open=True hour_summary=open
[2026-05-30 16:30:03] === SCRAPE END OK ===
[2026-05-30 16:45:02] === SCRAPE START ===
[2026-05-30 16:45:02] Fetching https://waitz.io/live/ucsd-rec
[2026-05-30 16:45:03] Saved 4 rows to ucsd_occupancy_history.csv
[2026-05-30 16:45:03] Main Gym Fitness Gym: 20% (Not Busy) people=15 capacity=72 is_open=True hour_summary=open
[2026-05-30 16:45:03] Outback Climbing Center: 4% (Closed) people=1 capacity=30 is_open=False hour_summary=Closed until 4:00pm
[2026-05-30 16:45:03] RIMAC Fitness Gym: 43% (Not Busy) people=65 capacity=150 is_open=True hour_summary=open
[2026-05-30 16:45:03] Triton Esports Center: 52% (Busy) people=18 capacity=35 is_open=True hour_summary=open
[2026-05-30 16:45:03] === SCRAPE END OK ===
[2026-05-30 17:00:02] === SCRAPE START ===
[2026-05-30 17:00:02] Fetching https://waitz.io/live/ucsd-rec
[2026-05-30 17:00:03] Saved 4 rows to ucsd_occupancy_history.csv
[2026-05-30 17:00:03] Main Gym Fitness Gym: 15% (Not Busy) people=11 capacity=72 is_open=True hour_summary=open
[2026-05-30 17:00:03] Outback Climbing Center: 3% (Closed) people=1 capacity=30 is_open=False hour_summary=Closed until 4:00pm
[2026-05-30 17:00:03] RIMAC Fitness Gym: 33% (Not Busy) people=50 capacity=150 is_open=True hour_summary=open
[2026-05-30 17:00:03] Triton Esports Center: 47% (Busy) people=16 capacity=35 is_open=True hour_summary=open
[2026-05-30 17:00:03] === SCRAPE END OK ===
