[2026-05-15 00:00:02] === SCRAPE START ===
[2026-05-15 00:00:02] Fetching https://waitz.io/live/ucsd-rec
[2026-05-15 00:00:03] Saved 4 rows to ucsd_occupancy_history.csv
[2026-05-15 00:00:03] Main Gym Fitness Gym: 1% (Closed) people=1 capacity=72 is_open=False hour_summary=Closed until 6:00am
[2026-05-15 00:00:03] Outback Climbing Center: 2% (Closed) people=1 capacity=30 is_open=False hour_summary=Closed until 10:00am
[2026-05-15 00:00:03] RIMAC Fitness Gym: 0% (Closed) people=1 capacity=150 is_open=False hour_summary=Closed until 6:00am
[2026-05-15 00:00:03] Triton Esports Center: 0% (Closed) people=0 capacity=35 is_open=False hour_summary=Closed until 7:30am
[2026-05-15 00:00:03] === SCRAPE END OK ===
[2026-05-15 00:15:02] === SCRAPE START ===
[2026-05-15 00:15:02] Fetching https://waitz.io/live/ucsd-rec
[2026-05-15 00:15:03] Saved 4 rows to ucsd_occupancy_history.csv
[2026-05-15 00:15:03] Main Gym Fitness Gym: 3% (Closed) people=2 capacity=72 is_open=False hour_summary=Closed until 6:00am
[2026-05-15 00:15:03] Outback Climbing Center: 1% (Closed) people=0 capacity=30 is_open=False hour_summary=Closed until 10:00am
[2026-05-15 00:15:03] RIMAC Fitness Gym: 0% (Closed) people=1 capacity=150 is_open=False hour_summary=Closed until 6:00am
[2026-05-15 00:15:03] Triton Esports Center: 0% (Closed) people=0 capacity=35 is_open=False hour_summary=Closed until 7:30am
[2026-05-15 00:15:03] === SCRAPE END OK ===
[2026-05-15 00:30:02] === SCRAPE START ===
[2026-05-15 00:30:02] Fetching https://waitz.io/live/ucsd-rec
[2026-05-15 00:30:03] Saved 4 rows to ucsd_occupancy_history.csv
[2026-05-15 00:30:03] Main Gym Fitness Gym: 2% (Closed) people=1 capacity=72 is_open=False hour_summary=Closed until 6:00am
[2026-05-15 00:30:03] Outback Climbing Center: 1% (Closed) people=0 capacity=30 is_open=False hour_summary=Closed until 10:00am
[2026-05-15 00:30:03] RIMAC Fitness Gym: 0% (Closed) people=0 capacity=150 is_open=False hour_summary=Closed until 6:00am
[2026-05-15 00:30:03] Triton Esports Center: 0% (Closed) people=0 capacity=35 is_open=False hour_summary=Closed until 7:30am
[2026-05-15 00:30:03] === SCRAPE END OK ===
[2026-05-15 00:45:03] === SCRAPE START ===
[2026-05-15 00:45:03] Fetching https://waitz.io/live/ucsd-rec
[2026-05-15 00:45:04] Saved 4 rows to ucsd_occupancy_history.csv
[2026-05-15 00:45:04] Main Gym Fitness Gym: 1% (Closed) people=1 capacity=72 is_open=False hour_summary=Closed until 6:00am
[2026-05-15 00:45:04] Outback Climbing Center: 2% (Closed) people=0 capacity=30 is_open=False hour_summary=Closed until 10:00am
[2026-05-15 00:45:04] RIMAC Fitness Gym: 0% (Closed) people=1 capacity=150 is_open=False hour_summary=Closed until 6:00am
[2026-05-15 00:45:04] Triton Esports Center: 0% (Closed) people=0 capacity=35 is_open=False hour_summary=Closed until 7:30am
[2026-05-15 00:45:04] === SCRAPE END OK ===
[2026-05-15 01:00:02] === SCRAPE START ===
[2026-05-15 01:00:02] Fetching https://waitz.io/live/ucsd-rec
[2026-05-15 01:00:04] Saved 4 rows to ucsd_occupancy_history.csv
[2026-05-15 01:00:04] Main Gym Fitness Gym: 1% (Closed) people=1 capacity=72 is_open=False hour_summary=Closed until 6:00am
[2026-05-15 01:00:04] Outback Climbing Center: 1% (Closed) people=0 capacity=30 is_open=False hour_summary=Closed until 10:00am
[2026-05-15 01:00:04] RIMAC Fitness Gym: 0% (Closed) people=0 capacity=150 is_open=False hour_summary=Closed until 6:00am
[2026-05-15 01:00:04] Triton Esports Center: 0% (Closed) people=0 capacity=35 is_open=False hour_summary=Closed until 7:30am
[2026-05-15 01:00:04] === SCRAPE END OK ===
[2026-05-15 01:15:02] === SCRAPE START ===
[2026-05-15 01:15:02] Fetching https://waitz.io/live/ucsd-rec
[2026-05-15 01:15:03] Saved 4 rows to ucsd_occupancy_history.csv
[2026-05-15 01:15:03] Main Gym Fitness Gym: 2% (Closed) people=1 capacity=72 is_open=False hour_summary=Closed until 6:00am
[2026-05-15 01:15:03] Outback Climbing Center: 2% (Closed) people=0 capacity=30 is_open=False hour_summary=Closed until 10:00am
[2026-05-15 01:15:03] RIMAC Fitness Gym: 0% (Closed) people=0 capacity=150 is_open=False hour_summary=Closed until 6:00am
[2026-05-15 01:15:03] Triton Esports Center: 0% (Closed) people=0 capacity=35 is_open=False hour_summary=Closed until 7:30am
[2026-05-15 01:15:03] === SCRAPE END OK ===
[2026-05-15 01:30:02] === SCRAPE START ===
[2026-05-15 01:30:02] Fetching https://waitz.io/live/ucsd-rec
[2026-05-15 01:30:03] Saved 4 rows to ucsd_occupancy_history.csv
[2026-05-15 01:30:03] Main Gym Fitness Gym: 1% (Closed) people=1 capacity=72 is_open=False hour_summary=Closed until 6:00am
[2026-05-15 01:30:03] Outback Climbing Center: 1% (Closed) people=0 capacity=30 is_open=False hour_summary=Closed until 10:00am
[2026-05-15 01:30:03] RIMAC Fitness Gym: 1% (Closed) people=1 capacity=150 is_open=False hour_summary=Closed until 6:00am
[2026-05-15 01:30:03] Triton Esports Center: 0% (Closed) people=0 capacity=35 is_open=False hour_summary=Closed until 7:30am
[2026-05-15 01:30:03] === SCRAPE END OK ===
[2026-05-15 01:45:02] === SCRAPE START ===
[2026-05-15 01:45:02] Fetching https://waitz.io/live/ucsd-rec
[2026-05-15 01:45:03] Saved 4 rows to ucsd_occupancy_history.csv
[2026-05-15 01:45:03] Main Gym Fitness Gym: 2% (Closed) people=2 capacity=72 is_open=False hour_summary=Closed until 6:00am
[2026-05-15 01:45:03] Outback Climbing Center: 1% (Closed) people=0 capacity=30 is_open=False hour_summary=Closed until 10:00am
[2026-05-15 01:45:03] RIMAC Fitness Gym: 0% (Closed) people=1 capacity=150 is_open=False hour_summary=Closed until 6:00am
[2026-05-15 01:45:03] Triton Esports Center: 0% (Closed) people=0 capacity=35 is_open=False hour_summary=Closed until 7:30am
[2026-05-15 01:45:03] === SCRAPE END OK ===
[2026-05-15 02:00:02] === SCRAPE START ===
[2026-05-15 02:00:02] Fetching https://waitz.io/live/ucsd-rec
[2026-05-15 02:00:04] Saved 4 rows to ucsd_occupancy_history.csv
[2026-05-15 02:00:04] Main Gym Fitness Gym: 1% (Closed) people=1 capacity=72 is_open=False hour_summary=Closed until 6:00am
[2026-05-15 02:00:04] Outback Climbing Center: 2% (Closed) people=1 capacity=30 is_open=False hour_summary=Closed until 10:00am
[2026-05-15 02:00:04] RIMAC Fitness Gym: 0% (Closed) people=1 capacity=150 is_open=False hour_summary=Closed until 6:00am
[2026-05-15 02:00:04] Triton Esports Center: 0% (Closed) people=0 capacity=35 is_open=False hour_summary=Closed until 7:30am
[2026-05-15 02:00:04] === SCRAPE END OK ===
[2026-05-15 02:15:02] === SCRAPE START ===
[2026-05-15 02:15:02] Fetching https://waitz.io/live/ucsd-rec
[2026-05-15 02:15:03] Saved 4 rows to ucsd_occupancy_history.csv
[2026-05-15 02:15:03] Main Gym Fitness Gym: 1% (Closed) people=1 capacity=72 is_open=False hour_summary=Closed until 6:00am
[2026-05-15 02:15:03] Outback Climbing Center: 1% (Closed) people=0 capacity=30 is_open=False hour_summary=Closed until 10:00am
[2026-05-15 02:15:03] RIMAC Fitness Gym: 0% (Closed) people=0 capacity=150 is_open=False hour_summary=Closed until 6:00am
[2026-05-15 02:15:03] Triton Esports Center: 0% (Closed) people=0 capacity=35 is_open=False hour_summary=Closed until 7:30am
[2026-05-15 02:15:03] === SCRAPE END OK ===
[2026-05-15 02:30:02] === SCRAPE START ===
[2026-05-15 02:30:02] Fetching https://waitz.io/live/ucsd-rec
[2026-05-15 02:30:04] Saved 4 rows to ucsd_occupancy_history.csv
[2026-05-15 02:30:04] Main Gym Fitness Gym: 1% (Closed) people=1 capacity=72 is_open=False hour_summary=Closed until 6:00am
[2026-05-15 02:30:04] Outback Climbing Center: 1% (Closed) people=0 capacity=30 is_open=False hour_summary=Closed until 10:00am
[2026-05-15 02:30:04] RIMAC Fitness Gym: 0% (Closed) people=1 capacity=150 is_open=False hour_summary=Closed until 6:00am
[2026-05-15 02:30:04] Triton Esports Center: 0% (Closed) people=0 capacity=35 is_open=False hour_summary=Closed until 7:30am
[2026-05-15 02:30:04] === SCRAPE END OK ===
[2026-05-15 02:45:03] === SCRAPE START ===
[2026-05-15 02:45:03] Fetching https://waitz.io/live/ucsd-rec
[2026-05-15 02:45:04] Saved 4 rows to ucsd_occupancy_history.csv
[2026-05-15 02:45:04] Main Gym Fitness Gym: 2% (Closed) people=1 capacity=72 is_open=False hour_summary=Closed until 6:00am
[2026-05-15 02:45:04] Outback Climbing Center: 1% (Closed) people=0 capacity=30 is_open=False hour_summary=Closed until 10:00am
[2026-05-15 02:45:04] RIMAC Fitness Gym: 0% (Closed) people=0 capacity=150 is_open=False hour_summary=Closed until 6:00am
[2026-05-15 02:45:04] Triton Esports Center: 0% (Closed) people=0 capacity=35 is_open=False hour_summary=Closed until 7:30am
[2026-05-15 02:45:04] === SCRAPE END OK ===
[2026-05-15 03:00:02] === SCRAPE START ===
[2026-05-15 03:00:02] Fetching https://waitz.io/live/ucsd-rec
[2026-05-15 03:00:03] Saved 4 rows to ucsd_occupancy_history.csv
[2026-05-15 03:00:03] Main Gym Fitness Gym: 1% (Closed) people=1 capacity=72 is_open=False hour_summary=Closed until 6:00am
[2026-05-15 03:00:03] Outback Climbing Center: 3% (Closed) people=1 capacity=30 is_open=False hour_summary=Closed until 10:00am
[2026-05-15 03:00:03] RIMAC Fitness Gym: 0% (Closed) people=1 capacity=150 is_open=False hour_summary=Closed until 6:00am
[2026-05-15 03:00:03] Triton Esports Center: 0% (Closed) people=0 capacity=35 is_open=False hour_summary=Closed until 7:30am
[2026-05-15 03:00:03] === SCRAPE END OK ===
[2026-05-15 03:15:02] === SCRAPE START ===
[2026-05-15 03:15:02] Fetching https://waitz.io/live/ucsd-rec
[2026-05-15 03:15:03] Saved 4 rows to ucsd_occupancy_history.csv
[2026-05-15 03:15:03] Main Gym Fitness Gym: 3% (Closed) people=2 capacity=72 is_open=False hour_summary=Closed until 6:00am
[2026-05-15 03:15:03] Outback Climbing Center: 1% (Closed) people=0 capacity=30 is_open=False hour_summary=Closed until 10:00am
[2026-05-15 03:15:03] RIMAC Fitness Gym: 0% (Closed) people=1 capacity=150 is_open=False hour_summary=Closed until 6:00am
[2026-05-15 03:15:03] Triton Esports Center: 0% (Closed) people=0 capacity=35 is_open=False hour_summary=Closed until 7:30am
[2026-05-15 03:15:03] === SCRAPE END OK ===
[2026-05-15 03:30:02] === SCRAPE START ===
[2026-05-15 03:30:02] Fetching https://waitz.io/live/ucsd-rec
[2026-05-15 03:30:04] Saved 4 rows to ucsd_occupancy_history.csv
[2026-05-15 03:30:04] Main Gym Fitness Gym: 1% (Closed) people=1 capacity=72 is_open=False hour_summary=Closed until 6:00am
[2026-05-15 03:30:04] Outback Climbing Center: 2% (Closed) people=0 capacity=30 is_open=False hour_summary=Closed until 10:00am
[2026-05-15 03:30:04] RIMAC Fitness Gym: 0% (Closed) people=0 capacity=150 is_open=False hour_summary=Closed until 6:00am
[2026-05-15 03:30:04] Triton Esports Center: 0% (Closed) people=0 capacity=35 is_open=False hour_summary=Closed until 7:30am
[2026-05-15 03:30:04] === SCRAPE END OK ===
[2026-05-15 03:45:02] === SCRAPE START ===
[2026-05-15 03:45:02] Fetching https://waitz.io/live/ucsd-rec
[2026-05-15 03:45:03] Saved 4 rows to ucsd_occupancy_history.csv
[2026-05-15 03:45:03] Main Gym Fitness Gym: 3% (Closed) people=2 capacity=72 is_open=False hour_summary=Closed until 6:00am
[2026-05-15 03:45:03] Outback Climbing Center: 2% (Closed) people=1 capacity=30 is_open=False hour_summary=Closed until 10:00am
[2026-05-15 03:45:03] RIMAC Fitness Gym: 0% (Closed) people=1 capacity=150 is_open=False hour_summary=Closed until 6:00am
[2026-05-15 03:45:03] Triton Esports Center: 0% (Closed) people=0 capacity=35 is_open=False hour_summary=Closed until 7:30am
[2026-05-15 03:45:03] === SCRAPE END OK ===
[2026-05-15 04:00:02] === SCRAPE START ===
[2026-05-15 04:00:02] Fetching https://waitz.io/live/ucsd-rec
[2026-05-15 04:00:03] Saved 4 rows to ucsd_occupancy_history.csv
[2026-05-15 04:00:03] Main Gym Fitness Gym: 3% (Closed) people=2 capacity=72 is_open=False hour_summary=Closed until 6:00am
[2026-05-15 04:00:03] Outback Climbing Center: 1% (Closed) people=0 capacity=30 is_open=False hour_summary=Closed until 10:00am
[2026-05-15 04:00:03] RIMAC Fitness Gym: 0% (Closed) people=0 capacity=150 is_open=False hour_summary=Closed until 6:00am
[2026-05-15 04:00:03] Triton Esports Center: 0% (Closed) people=0 capacity=35 is_open=False hour_summary=Closed until 7:30am
[2026-05-15 04:00:03] === SCRAPE END OK ===
[2026-05-15 04:15:02] === SCRAPE START ===
[2026-05-15 04:15:02] Fetching https://waitz.io/live/ucsd-rec
[2026-05-15 04:15:03] Saved 4 rows to ucsd_occupancy_history.csv
[2026-05-15 04:15:03] Main Gym Fitness Gym: 2% (Closed) people=1 capacity=72 is_open=False hour_summary=Closed until 6:00am
[2026-05-15 04:15:03] Outback Climbing Center: 1% (Closed) people=0 capacity=30 is_open=False hour_summary=Closed until 10:00am
[2026-05-15 04:15:03] RIMAC Fitness Gym: 0% (Closed) people=0 capacity=150 is_open=False hour_summary=Closed until 6:00am
[2026-05-15 04:15:03] Triton Esports Center: 0% (Closed) people=0 capacity=35 is_open=False hour_summary=Closed until 7:30am
[2026-05-15 04:15:03] === SCRAPE END OK ===
[2026-05-15 04:30:02] === SCRAPE START ===
[2026-05-15 04:30:02] Fetching https://waitz.io/live/ucsd-rec
[2026-05-15 04:30:04] Saved 4 rows to ucsd_occupancy_history.csv
[2026-05-15 04:30:04] Main Gym Fitness Gym: 1% (Closed) people=1 capacity=72 is_open=False hour_summary=Closed until 6:00am
[2026-05-15 04:30:04] Outback Climbing Center: 3% (Closed) people=1 capacity=30 is_open=False hour_summary=Closed until 10:00am
[2026-05-15 04:30:04] RIMAC Fitness Gym: 0% (Closed) people=0 capacity=150 is_open=False hour_summary=Closed until 6:00am
[2026-05-15 04:30:04] Triton Esports Center: 0% (Closed) people=0 capacity=35 is_open=False hour_summary=Closed until 7:30am
[2026-05-15 04:30:04] === SCRAPE END OK ===
[2026-05-15 04:45:02] === SCRAPE START ===
[2026-05-15 04:45:02] Fetching https://waitz.io/live/ucsd-rec
[2026-05-15 04:45:03] Saved 4 rows to ucsd_occupancy_history.csv
[2026-05-15 04:45:03] Main Gym Fitness Gym: 2% (Closed) people=1 capacity=72 is_open=False hour_summary=Closed until 6:00am
[2026-05-15 04:45:03] Outback Climbing Center: 2% (Closed) people=0 capacity=30 is_open=False hour_summary=Closed until 10:00am
[2026-05-15 04:45:03] RIMAC Fitness Gym: 0% (Closed) people=1 capacity=150 is_open=False hour_summary=Closed until 6:00am
[2026-05-15 04:45:03] Triton Esports Center: 0% (Closed) people=0 capacity=35 is_open=False hour_summary=Closed until 7:30am
[2026-05-15 04:45:03] === SCRAPE END OK ===
[2026-05-15 05:00:02] === SCRAPE START ===
[2026-05-15 05:00:02] Fetching https://waitz.io/live/ucsd-rec
[2026-05-15 05:00:04] Saved 4 rows to ucsd_occupancy_history.csv
[2026-05-15 05:00:04] Main Gym Fitness Gym: 2% (Closed) people=1 capacity=72 is_open=False hour_summary=Closed until 6:00am
[2026-05-15 05:00:04] Outback Climbing Center: 3% (Closed) people=1 capacity=30 is_open=False hour_summary=Closed until 10:00am
[2026-05-15 05:00:04] RIMAC Fitness Gym: 0% (Closed) people=1 capacity=150 is_open=False hour_summary=Closed until 6:00am
[2026-05-15 05:00:04] Triton Esports Center: 0% (Closed) people=0 capacity=35 is_open=False hour_summary=Closed until 7:30am
[2026-05-15 05:00:04] === SCRAPE END OK ===
[2026-05-15 05:15:02] === SCRAPE START ===
[2026-05-15 05:15:02] Fetching https://waitz.io/live/ucsd-rec
[2026-05-15 05:15:03] Saved 4 rows to ucsd_occupancy_history.csv
[2026-05-15 05:15:03] Main Gym Fitness Gym: 1% (Closed) people=1 capacity=72 is_open=False hour_summary=Closed until 6:00am
[2026-05-15 05:15:03] Outback Climbing Center: 2% (Closed) people=1 capacity=30 is_open=False hour_summary=Closed until 10:00am
[2026-05-15 05:15:03] RIMAC Fitness Gym: 0% (Closed) people=0 capacity=150 is_open=False hour_summary=Closed until 6:00am
[2026-05-15 05:15:03] Triton Esports Center: 0% (Closed) people=0 capacity=35 is_open=False hour_summary=Closed until 7:30am
[2026-05-15 05:15:03] === SCRAPE END OK ===
[2026-05-15 05:30:02] === SCRAPE START ===
[2026-05-15 05:30:02] Fetching https://waitz.io/live/ucsd-rec
[2026-05-15 05:30:04] Saved 4 rows to ucsd_occupancy_history.csv
[2026-05-15 05:30:04] Main Gym Fitness Gym: 1% (Closed) people=1 capacity=72 is_open=False hour_summary=Closed until 6:00am
[2026-05-15 05:30:04] Outback Climbing Center: 1% (Closed) people=0 capacity=30 is_open=False hour_summary=Closed until 10:00am
[2026-05-15 05:30:04] RIMAC Fitness Gym: 0% (Closed) people=1 capacity=150 is_open=False hour_summary=Closed until 6:00am
[2026-05-15 05:30:04] Triton Esports Center: 0% (Closed) people=0 capacity=35 is_open=False hour_summary=Closed until 7:30am
[2026-05-15 05:30:04] === SCRAPE END OK ===
[2026-05-15 05:45:02] === SCRAPE START ===
[2026-05-15 05:45:02] Fetching https://waitz.io/live/ucsd-rec
[2026-05-15 05:45:03] Saved 4 rows to ucsd_occupancy_history.csv
[2026-05-15 05:45:03] Main Gym Fitness Gym: 1% (Closed) people=1 capacity=72 is_open=False hour_summary=Closed until 6:00am
[2026-05-15 05:45:03] Outback Climbing Center: 7% (Closed) people=2 capacity=30 is_open=False hour_summary=Closed until 10:00am
[2026-05-15 05:45:03] RIMAC Fitness Gym: 0% (Closed) people=1 capacity=150 is_open=False hour_summary=Closed until 6:00am
[2026-05-15 05:45:03] Triton Esports Center: 0% (Closed) people=0 capacity=35 is_open=False hour_summary=Closed until 7:30am
[2026-05-15 05:45:03] === SCRAPE END OK ===
[2026-05-15 06:00:02] === SCRAPE START ===
[2026-05-15 06:00:02] Fetching https://waitz.io/live/ucsd-rec
[2026-05-15 06:00:04] Saved 4 rows to ucsd_occupancy_history.csv
[2026-05-15 06:00:04] Main Gym Fitness Gym: 1% (Not Busy) people=1 capacity=72 is_open=True hour_summary=open
[2026-05-15 06:00:04] Outback Climbing Center: 7% (Closed) people=2 capacity=30 is_open=False hour_summary=Closed until 10:00am
[2026-05-15 06:00:04] RIMAC Fitness Gym: 1% (Not Busy) people=1 capacity=150 is_open=True hour_summary=open
[2026-05-15 06:00:04] Triton Esports Center: 0% (Closed) people=0 capacity=35 is_open=False hour_summary=Closed until 7:30am
[2026-05-15 06:00:04] === SCRAPE END OK ===
[2026-05-15 06:15:02] === SCRAPE START ===
[2026-05-15 06:15:02] Fetching https://waitz.io/live/ucsd-rec
[2026-05-15 06:15:03] Saved 4 rows to ucsd_occupancy_history.csv
[2026-05-15 06:15:03] Main Gym Fitness Gym: 1% (Not Busy) people=1 capacity=72 is_open=True hour_summary=open
[2026-05-15 06:15:03] Outback Climbing Center: 10% (Closed) people=3 capacity=30 is_open=False hour_summary=Closed until 10:00am
[2026-05-15 06:15:03] RIMAC Fitness Gym: 10% (Not Busy) people=16 capacity=150 is_open=True hour_summary=open
[2026-05-15 06:15:03] Triton Esports Center: 0% (Closed) people=0 capacity=35 is_open=False hour_summary=Closed until 7:30am
[2026-05-15 06:15:03] === SCRAPE END OK ===
[2026-05-15 06:30:02] === SCRAPE START ===
[2026-05-15 06:30:02] Fetching https://waitz.io/live/ucsd-rec
[2026-05-15 06:30:04] Saved 4 rows to ucsd_occupancy_history.csv
[2026-05-15 06:30:04] Main Gym Fitness Gym: 8% (Not Busy) people=6 capacity=72 is_open=True hour_summary=open
[2026-05-15 06:30:04] Outback Climbing Center: 1% (Closed) people=0 capacity=30 is_open=False hour_summary=Closed until 10:00am
[2026-05-15 06:30:04] RIMAC Fitness Gym: 17% (Not Busy) people=26 capacity=150 is_open=True hour_summary=open
[2026-05-15 06:30:04] Triton Esports Center: 0% (Closed) people=0 capacity=35 is_open=False hour_summary=Closed until 7:30am
[2026-05-15 06:30:04] === SCRAPE END OK ===
[2026-05-15 06:45:02] === SCRAPE START ===
[2026-05-15 06:45:02] Fetching https://waitz.io/live/ucsd-rec
[2026-05-15 06:45:03] Saved 4 rows to ucsd_occupancy_history.csv
[2026-05-15 06:45:03] Main Gym Fitness Gym: 3% (Not Busy) people=2 capacity=72 is_open=True hour_summary=open
[2026-05-15 06:45:03] Outback Climbing Center: 1% (Closed) people=0 capacity=30 is_open=False hour_summary=Closed until 10:00am
[2026-05-15 06:45:03] RIMAC Fitness Gym: 25% (Not Busy) people=37 capacity=150 is_open=True hour_summary=open
[2026-05-15 06:45:03] Triton Esports Center: 0% (Closed) people=0 capacity=35 is_open=False hour_summary=Closed until 7:30am
[2026-05-15 06:45:03] === SCRAPE END OK ===
[2026-05-15 07:00:02] === SCRAPE START ===
[2026-05-15 07:00:02] Fetching https://waitz.io/live/ucsd-rec
[2026-05-15 07:00:04] Saved 4 rows to ucsd_occupancy_history.csv
[2026-05-15 07:00:04] Main Gym Fitness Gym: 14% (Not Busy) people=10 capacity=72 is_open=True hour_summary=open
[2026-05-15 07:00:04] Outback Climbing Center: 3% (Closed) people=1 capacity=30 is_open=False hour_summary=Closed until 10:00am
[2026-05-15 07:00:04] RIMAC Fitness Gym: 27% (Not Busy) people=41 capacity=150 is_open=True hour_summary=open
[2026-05-15 07:00:04] Triton Esports Center: 0% (Closed) people=0 capacity=35 is_open=False hour_summary=Closed until 7:30am
[2026-05-15 07:00:04] === SCRAPE END OK ===
[2026-05-15 07:15:02] === SCRAPE START ===
[2026-05-15 07:15:02] Fetching https://waitz.io/live/ucsd-rec
[2026-05-15 07:15:03] Saved 4 rows to ucsd_occupancy_history.csv
[2026-05-15 07:15:03] Main Gym Fitness Gym: 12% (Not Busy) people=9 capacity=72 is_open=True hour_summary=open
[2026-05-15 07:15:03] Outback Climbing Center: 3% (Closed) people=1 capacity=30 is_open=False hour_summary=Closed until 10:00am
[2026-05-15 07:15:03] RIMAC Fitness Gym: 21% (Not Busy) people=32 capacity=150 is_open=True hour_summary=open
[2026-05-15 07:15:03] Triton Esports Center: 0% (Closed) people=0 capacity=35 is_open=False hour_summary=Closed until 7:30am
[2026-05-15 07:15:03] === SCRAPE END OK ===
[2026-05-15 07:30:02] === SCRAPE START ===
[2026-05-15 07:30:02] Fetching https://waitz.io/live/ucsd-rec
[2026-05-15 07:30:04] Saved 4 rows to ucsd_occupancy_history.csv
[2026-05-15 07:30:04] Main Gym Fitness Gym: 3% (Not Busy) people=2 capacity=72 is_open=True hour_summary=open
[2026-05-15 07:30:04] Outback Climbing Center: 4% (Closed) people=1 capacity=30 is_open=False hour_summary=Closed until 10:00am
[2026-05-15 07:30:04] RIMAC Fitness Gym: 31% (Not Busy) people=46 capacity=150 is_open=True hour_summary=open
[2026-05-15 07:30:04] Triton Esports Center: 0% (Not Busy) people=0 capacity=35 is_open=True hour_summary=open
[2026-05-15 07:30:04] === SCRAPE END OK ===
[2026-05-15 07:45:02] === SCRAPE START ===
[2026-05-15 07:45:02] Fetching https://waitz.io/live/ucsd-rec
[2026-05-15 07:45:03] Saved 4 rows to ucsd_occupancy_history.csv
[2026-05-15 07:45:03] Main Gym Fitness Gym: 10% (Not Busy) people=7 capacity=72 is_open=True hour_summary=open
[2026-05-15 07:45:03] Outback Climbing Center: 1% (Closed) people=0 capacity=30 is_open=False hour_summary=Closed until 10:00am
[2026-05-15 07:45:03] RIMAC Fitness Gym: 24% (Not Busy) people=35 capacity=150 is_open=True hour_summary=open
[2026-05-15 07:45:03] Triton Esports Center: 0% (Not Busy) people=0 capacity=35 is_open=True hour_summary=open
[2026-05-15 07:45:03] === SCRAPE END OK ===
[2026-05-15 08:00:02] === SCRAPE START ===
[2026-05-15 08:00:02] Fetching https://waitz.io/live/ucsd-rec
[2026-05-15 08:00:04] Saved 4 rows to ucsd_occupancy_history.csv
[2026-05-15 08:00:04] Main Gym Fitness Gym: 2% (Not Busy) people=2 capacity=72 is_open=True hour_summary=open
[2026-05-15 08:00:04] Outback Climbing Center: 3% (Closed) people=1 capacity=30 is_open=False hour_summary=Closed until 10:00am
[2026-05-15 08:00:04] RIMAC Fitness Gym: 25% (Not Busy) people=38 capacity=150 is_open=True hour_summary=open
[2026-05-15 08:00:04] Triton Esports Center: 1% (Not Busy) people=0 capacity=35 is_open=True hour_summary=open
[2026-05-15 08:00:04] === SCRAPE END OK ===
[2026-05-15 08:15:02] === SCRAPE START ===
[2026-05-15 08:15:02] Fetching https://waitz.io/live/ucsd-rec
[2026-05-15 08:15:04] Saved 4 rows to ucsd_occupancy_history.csv
[2026-05-15 08:15:04] Main Gym Fitness Gym: 3% (Not Busy) people=2 capacity=72 is_open=True hour_summary=open
[2026-05-15 08:15:04] Outback Climbing Center: 5% (Closed) people=1 capacity=30 is_open=False hour_summary=Closed until 10:00am
[2026-05-15 08:15:04] RIMAC Fitness Gym: 24% (Not Busy) people=36 capacity=150 is_open=True hour_summary=open
[2026-05-15 08:15:04] Triton Esports Center: 2% (Not Busy) people=1 capacity=35 is_open=True hour_summary=open
[2026-05-15 08:15:04] === SCRAPE END OK ===
[2026-05-15 08:30:02] === SCRAPE START ===
[2026-05-15 08:30:02] Fetching https://waitz.io/live/ucsd-rec
[2026-05-15 08:30:03] Saved 4 rows to ucsd_occupancy_history.csv
[2026-05-15 08:30:03] Main Gym Fitness Gym: 22% (Not Busy) people=16 capacity=72 is_open=True hour_summary=open
[2026-05-15 08:30:03] Outback Climbing Center: 8% (Closed) people=2 capacity=30 is_open=False hour_summary=Closed until 10:00am
[2026-05-15 08:30:03] RIMAC Fitness Gym: 26% (Not Busy) people=38 capacity=150 is_open=True hour_summary=open
[2026-05-15 08:30:03] Triton Esports Center: 7% (Not Busy) people=3 capacity=35 is_open=True hour_summary=open
[2026-05-15 08:30:03] === SCRAPE END OK ===
[2026-05-15 08:45:02] === SCRAPE START ===
[2026-05-15 08:45:02] Fetching https://waitz.io/live/ucsd-rec
[2026-05-15 08:45:03] Saved 4 rows to ucsd_occupancy_history.csv
[2026-05-15 08:45:03] Main Gym Fitness Gym: 21% (Not Busy) people=15 capacity=72 is_open=True hour_summary=open
[2026-05-15 08:45:03] Outback Climbing Center: 23% (Closed) people=7 capacity=30 is_open=False hour_summary=Closed until 10:00am
[2026-05-15 08:45:03] RIMAC Fitness Gym: 32% (Not Busy) people=47 capacity=150 is_open=True hour_summary=open
[2026-05-15 08:45:03] Triton Esports Center: 7% (Not Busy) people=3 capacity=35 is_open=True hour_summary=open
[2026-05-15 08:45:03] === SCRAPE END OK ===
[2026-05-15 09:00:02] === SCRAPE START ===
[2026-05-15 09:00:02] Fetching https://waitz.io/live/ucsd-rec
[2026-05-15 09:00:04] Saved 4 rows to ucsd_occupancy_history.csv
[2026-05-15 09:00:04] Main Gym Fitness Gym: 17% (Not Busy) people=12 capacity=72 is_open=True hour_summary=open
[2026-05-15 09:00:04] Outback Climbing Center: 57% (Closed) people=17 capacity=30 is_open=False hour_summary=Closed until 10:00am
[2026-05-15 09:00:04] RIMAC Fitness Gym: 36% (Not Busy) people=54 capacity=150 is_open=True hour_summary=open
[2026-05-15 09:00:04] Triton Esports Center: 12% (Not Busy) people=4 capacity=35 is_open=True hour_summary=open
[2026-05-15 09:00:04] === SCRAPE END OK ===
[2026-05-15 09:15:02] === SCRAPE START ===
[2026-05-15 09:15:02] Fetching https://waitz.io/live/ucsd-rec
[2026-05-15 09:15:03] Saved 4 rows to ucsd_occupancy_history.csv
[2026-05-15 09:15:03] Main Gym Fitness Gym: 10% (Not Busy) people=7 capacity=72 is_open=True hour_summary=open
[2026-05-15 09:15:03] Outback Climbing Center: 53% (Closed) people=16 capacity=30 is_open=False hour_summary=Closed until 10:00am
[2026-05-15 09:15:03] RIMAC Fitness Gym: 33% (Not Busy) people=50 capacity=150 is_open=True hour_summary=open
[2026-05-15 09:15:03] Triton Esports Center: 13% (Not Busy) people=4 capacity=35 is_open=True hour_summary=open
[2026-05-15 09:15:03] === SCRAPE END OK ===
[2026-05-15 09:30:02] === SCRAPE START ===
[2026-05-15 09:30:02] Fetching https://waitz.io/live/ucsd-rec
[2026-05-15 09:30:03] Saved 4 rows to ucsd_occupancy_history.csv
[2026-05-15 09:30:03] Main Gym Fitness Gym: 23% (Not Busy) people=16 capacity=72 is_open=True hour_summary=open
[2026-05-15 09:30:03] Outback Climbing Center: 62% (Closed) people=19 capacity=30 is_open=False hour_summary=Closed until 10:00am
[2026-05-15 09:30:03] RIMAC Fitness Gym: 31% (Not Busy) people=46 capacity=150 is_open=True hour_summary=open
[2026-05-15 09:30:03] Triton Esports Center: 21% (Not Busy) people=7 capacity=35 is_open=True hour_summary=open
[2026-05-15 09:30:03] === SCRAPE END OK ===
[2026-05-15 09:45:02] === SCRAPE START ===
[2026-05-15 09:45:02] Fetching https://waitz.io/live/ucsd-rec
[2026-05-15 09:45:03] Saved 4 rows to ucsd_occupancy_history.csv
[2026-05-15 09:45:03] Main Gym Fitness Gym: 23% (Not Busy) people=17 capacity=72 is_open=True hour_summary=open
[2026-05-15 09:45:03] Outback Climbing Center: 66% (Closed) people=20 capacity=30 is_open=False hour_summary=Closed until 10:00am
[2026-05-15 09:45:03] RIMAC Fitness Gym: 31% (Not Busy) people=47 capacity=150 is_open=True hour_summary=open
[2026-05-15 09:45:03] Triton Esports Center: 18% (Not Busy) people=6 capacity=35 is_open=True hour_summary=open
[2026-05-15 09:45:03] === SCRAPE END OK ===
[2026-05-15 10:00:02] === SCRAPE START ===
[2026-05-15 10:00:02] Fetching https://waitz.io/live/ucsd-rec
[2026-05-15 10:00:04] Saved 4 rows to ucsd_occupancy_history.csv
[2026-05-15 10:00:04] Main Gym Fitness Gym: 36% (Not Busy) people=26 capacity=72 is_open=True hour_summary=open
[2026-05-15 10:00:04] Outback Climbing Center: 99% (Very Active) people=46 capacity=30 is_open=True hour_summary=open
[2026-05-15 10:00:04] RIMAC Fitness Gym: 32% (Not Busy) people=47 capacity=150 is_open=True hour_summary=open
[2026-05-15 10:00:04] Triton Esports Center: 17% (Not Busy) people=6 capacity=35 is_open=True hour_summary=open
[2026-05-15 10:00:04] === SCRAPE END OK ===
[2026-05-15 10:15:02] === SCRAPE START ===
[2026-05-15 10:15:02] Fetching https://waitz.io/live/ucsd-rec
[2026-05-15 10:15:03] Saved 4 rows to ucsd_occupancy_history.csv
[2026-05-15 10:15:03] Main Gym Fitness Gym: 22% (Not Busy) people=16 capacity=72 is_open=True hour_summary=open
[2026-05-15 10:15:03] Outback Climbing Center: 99% (Very Active) people=31 capacity=30 is_open=True hour_summary=open
[2026-05-15 10:15:03] RIMAC Fitness Gym: 41% (Not Busy) people=61 capacity=150 is_open=True hour_summary=open
[2026-05-15 10:15:03] Triton Esports Center: 20% (Not Busy) people=7 capacity=35 is_open=True hour_summary=open
[2026-05-15 10:15:03] === SCRAPE END OK ===
[2026-05-15 10:30:02] === SCRAPE START ===
[2026-05-15 10:30:02] Fetching https://waitz.io/live/ucsd-rec
[2026-05-15 10:30:04] Saved 4 rows to ucsd_occupancy_history.csv
[2026-05-15 10:30:04] Main Gym Fitness Gym: 21% (Not Busy) people=15 capacity=72 is_open=True hour_summary=open
[2026-05-15 10:30:04] Outback Climbing Center: 72% (Busy) people=22 capacity=30 is_open=True hour_summary=open
[2026-05-15 10:30:04] RIMAC Fitness Gym: 41% (Not Busy) people=61 capacity=150 is_open=True hour_summary=open
[2026-05-15 10:30:04] Triton Esports Center: 18% (Not Busy) people=6 capacity=35 is_open=True hour_summary=open
[2026-05-15 10:30:04] === SCRAPE END OK ===
[2026-05-15 10:45:02] === SCRAPE START ===
[2026-05-15 10:45:02] Fetching https://waitz.io/live/ucsd-rec
[2026-05-15 10:45:03] Saved 4 rows to ucsd_occupancy_history.csv
[2026-05-15 10:45:03] Main Gym Fitness Gym: 15% (Not Busy) people=11 capacity=72 is_open=True hour_summary=open
[2026-05-15 10:45:03] Outback Climbing Center: 95% (Very Active) people=29 capacity=30 is_open=True hour_summary=open
[2026-05-15 10:45:03] RIMAC Fitness Gym: 41% (Not Busy) people=61 capacity=150 is_open=True hour_summary=open
[2026-05-15 10:45:03] Triton Esports Center: 24% (Not Busy) people=9 capacity=35 is_open=True hour_summary=open
[2026-05-15 10:45:03] === SCRAPE END OK ===
[2026-05-15 11:00:02] === SCRAPE START ===
[2026-05-15 11:00:02] Fetching https://waitz.io/live/ucsd-rec
[2026-05-15 11:00:05] Saved 4 rows to ucsd_occupancy_history.csv
[2026-05-15 11:00:05] Main Gym Fitness Gym: 30% (Not Busy) people=21 capacity=72 is_open=True hour_summary=open
[2026-05-15 11:00:05] Outback Climbing Center: 67% (Busy) people=20 capacity=30 is_open=True hour_summary=open
[2026-05-15 11:00:05] RIMAC Fitness Gym: 46% (Busy) people=69 capacity=150 is_open=True hour_summary=open
[2026-05-15 11:00:05] Triton Esports Center: 25% (Not Busy) people=9 capacity=35 is_open=True hour_summary=open
[2026-05-15 11:00:05] === SCRAPE END OK ===
[2026-05-15 11:15:02] === SCRAPE START ===
[2026-05-15 11:15:02] Fetching https://waitz.io/live/ucsd-rec
[2026-05-15 11:15:03] Saved 4 rows to ucsd_occupancy_history.csv
[2026-05-15 11:15:03] Main Gym Fitness Gym: 6% (Not Busy) people=5 capacity=72 is_open=True hour_summary=open
[2026-05-15 11:15:03] Outback Climbing Center: 99% (Very Active) people=39 capacity=30 is_open=True hour_summary=open
[2026-05-15 11:15:03] RIMAC Fitness Gym: 51% (Busy) people=76 capacity=150 is_open=True hour_summary=open
[2026-05-15 11:15:03] Triton Esports Center: 26% (Not Busy) people=9 capacity=35 is_open=True hour_summary=open
[2026-05-15 11:15:03] === SCRAPE END OK ===
[2026-05-15 11:30:02] === SCRAPE START ===
[2026-05-15 11:30:02] Fetching https://waitz.io/live/ucsd-rec
[2026-05-15 11:30:04] Saved 4 rows to ucsd_occupancy_history.csv
[2026-05-15 11:30:04] Main Gym Fitness Gym: 18% (Not Busy) people=13 capacity=72 is_open=True hour_summary=open
[2026-05-15 11:30:04] Outback Climbing Center: 99% (Very Active) people=33 capacity=30 is_open=True hour_summary=open
[2026-05-15 11:30:04] RIMAC Fitness Gym: 40% (Not Busy) people=60 capacity=150 is_open=True hour_summary=open
[2026-05-15 11:30:04] Triton Esports Center: 40% (Not Busy) people=14 capacity=35 is_open=True hour_summary=open
[2026-05-15 11:30:04] === SCRAPE END OK ===
[2026-05-15 11:45:02] === SCRAPE START ===
[2026-05-15 11:45:02] Fetching https://waitz.io/live/ucsd-rec
[2026-05-15 11:45:03] Saved 4 rows to ucsd_occupancy_history.csv
[2026-05-15 11:45:03] Main Gym Fitness Gym: 27% (Not Busy) people=20 capacity=72 is_open=True hour_summary=open
[2026-05-15 11:45:03] Outback Climbing Center: 99% (Very Active) people=44 capacity=30 is_open=True hour_summary=open
[2026-05-15 11:45:03] RIMAC Fitness Gym: 42% (Not Busy) people=63 capacity=150 is_open=True hour_summary=open
[2026-05-15 11:45:03] Triton Esports Center: 39% (Not Busy) people=14 capacity=35 is_open=True hour_summary=open
[2026-05-15 11:45:03] === SCRAPE END OK ===
[2026-05-15 12:00:02] === SCRAPE START ===
[2026-05-15 12:00:02] Fetching https://waitz.io/live/ucsd-rec
[2026-05-15 12:00:03] Saved 4 rows to ucsd_occupancy_history.csv
[2026-05-15 12:00:03] Main Gym Fitness Gym: 25% (Not Busy) people=18 capacity=72 is_open=True hour_summary=open
[2026-05-15 12:00:03] Outback Climbing Center: 42% (Not Busy) people=12 capacity=30 is_open=True hour_summary=open
[2026-05-15 12:00:03] RIMAC Fitness Gym: 47% (Busy) people=71 capacity=150 is_open=True hour_summary=open
[2026-05-15 12:00:03] Triton Esports Center: 30% (Not Busy) people=10 capacity=35 is_open=True hour_summary=open
[2026-05-15 12:00:03] === SCRAPE END OK ===
[2026-05-15 12:15:02] === SCRAPE START ===
[2026-05-15 12:15:02] Fetching https://waitz.io/live/ucsd-rec
[2026-05-15 12:15:03] Saved 4 rows to ucsd_occupancy_history.csv
[2026-05-15 12:15:03] Main Gym Fitness Gym: 39% (Not Busy) people=28 capacity=72 is_open=True hour_summary=open
[2026-05-15 12:15:03] Outback Climbing Center: 39% (Not Busy) people=12 capacity=30 is_open=True hour_summary=open
[2026-05-15 12:15:03] RIMAC Fitness Gym: 46% (Busy) people=69 capacity=150 is_open=True hour_summary=open
[2026-05-15 12:15:03] Triton Esports Center: 26% (Not Busy) people=9 capacity=35 is_open=True hour_summary=open
[2026-05-15 12:15:03] === SCRAPE END OK ===
[2026-05-15 12:30:02] === SCRAPE START ===
[2026-05-15 12:30:02] Fetching https://waitz.io/live/ucsd-rec
[2026-05-15 12:30:04] Saved 4 rows to ucsd_occupancy_history.csv
[2026-05-15 12:30:04] Main Gym Fitness Gym: 42% (Not Busy) people=31 capacity=72 is_open=True hour_summary=open
[2026-05-15 12:30:04] Outback Climbing Center: 80% (Busy) people=24 capacity=30 is_open=True hour_summary=open
[2026-05-15 12:30:04] RIMAC Fitness Gym: 52% (Busy) people=78 capacity=150 is_open=True hour_summary=open
[2026-05-15 12:30:04] Triton Esports Center: 28% (Not Busy) people=10 capacity=35 is_open=True hour_summary=open
[2026-05-15 12:30:04] === SCRAPE END OK ===
[2026-05-15 12:45:02] === SCRAPE START ===
[2026-05-15 12:45:02] Fetching https://waitz.io/live/ucsd-rec
[2026-05-15 12:45:03] Saved 4 rows to ucsd_occupancy_history.csv
[2026-05-15 12:45:03] Main Gym Fitness Gym: 23% (Not Busy) people=17 capacity=72 is_open=True hour_summary=open
[2026-05-15 12:45:03] Outback Climbing Center: 53% (Busy) people=16 capacity=30 is_open=True hour_summary=open
[2026-05-15 12:45:03] RIMAC Fitness Gym: 51% (Busy) people=77 capacity=150 is_open=True hour_summary=open
[2026-05-15 12:45:03] Triton Esports Center: 35% (Not Busy) people=12 capacity=35 is_open=True hour_summary=open
[2026-05-15 12:45:03] === SCRAPE END OK ===
[2026-05-15 13:00:02] === SCRAPE START ===
[2026-05-15 13:00:02] Fetching https://waitz.io/live/ucsd-rec
[2026-05-15 13:00:03] Saved 4 rows to ucsd_occupancy_history.csv
[2026-05-15 13:00:03] Main Gym Fitness Gym: 35% (Not Busy) people=25 capacity=72 is_open=True hour_summary=open
[2026-05-15 13:00:03] Outback Climbing Center: 70% (Busy) people=21 capacity=30 is_open=True hour_summary=open
[2026-05-15 13:00:03] RIMAC Fitness Gym: 51% (Busy) people=77 capacity=150 is_open=True hour_summary=open
[2026-05-15 13:00:03] Triton Esports Center: 39% (Not Busy) people=14 capacity=35 is_open=True hour_summary=open
[2026-05-15 13:00:03] === SCRAPE END OK ===
[2026-05-15 13:15:02] === SCRAPE START ===
[2026-05-15 13:15:02] Fetching https://waitz.io/live/ucsd-rec
[2026-05-15 13:15:03] Saved 4 rows to ucsd_occupancy_history.csv
[2026-05-15 13:15:03] Main Gym Fitness Gym: 30% (Not Busy) people=21 capacity=72 is_open=True hour_summary=open
[2026-05-15 13:15:03] Outback Climbing Center: 35% (Not Busy) people=10 capacity=30 is_open=True hour_summary=open
[2026-05-15 13:15:03] RIMAC Fitness Gym: 49% (Busy) people=74 capacity=150 is_open=True hour_summary=open
[2026-05-15 13:15:03] Triton Esports Center: 41% (Not Busy) people=14 capacity=35 is_open=True hour_summary=open
[2026-05-15 13:15:03] === SCRAPE END OK ===
[2026-05-15 13:30:02] === SCRAPE START ===
[2026-05-15 13:30:02] Fetching https://waitz.io/live/ucsd-rec
[2026-05-15 13:30:03] Saved 4 rows to ucsd_occupancy_history.csv
[2026-05-15 13:30:03] Main Gym Fitness Gym: 23% (Not Busy) people=16 capacity=72 is_open=True hour_summary=open
[2026-05-15 13:30:03] Outback Climbing Center: 34% (Not Busy) people=10 capacity=30 is_open=True hour_summary=open
[2026-05-15 13:30:03] RIMAC Fitness Gym: 39% (Not Busy) people=58 capacity=150 is_open=True hour_summary=open
[2026-05-15 13:30:03] Triton Esports Center: 43% (Not Busy) people=15 capacity=35 is_open=True hour_summary=open
[2026-05-15 13:30:03] === SCRAPE END OK ===
[2026-05-15 13:45:02] === SCRAPE START ===
[2026-05-15 13:45:02] Fetching https://waitz.io/live/ucsd-rec
[2026-05-15 13:45:03] Saved 4 rows to ucsd_occupancy_history.csv
[2026-05-15 13:45:03] Main Gym Fitness Gym: 15% (Not Busy) people=11 capacity=72 is_open=True hour_summary=open
[2026-05-15 13:45:03] Outback Climbing Center: 36% (Not Busy) people=11 capacity=30 is_open=True hour_summary=open
[2026-05-15 13:45:03] RIMAC Fitness Gym: 49% (Busy) people=74 capacity=150 is_open=True hour_summary=open
[2026-05-15 13:45:03] Triton Esports Center: 54% (Busy) people=19 capacity=35 is_open=True hour_summary=open
[2026-05-15 13:45:03] === SCRAPE END OK ===
[2026-05-15 14:00:02] === SCRAPE START ===
[2026-05-15 14:00:02] Fetching https://waitz.io/live/ucsd-rec
[2026-05-15 14:00:04] Saved 4 rows to ucsd_occupancy_history.csv
[2026-05-15 14:00:04] Main Gym Fitness Gym: 37% (Not Busy) people=27 capacity=72 is_open=True hour_summary=open
[2026-05-15 14:00:04] Outback Climbing Center: 37% (Not Busy) people=11 capacity=30 is_open=True hour_summary=open
[2026-05-15 14:00:04] RIMAC Fitness Gym: 47% (Busy) people=70 capacity=150 is_open=True hour_summary=open
[2026-05-15 14:00:04] Triton Esports Center: 42% (Not Busy) people=15 capacity=35 is_open=True hour_summary=open
[2026-05-15 14:00:04] === SCRAPE END OK ===
[2026-05-15 14:15:02] === SCRAPE START ===
[2026-05-15 14:15:02] Fetching https://waitz.io/live/ucsd-rec
[2026-05-15 14:15:03] Saved 4 rows to ucsd_occupancy_history.csv
[2026-05-15 14:15:03] Main Gym Fitness Gym: 21% (Not Busy) people=15 capacity=72 is_open=True hour_summary=open
[2026-05-15 14:15:03] Outback Climbing Center: 36% (Not Busy) people=11 capacity=30 is_open=True hour_summary=open
[2026-05-15 14:15:03] RIMAC Fitness Gym: 41% (Not Busy) people=62 capacity=150 is_open=True hour_summary=open
[2026-05-15 14:15:03] Triton Esports Center: 53% (Busy) people=18 capacity=35 is_open=True hour_summary=open
[2026-05-15 14:15:03] === SCRAPE END OK ===
[2026-05-15 14:30:02] === SCRAPE START ===
[2026-05-15 14:30:02] Fetching https://waitz.io/live/ucsd-rec
[2026-05-15 14:30:04] Saved 4 rows to ucsd_occupancy_history.csv
[2026-05-15 14:30:04] Main Gym Fitness Gym: 36% (Not Busy) people=26 capacity=72 is_open=True hour_summary=open
[2026-05-15 14:30:04] Outback Climbing Center: 28% (Not Busy) people=8 capacity=30 is_open=True hour_summary=open
[2026-05-15 14:30:04] RIMAC Fitness Gym: 51% (Busy) people=76 capacity=150 is_open=True hour_summary=open
[2026-05-15 14:30:04] Triton Esports Center: 46% (Busy) people=16 capacity=35 is_open=True hour_summary=open
[2026-05-15 14:30:04] === SCRAPE END OK ===
[2026-05-15 14:45:02] === SCRAPE START ===
[2026-05-15 14:45:02] Fetching https://waitz.io/live/ucsd-rec
[2026-05-15 14:45:03] Saved 4 rows to ucsd_occupancy_history.csv
[2026-05-15 14:45:03] Main Gym Fitness Gym: 99% (Very Active) people=115 capacity=72 is_open=True hour_summary=open
[2026-05-15 14:45:03] Outback Climbing Center: 49% (Busy) people=15 capacity=30 is_open=True hour_summary=open
[2026-05-15 14:45:03] RIMAC Fitness Gym: 40% (Not Busy) people=60 capacity=150 is_open=True hour_summary=open
[2026-05-15 14:45:03] Triton Esports Center: 55% (Busy) people=19 capacity=35 is_open=True hour_summary=open
[2026-05-15 14:45:03] === SCRAPE END OK ===
[2026-05-15 15:00:02] === SCRAPE START ===
[2026-05-15 15:00:02] Fetching https://waitz.io/live/ucsd-rec
[2026-05-15 15:00:04] Saved 4 rows to ucsd_occupancy_history.csv
[2026-05-15 15:00:04] Main Gym Fitness Gym: 33% (Not Busy) people=24 capacity=72 is_open=True hour_summary=open
[2026-05-15 15:00:04] Outback Climbing Center: 61% (Busy) people=18 capacity=30 is_open=True hour_summary=open
[2026-05-15 15:00:04] RIMAC Fitness Gym: 42% (Not Busy) people=63 capacity=150 is_open=True hour_summary=open
[2026-05-15 15:00:04] Triton Esports Center: 55% (Busy) people=19 capacity=35 is_open=True hour_summary=open
[2026-05-15 15:00:04] === SCRAPE END OK ===
[2026-05-15 15:15:02] === SCRAPE START ===
[2026-05-15 15:15:02] Fetching https://waitz.io/live/ucsd-rec
[2026-05-15 15:15:03] Saved 4 rows to ucsd_occupancy_history.csv
[2026-05-15 15:15:03] Main Gym Fitness Gym: 32% (Not Busy) people=23 capacity=72 is_open=True hour_summary=open
[2026-05-15 15:15:03] Outback Climbing Center: 40% (Not Busy) people=12 capacity=30 is_open=True hour_summary=open
[2026-05-15 15:15:03] RIMAC Fitness Gym: 43% (Not Busy) people=65 capacity=150 is_open=True hour_summary=open
[2026-05-15 15:15:03] Triton Esports Center: 59% (Busy) people=21 capacity=35 is_open=True hour_summary=open
[2026-05-15 15:15:03] === SCRAPE END OK ===
[2026-05-15 15:30:02] === SCRAPE START ===
[2026-05-15 15:30:02] Fetching https://waitz.io/live/ucsd-rec
[2026-05-15 15:30:03] Saved 4 rows to ucsd_occupancy_history.csv
[2026-05-15 15:30:03] Main Gym Fitness Gym: 37% (Not Busy) people=27 capacity=72 is_open=True hour_summary=open
[2026-05-15 15:30:03] Outback Climbing Center: 48% (Busy) people=14 capacity=30 is_open=True hour_summary=open
[2026-05-15 15:30:03] RIMAC Fitness Gym: 48% (Busy) people=72 capacity=150 is_open=True hour_summary=open
[2026-05-15 15:30:03] Triton Esports Center: 29% (Not Busy) people=10 capacity=35 is_open=True hour_summary=open
[2026-05-15 15:30:03] === SCRAPE END OK ===
[2026-05-15 15:45:02] === SCRAPE START ===
[2026-05-15 15:45:02] Fetching https://waitz.io/live/ucsd-rec
[2026-05-15 15:45:03] Saved 4 rows to ucsd_occupancy_history.csv
[2026-05-15 15:45:03] Main Gym Fitness Gym: 39% (Not Busy) people=28 capacity=72 is_open=True hour_summary=open
[2026-05-15 15:45:03] Outback Climbing Center: 49% (Busy) people=15 capacity=30 is_open=True hour_summary=open
[2026-05-15 15:45:03] RIMAC Fitness Gym: 56% (Busy) people=84 capacity=150 is_open=True hour_summary=open
[2026-05-15 15:45:03] Triton Esports Center: 27% (Not Busy) people=10 capacity=35 is_open=True hour_summary=open
[2026-05-15 15:45:03] === SCRAPE END OK ===
[2026-05-15 16:00:02] === SCRAPE START ===
[2026-05-15 16:00:02] Fetching https://waitz.io/live/ucsd-rec
[2026-05-15 16:00:04] Saved 4 rows to ucsd_occupancy_history.csv
[2026-05-15 16:00:04] Main Gym Fitness Gym: 31% (Not Busy) people=22 capacity=72 is_open=True hour_summary=open
[2026-05-15 16:00:04] Outback Climbing Center: 54% (Busy) people=16 capacity=30 is_open=True hour_summary=open
[2026-05-15 16:00:04] RIMAC Fitness Gym: 53% (Busy) people=80 capacity=150 is_open=True hour_summary=open
[2026-05-15 16:00:04] Triton Esports Center: 31% (Not Busy) people=11 capacity=35 is_open=True hour_summary=open
[2026-05-15 16:00:04] === SCRAPE END OK ===
[2026-05-15 16:15:02] === SCRAPE START ===
[2026-05-15 16:15:02] Fetching https://waitz.io/live/ucsd-rec
[2026-05-15 16:15:03] Saved 4 rows to ucsd_occupancy_history.csv
[2026-05-15 16:15:03] Main Gym Fitness Gym: 28% (Not Busy) people=20 capacity=72 is_open=True hour_summary=open
[2026-05-15 16:15:03] Outback Climbing Center: 36% (Not Busy) people=11 capacity=30 is_open=True hour_summary=open
[2026-05-15 16:15:03] RIMAC Fitness Gym: 59% (Busy) people=88 capacity=150 is_open=True hour_summary=open
[2026-05-15 16:15:03] Triton Esports Center: 41% (Not Busy) people=14 capacity=35 is_open=True hour_summary=open
[2026-05-15 16:15:03] === SCRAPE END OK ===
[2026-05-15 16:30:02] === SCRAPE START ===
[2026-05-15 16:30:02] Fetching https://waitz.io/live/ucsd-rec
[2026-05-15 16:30:04] Saved 4 rows to ucsd_occupancy_history.csv
[2026-05-15 16:30:04] Main Gym Fitness Gym: 23% (Not Busy) people=17 capacity=72 is_open=True hour_summary=open
[2026-05-15 16:30:04] Outback Climbing Center: 44% (Not Busy) people=13 capacity=30 is_open=True hour_summary=open
[2026-05-15 16:30:04] RIMAC Fitness Gym: 61% (Busy) people=92 capacity=150 is_open=True hour_summary=open
[2026-05-15 16:30:04] Triton Esports Center: 38% (Not Busy) people=13 capacity=35 is_open=True hour_summary=open
[2026-05-15 16:30:04] === SCRAPE END OK ===
[2026-05-15 16:45:02] === SCRAPE START ===
[2026-05-15 16:45:02] Fetching https://waitz.io/live/ucsd-rec
[2026-05-15 16:45:03] Saved 4 rows to ucsd_occupancy_history.csv
[2026-05-15 16:45:03] Main Gym Fitness Gym: 25% (Not Busy) people=18 capacity=72 is_open=True hour_summary=open
[2026-05-15 16:45:03] Outback Climbing Center: 47% (Busy) people=14 capacity=30 is_open=True hour_summary=open
[2026-05-15 16:45:03] RIMAC Fitness Gym: 67% (Busy) people=100 capacity=150 is_open=True hour_summary=open
[2026-05-15 16:45:03] Triton Esports Center: 33% (Not Busy) people=11 capacity=35 is_open=True hour_summary=open
[2026-05-15 16:45:03] === SCRAPE END OK ===
[2026-05-15 17:00:02] === SCRAPE START ===
[2026-05-15 17:00:02] Fetching https://waitz.io/live/ucsd-rec
[2026-05-15 17:00:04] Saved 4 rows to ucsd_occupancy_history.csv
[2026-05-15 17:00:04] Main Gym Fitness Gym: 28% (Not Busy) people=20 capacity=72 is_open=True hour_summary=open
[2026-05-15 17:00:04] Outback Climbing Center: 48% (Busy) people=14 capacity=30 is_open=True hour_summary=open
[2026-05-15 17:00:04] RIMAC Fitness Gym: 57% (Busy) people=86 capacity=150 is_open=True hour_summary=open
[2026-05-15 17:00:04] Triton Esports Center: 35% (Not Busy) people=12 capacity=35 is_open=True hour_summary=open
[2026-05-15 17:00:04] === SCRAPE END OK ===
[2026-05-15 17:15:02] === SCRAPE START ===
[2026-05-15 17:15:02] Fetching https://waitz.io/live/ucsd-rec
[2026-05-15 17:15:03] Saved 4 rows to ucsd_occupancy_history.csv
[2026-05-15 17:15:03] Main Gym Fitness Gym: 47% (Busy) people=34 capacity=72 is_open=True hour_summary=open
[2026-05-15 17:15:03] Outback Climbing Center: 69% (Busy) people=21 capacity=30 is_open=True hour_summary=open
[2026-05-15 17:15:03] RIMAC Fitness Gym: 61% (Busy) people=92 capacity=150 is_open=True hour_summary=open
[2026-05-15 17:15:03] Triton Esports Center: 46% (Busy) people=16 capacity=35 is_open=True hour_summary=open
[2026-05-15 17:15:03] === SCRAPE END OK ===
[2026-05-15 17:30:02] === SCRAPE START ===
[2026-05-15 17:30:02] Fetching https://waitz.io/live/ucsd-rec
[2026-05-15 17:30:03] Saved 4 rows to ucsd_occupancy_history.csv
[2026-05-15 17:30:03] Main Gym Fitness Gym: 36% (Not Busy) people=26 capacity=72 is_open=True hour_summary=open
[2026-05-15 17:30:03] Outback Climbing Center: 64% (Busy) people=19 capacity=30 is_open=True hour_summary=open
[2026-05-15 17:30:03] RIMAC Fitness Gym: 60% (Busy) people=89 capacity=150 is_open=True hour_summary=open
[2026-05-15 17:30:03] Triton Esports Center: 53% (Busy) people=19 capacity=35 is_open=True hour_summary=open
[2026-05-15 17:30:03] === SCRAPE END OK ===
[2026-05-15 17:45:02] === SCRAPE START ===
[2026-05-15 17:45:02] Fetching https://waitz.io/live/ucsd-rec
[2026-05-15 17:45:03] Saved 4 rows to ucsd_occupancy_history.csv
[2026-05-15 17:45:03] Main Gym Fitness Gym: 36% (Not Busy) people=26 capacity=72 is_open=True hour_summary=open
[2026-05-15 17:45:03] Outback Climbing Center: 62% (Busy) people=19 capacity=30 is_open=True hour_summary=open
[2026-05-15 17:45:03] RIMAC Fitness Gym: 50% (Busy) people=76 capacity=150 is_open=True hour_summary=open
[2026-05-15 17:45:03] Triton Esports Center: 62% (Busy) people=22 capacity=35 is_open=True hour_summary=open
[2026-05-15 17:45:03] === SCRAPE END OK ===
[2026-05-15 18:00:01] === SCRAPE START ===
[2026-05-15 18:00:01] Fetching https://waitz.io/live/ucsd-rec
[2026-05-15 18:00:03] Saved 4 rows to ucsd_occupancy_history.csv
[2026-05-15 18:00:03] Main Gym Fitness Gym: 50% (Busy) people=36 capacity=72 is_open=True hour_summary=open
[2026-05-15 18:00:03] Outback Climbing Center: 68% (Busy) people=21 capacity=30 is_open=True hour_summary=open
[2026-05-15 18:00:03] RIMAC Fitness Gym: 44% (Not Busy) people=66 capacity=150 is_open=True hour_summary=open
[2026-05-15 18:00:03] Triton Esports Center: 74% (Busy) people=26 capacity=35 is_open=True hour_summary=open
[2026-05-15 18:00:03] === SCRAPE END OK ===
[2026-05-15 18:15:02] === SCRAPE START ===
[2026-05-15 18:15:02] Fetching https://waitz.io/live/ucsd-rec
[2026-05-15 18:15:03] Saved 4 rows to ucsd_occupancy_history.csv
[2026-05-15 18:15:03] Main Gym Fitness Gym: 38% (Not Busy) people=27 capacity=72 is_open=True hour_summary=open
[2026-05-15 18:15:03] Outback Climbing Center: 45% (Not Busy) people=14 capacity=30 is_open=True hour_summary=open
[2026-05-15 18:15:03] RIMAC Fitness Gym: 42% (Not Busy) people=63 capacity=150 is_open=True hour_summary=open
[2026-05-15 18:15:03] Triton Esports Center: 92% (Very Active) people=32 capacity=35 is_open=True hour_summary=open
[2026-05-15 18:15:03] === SCRAPE END OK ===
[2026-05-15 18:30:02] === SCRAPE START ===
[2026-05-15 18:30:02] Fetching https://waitz.io/live/ucsd-rec
[2026-05-15 18:30:04] Saved 4 rows to ucsd_occupancy_history.csv
[2026-05-15 18:30:04] Main Gym Fitness Gym: 27% (Not Busy) people=19 capacity=72 is_open=True hour_summary=open
[2026-05-15 18:30:04] Outback Climbing Center: 68% (Busy) people=20 capacity=30 is_open=True hour_summary=open
[2026-05-15 18:30:04] RIMAC Fitness Gym: 53% (Busy) people=80 capacity=150 is_open=True hour_summary=open
[2026-05-15 18:30:04] Triton Esports Center: 64% (Busy) people=23 capacity=35 is_open=True hour_summary=open
[2026-05-15 18:30:04] === SCRAPE END OK ===
[2026-05-15 18:45:02] === SCRAPE START ===
[2026-05-15 18:45:02] Fetching https://waitz.io/live/ucsd-rec
[2026-05-15 18:45:03] Saved 4 rows to ucsd_occupancy_history.csv
[2026-05-15 18:45:03] Main Gym Fitness Gym: 19% (Not Busy) people=14 capacity=72 is_open=True hour_summary=open
[2026-05-15 18:45:03] Outback Climbing Center: 62% (Busy) people=19 capacity=30 is_open=True hour_summary=open
[2026-05-15 18:45:03] RIMAC Fitness Gym: 56% (Busy) people=84 capacity=150 is_open=True hour_summary=open
[2026-05-15 18:45:03] Triton Esports Center: 66% (Busy) people=23 capacity=35 is_open=True hour_summary=open
[2026-05-15 18:45:03] === SCRAPE END OK ===
[2026-05-15 19:00:02] === SCRAPE START ===
[2026-05-15 19:00:02] Fetching https://waitz.io/live/ucsd-rec
[2026-05-15 19:00:03] Saved 4 rows to ucsd_occupancy_history.csv
[2026-05-15 19:00:03] Main Gym Fitness Gym: 52% (Busy) people=38 capacity=72 is_open=True hour_summary=open
[2026-05-15 19:00:03] Outback Climbing Center: 69% (Busy) people=21 capacity=30 is_open=True hour_summary=open
[2026-05-15 19:00:03] RIMAC Fitness Gym: 61% (Busy) people=92 capacity=150 is_open=True hour_summary=open
[2026-05-15 19:00:03] Triton Esports Center: 60% (Busy) people=21 capacity=35 is_open=True hour_summary=open
[2026-05-15 19:00:03] === SCRAPE END OK ===
[2026-05-15 19:15:02] === SCRAPE START ===
[2026-05-15 19:15:02] Fetching https://waitz.io/live/ucsd-rec
[2026-05-15 19:15:03] Saved 4 rows to ucsd_occupancy_history.csv
[2026-05-15 19:15:03] Main Gym Fitness Gym: 28% (Not Busy) people=20 capacity=72 is_open=True hour_summary=open
[2026-05-15 19:15:03] Outback Climbing Center: 58% (Busy) people=17 capacity=30 is_open=True hour_summary=open
[2026-05-15 19:15:03] RIMAC Fitness Gym: 56% (Busy) people=84 capacity=150 is_open=True hour_summary=open
[2026-05-15 19:15:03] Triton Esports Center: 42% (Not Busy) people=15 capacity=35 is_open=True hour_summary=open
[2026-05-15 19:15:03] === SCRAPE END OK ===
[2026-05-15 19:30:02] === SCRAPE START ===
[2026-05-15 19:30:02] Fetching https://waitz.io/live/ucsd-rec
[2026-05-15 19:30:03] Saved 4 rows to ucsd_occupancy_history.csv
[2026-05-15 19:30:03] Main Gym Fitness Gym: 21% (Not Busy) people=15 capacity=72 is_open=True hour_summary=open
[2026-05-15 19:30:03] Outback Climbing Center: 56% (Busy) people=17 capacity=30 is_open=True hour_summary=open
[2026-05-15 19:30:03] RIMAC Fitness Gym: 53% (Busy) people=79 capacity=150 is_open=True hour_summary=open
[2026-05-15 19:30:03] Triton Esports Center: 44% (Not Busy) people=15 capacity=35 is_open=True hour_summary=open
[2026-05-15 19:30:03] === SCRAPE END OK ===
[2026-05-15 19:45:02] === SCRAPE START ===
[2026-05-15 19:45:02] Fetching https://waitz.io/live/ucsd-rec
[2026-05-15 19:45:03] Saved 4 rows to ucsd_occupancy_history.csv
[2026-05-15 19:45:03] Main Gym Fitness Gym: 22% (Not Busy) people=16 capacity=72 is_open=True hour_summary=open
[2026-05-15 19:45:03] Outback Climbing Center: 64% (Busy) people=19 capacity=30 is_open=True hour_summary=open
[2026-05-15 19:45:03] RIMAC Fitness Gym: 49% (Busy) people=74 capacity=150 is_open=True hour_summary=open
[2026-05-15 19:45:03] Triton Esports Center: 39% (Not Busy) people=14 capacity=35 is_open=True hour_summary=open
[2026-05-15 19:45:03] === SCRAPE END OK ===
[2026-05-15 20:00:02] === SCRAPE START ===
[2026-05-15 20:00:02] Fetching https://waitz.io/live/ucsd-rec
[2026-05-15 20:00:03] Saved 4 rows to ucsd_occupancy_history.csv
[2026-05-15 20:00:03] Main Gym Fitness Gym: 34% (Not Busy) people=25 capacity=72 is_open=True hour_summary=open
[2026-05-15 20:00:03] Outback Climbing Center: 74% (Busy) people=22 capacity=30 is_open=True hour_summary=open
[2026-05-15 20:00:03] RIMAC Fitness Gym: 43% (Not Busy) people=65 capacity=150 is_open=True hour_summary=open
[2026-05-15 20:00:03] Triton Esports Center: 41% (Not Busy) people=14 capacity=35 is_open=True hour_summary=open
[2026-05-15 20:00:03] === SCRAPE END OK ===
[2026-05-15 20:15:02] === SCRAPE START ===
[2026-05-15 20:15:02] Fetching https://waitz.io/live/ucsd-rec
[2026-05-15 20:15:03] Saved 4 rows to ucsd_occupancy_history.csv
[2026-05-15 20:15:03] Main Gym Fitness Gym: 33% (Not Busy) people=24 capacity=72 is_open=True hour_summary=open
[2026-05-15 20:15:03] Outback Climbing Center: 84% (Very Active) people=25 capacity=30 is_open=True hour_summary=open
[2026-05-15 20:15:03] RIMAC Fitness Gym: 39% (Not Busy) people=58 capacity=150 is_open=True hour_summary=open
[2026-05-15 20:15:03] Triton Esports Center: 42% (Not Busy) people=15 capacity=35 is_open=True hour_summary=open
[2026-05-15 20:15:03] === SCRAPE END OK ===
[2026-05-15 20:30:02] === SCRAPE START ===
[2026-05-15 20:30:02] Fetching https://waitz.io/live/ucsd-rec
[2026-05-15 20:30:03] Saved 4 rows to ucsd_occupancy_history.csv
[2026-05-15 20:30:03] Main Gym Fitness Gym: 35% (Not Busy) people=25 capacity=72 is_open=True hour_summary=open
[2026-05-15 20:30:03] Outback Climbing Center: 33% (Not Busy) people=10 capacity=30 is_open=True hour_summary=open
[2026-05-15 20:30:03] RIMAC Fitness Gym: 43% (Not Busy) people=65 capacity=150 is_open=True hour_summary=open
[2026-05-15 20:30:03] Triton Esports Center: 39% (Not Busy) people=14 capacity=35 is_open=True hour_summary=open
[2026-05-15 20:30:03] === SCRAPE END OK ===
[2026-05-15 20:45:02] === SCRAPE START ===
[2026-05-15 20:45:02] Fetching https://waitz.io/live/ucsd-rec
[2026-05-15 20:45:03] Saved 4 rows to ucsd_occupancy_history.csv
[2026-05-15 20:45:03] Main Gym Fitness Gym: 33% (Not Busy) people=24 capacity=72 is_open=True hour_summary=open
[2026-05-15 20:45:03] Outback Climbing Center: 23% (Not Busy) people=7 capacity=30 is_open=True hour_summary=open
[2026-05-15 20:45:03] RIMAC Fitness Gym: 41% (Not Busy) people=61 capacity=150 is_open=True hour_summary=open
[2026-05-15 20:45:03] Triton Esports Center: 43% (Not Busy) people=15 capacity=35 is_open=True hour_summary=open
[2026-05-15 20:45:03] === SCRAPE END OK ===
[2026-05-15 21:00:02] === SCRAPE START ===
[2026-05-15 21:00:02] Fetching https://waitz.io/live/ucsd-rec
[2026-05-15 21:00:03] Saved 4 rows to ucsd_occupancy_history.csv
[2026-05-15 21:00:03] Main Gym Fitness Gym: 14% (Not Busy) people=10 capacity=72 is_open=True hour_summary=open
[2026-05-15 21:00:03] Outback Climbing Center: 23% (Not Busy) people=7 capacity=30 is_open=True hour_summary=open
[2026-05-15 21:00:03] RIMAC Fitness Gym: 43% (Not Busy) people=65 capacity=150 is_open=True hour_summary=open
[2026-05-15 21:00:03] Triton Esports Center: 48% (Busy) people=17 capacity=35 is_open=True hour_summary=open
[2026-05-15 21:00:03] === SCRAPE END OK ===
[2026-05-15 21:15:02] === SCRAPE START ===
[2026-05-15 21:15:02] Fetching https://waitz.io/live/ucsd-rec
[2026-05-15 21:30:02] === SCRAPE START ===
[2026-05-15 21:30:02] Fetching https://waitz.io/live/ucsd-rec
[2026-05-15 21:30:04] Saved 4 rows to ucsd_occupancy_history.csv
[2026-05-15 21:30:04] Main Gym Fitness Gym: 46% (Busy) people=33 capacity=72 is_open=True hour_summary=open
[2026-05-15 21:30:04] Outback Climbing Center: 21% (Not Busy) people=6 capacity=30 is_open=True hour_summary=open
[2026-05-15 21:30:04] RIMAC Fitness Gym: 59% (Busy) people=89 capacity=150 is_open=True hour_summary=open
[2026-05-15 21:30:04] Triton Esports Center: 34% (Not Busy) people=12 capacity=35 is_open=True hour_summary=open
[2026-05-15 21:30:04] === SCRAPE END OK ===
[2026-05-15 21:45:02] === SCRAPE START ===
[2026-05-15 21:45:02] Fetching https://waitz.io/live/ucsd-rec
[2026-05-15 21:45:03] Saved 4 rows to ucsd_occupancy_history.csv
[2026-05-15 21:45:03] Main Gym Fitness Gym: 28% (Not Busy) people=20 capacity=72 is_open=True hour_summary=open
[2026-05-15 21:45:03] Outback Climbing Center: 13% (Not Busy) people=4 capacity=30 is_open=True hour_summary=open
[2026-05-15 21:45:03] RIMAC Fitness Gym: 62% (Busy) people=93 capacity=150 is_open=True hour_summary=open
[2026-05-15 21:45:03] Triton Esports Center: 32% (Not Busy) people=11 capacity=35 is_open=True hour_summary=open
[2026-05-15 21:45:03] === SCRAPE END OK ===
[2026-05-15 22:00:02] === SCRAPE START ===
[2026-05-15 22:00:02] Fetching https://waitz.io/live/ucsd-rec
[2026-05-15 22:00:03] Saved 4 rows to ucsd_occupancy_history.csv
[2026-05-15 22:00:03] Main Gym Fitness Gym: 21% (Not Busy) people=15 capacity=72 is_open=True hour_summary=open
[2026-05-15 22:00:03] Outback Climbing Center: 17% (Closed) people=5 capacity=30 is_open=False hour_summary=Closed until 11:00am
[2026-05-15 22:00:03] RIMAC Fitness Gym: 65% (Busy) people=97 capacity=150 is_open=True hour_summary=open
[2026-05-15 22:00:03] Triton Esports Center: 26% (Closed) people=9 capacity=35 is_open=False hour_summary=Closed until 11:00am
[2026-05-15 22:00:03] === SCRAPE END OK ===
[2026-05-15 22:15:02] === SCRAPE START ===
[2026-05-15 22:15:02] Fetching https://waitz.io/live/ucsd-rec
[2026-05-15 22:15:03] Saved 4 rows to ucsd_occupancy_history.csv
[2026-05-15 22:15:03] Main Gym Fitness Gym: 33% (Not Busy) people=24 capacity=72 is_open=True hour_summary=open
[2026-05-15 22:15:03] Outback Climbing Center: 20% (Closed) people=6 capacity=30 is_open=False hour_summary=Closed until 11:00am
[2026-05-15 22:15:03] RIMAC Fitness Gym: 56% (Busy) people=85 capacity=150 is_open=True hour_summary=open
[2026-05-15 22:15:03] Triton Esports Center: 0% (Closed) people=0 capacity=35 is_open=False hour_summary=Closed until 11:00am
[2026-05-15 22:15:03] === SCRAPE END OK ===
