[2026-06-19 00:00:01] === SCRAPE START ===
[2026-06-19 00:00:01] Fetching https://waitz.io/live/ucsd-rec
[2026-06-19 00:00:02] Saved 4 rows to ucsd_occupancy_history.csv
[2026-06-19 00:00:02] Main Gym Fitness Gym: 2% (Closed) people=1 capacity=72 is_open=False hour_summary=closed
[2026-06-19 00:00:02] Outback Climbing Center: 0% (Closed) people=0 capacity=30 is_open=False hour_summary=closed
[2026-06-19 00:00:02] RIMAC Fitness Gym: 1% (Closed) people=1 capacity=150 is_open=False hour_summary=Closed until 6:00am
[2026-06-19 00:00:02] Triton Esports Center: 0% (Closed) people=0 capacity=35 is_open=False hour_summary=closed
[2026-06-19 00:00:02] === SCRAPE END OK ===
[2026-06-19 00:15:02] === SCRAPE START ===
[2026-06-19 00:15:02] Fetching https://waitz.io/live/ucsd-rec
[2026-06-19 00:15:03] Saved 4 rows to ucsd_occupancy_history.csv
[2026-06-19 00:15:03] Main Gym Fitness Gym: 2% (Closed) people=1 capacity=72 is_open=False hour_summary=closed
[2026-06-19 00:15:03] Outback Climbing Center: 0% (Closed) people=0 capacity=30 is_open=False hour_summary=closed
[2026-06-19 00:15:03] RIMAC Fitness Gym: 1% (Closed) people=1 capacity=150 is_open=False hour_summary=Closed until 6:00am
[2026-06-19 00:15:03] Triton Esports Center: 0% (Closed) people=0 capacity=35 is_open=False hour_summary=closed
[2026-06-19 00:15:03] === SCRAPE END OK ===
[2026-06-19 00:30:03] === SCRAPE START ===
[2026-06-19 00:30:03] Fetching https://waitz.io/live/ucsd-rec
[2026-06-19 00:30:04] Saved 4 rows to ucsd_occupancy_history.csv
[2026-06-19 00:30:04] Main Gym Fitness Gym: 3% (Closed) people=2 capacity=72 is_open=False hour_summary=closed
[2026-06-19 00:30:04] Outback Climbing Center: 0% (Closed) people=0 capacity=30 is_open=False hour_summary=closed
[2026-06-19 00:30:04] RIMAC Fitness Gym: 1% (Closed) people=1 capacity=150 is_open=False hour_summary=Closed until 6:00am
[2026-06-19 00:30:04] Triton Esports Center: 1% (Closed) people=0 capacity=35 is_open=False hour_summary=closed
[2026-06-19 00:30:04] === SCRAPE END OK ===
[2026-06-19 00:45:02] === SCRAPE START ===
[2026-06-19 00:45:02] Fetching https://waitz.io/live/ucsd-rec
[2026-06-19 00:45:02] Saved 4 rows to ucsd_occupancy_history.csv
[2026-06-19 00:45:02] Main Gym Fitness Gym: 2% (Closed) people=1 capacity=72 is_open=False hour_summary=closed
[2026-06-19 00:45:02] Outback Climbing Center: 0% (Closed) people=0 capacity=30 is_open=False hour_summary=closed
[2026-06-19 00:45:02] RIMAC Fitness Gym: 1% (Closed) people=1 capacity=150 is_open=False hour_summary=Closed until 6:00am
[2026-06-19 00:45:02] Triton Esports Center: 0% (Closed) people=0 capacity=35 is_open=False hour_summary=closed
[2026-06-19 00:45:02] === SCRAPE END OK ===
[2026-06-19 01:00:02] === SCRAPE START ===
[2026-06-19 01:00:02] Fetching https://waitz.io/live/ucsd-rec
[2026-06-19 01:00:03] Saved 4 rows to ucsd_occupancy_history.csv
[2026-06-19 01:00:03] Main Gym Fitness Gym: 1% (Closed) people=1 capacity=72 is_open=False hour_summary=closed
[2026-06-19 01:00:03] Outback Climbing Center: 0% (Closed) people=0 capacity=30 is_open=False hour_summary=closed
[2026-06-19 01:00:03] RIMAC Fitness Gym: 1% (Closed) people=1 capacity=150 is_open=False hour_summary=Closed until 6:00am
[2026-06-19 01:00:03] Triton Esports Center: 0% (Closed) people=0 capacity=35 is_open=False hour_summary=closed
[2026-06-19 01:00:03] === SCRAPE END OK ===
[2026-06-19 01:15:02] === SCRAPE START ===
[2026-06-19 01:15:02] Fetching https://waitz.io/live/ucsd-rec
[2026-06-19 01:15:03] Saved 4 rows to ucsd_occupancy_history.csv
[2026-06-19 01:15:03] Main Gym Fitness Gym: 2% (Closed) people=1 capacity=72 is_open=False hour_summary=closed
[2026-06-19 01:15:03] Outback Climbing Center: 0% (Closed) people=0 capacity=30 is_open=False hour_summary=closed
[2026-06-19 01:15:03] RIMAC Fitness Gym: 1% (Closed) people=1 capacity=150 is_open=False hour_summary=Closed until 6:00am
[2026-06-19 01:15:03] Triton Esports Center: 0% (Closed) people=0 capacity=35 is_open=False hour_summary=closed
[2026-06-19 01:15:03] === SCRAPE END OK ===
[2026-06-19 01:30:02] === SCRAPE START ===
[2026-06-19 01:30:02] Fetching https://waitz.io/live/ucsd-rec
[2026-06-19 01:30:03] Saved 4 rows to ucsd_occupancy_history.csv
[2026-06-19 01:30:03] Main Gym Fitness Gym: 1% (Closed) people=0 capacity=72 is_open=False hour_summary=closed
[2026-06-19 01:30:03] Outback Climbing Center: 0% (Closed) people=0 capacity=30 is_open=False hour_summary=closed
[2026-06-19 01:30:03] RIMAC Fitness Gym: 1% (Closed) people=1 capacity=150 is_open=False hour_summary=Closed until 6:00am
[2026-06-19 01:30:03] Triton Esports Center: 0% (Closed) people=0 capacity=35 is_open=False hour_summary=closed
[2026-06-19 01:30:03] === SCRAPE END OK ===
[2026-06-19 01:45:02] === SCRAPE START ===
[2026-06-19 01:45:02] Fetching https://waitz.io/live/ucsd-rec
[2026-06-19 01:45:03] Saved 4 rows to ucsd_occupancy_history.csv
[2026-06-19 01:45:03] Main Gym Fitness Gym: 1% (Closed) people=1 capacity=72 is_open=False hour_summary=closed
[2026-06-19 01:45:03] Outback Climbing Center: 0% (Closed) people=0 capacity=30 is_open=False hour_summary=closed
[2026-06-19 01:45:03] RIMAC Fitness Gym: 1% (Closed) people=1 capacity=150 is_open=False hour_summary=Closed until 6:00am
[2026-06-19 01:45:03] Triton Esports Center: 0% (Closed) people=0 capacity=35 is_open=False hour_summary=closed
[2026-06-19 01:45:03] === SCRAPE END OK ===
[2026-06-19 02:00:02] === SCRAPE START ===
[2026-06-19 02:00:02] Fetching https://waitz.io/live/ucsd-rec
[2026-06-19 02:00:03] Saved 4 rows to ucsd_occupancy_history.csv
[2026-06-19 02:00:03] Main Gym Fitness Gym: 1% (Closed) people=1 capacity=72 is_open=False hour_summary=closed
[2026-06-19 02:00:03] Outback Climbing Center: 0% (Closed) people=0 capacity=30 is_open=False hour_summary=closed
[2026-06-19 02:00:03] RIMAC Fitness Gym: 1% (Closed) people=1 capacity=150 is_open=False hour_summary=Closed until 6:00am
[2026-06-19 02:00:03] Triton Esports Center: 0% (Closed) people=0 capacity=35 is_open=False hour_summary=closed
[2026-06-19 02:00:03] === SCRAPE END OK ===
[2026-06-19 02:15:02] === SCRAPE START ===
[2026-06-19 02:15:02] Fetching https://waitz.io/live/ucsd-rec
[2026-06-19 02:15:03] Saved 4 rows to ucsd_occupancy_history.csv
[2026-06-19 02:15:03] Main Gym Fitness Gym: 1% (Closed) people=1 capacity=72 is_open=False hour_summary=closed
[2026-06-19 02:15:03] Outback Climbing Center: 0% (Closed) people=0 capacity=30 is_open=False hour_summary=closed
[2026-06-19 02:15:03] RIMAC Fitness Gym: 1% (Closed) people=1 capacity=150 is_open=False hour_summary=Closed until 6:00am
[2026-06-19 02:15:03] Triton Esports Center: 0% (Closed) people=0 capacity=35 is_open=False hour_summary=closed
[2026-06-19 02:15:03] === SCRAPE END OK ===
[2026-06-19 02:30:02] === SCRAPE START ===
[2026-06-19 02:30:02] Fetching https://waitz.io/live/ucsd-rec
[2026-06-19 02:30:03] Saved 4 rows to ucsd_occupancy_history.csv
[2026-06-19 02:30:03] Main Gym Fitness Gym: 1% (Closed) people=0 capacity=72 is_open=False hour_summary=closed
[2026-06-19 02:30:03] Outback Climbing Center: 0% (Closed) people=0 capacity=30 is_open=False hour_summary=closed
[2026-06-19 02:30:03] RIMAC Fitness Gym: 1% (Closed) people=1 capacity=150 is_open=False hour_summary=Closed until 6:00am
[2026-06-19 02:30:03] Triton Esports Center: 0% (Closed) people=0 capacity=35 is_open=False hour_summary=closed
[2026-06-19 02:30:03] === SCRAPE END OK ===
[2026-06-19 02:45:02] === SCRAPE START ===
[2026-06-19 02:45:02] Fetching https://waitz.io/live/ucsd-rec
[2026-06-19 02:45:02] Saved 4 rows to ucsd_occupancy_history.csv
[2026-06-19 02:45:02] Main Gym Fitness Gym: 1% (Closed) people=1 capacity=72 is_open=False hour_summary=closed
[2026-06-19 02:45:02] Outback Climbing Center: 0% (Closed) people=0 capacity=30 is_open=False hour_summary=closed
[2026-06-19 02:45:02] RIMAC Fitness Gym: 1% (Closed) people=1 capacity=150 is_open=False hour_summary=Closed until 6:00am
[2026-06-19 02:45:02] Triton Esports Center: 0% (Closed) people=0 capacity=35 is_open=False hour_summary=closed
[2026-06-19 02:45:02] === SCRAPE END OK ===
[2026-06-19 03:00:02] === SCRAPE START ===
[2026-06-19 03:00:02] Fetching https://waitz.io/live/ucsd-rec
[2026-06-19 03:00:03] Saved 4 rows to ucsd_occupancy_history.csv
[2026-06-19 03:00:03] Main Gym Fitness Gym: 1% (Closed) people=1 capacity=72 is_open=False hour_summary=closed
[2026-06-19 03:00:03] Outback Climbing Center: 0% (Closed) people=0 capacity=30 is_open=False hour_summary=closed
[2026-06-19 03:00:03] RIMAC Fitness Gym: 1% (Closed) people=1 capacity=150 is_open=False hour_summary=Closed until 6:00am
[2026-06-19 03:00:03] Triton Esports Center: 0% (Closed) people=0 capacity=35 is_open=False hour_summary=closed
[2026-06-19 03:00:03] === SCRAPE END OK ===
[2026-06-19 03:15:02] === SCRAPE START ===
[2026-06-19 03:15:02] Fetching https://waitz.io/live/ucsd-rec
[2026-06-19 03:15:03] Saved 4 rows to ucsd_occupancy_history.csv
[2026-06-19 03:15:03] Main Gym Fitness Gym: 1% (Closed) people=1 capacity=72 is_open=False hour_summary=closed
[2026-06-19 03:15:03] Outback Climbing Center: 0% (Closed) people=0 capacity=30 is_open=False hour_summary=closed
[2026-06-19 03:15:03] RIMAC Fitness Gym: 1% (Closed) people=2 capacity=150 is_open=False hour_summary=Closed until 6:00am
[2026-06-19 03:15:03] Triton Esports Center: 0% (Closed) people=0 capacity=35 is_open=False hour_summary=closed
[2026-06-19 03:15:03] === SCRAPE END OK ===
[2026-06-19 03:30:03] === SCRAPE START ===
[2026-06-19 03:30:03] Fetching https://waitz.io/live/ucsd-rec
[2026-06-19 03:30:04] Saved 4 rows to ucsd_occupancy_history.csv
[2026-06-19 03:30:04] Main Gym Fitness Gym: 1% (Closed) people=1 capacity=72 is_open=False hour_summary=closed
[2026-06-19 03:30:04] Outback Climbing Center: 0% (Closed) people=0 capacity=30 is_open=False hour_summary=closed
[2026-06-19 03:30:04] RIMAC Fitness Gym: 1% (Closed) people=1 capacity=150 is_open=False hour_summary=Closed until 6:00am
[2026-06-19 03:30:04] Triton Esports Center: 0% (Closed) people=0 capacity=35 is_open=False hour_summary=closed
[2026-06-19 03:30:04] === SCRAPE END OK ===
[2026-06-19 03:45:02] === SCRAPE START ===
[2026-06-19 03:45:02] Fetching https://waitz.io/live/ucsd-rec
[2026-06-19 03:45:03] Saved 4 rows to ucsd_occupancy_history.csv
[2026-06-19 03:45:03] Main Gym Fitness Gym: 1% (Closed) people=1 capacity=72 is_open=False hour_summary=closed
[2026-06-19 03:45:03] Outback Climbing Center: 0% (Closed) people=0 capacity=30 is_open=False hour_summary=closed
[2026-06-19 03:45:03] RIMAC Fitness Gym: 1% (Closed) people=1 capacity=150 is_open=False hour_summary=Closed until 6:00am
[2026-06-19 03:45:03] Triton Esports Center: 0% (Closed) people=0 capacity=35 is_open=False hour_summary=closed
[2026-06-19 03:45:03] === SCRAPE END OK ===
[2026-06-19 04:00:02] === SCRAPE START ===
[2026-06-19 04:00:02] Fetching https://waitz.io/live/ucsd-rec
[2026-06-19 04:00:03] Saved 4 rows to ucsd_occupancy_history.csv
[2026-06-19 04:00:03] Main Gym Fitness Gym: 1% (Closed) people=1 capacity=72 is_open=False hour_summary=closed
[2026-06-19 04:00:03] Outback Climbing Center: 0% (Closed) people=0 capacity=30 is_open=False hour_summary=closed
[2026-06-19 04:00:03] RIMAC Fitness Gym: 1% (Closed) people=1 capacity=150 is_open=False hour_summary=Closed until 6:00am
[2026-06-19 04:00:03] Triton Esports Center: 0% (Closed) people=0 capacity=35 is_open=False hour_summary=closed
[2026-06-19 04:00:03] === SCRAPE END OK ===
[2026-06-19 04:15:02] === SCRAPE START ===
[2026-06-19 04:15:02] Fetching https://waitz.io/live/ucsd-rec
[2026-06-19 04:15:03] Saved 4 rows to ucsd_occupancy_history.csv
[2026-06-19 04:15:03] Main Gym Fitness Gym: 1% (Closed) people=1 capacity=72 is_open=False hour_summary=closed
[2026-06-19 04:15:03] Outback Climbing Center: 0% (Closed) people=0 capacity=30 is_open=False hour_summary=closed
[2026-06-19 04:15:03] RIMAC Fitness Gym: 1% (Closed) people=1 capacity=150 is_open=False hour_summary=Closed until 6:00am
[2026-06-19 04:15:03] Triton Esports Center: 0% (Closed) people=0 capacity=35 is_open=False hour_summary=closed
[2026-06-19 04:15:03] === SCRAPE END OK ===
[2026-06-19 04:30:02] === SCRAPE START ===
[2026-06-19 04:30:02] Fetching https://waitz.io/live/ucsd-rec
[2026-06-19 04:30:03] Saved 4 rows to ucsd_occupancy_history.csv
[2026-06-19 04:30:03] Main Gym Fitness Gym: 1% (Closed) people=0 capacity=72 is_open=False hour_summary=closed
[2026-06-19 04:30:03] Outback Climbing Center: 0% (Closed) people=0 capacity=30 is_open=False hour_summary=closed
[2026-06-19 04:30:03] RIMAC Fitness Gym: 0% (Closed) people=1 capacity=150 is_open=False hour_summary=Closed until 6:00am
[2026-06-19 04:30:03] Triton Esports Center: 0% (Closed) people=0 capacity=35 is_open=False hour_summary=closed
[2026-06-19 04:30:03] === SCRAPE END OK ===
[2026-06-19 04:45:02] === SCRAPE START ===
[2026-06-19 04:45:02] Fetching https://waitz.io/live/ucsd-rec
[2026-06-19 04:45:03] Saved 4 rows to ucsd_occupancy_history.csv
[2026-06-19 04:45:03] Main Gym Fitness Gym: 1% (Closed) people=0 capacity=72 is_open=False hour_summary=closed
[2026-06-19 04:45:03] Outback Climbing Center: 0% (Closed) people=0 capacity=30 is_open=False hour_summary=closed
[2026-06-19 04:45:03] RIMAC Fitness Gym: 1% (Closed) people=1 capacity=150 is_open=False hour_summary=Closed until 6:00am
[2026-06-19 04:45:03] Triton Esports Center: 0% (Closed) people=0 capacity=35 is_open=False hour_summary=closed
[2026-06-19 04:45:03] === SCRAPE END OK ===
[2026-06-19 05:00:02] === SCRAPE START ===
[2026-06-19 05:00:02] Fetching https://waitz.io/live/ucsd-rec
[2026-06-19 05:00:03] Saved 4 rows to ucsd_occupancy_history.csv
[2026-06-19 05:00:03] Main Gym Fitness Gym: 1% (Closed) people=1 capacity=72 is_open=False hour_summary=closed
[2026-06-19 05:00:03] Outback Climbing Center: 0% (Closed) people=0 capacity=30 is_open=False hour_summary=closed
[2026-06-19 05:00:03] RIMAC Fitness Gym: 0% (Closed) people=1 capacity=150 is_open=False hour_summary=Closed until 6:00am
[2026-06-19 05:00:03] Triton Esports Center: 0% (Closed) people=0 capacity=35 is_open=False hour_summary=closed
[2026-06-19 05:00:03] === SCRAPE END OK ===
[2026-06-19 05:15:02] === SCRAPE START ===
[2026-06-19 05:15:02] Fetching https://waitz.io/live/ucsd-rec
[2026-06-19 05:15:03] Saved 4 rows to ucsd_occupancy_history.csv
[2026-06-19 05:15:03] Main Gym Fitness Gym: 1% (Closed) people=0 capacity=72 is_open=False hour_summary=closed
[2026-06-19 05:15:03] Outback Climbing Center: 0% (Closed) people=0 capacity=30 is_open=False hour_summary=closed
[2026-06-19 05:15:03] RIMAC Fitness Gym: 1% (Closed) people=1 capacity=150 is_open=False hour_summary=Closed until 6:00am
[2026-06-19 05:15:03] Triton Esports Center: 0% (Closed) people=0 capacity=35 is_open=False hour_summary=closed
[2026-06-19 05:15:03] === SCRAPE END OK ===
[2026-06-19 05:30:02] === SCRAPE START ===
[2026-06-19 05:30:02] Fetching https://waitz.io/live/ucsd-rec
[2026-06-19 05:30:03] Saved 4 rows to ucsd_occupancy_history.csv
[2026-06-19 05:30:03] Main Gym Fitness Gym: 1% (Closed) people=1 capacity=72 is_open=False hour_summary=closed
[2026-06-19 05:30:03] Outback Climbing Center: 0% (Closed) people=0 capacity=30 is_open=False hour_summary=closed
[2026-06-19 05:30:03] RIMAC Fitness Gym: 1% (Closed) people=1 capacity=150 is_open=False hour_summary=Closed until 6:00am
[2026-06-19 05:30:03] Triton Esports Center: 0% (Closed) people=0 capacity=35 is_open=False hour_summary=closed
[2026-06-19 05:30:03] === SCRAPE END OK ===
[2026-06-19 05:45:02] === SCRAPE START ===
[2026-06-19 05:45:02] Fetching https://waitz.io/live/ucsd-rec
[2026-06-19 05:45:03] Saved 4 rows to ucsd_occupancy_history.csv
[2026-06-19 05:45:03] Main Gym Fitness Gym: 2% (Closed) people=1 capacity=72 is_open=False hour_summary=closed
[2026-06-19 05:45:03] Outback Climbing Center: 0% (Closed) people=0 capacity=30 is_open=False hour_summary=closed
[2026-06-19 05:45:03] RIMAC Fitness Gym: 1% (Closed) people=1 capacity=150 is_open=False hour_summary=Closed until 6:00am
[2026-06-19 05:45:03] Triton Esports Center: 0% (Closed) people=0 capacity=35 is_open=False hour_summary=closed
[2026-06-19 05:45:03] === SCRAPE END OK ===
[2026-06-19 06:00:02] === SCRAPE START ===
[2026-06-19 06:00:02] Fetching https://waitz.io/live/ucsd-rec
[2026-06-19 06:00:03] Saved 4 rows to ucsd_occupancy_history.csv
[2026-06-19 06:00:03] Main Gym Fitness Gym: 1% (Closed) people=0 capacity=72 is_open=False hour_summary=closed
[2026-06-19 06:00:03] Outback Climbing Center: 0% (Closed) people=0 capacity=30 is_open=False hour_summary=closed
[2026-06-19 06:00:03] RIMAC Fitness Gym: 1% (Not Busy) people=2 capacity=150 is_open=True hour_summary=open
[2026-06-19 06:00:03] Triton Esports Center: 0% (Closed) people=0 capacity=35 is_open=False hour_summary=closed
[2026-06-19 06:00:03] === SCRAPE END OK ===
[2026-06-19 06:15:02] === SCRAPE START ===
[2026-06-19 06:15:02] Fetching https://waitz.io/live/ucsd-rec
[2026-06-19 06:15:03] Saved 4 rows to ucsd_occupancy_history.csv
[2026-06-19 06:15:03] Main Gym Fitness Gym: 1% (Closed) people=1 capacity=72 is_open=False hour_summary=closed
[2026-06-19 06:15:03] Outback Climbing Center: 0% (Closed) people=0 capacity=30 is_open=False hour_summary=closed
[2026-06-19 06:15:03] RIMAC Fitness Gym: 1% (Not Busy) people=2 capacity=150 is_open=True hour_summary=open
[2026-06-19 06:15:03] Triton Esports Center: 0% (Closed) people=0 capacity=35 is_open=False hour_summary=closed
[2026-06-19 06:15:03] === SCRAPE END OK ===
[2026-06-19 06:30:02] === SCRAPE START ===
[2026-06-19 06:30:02] Fetching https://waitz.io/live/ucsd-rec
[2026-06-19 06:30:03] Saved 4 rows to ucsd_occupancy_history.csv
[2026-06-19 06:30:03] Main Gym Fitness Gym: 1% (Closed) people=1 capacity=72 is_open=False hour_summary=closed
[2026-06-19 06:30:03] Outback Climbing Center: 0% (Closed) people=0 capacity=30 is_open=False hour_summary=closed
[2026-06-19 06:30:03] RIMAC Fitness Gym: 1% (Not Busy) people=2 capacity=150 is_open=True hour_summary=open
[2026-06-19 06:30:03] Triton Esports Center: 0% (Closed) people=0 capacity=35 is_open=False hour_summary=closed
[2026-06-19 06:30:03] === SCRAPE END OK ===
[2026-06-19 06:45:02] === SCRAPE START ===
[2026-06-19 06:45:02] Fetching https://waitz.io/live/ucsd-rec
[2026-06-19 06:45:02] Saved 4 rows to ucsd_occupancy_history.csv
[2026-06-19 06:45:02] Main Gym Fitness Gym: 1% (Closed) people=1 capacity=72 is_open=False hour_summary=closed
[2026-06-19 06:45:02] Outback Climbing Center: 0% (Closed) people=0 capacity=30 is_open=False hour_summary=closed
[2026-06-19 06:45:02] RIMAC Fitness Gym: 2% (Not Busy) people=3 capacity=150 is_open=True hour_summary=open
[2026-06-19 06:45:02] Triton Esports Center: 0% (Closed) people=0 capacity=35 is_open=False hour_summary=closed
[2026-06-19 06:45:02] === SCRAPE END OK ===
[2026-06-19 07:00:02] === SCRAPE START ===
[2026-06-19 07:00:02] Fetching https://waitz.io/live/ucsd-rec
[2026-06-19 07:00:03] Saved 4 rows to ucsd_occupancy_history.csv
[2026-06-19 07:00:03] Main Gym Fitness Gym: 1% (Closed) people=1 capacity=72 is_open=False hour_summary=closed
[2026-06-19 07:00:03] Outback Climbing Center: 0% (Closed) people=0 capacity=30 is_open=False hour_summary=closed
[2026-06-19 07:00:03] RIMAC Fitness Gym: 3% (Not Busy) people=4 capacity=150 is_open=True hour_summary=open
[2026-06-19 07:00:03] Triton Esports Center: 0% (Closed) people=0 capacity=35 is_open=False hour_summary=closed
[2026-06-19 07:00:03] === SCRAPE END OK ===
[2026-06-19 07:15:02] === SCRAPE START ===
[2026-06-19 07:15:02] Fetching https://waitz.io/live/ucsd-rec
[2026-06-19 07:15:02] Saved 4 rows to ucsd_occupancy_history.csv
[2026-06-19 07:15:02] Main Gym Fitness Gym: 2% (Closed) people=1 capacity=72 is_open=False hour_summary=closed
[2026-06-19 07:15:02] Outback Climbing Center: 0% (Closed) people=0 capacity=30 is_open=False hour_summary=closed
[2026-06-19 07:15:02] RIMAC Fitness Gym: 0% (Data Unavailable) people=0 capacity=150 is_open=True hour_summary=open
[2026-06-19 07:15:02] Triton Esports Center: 0% (Closed) people=0 capacity=35 is_open=False hour_summary=closed
[2026-06-19 07:15:02] === SCRAPE END OK ===
[2026-06-19 07:30:02] === SCRAPE START ===
[2026-06-19 07:30:02] Fetching https://waitz.io/live/ucsd-rec
[2026-06-19 07:30:03] Saved 4 rows to ucsd_occupancy_history.csv
[2026-06-19 07:30:03] Main Gym Fitness Gym: 1% (Closed) people=1 capacity=72 is_open=False hour_summary=closed
[2026-06-19 07:30:03] Outback Climbing Center: 0% (Closed) people=0 capacity=30 is_open=False hour_summary=closed
[2026-06-19 07:30:03] RIMAC Fitness Gym: 1% (Not Busy) people=2 capacity=150 is_open=True hour_summary=open
[2026-06-19 07:30:03] Triton Esports Center: 0% (Closed) people=0 capacity=35 is_open=False hour_summary=closed
[2026-06-19 07:30:03] === SCRAPE END OK ===
[2026-06-19 07:45:02] === SCRAPE START ===
[2026-06-19 07:45:02] Fetching https://waitz.io/live/ucsd-rec
[2026-06-19 07:45:02] Saved 4 rows to ucsd_occupancy_history.csv
[2026-06-19 07:45:02] Main Gym Fitness Gym: 1% (Closed) people=1 capacity=72 is_open=False hour_summary=closed
[2026-06-19 07:45:02] Outback Climbing Center: 0% (Closed) people=0 capacity=30 is_open=False hour_summary=closed
[2026-06-19 07:45:02] RIMAC Fitness Gym: 4% (Not Busy) people=5 capacity=150 is_open=True hour_summary=open
[2026-06-19 07:45:02] Triton Esports Center: 0% (Closed) people=0 capacity=35 is_open=False hour_summary=closed
[2026-06-19 07:45:02] === SCRAPE END OK ===
[2026-06-19 08:00:02] === SCRAPE START ===
[2026-06-19 08:00:02] Fetching https://waitz.io/live/ucsd-rec
[2026-06-19 08:00:03] Saved 4 rows to ucsd_occupancy_history.csv
[2026-06-19 08:00:03] Main Gym Fitness Gym: 2% (Closed) people=1 capacity=72 is_open=False hour_summary=closed
[2026-06-19 08:00:03] Outback Climbing Center: 0% (Closed) people=0 capacity=30 is_open=False hour_summary=closed
[2026-06-19 08:00:03] RIMAC Fitness Gym: 3% (Not Busy) people=5 capacity=150 is_open=True hour_summary=open
[2026-06-19 08:00:03] Triton Esports Center: 0% (Closed) people=0 capacity=35 is_open=False hour_summary=closed
[2026-06-19 08:00:03] === SCRAPE END OK ===
[2026-06-19 08:15:02] === SCRAPE START ===
[2026-06-19 08:15:02] Fetching https://waitz.io/live/ucsd-rec
[2026-06-19 08:15:03] Saved 4 rows to ucsd_occupancy_history.csv
[2026-06-19 08:15:03] Main Gym Fitness Gym: 1% (Closed) people=1 capacity=72 is_open=False hour_summary=closed
[2026-06-19 08:15:03] Outback Climbing Center: 0% (Closed) people=0 capacity=30 is_open=False hour_summary=closed
[2026-06-19 08:15:03] RIMAC Fitness Gym: 2% (Not Busy) people=2 capacity=150 is_open=True hour_summary=open
[2026-06-19 08:15:03] Triton Esports Center: 0% (Closed) people=0 capacity=35 is_open=False hour_summary=closed
[2026-06-19 08:15:03] === SCRAPE END OK ===
[2026-06-19 08:30:02] === SCRAPE START ===
[2026-06-19 08:30:02] Fetching https://waitz.io/live/ucsd-rec
[2026-06-19 08:30:03] Saved 4 rows to ucsd_occupancy_history.csv
[2026-06-19 08:30:03] Main Gym Fitness Gym: 2% (Closed) people=1 capacity=72 is_open=False hour_summary=closed
[2026-06-19 08:30:03] Outback Climbing Center: 0% (Closed) people=0 capacity=30 is_open=False hour_summary=closed
[2026-06-19 08:30:03] RIMAC Fitness Gym: 1% (Not Busy) people=2 capacity=150 is_open=True hour_summary=open
[2026-06-19 08:30:03] Triton Esports Center: 0% (Closed) people=0 capacity=35 is_open=False hour_summary=closed
[2026-06-19 08:30:03] === SCRAPE END OK ===
[2026-06-19 08:45:02] === SCRAPE START ===
[2026-06-19 08:45:02] Fetching https://waitz.io/live/ucsd-rec
[2026-06-19 08:45:03] Saved 4 rows to ucsd_occupancy_history.csv
[2026-06-19 08:45:03] Main Gym Fitness Gym: 1% (Closed) people=1 capacity=72 is_open=False hour_summary=closed
[2026-06-19 08:45:03] Outback Climbing Center: 0% (Closed) people=0 capacity=30 is_open=False hour_summary=closed
[2026-06-19 08:45:03] RIMAC Fitness Gym: 1% (Not Busy) people=2 capacity=150 is_open=True hour_summary=open
[2026-06-19 08:45:03] Triton Esports Center: 0% (Closed) people=0 capacity=35 is_open=False hour_summary=closed
[2026-06-19 08:45:03] === SCRAPE END OK ===
[2026-06-19 09:00:02] === SCRAPE START ===
[2026-06-19 09:00:02] Fetching https://waitz.io/live/ucsd-rec
[2026-06-19 09:00:03] Saved 4 rows to ucsd_occupancy_history.csv
[2026-06-19 09:00:03] Main Gym Fitness Gym: 2% (Closed) people=1 capacity=72 is_open=False hour_summary=closed
[2026-06-19 09:00:03] Outback Climbing Center: 0% (Closed) people=0 capacity=30 is_open=False hour_summary=closed
[2026-06-19 09:00:03] RIMAC Fitness Gym: 2% (Not Busy) people=2 capacity=150 is_open=True hour_summary=open
[2026-06-19 09:00:03] Triton Esports Center: 0% (Closed) people=0 capacity=35 is_open=False hour_summary=closed
[2026-06-19 09:00:03] === SCRAPE END OK ===
[2026-06-19 09:15:02] === SCRAPE START ===
[2026-06-19 09:15:02] Fetching https://waitz.io/live/ucsd-rec
[2026-06-19 09:15:03] Saved 4 rows to ucsd_occupancy_history.csv
[2026-06-19 09:15:03] Main Gym Fitness Gym: 1% (Closed) people=1 capacity=72 is_open=False hour_summary=closed
[2026-06-19 09:15:03] Outback Climbing Center: 0% (Closed) people=0 capacity=30 is_open=False hour_summary=closed
[2026-06-19 09:15:03] RIMAC Fitness Gym: 2% (Not Busy) people=3 capacity=150 is_open=True hour_summary=open
[2026-06-19 09:15:03] Triton Esports Center: 0% (Closed) people=0 capacity=35 is_open=False hour_summary=closed
[2026-06-19 09:15:03] === SCRAPE END OK ===
[2026-06-19 09:30:02] === SCRAPE START ===
[2026-06-19 09:30:02] Fetching https://waitz.io/live/ucsd-rec
[2026-06-19 09:30:04] Saved 4 rows to ucsd_occupancy_history.csv
[2026-06-19 09:30:04] Main Gym Fitness Gym: 2% (Closed) people=1 capacity=72 is_open=False hour_summary=closed
[2026-06-19 09:30:04] Outback Climbing Center: 0% (Closed) people=0 capacity=30 is_open=False hour_summary=closed
[2026-06-19 09:30:04] RIMAC Fitness Gym: 2% (Not Busy) people=3 capacity=150 is_open=True hour_summary=open
[2026-06-19 09:30:04] Triton Esports Center: 0% (Closed) people=0 capacity=35 is_open=False hour_summary=closed
[2026-06-19 09:30:04] === SCRAPE END OK ===
[2026-06-19 09:45:02] === SCRAPE START ===
[2026-06-19 09:45:02] Fetching https://waitz.io/live/ucsd-rec
[2026-06-19 09:45:03] Saved 4 rows to ucsd_occupancy_history.csv
[2026-06-19 09:45:03] Main Gym Fitness Gym: 1% (Closed) people=1 capacity=72 is_open=False hour_summary=closed
[2026-06-19 09:45:03] Outback Climbing Center: 0% (Closed) people=0 capacity=30 is_open=False hour_summary=closed
[2026-06-19 09:45:03] RIMAC Fitness Gym: 1% (Not Busy) people=2 capacity=150 is_open=True hour_summary=open
[2026-06-19 09:45:03] Triton Esports Center: 0% (Closed) people=0 capacity=35 is_open=False hour_summary=closed
[2026-06-19 09:45:03] === SCRAPE END OK ===
[2026-06-19 10:00:02] === SCRAPE START ===
[2026-06-19 10:00:02] Fetching https://waitz.io/live/ucsd-rec
[2026-06-19 10:00:03] Saved 4 rows to ucsd_occupancy_history.csv
[2026-06-19 10:00:03] Main Gym Fitness Gym: 1% (Closed) people=1 capacity=72 is_open=False hour_summary=closed
[2026-06-19 10:00:03] Outback Climbing Center: 0% (Closed) people=0 capacity=30 is_open=False hour_summary=closed
[2026-06-19 10:00:03] RIMAC Fitness Gym: 1% (Not Busy) people=2 capacity=150 is_open=True hour_summary=open
[2026-06-19 10:00:03] Triton Esports Center: 0% (Closed) people=0 capacity=35 is_open=False hour_summary=closed
[2026-06-19 10:00:03] === SCRAPE END OK ===
[2026-06-19 10:15:02] === SCRAPE START ===
[2026-06-19 10:15:02] Fetching https://waitz.io/live/ucsd-rec
[2026-06-19 10:15:03] Saved 4 rows to ucsd_occupancy_history.csv
[2026-06-19 10:15:03] Main Gym Fitness Gym: 1% (Closed) people=1 capacity=72 is_open=False hour_summary=closed
[2026-06-19 10:15:03] Outback Climbing Center: 0% (Closed) people=0 capacity=30 is_open=False hour_summary=closed
[2026-06-19 10:15:03] RIMAC Fitness Gym: 1% (Not Busy) people=2 capacity=150 is_open=True hour_summary=open
[2026-06-19 10:15:03] Triton Esports Center: 0% (Closed) people=0 capacity=35 is_open=False hour_summary=closed
[2026-06-19 10:15:03] === SCRAPE END OK ===
[2026-06-19 10:30:02] === SCRAPE START ===
[2026-06-19 10:30:02] Fetching https://waitz.io/live/ucsd-rec
[2026-06-19 10:30:03] Saved 4 rows to ucsd_occupancy_history.csv
[2026-06-19 10:30:03] Main Gym Fitness Gym: 3% (Closed) people=2 capacity=72 is_open=False hour_summary=closed
[2026-06-19 10:30:03] Outback Climbing Center: 0% (Closed) people=0 capacity=30 is_open=False hour_summary=closed
[2026-06-19 10:30:03] RIMAC Fitness Gym: 1% (Not Busy) people=2 capacity=150 is_open=True hour_summary=open
[2026-06-19 10:30:03] Triton Esports Center: 0% (Closed) people=0 capacity=35 is_open=False hour_summary=closed
[2026-06-19 10:30:03] === SCRAPE END OK ===
[2026-06-19 10:45:02] === SCRAPE START ===
[2026-06-19 10:45:02] Fetching https://waitz.io/live/ucsd-rec
[2026-06-19 10:45:03] Saved 4 rows to ucsd_occupancy_history.csv
[2026-06-19 10:45:03] Main Gym Fitness Gym: 1% (Closed) people=1 capacity=72 is_open=False hour_summary=closed
[2026-06-19 10:45:03] Outback Climbing Center: 0% (Closed) people=0 capacity=30 is_open=False hour_summary=closed
[2026-06-19 10:45:03] RIMAC Fitness Gym: 1% (Not Busy) people=2 capacity=150 is_open=True hour_summary=open
[2026-06-19 10:45:03] Triton Esports Center: 0% (Closed) people=0 capacity=35 is_open=False hour_summary=closed
[2026-06-19 10:45:03] === SCRAPE END OK ===
[2026-06-19 11:00:02] === SCRAPE START ===
[2026-06-19 11:00:02] Fetching https://waitz.io/live/ucsd-rec
[2026-06-19 11:00:03] Saved 4 rows to ucsd_occupancy_history.csv
[2026-06-19 11:00:03] Main Gym Fitness Gym: 2% (Closed) people=1 capacity=72 is_open=False hour_summary=closed
[2026-06-19 11:00:03] Outback Climbing Center: 0% (Closed) people=0 capacity=30 is_open=False hour_summary=closed
[2026-06-19 11:00:03] RIMAC Fitness Gym: 3% (Not Busy) people=4 capacity=150 is_open=True hour_summary=open
[2026-06-19 11:00:03] Triton Esports Center: 0% (Closed) people=0 capacity=35 is_open=False hour_summary=closed
[2026-06-19 11:00:03] === SCRAPE END OK ===
[2026-06-19 11:15:02] === SCRAPE START ===
[2026-06-19 11:15:02] Fetching https://waitz.io/live/ucsd-rec
[2026-06-19 11:15:03] Saved 4 rows to ucsd_occupancy_history.csv
[2026-06-19 11:15:03] Main Gym Fitness Gym: 1% (Closed) people=1 capacity=72 is_open=False hour_summary=closed
[2026-06-19 11:15:03] Outback Climbing Center: 0% (Closed) people=0 capacity=30 is_open=False hour_summary=closed
[2026-06-19 11:15:03] RIMAC Fitness Gym: 0% (Data Unavailable) people=0 capacity=150 is_open=True hour_summary=open
[2026-06-19 11:15:03] Triton Esports Center: 0% (Closed) people=0 capacity=35 is_open=False hour_summary=closed
[2026-06-19 11:15:03] === SCRAPE END OK ===
[2026-06-19 11:30:02] === SCRAPE START ===
[2026-06-19 11:30:02] Fetching https://waitz.io/live/ucsd-rec
[2026-06-19 11:30:03] Saved 4 rows to ucsd_occupancy_history.csv
[2026-06-19 11:30:03] Main Gym Fitness Gym: 1% (Closed) people=1 capacity=72 is_open=False hour_summary=closed
[2026-06-19 11:30:03] Outback Climbing Center: 0% (Closed) people=0 capacity=30 is_open=False hour_summary=closed
[2026-06-19 11:30:03] RIMAC Fitness Gym: 3% (Not Busy) people=4 capacity=150 is_open=True hour_summary=open
[2026-06-19 11:30:03] Triton Esports Center: 0% (Closed) people=0 capacity=35 is_open=False hour_summary=closed
[2026-06-19 11:30:03] === SCRAPE END OK ===
[2026-06-19 11:45:02] === SCRAPE START ===
[2026-06-19 11:45:02] Fetching https://waitz.io/live/ucsd-rec
[2026-06-19 11:45:03] Saved 4 rows to ucsd_occupancy_history.csv
[2026-06-19 11:45:03] Main Gym Fitness Gym: 3% (Closed) people=2 capacity=72 is_open=False hour_summary=closed
[2026-06-19 11:45:03] Outback Climbing Center: 0% (Closed) people=0 capacity=30 is_open=False hour_summary=closed
[2026-06-19 11:45:03] RIMAC Fitness Gym: 3% (Not Busy) people=4 capacity=150 is_open=True hour_summary=open
[2026-06-19 11:45:03] Triton Esports Center: 0% (Closed) people=0 capacity=35 is_open=False hour_summary=closed
[2026-06-19 11:45:03] === SCRAPE END OK ===
[2026-06-19 12:00:02] === SCRAPE START ===
[2026-06-19 12:00:02] Fetching https://waitz.io/live/ucsd-rec
[2026-06-19 12:00:03] Saved 4 rows to ucsd_occupancy_history.csv
[2026-06-19 12:00:03] Main Gym Fitness Gym: 2% (Closed) people=1 capacity=72 is_open=False hour_summary=closed
[2026-06-19 12:00:03] Outback Climbing Center: 0% (Closed) people=0 capacity=30 is_open=False hour_summary=closed
[2026-06-19 12:00:03] RIMAC Fitness Gym: 1% (Not Busy) people=2 capacity=150 is_open=True hour_summary=open
[2026-06-19 12:00:03] Triton Esports Center: 0% (Closed) people=0 capacity=35 is_open=False hour_summary=closed
[2026-06-19 12:00:03] === SCRAPE END OK ===
[2026-06-19 12:15:02] === SCRAPE START ===
[2026-06-19 12:15:02] Fetching https://waitz.io/live/ucsd-rec
[2026-06-19 12:15:03] Saved 4 rows to ucsd_occupancy_history.csv
[2026-06-19 12:15:03] Main Gym Fitness Gym: 2% (Closed) people=1 capacity=72 is_open=False hour_summary=closed
[2026-06-19 12:15:03] Outback Climbing Center: 0% (Closed) people=0 capacity=30 is_open=False hour_summary=closed
[2026-06-19 12:15:03] RIMAC Fitness Gym: 3% (Not Busy) people=4 capacity=150 is_open=True hour_summary=open
[2026-06-19 12:15:03] Triton Esports Center: 0% (Closed) people=0 capacity=35 is_open=False hour_summary=closed
[2026-06-19 12:15:03] === SCRAPE END OK ===
[2026-06-19 12:30:02] === SCRAPE START ===
[2026-06-19 12:30:02] Fetching https://waitz.io/live/ucsd-rec
[2026-06-19 12:30:04] Saved 4 rows to ucsd_occupancy_history.csv
[2026-06-19 12:30:04] Main Gym Fitness Gym: 1% (Closed) people=1 capacity=72 is_open=False hour_summary=closed
[2026-06-19 12:30:04] Outback Climbing Center: 0% (Closed) people=0 capacity=30 is_open=False hour_summary=closed
[2026-06-19 12:30:04] RIMAC Fitness Gym: 1% (Not Busy) people=2 capacity=150 is_open=True hour_summary=open
[2026-06-19 12:30:04] Triton Esports Center: 0% (Closed) people=0 capacity=35 is_open=False hour_summary=closed
[2026-06-19 12:30:04] === SCRAPE END OK ===
[2026-06-19 12:45:02] === SCRAPE START ===
[2026-06-19 12:45:02] Fetching https://waitz.io/live/ucsd-rec
[2026-06-19 12:45:03] Saved 4 rows to ucsd_occupancy_history.csv
[2026-06-19 12:45:03] Main Gym Fitness Gym: 1% (Closed) people=1 capacity=72 is_open=False hour_summary=closed
[2026-06-19 12:45:03] Outback Climbing Center: 0% (Closed) people=0 capacity=30 is_open=False hour_summary=closed
[2026-06-19 12:45:03] RIMAC Fitness Gym: 1% (Not Busy) people=2 capacity=150 is_open=True hour_summary=open
[2026-06-19 12:45:03] Triton Esports Center: 0% (Closed) people=0 capacity=35 is_open=False hour_summary=closed
[2026-06-19 12:45:03] === SCRAPE END OK ===
[2026-06-19 13:00:02] === SCRAPE START ===
[2026-06-19 13:00:02] Fetching https://waitz.io/live/ucsd-rec
[2026-06-19 13:00:04] Saved 4 rows to ucsd_occupancy_history.csv
[2026-06-19 13:00:04] Main Gym Fitness Gym: 1% (Closed) people=1 capacity=72 is_open=False hour_summary=closed
[2026-06-19 13:00:04] Outback Climbing Center: 0% (Closed) people=0 capacity=30 is_open=False hour_summary=closed
[2026-06-19 13:00:04] RIMAC Fitness Gym: 2% (Not Busy) people=3 capacity=150 is_open=True hour_summary=open
[2026-06-19 13:00:04] Triton Esports Center: 0% (Closed) people=0 capacity=35 is_open=False hour_summary=closed
[2026-06-19 13:00:04] === SCRAPE END OK ===
[2026-06-19 13:15:02] === SCRAPE START ===
[2026-06-19 13:15:02] Fetching https://waitz.io/live/ucsd-rec
[2026-06-19 13:15:03] Saved 4 rows to ucsd_occupancy_history.csv
[2026-06-19 13:15:03] Main Gym Fitness Gym: 2% (Closed) people=1 capacity=72 is_open=False hour_summary=closed
[2026-06-19 13:15:03] Outback Climbing Center: 0% (Closed) people=0 capacity=30 is_open=False hour_summary=closed
[2026-06-19 13:15:03] RIMAC Fitness Gym: 2% (Not Busy) people=4 capacity=150 is_open=True hour_summary=open
[2026-06-19 13:15:03] Triton Esports Center: 0% (Closed) people=0 capacity=35 is_open=False hour_summary=closed
[2026-06-19 13:15:03] === SCRAPE END OK ===
[2026-06-19 13:30:02] === SCRAPE START ===
[2026-06-19 13:30:02] Fetching https://waitz.io/live/ucsd-rec
[2026-06-19 13:30:04] Saved 4 rows to ucsd_occupancy_history.csv
[2026-06-19 13:30:04] Main Gym Fitness Gym: 1% (Closed) people=1 capacity=72 is_open=False hour_summary=closed
[2026-06-19 13:30:04] Outback Climbing Center: 0% (Closed) people=0 capacity=30 is_open=False hour_summary=closed
[2026-06-19 13:30:04] RIMAC Fitness Gym: 1% (Not Busy) people=2 capacity=150 is_open=True hour_summary=open
[2026-06-19 13:30:04] Triton Esports Center: 0% (Closed) people=0 capacity=35 is_open=False hour_summary=closed
[2026-06-19 13:30:04] === SCRAPE END OK ===
[2026-06-19 13:45:02] === SCRAPE START ===
[2026-06-19 13:45:02] Fetching https://waitz.io/live/ucsd-rec
[2026-06-19 13:45:03] Saved 4 rows to ucsd_occupancy_history.csv
[2026-06-19 13:45:03] Main Gym Fitness Gym: 1% (Closed) people=0 capacity=72 is_open=False hour_summary=closed
[2026-06-19 13:45:03] Outback Climbing Center: 0% (Closed) people=0 capacity=30 is_open=False hour_summary=closed
[2026-06-19 13:45:03] RIMAC Fitness Gym: 2% (Not Busy) people=2 capacity=150 is_open=True hour_summary=open
[2026-06-19 13:45:03] Triton Esports Center: 0% (Closed) people=0 capacity=35 is_open=False hour_summary=closed
[2026-06-19 13:45:03] === SCRAPE END OK ===
[2026-06-19 14:00:02] === SCRAPE START ===
[2026-06-19 14:00:02] Fetching https://waitz.io/live/ucsd-rec
[2026-06-19 14:00:04] Saved 4 rows to ucsd_occupancy_history.csv
[2026-06-19 14:00:04] Main Gym Fitness Gym: 1% (Closed) people=1 capacity=72 is_open=False hour_summary=closed
[2026-06-19 14:00:04] Outback Climbing Center: 0% (Closed) people=0 capacity=30 is_open=False hour_summary=closed
[2026-06-19 14:00:04] RIMAC Fitness Gym: 1% (Not Busy) people=1 capacity=150 is_open=True hour_summary=open
[2026-06-19 14:00:04] Triton Esports Center: 0% (Closed) people=0 capacity=35 is_open=False hour_summary=closed
[2026-06-19 14:00:04] === SCRAPE END OK ===
[2026-06-19 14:15:02] === SCRAPE START ===
[2026-06-19 14:15:02] Fetching https://waitz.io/live/ucsd-rec
[2026-06-19 14:15:03] Saved 4 rows to ucsd_occupancy_history.csv
[2026-06-19 14:15:03] Main Gym Fitness Gym: 1% (Closed) people=1 capacity=72 is_open=False hour_summary=closed
[2026-06-19 14:15:03] Outback Climbing Center: 0% (Closed) people=0 capacity=30 is_open=False hour_summary=closed
[2026-06-19 14:15:03] RIMAC Fitness Gym: 1% (Not Busy) people=1 capacity=150 is_open=True hour_summary=open
[2026-06-19 14:15:03] Triton Esports Center: 0% (Closed) people=0 capacity=35 is_open=False hour_summary=closed
[2026-06-19 14:15:03] === SCRAPE END OK ===
[2026-06-19 14:30:02] === SCRAPE START ===
[2026-06-19 14:30:02] Fetching https://waitz.io/live/ucsd-rec
[2026-06-19 14:30:04] Saved 4 rows to ucsd_occupancy_history.csv
[2026-06-19 14:30:04] Main Gym Fitness Gym: 4% (Closed) people=3 capacity=72 is_open=False hour_summary=closed
[2026-06-19 14:30:04] Outback Climbing Center: 0% (Closed) people=0 capacity=30 is_open=False hour_summary=closed
[2026-06-19 14:30:04] RIMAC Fitness Gym: 1% (Not Busy) people=1 capacity=150 is_open=True hour_summary=open
[2026-06-19 14:30:04] Triton Esports Center: 0% (Closed) people=0 capacity=35 is_open=False hour_summary=closed
[2026-06-19 14:30:04] === SCRAPE END OK ===
[2026-06-19 14:45:02] === SCRAPE START ===
[2026-06-19 14:45:02] Fetching https://waitz.io/live/ucsd-rec
[2026-06-19 14:45:03] Saved 4 rows to ucsd_occupancy_history.csv
[2026-06-19 14:45:03] Main Gym Fitness Gym: 1% (Closed) people=1 capacity=72 is_open=False hour_summary=closed
[2026-06-19 14:45:03] Outback Climbing Center: 0% (Closed) people=0 capacity=30 is_open=False hour_summary=closed
[2026-06-19 14:45:03] RIMAC Fitness Gym: 1% (Not Busy) people=2 capacity=150 is_open=True hour_summary=open
[2026-06-19 14:45:03] Triton Esports Center: 0% (Closed) people=0 capacity=35 is_open=False hour_summary=closed
[2026-06-19 14:45:03] === SCRAPE END OK ===
[2026-06-19 15:00:02] === SCRAPE START ===
[2026-06-19 15:00:02] Fetching https://waitz.io/live/ucsd-rec
[2026-06-19 15:00:03] Saved 4 rows to ucsd_occupancy_history.csv
[2026-06-19 15:00:03] Main Gym Fitness Gym: 1% (Closed) people=1 capacity=72 is_open=False hour_summary=closed
[2026-06-19 15:00:03] Outback Climbing Center: 0% (Closed) people=0 capacity=30 is_open=False hour_summary=closed
[2026-06-19 15:00:03] RIMAC Fitness Gym: 1% (Not Busy) people=1 capacity=150 is_open=True hour_summary=open
[2026-06-19 15:00:03] Triton Esports Center: 0% (Closed) people=0 capacity=35 is_open=False hour_summary=closed
[2026-06-19 15:00:03] === SCRAPE END OK ===
[2026-06-19 15:15:02] === SCRAPE START ===
[2026-06-19 15:15:02] Fetching https://waitz.io/live/ucsd-rec
[2026-06-19 15:15:03] Saved 4 rows to ucsd_occupancy_history.csv
[2026-06-19 15:15:03] Main Gym Fitness Gym: 1% (Closed) people=1 capacity=72 is_open=False hour_summary=closed
[2026-06-19 15:15:03] Outback Climbing Center: 0% (Closed) people=0 capacity=30 is_open=False hour_summary=closed
[2026-06-19 15:15:03] RIMAC Fitness Gym: 1% (Not Busy) people=1 capacity=150 is_open=True hour_summary=open
[2026-06-19 15:15:03] Triton Esports Center: 0% (Closed) people=0 capacity=35 is_open=False hour_summary=closed
[2026-06-19 15:15:03] === SCRAPE END OK ===
[2026-06-19 15:30:02] === SCRAPE START ===
[2026-06-19 15:30:02] Fetching https://waitz.io/live/ucsd-rec
[2026-06-19 15:30:03] Saved 4 rows to ucsd_occupancy_history.csv
[2026-06-19 15:30:03] Main Gym Fitness Gym: 6% (Closed) people=4 capacity=72 is_open=False hour_summary=closed
[2026-06-19 15:30:03] Outback Climbing Center: 0% (Closed) people=0 capacity=30 is_open=False hour_summary=closed
[2026-06-19 15:30:03] RIMAC Fitness Gym: 1% (Not Busy) people=1 capacity=150 is_open=True hour_summary=open
[2026-06-19 15:30:03] Triton Esports Center: 0% (Closed) people=0 capacity=35 is_open=False hour_summary=closed
[2026-06-19 15:30:03] === SCRAPE END OK ===
[2026-06-19 15:45:02] === SCRAPE START ===
[2026-06-19 15:45:02] Fetching https://waitz.io/live/ucsd-rec
[2026-06-19 15:45:03] Saved 4 rows to ucsd_occupancy_history.csv
[2026-06-19 15:45:03] Main Gym Fitness Gym: 2% (Closed) people=1 capacity=72 is_open=False hour_summary=closed
[2026-06-19 15:45:03] Outback Climbing Center: 0% (Closed) people=0 capacity=30 is_open=False hour_summary=closed
[2026-06-19 15:45:03] RIMAC Fitness Gym: 1% (Not Busy) people=1 capacity=150 is_open=True hour_summary=open
[2026-06-19 15:45:03] Triton Esports Center: 0% (Closed) people=0 capacity=35 is_open=False hour_summary=closed
[2026-06-19 15:45:03] === SCRAPE END OK ===
[2026-06-19 16:00:02] === SCRAPE START ===
[2026-06-19 16:00:02] Fetching https://waitz.io/live/ucsd-rec
[2026-06-19 16:00:03] Saved 4 rows to ucsd_occupancy_history.csv
[2026-06-19 16:00:03] Main Gym Fitness Gym: 1% (Closed) people=1 capacity=72 is_open=False hour_summary=closed
[2026-06-19 16:00:03] Outback Climbing Center: 0% (Closed) people=0 capacity=30 is_open=False hour_summary=closed
[2026-06-19 16:00:03] RIMAC Fitness Gym: 1% (Not Busy) people=1 capacity=150 is_open=True hour_summary=open
[2026-06-19 16:00:03] Triton Esports Center: 0% (Closed) people=0 capacity=35 is_open=False hour_summary=closed
[2026-06-19 16:00:03] === SCRAPE END OK ===
[2026-06-19 16:15:02] === SCRAPE START ===
[2026-06-19 16:15:02] Fetching https://waitz.io/live/ucsd-rec
[2026-06-19 16:15:03] Saved 4 rows to ucsd_occupancy_history.csv
[2026-06-19 16:15:03] Main Gym Fitness Gym: 1% (Closed) people=1 capacity=72 is_open=False hour_summary=closed
[2026-06-19 16:15:03] Outback Climbing Center: 0% (Closed) people=0 capacity=30 is_open=False hour_summary=closed
[2026-06-19 16:15:03] RIMAC Fitness Gym: 1% (Not Busy) people=1 capacity=150 is_open=True hour_summary=open
[2026-06-19 16:15:03] Triton Esports Center: 0% (Closed) people=0 capacity=35 is_open=False hour_summary=closed
[2026-06-19 16:15:03] === SCRAPE END OK ===
[2026-06-19 16:30:03] === SCRAPE START ===
[2026-06-19 16:30:03] Fetching https://waitz.io/live/ucsd-rec
[2026-06-19 16:30:04] Saved 4 rows to ucsd_occupancy_history.csv
[2026-06-19 16:30:04] Main Gym Fitness Gym: 2% (Closed) people=1 capacity=72 is_open=False hour_summary=closed
[2026-06-19 16:30:04] Outback Climbing Center: 0% (Closed) people=0 capacity=30 is_open=False hour_summary=closed
[2026-06-19 16:30:04] RIMAC Fitness Gym: 1% (Not Busy) people=1 capacity=150 is_open=True hour_summary=open
[2026-06-19 16:30:04] Triton Esports Center: 0% (Closed) people=0 capacity=35 is_open=False hour_summary=closed
[2026-06-19 16:30:04] === SCRAPE END OK ===
[2026-06-19 16:45:02] === SCRAPE START ===
[2026-06-19 16:45:02] Fetching https://waitz.io/live/ucsd-rec
[2026-06-19 16:45:03] Saved 4 rows to ucsd_occupancy_history.csv
[2026-06-19 16:45:03] Main Gym Fitness Gym: 4% (Closed) people=3 capacity=72 is_open=False hour_summary=closed
[2026-06-19 16:45:03] Outback Climbing Center: 0% (Closed) people=0 capacity=30 is_open=False hour_summary=closed
[2026-06-19 16:45:03] RIMAC Fitness Gym: 1% (Not Busy) people=1 capacity=150 is_open=True hour_summary=open
[2026-06-19 16:45:03] Triton Esports Center: 0% (Closed) people=0 capacity=35 is_open=False hour_summary=closed
[2026-06-19 16:45:03] === SCRAPE END OK ===
[2026-06-19 17:00:02] === SCRAPE START ===
[2026-06-19 17:00:02] Fetching https://waitz.io/live/ucsd-rec
[2026-06-19 17:00:04] Saved 4 rows to ucsd_occupancy_history.csv
[2026-06-19 17:00:04] Main Gym Fitness Gym: 7% (Closed) people=5 capacity=72 is_open=False hour_summary=closed
[2026-06-19 17:00:04] Outback Climbing Center: 0% (Closed) people=0 capacity=30 is_open=False hour_summary=closed
[2026-06-19 17:00:04] RIMAC Fitness Gym: 1% (Not Busy) people=1 capacity=150 is_open=True hour_summary=open
[2026-06-19 17:00:04] Triton Esports Center: 0% (Closed) people=0 capacity=35 is_open=False hour_summary=closed
[2026-06-19 17:00:04] === SCRAPE END OK ===
[2026-06-19 17:15:02] === SCRAPE START ===
[2026-06-19 17:15:02] Fetching https://waitz.io/live/ucsd-rec
[2026-06-19 17:15:03] Saved 4 rows to ucsd_occupancy_history.csv
[2026-06-19 17:15:03] Main Gym Fitness Gym: 1% (Closed) people=1 capacity=72 is_open=False hour_summary=closed
[2026-06-19 17:15:03] Outback Climbing Center: 0% (Closed) people=0 capacity=30 is_open=False hour_summary=closed
[2026-06-19 17:15:03] RIMAC Fitness Gym: 1% (Not Busy) people=1 capacity=150 is_open=True hour_summary=open
[2026-06-19 17:15:03] Triton Esports Center: 0% (Closed) people=0 capacity=35 is_open=False hour_summary=closed
[2026-06-19 17:15:03] === SCRAPE END OK ===
[2026-06-19 17:30:02] === SCRAPE START ===
[2026-06-19 17:30:02] Fetching https://waitz.io/live/ucsd-rec
[2026-06-19 17:30:04] Saved 4 rows to ucsd_occupancy_history.csv
[2026-06-19 17:30:04] Main Gym Fitness Gym: 2% (Closed) people=1 capacity=72 is_open=False hour_summary=closed
[2026-06-19 17:30:04] Outback Climbing Center: 0% (Closed) people=0 capacity=30 is_open=False hour_summary=closed
[2026-06-19 17:30:04] RIMAC Fitness Gym: 1% (Not Busy) people=1 capacity=150 is_open=True hour_summary=open
[2026-06-19 17:30:04] Triton Esports Center: 0% (Closed) people=0 capacity=35 is_open=False hour_summary=closed
[2026-06-19 17:30:04] === SCRAPE END OK ===
[2026-06-19 17:45:02] === SCRAPE START ===
[2026-06-19 17:45:02] Fetching https://waitz.io/live/ucsd-rec
[2026-06-19 17:45:03] Saved 4 rows to ucsd_occupancy_history.csv
[2026-06-19 17:45:03] Main Gym Fitness Gym: 2% (Closed) people=1 capacity=72 is_open=False hour_summary=closed
[2026-06-19 17:45:03] Outback Climbing Center: 0% (Closed) people=0 capacity=30 is_open=False hour_summary=closed
[2026-06-19 17:45:03] RIMAC Fitness Gym: 1% (Not Busy) people=2 capacity=150 is_open=True hour_summary=open
[2026-06-19 17:45:03] Triton Esports Center: 0% (Closed) people=0 capacity=35 is_open=False hour_summary=closed
[2026-06-19 17:45:03] === SCRAPE END OK ===
[2026-06-19 18:00:02] === SCRAPE START ===
[2026-06-19 18:00:02] Fetching https://waitz.io/live/ucsd-rec
[2026-06-19 18:00:04] Saved 4 rows to ucsd_occupancy_history.csv
[2026-06-19 18:00:04] Main Gym Fitness Gym: 2% (Closed) people=1 capacity=72 is_open=False hour_summary=closed
[2026-06-19 18:00:04] Outback Climbing Center: 0% (Closed) people=0 capacity=30 is_open=False hour_summary=closed
[2026-06-19 18:00:04] RIMAC Fitness Gym: 1% (Not Busy) people=1 capacity=150 is_open=True hour_summary=open
[2026-06-19 18:00:04] Triton Esports Center: 0% (Closed) people=0 capacity=35 is_open=False hour_summary=closed
[2026-06-19 18:00:04] === SCRAPE END OK ===
[2026-06-19 18:15:02] === SCRAPE START ===
[2026-06-19 18:15:02] Fetching https://waitz.io/live/ucsd-rec
[2026-06-19 18:15:03] Saved 4 rows to ucsd_occupancy_history.csv
[2026-06-19 18:15:03] Main Gym Fitness Gym: 1% (Closed) people=1 capacity=72 is_open=False hour_summary=closed
[2026-06-19 18:15:03] Outback Climbing Center: 0% (Closed) people=0 capacity=30 is_open=False hour_summary=closed
[2026-06-19 18:15:03] RIMAC Fitness Gym: 1% (Not Busy) people=1 capacity=150 is_open=True hour_summary=open
[2026-06-19 18:15:03] Triton Esports Center: 0% (Closed) people=0 capacity=35 is_open=False hour_summary=closed
[2026-06-19 18:15:03] === SCRAPE END OK ===
[2026-06-19 18:30:02] === SCRAPE START ===
[2026-06-19 18:30:02] Fetching https://waitz.io/live/ucsd-rec
[2026-06-19 18:30:03] Saved 4 rows to ucsd_occupancy_history.csv
[2026-06-19 18:30:03] Main Gym Fitness Gym: 2% (Closed) people=2 capacity=72 is_open=False hour_summary=closed
[2026-06-19 18:30:03] Outback Climbing Center: 0% (Closed) people=0 capacity=30 is_open=False hour_summary=closed
[2026-06-19 18:30:03] RIMAC Fitness Gym: 1% (Not Busy) people=1 capacity=150 is_open=True hour_summary=open
[2026-06-19 18:30:03] Triton Esports Center: 0% (Closed) people=0 capacity=35 is_open=False hour_summary=closed
[2026-06-19 18:30:03] === SCRAPE END OK ===
[2026-06-19 18:45:02] === SCRAPE START ===
[2026-06-19 18:45:02] Fetching https://waitz.io/live/ucsd-rec
[2026-06-19 18:45:03] Saved 4 rows to ucsd_occupancy_history.csv
[2026-06-19 18:45:03] Main Gym Fitness Gym: 2% (Closed) people=1 capacity=72 is_open=False hour_summary=closed
[2026-06-19 18:45:03] Outback Climbing Center: 0% (Closed) people=0 capacity=30 is_open=False hour_summary=closed
[2026-06-19 18:45:03] RIMAC Fitness Gym: 0% (Not Busy) people=0 capacity=150 is_open=True hour_summary=open
[2026-06-19 18:45:03] Triton Esports Center: 0% (Closed) people=0 capacity=35 is_open=False hour_summary=closed
[2026-06-19 18:45:03] === SCRAPE END OK ===
[2026-06-19 19:00:02] === SCRAPE START ===
[2026-06-19 19:00:02] Fetching https://waitz.io/live/ucsd-rec
[2026-06-19 19:00:04] Saved 4 rows to ucsd_occupancy_history.csv
[2026-06-19 19:00:04] Main Gym Fitness Gym: 1% (Closed) people=1 capacity=72 is_open=False hour_summary=closed
[2026-06-19 19:00:04] Outback Climbing Center: 0% (Closed) people=0 capacity=30 is_open=False hour_summary=closed
[2026-06-19 19:00:04] RIMAC Fitness Gym: 1% (Not Busy) people=1 capacity=150 is_open=True hour_summary=open
[2026-06-19 19:00:04] Triton Esports Center: 0% (Closed) people=0 capacity=35 is_open=False hour_summary=closed
[2026-06-19 19:00:04] === SCRAPE END OK ===
[2026-06-19 19:15:02] === SCRAPE START ===
[2026-06-19 19:15:02] Fetching https://waitz.io/live/ucsd-rec
[2026-06-19 19:15:03] Saved 4 rows to ucsd_occupancy_history.csv
[2026-06-19 19:15:03] Main Gym Fitness Gym: 3% (Closed) people=2 capacity=72 is_open=False hour_summary=closed
[2026-06-19 19:15:03] Outback Climbing Center: 0% (Closed) people=0 capacity=30 is_open=False hour_summary=closed
[2026-06-19 19:15:03] RIMAC Fitness Gym: 0% (Data Unavailable) people=0 capacity=150 is_open=True hour_summary=open
[2026-06-19 19:15:03] Triton Esports Center: 0% (Closed) people=0 capacity=35 is_open=False hour_summary=closed
[2026-06-19 19:15:03] === SCRAPE END OK ===
[2026-06-19 19:30:02] === SCRAPE START ===
[2026-06-19 19:30:02] Fetching https://waitz.io/live/ucsd-rec
[2026-06-19 19:30:04] Saved 4 rows to ucsd_occupancy_history.csv
[2026-06-19 19:30:04] Main Gym Fitness Gym: 2% (Closed) people=2 capacity=72 is_open=False hour_summary=closed
[2026-06-19 19:30:04] Outback Climbing Center: 0% (Closed) people=0 capacity=30 is_open=False hour_summary=closed
[2026-06-19 19:30:04] RIMAC Fitness Gym: 1% (Not Busy) people=1 capacity=150 is_open=True hour_summary=open
[2026-06-19 19:30:04] Triton Esports Center: 0% (Closed) people=0 capacity=35 is_open=False hour_summary=closed
[2026-06-19 19:30:04] === SCRAPE END OK ===
[2026-06-19 19:45:02] === SCRAPE START ===
[2026-06-19 19:45:02] Fetching https://waitz.io/live/ucsd-rec
[2026-06-19 19:45:33] HTTP ERROR: HTTPSConnectionPool(host='waitz.io', port=443): Read timed out. (read timeout=20)
[2026-06-19 20:00:02] === SCRAPE START ===
[2026-06-19 20:00:02] Fetching https://waitz.io/live/ucsd-rec
[2026-06-19 20:00:07] Saved 4 rows to ucsd_occupancy_history.csv
[2026-06-19 20:00:07] Main Gym Fitness Gym: 1% (Closed) people=0 capacity=72 is_open=False hour_summary=closed
[2026-06-19 20:00:07] Outback Climbing Center: 0% (Closed) people=0 capacity=30 is_open=False hour_summary=closed
[2026-06-19 20:00:07] RIMAC Fitness Gym: 1% (Not Busy) people=1 capacity=150 is_open=True hour_summary=open
[2026-06-19 20:00:07] Triton Esports Center: 0% (Closed) people=0 capacity=35 is_open=False hour_summary=closed
[2026-06-19 20:00:07] === SCRAPE END OK ===
[2026-06-19 20:15:02] === SCRAPE START ===
[2026-06-19 20:15:02] Fetching https://waitz.io/live/ucsd-rec
[2026-06-19 20:15:08] Saved 4 rows to ucsd_occupancy_history.csv
[2026-06-19 20:15:08] Main Gym Fitness Gym: 1% (Closed) people=0 capacity=72 is_open=False hour_summary=closed
[2026-06-19 20:15:08] Outback Climbing Center: 0% (Closed) people=0 capacity=30 is_open=False hour_summary=closed
[2026-06-19 20:15:08] RIMAC Fitness Gym: 0% (Not Busy) people=0 capacity=150 is_open=True hour_summary=open
[2026-06-19 20:15:08] Triton Esports Center: 0% (Closed) people=0 capacity=35 is_open=False hour_summary=closed
[2026-06-19 20:15:08] === SCRAPE END OK ===
[2026-06-19 20:30:02] === SCRAPE START ===
[2026-06-19 20:30:02] Fetching https://waitz.io/live/ucsd-rec
[2026-06-19 20:30:12] Saved 4 rows to ucsd_occupancy_history.csv
[2026-06-19 20:30:12] Main Gym Fitness Gym: 1% (Closed) people=1 capacity=72 is_open=False hour_summary=closed
[2026-06-19 20:30:12] Outback Climbing Center: 0% (Closed) people=0 capacity=30 is_open=False hour_summary=closed
[2026-06-19 20:30:12] RIMAC Fitness Gym: 1% (Not Busy) people=1 capacity=150 is_open=True hour_summary=open
[2026-06-19 20:30:12] Triton Esports Center: 0% (Closed) people=0 capacity=35 is_open=False hour_summary=closed
[2026-06-19 20:30:12] === SCRAPE END OK ===
[2026-06-19 20:45:02] === SCRAPE START ===
[2026-06-19 20:45:02] Fetching https://waitz.io/live/ucsd-rec
[2026-06-19 20:45:08] Saved 4 rows to ucsd_occupancy_history.csv
[2026-06-19 20:45:08] Main Gym Fitness Gym: 1% (Closed) people=1 capacity=72 is_open=False hour_summary=closed
[2026-06-19 20:45:08] Outback Climbing Center: 0% (Closed) people=0 capacity=30 is_open=False hour_summary=closed
[2026-06-19 20:45:08] RIMAC Fitness Gym: 1% (Not Busy) people=1 capacity=150 is_open=True hour_summary=open
[2026-06-19 20:45:08] Triton Esports Center: 0% (Closed) people=0 capacity=35 is_open=False hour_summary=closed
[2026-06-19 20:45:08] === SCRAPE END OK ===
[2026-06-19 21:00:02] === SCRAPE START ===
[2026-06-19 21:00:02] Fetching https://waitz.io/live/ucsd-rec
[2026-06-19 21:00:24] HTTP ERROR: HTTPSConnectionPool(host='waitz.io', port=443): Read timed out. (read timeout=20)
[2026-06-19 21:15:02] === SCRAPE START ===
[2026-06-19 21:15:02] Fetching https://waitz.io/live/ucsd-rec
[2026-06-19 21:15:19] Saved 4 rows to ucsd_occupancy_history.csv
[2026-06-19 21:15:19] Main Gym Fitness Gym: 2% (Closed) people=1 capacity=72 is_open=False hour_summary=closed
[2026-06-19 21:15:19] Outback Climbing Center: 0% (Closed) people=0 capacity=30 is_open=False hour_summary=closed
[2026-06-19 21:15:19] RIMAC Fitness Gym: 1% (Closed) people=1 capacity=150 is_open=False hour_summary=Closed until 8:00am
[2026-06-19 21:15:19] Triton Esports Center: 0% (Closed) people=0 capacity=35 is_open=False hour_summary=closed
[2026-06-19 21:15:19] === SCRAPE END OK ===
[2026-06-19 21:30:02] === SCRAPE START ===
[2026-06-19 21:30:02] Fetching https://waitz.io/live/ucsd-rec
[2026-06-19 21:30:14] Saved 4 rows to ucsd_occupancy_history.csv
[2026-06-19 21:30:14] Main Gym Fitness Gym: 2% (Closed) people=1 capacity=72 is_open=False hour_summary=closed
[2026-06-19 21:30:14] Outback Climbing Center: 0% (Closed) people=0 capacity=30 is_open=False hour_summary=closed
[2026-06-19 21:30:14] RIMAC Fitness Gym: 1% (Closed) people=1 capacity=150 is_open=False hour_summary=Closed until 8:00am
[2026-06-19 21:30:14] Triton Esports Center: 0% (Closed) people=0 capacity=35 is_open=False hour_summary=closed
[2026-06-19 21:30:14] === SCRAPE END OK ===
[2026-06-19 21:45:02] === SCRAPE START ===
[2026-06-19 21:45:02] Fetching https://waitz.io/live/ucsd-rec
[2026-06-19 21:45:26] Saved 4 rows to ucsd_occupancy_history.csv
[2026-06-19 21:45:26] Main Gym Fitness Gym: 1% (Closed) people=0 capacity=72 is_open=False hour_summary=closed
[2026-06-19 21:45:26] Outback Climbing Center: 0% (Closed) people=0 capacity=30 is_open=False hour_summary=closed
[2026-06-19 21:45:26] RIMAC Fitness Gym: 0% (Closed) people=0 capacity=150 is_open=False hour_summary=Closed until 8:00am
[2026-06-19 21:45:26] Triton Esports Center: 0% (Closed) people=0 capacity=35 is_open=False hour_summary=closed
[2026-06-19 21:45:26] === SCRAPE END OK ===
[2026-06-19 22:00:02] === SCRAPE START ===
[2026-06-19 22:00:02] Fetching https://waitz.io/live/ucsd-rec
[2026-06-19 22:00:04] Saved 4 rows to ucsd_occupancy_history.csv
[2026-06-19 22:00:04] Main Gym Fitness Gym: 1% (Closed) people=1 capacity=72 is_open=False hour_summary=closed
[2026-06-19 22:00:04] Outback Climbing Center: 0% (Closed) people=0 capacity=30 is_open=False hour_summary=closed
[2026-06-19 22:00:04] RIMAC Fitness Gym: 0% (Closed) people=1 capacity=150 is_open=False hour_summary=Closed until 8:00am
[2026-06-19 22:00:04] Triton Esports Center: 0% (Closed) people=0 capacity=35 is_open=False hour_summary=closed
[2026-06-19 22:00:04] === SCRAPE END OK ===
