[2026-05-29 00:00:03] === SCRAPE START ===
[2026-05-29 00:00:03] Fetching https://waitz.io/live/ucsd-rec
[2026-05-29 00:00:04] Saved 4 rows to ucsd_occupancy_history.csv
[2026-05-29 00:00:04] Main Gym Fitness Gym: 2% (Closed) people=1 capacity=72 is_open=False hour_summary=Closed until 6:00am
[2026-05-29 00:00:04] Outback Climbing Center: 4% (Closed) people=1 capacity=30 is_open=False hour_summary=Closed until 10:00am
[2026-05-29 00:00:04] RIMAC Fitness Gym: 0% (Closed) people=1 capacity=150 is_open=False hour_summary=Closed until 6:00am
[2026-05-29 00:00:04] Triton Esports Center: 0% (Closed) people=0 capacity=35 is_open=False hour_summary=Closed until 7:30am
[2026-05-29 00:00:04] === SCRAPE END OK ===
[2026-05-29 00:15:04] === SCRAPE START ===
[2026-05-29 00:15:04] Fetching https://waitz.io/live/ucsd-rec
[2026-05-29 00:15:06] Saved 4 rows to ucsd_occupancy_history.csv
[2026-05-29 00:15:06] Main Gym Fitness Gym: 8% (Closed) people=6 capacity=72 is_open=False hour_summary=Closed until 6:00am
[2026-05-29 00:15:06] Outback Climbing Center: 6% (Closed) people=2 capacity=30 is_open=False hour_summary=Closed until 10:00am
[2026-05-29 00:15:06] RIMAC Fitness Gym: 1% (Closed) people=1 capacity=150 is_open=False hour_summary=Closed until 6:00am
[2026-05-29 00:15:06] Triton Esports Center: 0% (Closed) people=0 capacity=35 is_open=False hour_summary=Closed until 7:30am
[2026-05-29 00:15:06] === SCRAPE END OK ===
[2026-05-29 00:30:03] === SCRAPE START ===
[2026-05-29 00:30:03] Fetching https://waitz.io/live/ucsd-rec
[2026-05-29 00:30:04] Saved 4 rows to ucsd_occupancy_history.csv
[2026-05-29 00:30:04] Main Gym Fitness Gym: 3% (Closed) people=2 capacity=72 is_open=False hour_summary=Closed until 6:00am
[2026-05-29 00:30:04] Outback Climbing Center: 1% (Closed) people=0 capacity=30 is_open=False hour_summary=Closed until 10:00am
[2026-05-29 00:30:04] RIMAC Fitness Gym: 1% (Closed) people=1 capacity=150 is_open=False hour_summary=Closed until 6:00am
[2026-05-29 00:30:04] Triton Esports Center: 0% (Closed) people=0 capacity=35 is_open=False hour_summary=Closed until 7:30am
[2026-05-29 00:30:04] === SCRAPE END OK ===
[2026-05-29 00:45:13] === SCRAPE START ===
[2026-05-29 00:45:13] Fetching https://waitz.io/live/ucsd-rec
[2026-05-29 00:45:14] Saved 4 rows to ucsd_occupancy_history.csv
[2026-05-29 00:45:14] Main Gym Fitness Gym: 1% (Closed) people=1 capacity=72 is_open=False hour_summary=Closed until 6:00am
[2026-05-29 00:45:14] Outback Climbing Center: 1% (Closed) people=0 capacity=30 is_open=False hour_summary=Closed until 10:00am
[2026-05-29 00:45:14] RIMAC Fitness Gym: 0% (Closed) people=1 capacity=150 is_open=False hour_summary=Closed until 6:00am
[2026-05-29 00:45:14] Triton Esports Center: 0% (Closed) people=0 capacity=35 is_open=False hour_summary=Closed until 7:30am
[2026-05-29 00:45:14] === SCRAPE END OK ===
[2026-05-29 01:00:02] === SCRAPE START ===
[2026-05-29 01:00:02] Fetching https://waitz.io/live/ucsd-rec
[2026-05-29 01:00:04] Saved 4 rows to ucsd_occupancy_history.csv
[2026-05-29 01:00:04] Main Gym Fitness Gym: 2% (Closed) people=2 capacity=72 is_open=False hour_summary=Closed until 6:00am
[2026-05-29 01:00:04] Outback Climbing Center: 1% (Closed) people=0 capacity=30 is_open=False hour_summary=Closed until 10:00am
[2026-05-29 01:00:04] RIMAC Fitness Gym: 0% (Closed) people=1 capacity=150 is_open=False hour_summary=Closed until 6:00am
[2026-05-29 01:00:04] Triton Esports Center: 0% (Closed) people=0 capacity=35 is_open=False hour_summary=Closed until 7:30am
[2026-05-29 01:00:04] === SCRAPE END OK ===
[2026-05-29 01:15:02] === SCRAPE START ===
[2026-05-29 01:15:02] Fetching https://waitz.io/live/ucsd-rec
[2026-05-29 01:15:03] Saved 4 rows to ucsd_occupancy_history.csv
[2026-05-29 01:15:03] Main Gym Fitness Gym: 6% (Closed) people=4 capacity=72 is_open=False hour_summary=Closed until 6:00am
[2026-05-29 01:15:03] Outback Climbing Center: 1% (Closed) people=0 capacity=30 is_open=False hour_summary=Closed until 10:00am
[2026-05-29 01:15:03] RIMAC Fitness Gym: 1% (Closed) people=1 capacity=150 is_open=False hour_summary=Closed until 6:00am
[2026-05-29 01:15:03] Triton Esports Center: 0% (Closed) people=0 capacity=35 is_open=False hour_summary=Closed until 7:30am
[2026-05-29 01:15:03] === SCRAPE END OK ===
[2026-05-29 01:30:02] === SCRAPE START ===
[2026-05-29 01:30:02] Fetching https://waitz.io/live/ucsd-rec
[2026-05-29 01:30:04] Saved 4 rows to ucsd_occupancy_history.csv
[2026-05-29 01:30:04] Main Gym Fitness Gym: 2% (Closed) people=2 capacity=72 is_open=False hour_summary=Closed until 6:00am
[2026-05-29 01:30:04] Outback Climbing Center: 1% (Closed) people=0 capacity=30 is_open=False hour_summary=Closed until 10:00am
[2026-05-29 01:30:04] RIMAC Fitness Gym: 1% (Closed) people=1 capacity=150 is_open=False hour_summary=Closed until 6:00am
[2026-05-29 01:30:04] Triton Esports Center: 0% (Closed) people=0 capacity=35 is_open=False hour_summary=Closed until 7:30am
[2026-05-29 01:30:04] === SCRAPE END OK ===
[2026-05-29 01:45:02] === SCRAPE START ===
[2026-05-29 01:45:02] Fetching https://waitz.io/live/ucsd-rec
[2026-05-29 01:45:03] Saved 4 rows to ucsd_occupancy_history.csv
[2026-05-29 01:45:03] Main Gym Fitness Gym: 2% (Closed) people=2 capacity=72 is_open=False hour_summary=Closed until 6:00am
[2026-05-29 01:45:03] Outback Climbing Center: 1% (Closed) people=0 capacity=30 is_open=False hour_summary=Closed until 10:00am
[2026-05-29 01:45:03] RIMAC Fitness Gym: 0% (Closed) people=0 capacity=150 is_open=False hour_summary=Closed until 6:00am
[2026-05-29 01:45:03] Triton Esports Center: 0% (Closed) people=0 capacity=35 is_open=False hour_summary=Closed until 7:30am
[2026-05-29 01:45:03] === SCRAPE END OK ===
[2026-05-29 02:00:02] === SCRAPE START ===
[2026-05-29 02:00:02] Fetching https://waitz.io/live/ucsd-rec
[2026-05-29 02:00:03] Saved 4 rows to ucsd_occupancy_history.csv
[2026-05-29 02:00:03] Main Gym Fitness Gym: 1% (Closed) people=1 capacity=72 is_open=False hour_summary=Closed until 6:00am
[2026-05-29 02:00:03] Outback Climbing Center: 1% (Closed) people=0 capacity=30 is_open=False hour_summary=Closed until 10:00am
[2026-05-29 02:00:03] RIMAC Fitness Gym: 0% (Closed) people=1 capacity=150 is_open=False hour_summary=Closed until 6:00am
[2026-05-29 02:00:03] Triton Esports Center: 0% (Closed) people=0 capacity=35 is_open=False hour_summary=Closed until 7:30am
[2026-05-29 02:00:03] === SCRAPE END OK ===
[2026-05-29 02:15:02] === SCRAPE START ===
[2026-05-29 02:15:02] Fetching https://waitz.io/live/ucsd-rec
[2026-05-29 02:15:03] Saved 4 rows to ucsd_occupancy_history.csv
[2026-05-29 02:15:03] Main Gym Fitness Gym: 2% (Closed) people=2 capacity=72 is_open=False hour_summary=Closed until 6:00am
[2026-05-29 02:15:03] Outback Climbing Center: 1% (Closed) people=0 capacity=30 is_open=False hour_summary=Closed until 10:00am
[2026-05-29 02:15:03] RIMAC Fitness Gym: 0% (Closed) people=0 capacity=150 is_open=False hour_summary=Closed until 6:00am
[2026-05-29 02:15:03] Triton Esports Center: 0% (Closed) people=0 capacity=35 is_open=False hour_summary=Closed until 7:30am
[2026-05-29 02:15:03] === SCRAPE END OK ===
[2026-05-29 02:30:08] === SCRAPE START ===
[2026-05-29 02:30:08] Fetching https://waitz.io/live/ucsd-rec
[2026-05-29 02:30:09] Saved 4 rows to ucsd_occupancy_history.csv
[2026-05-29 02:30:09] Main Gym Fitness Gym: 3% (Closed) people=2 capacity=72 is_open=False hour_summary=Closed until 6:00am
[2026-05-29 02:30:09] Outback Climbing Center: 2% (Closed) people=0 capacity=30 is_open=False hour_summary=Closed until 10:00am
[2026-05-29 02:30:09] RIMAC Fitness Gym: 0% (Closed) people=0 capacity=150 is_open=False hour_summary=Closed until 6:00am
[2026-05-29 02:30:09] Triton Esports Center: 0% (Closed) people=0 capacity=35 is_open=False hour_summary=Closed until 7:30am
[2026-05-29 02:30:09] === SCRAPE END OK ===
[2026-05-29 02:45:03] === SCRAPE START ===
[2026-05-29 02:45:03] Fetching https://waitz.io/live/ucsd-rec
[2026-05-29 02:45:03] Saved 4 rows to ucsd_occupancy_history.csv
[2026-05-29 02:45:03] Main Gym Fitness Gym: 3% (Closed) people=2 capacity=72 is_open=False hour_summary=Closed until 6:00am
[2026-05-29 02:45:03] Outback Climbing Center: 1% (Closed) people=0 capacity=30 is_open=False hour_summary=Closed until 10:00am
[2026-05-29 02:45:03] RIMAC Fitness Gym: 1% (Closed) people=1 capacity=150 is_open=False hour_summary=Closed until 6:00am
[2026-05-29 02:45:03] Triton Esports Center: 0% (Closed) people=0 capacity=35 is_open=False hour_summary=Closed until 7:30am
[2026-05-29 02:45:03] === SCRAPE END OK ===
[2026-05-29 03:00:02] === SCRAPE START ===
[2026-05-29 03:00:02] Fetching https://waitz.io/live/ucsd-rec
[2026-05-29 03:00:03] Saved 4 rows to ucsd_occupancy_history.csv
[2026-05-29 03:00:03] Main Gym Fitness Gym: 3% (Closed) people=2 capacity=72 is_open=False hour_summary=Closed until 6:00am
[2026-05-29 03:00:03] Outback Climbing Center: 3% (Closed) people=1 capacity=30 is_open=False hour_summary=Closed until 10:00am
[2026-05-29 03:00:03] RIMAC Fitness Gym: 1% (Closed) people=1 capacity=150 is_open=False hour_summary=Closed until 6:00am
[2026-05-29 03:00:03] Triton Esports Center: 0% (Closed) people=0 capacity=35 is_open=False hour_summary=Closed until 7:30am
[2026-05-29 03:00:03] === SCRAPE END OK ===
[2026-05-29 03:15:02] === SCRAPE START ===
[2026-05-29 03:15:02] Fetching https://waitz.io/live/ucsd-rec
[2026-05-29 03:15:03] Saved 4 rows to ucsd_occupancy_history.csv
[2026-05-29 03:15:03] Main Gym Fitness Gym: 3% (Closed) people=2 capacity=72 is_open=False hour_summary=Closed until 6:00am
[2026-05-29 03:15:03] Outback Climbing Center: 3% (Closed) people=1 capacity=30 is_open=False hour_summary=Closed until 10:00am
[2026-05-29 03:15:03] RIMAC Fitness Gym: 1% (Closed) people=1 capacity=150 is_open=False hour_summary=Closed until 6:00am
[2026-05-29 03:15:03] Triton Esports Center: 0% (Closed) people=0 capacity=35 is_open=False hour_summary=Closed until 7:30am
[2026-05-29 03:15:03] === SCRAPE END OK ===
[2026-05-29 03:30:02] === SCRAPE START ===
[2026-05-29 03:30:02] Fetching https://waitz.io/live/ucsd-rec
[2026-05-29 03:30:03] Saved 4 rows to ucsd_occupancy_history.csv
[2026-05-29 03:30:03] Main Gym Fitness Gym: 3% (Closed) people=2 capacity=72 is_open=False hour_summary=Closed until 6:00am
[2026-05-29 03:30:03] Outback Climbing Center: 2% (Closed) people=0 capacity=30 is_open=False hour_summary=Closed until 10:00am
[2026-05-29 03:30:03] RIMAC Fitness Gym: 1% (Closed) people=1 capacity=150 is_open=False hour_summary=Closed until 6:00am
[2026-05-29 03:30:03] Triton Esports Center: 0% (Closed) people=0 capacity=35 is_open=False hour_summary=Closed until 7:30am
[2026-05-29 03:30:03] === SCRAPE END OK ===
[2026-05-29 03:45:02] === SCRAPE START ===
[2026-05-29 03:45:02] Fetching https://waitz.io/live/ucsd-rec
[2026-05-29 03:45:03] Saved 4 rows to ucsd_occupancy_history.csv
[2026-05-29 03:45:03] Main Gym Fitness Gym: 4% (Closed) people=3 capacity=72 is_open=False hour_summary=Closed until 6:00am
[2026-05-29 03:45:03] Outback Climbing Center: 1% (Closed) people=0 capacity=30 is_open=False hour_summary=Closed until 10:00am
[2026-05-29 03:45:03] RIMAC Fitness Gym: 0% (Closed) people=1 capacity=150 is_open=False hour_summary=Closed until 6:00am
[2026-05-29 03:45:03] Triton Esports Center: 0% (Closed) people=0 capacity=35 is_open=False hour_summary=Closed until 7:30am
[2026-05-29 03:45:03] === SCRAPE END OK ===
[2026-05-29 04:00:02] === SCRAPE START ===
[2026-05-29 04:00:02] Fetching https://waitz.io/live/ucsd-rec
[2026-05-29 04:00:03] Saved 4 rows to ucsd_occupancy_history.csv
[2026-05-29 04:00:03] Main Gym Fitness Gym: 4% (Closed) people=3 capacity=72 is_open=False hour_summary=Closed until 6:00am
[2026-05-29 04:00:03] Outback Climbing Center: 1% (Closed) people=0 capacity=30 is_open=False hour_summary=Closed until 10:00am
[2026-05-29 04:00:03] RIMAC Fitness Gym: 1% (Closed) people=1 capacity=150 is_open=False hour_summary=Closed until 6:00am
[2026-05-29 04:00:03] Triton Esports Center: 0% (Closed) people=0 capacity=35 is_open=False hour_summary=Closed until 7:30am
[2026-05-29 04:00:03] === SCRAPE END OK ===
[2026-05-29 04:15:02] === SCRAPE START ===
[2026-05-29 04:15:02] Fetching https://waitz.io/live/ucsd-rec
[2026-05-29 04:15:03] Saved 4 rows to ucsd_occupancy_history.csv
[2026-05-29 04:15:03] Main Gym Fitness Gym: 1% (Closed) people=1 capacity=72 is_open=False hour_summary=Closed until 6:00am
[2026-05-29 04:15:03] Outback Climbing Center: 1% (Closed) people=0 capacity=30 is_open=False hour_summary=Closed until 10:00am
[2026-05-29 04:15:03] RIMAC Fitness Gym: 0% (Closed) people=1 capacity=150 is_open=False hour_summary=Closed until 6:00am
[2026-05-29 04:15:03] Triton Esports Center: 0% (Closed) people=0 capacity=35 is_open=False hour_summary=Closed until 7:30am
[2026-05-29 04:15:03] === SCRAPE END OK ===
[2026-05-29 04:30:02] === SCRAPE START ===
[2026-05-29 04:30:02] Fetching https://waitz.io/live/ucsd-rec
[2026-05-29 04:30:03] Saved 4 rows to ucsd_occupancy_history.csv
[2026-05-29 04:30:03] Main Gym Fitness Gym: 2% (Closed) people=1 capacity=72 is_open=False hour_summary=Closed until 6:00am
[2026-05-29 04:30:03] Outback Climbing Center: 1% (Closed) people=0 capacity=30 is_open=False hour_summary=Closed until 10:00am
[2026-05-29 04:30:03] RIMAC Fitness Gym: 1% (Closed) people=1 capacity=150 is_open=False hour_summary=Closed until 6:00am
[2026-05-29 04:30:03] Triton Esports Center: 0% (Closed) people=0 capacity=35 is_open=False hour_summary=Closed until 7:30am
[2026-05-29 04:30:03] === SCRAPE END OK ===
[2026-05-29 04:45:02] === SCRAPE START ===
[2026-05-29 04:45:02] Fetching https://waitz.io/live/ucsd-rec
[2026-05-29 04:45:03] Saved 4 rows to ucsd_occupancy_history.csv
[2026-05-29 04:45:03] Main Gym Fitness Gym: 2% (Closed) people=1 capacity=72 is_open=False hour_summary=Closed until 6:00am
[2026-05-29 04:45:03] Outback Climbing Center: 1% (Closed) people=0 capacity=30 is_open=False hour_summary=Closed until 10:00am
[2026-05-29 04:45:03] RIMAC Fitness Gym: 0% (Closed) people=1 capacity=150 is_open=False hour_summary=Closed until 6:00am
[2026-05-29 04:45:03] Triton Esports Center: 0% (Closed) people=0 capacity=35 is_open=False hour_summary=Closed until 7:30am
[2026-05-29 04:45:03] === SCRAPE END OK ===
[2026-05-29 05:00:02] === SCRAPE START ===
[2026-05-29 05:00:02] Fetching https://waitz.io/live/ucsd-rec
[2026-05-29 05:00:03] Saved 4 rows to ucsd_occupancy_history.csv
[2026-05-29 05:00:03] Main Gym Fitness Gym: 3% (Closed) people=2 capacity=72 is_open=False hour_summary=Closed until 6:00am
[2026-05-29 05:00:03] Outback Climbing Center: 1% (Closed) people=0 capacity=30 is_open=False hour_summary=Closed until 10:00am
[2026-05-29 05:00:03] RIMAC Fitness Gym: 1% (Closed) people=1 capacity=150 is_open=False hour_summary=Closed until 6:00am
[2026-05-29 05:00:03] Triton Esports Center: 0% (Closed) people=0 capacity=35 is_open=False hour_summary=Closed until 7:30am
[2026-05-29 05:00:03] === SCRAPE END OK ===
[2026-05-29 05:15:02] === SCRAPE START ===
[2026-05-29 05:15:02] Fetching https://waitz.io/live/ucsd-rec
[2026-05-29 05:15:03] Saved 4 rows to ucsd_occupancy_history.csv
[2026-05-29 05:15:03] Main Gym Fitness Gym: 1% (Closed) people=1 capacity=72 is_open=False hour_summary=Closed until 6:00am
[2026-05-29 05:15:03] Outback Climbing Center: 16% (Closed) people=5 capacity=30 is_open=False hour_summary=Closed until 10:00am
[2026-05-29 05:15:03] RIMAC Fitness Gym: 0% (Closed) people=1 capacity=150 is_open=False hour_summary=Closed until 6:00am
[2026-05-29 05:15:03] Triton Esports Center: 0% (Closed) people=0 capacity=35 is_open=False hour_summary=Closed until 7:30am
[2026-05-29 05:15:03] === SCRAPE END OK ===
[2026-05-29 05:30:03] === SCRAPE START ===
[2026-05-29 05:30:03] Fetching https://waitz.io/live/ucsd-rec
[2026-05-29 05:30:04] Saved 4 rows to ucsd_occupancy_history.csv
[2026-05-29 05:30:04] Main Gym Fitness Gym: 2% (Closed) people=2 capacity=72 is_open=False hour_summary=Closed until 6:00am
[2026-05-29 05:30:04] Outback Climbing Center: 12% (Closed) people=4 capacity=30 is_open=False hour_summary=Closed until 10:00am
[2026-05-29 05:30:04] RIMAC Fitness Gym: 0% (Closed) people=0 capacity=150 is_open=False hour_summary=Closed until 6:00am
[2026-05-29 05:30:04] Triton Esports Center: 0% (Closed) people=0 capacity=35 is_open=False hour_summary=Closed until 7:30am
[2026-05-29 05:30:04] === SCRAPE END OK ===
[2026-05-29 05:45:02] === SCRAPE START ===
[2026-05-29 05:45:02] Fetching https://waitz.io/live/ucsd-rec
[2026-05-29 05:45:03] Saved 4 rows to ucsd_occupancy_history.csv
[2026-05-29 05:45:03] Main Gym Fitness Gym: 2% (Closed) people=2 capacity=72 is_open=False hour_summary=Closed until 6:00am
[2026-05-29 05:45:03] Outback Climbing Center: 13% (Closed) people=4 capacity=30 is_open=False hour_summary=Closed until 10:00am
[2026-05-29 05:45:03] RIMAC Fitness Gym: 1% (Closed) people=1 capacity=150 is_open=False hour_summary=Closed until 6:00am
[2026-05-29 05:45:03] Triton Esports Center: 0% (Closed) people=0 capacity=35 is_open=False hour_summary=Closed until 7:30am
[2026-05-29 05:45:03] === SCRAPE END OK ===
[2026-05-29 06:00:02] === SCRAPE START ===
[2026-05-29 06:00:02] Fetching https://waitz.io/live/ucsd-rec
[2026-05-29 06:00:04] Saved 4 rows to ucsd_occupancy_history.csv
[2026-05-29 06:00:04] Main Gym Fitness Gym: 2% (Not Busy) people=1 capacity=72 is_open=True hour_summary=open
[2026-05-29 06:00:04] Outback Climbing Center: 3% (Closed) people=1 capacity=30 is_open=False hour_summary=Closed until 10:00am
[2026-05-29 06:00:04] RIMAC Fitness Gym: 1% (Not Busy) people=1 capacity=150 is_open=True hour_summary=open
[2026-05-29 06:00:04] Triton Esports Center: 0% (Closed) people=0 capacity=35 is_open=False hour_summary=Closed until 7:30am
[2026-05-29 06:00:04] === SCRAPE END OK ===
[2026-05-29 06:15:02] === SCRAPE START ===
[2026-05-29 06:15:02] Fetching https://waitz.io/live/ucsd-rec
[2026-05-29 06:15:03] Saved 4 rows to ucsd_occupancy_history.csv
[2026-05-29 06:15:03] Main Gym Fitness Gym: 1% (Not Busy) people=1 capacity=72 is_open=True hour_summary=open
[2026-05-29 06:15:03] Outback Climbing Center: 7% (Closed) people=2 capacity=30 is_open=False hour_summary=Closed until 10:00am
[2026-05-29 06:15:03] RIMAC Fitness Gym: 24% (Not Busy) people=35 capacity=150 is_open=True hour_summary=open
[2026-05-29 06:15:03] Triton Esports Center: 0% (Closed) people=0 capacity=35 is_open=False hour_summary=Closed until 7:30am
[2026-05-29 06:15:03] === SCRAPE END OK ===
[2026-05-29 06:30:02] === SCRAPE START ===
[2026-05-29 06:30:02] Fetching https://waitz.io/live/ucsd-rec
[2026-05-29 06:30:04] Saved 4 rows to ucsd_occupancy_history.csv
[2026-05-29 06:30:04] Main Gym Fitness Gym: 6% (Not Busy) people=4 capacity=72 is_open=True hour_summary=open
[2026-05-29 06:30:04] Outback Climbing Center: 2% (Closed) people=0 capacity=30 is_open=False hour_summary=Closed until 10:00am
[2026-05-29 06:30:04] RIMAC Fitness Gym: 26% (Not Busy) people=39 capacity=150 is_open=True hour_summary=open
[2026-05-29 06:30:04] Triton Esports Center: 0% (Closed) people=0 capacity=35 is_open=False hour_summary=Closed until 7:30am
[2026-05-29 06:30:04] === SCRAPE END OK ===
[2026-05-29 06:45:02] === SCRAPE START ===
[2026-05-29 06:45:02] Fetching https://waitz.io/live/ucsd-rec
[2026-05-29 06:45:03] Saved 4 rows to ucsd_occupancy_history.csv
[2026-05-29 06:45:03] Main Gym Fitness Gym: 2% (Not Busy) people=2 capacity=72 is_open=True hour_summary=open
[2026-05-29 06:45:03] Outback Climbing Center: 2% (Closed) people=0 capacity=30 is_open=False hour_summary=Closed until 10:00am
[2026-05-29 06:45:03] RIMAC Fitness Gym: 28% (Not Busy) people=43 capacity=150 is_open=True hour_summary=open
[2026-05-29 06:45:03] Triton Esports Center: 0% (Closed) people=0 capacity=35 is_open=False hour_summary=Closed until 7:30am
[2026-05-29 06:45:03] === SCRAPE END OK ===
[2026-05-29 07:00:02] === SCRAPE START ===
[2026-05-29 07:00:02] Fetching https://waitz.io/live/ucsd-rec
[2026-05-29 07:00:04] Saved 4 rows to ucsd_occupancy_history.csv
[2026-05-29 07:00:04] Main Gym Fitness Gym: 61% (Busy) people=44 capacity=72 is_open=True hour_summary=open
[2026-05-29 07:00:04] Outback Climbing Center: 3% (Closed) people=1 capacity=30 is_open=False hour_summary=Closed until 10:00am
[2026-05-29 07:00:04] RIMAC Fitness Gym: 27% (Not Busy) people=41 capacity=150 is_open=True hour_summary=open
[2026-05-29 07:00:04] Triton Esports Center: 0% (Closed) people=0 capacity=35 is_open=False hour_summary=Closed until 7:30am
[2026-05-29 07:00:04] === SCRAPE END OK ===
[2026-05-29 07:15:02] === SCRAPE START ===
[2026-05-29 07:15:02] Fetching https://waitz.io/live/ucsd-rec
[2026-05-29 07:15:03] Saved 4 rows to ucsd_occupancy_history.csv
[2026-05-29 07:15:03] Main Gym Fitness Gym: 17% (Not Busy) people=12 capacity=72 is_open=True hour_summary=open
[2026-05-29 07:15:03] Outback Climbing Center: 9% (Closed) people=3 capacity=30 is_open=False hour_summary=Closed until 10:00am
[2026-05-29 07:15:03] RIMAC Fitness Gym: 28% (Not Busy) people=42 capacity=150 is_open=True hour_summary=open
[2026-05-29 07:15:03] Triton Esports Center: 0% (Closed) people=0 capacity=35 is_open=False hour_summary=Closed until 7:30am
[2026-05-29 07:15:03] === SCRAPE END OK ===
[2026-05-29 07:30:02] === SCRAPE START ===
[2026-05-29 07:30:02] Fetching https://waitz.io/live/ucsd-rec
[2026-05-29 07:30:04] Saved 4 rows to ucsd_occupancy_history.csv
[2026-05-29 07:30:04] Main Gym Fitness Gym: 13% (Not Busy) people=9 capacity=72 is_open=True hour_summary=open
[2026-05-29 07:30:04] Outback Climbing Center: 3% (Closed) people=1 capacity=30 is_open=False hour_summary=Closed until 10:00am
[2026-05-29 07:30:04] RIMAC Fitness Gym: 31% (Not Busy) people=46 capacity=150 is_open=True hour_summary=open
[2026-05-29 07:30:04] Triton Esports Center: 0% (Not Busy) people=0 capacity=35 is_open=True hour_summary=open
[2026-05-29 07:30:04] === SCRAPE END OK ===
[2026-05-29 07:45:02] === SCRAPE START ===
[2026-05-29 07:45:02] Fetching https://waitz.io/live/ucsd-rec
[2026-05-29 07:45:03] Saved 4 rows to ucsd_occupancy_history.csv
[2026-05-29 07:45:03] Main Gym Fitness Gym: 18% (Not Busy) people=13 capacity=72 is_open=True hour_summary=open
[2026-05-29 07:45:03] Outback Climbing Center: 4% (Closed) people=1 capacity=30 is_open=False hour_summary=Closed until 10:00am
[2026-05-29 07:45:03] RIMAC Fitness Gym: 31% (Not Busy) people=47 capacity=150 is_open=True hour_summary=open
[2026-05-29 07:45:03] Triton Esports Center: 0% (Not Busy) people=0 capacity=35 is_open=True hour_summary=open
[2026-05-29 07:45:03] === SCRAPE END OK ===
[2026-05-29 08:00:02] === SCRAPE START ===
[2026-05-29 08:00:02] Fetching https://waitz.io/live/ucsd-rec
[2026-05-29 08:00:03] Saved 4 rows to ucsd_occupancy_history.csv
[2026-05-29 08:00:03] Main Gym Fitness Gym: 31% (Not Busy) people=22 capacity=72 is_open=True hour_summary=open
[2026-05-29 08:00:03] Outback Climbing Center: 2% (Closed) people=0 capacity=30 is_open=False hour_summary=Closed until 10:00am
[2026-05-29 08:00:03] RIMAC Fitness Gym: 20% (Not Busy) people=31 capacity=150 is_open=True hour_summary=open
[2026-05-29 08:00:03] Triton Esports Center: 0% (Not Busy) people=0 capacity=35 is_open=True hour_summary=open
[2026-05-29 08:00:03] === SCRAPE END OK ===
[2026-05-29 08:15:02] === SCRAPE START ===
[2026-05-29 08:15:02] Fetching https://waitz.io/live/ucsd-rec
[2026-05-29 08:15:03] Saved 4 rows to ucsd_occupancy_history.csv
[2026-05-29 08:15:03] Main Gym Fitness Gym: 14% (Not Busy) people=10 capacity=72 is_open=True hour_summary=open
[2026-05-29 08:15:03] Outback Climbing Center: 6% (Closed) people=2 capacity=30 is_open=False hour_summary=Closed until 10:00am
[2026-05-29 08:15:03] RIMAC Fitness Gym: 38% (Not Busy) people=57 capacity=150 is_open=True hour_summary=open
[2026-05-29 08:15:03] Triton Esports Center: 0% (Not Busy) people=0 capacity=35 is_open=True hour_summary=open
[2026-05-29 08:15:03] === SCRAPE END OK ===
[2026-05-29 08:30:02] === SCRAPE START ===
[2026-05-29 08:30:02] Fetching https://waitz.io/live/ucsd-rec
[2026-05-29 08:30:04] Saved 4 rows to ucsd_occupancy_history.csv
[2026-05-29 08:30:04] Main Gym Fitness Gym: 23% (Not Busy) people=16 capacity=72 is_open=True hour_summary=open
[2026-05-29 08:30:04] Outback Climbing Center: 6% (Closed) people=2 capacity=30 is_open=False hour_summary=Closed until 10:00am
[2026-05-29 08:30:04] RIMAC Fitness Gym: 36% (Not Busy) people=54 capacity=150 is_open=True hour_summary=open
[2026-05-29 08:30:04] Triton Esports Center: 0% (Not Busy) people=0 capacity=35 is_open=True hour_summary=open
[2026-05-29 08:30:04] === SCRAPE END OK ===
[2026-05-29 08:45:02] === SCRAPE START ===
[2026-05-29 08:45:02] Fetching https://waitz.io/live/ucsd-rec
[2026-05-29 08:45:03] Saved 4 rows to ucsd_occupancy_history.csv
[2026-05-29 08:45:03] Main Gym Fitness Gym: 18% (Not Busy) people=13 capacity=72 is_open=True hour_summary=open
[2026-05-29 08:45:03] Outback Climbing Center: 4% (Closed) people=1 capacity=30 is_open=False hour_summary=Closed until 10:00am
[2026-05-29 08:45:03] RIMAC Fitness Gym: 31% (Not Busy) people=46 capacity=150 is_open=True hour_summary=open
[2026-05-29 08:45:03] Triton Esports Center: 0% (Not Busy) people=0 capacity=35 is_open=True hour_summary=open
[2026-05-29 08:45:03] === SCRAPE END OK ===
[2026-05-29 09:00:02] === SCRAPE START ===
[2026-05-29 09:00:02] Fetching https://waitz.io/live/ucsd-rec
[2026-05-29 09:00:04] Saved 4 rows to ucsd_occupancy_history.csv
[2026-05-29 09:00:04] Main Gym Fitness Gym: 20% (Not Busy) people=14 capacity=72 is_open=True hour_summary=open
[2026-05-29 09:00:04] Outback Climbing Center: 2% (Closed) people=1 capacity=30 is_open=False hour_summary=Closed until 10:00am
[2026-05-29 09:00:04] RIMAC Fitness Gym: 36% (Not Busy) people=54 capacity=150 is_open=True hour_summary=open
[2026-05-29 09:00:04] Triton Esports Center: 1% (Not Busy) people=0 capacity=35 is_open=True hour_summary=open
[2026-05-29 09:00:04] === SCRAPE END OK ===
[2026-05-29 09:15:02] === SCRAPE START ===
[2026-05-29 09:15:02] Fetching https://waitz.io/live/ucsd-rec
[2026-05-29 09:15:03] Saved 4 rows to ucsd_occupancy_history.csv
[2026-05-29 09:15:03] Main Gym Fitness Gym: 1% (Not Busy) people=1 capacity=72 is_open=True hour_summary=open
[2026-05-29 09:15:03] Outback Climbing Center: 4% (Closed) people=1 capacity=30 is_open=False hour_summary=Closed until 10:00am
[2026-05-29 09:15:03] RIMAC Fitness Gym: 27% (Not Busy) people=41 capacity=150 is_open=True hour_summary=open
[2026-05-29 09:15:03] Triton Esports Center: 0% (Not Busy) people=0 capacity=35 is_open=True hour_summary=open
[2026-05-29 09:15:03] === SCRAPE END OK ===
[2026-05-29 09:30:02] === SCRAPE START ===
[2026-05-29 09:30:02] Fetching https://waitz.io/live/ucsd-rec
[2026-05-29 09:30:04] Saved 4 rows to ucsd_occupancy_history.csv
[2026-05-29 09:30:04] Main Gym Fitness Gym: 39% (Not Busy) people=28 capacity=72 is_open=True hour_summary=open
[2026-05-29 09:30:04] Outback Climbing Center: 4% (Closed) people=1 capacity=30 is_open=False hour_summary=Closed until 10:00am
[2026-05-29 09:30:04] RIMAC Fitness Gym: 35% (Not Busy) people=53 capacity=150 is_open=True hour_summary=open
[2026-05-29 09:30:04] Triton Esports Center: 0% (Not Busy) people=0 capacity=35 is_open=True hour_summary=open
[2026-05-29 09:30:04] === SCRAPE END OK ===
