[2026-05-01 00:00:01] === SCRAPE START ===
[2026-05-01 00:00:01] Fetching https://waitz.io/live/ucsd-rec
[2026-05-01 00:00:02] Saved 4 rows to ucsd_occupancy_history.csv
[2026-05-01 00:00:02] Main Gym Fitness Gym: 2% (Closed) people=1 capacity=72 is_open=False hour_summary=Closed until 6:00am
[2026-05-01 00:00:02] Outback Climbing Center: 1% (Closed) people=0 capacity=30 is_open=False hour_summary=Closed until 10:00am
[2026-05-01 00:00:02] RIMAC Fitness Gym: 0% (Closed) people=0 capacity=150 is_open=False hour_summary=Closed until 6:00am
[2026-05-01 00:00:03] Triton Esports Center: 0% (Closed) people=0 capacity=35 is_open=False hour_summary=Closed until 7:30am
[2026-05-01 00:00:03] === SCRAPE END OK ===
[2026-05-01 00:15:02] === SCRAPE START ===
[2026-05-01 00:15:02] Fetching https://waitz.io/live/ucsd-rec
[2026-05-01 00:15:02] Saved 4 rows to ucsd_occupancy_history.csv
[2026-05-01 00:15:02] Main Gym Fitness Gym: 2% (Closed) people=1 capacity=72 is_open=False hour_summary=Closed until 6:00am
[2026-05-01 00:15:02] Outback Climbing Center: 3% (Closed) people=1 capacity=30 is_open=False hour_summary=Closed until 10:00am
[2026-05-01 00:15:02] RIMAC Fitness Gym: 0% (Closed) people=0 capacity=150 is_open=False hour_summary=Closed until 6:00am
[2026-05-01 00:15:02] Triton Esports Center: 0% (Closed) people=0 capacity=35 is_open=False hour_summary=Closed until 7:30am
[2026-05-01 00:15:02] === SCRAPE END OK ===
[2026-05-01 00:30:02] === SCRAPE START ===
[2026-05-01 00:30:02] Fetching https://waitz.io/live/ucsd-rec
[2026-05-01 00:30:03] Saved 4 rows to ucsd_occupancy_history.csv
[2026-05-01 00:30:03] Main Gym Fitness Gym: 10% (Closed) people=7 capacity=72 is_open=False hour_summary=Closed until 6:00am
[2026-05-01 00:30:03] Outback Climbing Center: 2% (Closed) people=0 capacity=30 is_open=False hour_summary=Closed until 10:00am
[2026-05-01 00:30:03] RIMAC Fitness Gym: 0% (Closed) people=0 capacity=150 is_open=False hour_summary=Closed until 6:00am
[2026-05-01 00:30:03] Triton Esports Center: 0% (Closed) people=0 capacity=35 is_open=False hour_summary=Closed until 7:30am
[2026-05-01 00:30:03] === SCRAPE END OK ===
[2026-05-01 00:45:02] === SCRAPE START ===
[2026-05-01 00:45:02] Fetching https://waitz.io/live/ucsd-rec
[2026-05-01 00:45:03] Saved 4 rows to ucsd_occupancy_history.csv
[2026-05-01 00:45:03] Main Gym Fitness Gym: 2% (Closed) people=1 capacity=72 is_open=False hour_summary=Closed until 6:00am
[2026-05-01 00:45:03] Outback Climbing Center: 1% (Closed) people=0 capacity=30 is_open=False hour_summary=Closed until 10:00am
[2026-05-01 00:45:03] RIMAC Fitness Gym: 0% (Closed) people=0 capacity=150 is_open=False hour_summary=Closed until 6:00am
[2026-05-01 00:45:03] Triton Esports Center: 0% (Closed) people=0 capacity=35 is_open=False hour_summary=Closed until 7:30am
[2026-05-01 00:45:03] === SCRAPE END OK ===
[2026-05-01 01:00:02] === SCRAPE START ===
[2026-05-01 01:00:02] Fetching https://waitz.io/live/ucsd-rec
[2026-05-01 01:00:03] Saved 4 rows to ucsd_occupancy_history.csv
[2026-05-01 01:00:03] Main Gym Fitness Gym: 1% (Closed) people=1 capacity=72 is_open=False hour_summary=Closed until 6:00am
[2026-05-01 01:00:03] Outback Climbing Center: 2% (Closed) people=1 capacity=30 is_open=False hour_summary=Closed until 10:00am
[2026-05-01 01:00:03] RIMAC Fitness Gym: 0% (Closed) people=0 capacity=150 is_open=False hour_summary=Closed until 6:00am
[2026-05-01 01:00:03] Triton Esports Center: 0% (Closed) people=0 capacity=35 is_open=False hour_summary=Closed until 7:30am
[2026-05-01 01:00:03] === SCRAPE END OK ===
[2026-05-01 01:15:02] === SCRAPE START ===
[2026-05-01 01:15:02] Fetching https://waitz.io/live/ucsd-rec
[2026-05-01 01:15:03] Saved 4 rows to ucsd_occupancy_history.csv
[2026-05-01 01:15:03] Main Gym Fitness Gym: 1% (Closed) people=1 capacity=72 is_open=False hour_summary=Closed until 6:00am
[2026-05-01 01:15:03] Outback Climbing Center: 1% (Closed) people=0 capacity=30 is_open=False hour_summary=Closed until 10:00am
[2026-05-01 01:15:03] RIMAC Fitness Gym: 0% (Closed) people=0 capacity=150 is_open=False hour_summary=Closed until 6:00am
[2026-05-01 01:15:03] Triton Esports Center: 0% (Closed) people=0 capacity=35 is_open=False hour_summary=Closed until 7:30am
[2026-05-01 01:15:03] === SCRAPE END OK ===
[2026-05-01 01:30:02] === SCRAPE START ===
[2026-05-01 01:30:02] Fetching https://waitz.io/live/ucsd-rec
[2026-05-01 01:30:03] Saved 4 rows to ucsd_occupancy_history.csv
[2026-05-01 01:30:03] Main Gym Fitness Gym: 1% (Closed) people=1 capacity=72 is_open=False hour_summary=Closed until 6:00am
[2026-05-01 01:30:03] Outback Climbing Center: 1% (Closed) people=0 capacity=30 is_open=False hour_summary=Closed until 10:00am
[2026-05-01 01:30:03] RIMAC Fitness Gym: 0% (Closed) people=0 capacity=150 is_open=False hour_summary=Closed until 6:00am
[2026-05-01 01:30:03] Triton Esports Center: 0% (Closed) people=0 capacity=35 is_open=False hour_summary=Closed until 7:30am
[2026-05-01 01:30:03] === SCRAPE END OK ===
[2026-05-01 01:45:02] === SCRAPE START ===
[2026-05-01 01:45:02] Fetching https://waitz.io/live/ucsd-rec
[2026-05-01 01:45:03] Saved 4 rows to ucsd_occupancy_history.csv
[2026-05-01 01:45:03] Main Gym Fitness Gym: 1% (Closed) people=1 capacity=72 is_open=False hour_summary=Closed until 6:00am
[2026-05-01 01:45:03] Outback Climbing Center: 1% (Closed) people=0 capacity=30 is_open=False hour_summary=Closed until 10:00am
[2026-05-01 01:45:03] RIMAC Fitness Gym: 0% (Closed) people=0 capacity=150 is_open=False hour_summary=Closed until 6:00am
[2026-05-01 01:45:03] Triton Esports Center: 0% (Closed) people=0 capacity=35 is_open=False hour_summary=Closed until 7:30am
[2026-05-01 01:45:03] === SCRAPE END OK ===
[2026-05-01 02:00:02] === SCRAPE START ===
[2026-05-01 02:00:02] Fetching https://waitz.io/live/ucsd-rec
[2026-05-01 02:00:03] Saved 4 rows to ucsd_occupancy_history.csv
[2026-05-01 02:00:03] Main Gym Fitness Gym: 1% (Closed) people=1 capacity=72 is_open=False hour_summary=Closed until 6:00am
[2026-05-01 02:00:03] Outback Climbing Center: 2% (Closed) people=1 capacity=30 is_open=False hour_summary=Closed until 10:00am
[2026-05-01 02:00:03] RIMAC Fitness Gym: 0% (Closed) people=0 capacity=150 is_open=False hour_summary=Closed until 6:00am
[2026-05-01 02:00:03] Triton Esports Center: 0% (Closed) people=0 capacity=35 is_open=False hour_summary=Closed until 7:30am
[2026-05-01 02:00:03] === SCRAPE END OK ===
[2026-05-01 02:15:02] === SCRAPE START ===
[2026-05-01 02:15:02] Fetching https://waitz.io/live/ucsd-rec
[2026-05-01 02:15:03] Saved 4 rows to ucsd_occupancy_history.csv
[2026-05-01 02:15:03] Main Gym Fitness Gym: 2% (Closed) people=1 capacity=72 is_open=False hour_summary=Closed until 6:00am
[2026-05-01 02:15:03] Outback Climbing Center: 4% (Closed) people=1 capacity=30 is_open=False hour_summary=Closed until 10:00am
[2026-05-01 02:15:03] RIMAC Fitness Gym: 0% (Closed) people=0 capacity=150 is_open=False hour_summary=Closed until 6:00am
[2026-05-01 02:15:03] Triton Esports Center: 0% (Closed) people=0 capacity=35 is_open=False hour_summary=Closed until 7:30am
[2026-05-01 02:15:03] === SCRAPE END OK ===
[2026-05-01 10:30:04] === SCRAPE START ===
[2026-05-01 10:30:04] Fetching https://waitz.io/live/ucsd-rec
[2026-05-01 10:30:05] Saved 4 rows to ucsd_occupancy_history.csv
[2026-05-01 10:30:05] Main Gym Fitness Gym: 22% (Not Busy) people=16 capacity=72 is_open=True hour_summary=open
[2026-05-01 10:30:05] Outback Climbing Center: 99% (Very Active) people=49 capacity=30 is_open=True hour_summary=open
[2026-05-01 10:30:05] RIMAC Fitness Gym: 56% (Busy) people=84 capacity=150 is_open=True hour_summary=open
[2026-05-01 10:30:05] Triton Esports Center: 23% (Not Busy) people=8 capacity=35 is_open=True hour_summary=open
[2026-05-01 10:30:05] === SCRAPE END OK ===
[2026-05-01 10:45:03] === SCRAPE START ===
[2026-05-01 10:45:03] Fetching https://waitz.io/live/ucsd-rec
[2026-05-01 10:45:04] Saved 4 rows to ucsd_occupancy_history.csv
[2026-05-01 10:45:04] Main Gym Fitness Gym: 20% (Not Busy) people=14 capacity=72 is_open=True hour_summary=open
[2026-05-01 10:45:04] Outback Climbing Center: 99% (Very Active) people=49 capacity=30 is_open=True hour_summary=open
[2026-05-01 10:45:04] RIMAC Fitness Gym: 72% (Busy) people=107 capacity=150 is_open=True hour_summary=open
[2026-05-01 10:45:04] Triton Esports Center: 23% (Not Busy) people=8 capacity=35 is_open=True hour_summary=open
[2026-05-01 10:45:04] === SCRAPE END OK ===
[2026-05-01 11:00:03] === SCRAPE START ===
[2026-05-01 11:00:03] Fetching https://waitz.io/live/ucsd-rec
[2026-05-01 11:00:04] Saved 4 rows to ucsd_occupancy_history.csv
[2026-05-01 11:00:04] Main Gym Fitness Gym: 23% (Not Busy) people=17 capacity=72 is_open=True hour_summary=open
[2026-05-01 11:00:04] Outback Climbing Center: 99% (Very Active) people=43 capacity=30 is_open=True hour_summary=open
[2026-05-01 11:00:04] RIMAC Fitness Gym: 59% (Busy) people=89 capacity=150 is_open=True hour_summary=open
[2026-05-01 11:00:04] Triton Esports Center: 25% (Not Busy) people=9 capacity=35 is_open=True hour_summary=open
[2026-05-01 11:00:04] === SCRAPE END OK ===
[2026-05-01 11:15:02] === SCRAPE START ===
[2026-05-01 11:15:02] Fetching https://waitz.io/live/ucsd-rec
[2026-05-01 11:15:03] Saved 4 rows to ucsd_occupancy_history.csv
[2026-05-01 11:15:03] Main Gym Fitness Gym: 24% (Not Busy) people=17 capacity=72 is_open=True hour_summary=open
[2026-05-01 11:15:03] Outback Climbing Center: 99% (Very Active) people=53 capacity=30 is_open=True hour_summary=open
[2026-05-01 11:15:03] RIMAC Fitness Gym: 61% (Busy) people=92 capacity=150 is_open=True hour_summary=open
[2026-05-01 11:15:03] Triton Esports Center: 22% (Not Busy) people=8 capacity=35 is_open=True hour_summary=open
[2026-05-01 11:15:03] === SCRAPE END OK ===
[2026-05-01 11:30:02] === SCRAPE START ===
[2026-05-01 11:30:02] Fetching https://waitz.io/live/ucsd-rec
[2026-05-01 11:30:03] Saved 4 rows to ucsd_occupancy_history.csv
[2026-05-01 11:30:03] Main Gym Fitness Gym: 30% (Not Busy) people=22 capacity=72 is_open=True hour_summary=open
[2026-05-01 11:30:03] Outback Climbing Center: 99% (Very Active) people=55 capacity=30 is_open=True hour_summary=open
[2026-05-01 11:30:03] RIMAC Fitness Gym: 72% (Busy) people=107 capacity=150 is_open=True hour_summary=open
[2026-05-01 11:30:03] Triton Esports Center: 30% (Not Busy) people=10 capacity=35 is_open=True hour_summary=open
[2026-05-01 11:30:03] === SCRAPE END OK ===
[2026-05-01 11:45:02] === SCRAPE START ===
[2026-05-01 11:45:02] Fetching https://waitz.io/live/ucsd-rec
[2026-05-01 11:45:03] Saved 4 rows to ucsd_occupancy_history.csv
[2026-05-01 11:45:03] Main Gym Fitness Gym: 39% (Not Busy) people=28 capacity=72 is_open=True hour_summary=open
[2026-05-01 11:45:03] Outback Climbing Center: 99% (Very Active) people=44 capacity=30 is_open=True hour_summary=open
[2026-05-01 11:45:03] RIMAC Fitness Gym: 63% (Busy) people=94 capacity=150 is_open=True hour_summary=open
[2026-05-01 11:45:03] Triton Esports Center: 30% (Not Busy) people=10 capacity=35 is_open=True hour_summary=open
[2026-05-01 11:45:03] === SCRAPE END OK ===
[2026-05-01 12:00:02] === SCRAPE START ===
[2026-05-01 12:00:02] Fetching https://waitz.io/live/ucsd-rec
[2026-05-01 12:00:03] Saved 4 rows to ucsd_occupancy_history.csv
[2026-05-01 12:00:03] Main Gym Fitness Gym: 53% (Busy) people=38 capacity=72 is_open=True hour_summary=open
[2026-05-01 12:00:03] Outback Climbing Center: 99% (Very Active) people=36 capacity=30 is_open=True hour_summary=open
[2026-05-01 12:00:03] RIMAC Fitness Gym: 66% (Busy) people=99 capacity=150 is_open=True hour_summary=open
[2026-05-01 12:00:03] Triton Esports Center: 21% (Not Busy) people=7 capacity=35 is_open=True hour_summary=open
[2026-05-01 12:00:03] === SCRAPE END OK ===
[2026-05-01 12:15:02] === SCRAPE START ===
[2026-05-01 12:15:02] Fetching https://waitz.io/live/ucsd-rec
[2026-05-01 12:15:03] Saved 4 rows to ucsd_occupancy_history.csv
[2026-05-01 12:15:03] Main Gym Fitness Gym: 26% (Not Busy) people=19 capacity=72 is_open=True hour_summary=open
[2026-05-01 12:15:03] Outback Climbing Center: 99% (Very Active) people=39 capacity=30 is_open=True hour_summary=open
[2026-05-01 12:15:03] RIMAC Fitness Gym: 68% (Busy) people=102 capacity=150 is_open=True hour_summary=open
[2026-05-01 12:15:03] Triton Esports Center: 36% (Not Busy) people=13 capacity=35 is_open=True hour_summary=open
[2026-05-01 12:15:03] === SCRAPE END OK ===
[2026-05-01 12:30:02] === SCRAPE START ===
[2026-05-01 12:30:02] Fetching https://waitz.io/live/ucsd-rec
[2026-05-01 12:30:03] Saved 4 rows to ucsd_occupancy_history.csv
[2026-05-01 12:30:03] Main Gym Fitness Gym: 24% (Not Busy) people=18 capacity=72 is_open=True hour_summary=open
[2026-05-01 12:30:03] Outback Climbing Center: 99% (Very Active) people=55 capacity=30 is_open=True hour_summary=open
[2026-05-01 12:30:03] RIMAC Fitness Gym: 65% (Busy) people=98 capacity=150 is_open=True hour_summary=open
[2026-05-01 12:30:03] Triton Esports Center: 37% (Not Busy) people=13 capacity=35 is_open=True hour_summary=open
[2026-05-01 12:30:03] === SCRAPE END OK ===
[2026-05-01 12:45:02] === SCRAPE START ===
[2026-05-01 12:45:02] Fetching https://waitz.io/live/ucsd-rec
[2026-05-01 12:45:03] Saved 4 rows to ucsd_occupancy_history.csv
[2026-05-01 12:45:03] Main Gym Fitness Gym: 27% (Not Busy) people=19 capacity=72 is_open=True hour_summary=open
[2026-05-01 12:45:03] Outback Climbing Center: 99% (Very Active) people=46 capacity=30 is_open=True hour_summary=open
[2026-05-01 12:45:03] RIMAC Fitness Gym: 58% (Busy) people=86 capacity=150 is_open=True hour_summary=open
[2026-05-01 12:45:03] Triton Esports Center: 38% (Not Busy) people=13 capacity=35 is_open=True hour_summary=open
[2026-05-01 12:45:03] === SCRAPE END OK ===
[2026-05-01 13:00:02] === SCRAPE START ===
[2026-05-01 13:00:02] Fetching https://waitz.io/live/ucsd-rec
[2026-05-01 13:00:03] Saved 4 rows to ucsd_occupancy_history.csv
[2026-05-01 13:00:03] Main Gym Fitness Gym: 32% (Not Busy) people=23 capacity=72 is_open=True hour_summary=open
[2026-05-01 13:00:03] Outback Climbing Center: 99% (Very Active) people=35 capacity=30 is_open=True hour_summary=open
[2026-05-01 13:00:03] RIMAC Fitness Gym: 59% (Busy) people=88 capacity=150 is_open=True hour_summary=open
[2026-05-01 13:00:03] Triton Esports Center: 51% (Busy) people=18 capacity=35 is_open=True hour_summary=open
[2026-05-01 13:00:03] === SCRAPE END OK ===
[2026-05-01 13:15:02] === SCRAPE START ===
[2026-05-01 13:15:02] Fetching https://waitz.io/live/ucsd-rec
[2026-05-01 13:15:03] Saved 4 rows to ucsd_occupancy_history.csv
[2026-05-01 13:15:03] Main Gym Fitness Gym: 27% (Not Busy) people=19 capacity=72 is_open=True hour_summary=open
[2026-05-01 13:15:03] Outback Climbing Center: 99% (Very Active) people=34 capacity=30 is_open=True hour_summary=open
[2026-05-01 13:15:03] RIMAC Fitness Gym: 70% (Busy) people=106 capacity=150 is_open=True hour_summary=open
[2026-05-01 13:15:03] Triton Esports Center: 43% (Not Busy) people=15 capacity=35 is_open=True hour_summary=open
[2026-05-01 13:15:03] === SCRAPE END OK ===
[2026-05-01 13:30:02] === SCRAPE START ===
[2026-05-01 13:30:02] Fetching https://waitz.io/live/ucsd-rec
[2026-05-01 13:30:03] Saved 4 rows to ucsd_occupancy_history.csv
[2026-05-01 13:30:03] Main Gym Fitness Gym: 39% (Not Busy) people=28 capacity=72 is_open=True hour_summary=open
[2026-05-01 13:30:03] Outback Climbing Center: 93% (Very Active) people=28 capacity=30 is_open=True hour_summary=open
[2026-05-01 13:30:03] RIMAC Fitness Gym: 69% (Busy) people=104 capacity=150 is_open=True hour_summary=open
[2026-05-01 13:30:03] Triton Esports Center: 43% (Not Busy) people=15 capacity=35 is_open=True hour_summary=open
[2026-05-01 13:30:03] === SCRAPE END OK ===
[2026-05-01 13:45:02] === SCRAPE START ===
[2026-05-01 13:45:02] Fetching https://waitz.io/live/ucsd-rec
[2026-05-01 13:45:03] Saved 4 rows to ucsd_occupancy_history.csv
[2026-05-01 13:45:03] Main Gym Fitness Gym: 43% (Not Busy) people=31 capacity=72 is_open=True hour_summary=open
[2026-05-01 13:45:03] Outback Climbing Center: 99% (Very Active) people=44 capacity=30 is_open=True hour_summary=open
[2026-05-01 13:45:03] RIMAC Fitness Gym: 69% (Busy) people=103 capacity=150 is_open=True hour_summary=open
[2026-05-01 13:45:03] Triton Esports Center: 40% (Not Busy) people=14 capacity=35 is_open=True hour_summary=open
[2026-05-01 13:45:03] === SCRAPE END OK ===
[2026-05-01 14:00:02] === SCRAPE START ===
[2026-05-01 14:00:02] Fetching https://waitz.io/live/ucsd-rec
[2026-05-01 14:00:03] Saved 4 rows to ucsd_occupancy_history.csv
[2026-05-01 14:00:03] Main Gym Fitness Gym: 35% (Not Busy) people=25 capacity=72 is_open=True hour_summary=open
[2026-05-01 14:00:03] Outback Climbing Center: 99% (Very Active) people=38 capacity=30 is_open=True hour_summary=open
[2026-05-01 14:00:03] RIMAC Fitness Gym: 68% (Busy) people=103 capacity=150 is_open=True hour_summary=open
[2026-05-01 14:00:03] Triton Esports Center: 45% (Not Busy) people=16 capacity=35 is_open=True hour_summary=open
[2026-05-01 14:00:03] === SCRAPE END OK ===
