[2026-05-23 00:00:01] === SCRAPE START ===
[2026-05-23 00:00:01] Fetching https://waitz.io/live/ucsd-rec
[2026-05-23 00:00:03] Saved 4 rows to ucsd_occupancy_history.csv
[2026-05-23 00:00:03] Main Gym Fitness Gym: 2% (Closed) people=1 capacity=72 is_open=False hour_summary=Closed until 8:00am
[2026-05-23 00:00:03] Outback Climbing Center: 1% (Closed) people=0 capacity=30 is_open=False hour_summary=Closed until 11:00am
[2026-05-23 00:00:03] RIMAC Fitness Gym: 0% (Closed) people=0 capacity=150 is_open=False hour_summary=Closed until 8:00am
[2026-05-23 00:00:03] Triton Esports Center: 0% (Closed) people=0 capacity=35 is_open=False hour_summary=Closed until 11:00am
[2026-05-23 00:00:03] === SCRAPE END OK ===
[2026-05-23 00:15:02] === SCRAPE START ===
[2026-05-23 00:15:02] Fetching https://waitz.io/live/ucsd-rec
[2026-05-23 00:15:03] Saved 4 rows to ucsd_occupancy_history.csv
[2026-05-23 00:15:03] Main Gym Fitness Gym: 2% (Closed) people=1 capacity=72 is_open=False hour_summary=Closed until 8:00am
[2026-05-23 00:15:03] Outback Climbing Center: 9% (Closed) people=3 capacity=30 is_open=False hour_summary=Closed until 11:00am
[2026-05-23 00:15:03] RIMAC Fitness Gym: 0% (Closed) people=1 capacity=150 is_open=False hour_summary=Closed until 8:00am
[2026-05-23 00:15:03] Triton Esports Center: 0% (Closed) people=0 capacity=35 is_open=False hour_summary=Closed until 11:00am
[2026-05-23 00:15:03] === SCRAPE END OK ===
[2026-05-23 00:30:02] === SCRAPE START ===
[2026-05-23 00:30:02] Fetching https://waitz.io/live/ucsd-rec
[2026-05-23 00:30:04] Saved 4 rows to ucsd_occupancy_history.csv
[2026-05-23 00:30:04] Main Gym Fitness Gym: 3% (Closed) people=2 capacity=72 is_open=False hour_summary=Closed until 8:00am
[2026-05-23 00:30:04] Outback Climbing Center: 2% (Closed) people=1 capacity=30 is_open=False hour_summary=Closed until 11:00am
[2026-05-23 00:30:04] RIMAC Fitness Gym: 0% (Closed) people=1 capacity=150 is_open=False hour_summary=Closed until 8:00am
[2026-05-23 00:30:04] Triton Esports Center: 0% (Closed) people=0 capacity=35 is_open=False hour_summary=Closed until 11:00am
[2026-05-23 00:30:04] === SCRAPE END OK ===
[2026-05-23 00:45:02] === SCRAPE START ===
[2026-05-23 00:45:02] Fetching https://waitz.io/live/ucsd-rec
[2026-05-23 00:45:03] Saved 4 rows to ucsd_occupancy_history.csv
[2026-05-23 00:45:03] Main Gym Fitness Gym: 3% (Closed) people=2 capacity=72 is_open=False hour_summary=Closed until 8:00am
[2026-05-23 00:45:03] Outback Climbing Center: 3% (Closed) people=1 capacity=30 is_open=False hour_summary=Closed until 11:00am
[2026-05-23 00:45:03] RIMAC Fitness Gym: 1% (Closed) people=1 capacity=150 is_open=False hour_summary=Closed until 8:00am
[2026-05-23 00:45:03] Triton Esports Center: 0% (Closed) people=0 capacity=35 is_open=False hour_summary=Closed until 11:00am
[2026-05-23 00:45:03] === SCRAPE END OK ===
[2026-05-23 01:00:02] === SCRAPE START ===
[2026-05-23 01:00:02] Fetching https://waitz.io/live/ucsd-rec
[2026-05-23 01:00:04] Saved 4 rows to ucsd_occupancy_history.csv
[2026-05-23 01:00:04] Main Gym Fitness Gym: 1% (Closed) people=1 capacity=72 is_open=False hour_summary=Closed until 8:00am
[2026-05-23 01:00:04] Outback Climbing Center: 3% (Closed) people=1 capacity=30 is_open=False hour_summary=Closed until 11:00am
[2026-05-23 01:00:04] RIMAC Fitness Gym: 1% (Closed) people=1 capacity=150 is_open=False hour_summary=Closed until 8:00am
[2026-05-23 01:00:04] Triton Esports Center: 0% (Closed) people=0 capacity=35 is_open=False hour_summary=Closed until 11:00am
[2026-05-23 01:00:04] === SCRAPE END OK ===
[2026-05-23 01:15:02] === SCRAPE START ===
[2026-05-23 01:15:02] Fetching https://waitz.io/live/ucsd-rec
[2026-05-23 01:15:03] Saved 4 rows to ucsd_occupancy_history.csv
[2026-05-23 01:15:03] Main Gym Fitness Gym: 1% (Closed) people=1 capacity=72 is_open=False hour_summary=Closed until 8:00am
[2026-05-23 01:15:03] Outback Climbing Center: 5% (Closed) people=1 capacity=30 is_open=False hour_summary=Closed until 11:00am
[2026-05-23 01:15:03] RIMAC Fitness Gym: 0% (Closed) people=1 capacity=150 is_open=False hour_summary=Closed until 8:00am
[2026-05-23 01:15:03] Triton Esports Center: 0% (Closed) people=0 capacity=35 is_open=False hour_summary=Closed until 11:00am
[2026-05-23 01:15:03] === SCRAPE END OK ===
[2026-05-23 01:30:02] === SCRAPE START ===
[2026-05-23 01:30:02] Fetching https://waitz.io/live/ucsd-rec
[2026-05-23 01:30:04] Saved 4 rows to ucsd_occupancy_history.csv
[2026-05-23 01:30:04] Main Gym Fitness Gym: 1% (Closed) people=1 capacity=72 is_open=False hour_summary=Closed until 8:00am
[2026-05-23 01:30:04] Outback Climbing Center: 3% (Closed) people=1 capacity=30 is_open=False hour_summary=Closed until 11:00am
[2026-05-23 01:30:04] RIMAC Fitness Gym: 1% (Closed) people=1 capacity=150 is_open=False hour_summary=Closed until 8:00am
[2026-05-23 01:30:04] Triton Esports Center: 0% (Closed) people=0 capacity=35 is_open=False hour_summary=Closed until 11:00am
[2026-05-23 01:30:04] === SCRAPE END OK ===
[2026-05-23 01:45:02] === SCRAPE START ===
[2026-05-23 01:45:02] Fetching https://waitz.io/live/ucsd-rec
[2026-05-23 01:45:03] Saved 4 rows to ucsd_occupancy_history.csv
[2026-05-23 01:45:03] Main Gym Fitness Gym: 5% (Closed) people=4 capacity=72 is_open=False hour_summary=Closed until 8:00am
[2026-05-23 01:45:03] Outback Climbing Center: 5% (Closed) people=1 capacity=30 is_open=False hour_summary=Closed until 11:00am
[2026-05-23 01:45:03] RIMAC Fitness Gym: 1% (Closed) people=1 capacity=150 is_open=False hour_summary=Closed until 8:00am
[2026-05-23 01:45:03] Triton Esports Center: 0% (Closed) people=0 capacity=35 is_open=False hour_summary=Closed until 11:00am
[2026-05-23 01:45:03] === SCRAPE END OK ===
[2026-05-23 02:00:02] === SCRAPE START ===
[2026-05-23 02:00:02] Fetching https://waitz.io/live/ucsd-rec
[2026-05-23 02:00:04] Saved 4 rows to ucsd_occupancy_history.csv
[2026-05-23 02:00:04] Main Gym Fitness Gym: 2% (Closed) people=1 capacity=72 is_open=False hour_summary=Closed until 8:00am
[2026-05-23 02:00:04] Outback Climbing Center: 3% (Closed) people=1 capacity=30 is_open=False hour_summary=Closed until 11:00am
[2026-05-23 02:00:04] RIMAC Fitness Gym: 0% (Closed) people=1 capacity=150 is_open=False hour_summary=Closed until 8:00am
[2026-05-23 02:00:04] Triton Esports Center: 0% (Closed) people=0 capacity=35 is_open=False hour_summary=Closed until 11:00am
[2026-05-23 02:00:04] === SCRAPE END OK ===
[2026-05-23 02:15:02] === SCRAPE START ===
[2026-05-23 02:15:02] Fetching https://waitz.io/live/ucsd-rec
[2026-05-23 02:15:03] Saved 4 rows to ucsd_occupancy_history.csv
[2026-05-23 02:15:03] Main Gym Fitness Gym: 1% (Closed) people=1 capacity=72 is_open=False hour_summary=Closed until 8:00am
[2026-05-23 02:15:03] Outback Climbing Center: 5% (Closed) people=2 capacity=30 is_open=False hour_summary=Closed until 11:00am
[2026-05-23 02:15:03] RIMAC Fitness Gym: 1% (Closed) people=1 capacity=150 is_open=False hour_summary=Closed until 8:00am
[2026-05-23 02:15:03] Triton Esports Center: 0% (Closed) people=0 capacity=35 is_open=False hour_summary=Closed until 11:00am
[2026-05-23 02:15:03] === SCRAPE END OK ===
[2026-05-23 02:30:02] === SCRAPE START ===
[2026-05-23 02:30:02] Fetching https://waitz.io/live/ucsd-rec
[2026-05-23 02:30:03] Saved 4 rows to ucsd_occupancy_history.csv
[2026-05-23 02:30:03] Main Gym Fitness Gym: 1% (Closed) people=1 capacity=72 is_open=False hour_summary=Closed until 8:00am
[2026-05-23 02:30:03] Outback Climbing Center: 1% (Closed) people=0 capacity=30 is_open=False hour_summary=Closed until 11:00am
[2026-05-23 02:30:03] RIMAC Fitness Gym: 0% (Closed) people=0 capacity=150 is_open=False hour_summary=Closed until 8:00am
[2026-05-23 02:30:03] Triton Esports Center: 0% (Closed) people=0 capacity=35 is_open=False hour_summary=Closed until 11:00am
[2026-05-23 02:30:03] === SCRAPE END OK ===
[2026-05-23 02:45:02] === SCRAPE START ===
[2026-05-23 02:45:02] Fetching https://waitz.io/live/ucsd-rec
[2026-05-23 02:45:03] Saved 4 rows to ucsd_occupancy_history.csv
[2026-05-23 02:45:03] Main Gym Fitness Gym: 1% (Closed) people=1 capacity=72 is_open=False hour_summary=Closed until 8:00am
[2026-05-23 02:45:03] Outback Climbing Center: 3% (Closed) people=1 capacity=30 is_open=False hour_summary=Closed until 11:00am
[2026-05-23 02:45:03] RIMAC Fitness Gym: 1% (Closed) people=1 capacity=150 is_open=False hour_summary=Closed until 8:00am
[2026-05-23 02:45:03] Triton Esports Center: 0% (Closed) people=0 capacity=35 is_open=False hour_summary=Closed until 11:00am
[2026-05-23 02:45:03] === SCRAPE END OK ===
[2026-05-23 03:00:02] === SCRAPE START ===
[2026-05-23 03:00:02] Fetching https://waitz.io/live/ucsd-rec
[2026-05-23 03:00:04] Saved 4 rows to ucsd_occupancy_history.csv
[2026-05-23 03:00:04] Main Gym Fitness Gym: 2% (Closed) people=1 capacity=72 is_open=False hour_summary=Closed until 8:00am
[2026-05-23 03:00:04] Outback Climbing Center: 2% (Closed) people=0 capacity=30 is_open=False hour_summary=Closed until 11:00am
[2026-05-23 03:00:04] RIMAC Fitness Gym: 0% (Closed) people=0 capacity=150 is_open=False hour_summary=Closed until 8:00am
[2026-05-23 03:00:04] Triton Esports Center: 0% (Closed) people=0 capacity=35 is_open=False hour_summary=Closed until 11:00am
[2026-05-23 03:00:04] === SCRAPE END OK ===
[2026-05-23 03:15:02] === SCRAPE START ===
[2026-05-23 03:15:02] Fetching https://waitz.io/live/ucsd-rec
[2026-05-23 03:15:03] Saved 4 rows to ucsd_occupancy_history.csv
[2026-05-23 03:15:03] Main Gym Fitness Gym: 3% (Closed) people=2 capacity=72 is_open=False hour_summary=Closed until 8:00am
[2026-05-23 03:15:03] Outback Climbing Center: 4% (Closed) people=1 capacity=30 is_open=False hour_summary=Closed until 11:00am
[2026-05-23 03:15:03] RIMAC Fitness Gym: 0% (Closed) people=1 capacity=150 is_open=False hour_summary=Closed until 8:00am
[2026-05-23 03:15:03] Triton Esports Center: 0% (Closed) people=0 capacity=35 is_open=False hour_summary=Closed until 11:00am
[2026-05-23 03:15:03] === SCRAPE END OK ===
[2026-05-23 03:30:02] === SCRAPE START ===
[2026-05-23 03:30:02] Fetching https://waitz.io/live/ucsd-rec
[2026-05-23 03:30:03] Saved 4 rows to ucsd_occupancy_history.csv
[2026-05-23 03:30:03] Main Gym Fitness Gym: 2% (Closed) people=1 capacity=72 is_open=False hour_summary=Closed until 8:00am
[2026-05-23 03:30:03] Outback Climbing Center: 1% (Closed) people=0 capacity=30 is_open=False hour_summary=Closed until 11:00am
[2026-05-23 03:30:03] RIMAC Fitness Gym: 0% (Closed) people=1 capacity=150 is_open=False hour_summary=Closed until 8:00am
[2026-05-23 03:30:03] Triton Esports Center: 0% (Closed) people=0 capacity=35 is_open=False hour_summary=Closed until 11:00am
[2026-05-23 03:30:03] === SCRAPE END OK ===
[2026-05-23 03:45:02] === SCRAPE START ===
[2026-05-23 03:45:02] Fetching https://waitz.io/live/ucsd-rec
[2026-05-23 03:45:03] Saved 4 rows to ucsd_occupancy_history.csv
[2026-05-23 03:45:03] Main Gym Fitness Gym: 1% (Closed) people=1 capacity=72 is_open=False hour_summary=Closed until 8:00am
[2026-05-23 03:45:03] Outback Climbing Center: 2% (Closed) people=0 capacity=30 is_open=False hour_summary=Closed until 11:00am
[2026-05-23 03:45:03] RIMAC Fitness Gym: 1% (Closed) people=1 capacity=150 is_open=False hour_summary=Closed until 8:00am
[2026-05-23 03:45:03] Triton Esports Center: 0% (Closed) people=0 capacity=35 is_open=False hour_summary=Closed until 11:00am
[2026-05-23 03:45:03] === SCRAPE END OK ===
[2026-05-23 04:00:02] === SCRAPE START ===
[2026-05-23 04:00:02] Fetching https://waitz.io/live/ucsd-rec
[2026-05-23 04:00:03] Saved 4 rows to ucsd_occupancy_history.csv
[2026-05-23 04:00:03] Main Gym Fitness Gym: 1% (Closed) people=1 capacity=72 is_open=False hour_summary=Closed until 8:00am
[2026-05-23 04:00:03] Outback Climbing Center: 7% (Closed) people=2 capacity=30 is_open=False hour_summary=Closed until 11:00am
[2026-05-23 04:00:03] RIMAC Fitness Gym: 1% (Closed) people=1 capacity=150 is_open=False hour_summary=Closed until 8:00am
[2026-05-23 04:00:03] Triton Esports Center: 0% (Closed) people=0 capacity=35 is_open=False hour_summary=Closed until 11:00am
[2026-05-23 04:00:03] === SCRAPE END OK ===
[2026-05-23 04:15:02] === SCRAPE START ===
[2026-05-23 04:15:02] Fetching https://waitz.io/live/ucsd-rec
[2026-05-23 04:15:03] Saved 4 rows to ucsd_occupancy_history.csv
[2026-05-23 04:15:03] Main Gym Fitness Gym: 2% (Closed) people=1 capacity=72 is_open=False hour_summary=Closed until 8:00am
[2026-05-23 04:15:03] Outback Climbing Center: 3% (Closed) people=1 capacity=30 is_open=False hour_summary=Closed until 11:00am
[2026-05-23 04:15:03] RIMAC Fitness Gym: 1% (Closed) people=1 capacity=150 is_open=False hour_summary=Closed until 8:00am
[2026-05-23 04:15:03] Triton Esports Center: 0% (Closed) people=0 capacity=35 is_open=False hour_summary=Closed until 11:00am
[2026-05-23 04:15:03] === SCRAPE END OK ===
[2026-05-23 04:30:03] === SCRAPE START ===
[2026-05-23 04:30:03] Fetching https://waitz.io/live/ucsd-rec
[2026-05-23 04:30:04] Saved 4 rows to ucsd_occupancy_history.csv
[2026-05-23 04:30:04] Main Gym Fitness Gym: 1% (Closed) people=1 capacity=72 is_open=False hour_summary=Closed until 8:00am
[2026-05-23 04:30:04] Outback Climbing Center: 5% (Closed) people=2 capacity=30 is_open=False hour_summary=Closed until 11:00am
[2026-05-23 04:30:04] RIMAC Fitness Gym: 1% (Closed) people=1 capacity=150 is_open=False hour_summary=Closed until 8:00am
[2026-05-23 04:30:04] Triton Esports Center: 0% (Closed) people=0 capacity=35 is_open=False hour_summary=Closed until 11:00am
[2026-05-23 04:30:04] === SCRAPE END OK ===
[2026-05-23 04:45:02] === SCRAPE START ===
[2026-05-23 04:45:02] Fetching https://waitz.io/live/ucsd-rec
[2026-05-23 04:45:03] Saved 4 rows to ucsd_occupancy_history.csv
[2026-05-23 04:45:03] Main Gym Fitness Gym: 4% (Closed) people=3 capacity=72 is_open=False hour_summary=Closed until 8:00am
[2026-05-23 04:45:03] Outback Climbing Center: 8% (Closed) people=2 capacity=30 is_open=False hour_summary=Closed until 11:00am
[2026-05-23 04:45:03] RIMAC Fitness Gym: 1% (Closed) people=1 capacity=150 is_open=False hour_summary=Closed until 8:00am
[2026-05-23 04:45:03] Triton Esports Center: 0% (Closed) people=0 capacity=35 is_open=False hour_summary=Closed until 11:00am
[2026-05-23 04:45:03] === SCRAPE END OK ===
[2026-05-23 05:00:02] === SCRAPE START ===
[2026-05-23 05:00:02] Fetching https://waitz.io/live/ucsd-rec
[2026-05-23 05:00:04] Saved 4 rows to ucsd_occupancy_history.csv
[2026-05-23 05:00:04] Main Gym Fitness Gym: 3% (Closed) people=2 capacity=72 is_open=False hour_summary=Closed until 8:00am
[2026-05-23 05:00:04] Outback Climbing Center: 9% (Closed) people=3 capacity=30 is_open=False hour_summary=Closed until 11:00am
[2026-05-23 05:00:04] RIMAC Fitness Gym: 1% (Closed) people=1 capacity=150 is_open=False hour_summary=Closed until 8:00am
[2026-05-23 05:00:04] Triton Esports Center: 0% (Closed) people=0 capacity=35 is_open=False hour_summary=Closed until 11:00am
[2026-05-23 05:00:04] === SCRAPE END OK ===
[2026-05-23 05:15:03] === SCRAPE START ===
[2026-05-23 05:15:03] Fetching https://waitz.io/live/ucsd-rec
[2026-05-23 05:15:04] Saved 4 rows to ucsd_occupancy_history.csv
[2026-05-23 05:15:04] Main Gym Fitness Gym: 2% (Closed) people=1 capacity=72 is_open=False hour_summary=Closed until 8:00am
[2026-05-23 05:15:04] Outback Climbing Center: 8% (Closed) people=2 capacity=30 is_open=False hour_summary=Closed until 11:00am
[2026-05-23 05:15:04] RIMAC Fitness Gym: 1% (Closed) people=1 capacity=150 is_open=False hour_summary=Closed until 8:00am
[2026-05-23 05:15:04] Triton Esports Center: 0% (Closed) people=0 capacity=35 is_open=False hour_summary=Closed until 11:00am
[2026-05-23 05:15:04] === SCRAPE END OK ===
[2026-05-23 05:30:02] === SCRAPE START ===
[2026-05-23 05:30:02] Fetching https://waitz.io/live/ucsd-rec
[2026-05-23 05:30:04] Saved 4 rows to ucsd_occupancy_history.csv
[2026-05-23 05:30:04] Main Gym Fitness Gym: 1% (Closed) people=1 capacity=72 is_open=False hour_summary=Closed until 8:00am
[2026-05-23 05:30:04] Outback Climbing Center: 7% (Closed) people=2 capacity=30 is_open=False hour_summary=Closed until 11:00am
[2026-05-23 05:30:04] RIMAC Fitness Gym: 0% (Closed) people=1 capacity=150 is_open=False hour_summary=Closed until 8:00am
[2026-05-23 05:30:04] Triton Esports Center: 0% (Closed) people=0 capacity=35 is_open=False hour_summary=Closed until 11:00am
[2026-05-23 05:30:04] === SCRAPE END OK ===
[2026-05-23 05:45:02] === SCRAPE START ===
[2026-05-23 05:45:02] Fetching https://waitz.io/live/ucsd-rec
[2026-05-23 05:45:03] Saved 4 rows to ucsd_occupancy_history.csv
[2026-05-23 05:45:03] Main Gym Fitness Gym: 1% (Closed) people=1 capacity=72 is_open=False hour_summary=Closed until 8:00am
[2026-05-23 05:45:03] Outback Climbing Center: 5% (Closed) people=2 capacity=30 is_open=False hour_summary=Closed until 11:00am
[2026-05-23 05:45:03] RIMAC Fitness Gym: 0% (Closed) people=1 capacity=150 is_open=False hour_summary=Closed until 8:00am
[2026-05-23 05:45:03] Triton Esports Center: 0% (Closed) people=0 capacity=35 is_open=False hour_summary=Closed until 11:00am
[2026-05-23 05:45:03] === SCRAPE END OK ===
[2026-05-23 06:00:02] === SCRAPE START ===
[2026-05-23 06:00:02] Fetching https://waitz.io/live/ucsd-rec
[2026-05-23 06:00:04] Saved 4 rows to ucsd_occupancy_history.csv
[2026-05-23 06:00:04] Main Gym Fitness Gym: 1% (Closed) people=1 capacity=72 is_open=False hour_summary=Closed until 8:00am
[2026-05-23 06:00:04] Outback Climbing Center: 4% (Closed) people=1 capacity=30 is_open=False hour_summary=Closed until 11:00am
[2026-05-23 06:00:04] RIMAC Fitness Gym: 1% (Closed) people=1 capacity=150 is_open=False hour_summary=Closed until 8:00am
[2026-05-23 06:00:04] Triton Esports Center: 0% (Closed) people=0 capacity=35 is_open=False hour_summary=Closed until 11:00am
[2026-05-23 06:00:04] === SCRAPE END OK ===
[2026-05-23 06:15:02] === SCRAPE START ===
[2026-05-23 06:15:02] Fetching https://waitz.io/live/ucsd-rec
[2026-05-23 06:15:03] Saved 4 rows to ucsd_occupancy_history.csv
[2026-05-23 06:15:03] Main Gym Fitness Gym: 2% (Closed) people=1 capacity=72 is_open=False hour_summary=Closed until 8:00am
[2026-05-23 06:15:03] Outback Climbing Center: 7% (Closed) people=2 capacity=30 is_open=False hour_summary=Closed until 11:00am
[2026-05-23 06:15:03] RIMAC Fitness Gym: 1% (Closed) people=1 capacity=150 is_open=False hour_summary=Closed until 8:00am
[2026-05-23 06:15:03] Triton Esports Center: 0% (Closed) people=0 capacity=35 is_open=False hour_summary=Closed until 11:00am
[2026-05-23 06:15:03] === SCRAPE END OK ===
[2026-05-23 06:30:02] === SCRAPE START ===
[2026-05-23 06:30:02] Fetching https://waitz.io/live/ucsd-rec
[2026-05-23 06:30:03] Saved 4 rows to ucsd_occupancy_history.csv
[2026-05-23 06:30:03] Main Gym Fitness Gym: 3% (Closed) people=2 capacity=72 is_open=False hour_summary=Closed until 8:00am
[2026-05-23 06:30:03] Outback Climbing Center: 1% (Closed) people=0 capacity=30 is_open=False hour_summary=Closed until 11:00am
[2026-05-23 06:30:03] RIMAC Fitness Gym: 0% (Closed) people=1 capacity=150 is_open=False hour_summary=Closed until 8:00am
[2026-05-23 06:30:03] Triton Esports Center: 0% (Closed) people=0 capacity=35 is_open=False hour_summary=Closed until 11:00am
[2026-05-23 06:30:03] === SCRAPE END OK ===
[2026-05-23 06:45:02] === SCRAPE START ===
[2026-05-23 06:45:02] Fetching https://waitz.io/live/ucsd-rec
[2026-05-23 06:45:03] Saved 4 rows to ucsd_occupancy_history.csv
[2026-05-23 06:45:03] Main Gym Fitness Gym: 1% (Closed) people=1 capacity=72 is_open=False hour_summary=Closed until 8:00am
[2026-05-23 06:45:03] Outback Climbing Center: 2% (Closed) people=1 capacity=30 is_open=False hour_summary=Closed until 11:00am
[2026-05-23 06:45:03] RIMAC Fitness Gym: 1% (Closed) people=1 capacity=150 is_open=False hour_summary=Closed until 8:00am
[2026-05-23 06:45:03] Triton Esports Center: 0% (Closed) people=0 capacity=35 is_open=False hour_summary=Closed until 11:00am
[2026-05-23 06:45:03] === SCRAPE END OK ===
[2026-05-23 07:00:02] === SCRAPE START ===
[2026-05-23 07:00:02] Fetching https://waitz.io/live/ucsd-rec
[2026-05-23 07:00:03] Saved 4 rows to ucsd_occupancy_history.csv
[2026-05-23 07:00:03] Main Gym Fitness Gym: 2% (Closed) people=1 capacity=72 is_open=False hour_summary=Closed until 8:00am
[2026-05-23 07:00:03] Outback Climbing Center: 7% (Closed) people=2 capacity=30 is_open=False hour_summary=Closed until 11:00am
[2026-05-23 07:00:03] RIMAC Fitness Gym: 0% (Closed) people=1 capacity=150 is_open=False hour_summary=Closed until 8:00am
[2026-05-23 07:00:03] Triton Esports Center: 0% (Closed) people=0 capacity=35 is_open=False hour_summary=Closed until 11:00am
[2026-05-23 07:00:03] === SCRAPE END OK ===
[2026-05-23 07:15:02] === SCRAPE START ===
[2026-05-23 07:15:02] Fetching https://waitz.io/live/ucsd-rec
[2026-05-23 07:15:03] Saved 4 rows to ucsd_occupancy_history.csv
[2026-05-23 07:15:03] Main Gym Fitness Gym: 1% (Closed) people=1 capacity=72 is_open=False hour_summary=Closed until 8:00am
[2026-05-23 07:15:03] Outback Climbing Center: 22% (Closed) people=7 capacity=30 is_open=False hour_summary=Closed until 11:00am
[2026-05-23 07:15:03] RIMAC Fitness Gym: 0% (Closed) people=1 capacity=150 is_open=False hour_summary=Closed until 8:00am
[2026-05-23 07:15:03] Triton Esports Center: 0% (Closed) people=0 capacity=35 is_open=False hour_summary=Closed until 11:00am
[2026-05-23 07:15:03] === SCRAPE END OK ===
[2026-05-23 07:30:02] === SCRAPE START ===
[2026-05-23 07:30:02] Fetching https://waitz.io/live/ucsd-rec
[2026-05-23 07:30:03] Saved 4 rows to ucsd_occupancy_history.csv
[2026-05-23 07:30:03] Main Gym Fitness Gym: 4% (Closed) people=3 capacity=72 is_open=False hour_summary=Closed until 8:00am
[2026-05-23 07:30:03] Outback Climbing Center: 43% (Closed) people=13 capacity=30 is_open=False hour_summary=Closed until 11:00am
[2026-05-23 07:30:03] RIMAC Fitness Gym: 0% (Closed) people=1 capacity=150 is_open=False hour_summary=Closed until 8:00am
[2026-05-23 07:30:03] Triton Esports Center: 0% (Closed) people=0 capacity=35 is_open=False hour_summary=Closed until 11:00am
[2026-05-23 07:30:03] === SCRAPE END OK ===
[2026-05-23 07:45:02] === SCRAPE START ===
[2026-05-23 07:45:02] Fetching https://waitz.io/live/ucsd-rec
[2026-05-23 07:45:03] Saved 4 rows to ucsd_occupancy_history.csv
[2026-05-23 07:45:03] Main Gym Fitness Gym: 10% (Closed) people=7 capacity=72 is_open=False hour_summary=Closed until 8:00am
[2026-05-23 07:45:03] Outback Climbing Center: 84% (Closed) people=25 capacity=30 is_open=False hour_summary=Closed until 11:00am
[2026-05-23 07:45:03] RIMAC Fitness Gym: 1% (Closed) people=1 capacity=150 is_open=False hour_summary=Closed until 8:00am
[2026-05-23 07:45:03] Triton Esports Center: 0% (Closed) people=0 capacity=35 is_open=False hour_summary=Closed until 11:00am
[2026-05-23 07:45:03] === SCRAPE END OK ===
[2026-05-23 08:00:02] === SCRAPE START ===
[2026-05-23 08:00:02] Fetching https://waitz.io/live/ucsd-rec
[2026-05-23 08:00:03] Saved 4 rows to ucsd_occupancy_history.csv
[2026-05-23 08:00:03] Main Gym Fitness Gym: 12% (Not Busy) people=8 capacity=72 is_open=True hour_summary=open
[2026-05-23 08:00:03] Outback Climbing Center: 87% (Closed) people=26 capacity=30 is_open=False hour_summary=Closed until 11:00am
[2026-05-23 08:00:03] RIMAC Fitness Gym: 1% (Not Busy) people=1 capacity=150 is_open=True hour_summary=open
[2026-05-23 08:00:03] Triton Esports Center: 0% (Closed) people=0 capacity=35 is_open=False hour_summary=Closed until 11:00am
[2026-05-23 08:00:03] === SCRAPE END OK ===
[2026-05-23 08:15:02] === SCRAPE START ===
[2026-05-23 08:15:02] Fetching https://waitz.io/live/ucsd-rec
[2026-05-23 08:15:03] Saved 4 rows to ucsd_occupancy_history.csv
[2026-05-23 08:15:03] Main Gym Fitness Gym: 17% (Not Busy) people=12 capacity=72 is_open=True hour_summary=open
[2026-05-23 08:15:03] Outback Climbing Center: 34% (Closed) people=10 capacity=30 is_open=False hour_summary=Closed until 11:00am
[2026-05-23 08:15:03] RIMAC Fitness Gym: 8% (Not Busy) people=12 capacity=150 is_open=True hour_summary=open
[2026-05-23 08:15:03] Triton Esports Center: 0% (Closed) people=0 capacity=35 is_open=False hour_summary=Closed until 11:00am
[2026-05-23 08:15:03] === SCRAPE END OK ===
[2026-05-23 08:30:03] === SCRAPE START ===
[2026-05-23 08:30:03] Fetching https://waitz.io/live/ucsd-rec
[2026-05-23 08:30:04] Saved 4 rows to ucsd_occupancy_history.csv
[2026-05-23 08:30:04] Main Gym Fitness Gym: 23% (Not Busy) people=17 capacity=72 is_open=True hour_summary=open
[2026-05-23 08:30:04] Outback Climbing Center: 34% (Closed) people=10 capacity=30 is_open=False hour_summary=Closed until 11:00am
[2026-05-23 08:30:04] RIMAC Fitness Gym: 17% (Not Busy) people=26 capacity=150 is_open=True hour_summary=open
[2026-05-23 08:30:04] Triton Esports Center: 0% (Closed) people=0 capacity=35 is_open=False hour_summary=Closed until 11:00am
[2026-05-23 08:30:04] === SCRAPE END OK ===
[2026-05-23 08:45:02] === SCRAPE START ===
[2026-05-23 08:45:02] Fetching https://waitz.io/live/ucsd-rec
[2026-05-23 08:45:03] Saved 4 rows to ucsd_occupancy_history.csv
[2026-05-23 08:45:03] Main Gym Fitness Gym: 34% (Not Busy) people=24 capacity=72 is_open=True hour_summary=open
[2026-05-23 08:45:03] Outback Climbing Center: 37% (Closed) people=11 capacity=30 is_open=False hour_summary=Closed until 11:00am
[2026-05-23 08:45:03] RIMAC Fitness Gym: 15% (Not Busy) people=23 capacity=150 is_open=True hour_summary=open
[2026-05-23 08:45:03] Triton Esports Center: 0% (Closed) people=0 capacity=35 is_open=False hour_summary=Closed until 11:00am
[2026-05-23 08:45:03] === SCRAPE END OK ===
[2026-05-23 09:00:02] === SCRAPE START ===
[2026-05-23 09:00:02] Fetching https://waitz.io/live/ucsd-rec
[2026-05-23 09:00:04] Saved 4 rows to ucsd_occupancy_history.csv
[2026-05-23 09:00:04] Main Gym Fitness Gym: 20% (Not Busy) people=15 capacity=72 is_open=True hour_summary=open
[2026-05-23 09:00:04] Outback Climbing Center: 50% (Closed) people=15 capacity=30 is_open=False hour_summary=Closed until 11:00am
[2026-05-23 09:00:04] RIMAC Fitness Gym: 27% (Not Busy) people=40 capacity=150 is_open=True hour_summary=open
[2026-05-23 09:00:04] Triton Esports Center: 0% (Closed) people=0 capacity=35 is_open=False hour_summary=Closed until 11:00am
[2026-05-23 09:00:04] === SCRAPE END OK ===
[2026-05-23 09:15:02] === SCRAPE START ===
[2026-05-23 09:15:02] Fetching https://waitz.io/live/ucsd-rec
[2026-05-23 09:15:03] Saved 4 rows to ucsd_occupancy_history.csv
[2026-05-23 09:15:03] Main Gym Fitness Gym: 29% (Not Busy) people=21 capacity=72 is_open=True hour_summary=open
[2026-05-23 09:15:03] Outback Climbing Center: 49% (Closed) people=15 capacity=30 is_open=False hour_summary=Closed until 11:00am
[2026-05-23 09:15:03] RIMAC Fitness Gym: 20% (Not Busy) people=30 capacity=150 is_open=True hour_summary=open
[2026-05-23 09:15:03] Triton Esports Center: 0% (Closed) people=0 capacity=35 is_open=False hour_summary=Closed until 11:00am
[2026-05-23 09:15:03] === SCRAPE END OK ===
[2026-05-23 09:30:02] === SCRAPE START ===
[2026-05-23 09:30:02] Fetching https://waitz.io/live/ucsd-rec
[2026-05-23 09:30:03] Saved 4 rows to ucsd_occupancy_history.csv
[2026-05-23 09:30:03] Main Gym Fitness Gym: 30% (Not Busy) people=22 capacity=72 is_open=True hour_summary=open
[2026-05-23 09:30:03] Outback Climbing Center: 99% (Closed) people=44 capacity=30 is_open=False hour_summary=Closed until 11:00am
[2026-05-23 09:30:03] RIMAC Fitness Gym: 25% (Not Busy) people=38 capacity=150 is_open=True hour_summary=open
[2026-05-23 09:30:03] Triton Esports Center: 0% (Closed) people=0 capacity=35 is_open=False hour_summary=Closed until 11:00am
[2026-05-23 09:30:03] === SCRAPE END OK ===
[2026-05-23 09:45:02] === SCRAPE START ===
[2026-05-23 09:45:02] Fetching https://waitz.io/live/ucsd-rec
[2026-05-23 09:45:03] Saved 4 rows to ucsd_occupancy_history.csv
[2026-05-23 09:45:03] Main Gym Fitness Gym: 25% (Not Busy) people=18 capacity=72 is_open=True hour_summary=open
[2026-05-23 09:45:03] Outback Climbing Center: 99% (Closed) people=51 capacity=30 is_open=False hour_summary=Closed until 11:00am
[2026-05-23 09:45:03] RIMAC Fitness Gym: 30% (Not Busy) people=45 capacity=150 is_open=True hour_summary=open
[2026-05-23 09:45:03] Triton Esports Center: 0% (Closed) people=0 capacity=35 is_open=False hour_summary=Closed until 11:00am
[2026-05-23 09:45:03] === SCRAPE END OK ===
[2026-05-23 10:00:02] === SCRAPE START ===
[2026-05-23 10:00:02] Fetching https://waitz.io/live/ucsd-rec
[2026-05-23 10:00:03] Saved 4 rows to ucsd_occupancy_history.csv
[2026-05-23 10:00:03] Main Gym Fitness Gym: 45% (Not Busy) people=32 capacity=72 is_open=True hour_summary=open
[2026-05-23 10:00:03] Outback Climbing Center: 87% (Closed) people=26 capacity=30 is_open=False hour_summary=Closed until 11:00am
[2026-05-23 10:00:03] RIMAC Fitness Gym: 25% (Not Busy) people=37 capacity=150 is_open=True hour_summary=open
[2026-05-23 10:00:03] Triton Esports Center: 0% (Closed) people=0 capacity=35 is_open=False hour_summary=Closed until 11:00am
[2026-05-23 10:00:03] === SCRAPE END OK ===
