[2026-06-01 00:00:01] === SCRAPE START ===
[2026-06-01 00:00:01] Fetching https://waitz.io/live/ucsd-rec
[2026-06-01 00:00:02] Saved 4 rows to ucsd_occupancy_history.csv
[2026-06-01 00:00:02] Main Gym Fitness Gym: 2% (Closed) people=1 capacity=72 is_open=False hour_summary=Closed until 6:00am
[2026-06-01 00:00:02] Outback Climbing Center: 0% (Closed) people=0 capacity=30 is_open=False hour_summary=Closed until 10:00am
[2026-06-01 00:00:02] RIMAC Fitness Gym: 0% (Closed) people=0 capacity=150 is_open=False hour_summary=Closed until 6:00am
[2026-06-01 00:00:02] Triton Esports Center: 0% (Closed) people=0 capacity=35 is_open=False hour_summary=Closed until 7:30am
[2026-06-01 00:00:02] === SCRAPE END OK ===
[2026-06-01 00:15:02] === SCRAPE START ===
[2026-06-01 00:15:02] Fetching https://waitz.io/live/ucsd-rec
[2026-06-01 00:15:04] Saved 4 rows to ucsd_occupancy_history.csv
[2026-06-01 00:15:04] Main Gym Fitness Gym: 2% (Closed) people=1 capacity=72 is_open=False hour_summary=Closed until 6:00am
[2026-06-01 00:15:04] Outback Climbing Center: 1% (Closed) people=0 capacity=30 is_open=False hour_summary=Closed until 10:00am
[2026-06-01 00:15:04] RIMAC Fitness Gym: 1% (Closed) people=1 capacity=150 is_open=False hour_summary=Closed until 6:00am
[2026-06-01 00:15:04] Triton Esports Center: 0% (Closed) people=0 capacity=35 is_open=False hour_summary=Closed until 7:30am
[2026-06-01 00:15:04] === SCRAPE END OK ===
[2026-06-01 00:30:02] === SCRAPE START ===
[2026-06-01 00:30:02] Fetching https://waitz.io/live/ucsd-rec
[2026-06-01 00:30:03] Saved 4 rows to ucsd_occupancy_history.csv
[2026-06-01 00:30:03] Main Gym Fitness Gym: 1% (Closed) people=1 capacity=72 is_open=False hour_summary=Closed until 6:00am
[2026-06-01 00:30:03] Outback Climbing Center: 1% (Closed) people=0 capacity=30 is_open=False hour_summary=Closed until 10:00am
[2026-06-01 00:30:03] RIMAC Fitness Gym: 1% (Closed) people=1 capacity=150 is_open=False hour_summary=Closed until 6:00am
[2026-06-01 00:30:03] Triton Esports Center: 0% (Closed) people=0 capacity=35 is_open=False hour_summary=Closed until 7:30am
[2026-06-01 00:30:03] === SCRAPE END OK ===
[2026-06-01 00:45:02] === SCRAPE START ===
[2026-06-01 00:45:02] Fetching https://waitz.io/live/ucsd-rec
[2026-06-01 00:45:03] Saved 4 rows to ucsd_occupancy_history.csv
[2026-06-01 00:45:03] Main Gym Fitness Gym: 1% (Closed) people=1 capacity=72 is_open=False hour_summary=Closed until 6:00am
[2026-06-01 00:45:03] Outback Climbing Center: 1% (Closed) people=0 capacity=30 is_open=False hour_summary=Closed until 10:00am
[2026-06-01 00:45:03] RIMAC Fitness Gym: 1% (Closed) people=1 capacity=150 is_open=False hour_summary=Closed until 6:00am
[2026-06-01 00:45:03] Triton Esports Center: 0% (Closed) people=0 capacity=35 is_open=False hour_summary=Closed until 7:30am
[2026-06-01 00:45:03] === SCRAPE END OK ===
[2026-06-01 01:00:02] === SCRAPE START ===
[2026-06-01 01:00:02] Fetching https://waitz.io/live/ucsd-rec
[2026-06-01 01:00:04] Saved 4 rows to ucsd_occupancy_history.csv
[2026-06-01 01:00:04] Main Gym Fitness Gym: 2% (Closed) people=1 capacity=72 is_open=False hour_summary=Closed until 6:00am
[2026-06-01 01:00:04] Outback Climbing Center: 0% (Closed) people=0 capacity=30 is_open=False hour_summary=Closed until 10:00am
[2026-06-01 01:00:04] RIMAC Fitness Gym: 1% (Closed) people=1 capacity=150 is_open=False hour_summary=Closed until 6:00am
[2026-06-01 01:00:04] Triton Esports Center: 0% (Closed) people=0 capacity=35 is_open=False hour_summary=Closed until 7:30am
[2026-06-01 01:00:04] === SCRAPE END OK ===
[2026-06-01 01:15:02] === SCRAPE START ===
[2026-06-01 01:15:02] Fetching https://waitz.io/live/ucsd-rec
[2026-06-01 01:15:03] Saved 4 rows to ucsd_occupancy_history.csv
[2026-06-01 01:15:03] Main Gym Fitness Gym: 2% (Closed) people=2 capacity=72 is_open=False hour_summary=Closed until 6:00am
[2026-06-01 01:15:03] Outback Climbing Center: 1% (Closed) people=0 capacity=30 is_open=False hour_summary=Closed until 10:00am
[2026-06-01 01:15:03] RIMAC Fitness Gym: 0% (Closed) people=1 capacity=150 is_open=False hour_summary=Closed until 6:00am
[2026-06-01 01:15:03] Triton Esports Center: 0% (Closed) people=0 capacity=35 is_open=False hour_summary=Closed until 7:30am
[2026-06-01 01:15:03] === SCRAPE END OK ===
[2026-06-01 01:30:02] === SCRAPE START ===
[2026-06-01 01:30:02] Fetching https://waitz.io/live/ucsd-rec
[2026-06-01 01:30:03] Saved 4 rows to ucsd_occupancy_history.csv
[2026-06-01 01:30:03] Main Gym Fitness Gym: 1% (Closed) people=0 capacity=72 is_open=False hour_summary=Closed until 6:00am
[2026-06-01 01:30:03] Outback Climbing Center: 1% (Closed) people=0 capacity=30 is_open=False hour_summary=Closed until 10:00am
[2026-06-01 01:30:03] RIMAC Fitness Gym: 1% (Closed) people=1 capacity=150 is_open=False hour_summary=Closed until 6:00am
[2026-06-01 01:30:03] Triton Esports Center: 0% (Closed) people=0 capacity=35 is_open=False hour_summary=Closed until 7:30am
[2026-06-01 01:30:03] === SCRAPE END OK ===
[2026-06-01 01:45:02] === SCRAPE START ===
[2026-06-01 01:45:02] Fetching https://waitz.io/live/ucsd-rec
[2026-06-01 01:45:03] Saved 4 rows to ucsd_occupancy_history.csv
[2026-06-01 01:45:03] Main Gym Fitness Gym: 1% (Closed) people=1 capacity=72 is_open=False hour_summary=Closed until 6:00am
[2026-06-01 01:45:03] Outback Climbing Center: 1% (Closed) people=0 capacity=30 is_open=False hour_summary=Closed until 10:00am
[2026-06-01 01:45:03] RIMAC Fitness Gym: 1% (Closed) people=1 capacity=150 is_open=False hour_summary=Closed until 6:00am
[2026-06-01 01:45:03] Triton Esports Center: 0% (Closed) people=0 capacity=35 is_open=False hour_summary=Closed until 7:30am
[2026-06-01 01:45:03] === SCRAPE END OK ===
[2026-06-01 02:00:02] === SCRAPE START ===
[2026-06-01 02:00:02] Fetching https://waitz.io/live/ucsd-rec
[2026-06-01 02:00:03] Saved 4 rows to ucsd_occupancy_history.csv
[2026-06-01 02:00:03] Main Gym Fitness Gym: 2% (Closed) people=1 capacity=72 is_open=False hour_summary=Closed until 6:00am
[2026-06-01 02:00:03] Outback Climbing Center: 0% (Closed) people=0 capacity=30 is_open=False hour_summary=Closed until 10:00am
[2026-06-01 02:00:03] RIMAC Fitness Gym: 0% (Closed) people=0 capacity=150 is_open=False hour_summary=Closed until 6:00am
[2026-06-01 02:00:03] Triton Esports Center: 0% (Closed) people=0 capacity=35 is_open=False hour_summary=Closed until 7:30am
[2026-06-01 02:00:03] === SCRAPE END OK ===
[2026-06-01 02:15:02] === SCRAPE START ===
[2026-06-01 02:15:02] Fetching https://waitz.io/live/ucsd-rec
[2026-06-01 02:15:03] Saved 4 rows to ucsd_occupancy_history.csv
[2026-06-01 02:15:03] Main Gym Fitness Gym: 1% (Closed) people=1 capacity=72 is_open=False hour_summary=Closed until 6:00am
[2026-06-01 02:15:03] Outback Climbing Center: 1% (Closed) people=0 capacity=30 is_open=False hour_summary=Closed until 10:00am
[2026-06-01 02:15:03] RIMAC Fitness Gym: 1% (Closed) people=1 capacity=150 is_open=False hour_summary=Closed until 6:00am
[2026-06-01 02:15:03] Triton Esports Center: 0% (Closed) people=0 capacity=35 is_open=False hour_summary=Closed until 7:30am
[2026-06-01 02:15:03] === SCRAPE END OK ===
[2026-06-01 02:30:02] === SCRAPE START ===
[2026-06-01 02:30:02] Fetching https://waitz.io/live/ucsd-rec
[2026-06-01 02:30:03] Saved 4 rows to ucsd_occupancy_history.csv
[2026-06-01 02:30:03] Main Gym Fitness Gym: 2% (Closed) people=1 capacity=72 is_open=False hour_summary=Closed until 6:00am
[2026-06-01 02:30:03] Outback Climbing Center: 0% (Closed) people=0 capacity=30 is_open=False hour_summary=Closed until 10:00am
[2026-06-01 02:30:03] RIMAC Fitness Gym: 1% (Closed) people=1 capacity=150 is_open=False hour_summary=Closed until 6:00am
[2026-06-01 02:30:03] Triton Esports Center: 0% (Closed) people=0 capacity=35 is_open=False hour_summary=Closed until 7:30am
[2026-06-01 02:30:03] === SCRAPE END OK ===
[2026-06-01 02:45:02] === SCRAPE START ===
[2026-06-01 02:45:02] Fetching https://waitz.io/live/ucsd-rec
[2026-06-01 02:45:03] Saved 4 rows to ucsd_occupancy_history.csv
[2026-06-01 02:45:03] Main Gym Fitness Gym: 1% (Closed) people=1 capacity=72 is_open=False hour_summary=Closed until 6:00am
[2026-06-01 02:45:03] Outback Climbing Center: 1% (Closed) people=0 capacity=30 is_open=False hour_summary=Closed until 10:00am
[2026-06-01 02:45:03] RIMAC Fitness Gym: 0% (Closed) people=1 capacity=150 is_open=False hour_summary=Closed until 6:00am
[2026-06-01 02:45:03] Triton Esports Center: 0% (Closed) people=0 capacity=35 is_open=False hour_summary=Closed until 7:30am
[2026-06-01 02:45:03] === SCRAPE END OK ===
[2026-06-01 03:00:02] === SCRAPE START ===
[2026-06-01 03:00:02] Fetching https://waitz.io/live/ucsd-rec
[2026-06-01 03:00:04] Saved 4 rows to ucsd_occupancy_history.csv
[2026-06-01 03:00:04] Main Gym Fitness Gym: 1% (Closed) people=1 capacity=72 is_open=False hour_summary=Closed until 6:00am
[2026-06-01 03:00:04] Outback Climbing Center: 2% (Closed) people=0 capacity=30 is_open=False hour_summary=Closed until 10:00am
[2026-06-01 03:00:04] RIMAC Fitness Gym: 1% (Closed) people=1 capacity=150 is_open=False hour_summary=Closed until 6:00am
[2026-06-01 03:00:04] Triton Esports Center: 0% (Closed) people=0 capacity=35 is_open=False hour_summary=Closed until 7:30am
[2026-06-01 03:00:04] === SCRAPE END OK ===
[2026-06-01 03:15:02] === SCRAPE START ===
[2026-06-01 03:15:02] Fetching https://waitz.io/live/ucsd-rec
[2026-06-01 03:15:03] Saved 4 rows to ucsd_occupancy_history.csv
[2026-06-01 03:15:03] Main Gym Fitness Gym: 1% (Closed) people=1 capacity=72 is_open=False hour_summary=Closed until 6:00am
[2026-06-01 03:15:03] Outback Climbing Center: 1% (Closed) people=0 capacity=30 is_open=False hour_summary=Closed until 10:00am
[2026-06-01 03:15:03] RIMAC Fitness Gym: 0% (Closed) people=1 capacity=150 is_open=False hour_summary=Closed until 6:00am
[2026-06-01 03:15:03] Triton Esports Center: 0% (Closed) people=0 capacity=35 is_open=False hour_summary=Closed until 7:30am
[2026-06-01 03:15:03] === SCRAPE END OK ===
[2026-06-01 03:30:02] === SCRAPE START ===
[2026-06-01 03:30:02] Fetching https://waitz.io/live/ucsd-rec
[2026-06-01 03:30:03] Saved 4 rows to ucsd_occupancy_history.csv
[2026-06-01 03:30:03] Main Gym Fitness Gym: 2% (Closed) people=1 capacity=72 is_open=False hour_summary=Closed until 6:00am
[2026-06-01 03:30:03] Outback Climbing Center: 1% (Closed) people=0 capacity=30 is_open=False hour_summary=Closed until 10:00am
[2026-06-01 03:30:03] RIMAC Fitness Gym: 1% (Closed) people=1 capacity=150 is_open=False hour_summary=Closed until 6:00am
[2026-06-01 03:30:03] Triton Esports Center: 0% (Closed) people=0 capacity=35 is_open=False hour_summary=Closed until 7:30am
[2026-06-01 03:30:03] === SCRAPE END OK ===
[2026-06-01 03:45:02] === SCRAPE START ===
[2026-06-01 03:45:02] Fetching https://waitz.io/live/ucsd-rec
[2026-06-01 03:45:03] Saved 4 rows to ucsd_occupancy_history.csv
[2026-06-01 03:45:03] Main Gym Fitness Gym: 1% (Closed) people=1 capacity=72 is_open=False hour_summary=Closed until 6:00am
[2026-06-01 03:45:03] Outback Climbing Center: 1% (Closed) people=0 capacity=30 is_open=False hour_summary=Closed until 10:00am
[2026-06-01 03:45:03] RIMAC Fitness Gym: 1% (Closed) people=1 capacity=150 is_open=False hour_summary=Closed until 6:00am
[2026-06-01 03:45:03] Triton Esports Center: 0% (Closed) people=0 capacity=35 is_open=False hour_summary=Closed until 7:30am
[2026-06-01 03:45:03] === SCRAPE END OK ===
[2026-06-01 04:00:02] === SCRAPE START ===
[2026-06-01 04:00:02] Fetching https://waitz.io/live/ucsd-rec
[2026-06-01 04:00:03] Saved 4 rows to ucsd_occupancy_history.csv
[2026-06-01 04:00:03] Main Gym Fitness Gym: 1% (Closed) people=1 capacity=72 is_open=False hour_summary=Closed until 6:00am
[2026-06-01 04:00:03] Outback Climbing Center: 1% (Closed) people=0 capacity=30 is_open=False hour_summary=Closed until 10:00am
[2026-06-01 04:00:03] RIMAC Fitness Gym: 1% (Closed) people=1 capacity=150 is_open=False hour_summary=Closed until 6:00am
[2026-06-01 04:00:03] Triton Esports Center: 0% (Closed) people=0 capacity=35 is_open=False hour_summary=Closed until 7:30am
[2026-06-01 04:00:03] === SCRAPE END OK ===
[2026-06-01 04:15:02] === SCRAPE START ===
[2026-06-01 04:15:02] Fetching https://waitz.io/live/ucsd-rec
[2026-06-01 04:15:03] Saved 4 rows to ucsd_occupancy_history.csv
[2026-06-01 04:15:03] Main Gym Fitness Gym: 1% (Closed) people=1 capacity=72 is_open=False hour_summary=Closed until 6:00am
[2026-06-01 04:15:03] Outback Climbing Center: 1% (Closed) people=0 capacity=30 is_open=False hour_summary=Closed until 10:00am
[2026-06-01 04:15:03] RIMAC Fitness Gym: 1% (Closed) people=1 capacity=150 is_open=False hour_summary=Closed until 6:00am
[2026-06-01 04:15:03] Triton Esports Center: 0% (Closed) people=0 capacity=35 is_open=False hour_summary=Closed until 7:30am
[2026-06-01 04:15:03] === SCRAPE END OK ===
[2026-06-01 04:30:02] === SCRAPE START ===
[2026-06-01 04:30:02] Fetching https://waitz.io/live/ucsd-rec
[2026-06-01 04:30:04] Saved 4 rows to ucsd_occupancy_history.csv
[2026-06-01 04:30:04] Main Gym Fitness Gym: 1% (Closed) people=1 capacity=72 is_open=False hour_summary=Closed until 6:00am
[2026-06-01 04:30:04] Outback Climbing Center: 1% (Closed) people=0 capacity=30 is_open=False hour_summary=Closed until 10:00am
[2026-06-01 04:30:04] RIMAC Fitness Gym: 0% (Closed) people=0 capacity=150 is_open=False hour_summary=Closed until 6:00am
[2026-06-01 04:30:04] Triton Esports Center: 0% (Closed) people=0 capacity=35 is_open=False hour_summary=Closed until 7:30am
[2026-06-01 04:30:04] === SCRAPE END OK ===
[2026-06-01 04:45:02] === SCRAPE START ===
[2026-06-01 04:45:02] Fetching https://waitz.io/live/ucsd-rec
[2026-06-01 04:45:03] Saved 4 rows to ucsd_occupancy_history.csv
[2026-06-01 04:45:03] Main Gym Fitness Gym: 1% (Closed) people=1 capacity=72 is_open=False hour_summary=Closed until 6:00am
[2026-06-01 04:45:03] Outback Climbing Center: 0% (Closed) people=0 capacity=30 is_open=False hour_summary=Closed until 10:00am
[2026-06-01 04:45:03] RIMAC Fitness Gym: 0% (Closed) people=1 capacity=150 is_open=False hour_summary=Closed until 6:00am
[2026-06-01 04:45:03] Triton Esports Center: 0% (Closed) people=0 capacity=35 is_open=False hour_summary=Closed until 7:30am
[2026-06-01 04:45:03] === SCRAPE END OK ===
[2026-06-01 05:00:02] === SCRAPE START ===
[2026-06-01 05:00:02] Fetching https://waitz.io/live/ucsd-rec
[2026-06-01 05:00:03] Saved 4 rows to ucsd_occupancy_history.csv
[2026-06-01 05:00:03] Main Gym Fitness Gym: 1% (Closed) people=1 capacity=72 is_open=False hour_summary=Closed until 6:00am
[2026-06-01 05:00:03] Outback Climbing Center: 1% (Closed) people=0 capacity=30 is_open=False hour_summary=Closed until 10:00am
[2026-06-01 05:00:03] RIMAC Fitness Gym: 0% (Closed) people=0 capacity=150 is_open=False hour_summary=Closed until 6:00am
[2026-06-01 05:00:03] Triton Esports Center: 0% (Closed) people=0 capacity=35 is_open=False hour_summary=Closed until 7:30am
[2026-06-01 05:00:03] === SCRAPE END OK ===
[2026-06-01 05:15:02] === SCRAPE START ===
[2026-06-01 05:15:02] Fetching https://waitz.io/live/ucsd-rec
[2026-06-01 05:15:03] Saved 4 rows to ucsd_occupancy_history.csv
[2026-06-01 05:15:03] Main Gym Fitness Gym: 1% (Closed) people=1 capacity=72 is_open=False hour_summary=Closed until 6:00am
[2026-06-01 05:15:03] Outback Climbing Center: 3% (Closed) people=1 capacity=30 is_open=False hour_summary=Closed until 10:00am
[2026-06-01 05:15:03] RIMAC Fitness Gym: 0% (Closed) people=1 capacity=150 is_open=False hour_summary=Closed until 6:00am
[2026-06-01 05:15:03] Triton Esports Center: 0% (Closed) people=0 capacity=35 is_open=False hour_summary=Closed until 7:30am
[2026-06-01 05:15:03] === SCRAPE END OK ===
[2026-06-01 05:30:02] === SCRAPE START ===
[2026-06-01 05:30:02] Fetching https://waitz.io/live/ucsd-rec
[2026-06-01 05:30:03] Saved 4 rows to ucsd_occupancy_history.csv
[2026-06-01 05:30:03] Main Gym Fitness Gym: 1% (Closed) people=1 capacity=72 is_open=False hour_summary=Closed until 6:00am
[2026-06-01 05:30:03] Outback Climbing Center: 1% (Closed) people=0 capacity=30 is_open=False hour_summary=Closed until 10:00am
[2026-06-01 05:30:03] RIMAC Fitness Gym: 1% (Closed) people=1 capacity=150 is_open=False hour_summary=Closed until 6:00am
[2026-06-01 05:30:03] Triton Esports Center: 0% (Closed) people=0 capacity=35 is_open=False hour_summary=Closed until 7:30am
[2026-06-01 05:30:03] === SCRAPE END OK ===
[2026-06-01 05:45:02] === SCRAPE START ===
[2026-06-01 05:45:02] Fetching https://waitz.io/live/ucsd-rec
[2026-06-01 05:45:03] Saved 4 rows to ucsd_occupancy_history.csv
[2026-06-01 05:45:03] Main Gym Fitness Gym: 1% (Closed) people=1 capacity=72 is_open=False hour_summary=Closed until 6:00am
[2026-06-01 05:45:03] Outback Climbing Center: 1% (Closed) people=0 capacity=30 is_open=False hour_summary=Closed until 10:00am
[2026-06-01 05:45:03] RIMAC Fitness Gym: 1% (Closed) people=1 capacity=150 is_open=False hour_summary=Closed until 6:00am
[2026-06-01 05:45:03] Triton Esports Center: 0% (Closed) people=0 capacity=35 is_open=False hour_summary=Closed until 7:30am
[2026-06-01 05:45:03] === SCRAPE END OK ===
[2026-06-01 06:00:02] === SCRAPE START ===
[2026-06-01 06:00:02] Fetching https://waitz.io/live/ucsd-rec
[2026-06-01 06:00:03] Saved 4 rows to ucsd_occupancy_history.csv
[2026-06-01 06:00:03] Main Gym Fitness Gym: 1% (Not Busy) people=1 capacity=72 is_open=True hour_summary=open
[2026-06-01 06:00:03] Outback Climbing Center: 1% (Closed) people=0 capacity=30 is_open=False hour_summary=Closed until 10:00am
[2026-06-01 06:00:03] RIMAC Fitness Gym: 0% (Not Busy) people=1 capacity=150 is_open=True hour_summary=open
[2026-06-01 06:00:03] Triton Esports Center: 0% (Closed) people=0 capacity=35 is_open=False hour_summary=Closed until 7:30am
[2026-06-01 06:00:03] === SCRAPE END OK ===
[2026-06-01 06:15:02] === SCRAPE START ===
[2026-06-01 06:15:02] Fetching https://waitz.io/live/ucsd-rec
[2026-06-01 06:15:03] Saved 4 rows to ucsd_occupancy_history.csv
[2026-06-01 06:15:03] Main Gym Fitness Gym: 2% (Not Busy) people=1 capacity=72 is_open=True hour_summary=open
[2026-06-01 06:15:03] Outback Climbing Center: 4% (Closed) people=1 capacity=30 is_open=False hour_summary=Closed until 10:00am
[2026-06-01 06:15:03] RIMAC Fitness Gym: 10% (Not Busy) people=16 capacity=150 is_open=True hour_summary=open
[2026-06-01 06:15:03] Triton Esports Center: 0% (Closed) people=0 capacity=35 is_open=False hour_summary=Closed until 7:30am
[2026-06-01 06:15:03] === SCRAPE END OK ===
[2026-06-01 06:30:02] === SCRAPE START ===
[2026-06-01 06:30:02] Fetching https://waitz.io/live/ucsd-rec
[2026-06-01 06:30:03] Saved 4 rows to ucsd_occupancy_history.csv
[2026-06-01 06:30:03] Main Gym Fitness Gym: 26% (Not Busy) people=18 capacity=72 is_open=True hour_summary=open
[2026-06-01 06:30:03] Outback Climbing Center: 2% (Closed) people=1 capacity=30 is_open=False hour_summary=Closed until 10:00am
[2026-06-01 06:30:03] RIMAC Fitness Gym: 18% (Not Busy) people=27 capacity=150 is_open=True hour_summary=open
[2026-06-01 06:30:03] Triton Esports Center: 0% (Closed) people=0 capacity=35 is_open=False hour_summary=Closed until 7:30am
[2026-06-01 06:30:03] === SCRAPE END OK ===
[2026-06-01 06:45:02] === SCRAPE START ===
[2026-06-01 06:45:02] Fetching https://waitz.io/live/ucsd-rec
[2026-06-01 06:45:03] Saved 4 rows to ucsd_occupancy_history.csv
[2026-06-01 06:45:03] Main Gym Fitness Gym: 15% (Not Busy) people=11 capacity=72 is_open=True hour_summary=open
[2026-06-01 06:45:03] Outback Climbing Center: 2% (Closed) people=1 capacity=30 is_open=False hour_summary=Closed until 10:00am
[2026-06-01 06:45:03] RIMAC Fitness Gym: 23% (Not Busy) people=35 capacity=150 is_open=True hour_summary=open
[2026-06-01 06:45:03] Triton Esports Center: 0% (Closed) people=0 capacity=35 is_open=False hour_summary=Closed until 7:30am
[2026-06-01 06:45:03] === SCRAPE END OK ===
[2026-06-01 07:00:02] === SCRAPE START ===
[2026-06-01 07:00:02] Fetching https://waitz.io/live/ucsd-rec
[2026-06-01 07:00:03] Saved 4 rows to ucsd_occupancy_history.csv
[2026-06-01 07:00:03] Main Gym Fitness Gym: 49% (Busy) people=36 capacity=72 is_open=True hour_summary=open
[2026-06-01 07:00:03] Outback Climbing Center: 2% (Closed) people=0 capacity=30 is_open=False hour_summary=Closed until 10:00am
[2026-06-01 07:00:03] RIMAC Fitness Gym: 25% (Not Busy) people=38 capacity=150 is_open=True hour_summary=open
[2026-06-01 07:00:03] Triton Esports Center: 0% (Closed) people=0 capacity=35 is_open=False hour_summary=Closed until 7:30am
[2026-06-01 07:00:03] === SCRAPE END OK ===
[2026-06-01 07:15:02] === SCRAPE START ===
[2026-06-01 07:15:02] Fetching https://waitz.io/live/ucsd-rec
[2026-06-01 07:15:03] Saved 4 rows to ucsd_occupancy_history.csv
[2026-06-01 07:15:03] Main Gym Fitness Gym: 17% (Not Busy) people=12 capacity=72 is_open=True hour_summary=open
[2026-06-01 07:15:03] Outback Climbing Center: 3% (Closed) people=1 capacity=30 is_open=False hour_summary=Closed until 10:00am
[2026-06-01 07:15:03] RIMAC Fitness Gym: 23% (Not Busy) people=34 capacity=150 is_open=True hour_summary=open
[2026-06-01 07:15:03] Triton Esports Center: 0% (Closed) people=0 capacity=35 is_open=False hour_summary=Closed until 7:30am
[2026-06-01 07:15:03] === SCRAPE END OK ===
[2026-06-01 07:30:02] === SCRAPE START ===
[2026-06-01 07:30:02] Fetching https://waitz.io/live/ucsd-rec
[2026-06-01 07:30:03] Saved 4 rows to ucsd_occupancy_history.csv
[2026-06-01 07:30:03] Main Gym Fitness Gym: 12% (Not Busy) people=9 capacity=72 is_open=True hour_summary=open
[2026-06-01 07:30:03] Outback Climbing Center: 3% (Closed) people=1 capacity=30 is_open=False hour_summary=Closed until 10:00am
[2026-06-01 07:30:03] RIMAC Fitness Gym: 25% (Not Busy) people=38 capacity=150 is_open=True hour_summary=open
[2026-06-01 07:30:03] Triton Esports Center: 0% (Not Busy) people=0 capacity=35 is_open=True hour_summary=open
[2026-06-01 07:30:03] === SCRAPE END OK ===
[2026-06-01 07:45:02] === SCRAPE START ===
[2026-06-01 07:45:02] Fetching https://waitz.io/live/ucsd-rec
[2026-06-01 07:45:03] Saved 4 rows to ucsd_occupancy_history.csv
[2026-06-01 07:45:03] Main Gym Fitness Gym: 27% (Not Busy) people=20 capacity=72 is_open=True hour_summary=open
[2026-06-01 07:45:03] Outback Climbing Center: 2% (Closed) people=1 capacity=30 is_open=False hour_summary=Closed until 10:00am
[2026-06-01 07:45:03] RIMAC Fitness Gym: 24% (Not Busy) people=37 capacity=150 is_open=True hour_summary=open
[2026-06-01 07:45:03] Triton Esports Center: 0% (Not Busy) people=0 capacity=35 is_open=True hour_summary=open
[2026-06-01 07:45:03] === SCRAPE END OK ===
[2026-06-01 08:00:02] === SCRAPE START ===
[2026-06-01 08:00:02] Fetching https://waitz.io/live/ucsd-rec
[2026-06-01 08:00:03] Saved 4 rows to ucsd_occupancy_history.csv
[2026-06-01 08:00:03] Main Gym Fitness Gym: 13% (Not Busy) people=10 capacity=72 is_open=True hour_summary=open
[2026-06-01 08:00:03] Outback Climbing Center: 4% (Closed) people=1 capacity=30 is_open=False hour_summary=Closed until 10:00am
[2026-06-01 08:00:03] RIMAC Fitness Gym: 26% (Not Busy) people=39 capacity=150 is_open=True hour_summary=open
[2026-06-01 08:00:03] Triton Esports Center: 0% (Not Busy) people=0 capacity=35 is_open=True hour_summary=open
[2026-06-01 08:00:03] === SCRAPE END OK ===
[2026-06-01 08:15:02] === SCRAPE START ===
[2026-06-01 08:15:02] Fetching https://waitz.io/live/ucsd-rec
[2026-06-01 08:15:03] Saved 4 rows to ucsd_occupancy_history.csv
[2026-06-01 08:15:03] Main Gym Fitness Gym: 16% (Not Busy) people=12 capacity=72 is_open=True hour_summary=open
[2026-06-01 08:15:03] Outback Climbing Center: 1% (Closed) people=0 capacity=30 is_open=False hour_summary=Closed until 10:00am
[2026-06-01 08:15:03] RIMAC Fitness Gym: 32% (Not Busy) people=48 capacity=150 is_open=True hour_summary=open
[2026-06-01 08:15:03] Triton Esports Center: 1% (Not Busy) people=0 capacity=35 is_open=True hour_summary=open
[2026-06-01 08:15:03] === SCRAPE END OK ===
[2026-06-01 08:30:02] === SCRAPE START ===
[2026-06-01 08:30:02] Fetching https://waitz.io/live/ucsd-rec
[2026-06-01 08:30:03] Saved 4 rows to ucsd_occupancy_history.csv
[2026-06-01 08:30:03] Main Gym Fitness Gym: 23% (Not Busy) people=17 capacity=72 is_open=True hour_summary=open
[2026-06-01 08:30:03] Outback Climbing Center: 1% (Closed) people=0 capacity=30 is_open=False hour_summary=Closed until 10:00am
[2026-06-01 08:30:03] RIMAC Fitness Gym: 28% (Not Busy) people=42 capacity=150 is_open=True hour_summary=open
[2026-06-01 08:30:03] Triton Esports Center: 3% (Not Busy) people=1 capacity=35 is_open=True hour_summary=open
[2026-06-01 08:30:03] === SCRAPE END OK ===
[2026-06-01 08:45:02] === SCRAPE START ===
[2026-06-01 08:45:02] Fetching https://waitz.io/live/ucsd-rec
[2026-06-01 08:45:03] Saved 4 rows to ucsd_occupancy_history.csv
[2026-06-01 08:45:03] Main Gym Fitness Gym: 18% (Not Busy) people=13 capacity=72 is_open=True hour_summary=open
[2026-06-01 08:45:03] Outback Climbing Center: 6% (Closed) people=2 capacity=30 is_open=False hour_summary=Closed until 10:00am
[2026-06-01 08:45:03] RIMAC Fitness Gym: 28% (Not Busy) people=43 capacity=150 is_open=True hour_summary=open
[2026-06-01 08:45:03] Triton Esports Center: 1% (Not Busy) people=0 capacity=35 is_open=True hour_summary=open
[2026-06-01 08:45:03] === SCRAPE END OK ===
[2026-06-01 09:00:02] === SCRAPE START ===
[2026-06-01 09:00:02] Fetching https://waitz.io/live/ucsd-rec
[2026-06-01 09:00:03] Saved 4 rows to ucsd_occupancy_history.csv
[2026-06-01 09:00:03] Main Gym Fitness Gym: 30% (Not Busy) people=21 capacity=72 is_open=True hour_summary=open
[2026-06-01 09:00:03] Outback Climbing Center: 3% (Closed) people=1 capacity=30 is_open=False hour_summary=Closed until 10:00am
[2026-06-01 09:00:03] RIMAC Fitness Gym: 30% (Not Busy) people=45 capacity=150 is_open=True hour_summary=open
[2026-06-01 09:00:03] Triton Esports Center: 4% (Not Busy) people=1 capacity=35 is_open=True hour_summary=open
[2026-06-01 09:00:03] === SCRAPE END OK ===
[2026-06-01 09:15:02] === SCRAPE START ===
[2026-06-01 09:15:02] Fetching https://waitz.io/live/ucsd-rec
[2026-06-01 09:15:03] Saved 4 rows to ucsd_occupancy_history.csv
[2026-06-01 09:15:03] Main Gym Fitness Gym: 18% (Not Busy) people=13 capacity=72 is_open=True hour_summary=open
[2026-06-01 09:15:03] Outback Climbing Center: 2% (Closed) people=1 capacity=30 is_open=False hour_summary=Closed until 10:00am
[2026-06-01 09:15:03] RIMAC Fitness Gym: 31% (Not Busy) people=46 capacity=150 is_open=True hour_summary=open
[2026-06-01 09:15:03] Triton Esports Center: 11% (Not Busy) people=4 capacity=35 is_open=True hour_summary=open
[2026-06-01 09:15:03] === SCRAPE END OK ===
[2026-06-01 09:30:02] === SCRAPE START ===
[2026-06-01 09:30:02] Fetching https://waitz.io/live/ucsd-rec
[2026-06-01 09:30:04] Saved 4 rows to ucsd_occupancy_history.csv
[2026-06-01 09:30:04] Main Gym Fitness Gym: 19% (Not Busy) people=14 capacity=72 is_open=True hour_summary=open
[2026-06-01 09:30:04] Outback Climbing Center: 1% (Closed) people=0 capacity=30 is_open=False hour_summary=Closed until 10:00am
[2026-06-01 09:30:04] RIMAC Fitness Gym: 37% (Not Busy) people=55 capacity=150 is_open=True hour_summary=open
[2026-06-01 09:30:04] Triton Esports Center: 17% (Not Busy) people=6 capacity=35 is_open=True hour_summary=open
[2026-06-01 09:30:04] === SCRAPE END OK ===
[2026-06-01 09:45:02] === SCRAPE START ===
[2026-06-01 09:45:02] Fetching https://waitz.io/live/ucsd-rec
[2026-06-01 09:45:03] Saved 4 rows to ucsd_occupancy_history.csv
[2026-06-01 09:45:03] Main Gym Fitness Gym: 18% (Not Busy) people=13 capacity=72 is_open=True hour_summary=open
[2026-06-01 09:45:03] Outback Climbing Center: 2% (Closed) people=0 capacity=30 is_open=False hour_summary=Closed until 10:00am
[2026-06-01 09:45:03] RIMAC Fitness Gym: 35% (Not Busy) people=53 capacity=150 is_open=True hour_summary=open
[2026-06-01 09:45:03] Triton Esports Center: 0% (Not Busy) people=0 capacity=35 is_open=True hour_summary=open
[2026-06-01 09:45:03] === SCRAPE END OK ===
[2026-06-01 10:00:02] === SCRAPE START ===
[2026-06-01 10:00:02] Fetching https://waitz.io/live/ucsd-rec
[2026-06-01 10:00:03] Saved 4 rows to ucsd_occupancy_history.csv
[2026-06-01 10:00:03] Main Gym Fitness Gym: 16% (Not Busy) people=11 capacity=72 is_open=True hour_summary=open
[2026-06-01 10:00:03] Outback Climbing Center: 15% (Not Busy) people=5 capacity=30 is_open=True hour_summary=open
[2026-06-01 10:00:03] RIMAC Fitness Gym: 43% (Not Busy) people=65 capacity=150 is_open=True hour_summary=open
[2026-06-01 10:00:03] Triton Esports Center: 13% (Not Busy) people=4 capacity=35 is_open=True hour_summary=open
[2026-06-01 10:00:03] === SCRAPE END OK ===
[2026-06-01 10:15:02] === SCRAPE START ===
[2026-06-01 10:15:02] Fetching https://waitz.io/live/ucsd-rec
[2026-06-01 10:15:03] Saved 4 rows to ucsd_occupancy_history.csv
[2026-06-01 10:15:03] Main Gym Fitness Gym: 23% (Not Busy) people=17 capacity=72 is_open=True hour_summary=open
[2026-06-01 10:15:03] Outback Climbing Center: 42% (Not Busy) people=13 capacity=30 is_open=True hour_summary=open
[2026-06-01 10:15:03] RIMAC Fitness Gym: 48% (Busy) people=72 capacity=150 is_open=True hour_summary=open
[2026-06-01 10:15:03] Triton Esports Center: 18% (Not Busy) people=6 capacity=35 is_open=True hour_summary=open
[2026-06-01 10:15:03] === SCRAPE END OK ===
[2026-06-01 10:30:02] === SCRAPE START ===
[2026-06-01 10:30:02] Fetching https://waitz.io/live/ucsd-rec
[2026-06-01 10:30:03] Saved 4 rows to ucsd_occupancy_history.csv
[2026-06-01 10:30:03] Main Gym Fitness Gym: 15% (Not Busy) people=11 capacity=72 is_open=True hour_summary=open
[2026-06-01 10:30:03] Outback Climbing Center: 69% (Busy) people=21 capacity=30 is_open=True hour_summary=open
[2026-06-01 10:30:03] RIMAC Fitness Gym: 50% (Busy) people=74 capacity=150 is_open=True hour_summary=open
[2026-06-01 10:30:03] Triton Esports Center: 24% (Not Busy) people=9 capacity=35 is_open=True hour_summary=open
[2026-06-01 10:30:03] === SCRAPE END OK ===
[2026-06-01 10:45:02] === SCRAPE START ===
[2026-06-01 10:45:02] Fetching https://waitz.io/live/ucsd-rec
[2026-06-01 10:45:03] Saved 4 rows to ucsd_occupancy_history.csv
[2026-06-01 10:45:03] Main Gym Fitness Gym: 31% (Not Busy) people=22 capacity=72 is_open=True hour_summary=open
[2026-06-01 10:45:03] Outback Climbing Center: 70% (Busy) people=21 capacity=30 is_open=True hour_summary=open
[2026-06-01 10:45:03] RIMAC Fitness Gym: 54% (Busy) people=82 capacity=150 is_open=True hour_summary=open
[2026-06-01 10:45:03] Triton Esports Center: 30% (Not Busy) people=11 capacity=35 is_open=True hour_summary=open
[2026-06-01 10:45:03] === SCRAPE END OK ===
