[2026-06-18 00:15:04] === SCRAPE START ===
[2026-06-18 00:15:04] Fetching https://waitz.io/live/ucsd-rec
[2026-06-18 00:15:08] Saved 4 rows to ucsd_occupancy_history.csv
[2026-06-18 00:15:08] Main Gym Fitness Gym: 2% (Closed) people=1 capacity=72 is_open=False hour_summary=closed
[2026-06-18 00:15:08] Outback Climbing Center: 4% (Closed) people=1 capacity=30 is_open=False hour_summary=closed
[2026-06-18 00:15:08] RIMAC Fitness Gym: 1% (Closed) people=1 capacity=150 is_open=False hour_summary=Closed until 6:00am
[2026-06-18 00:15:08] Triton Esports Center: 0% (Closed) people=0 capacity=35 is_open=False hour_summary=closed
[2026-06-18 00:15:08] === SCRAPE END OK ===
[2026-06-18 00:30:02] === SCRAPE START ===
[2026-06-18 00:30:02] Fetching https://waitz.io/live/ucsd-rec
[2026-06-18 00:30:03] Saved 4 rows to ucsd_occupancy_history.csv
[2026-06-18 00:30:03] Main Gym Fitness Gym: 3% (Closed) people=2 capacity=72 is_open=False hour_summary=closed
[2026-06-18 00:30:03] Outback Climbing Center: 4% (Closed) people=1 capacity=30 is_open=False hour_summary=closed
[2026-06-18 00:30:03] RIMAC Fitness Gym: 1% (Closed) people=1 capacity=150 is_open=False hour_summary=Closed until 6:00am
[2026-06-18 00:30:03] Triton Esports Center: 0% (Closed) people=0 capacity=35 is_open=False hour_summary=closed
[2026-06-18 00:30:03] === SCRAPE END OK ===
[2026-06-18 00:45:02] === SCRAPE START ===
[2026-06-18 00:45:02] Fetching https://waitz.io/live/ucsd-rec
[2026-06-18 00:45:02] Saved 4 rows to ucsd_occupancy_history.csv
[2026-06-18 00:45:02] Main Gym Fitness Gym: 1% (Closed) people=1 capacity=72 is_open=False hour_summary=closed
[2026-06-18 00:45:02] Outback Climbing Center: 9% (Closed) people=3 capacity=30 is_open=False hour_summary=closed
[2026-06-18 00:45:02] RIMAC Fitness Gym: 1% (Closed) people=1 capacity=150 is_open=False hour_summary=Closed until 6:00am
[2026-06-18 00:45:02] Triton Esports Center: 0% (Closed) people=0 capacity=35 is_open=False hour_summary=closed
[2026-06-18 00:45:02] === SCRAPE END OK ===
[2026-06-18 01:00:02] === SCRAPE START ===
[2026-06-18 01:00:02] Fetching https://waitz.io/live/ucsd-rec
[2026-06-18 01:00:02] Saved 4 rows to ucsd_occupancy_history.csv
[2026-06-18 01:00:02] Main Gym Fitness Gym: 1% (Closed) people=1 capacity=72 is_open=False hour_summary=closed
[2026-06-18 01:00:02] Outback Climbing Center: 8% (Closed) people=2 capacity=30 is_open=False hour_summary=closed
[2026-06-18 01:00:02] RIMAC Fitness Gym: 1% (Closed) people=1 capacity=150 is_open=False hour_summary=Closed until 6:00am
[2026-06-18 01:00:02] Triton Esports Center: 0% (Closed) people=0 capacity=35 is_open=False hour_summary=closed
[2026-06-18 01:00:02] === SCRAPE END OK ===
[2026-06-18 01:15:02] === SCRAPE START ===
[2026-06-18 01:15:02] Fetching https://waitz.io/live/ucsd-rec
[2026-06-18 01:15:02] Saved 4 rows to ucsd_occupancy_history.csv
[2026-06-18 01:15:02] Main Gym Fitness Gym: 1% (Closed) people=1 capacity=72 is_open=False hour_summary=closed
[2026-06-18 01:15:02] Outback Climbing Center: 5% (Closed) people=1 capacity=30 is_open=False hour_summary=closed
[2026-06-18 01:15:02] RIMAC Fitness Gym: 0% (Closed) people=1 capacity=150 is_open=False hour_summary=Closed until 6:00am
[2026-06-18 01:15:02] Triton Esports Center: 0% (Closed) people=0 capacity=35 is_open=False hour_summary=closed
[2026-06-18 01:15:02] === SCRAPE END OK ===
[2026-06-18 01:30:02] === SCRAPE START ===
[2026-06-18 01:30:02] Fetching https://waitz.io/live/ucsd-rec
[2026-06-18 01:30:03] Saved 4 rows to ucsd_occupancy_history.csv
[2026-06-18 01:30:03] Main Gym Fitness Gym: 1% (Closed) people=1 capacity=72 is_open=False hour_summary=closed
[2026-06-18 01:30:03] Outback Climbing Center: 5% (Closed) people=2 capacity=30 is_open=False hour_summary=closed
[2026-06-18 01:30:03] RIMAC Fitness Gym: 0% (Closed) people=0 capacity=150 is_open=False hour_summary=Closed until 6:00am
[2026-06-18 01:30:03] Triton Esports Center: 0% (Closed) people=0 capacity=35 is_open=False hour_summary=closed
[2026-06-18 01:30:03] === SCRAPE END OK ===
[2026-06-18 01:45:02] === SCRAPE START ===
[2026-06-18 01:45:02] Fetching https://waitz.io/live/ucsd-rec
[2026-06-18 01:45:02] Saved 4 rows to ucsd_occupancy_history.csv
[2026-06-18 01:45:02] Main Gym Fitness Gym: 1% (Closed) people=1 capacity=72 is_open=False hour_summary=closed
[2026-06-18 01:45:02] Outback Climbing Center: 6% (Closed) people=2 capacity=30 is_open=False hour_summary=closed
[2026-06-18 01:45:02] RIMAC Fitness Gym: 1% (Closed) people=1 capacity=150 is_open=False hour_summary=Closed until 6:00am
[2026-06-18 01:45:02] Triton Esports Center: 0% (Closed) people=0 capacity=35 is_open=False hour_summary=closed
[2026-06-18 01:45:02] === SCRAPE END OK ===
[2026-06-18 02:00:02] === SCRAPE START ===
[2026-06-18 02:00:02] Fetching https://waitz.io/live/ucsd-rec
[2026-06-18 02:00:02] Saved 4 rows to ucsd_occupancy_history.csv
[2026-06-18 02:00:02] Main Gym Fitness Gym: 1% (Closed) people=1 capacity=72 is_open=False hour_summary=closed
[2026-06-18 02:00:02] Outback Climbing Center: 4% (Closed) people=1 capacity=30 is_open=False hour_summary=closed
[2026-06-18 02:00:02] RIMAC Fitness Gym: 0% (Closed) people=1 capacity=150 is_open=False hour_summary=Closed until 6:00am
[2026-06-18 02:00:02] Triton Esports Center: 0% (Closed) people=0 capacity=35 is_open=False hour_summary=closed
[2026-06-18 02:00:02] === SCRAPE END OK ===
[2026-06-18 02:15:02] === SCRAPE START ===
[2026-06-18 02:15:02] Fetching https://waitz.io/live/ucsd-rec
[2026-06-18 02:15:04] Saved 4 rows to ucsd_occupancy_history.csv
[2026-06-18 02:15:04] Main Gym Fitness Gym: 1% (Closed) people=1 capacity=72 is_open=False hour_summary=closed
[2026-06-18 02:15:04] Outback Climbing Center: 7% (Closed) people=2 capacity=30 is_open=False hour_summary=closed
[2026-06-18 02:15:04] RIMAC Fitness Gym: 0% (Closed) people=0 capacity=150 is_open=False hour_summary=Closed until 6:00am
[2026-06-18 02:15:04] Triton Esports Center: 0% (Closed) people=0 capacity=35 is_open=False hour_summary=closed
[2026-06-18 02:15:04] === SCRAPE END OK ===
[2026-06-18 02:30:02] === SCRAPE START ===
[2026-06-18 02:30:02] Fetching https://waitz.io/live/ucsd-rec
[2026-06-18 02:30:03] Saved 4 rows to ucsd_occupancy_history.csv
[2026-06-18 02:30:03] Main Gym Fitness Gym: 1% (Closed) people=1 capacity=72 is_open=False hour_summary=closed
[2026-06-18 02:30:03] Outback Climbing Center: 3% (Closed) people=1 capacity=30 is_open=False hour_summary=closed
[2026-06-18 02:30:03] RIMAC Fitness Gym: 0% (Closed) people=1 capacity=150 is_open=False hour_summary=Closed until 6:00am
[2026-06-18 02:30:03] Triton Esports Center: 0% (Closed) people=0 capacity=35 is_open=False hour_summary=closed
[2026-06-18 02:30:03] === SCRAPE END OK ===
[2026-06-18 02:45:02] === SCRAPE START ===
[2026-06-18 02:45:02] Fetching https://waitz.io/live/ucsd-rec
[2026-06-18 02:45:08] Saved 4 rows to ucsd_occupancy_history.csv
[2026-06-18 02:45:08] Main Gym Fitness Gym: 1% (Closed) people=1 capacity=72 is_open=False hour_summary=closed
[2026-06-18 02:45:08] Outback Climbing Center: 4% (Closed) people=1 capacity=30 is_open=False hour_summary=closed
[2026-06-18 02:45:08] RIMAC Fitness Gym: 0% (Closed) people=1 capacity=150 is_open=False hour_summary=Closed until 6:00am
[2026-06-18 02:45:08] Triton Esports Center: 0% (Closed) people=0 capacity=35 is_open=False hour_summary=closed
[2026-06-18 02:45:08] === SCRAPE END OK ===
[2026-06-18 03:00:02] === SCRAPE START ===
[2026-06-18 03:00:02] Fetching https://waitz.io/live/ucsd-rec
[2026-06-18 03:00:04] Saved 4 rows to ucsd_occupancy_history.csv
[2026-06-18 03:00:04] Main Gym Fitness Gym: 1% (Closed) people=1 capacity=72 is_open=False hour_summary=closed
[2026-06-18 03:00:04] Outback Climbing Center: 7% (Closed) people=2 capacity=30 is_open=False hour_summary=closed
[2026-06-18 03:00:04] RIMAC Fitness Gym: 0% (Closed) people=0 capacity=150 is_open=False hour_summary=Closed until 6:00am
[2026-06-18 03:00:04] Triton Esports Center: 0% (Closed) people=0 capacity=35 is_open=False hour_summary=closed
[2026-06-18 03:00:04] === SCRAPE END OK ===
[2026-06-18 03:15:02] === SCRAPE START ===
[2026-06-18 03:15:02] Fetching https://waitz.io/live/ucsd-rec
[2026-06-18 03:15:23] Saved 4 rows to ucsd_occupancy_history.csv
[2026-06-18 03:15:23] Main Gym Fitness Gym: 1% (Closed) people=1 capacity=72 is_open=False hour_summary=closed
[2026-06-18 03:15:23] Outback Climbing Center: 7% (Closed) people=2 capacity=30 is_open=False hour_summary=closed
[2026-06-18 03:15:23] RIMAC Fitness Gym: 0% (Closed) people=0 capacity=150 is_open=False hour_summary=Closed until 6:00am
[2026-06-18 03:15:23] Triton Esports Center: 0% (Closed) people=0 capacity=35 is_open=False hour_summary=closed
[2026-06-18 03:15:23] === SCRAPE END OK ===
[2026-06-18 03:30:02] === SCRAPE START ===
[2026-06-18 03:30:02] Fetching https://waitz.io/live/ucsd-rec
[2026-06-18 03:30:05] Saved 4 rows to ucsd_occupancy_history.csv
[2026-06-18 03:30:05] Main Gym Fitness Gym: 1% (Closed) people=1 capacity=72 is_open=False hour_summary=closed
[2026-06-18 03:30:05] Outback Climbing Center: 4% (Closed) people=1 capacity=30 is_open=False hour_summary=closed
[2026-06-18 03:30:05] RIMAC Fitness Gym: 1% (Closed) people=1 capacity=150 is_open=False hour_summary=Closed until 6:00am
[2026-06-18 03:30:05] Triton Esports Center: 0% (Closed) people=0 capacity=35 is_open=False hour_summary=closed
[2026-06-18 03:30:05] === SCRAPE END OK ===
[2026-06-18 03:45:02] === SCRAPE START ===
[2026-06-18 03:45:02] Fetching https://waitz.io/live/ucsd-rec
[2026-06-18 03:45:02] Saved 4 rows to ucsd_occupancy_history.csv
[2026-06-18 03:45:02] Main Gym Fitness Gym: 1% (Closed) people=1 capacity=72 is_open=False hour_summary=closed
[2026-06-18 03:45:02] Outback Climbing Center: 4% (Closed) people=1 capacity=30 is_open=False hour_summary=closed
[2026-06-18 03:45:02] RIMAC Fitness Gym: 0% (Closed) people=1 capacity=150 is_open=False hour_summary=Closed until 6:00am
[2026-06-18 03:45:02] Triton Esports Center: 0% (Closed) people=0 capacity=35 is_open=False hour_summary=closed
[2026-06-18 03:45:02] === SCRAPE END OK ===
[2026-06-18 04:00:02] === SCRAPE START ===
[2026-06-18 04:00:02] Fetching https://waitz.io/live/ucsd-rec
[2026-06-18 04:00:03] Saved 4 rows to ucsd_occupancy_history.csv
[2026-06-18 04:00:03] Main Gym Fitness Gym: 1% (Closed) people=1 capacity=72 is_open=False hour_summary=closed
[2026-06-18 04:00:03] Outback Climbing Center: 7% (Closed) people=2 capacity=30 is_open=False hour_summary=closed
[2026-06-18 04:00:03] RIMAC Fitness Gym: 1% (Closed) people=1 capacity=150 is_open=False hour_summary=Closed until 6:00am
[2026-06-18 04:00:03] Triton Esports Center: 0% (Closed) people=0 capacity=35 is_open=False hour_summary=closed
[2026-06-18 04:00:03] === SCRAPE END OK ===
[2026-06-18 04:15:02] === SCRAPE START ===
[2026-06-18 04:15:02] Fetching https://waitz.io/live/ucsd-rec
[2026-06-18 04:15:03] Saved 4 rows to ucsd_occupancy_history.csv
[2026-06-18 04:15:03] Main Gym Fitness Gym: 2% (Closed) people=1 capacity=72 is_open=False hour_summary=closed
[2026-06-18 04:15:03] Outback Climbing Center: 4% (Closed) people=1 capacity=30 is_open=False hour_summary=closed
[2026-06-18 04:15:03] RIMAC Fitness Gym: 0% (Closed) people=1 capacity=150 is_open=False hour_summary=Closed until 6:00am
[2026-06-18 04:15:03] Triton Esports Center: 0% (Closed) people=0 capacity=35 is_open=False hour_summary=closed
[2026-06-18 04:15:03] === SCRAPE END OK ===
[2026-06-18 04:30:02] === SCRAPE START ===
[2026-06-18 04:30:02] Fetching https://waitz.io/live/ucsd-rec
[2026-06-18 04:30:03] Saved 4 rows to ucsd_occupancy_history.csv
[2026-06-18 04:30:03] Main Gym Fitness Gym: 1% (Closed) people=1 capacity=72 is_open=False hour_summary=closed
[2026-06-18 04:30:03] Outback Climbing Center: 4% (Closed) people=1 capacity=30 is_open=False hour_summary=closed
[2026-06-18 04:30:03] RIMAC Fitness Gym: 1% (Closed) people=1 capacity=150 is_open=False hour_summary=Closed until 6:00am
[2026-06-18 04:30:03] Triton Esports Center: 0% (Closed) people=0 capacity=35 is_open=False hour_summary=closed
[2026-06-18 04:30:03] === SCRAPE END OK ===
[2026-06-18 04:45:02] === SCRAPE START ===
[2026-06-18 04:45:02] Fetching https://waitz.io/live/ucsd-rec
[2026-06-18 04:45:03] Saved 4 rows to ucsd_occupancy_history.csv
[2026-06-18 04:45:03] Main Gym Fitness Gym: 2% (Closed) people=1 capacity=72 is_open=False hour_summary=closed
[2026-06-18 04:45:03] Outback Climbing Center: 5% (Closed) people=2 capacity=30 is_open=False hour_summary=closed
[2026-06-18 04:45:03] RIMAC Fitness Gym: 0% (Closed) people=0 capacity=150 is_open=False hour_summary=Closed until 6:00am
[2026-06-18 04:45:03] Triton Esports Center: 0% (Closed) people=0 capacity=35 is_open=False hour_summary=closed
[2026-06-18 04:45:03] === SCRAPE END OK ===
[2026-06-18 05:00:02] === SCRAPE START ===
[2026-06-18 05:00:02] Fetching https://waitz.io/live/ucsd-rec
[2026-06-18 05:00:03] Saved 4 rows to ucsd_occupancy_history.csv
[2026-06-18 05:00:03] Main Gym Fitness Gym: 1% (Closed) people=1 capacity=72 is_open=False hour_summary=closed
[2026-06-18 05:00:03] Outback Climbing Center: 8% (Closed) people=3 capacity=30 is_open=False hour_summary=closed
[2026-06-18 05:00:03] RIMAC Fitness Gym: 0% (Closed) people=0 capacity=150 is_open=False hour_summary=Closed until 6:00am
[2026-06-18 05:00:03] Triton Esports Center: 0% (Closed) people=0 capacity=35 is_open=False hour_summary=closed
[2026-06-18 05:00:03] === SCRAPE END OK ===
[2026-06-18 05:15:02] === SCRAPE START ===
[2026-06-18 05:15:02] Fetching https://waitz.io/live/ucsd-rec
[2026-06-18 05:15:03] Saved 4 rows to ucsd_occupancy_history.csv
[2026-06-18 05:15:03] Main Gym Fitness Gym: 1% (Closed) people=1 capacity=72 is_open=False hour_summary=closed
[2026-06-18 05:15:03] Outback Climbing Center: 4% (Closed) people=1 capacity=30 is_open=False hour_summary=closed
[2026-06-18 05:15:03] RIMAC Fitness Gym: 1% (Closed) people=1 capacity=150 is_open=False hour_summary=Closed until 6:00am
[2026-06-18 05:15:03] Triton Esports Center: 0% (Closed) people=0 capacity=35 is_open=False hour_summary=closed
[2026-06-18 05:15:03] === SCRAPE END OK ===
[2026-06-18 05:30:02] === SCRAPE START ===
[2026-06-18 05:30:02] Fetching https://waitz.io/live/ucsd-rec
[2026-06-18 05:30:02] Saved 4 rows to ucsd_occupancy_history.csv
[2026-06-18 05:30:02] Main Gym Fitness Gym: 2% (Closed) people=1 capacity=72 is_open=False hour_summary=closed
[2026-06-18 05:30:02] Outback Climbing Center: 4% (Closed) people=1 capacity=30 is_open=False hour_summary=closed
[2026-06-18 05:30:02] RIMAC Fitness Gym: 1% (Closed) people=1 capacity=150 is_open=False hour_summary=Closed until 6:00am
[2026-06-18 05:30:02] Triton Esports Center: 0% (Closed) people=0 capacity=35 is_open=False hour_summary=closed
[2026-06-18 05:30:02] === SCRAPE END OK ===
[2026-06-18 05:45:02] === SCRAPE START ===
[2026-06-18 05:45:02] Fetching https://waitz.io/live/ucsd-rec
[2026-06-18 05:45:02] Saved 4 rows to ucsd_occupancy_history.csv
[2026-06-18 05:45:02] Main Gym Fitness Gym: 2% (Closed) people=1 capacity=72 is_open=False hour_summary=closed
[2026-06-18 05:45:02] Outback Climbing Center: 7% (Closed) people=2 capacity=30 is_open=False hour_summary=closed
[2026-06-18 05:45:02] RIMAC Fitness Gym: 3% (Closed) people=4 capacity=150 is_open=False hour_summary=Closed until 6:00am
[2026-06-18 05:45:02] Triton Esports Center: 0% (Closed) people=0 capacity=35 is_open=False hour_summary=closed
[2026-06-18 05:45:02] === SCRAPE END OK ===
[2026-06-18 06:00:02] === SCRAPE START ===
[2026-06-18 06:00:02] Fetching https://waitz.io/live/ucsd-rec
[2026-06-18 06:00:03] Saved 4 rows to ucsd_occupancy_history.csv
[2026-06-18 06:00:03] Main Gym Fitness Gym: 2% (Closed) people=1 capacity=72 is_open=False hour_summary=closed
[2026-06-18 06:00:03] Outback Climbing Center: 6% (Closed) people=2 capacity=30 is_open=False hour_summary=closed
[2026-06-18 06:00:03] RIMAC Fitness Gym: 3% (Closed) people=4 capacity=150 is_open=False hour_summary=Closed until 6:00am
[2026-06-18 06:00:03] Triton Esports Center: 0% (Closed) people=0 capacity=35 is_open=False hour_summary=closed
[2026-06-18 06:00:03] === SCRAPE END OK ===
[2026-06-18 06:15:02] === SCRAPE START ===
[2026-06-18 06:15:02] Fetching https://waitz.io/live/ucsd-rec
[2026-06-18 06:15:03] Saved 4 rows to ucsd_occupancy_history.csv
[2026-06-18 06:15:03] Main Gym Fitness Gym: 2% (Closed) people=1 capacity=72 is_open=False hour_summary=closed
[2026-06-18 06:15:03] Outback Climbing Center: 4% (Closed) people=1 capacity=30 is_open=False hour_summary=closed
[2026-06-18 06:15:03] RIMAC Fitness Gym: 3% (Not Busy) people=5 capacity=150 is_open=True hour_summary=open
[2026-06-18 06:15:03] Triton Esports Center: 0% (Closed) people=0 capacity=35 is_open=False hour_summary=closed
[2026-06-18 06:15:03] === SCRAPE END OK ===
[2026-06-18 06:30:02] === SCRAPE START ===
[2026-06-18 06:30:02] Fetching https://waitz.io/live/ucsd-rec
[2026-06-18 06:30:03] Saved 4 rows to ucsd_occupancy_history.csv
[2026-06-18 06:30:03] Main Gym Fitness Gym: 1% (Closed) people=1 capacity=72 is_open=False hour_summary=closed
[2026-06-18 06:30:03] Outback Climbing Center: 4% (Closed) people=1 capacity=30 is_open=False hour_summary=closed
[2026-06-18 06:30:03] RIMAC Fitness Gym: 4% (Not Busy) people=6 capacity=150 is_open=True hour_summary=open
[2026-06-18 06:30:03] Triton Esports Center: 0% (Closed) people=0 capacity=35 is_open=False hour_summary=closed
[2026-06-18 06:30:03] === SCRAPE END OK ===
[2026-06-18 06:45:02] === SCRAPE START ===
[2026-06-18 06:45:02] Fetching https://waitz.io/live/ucsd-rec
[2026-06-18 06:45:02] Saved 4 rows to ucsd_occupancy_history.csv
[2026-06-18 06:45:02] Main Gym Fitness Gym: 2% (Closed) people=1 capacity=72 is_open=False hour_summary=closed
[2026-06-18 06:45:02] Outback Climbing Center: 7% (Closed) people=2 capacity=30 is_open=False hour_summary=closed
[2026-06-18 06:45:02] RIMAC Fitness Gym: 8% (Not Busy) people=12 capacity=150 is_open=True hour_summary=open
[2026-06-18 06:45:02] Triton Esports Center: 0% (Closed) people=0 capacity=35 is_open=False hour_summary=closed
[2026-06-18 06:45:02] === SCRAPE END OK ===
[2026-06-18 07:00:02] === SCRAPE START ===
[2026-06-18 07:00:02] Fetching https://waitz.io/live/ucsd-rec
[2026-06-18 07:00:03] Saved 4 rows to ucsd_occupancy_history.csv
[2026-06-18 07:00:03] Main Gym Fitness Gym: 1% (Closed) people=1 capacity=72 is_open=False hour_summary=closed
[2026-06-18 07:00:03] Outback Climbing Center: 4% (Closed) people=1 capacity=30 is_open=False hour_summary=closed
[2026-06-18 07:00:03] RIMAC Fitness Gym: 3% (Not Busy) people=5 capacity=150 is_open=True hour_summary=open
[2026-06-18 07:00:03] Triton Esports Center: 0% (Closed) people=0 capacity=35 is_open=False hour_summary=closed
[2026-06-18 07:00:03] === SCRAPE END OK ===
[2026-06-18 07:15:02] === SCRAPE START ===
[2026-06-18 07:15:02] Fetching https://waitz.io/live/ucsd-rec
[2026-06-18 07:15:02] Saved 4 rows to ucsd_occupancy_history.csv
[2026-06-18 07:15:02] Main Gym Fitness Gym: 5% (Closed) people=3 capacity=72 is_open=False hour_summary=closed
[2026-06-18 07:15:02] Outback Climbing Center: 4% (Closed) people=1 capacity=30 is_open=False hour_summary=closed
[2026-06-18 07:15:02] RIMAC Fitness Gym: 8% (Not Busy) people=13 capacity=150 is_open=True hour_summary=open
[2026-06-18 07:15:02] Triton Esports Center: 0% (Closed) people=0 capacity=35 is_open=False hour_summary=closed
[2026-06-18 07:15:02] === SCRAPE END OK ===
[2026-06-18 07:30:02] === SCRAPE START ===
[2026-06-18 07:30:02] Fetching https://waitz.io/live/ucsd-rec
[2026-06-18 07:30:05] Saved 4 rows to ucsd_occupancy_history.csv
[2026-06-18 07:30:05] Main Gym Fitness Gym: 2% (Closed) people=2 capacity=72 is_open=False hour_summary=closed
[2026-06-18 07:30:05] Outback Climbing Center: 5% (Closed) people=2 capacity=30 is_open=False hour_summary=closed
[2026-06-18 07:30:05] RIMAC Fitness Gym: 8% (Not Busy) people=13 capacity=150 is_open=True hour_summary=open
[2026-06-18 07:30:05] Triton Esports Center: 0% (Closed) people=0 capacity=35 is_open=False hour_summary=closed
[2026-06-18 07:30:05] === SCRAPE END OK ===
[2026-06-18 07:45:02] === SCRAPE START ===
[2026-06-18 07:45:02] Fetching https://waitz.io/live/ucsd-rec
[2026-06-18 07:45:30] HTTP ERROR: HTTPSConnectionPool(host='waitz.io', port=443): Read timed out. (read timeout=20)
[2026-06-18 08:00:02] === SCRAPE START ===
[2026-06-18 08:00:02] Fetching https://waitz.io/live/ucsd-rec
[2026-06-18 08:00:09] Saved 4 rows to ucsd_occupancy_history.csv
[2026-06-18 08:00:09] Main Gym Fitness Gym: 11% (Closed) people=8 capacity=72 is_open=False hour_summary=closed
[2026-06-18 08:00:09] Outback Climbing Center: 4% (Closed) people=1 capacity=30 is_open=False hour_summary=closed
[2026-06-18 08:00:09] RIMAC Fitness Gym: 6% (Not Busy) people=10 capacity=150 is_open=True hour_summary=open
[2026-06-18 08:00:09] Triton Esports Center: 0% (Closed) people=0 capacity=35 is_open=False hour_summary=closed
[2026-06-18 08:00:09] === SCRAPE END OK ===
[2026-06-18 08:15:02] === SCRAPE START ===
[2026-06-18 08:15:02] Fetching https://waitz.io/live/ucsd-rec
[2026-06-18 08:15:05] Saved 4 rows to ucsd_occupancy_history.csv
[2026-06-18 08:15:05] Main Gym Fitness Gym: 10% (Closed) people=7 capacity=72 is_open=False hour_summary=closed
[2026-06-18 08:15:05] Outback Climbing Center: 5% (Closed) people=2 capacity=30 is_open=False hour_summary=closed
[2026-06-18 08:15:05] RIMAC Fitness Gym: 2% (Not Busy) people=3 capacity=150 is_open=True hour_summary=open
[2026-06-18 08:15:05] Triton Esports Center: 0% (Closed) people=0 capacity=35 is_open=False hour_summary=closed
[2026-06-18 08:15:05] === SCRAPE END OK ===
[2026-06-18 08:30:02] === SCRAPE START ===
[2026-06-18 08:30:02] Fetching https://waitz.io/live/ucsd-rec
[2026-06-18 08:30:18] Saved 4 rows to ucsd_occupancy_history.csv
[2026-06-18 08:30:18] Main Gym Fitness Gym: 14% (Closed) people=10 capacity=72 is_open=False hour_summary=closed
[2026-06-18 08:30:18] Outback Climbing Center: 5% (Closed) people=1 capacity=30 is_open=False hour_summary=closed
[2026-06-18 08:30:18] RIMAC Fitness Gym: 9% (Not Busy) people=13 capacity=150 is_open=True hour_summary=open
[2026-06-18 08:30:18] Triton Esports Center: 0% (Closed) people=0 capacity=35 is_open=False hour_summary=closed
[2026-06-18 08:30:18] === SCRAPE END OK ===
[2026-06-18 08:45:02] === SCRAPE START ===
[2026-06-18 08:45:02] Fetching https://waitz.io/live/ucsd-rec
[2026-06-18 08:45:05] Saved 4 rows to ucsd_occupancy_history.csv
[2026-06-18 08:45:05] Main Gym Fitness Gym: 14% (Closed) people=10 capacity=72 is_open=False hour_summary=closed
[2026-06-18 08:45:05] Outback Climbing Center: 4% (Closed) people=1 capacity=30 is_open=False hour_summary=closed
[2026-06-18 08:45:05] RIMAC Fitness Gym: 9% (Not Busy) people=13 capacity=150 is_open=True hour_summary=open
[2026-06-18 08:45:05] Triton Esports Center: 0% (Closed) people=0 capacity=35 is_open=False hour_summary=closed
[2026-06-18 08:45:05] === SCRAPE END OK ===
[2026-06-18 09:00:02] === SCRAPE START ===
[2026-06-18 09:00:02] Fetching https://waitz.io/live/ucsd-rec
[2026-06-18 09:00:11] Saved 4 rows to ucsd_occupancy_history.csv
[2026-06-18 09:00:11] Main Gym Fitness Gym: 15% (Closed) people=11 capacity=72 is_open=False hour_summary=closed
[2026-06-18 09:00:11] Outback Climbing Center: 8% (Closed) people=2 capacity=30 is_open=False hour_summary=closed
[2026-06-18 09:00:11] RIMAC Fitness Gym: 9% (Not Busy) people=13 capacity=150 is_open=True hour_summary=open
[2026-06-18 09:00:11] Triton Esports Center: 0% (Closed) people=0 capacity=35 is_open=False hour_summary=closed
[2026-06-18 09:00:11] === SCRAPE END OK ===
[2026-06-18 09:15:02] === SCRAPE START ===
[2026-06-18 09:15:02] Fetching https://waitz.io/live/ucsd-rec
[2026-06-18 09:15:11] Saved 4 rows to ucsd_occupancy_history.csv
[2026-06-18 09:15:11] Main Gym Fitness Gym: 26% (Closed) people=19 capacity=72 is_open=False hour_summary=closed
[2026-06-18 09:15:11] Outback Climbing Center: 49% (Closed) people=15 capacity=30 is_open=False hour_summary=closed
[2026-06-18 09:15:11] RIMAC Fitness Gym: 9% (Not Busy) people=13 capacity=150 is_open=True hour_summary=open
[2026-06-18 09:15:11] Triton Esports Center: 0% (Closed) people=0 capacity=35 is_open=False hour_summary=closed
[2026-06-18 09:15:11] === SCRAPE END OK ===
[2026-06-18 09:30:02] === SCRAPE START ===
[2026-06-18 09:30:02] Fetching https://waitz.io/live/ucsd-rec
[2026-06-18 09:30:07] Saved 4 rows to ucsd_occupancy_history.csv
[2026-06-18 09:30:07] Main Gym Fitness Gym: 27% (Closed) people=19 capacity=72 is_open=False hour_summary=closed
[2026-06-18 09:30:07] Outback Climbing Center: 99% (Closed) people=31 capacity=30 is_open=False hour_summary=closed
[2026-06-18 09:30:07] RIMAC Fitness Gym: 8% (Not Busy) people=12 capacity=150 is_open=True hour_summary=open
[2026-06-18 09:30:07] Triton Esports Center: 0% (Closed) people=0 capacity=35 is_open=False hour_summary=closed
[2026-06-18 09:30:07] === SCRAPE END OK ===
[2026-06-18 09:45:02] === SCRAPE START ===
[2026-06-18 09:45:02] Fetching https://waitz.io/live/ucsd-rec
[2026-06-18 09:45:11] Saved 4 rows to ucsd_occupancy_history.csv
[2026-06-18 09:45:11] Main Gym Fitness Gym: 26% (Closed) people=19 capacity=72 is_open=False hour_summary=closed
[2026-06-18 09:45:11] Outback Climbing Center: 83% (Closed) people=25 capacity=30 is_open=False hour_summary=closed
[2026-06-18 09:45:11] RIMAC Fitness Gym: 10% (Not Busy) people=15 capacity=150 is_open=True hour_summary=open
[2026-06-18 09:45:11] Triton Esports Center: 0% (Closed) people=0 capacity=35 is_open=False hour_summary=closed
[2026-06-18 09:45:11] === SCRAPE END OK ===
[2026-06-18 10:00:02] === SCRAPE START ===
[2026-06-18 10:00:02] Fetching https://waitz.io/live/ucsd-rec
[2026-06-18 10:00:29] HTTP ERROR: HTTPSConnectionPool(host='waitz.io', port=443): Read timed out. (read timeout=20)
[2026-06-18 10:15:02] === SCRAPE START ===
[2026-06-18 10:15:02] Fetching https://waitz.io/live/ucsd-rec
[2026-06-18 10:15:07] Saved 4 rows to ucsd_occupancy_history.csv
[2026-06-18 10:15:07] Main Gym Fitness Gym: 21% (Closed) people=15 capacity=72 is_open=False hour_summary=closed
[2026-06-18 10:15:07] Outback Climbing Center: 92% (Closed) people=28 capacity=30 is_open=False hour_summary=closed
[2026-06-18 10:15:07] RIMAC Fitness Gym: 15% (Not Busy) people=22 capacity=150 is_open=True hour_summary=open
[2026-06-18 10:15:07] Triton Esports Center: 0% (Closed) people=0 capacity=35 is_open=False hour_summary=closed
[2026-06-18 10:15:07] === SCRAPE END OK ===
[2026-06-18 10:30:02] === SCRAPE START ===
[2026-06-18 10:30:02] Fetching https://waitz.io/live/ucsd-rec
[2026-06-18 10:30:15] Saved 4 rows to ucsd_occupancy_history.csv
[2026-06-18 10:30:15] Main Gym Fitness Gym: 25% (Closed) people=18 capacity=72 is_open=False hour_summary=closed
[2026-06-18 10:30:15] Outback Climbing Center: 56% (Closed) people=17 capacity=30 is_open=False hour_summary=closed
[2026-06-18 10:30:15] RIMAC Fitness Gym: 11% (Not Busy) people=16 capacity=150 is_open=True hour_summary=open
[2026-06-18 10:30:15] Triton Esports Center: 0% (Closed) people=0 capacity=35 is_open=False hour_summary=closed
[2026-06-18 10:30:15] === SCRAPE END OK ===
[2026-06-18 10:45:02] === SCRAPE START ===
[2026-06-18 10:45:02] Fetching https://waitz.io/live/ucsd-rec
[2026-06-18 10:45:12] Saved 4 rows to ucsd_occupancy_history.csv
[2026-06-18 10:45:12] Main Gym Fitness Gym: 25% (Closed) people=18 capacity=72 is_open=False hour_summary=closed
[2026-06-18 10:45:12] Outback Climbing Center: 99% (Closed) people=35 capacity=30 is_open=False hour_summary=closed
[2026-06-18 10:45:12] RIMAC Fitness Gym: 11% (Not Busy) people=17 capacity=150 is_open=True hour_summary=open
[2026-06-18 10:45:12] Triton Esports Center: 0% (Closed) people=0 capacity=35 is_open=False hour_summary=closed
[2026-06-18 10:45:12] === SCRAPE END OK ===
[2026-06-18 11:00:02] === SCRAPE START ===
[2026-06-18 11:00:02] Fetching https://waitz.io/live/ucsd-rec
[2026-06-18 11:00:14] Saved 4 rows to ucsd_occupancy_history.csv
[2026-06-18 11:00:14] Main Gym Fitness Gym: 23% (Closed) people=17 capacity=72 is_open=False hour_summary=closed
[2026-06-18 11:00:14] Outback Climbing Center: 83% (Closed) people=25 capacity=30 is_open=False hour_summary=closed
[2026-06-18 11:00:14] RIMAC Fitness Gym: 13% (Not Busy) people=20 capacity=150 is_open=True hour_summary=open
[2026-06-18 11:00:14] Triton Esports Center: 0% (Closed) people=0 capacity=35 is_open=False hour_summary=closed
[2026-06-18 11:00:14] === SCRAPE END OK ===
[2026-06-18 11:15:02] === SCRAPE START ===
[2026-06-18 11:15:02] Fetching https://waitz.io/live/ucsd-rec
[2026-06-18 11:15:03] Saved 4 rows to ucsd_occupancy_history.csv
[2026-06-18 11:15:03] Main Gym Fitness Gym: 30% (Closed) people=22 capacity=72 is_open=False hour_summary=closed
[2026-06-18 11:15:03] Outback Climbing Center: 95% (Closed) people=29 capacity=30 is_open=False hour_summary=closed
[2026-06-18 11:15:03] RIMAC Fitness Gym: 10% (Not Busy) people=15 capacity=150 is_open=True hour_summary=open
[2026-06-18 11:15:03] Triton Esports Center: 0% (Closed) people=0 capacity=35 is_open=False hour_summary=closed
[2026-06-18 11:15:03] === SCRAPE END OK ===
[2026-06-18 11:30:02] === SCRAPE START ===
[2026-06-18 11:30:02] Fetching https://waitz.io/live/ucsd-rec
[2026-06-18 11:30:03] SCRAPER ERROR: 'int' object has no attribute 'get'
[2026-06-18 11:45:02] === SCRAPE START ===
[2026-06-18 11:45:02] Fetching https://waitz.io/live/ucsd-rec
[2026-06-18 11:45:02] Saved 4 rows to ucsd_occupancy_history.csv
[2026-06-18 11:45:02] Main Gym Fitness Gym: 34% (Closed) people=25 capacity=72 is_open=False hour_summary=closed
[2026-06-18 11:45:02] Outback Climbing Center: 82% (Closed) people=25 capacity=30 is_open=False hour_summary=closed
[2026-06-18 11:45:02] RIMAC Fitness Gym: 15% (Not Busy) people=23 capacity=150 is_open=True hour_summary=open
[2026-06-18 11:45:02] Triton Esports Center: 0% (Closed) people=0 capacity=35 is_open=False hour_summary=closed
[2026-06-18 11:45:02] === SCRAPE END OK ===
[2026-06-18 12:00:02] === SCRAPE START ===
[2026-06-18 12:00:02] Fetching https://waitz.io/live/ucsd-rec
[2026-06-18 12:00:03] Saved 4 rows to ucsd_occupancy_history.csv
[2026-06-18 12:00:03] Main Gym Fitness Gym: 30% (Closed) people=22 capacity=72 is_open=False hour_summary=closed
[2026-06-18 12:00:03] Outback Climbing Center: 0% (Closed) people=0 capacity=30 is_open=False hour_summary=closed
[2026-06-18 12:00:03] RIMAC Fitness Gym: 10% (Not Busy) people=15 capacity=150 is_open=True hour_summary=open
[2026-06-18 12:00:03] Triton Esports Center: 0% (Closed) people=0 capacity=35 is_open=False hour_summary=closed
[2026-06-18 12:00:03] === SCRAPE END OK ===
[2026-06-18 12:15:02] === SCRAPE START ===
[2026-06-18 12:15:02] Fetching https://waitz.io/live/ucsd-rec
[2026-06-18 12:15:03] Saved 4 rows to ucsd_occupancy_history.csv
[2026-06-18 12:15:03] Main Gym Fitness Gym: 16% (Closed) people=12 capacity=72 is_open=False hour_summary=closed
[2026-06-18 12:15:03] Outback Climbing Center: 0% (Closed) people=0 capacity=30 is_open=False hour_summary=closed
[2026-06-18 12:15:03] RIMAC Fitness Gym: 11% (Not Busy) people=17 capacity=150 is_open=True hour_summary=open
[2026-06-18 12:15:03] Triton Esports Center: 0% (Closed) people=0 capacity=35 is_open=False hour_summary=closed
[2026-06-18 12:15:03] === SCRAPE END OK ===
[2026-06-18 12:30:02] === SCRAPE START ===
[2026-06-18 12:30:02] Fetching https://waitz.io/live/ucsd-rec
[2026-06-18 12:30:03] Saved 4 rows to ucsd_occupancy_history.csv
[2026-06-18 12:30:03] Main Gym Fitness Gym: 13% (Closed) people=9 capacity=72 is_open=False hour_summary=closed
[2026-06-18 12:30:03] Outback Climbing Center: 0% (Closed) people=0 capacity=30 is_open=False hour_summary=closed
[2026-06-18 12:30:03] RIMAC Fitness Gym: 11% (Not Busy) people=16 capacity=150 is_open=True hour_summary=open
[2026-06-18 12:30:03] Triton Esports Center: 0% (Closed) people=0 capacity=35 is_open=False hour_summary=closed
[2026-06-18 12:30:03] === SCRAPE END OK ===
[2026-06-18 12:45:02] === SCRAPE START ===
[2026-06-18 12:45:02] Fetching https://waitz.io/live/ucsd-rec
[2026-06-18 12:45:02] Saved 4 rows to ucsd_occupancy_history.csv
[2026-06-18 12:45:02] Main Gym Fitness Gym: 15% (Closed) people=10 capacity=72 is_open=False hour_summary=closed
[2026-06-18 12:45:02] Outback Climbing Center: 0% (Closed) people=0 capacity=30 is_open=False hour_summary=closed
[2026-06-18 12:45:02] RIMAC Fitness Gym: 11% (Not Busy) people=17 capacity=150 is_open=True hour_summary=open
[2026-06-18 12:45:02] Triton Esports Center: 0% (Closed) people=0 capacity=35 is_open=False hour_summary=closed
[2026-06-18 12:45:02] === SCRAPE END OK ===
[2026-06-18 13:00:02] === SCRAPE START ===
[2026-06-18 13:00:02] Fetching https://waitz.io/live/ucsd-rec
[2026-06-18 13:00:03] Saved 4 rows to ucsd_occupancy_history.csv
[2026-06-18 13:00:03] Main Gym Fitness Gym: 12% (Closed) people=9 capacity=72 is_open=False hour_summary=closed
[2026-06-18 13:00:03] Outback Climbing Center: 0% (Closed) people=0 capacity=30 is_open=False hour_summary=closed
[2026-06-18 13:00:03] RIMAC Fitness Gym: 17% (Not Busy) people=25 capacity=150 is_open=True hour_summary=open
[2026-06-18 13:00:03] Triton Esports Center: 0% (Closed) people=0 capacity=35 is_open=False hour_summary=closed
[2026-06-18 13:00:03] === SCRAPE END OK ===
[2026-06-18 13:15:02] === SCRAPE START ===
[2026-06-18 13:15:02] Fetching https://waitz.io/live/ucsd-rec
[2026-06-18 13:15:03] Saved 4 rows to ucsd_occupancy_history.csv
[2026-06-18 13:15:03] Main Gym Fitness Gym: 12% (Closed) people=9 capacity=72 is_open=False hour_summary=closed
[2026-06-18 13:15:03] Outback Climbing Center: 0% (Closed) people=0 capacity=30 is_open=False hour_summary=closed
[2026-06-18 13:15:03] RIMAC Fitness Gym: 13% (Not Busy) people=20 capacity=150 is_open=True hour_summary=open
[2026-06-18 13:15:03] Triton Esports Center: 0% (Closed) people=0 capacity=35 is_open=False hour_summary=closed
[2026-06-18 13:15:03] === SCRAPE END OK ===
[2026-06-18 13:30:02] === SCRAPE START ===
[2026-06-18 13:30:02] Fetching https://waitz.io/live/ucsd-rec
[2026-06-18 13:30:03] Saved 4 rows to ucsd_occupancy_history.csv
[2026-06-18 13:30:03] Main Gym Fitness Gym: 13% (Closed) people=9 capacity=72 is_open=False hour_summary=closed
[2026-06-18 13:30:03] Outback Climbing Center: 0% (Closed) people=0 capacity=30 is_open=False hour_summary=closed
[2026-06-18 13:30:03] RIMAC Fitness Gym: 14% (Not Busy) people=21 capacity=150 is_open=True hour_summary=open
[2026-06-18 13:30:03] Triton Esports Center: 0% (Closed) people=0 capacity=35 is_open=False hour_summary=closed
[2026-06-18 13:30:03] === SCRAPE END OK ===
[2026-06-18 13:45:02] === SCRAPE START ===
[2026-06-18 13:45:02] Fetching https://waitz.io/live/ucsd-rec
[2026-06-18 13:45:03] Saved 4 rows to ucsd_occupancy_history.csv
[2026-06-18 13:45:03] Main Gym Fitness Gym: 12% (Closed) people=9 capacity=72 is_open=False hour_summary=closed
[2026-06-18 13:45:03] Outback Climbing Center: 0% (Closed) people=0 capacity=30 is_open=False hour_summary=closed
[2026-06-18 13:45:03] RIMAC Fitness Gym: 12% (Not Busy) people=18 capacity=150 is_open=True hour_summary=open
[2026-06-18 13:45:03] Triton Esports Center: 0% (Closed) people=0 capacity=35 is_open=False hour_summary=closed
[2026-06-18 13:45:03] === SCRAPE END OK ===
[2026-06-18 14:00:02] === SCRAPE START ===
[2026-06-18 14:00:02] Fetching https://waitz.io/live/ucsd-rec
[2026-06-18 14:00:03] Saved 4 rows to ucsd_occupancy_history.csv
[2026-06-18 14:00:03] Main Gym Fitness Gym: 13% (Closed) people=10 capacity=72 is_open=False hour_summary=closed
[2026-06-18 14:00:03] Outback Climbing Center: 0% (Closed) people=0 capacity=30 is_open=False hour_summary=closed
[2026-06-18 14:00:03] RIMAC Fitness Gym: 14% (Not Busy) people=22 capacity=150 is_open=True hour_summary=open
[2026-06-18 14:00:03] Triton Esports Center: 0% (Closed) people=0 capacity=35 is_open=False hour_summary=closed
[2026-06-18 14:00:03] === SCRAPE END OK ===
[2026-06-18 14:15:02] === SCRAPE START ===
[2026-06-18 14:15:02] Fetching https://waitz.io/live/ucsd-rec
[2026-06-18 14:15:03] Saved 4 rows to ucsd_occupancy_history.csv
[2026-06-18 14:15:03] Main Gym Fitness Gym: 12% (Closed) people=9 capacity=72 is_open=False hour_summary=closed
[2026-06-18 14:15:03] Outback Climbing Center: 0% (Closed) people=0 capacity=30 is_open=False hour_summary=closed
[2026-06-18 14:15:03] RIMAC Fitness Gym: 14% (Not Busy) people=21 capacity=150 is_open=True hour_summary=open
[2026-06-18 14:15:03] Triton Esports Center: 0% (Closed) people=0 capacity=35 is_open=False hour_summary=closed
[2026-06-18 14:15:03] === SCRAPE END OK ===
[2026-06-18 14:30:03] === SCRAPE START ===
[2026-06-18 14:30:03] Fetching https://waitz.io/live/ucsd-rec
[2026-06-18 14:30:04] Saved 4 rows to ucsd_occupancy_history.csv
[2026-06-18 14:30:04] Main Gym Fitness Gym: 17% (Closed) people=12 capacity=72 is_open=False hour_summary=closed
[2026-06-18 14:30:04] Outback Climbing Center: 0% (Closed) people=0 capacity=30 is_open=False hour_summary=closed
[2026-06-18 14:30:04] RIMAC Fitness Gym: 14% (Not Busy) people=22 capacity=150 is_open=True hour_summary=open
[2026-06-18 14:30:04] Triton Esports Center: 0% (Closed) people=0 capacity=35 is_open=False hour_summary=closed
[2026-06-18 14:30:04] === SCRAPE END OK ===
[2026-06-18 14:45:02] === SCRAPE START ===
[2026-06-18 14:45:02] Fetching https://waitz.io/live/ucsd-rec
[2026-06-18 14:45:03] Saved 4 rows to ucsd_occupancy_history.csv
[2026-06-18 14:45:03] Main Gym Fitness Gym: 15% (Closed) people=11 capacity=72 is_open=False hour_summary=closed
[2026-06-18 14:45:03] Outback Climbing Center: 0% (Closed) people=0 capacity=30 is_open=False hour_summary=closed
[2026-06-18 14:45:03] RIMAC Fitness Gym: 15% (Not Busy) people=23 capacity=150 is_open=True hour_summary=open
[2026-06-18 14:45:03] Triton Esports Center: 0% (Closed) people=0 capacity=35 is_open=False hour_summary=closed
[2026-06-18 14:45:03] === SCRAPE END OK ===
[2026-06-18 15:00:02] === SCRAPE START ===
[2026-06-18 15:00:02] Fetching https://waitz.io/live/ucsd-rec
[2026-06-18 15:00:03] Saved 4 rows to ucsd_occupancy_history.csv
[2026-06-18 15:00:03] Main Gym Fitness Gym: 8% (Closed) people=6 capacity=72 is_open=False hour_summary=closed
[2026-06-18 15:00:03] Outback Climbing Center: 0% (Closed) people=0 capacity=30 is_open=False hour_summary=closed
[2026-06-18 15:00:03] RIMAC Fitness Gym: 10% (Not Busy) people=15 capacity=150 is_open=True hour_summary=open
[2026-06-18 15:00:03] Triton Esports Center: 0% (Closed) people=0 capacity=35 is_open=False hour_summary=closed
[2026-06-18 15:00:03] === SCRAPE END OK ===
[2026-06-18 15:15:02] === SCRAPE START ===
[2026-06-18 15:15:02] Fetching https://waitz.io/live/ucsd-rec
[2026-06-18 15:15:27] HTTP ERROR: HTTPSConnectionPool(host='waitz.io', port=443): Read timed out. (read timeout=20)
[2026-06-18 15:30:02] === SCRAPE START ===
[2026-06-18 15:30:02] Fetching https://waitz.io/live/ucsd-rec
[2026-06-18 15:30:08] Saved 4 rows to ucsd_occupancy_history.csv
[2026-06-18 15:30:08] Main Gym Fitness Gym: 2% (Closed) people=2 capacity=72 is_open=False hour_summary=closed
[2026-06-18 15:30:08] Outback Climbing Center: 0% (Closed) people=0 capacity=30 is_open=False hour_summary=closed
[2026-06-18 15:30:08] RIMAC Fitness Gym: 14% (Not Busy) people=21 capacity=150 is_open=True hour_summary=open
[2026-06-18 15:30:08] Triton Esports Center: 0% (Closed) people=0 capacity=35 is_open=False hour_summary=closed
[2026-06-18 15:30:08] === SCRAPE END OK ===
[2026-06-18 15:45:02] === SCRAPE START ===
[2026-06-18 15:45:02] Fetching https://waitz.io/live/ucsd-rec
[2026-06-18 15:45:29] Saved 4 rows to ucsd_occupancy_history.csv
[2026-06-18 15:45:29] Main Gym Fitness Gym: 5% (Closed) people=4 capacity=72 is_open=False hour_summary=closed
[2026-06-18 15:45:29] Outback Climbing Center: 0% (Closed) people=0 capacity=30 is_open=False hour_summary=closed
[2026-06-18 15:45:29] RIMAC Fitness Gym: 12% (Not Busy) people=17 capacity=150 is_open=True hour_summary=open
[2026-06-18 15:45:29] Triton Esports Center: 0% (Closed) people=0 capacity=35 is_open=False hour_summary=closed
[2026-06-18 15:45:29] === SCRAPE END OK ===
[2026-06-18 16:00:02] === SCRAPE START ===
[2026-06-18 16:00:02] Fetching https://waitz.io/live/ucsd-rec
[2026-06-18 16:00:32] HTTP ERROR: HTTPSConnectionPool(host='waitz.io', port=443): Read timed out. (read timeout=20)
[2026-06-18 16:15:02] === SCRAPE START ===
[2026-06-18 16:15:02] Fetching https://waitz.io/live/ucsd-rec
[2026-06-18 16:15:07] Saved 4 rows to ucsd_occupancy_history.csv
[2026-06-18 16:15:07] Main Gym Fitness Gym: 6% (Closed) people=4 capacity=72 is_open=False hour_summary=closed
[2026-06-18 16:15:07] Outback Climbing Center: 0% (Closed) people=0 capacity=30 is_open=False hour_summary=closed
[2026-06-18 16:15:07] RIMAC Fitness Gym: 13% (Not Busy) people=20 capacity=150 is_open=True hour_summary=open
[2026-06-18 16:15:07] Triton Esports Center: 0% (Closed) people=0 capacity=35 is_open=False hour_summary=closed
[2026-06-18 16:15:07] === SCRAPE END OK ===
[2026-06-18 16:30:02] === SCRAPE START ===
[2026-06-18 16:30:02] Fetching https://waitz.io/live/ucsd-rec
[2026-06-18 16:30:13] HTTP ERROR: HTTPSConnectionPool(host='waitz.io', port=443): Max retries exceeded with url: /live/ucsd-rec (Caused by NameResolutionError("HTTPSConnection(host='waitz.io', port=443): Failed to resolve 'waitz.io' ([Errno 11001] getaddrinfo failed)"))
[2026-06-18 16:45:02] === SCRAPE START ===
[2026-06-18 16:45:02] Fetching https://waitz.io/live/ucsd-rec
[2026-06-18 16:45:40] HTTP ERROR: HTTPSConnectionPool(host='waitz.io', port=443): Read timed out. (read timeout=20)
[2026-06-18 17:00:02] === SCRAPE START ===
[2026-06-18 17:00:02] Fetching https://waitz.io/live/ucsd-rec
[2026-06-18 17:00:07] Saved 4 rows to ucsd_occupancy_history.csv
[2026-06-18 17:00:07] Main Gym Fitness Gym: 24% (Closed) people=17 capacity=72 is_open=False hour_summary=closed
[2026-06-18 17:00:07] Outback Climbing Center: 0% (Closed) people=0 capacity=30 is_open=False hour_summary=closed
[2026-06-18 17:00:07] RIMAC Fitness Gym: 21% (Not Busy) people=31 capacity=150 is_open=True hour_summary=open
[2026-06-18 17:00:07] Triton Esports Center: 0% (Closed) people=0 capacity=35 is_open=False hour_summary=closed
[2026-06-18 17:00:07] === SCRAPE END OK ===
[2026-06-18 17:15:02] === SCRAPE START ===
[2026-06-18 17:15:02] Fetching https://waitz.io/live/ucsd-rec
[2026-06-18 17:15:03] Saved 4 rows to ucsd_occupancy_history.csv
[2026-06-18 17:15:03] Main Gym Fitness Gym: 21% (Closed) people=15 capacity=72 is_open=False hour_summary=closed
[2026-06-18 17:15:03] Outback Climbing Center: 0% (Closed) people=0 capacity=30 is_open=False hour_summary=closed
[2026-06-18 17:15:03] RIMAC Fitness Gym: 26% (Not Busy) people=39 capacity=150 is_open=True hour_summary=open
[2026-06-18 17:15:03] Triton Esports Center: 0% (Closed) people=0 capacity=35 is_open=False hour_summary=closed
[2026-06-18 17:15:03] === SCRAPE END OK ===
[2026-06-18 17:30:02] === SCRAPE START ===
[2026-06-18 17:30:02] Fetching https://waitz.io/live/ucsd-rec
[2026-06-18 17:30:03] Saved 4 rows to ucsd_occupancy_history.csv
[2026-06-18 17:30:03] Main Gym Fitness Gym: 17% (Closed) people=13 capacity=72 is_open=False hour_summary=closed
[2026-06-18 17:30:03] Outback Climbing Center: 0% (Closed) people=0 capacity=30 is_open=False hour_summary=closed
[2026-06-18 17:30:03] RIMAC Fitness Gym: 26% (Not Busy) people=40 capacity=150 is_open=True hour_summary=open
[2026-06-18 17:30:03] Triton Esports Center: 0% (Closed) people=0 capacity=35 is_open=False hour_summary=closed
[2026-06-18 17:30:03] === SCRAPE END OK ===
[2026-06-18 17:45:02] === SCRAPE START ===
[2026-06-18 17:45:02] Fetching https://waitz.io/live/ucsd-rec
[2026-06-18 17:45:03] Saved 4 rows to ucsd_occupancy_history.csv
[2026-06-18 17:45:03] Main Gym Fitness Gym: 15% (Closed) people=11 capacity=72 is_open=False hour_summary=closed
[2026-06-18 17:45:03] Outback Climbing Center: 0% (Closed) people=0 capacity=30 is_open=False hour_summary=closed
[2026-06-18 17:45:03] RIMAC Fitness Gym: 25% (Not Busy) people=38 capacity=150 is_open=True hour_summary=open
[2026-06-18 17:45:03] Triton Esports Center: 0% (Closed) people=0 capacity=35 is_open=False hour_summary=closed
[2026-06-18 17:45:03] === SCRAPE END OK ===
[2026-06-18 18:00:02] === SCRAPE START ===
[2026-06-18 18:00:02] Fetching https://waitz.io/live/ucsd-rec
[2026-06-18 18:00:03] Saved 4 rows to ucsd_occupancy_history.csv
[2026-06-18 18:00:03] Main Gym Fitness Gym: 13% (Closed) people=9 capacity=72 is_open=False hour_summary=closed
[2026-06-18 18:00:03] Outback Climbing Center: 0% (Closed) people=0 capacity=30 is_open=False hour_summary=closed
[2026-06-18 18:00:03] RIMAC Fitness Gym: 20% (Not Busy) people=30 capacity=150 is_open=True hour_summary=open
[2026-06-18 18:00:03] Triton Esports Center: 0% (Closed) people=0 capacity=35 is_open=False hour_summary=closed
[2026-06-18 18:00:03] === SCRAPE END OK ===
[2026-06-18 18:15:02] === SCRAPE START ===
[2026-06-18 18:15:02] Fetching https://waitz.io/live/ucsd-rec
[2026-06-18 18:15:03] Saved 4 rows to ucsd_occupancy_history.csv
[2026-06-18 18:15:03] Main Gym Fitness Gym: 12% (Closed) people=9 capacity=72 is_open=False hour_summary=closed
[2026-06-18 18:15:03] Outback Climbing Center: 0% (Closed) people=0 capacity=30 is_open=False hour_summary=closed
[2026-06-18 18:15:03] RIMAC Fitness Gym: 20% (Not Busy) people=30 capacity=150 is_open=True hour_summary=open
[2026-06-18 18:15:03] Triton Esports Center: 0% (Closed) people=0 capacity=35 is_open=False hour_summary=closed
[2026-06-18 18:15:03] === SCRAPE END OK ===
[2026-06-18 18:30:02] === SCRAPE START ===
[2026-06-18 18:30:02] Fetching https://waitz.io/live/ucsd-rec
[2026-06-18 18:30:03] Saved 4 rows to ucsd_occupancy_history.csv
[2026-06-18 18:30:03] Main Gym Fitness Gym: 18% (Closed) people=13 capacity=72 is_open=False hour_summary=closed
[2026-06-18 18:30:03] Outback Climbing Center: 0% (Closed) people=0 capacity=30 is_open=False hour_summary=closed
[2026-06-18 18:30:03] RIMAC Fitness Gym: 21% (Not Busy) people=31 capacity=150 is_open=True hour_summary=open
[2026-06-18 18:30:03] Triton Esports Center: 0% (Closed) people=0 capacity=35 is_open=False hour_summary=closed
[2026-06-18 18:30:03] === SCRAPE END OK ===
[2026-06-18 18:45:02] === SCRAPE START ===
[2026-06-18 18:45:02] Fetching https://waitz.io/live/ucsd-rec
[2026-06-18 18:45:03] Saved 4 rows to ucsd_occupancy_history.csv
[2026-06-18 18:45:03] Main Gym Fitness Gym: 8% (Closed) people=6 capacity=72 is_open=False hour_summary=closed
[2026-06-18 18:45:03] Outback Climbing Center: 0% (Closed) people=0 capacity=30 is_open=False hour_summary=closed
[2026-06-18 18:45:03] RIMAC Fitness Gym: 16% (Not Busy) people=24 capacity=150 is_open=True hour_summary=open
[2026-06-18 18:45:03] Triton Esports Center: 0% (Closed) people=0 capacity=35 is_open=False hour_summary=closed
[2026-06-18 18:45:03] === SCRAPE END OK ===
[2026-06-18 19:00:02] === SCRAPE START ===
[2026-06-18 19:00:02] Fetching https://waitz.io/live/ucsd-rec
[2026-06-18 19:00:03] Saved 4 rows to ucsd_occupancy_history.csv
[2026-06-18 19:00:03] Main Gym Fitness Gym: 2% (Closed) people=1 capacity=72 is_open=False hour_summary=closed
[2026-06-18 19:00:03] Outback Climbing Center: 0% (Closed) people=0 capacity=30 is_open=False hour_summary=closed
[2026-06-18 19:00:03] RIMAC Fitness Gym: 16% (Not Busy) people=24 capacity=150 is_open=True hour_summary=open
[2026-06-18 19:00:03] Triton Esports Center: 0% (Closed) people=0 capacity=35 is_open=False hour_summary=closed
[2026-06-18 19:00:03] === SCRAPE END OK ===
[2026-06-18 19:15:02] === SCRAPE START ===
[2026-06-18 19:15:02] Fetching https://waitz.io/live/ucsd-rec
[2026-06-18 19:15:03] Saved 4 rows to ucsd_occupancy_history.csv
[2026-06-18 19:15:03] Main Gym Fitness Gym: 5% (Closed) people=4 capacity=72 is_open=False hour_summary=closed
[2026-06-18 19:15:03] Outback Climbing Center: 0% (Closed) people=0 capacity=30 is_open=False hour_summary=closed
[2026-06-18 19:15:03] RIMAC Fitness Gym: 0% (Data Unavailable) people=0 capacity=150 is_open=True hour_summary=open
[2026-06-18 19:15:03] Triton Esports Center: 0% (Closed) people=0 capacity=35 is_open=False hour_summary=closed
[2026-06-18 19:15:03] === SCRAPE END OK ===
[2026-06-18 19:30:02] === SCRAPE START ===
[2026-06-18 19:30:02] Fetching https://waitz.io/live/ucsd-rec
[2026-06-18 19:30:03] Saved 4 rows to ucsd_occupancy_history.csv
[2026-06-18 19:30:03] Main Gym Fitness Gym: 1% (Closed) people=1 capacity=72 is_open=False hour_summary=closed
[2026-06-18 19:30:03] Outback Climbing Center: 0% (Closed) people=0 capacity=30 is_open=False hour_summary=closed
[2026-06-18 19:30:03] RIMAC Fitness Gym: 18% (Not Busy) people=27 capacity=150 is_open=True hour_summary=open
[2026-06-18 19:30:03] Triton Esports Center: 0% (Closed) people=0 capacity=35 is_open=False hour_summary=closed
[2026-06-18 19:30:03] === SCRAPE END OK ===
[2026-06-18 19:45:02] === SCRAPE START ===
[2026-06-18 19:45:02] Fetching https://waitz.io/live/ucsd-rec
[2026-06-18 19:45:31] Saved 4 rows to ucsd_occupancy_history.csv
[2026-06-18 19:45:31] Main Gym Fitness Gym: 2% (Closed) people=2 capacity=72 is_open=False hour_summary=closed
[2026-06-18 19:45:31] Outback Climbing Center: 0% (Closed) people=0 capacity=30 is_open=False hour_summary=closed
[2026-06-18 19:45:31] RIMAC Fitness Gym: 15% (Not Busy) people=23 capacity=150 is_open=True hour_summary=open
[2026-06-18 19:45:31] Triton Esports Center: 0% (Closed) people=0 capacity=35 is_open=False hour_summary=closed
[2026-06-18 19:45:31] === SCRAPE END OK ===
[2026-06-18 20:00:02] === SCRAPE START ===
[2026-06-18 20:00:02] Fetching https://waitz.io/live/ucsd-rec
[2026-06-18 20:00:23] HTTP ERROR: HTTPSConnectionPool(host='waitz.io', port=443): Read timed out. (read timeout=20)
[2026-06-18 20:15:02] === SCRAPE START ===
[2026-06-18 20:15:02] Fetching https://waitz.io/live/ucsd-rec
[2026-06-18 20:15:03] Saved 4 rows to ucsd_occupancy_history.csv
[2026-06-18 20:15:03] Main Gym Fitness Gym: 2% (Closed) people=1 capacity=72 is_open=False hour_summary=closed
[2026-06-18 20:15:03] Outback Climbing Center: 0% (Closed) people=0 capacity=30 is_open=False hour_summary=closed
[2026-06-18 20:15:03] RIMAC Fitness Gym: 13% (Not Busy) people=20 capacity=150 is_open=True hour_summary=open
[2026-06-18 20:15:03] Triton Esports Center: 0% (Closed) people=0 capacity=35 is_open=False hour_summary=closed
[2026-06-18 20:15:03] === SCRAPE END OK ===
[2026-06-18 20:30:02] === SCRAPE START ===
[2026-06-18 20:30:02] Fetching https://waitz.io/live/ucsd-rec
[2026-06-18 20:30:03] Saved 4 rows to ucsd_occupancy_history.csv
[2026-06-18 20:30:03] Main Gym Fitness Gym: 1% (Closed) people=1 capacity=72 is_open=False hour_summary=closed
[2026-06-18 20:30:03] Outback Climbing Center: 0% (Closed) people=0 capacity=30 is_open=False hour_summary=closed
[2026-06-18 20:30:03] RIMAC Fitness Gym: 14% (Not Busy) people=21 capacity=150 is_open=True hour_summary=open
[2026-06-18 20:30:03] Triton Esports Center: 0% (Closed) people=0 capacity=35 is_open=False hour_summary=closed
[2026-06-18 20:30:03] === SCRAPE END OK ===
[2026-06-18 20:45:02] === SCRAPE START ===
[2026-06-18 20:45:02] Fetching https://waitz.io/live/ucsd-rec
[2026-06-18 20:45:02] Saved 4 rows to ucsd_occupancy_history.csv
[2026-06-18 20:45:02] Main Gym Fitness Gym: 2% (Closed) people=1 capacity=72 is_open=False hour_summary=closed
[2026-06-18 20:45:02] Outback Climbing Center: 0% (Closed) people=0 capacity=30 is_open=False hour_summary=closed
[2026-06-18 20:45:02] RIMAC Fitness Gym: 16% (Not Busy) people=23 capacity=150 is_open=True hour_summary=open
[2026-06-18 20:45:02] Triton Esports Center: 0% (Closed) people=0 capacity=35 is_open=False hour_summary=closed
[2026-06-18 20:45:02] === SCRAPE END OK ===
[2026-06-18 21:00:02] === SCRAPE START ===
[2026-06-18 21:00:02] Fetching https://waitz.io/live/ucsd-rec
[2026-06-18 21:00:03] Saved 4 rows to ucsd_occupancy_history.csv
[2026-06-18 21:00:03] Main Gym Fitness Gym: 1% (Closed) people=1 capacity=72 is_open=False hour_summary=closed
[2026-06-18 21:00:03] Outback Climbing Center: 0% (Closed) people=0 capacity=30 is_open=False hour_summary=closed
[2026-06-18 21:00:03] RIMAC Fitness Gym: 8% (Closed) people=12 capacity=150 is_open=False hour_summary=Closed until 6:00am
[2026-06-18 21:00:03] Triton Esports Center: 0% (Closed) people=0 capacity=35 is_open=False hour_summary=closed
[2026-06-18 21:00:03] === SCRAPE END OK ===
