[2026-05-07 00:00:01] === SCRAPE START ===
[2026-05-07 00:00:01] Fetching https://waitz.io/live/ucsd-rec
[2026-05-07 00:00:03] Saved 4 rows to ucsd_occupancy_history.csv
[2026-05-07 00:00:03] Main Gym Fitness Gym: 1% (Closed) people=1 capacity=72 is_open=False hour_summary=Closed until 6:00am
[2026-05-07 00:00:03] Outback Climbing Center: 0% (Closed) people=0 capacity=30 is_open=False hour_summary=Closed until 10:00am
[2026-05-07 00:00:03] RIMAC Fitness Gym: 0% (Closed) people=0 capacity=150 is_open=False hour_summary=Closed until 6:00am
[2026-05-07 00:00:03] Triton Esports Center: 0% (Closed) people=0 capacity=35 is_open=False hour_summary=Closed until 7:30am
[2026-05-07 00:00:03] === SCRAPE END OK ===
[2026-05-07 00:15:02] === SCRAPE START ===
[2026-05-07 00:15:02] Fetching https://waitz.io/live/ucsd-rec
[2026-05-07 00:15:03] Saved 4 rows to ucsd_occupancy_history.csv
[2026-05-07 00:15:03] Main Gym Fitness Gym: 1% (Closed) people=1 capacity=72 is_open=False hour_summary=Closed until 6:00am
[2026-05-07 00:15:03] Outback Climbing Center: 1% (Closed) people=0 capacity=30 is_open=False hour_summary=Closed until 10:00am
[2026-05-07 00:15:03] RIMAC Fitness Gym: 0% (Closed) people=0 capacity=150 is_open=False hour_summary=Closed until 6:00am
[2026-05-07 00:15:03] Triton Esports Center: 0% (Closed) people=0 capacity=35 is_open=False hour_summary=Closed until 7:30am
[2026-05-07 00:15:03] === SCRAPE END OK ===
[2026-05-07 00:30:02] === SCRAPE START ===
[2026-05-07 00:30:02] Fetching https://waitz.io/live/ucsd-rec
[2026-05-07 00:30:03] Saved 4 rows to ucsd_occupancy_history.csv
[2026-05-07 00:30:03] Main Gym Fitness Gym: 1% (Closed) people=1 capacity=72 is_open=False hour_summary=Closed until 6:00am
[2026-05-07 00:30:03] Outback Climbing Center: 3% (Closed) people=1 capacity=30 is_open=False hour_summary=Closed until 10:00am
[2026-05-07 00:30:03] RIMAC Fitness Gym: 0% (Closed) people=0 capacity=150 is_open=False hour_summary=Closed until 6:00am
[2026-05-07 00:30:03] Triton Esports Center: 0% (Closed) people=0 capacity=35 is_open=False hour_summary=Closed until 7:30am
[2026-05-07 00:30:03] === SCRAPE END OK ===
[2026-05-07 00:45:02] === SCRAPE START ===
[2026-05-07 00:45:02] Fetching https://waitz.io/live/ucsd-rec
[2026-05-07 00:45:03] Saved 4 rows to ucsd_occupancy_history.csv
[2026-05-07 00:45:03] Main Gym Fitness Gym: 2% (Closed) people=1 capacity=72 is_open=False hour_summary=Closed until 6:00am
[2026-05-07 00:45:03] Outback Climbing Center: 1% (Closed) people=0 capacity=30 is_open=False hour_summary=Closed until 10:00am
[2026-05-07 00:45:03] RIMAC Fitness Gym: 0% (Closed) people=0 capacity=150 is_open=False hour_summary=Closed until 6:00am
[2026-05-07 00:45:03] Triton Esports Center: 0% (Closed) people=0 capacity=35 is_open=False hour_summary=Closed until 7:30am
[2026-05-07 00:45:03] === SCRAPE END OK ===
[2026-05-07 01:00:02] === SCRAPE START ===
[2026-05-07 01:00:02] Fetching https://waitz.io/live/ucsd-rec
[2026-05-07 01:00:05] Saved 4 rows to ucsd_occupancy_history.csv
[2026-05-07 01:00:05] Main Gym Fitness Gym: 3% (Closed) people=2 capacity=72 is_open=False hour_summary=Closed until 6:00am
[2026-05-07 01:00:05] Outback Climbing Center: 2% (Closed) people=1 capacity=30 is_open=False hour_summary=Closed until 10:00am
[2026-05-07 01:00:05] RIMAC Fitness Gym: 0% (Closed) people=0 capacity=150 is_open=False hour_summary=Closed until 6:00am
[2026-05-07 01:00:05] Triton Esports Center: 0% (Closed) people=0 capacity=35 is_open=False hour_summary=Closed until 7:30am
[2026-05-07 01:00:05] === SCRAPE END OK ===
[2026-05-07 01:15:02] === SCRAPE START ===
[2026-05-07 01:15:02] Fetching https://waitz.io/live/ucsd-rec
[2026-05-07 01:15:03] Saved 4 rows to ucsd_occupancy_history.csv
[2026-05-07 01:15:03] Main Gym Fitness Gym: 1% (Closed) people=1 capacity=72 is_open=False hour_summary=Closed until 6:00am
[2026-05-07 01:15:03] Outback Climbing Center: 2% (Closed) people=1 capacity=30 is_open=False hour_summary=Closed until 10:00am
[2026-05-07 01:15:03] RIMAC Fitness Gym: 0% (Closed) people=0 capacity=150 is_open=False hour_summary=Closed until 6:00am
[2026-05-07 01:15:03] Triton Esports Center: 0% (Closed) people=0 capacity=35 is_open=False hour_summary=Closed until 7:30am
[2026-05-07 01:15:03] === SCRAPE END OK ===
[2026-05-07 01:30:02] === SCRAPE START ===
[2026-05-07 01:30:02] Fetching https://waitz.io/live/ucsd-rec
[2026-05-07 01:30:03] Saved 4 rows to ucsd_occupancy_history.csv
[2026-05-07 01:30:03] Main Gym Fitness Gym: 2% (Closed) people=1 capacity=72 is_open=False hour_summary=Closed until 6:00am
[2026-05-07 01:30:03] Outback Climbing Center: 2% (Closed) people=1 capacity=30 is_open=False hour_summary=Closed until 10:00am
[2026-05-07 01:30:03] RIMAC Fitness Gym: 0% (Closed) people=0 capacity=150 is_open=False hour_summary=Closed until 6:00am
[2026-05-07 01:30:03] Triton Esports Center: 0% (Closed) people=0 capacity=35 is_open=False hour_summary=Closed until 7:30am
[2026-05-07 01:30:03] === SCRAPE END OK ===
[2026-05-07 01:45:02] === SCRAPE START ===
[2026-05-07 01:45:02] Fetching https://waitz.io/live/ucsd-rec
[2026-05-07 01:45:03] Saved 4 rows to ucsd_occupancy_history.csv
[2026-05-07 01:45:03] Main Gym Fitness Gym: 1% (Closed) people=1 capacity=72 is_open=False hour_summary=Closed until 6:00am
[2026-05-07 01:45:03] Outback Climbing Center: 0% (Closed) people=0 capacity=30 is_open=False hour_summary=Closed until 10:00am
[2026-05-07 01:45:03] RIMAC Fitness Gym: 0% (Closed) people=0 capacity=150 is_open=False hour_summary=Closed until 6:00am
[2026-05-07 01:45:03] Triton Esports Center: 0% (Closed) people=0 capacity=35 is_open=False hour_summary=Closed until 7:30am
[2026-05-07 01:45:03] === SCRAPE END OK ===
[2026-05-07 02:00:02] === SCRAPE START ===
[2026-05-07 02:00:02] Fetching https://waitz.io/live/ucsd-rec
[2026-05-07 02:00:04] Saved 4 rows to ucsd_occupancy_history.csv
[2026-05-07 02:00:04] Main Gym Fitness Gym: 1% (Closed) people=1 capacity=72 is_open=False hour_summary=Closed until 6:00am
[2026-05-07 02:00:04] Outback Climbing Center: 1% (Closed) people=0 capacity=30 is_open=False hour_summary=Closed until 10:00am
[2026-05-07 02:00:04] RIMAC Fitness Gym: 0% (Closed) people=0 capacity=150 is_open=False hour_summary=Closed until 6:00am
[2026-05-07 02:00:04] Triton Esports Center: 0% (Closed) people=0 capacity=35 is_open=False hour_summary=Closed until 7:30am
[2026-05-07 02:00:04] === SCRAPE END OK ===
[2026-05-07 02:15:02] === SCRAPE START ===
[2026-05-07 02:15:02] Fetching https://waitz.io/live/ucsd-rec
[2026-05-07 02:15:03] Saved 4 rows to ucsd_occupancy_history.csv
[2026-05-07 02:15:03] Main Gym Fitness Gym: 2% (Closed) people=1 capacity=72 is_open=False hour_summary=Closed until 6:00am
[2026-05-07 02:15:03] Outback Climbing Center: 1% (Closed) people=0 capacity=30 is_open=False hour_summary=Closed until 10:00am
[2026-05-07 02:15:03] RIMAC Fitness Gym: 0% (Closed) people=0 capacity=150 is_open=False hour_summary=Closed until 6:00am
[2026-05-07 02:15:03] Triton Esports Center: 0% (Closed) people=0 capacity=35 is_open=False hour_summary=Closed until 7:30am
[2026-05-07 02:15:03] === SCRAPE END OK ===
[2026-05-07 02:30:02] === SCRAPE START ===
[2026-05-07 02:30:02] Fetching https://waitz.io/live/ucsd-rec
[2026-05-07 02:30:03] Saved 4 rows to ucsd_occupancy_history.csv
[2026-05-07 02:30:03] Main Gym Fitness Gym: 1% (Closed) people=1 capacity=72 is_open=False hour_summary=Closed until 6:00am
[2026-05-07 02:30:03] Outback Climbing Center: 1% (Closed) people=0 capacity=30 is_open=False hour_summary=Closed until 10:00am
[2026-05-07 02:30:03] RIMAC Fitness Gym: 1% (Closed) people=1 capacity=150 is_open=False hour_summary=Closed until 6:00am
[2026-05-07 02:30:03] Triton Esports Center: 0% (Closed) people=0 capacity=35 is_open=False hour_summary=Closed until 7:30am
[2026-05-07 02:30:03] === SCRAPE END OK ===
[2026-05-07 02:45:03] === SCRAPE START ===
[2026-05-07 02:45:03] Fetching https://waitz.io/live/ucsd-rec
[2026-05-07 02:45:04] Saved 4 rows to ucsd_occupancy_history.csv
[2026-05-07 02:45:04] Main Gym Fitness Gym: 1% (Closed) people=1 capacity=72 is_open=False hour_summary=Closed until 6:00am
[2026-05-07 02:45:04] Outback Climbing Center: 1% (Closed) people=0 capacity=30 is_open=False hour_summary=Closed until 10:00am
[2026-05-07 02:45:04] RIMAC Fitness Gym: 0% (Closed) people=0 capacity=150 is_open=False hour_summary=Closed until 6:00am
[2026-05-07 02:45:04] Triton Esports Center: 0% (Closed) people=0 capacity=35 is_open=False hour_summary=Closed until 7:30am
[2026-05-07 02:45:04] === SCRAPE END OK ===
[2026-05-07 03:00:02] === SCRAPE START ===
[2026-05-07 03:00:02] Fetching https://waitz.io/live/ucsd-rec
[2026-05-07 03:00:04] Saved 4 rows to ucsd_occupancy_history.csv
[2026-05-07 03:00:04] Main Gym Fitness Gym: 1% (Closed) people=1 capacity=72 is_open=False hour_summary=Closed until 6:00am
[2026-05-07 03:00:04] Outback Climbing Center: 1% (Closed) people=0 capacity=30 is_open=False hour_summary=Closed until 10:00am
[2026-05-07 03:00:04] RIMAC Fitness Gym: 0% (Closed) people=0 capacity=150 is_open=False hour_summary=Closed until 6:00am
[2026-05-07 03:00:04] Triton Esports Center: 0% (Closed) people=0 capacity=35 is_open=False hour_summary=Closed until 7:30am
[2026-05-07 03:00:04] === SCRAPE END OK ===
[2026-05-07 03:15:02] === SCRAPE START ===
[2026-05-07 03:15:02] Fetching https://waitz.io/live/ucsd-rec
[2026-05-07 03:15:03] Saved 4 rows to ucsd_occupancy_history.csv
[2026-05-07 03:15:03] Main Gym Fitness Gym: 1% (Closed) people=1 capacity=72 is_open=False hour_summary=Closed until 6:00am
[2026-05-07 03:15:03] Outback Climbing Center: 1% (Closed) people=0 capacity=30 is_open=False hour_summary=Closed until 10:00am
[2026-05-07 03:15:03] RIMAC Fitness Gym: 0% (Closed) people=0 capacity=150 is_open=False hour_summary=Closed until 6:00am
[2026-05-07 03:15:03] Triton Esports Center: 0% (Closed) people=0 capacity=35 is_open=False hour_summary=Closed until 7:30am
[2026-05-07 03:15:03] === SCRAPE END OK ===
[2026-05-07 03:30:02] === SCRAPE START ===
[2026-05-07 03:30:02] Fetching https://waitz.io/live/ucsd-rec
[2026-05-07 03:30:03] Saved 4 rows to ucsd_occupancy_history.csv
[2026-05-07 03:30:03] Main Gym Fitness Gym: 1% (Closed) people=1 capacity=72 is_open=False hour_summary=Closed until 6:00am
[2026-05-07 03:30:03] Outback Climbing Center: 1% (Closed) people=0 capacity=30 is_open=False hour_summary=Closed until 10:00am
[2026-05-07 03:30:03] RIMAC Fitness Gym: 0% (Closed) people=0 capacity=150 is_open=False hour_summary=Closed until 6:00am
[2026-05-07 03:30:03] Triton Esports Center: 0% (Closed) people=0 capacity=35 is_open=False hour_summary=Closed until 7:30am
[2026-05-07 03:30:03] === SCRAPE END OK ===
[2026-05-07 03:45:02] === SCRAPE START ===
[2026-05-07 03:45:02] Fetching https://waitz.io/live/ucsd-rec
[2026-05-07 03:45:03] Saved 4 rows to ucsd_occupancy_history.csv
[2026-05-07 03:45:03] Main Gym Fitness Gym: 1% (Closed) people=1 capacity=72 is_open=False hour_summary=Closed until 6:00am
[2026-05-07 03:45:03] Outback Climbing Center: 1% (Closed) people=0 capacity=30 is_open=False hour_summary=Closed until 10:00am
[2026-05-07 03:45:03] RIMAC Fitness Gym: 0% (Closed) people=0 capacity=150 is_open=False hour_summary=Closed until 6:00am
[2026-05-07 03:45:03] Triton Esports Center: 0% (Closed) people=0 capacity=35 is_open=False hour_summary=Closed until 7:30am
[2026-05-07 03:45:03] === SCRAPE END OK ===
[2026-05-07 04:00:03] === SCRAPE START ===
[2026-05-07 04:00:03] Fetching https://waitz.io/live/ucsd-rec
[2026-05-07 04:00:03] Saved 4 rows to ucsd_occupancy_history.csv
[2026-05-07 04:00:03] Main Gym Fitness Gym: 1% (Closed) people=1 capacity=72 is_open=False hour_summary=Closed until 6:00am
[2026-05-07 04:00:03] Outback Climbing Center: 1% (Closed) people=0 capacity=30 is_open=False hour_summary=Closed until 10:00am
[2026-05-07 04:00:03] RIMAC Fitness Gym: 0% (Closed) people=0 capacity=150 is_open=False hour_summary=Closed until 6:00am
[2026-05-07 04:00:03] Triton Esports Center: 0% (Closed) people=0 capacity=35 is_open=False hour_summary=Closed until 7:30am
[2026-05-07 04:00:03] === SCRAPE END OK ===
[2026-05-07 04:15:02] === SCRAPE START ===
[2026-05-07 04:15:02] Fetching https://waitz.io/live/ucsd-rec
[2026-05-07 04:15:03] Saved 4 rows to ucsd_occupancy_history.csv
[2026-05-07 04:15:03] Main Gym Fitness Gym: 1% (Closed) people=1 capacity=72 is_open=False hour_summary=Closed until 6:00am
[2026-05-07 04:15:03] Outback Climbing Center: 1% (Closed) people=0 capacity=30 is_open=False hour_summary=Closed until 10:00am
[2026-05-07 04:15:03] RIMAC Fitness Gym: 0% (Closed) people=0 capacity=150 is_open=False hour_summary=Closed until 6:00am
[2026-05-07 04:15:03] Triton Esports Center: 0% (Closed) people=0 capacity=35 is_open=False hour_summary=Closed until 7:30am
[2026-05-07 04:15:03] === SCRAPE END OK ===
[2026-05-07 04:30:02] === SCRAPE START ===
[2026-05-07 04:30:02] Fetching https://waitz.io/live/ucsd-rec
[2026-05-07 04:30:04] Saved 4 rows to ucsd_occupancy_history.csv
[2026-05-07 04:30:04] Main Gym Fitness Gym: 1% (Closed) people=1 capacity=72 is_open=False hour_summary=Closed until 6:00am
[2026-05-07 04:30:04] Outback Climbing Center: 1% (Closed) people=0 capacity=30 is_open=False hour_summary=Closed until 10:00am
[2026-05-07 04:30:04] RIMAC Fitness Gym: 0% (Closed) people=0 capacity=150 is_open=False hour_summary=Closed until 6:00am
[2026-05-07 04:30:04] Triton Esports Center: 0% (Closed) people=0 capacity=35 is_open=False hour_summary=Closed until 7:30am
[2026-05-07 04:30:04] === SCRAPE END OK ===
[2026-05-07 04:45:02] === SCRAPE START ===
[2026-05-07 04:45:02] Fetching https://waitz.io/live/ucsd-rec
[2026-05-07 04:45:02] Saved 4 rows to ucsd_occupancy_history.csv
[2026-05-07 04:45:02] Main Gym Fitness Gym: 1% (Closed) people=1 capacity=72 is_open=False hour_summary=Closed until 6:00am
[2026-05-07 04:45:02] Outback Climbing Center: 3% (Closed) people=1 capacity=30 is_open=False hour_summary=Closed until 10:00am
[2026-05-07 04:45:02] RIMAC Fitness Gym: 0% (Closed) people=0 capacity=150 is_open=False hour_summary=Closed until 6:00am
[2026-05-07 04:45:02] Triton Esports Center: 0% (Closed) people=0 capacity=35 is_open=False hour_summary=Closed until 7:30am
[2026-05-07 04:45:02] === SCRAPE END OK ===
[2026-05-07 05:00:02] === SCRAPE START ===
[2026-05-07 05:00:02] Fetching https://waitz.io/live/ucsd-rec
[2026-05-07 05:00:04] Saved 4 rows to ucsd_occupancy_history.csv
[2026-05-07 05:00:04] Main Gym Fitness Gym: 1% (Closed) people=1 capacity=72 is_open=False hour_summary=Closed until 6:00am
[2026-05-07 05:00:04] Outback Climbing Center: 2% (Closed) people=1 capacity=30 is_open=False hour_summary=Closed until 10:00am
[2026-05-07 05:00:04] RIMAC Fitness Gym: 0% (Closed) people=0 capacity=150 is_open=False hour_summary=Closed until 6:00am
[2026-05-07 05:00:04] Triton Esports Center: 0% (Closed) people=0 capacity=35 is_open=False hour_summary=Closed until 7:30am
[2026-05-07 05:00:04] === SCRAPE END OK ===
[2026-05-07 05:15:02] === SCRAPE START ===
[2026-05-07 05:15:02] Fetching https://waitz.io/live/ucsd-rec
[2026-05-07 05:15:03] Saved 4 rows to ucsd_occupancy_history.csv
[2026-05-07 05:15:03] Main Gym Fitness Gym: 3% (Closed) people=2 capacity=72 is_open=False hour_summary=Closed until 6:00am
[2026-05-07 05:15:03] Outback Climbing Center: 2% (Closed) people=1 capacity=30 is_open=False hour_summary=Closed until 10:00am
[2026-05-07 05:15:03] RIMAC Fitness Gym: 0% (Closed) people=0 capacity=150 is_open=False hour_summary=Closed until 6:00am
[2026-05-07 05:15:03] Triton Esports Center: 0% (Closed) people=0 capacity=35 is_open=False hour_summary=Closed until 7:30am
[2026-05-07 05:15:03] === SCRAPE END OK ===
[2026-05-07 05:30:02] === SCRAPE START ===
[2026-05-07 05:30:02] Fetching https://waitz.io/live/ucsd-rec
[2026-05-07 05:30:03] Saved 4 rows to ucsd_occupancy_history.csv
[2026-05-07 05:30:03] Main Gym Fitness Gym: 1% (Closed) people=1 capacity=72 is_open=False hour_summary=Closed until 6:00am
[2026-05-07 05:30:03] Outback Climbing Center: 2% (Closed) people=0 capacity=30 is_open=False hour_summary=Closed until 10:00am
[2026-05-07 05:30:03] RIMAC Fitness Gym: 0% (Closed) people=0 capacity=150 is_open=False hour_summary=Closed until 6:00am
[2026-05-07 05:30:03] Triton Esports Center: 0% (Closed) people=0 capacity=35 is_open=False hour_summary=Closed until 7:30am
[2026-05-07 05:30:03] === SCRAPE END OK ===
[2026-05-07 05:45:02] === SCRAPE START ===
[2026-05-07 05:45:02] Fetching https://waitz.io/live/ucsd-rec
[2026-05-07 05:45:03] Saved 4 rows to ucsd_occupancy_history.csv
[2026-05-07 05:45:03] Main Gym Fitness Gym: 1% (Closed) people=1 capacity=72 is_open=False hour_summary=Closed until 6:00am
[2026-05-07 05:45:03] Outback Climbing Center: 7% (Closed) people=2 capacity=30 is_open=False hour_summary=Closed until 10:00am
[2026-05-07 05:45:03] RIMAC Fitness Gym: 0% (Closed) people=0 capacity=150 is_open=False hour_summary=Closed until 6:00am
[2026-05-07 05:45:03] Triton Esports Center: 0% (Closed) people=0 capacity=35 is_open=False hour_summary=Closed until 7:30am
[2026-05-07 05:45:03] === SCRAPE END OK ===
[2026-05-07 06:00:02] === SCRAPE START ===
[2026-05-07 06:00:02] Fetching https://waitz.io/live/ucsd-rec
[2026-05-07 06:00:04] Saved 4 rows to ucsd_occupancy_history.csv
[2026-05-07 06:00:04] Main Gym Fitness Gym: 1% (Not Busy) people=1 capacity=72 is_open=True hour_summary=open
[2026-05-07 06:00:04] Outback Climbing Center: 2% (Closed) people=1 capacity=30 is_open=False hour_summary=Closed until 10:00am
[2026-05-07 06:00:04] RIMAC Fitness Gym: 0% (Not Busy) people=0 capacity=150 is_open=True hour_summary=open
[2026-05-07 06:00:04] Triton Esports Center: 0% (Closed) people=0 capacity=35 is_open=False hour_summary=Closed until 7:30am
[2026-05-07 06:00:04] === SCRAPE END OK ===
[2026-05-07 06:15:02] === SCRAPE START ===
[2026-05-07 06:15:02] Fetching https://waitz.io/live/ucsd-rec
[2026-05-07 06:15:03] Saved 4 rows to ucsd_occupancy_history.csv
[2026-05-07 06:15:03] Main Gym Fitness Gym: 2% (Not Busy) people=1 capacity=72 is_open=True hour_summary=open
[2026-05-07 06:15:03] Outback Climbing Center: 2% (Closed) people=0 capacity=30 is_open=False hour_summary=Closed until 10:00am
[2026-05-07 06:15:03] RIMAC Fitness Gym: 14% (Not Busy) people=20 capacity=150 is_open=True hour_summary=open
[2026-05-07 06:15:03] Triton Esports Center: 0% (Closed) people=0 capacity=35 is_open=False hour_summary=Closed until 7:30am
[2026-05-07 06:15:03] === SCRAPE END OK ===
[2026-05-07 06:30:02] === SCRAPE START ===
[2026-05-07 06:30:02] Fetching https://waitz.io/live/ucsd-rec
[2026-05-07 06:30:04] Saved 4 rows to ucsd_occupancy_history.csv
[2026-05-07 06:30:04] Main Gym Fitness Gym: 5% (Not Busy) people=3 capacity=72 is_open=True hour_summary=open
[2026-05-07 06:30:04] Outback Climbing Center: 3% (Closed) people=1 capacity=30 is_open=False hour_summary=Closed until 10:00am
[2026-05-07 06:30:04] RIMAC Fitness Gym: 24% (Not Busy) people=36 capacity=150 is_open=True hour_summary=open
[2026-05-07 06:30:04] Triton Esports Center: 0% (Closed) people=0 capacity=35 is_open=False hour_summary=Closed until 7:30am
[2026-05-07 06:30:04] === SCRAPE END OK ===
[2026-05-07 06:45:02] === SCRAPE START ===
[2026-05-07 06:45:02] Fetching https://waitz.io/live/ucsd-rec
[2026-05-07 06:45:03] Saved 4 rows to ucsd_occupancy_history.csv
[2026-05-07 06:45:03] Main Gym Fitness Gym: 34% (Not Busy) people=25 capacity=72 is_open=True hour_summary=open
[2026-05-07 06:45:03] Outback Climbing Center: 1% (Closed) people=0 capacity=30 is_open=False hour_summary=Closed until 10:00am
[2026-05-07 06:45:03] RIMAC Fitness Gym: 28% (Not Busy) people=43 capacity=150 is_open=True hour_summary=open
[2026-05-07 06:45:03] Triton Esports Center: 0% (Closed) people=0 capacity=35 is_open=False hour_summary=Closed until 7:30am
[2026-05-07 06:45:03] === SCRAPE END OK ===
[2026-05-07 07:00:02] === SCRAPE START ===
[2026-05-07 07:00:02] Fetching https://waitz.io/live/ucsd-rec
[2026-05-07 07:00:04] Saved 4 rows to ucsd_occupancy_history.csv
[2026-05-07 07:00:04] Main Gym Fitness Gym: 3% (Not Busy) people=2 capacity=72 is_open=True hour_summary=open
[2026-05-07 07:00:04] Outback Climbing Center: 4% (Closed) people=1 capacity=30 is_open=False hour_summary=Closed until 10:00am
[2026-05-07 07:00:04] RIMAC Fitness Gym: 22% (Not Busy) people=34 capacity=150 is_open=True hour_summary=open
[2026-05-07 07:00:04] Triton Esports Center: 0% (Closed) people=0 capacity=35 is_open=False hour_summary=Closed until 7:30am
[2026-05-07 07:00:04] === SCRAPE END OK ===
[2026-05-07 07:15:02] === SCRAPE START ===
[2026-05-07 07:15:02] Fetching https://waitz.io/live/ucsd-rec
[2026-05-07 07:15:03] Saved 4 rows to ucsd_occupancy_history.csv
[2026-05-07 07:15:03] Main Gym Fitness Gym: 9% (Not Busy) people=6 capacity=72 is_open=True hour_summary=open
[2026-05-07 07:15:03] Outback Climbing Center: 3% (Closed) people=1 capacity=30 is_open=False hour_summary=Closed until 10:00am
[2026-05-07 07:15:03] RIMAC Fitness Gym: 23% (Not Busy) people=35 capacity=150 is_open=True hour_summary=open
[2026-05-07 07:15:03] Triton Esports Center: 0% (Closed) people=0 capacity=35 is_open=False hour_summary=Closed until 7:30am
[2026-05-07 07:15:03] === SCRAPE END OK ===
[2026-05-07 07:30:02] === SCRAPE START ===
[2026-05-07 07:30:02] Fetching https://waitz.io/live/ucsd-rec
[2026-05-07 07:30:03] Saved 4 rows to ucsd_occupancy_history.csv
[2026-05-07 07:30:03] Main Gym Fitness Gym: 7% (Not Busy) people=5 capacity=72 is_open=True hour_summary=open
[2026-05-07 07:30:03] Outback Climbing Center: 1% (Closed) people=0 capacity=30 is_open=False hour_summary=Closed until 10:00am
[2026-05-07 07:30:03] RIMAC Fitness Gym: 25% (Not Busy) people=38 capacity=150 is_open=True hour_summary=open
[2026-05-07 07:30:03] Triton Esports Center: 0% (Not Busy) people=0 capacity=35 is_open=True hour_summary=open
[2026-05-07 07:30:03] === SCRAPE END OK ===
[2026-05-07 07:45:02] === SCRAPE START ===
[2026-05-07 07:45:02] Fetching https://waitz.io/live/ucsd-rec
[2026-05-07 07:45:03] Saved 4 rows to ucsd_occupancy_history.csv
[2026-05-07 07:45:03] Main Gym Fitness Gym: 13% (Not Busy) people=9 capacity=72 is_open=True hour_summary=open
[2026-05-07 07:45:03] Outback Climbing Center: 1% (Closed) people=0 capacity=30 is_open=False hour_summary=Closed until 10:00am
[2026-05-07 07:45:03] RIMAC Fitness Gym: 21% (Not Busy) people=32 capacity=150 is_open=True hour_summary=open
[2026-05-07 07:45:03] Triton Esports Center: 3% (Not Busy) people=1 capacity=35 is_open=True hour_summary=open
[2026-05-07 07:45:03] === SCRAPE END OK ===
[2026-05-07 08:00:02] === SCRAPE START ===
[2026-05-07 08:00:02] Fetching https://waitz.io/live/ucsd-rec
[2026-05-07 08:00:04] Saved 4 rows to ucsd_occupancy_history.csv
[2026-05-07 08:00:04] Main Gym Fitness Gym: 23% (Not Busy) people=16 capacity=72 is_open=True hour_summary=open
[2026-05-07 08:00:04] Outback Climbing Center: 2% (Closed) people=1 capacity=30 is_open=False hour_summary=Closed until 10:00am
[2026-05-07 08:00:04] RIMAC Fitness Gym: 24% (Not Busy) people=37 capacity=150 is_open=True hour_summary=open
[2026-05-07 08:00:04] Triton Esports Center: 0% (Not Busy) people=0 capacity=35 is_open=True hour_summary=open
[2026-05-07 08:00:04] === SCRAPE END OK ===
[2026-05-07 08:15:02] === SCRAPE START ===
[2026-05-07 08:15:02] Fetching https://waitz.io/live/ucsd-rec
[2026-05-07 08:15:03] Saved 4 rows to ucsd_occupancy_history.csv
[2026-05-07 08:15:03] Main Gym Fitness Gym: 27% (Not Busy) people=19 capacity=72 is_open=True hour_summary=open
[2026-05-07 08:15:03] Outback Climbing Center: 4% (Closed) people=1 capacity=30 is_open=False hour_summary=Closed until 10:00am
[2026-05-07 08:15:03] RIMAC Fitness Gym: 32% (Not Busy) people=48 capacity=150 is_open=True hour_summary=open
[2026-05-07 08:15:03] Triton Esports Center: 3% (Not Busy) people=1 capacity=35 is_open=True hour_summary=open
[2026-05-07 08:15:03] === SCRAPE END OK ===
[2026-05-07 08:30:02] === SCRAPE START ===
[2026-05-07 08:30:02] Fetching https://waitz.io/live/ucsd-rec
[2026-05-07 08:30:04] Saved 4 rows to ucsd_occupancy_history.csv
[2026-05-07 08:30:04] Main Gym Fitness Gym: 19% (Not Busy) people=14 capacity=72 is_open=True hour_summary=open
[2026-05-07 08:30:04] Outback Climbing Center: 3% (Closed) people=1 capacity=30 is_open=False hour_summary=Closed until 10:00am
[2026-05-07 08:30:04] RIMAC Fitness Gym: 35% (Not Busy) people=53 capacity=150 is_open=True hour_summary=open
[2026-05-07 08:30:04] Triton Esports Center: 1% (Not Busy) people=0 capacity=35 is_open=True hour_summary=open
[2026-05-07 08:30:04] === SCRAPE END OK ===
[2026-05-07 08:45:02] === SCRAPE START ===
[2026-05-07 08:45:02] Fetching https://waitz.io/live/ucsd-rec
[2026-05-07 08:45:03] Saved 4 rows to ucsd_occupancy_history.csv
[2026-05-07 08:45:03] Main Gym Fitness Gym: 34% (Not Busy) people=25 capacity=72 is_open=True hour_summary=open
[2026-05-07 08:45:03] Outback Climbing Center: 2% (Closed) people=1 capacity=30 is_open=False hour_summary=Closed until 10:00am
[2026-05-07 08:45:03] RIMAC Fitness Gym: 38% (Not Busy) people=56 capacity=150 is_open=True hour_summary=open
[2026-05-07 08:45:03] Triton Esports Center: 11% (Not Busy) people=4 capacity=35 is_open=True hour_summary=open
[2026-05-07 08:45:03] === SCRAPE END OK ===
[2026-05-07 09:00:02] === SCRAPE START ===
[2026-05-07 09:00:02] Fetching https://waitz.io/live/ucsd-rec
[2026-05-07 09:00:04] Saved 4 rows to ucsd_occupancy_history.csv
[2026-05-07 09:00:04] Main Gym Fitness Gym: 37% (Not Busy) people=27 capacity=72 is_open=True hour_summary=open
[2026-05-07 09:00:04] Outback Climbing Center: 6% (Closed) people=2 capacity=30 is_open=False hour_summary=Closed until 10:00am
[2026-05-07 09:00:04] RIMAC Fitness Gym: 33% (Not Busy) people=50 capacity=150 is_open=True hour_summary=open
[2026-05-07 09:00:04] Triton Esports Center: 11% (Not Busy) people=4 capacity=35 is_open=True hour_summary=open
[2026-05-07 09:00:04] === SCRAPE END OK ===
[2026-05-07 09:15:02] === SCRAPE START ===
[2026-05-07 09:15:02] Fetching https://waitz.io/live/ucsd-rec
[2026-05-07 09:15:03] Saved 4 rows to ucsd_occupancy_history.csv
[2026-05-07 09:15:03] Main Gym Fitness Gym: 19% (Not Busy) people=14 capacity=72 is_open=True hour_summary=open
[2026-05-07 09:15:03] Outback Climbing Center: 7% (Closed) people=2 capacity=30 is_open=False hour_summary=Closed until 10:00am
[2026-05-07 09:15:03] RIMAC Fitness Gym: 34% (Not Busy) people=51 capacity=150 is_open=True hour_summary=open
[2026-05-07 09:15:03] Triton Esports Center: 14% (Not Busy) people=5 capacity=35 is_open=True hour_summary=open
[2026-05-07 09:15:03] === SCRAPE END OK ===
[2026-05-07 09:30:02] === SCRAPE START ===
[2026-05-07 09:30:02] Fetching https://waitz.io/live/ucsd-rec
[2026-05-07 09:30:03] Saved 4 rows to ucsd_occupancy_history.csv
[2026-05-07 09:30:03] Main Gym Fitness Gym: 42% (Not Busy) people=30 capacity=72 is_open=True hour_summary=open
[2026-05-07 09:30:03] Outback Climbing Center: 1% (Closed) people=0 capacity=30 is_open=False hour_summary=Closed until 10:00am
[2026-05-07 09:30:03] RIMAC Fitness Gym: 36% (Not Busy) people=53 capacity=150 is_open=True hour_summary=open
[2026-05-07 09:30:03] Triton Esports Center: 13% (Not Busy) people=5 capacity=35 is_open=True hour_summary=open
[2026-05-07 09:30:03] === SCRAPE END OK ===
[2026-05-07 09:45:02] === SCRAPE START ===
[2026-05-07 09:45:02] Fetching https://waitz.io/live/ucsd-rec
[2026-05-07 09:45:03] Saved 4 rows to ucsd_occupancy_history.csv
[2026-05-07 09:45:03] Main Gym Fitness Gym: 35% (Not Busy) people=25 capacity=72 is_open=True hour_summary=open
[2026-05-07 09:45:03] Outback Climbing Center: 16% (Closed) people=5 capacity=30 is_open=False hour_summary=Closed until 10:00am
[2026-05-07 09:45:03] RIMAC Fitness Gym: 36% (Not Busy) people=53 capacity=150 is_open=True hour_summary=open
[2026-05-07 09:45:03] Triton Esports Center: 12% (Not Busy) people=4 capacity=35 is_open=True hour_summary=open
[2026-05-07 09:45:03] === SCRAPE END OK ===
[2026-05-07 10:00:02] === SCRAPE START ===
[2026-05-07 10:00:02] Fetching https://waitz.io/live/ucsd-rec
[2026-05-07 10:00:03] Saved 4 rows to ucsd_occupancy_history.csv
[2026-05-07 10:00:03] Main Gym Fitness Gym: 33% (Not Busy) people=24 capacity=72 is_open=True hour_summary=open
[2026-05-07 10:00:03] Outback Climbing Center: 24% (Not Busy) people=7 capacity=30 is_open=True hour_summary=open
[2026-05-07 10:00:03] RIMAC Fitness Gym: 51% (Busy) people=77 capacity=150 is_open=True hour_summary=open
[2026-05-07 10:00:03] Triton Esports Center: 13% (Not Busy) people=4 capacity=35 is_open=True hour_summary=open
[2026-05-07 10:00:03] === SCRAPE END OK ===
[2026-05-07 10:15:02] === SCRAPE START ===
[2026-05-07 10:15:02] Fetching https://waitz.io/live/ucsd-rec
[2026-05-07 10:15:03] Saved 4 rows to ucsd_occupancy_history.csv
[2026-05-07 10:15:03] Main Gym Fitness Gym: 22% (Not Busy) people=16 capacity=72 is_open=True hour_summary=open
[2026-05-07 10:15:03] Outback Climbing Center: 52% (Busy) people=16 capacity=30 is_open=True hour_summary=open
[2026-05-07 10:15:03] RIMAC Fitness Gym: 52% (Busy) people=78 capacity=150 is_open=True hour_summary=open
[2026-05-07 10:15:03] Triton Esports Center: 4% (Not Busy) people=1 capacity=35 is_open=True hour_summary=open
[2026-05-07 10:15:03] === SCRAPE END OK ===
[2026-05-07 10:30:02] === SCRAPE START ===
[2026-05-07 10:30:02] Fetching https://waitz.io/live/ucsd-rec
[2026-05-07 10:30:04] Saved 4 rows to ucsd_occupancy_history.csv
[2026-05-07 10:30:04] Main Gym Fitness Gym: 15% (Not Busy) people=11 capacity=72 is_open=True hour_summary=open
[2026-05-07 10:30:04] Outback Climbing Center: 58% (Busy) people=17 capacity=30 is_open=True hour_summary=open
[2026-05-07 10:30:04] RIMAC Fitness Gym: 42% (Not Busy) people=63 capacity=150 is_open=True hour_summary=open
[2026-05-07 10:30:04] Triton Esports Center: 14% (Not Busy) people=5 capacity=35 is_open=True hour_summary=open
[2026-05-07 10:30:04] === SCRAPE END OK ===
[2026-05-07 10:45:02] === SCRAPE START ===
[2026-05-07 10:45:02] Fetching https://waitz.io/live/ucsd-rec
[2026-05-07 10:45:03] Saved 4 rows to ucsd_occupancy_history.csv
[2026-05-07 10:45:03] Main Gym Fitness Gym: 18% (Not Busy) people=13 capacity=72 is_open=True hour_summary=open
[2026-05-07 10:45:03] Outback Climbing Center: 81% (Very Active) people=24 capacity=30 is_open=True hour_summary=open
[2026-05-07 10:45:03] RIMAC Fitness Gym: 42% (Not Busy) people=63 capacity=150 is_open=True hour_summary=open
[2026-05-07 10:45:03] Triton Esports Center: 12% (Not Busy) people=4 capacity=35 is_open=True hour_summary=open
[2026-05-07 10:45:03] === SCRAPE END OK ===
[2026-05-07 11:00:02] === SCRAPE START ===
[2026-05-07 11:00:02] Fetching https://waitz.io/live/ucsd-rec
[2026-05-07 11:00:03] Saved 4 rows to ucsd_occupancy_history.csv
[2026-05-07 11:00:03] Main Gym Fitness Gym: 42% (Not Busy) people=30 capacity=72 is_open=True hour_summary=open
[2026-05-07 11:00:03] Outback Climbing Center: 79% (Busy) people=24 capacity=30 is_open=True hour_summary=open
[2026-05-07 11:00:03] RIMAC Fitness Gym: 33% (Not Busy) people=50 capacity=150 is_open=True hour_summary=open
[2026-05-07 11:00:03] Triton Esports Center: 27% (Not Busy) people=9 capacity=35 is_open=True hour_summary=open
[2026-05-07 11:00:03] === SCRAPE END OK ===
[2026-05-07 11:15:02] === SCRAPE START ===
[2026-05-07 11:15:02] Fetching https://waitz.io/live/ucsd-rec
[2026-05-07 11:15:03] Saved 4 rows to ucsd_occupancy_history.csv
[2026-05-07 11:15:03] Main Gym Fitness Gym: 14% (Not Busy) people=10 capacity=72 is_open=True hour_summary=open
[2026-05-07 11:15:03] Outback Climbing Center: 78% (Busy) people=23 capacity=30 is_open=True hour_summary=open
[2026-05-07 11:15:03] RIMAC Fitness Gym: 43% (Not Busy) people=64 capacity=150 is_open=True hour_summary=open
[2026-05-07 11:15:03] Triton Esports Center: 9% (Not Busy) people=3 capacity=35 is_open=True hour_summary=open
[2026-05-07 11:15:03] === SCRAPE END OK ===
[2026-05-07 11:30:02] === SCRAPE START ===
[2026-05-07 11:30:02] Fetching https://waitz.io/live/ucsd-rec
[2026-05-07 11:30:04] Saved 4 rows to ucsd_occupancy_history.csv
[2026-05-07 11:30:04] Main Gym Fitness Gym: 26% (Not Busy) people=18 capacity=72 is_open=True hour_summary=open
[2026-05-07 11:30:04] Outback Climbing Center: 86% (Very Active) people=26 capacity=30 is_open=True hour_summary=open
[2026-05-07 11:30:04] RIMAC Fitness Gym: 44% (Not Busy) people=66 capacity=150 is_open=True hour_summary=open
[2026-05-07 11:30:04] Triton Esports Center: 24% (Not Busy) people=9 capacity=35 is_open=True hour_summary=open
[2026-05-07 11:30:04] === SCRAPE END OK ===
[2026-05-07 11:45:02] === SCRAPE START ===
[2026-05-07 11:45:02] Fetching https://waitz.io/live/ucsd-rec
[2026-05-07 11:45:03] Saved 4 rows to ucsd_occupancy_history.csv
[2026-05-07 11:45:03] Main Gym Fitness Gym: 17% (Not Busy) people=12 capacity=72 is_open=True hour_summary=open
[2026-05-07 11:45:03] Outback Climbing Center: 67% (Busy) people=20 capacity=30 is_open=True hour_summary=open
[2026-05-07 11:45:03] RIMAC Fitness Gym: 51% (Busy) people=76 capacity=150 is_open=True hour_summary=open
[2026-05-07 11:45:03] Triton Esports Center: 16% (Not Busy) people=6 capacity=35 is_open=True hour_summary=open
[2026-05-07 11:45:03] === SCRAPE END OK ===
[2026-05-07 12:00:02] === SCRAPE START ===
[2026-05-07 12:00:02] Fetching https://waitz.io/live/ucsd-rec
[2026-05-07 12:00:03] Saved 4 rows to ucsd_occupancy_history.csv
[2026-05-07 12:00:03] Main Gym Fitness Gym: 20% (Not Busy) people=14 capacity=72 is_open=True hour_summary=open
[2026-05-07 12:00:03] Outback Climbing Center: 54% (Busy) people=16 capacity=30 is_open=True hour_summary=open
[2026-05-07 12:00:03] RIMAC Fitness Gym: 58% (Busy) people=87 capacity=150 is_open=True hour_summary=open
[2026-05-07 12:00:03] Triton Esports Center: 16% (Not Busy) people=6 capacity=35 is_open=True hour_summary=open
[2026-05-07 12:00:03] === SCRAPE END OK ===
[2026-05-07 12:15:02] === SCRAPE START ===
[2026-05-07 12:15:02] Fetching https://waitz.io/live/ucsd-rec
[2026-05-07 12:15:03] Saved 4 rows to ucsd_occupancy_history.csv
[2026-05-07 12:15:03] Main Gym Fitness Gym: 27% (Not Busy) people=19 capacity=72 is_open=True hour_summary=open
[2026-05-07 12:15:03] Outback Climbing Center: 68% (Busy) people=20 capacity=30 is_open=True hour_summary=open
[2026-05-07 12:15:03] RIMAC Fitness Gym: 50% (Busy) people=75 capacity=150 is_open=True hour_summary=open
[2026-05-07 12:15:03] Triton Esports Center: 28% (Not Busy) people=10 capacity=35 is_open=True hour_summary=open
[2026-05-07 12:15:03] === SCRAPE END OK ===
