[2026-04-28 00:00:01] === SCRAPE START ===
[2026-04-28 00:00:01] Fetching https://waitz.io/live/ucsd-rec
[2026-04-28 00:00:02] Saved 4 rows to ucsd_occupancy_history.csv
[2026-04-28 00:00:02] Main Gym Fitness Gym: 2% (Closed) people=2 capacity=72 is_open=False hour_summary=Closed until 6:00am
[2026-04-28 00:00:02] Outback Climbing Center: 4% (Closed) people=1 capacity=30 is_open=False hour_summary=Closed until 10:00am
[2026-04-28 00:00:02] RIMAC Fitness Gym: 0% (Closed) people=0 capacity=150 is_open=False hour_summary=Closed until 6:00am
[2026-04-28 00:00:02] Triton Esports Center: 0% (Closed) people=0 capacity=35 is_open=False hour_summary=Closed until 7:30am
[2026-04-28 00:00:02] === SCRAPE END OK ===
[2026-04-28 00:15:02] === SCRAPE START ===
[2026-04-28 00:15:02] Fetching https://waitz.io/live/ucsd-rec
[2026-04-28 00:15:03] Saved 4 rows to ucsd_occupancy_history.csv
[2026-04-28 00:15:03] Main Gym Fitness Gym: 1% (Closed) people=1 capacity=72 is_open=False hour_summary=Closed until 6:00am
[2026-04-28 00:15:03] Outback Climbing Center: 2% (Closed) people=0 capacity=30 is_open=False hour_summary=Closed until 10:00am
[2026-04-28 00:15:03] RIMAC Fitness Gym: 0% (Closed) people=0 capacity=150 is_open=False hour_summary=Closed until 6:00am
[2026-04-28 00:15:03] Triton Esports Center: 0% (Closed) people=0 capacity=35 is_open=False hour_summary=Closed until 7:30am
[2026-04-28 00:15:03] === SCRAPE END OK ===
[2026-04-28 00:30:02] === SCRAPE START ===
[2026-04-28 00:30:02] Fetching https://waitz.io/live/ucsd-rec
[2026-04-28 00:30:04] Saved 4 rows to ucsd_occupancy_history.csv
[2026-04-28 00:30:04] Main Gym Fitness Gym: 1% (Closed) people=1 capacity=72 is_open=False hour_summary=Closed until 6:00am
[2026-04-28 00:30:04] Outback Climbing Center: 2% (Closed) people=1 capacity=30 is_open=False hour_summary=Closed until 10:00am
[2026-04-28 00:30:04] RIMAC Fitness Gym: 0% (Closed) people=0 capacity=150 is_open=False hour_summary=Closed until 6:00am
[2026-04-28 00:30:04] Triton Esports Center: 0% (Closed) people=0 capacity=35 is_open=False hour_summary=Closed until 7:30am
[2026-04-28 00:30:04] === SCRAPE END OK ===
[2026-04-28 00:45:02] === SCRAPE START ===
[2026-04-28 00:45:02] Fetching https://waitz.io/live/ucsd-rec
[2026-04-28 00:45:03] Saved 4 rows to ucsd_occupancy_history.csv
[2026-04-28 00:45:03] Main Gym Fitness Gym: 1% (Closed) people=1 capacity=72 is_open=False hour_summary=Closed until 6:00am
[2026-04-28 00:45:03] Outback Climbing Center: 6% (Closed) people=2 capacity=30 is_open=False hour_summary=Closed until 10:00am
[2026-04-28 00:45:03] RIMAC Fitness Gym: 0% (Closed) people=0 capacity=150 is_open=False hour_summary=Closed until 6:00am
[2026-04-28 00:45:03] Triton Esports Center: 0% (Closed) people=0 capacity=35 is_open=False hour_summary=Closed until 7:30am
[2026-04-28 00:45:03] === SCRAPE END OK ===
[2026-04-28 01:00:02] === SCRAPE START ===
[2026-04-28 01:00:02] Fetching https://waitz.io/live/ucsd-rec
[2026-04-28 01:00:03] Saved 4 rows to ucsd_occupancy_history.csv
[2026-04-28 01:00:03] Main Gym Fitness Gym: 1% (Closed) people=1 capacity=72 is_open=False hour_summary=Closed until 6:00am
[2026-04-28 01:00:03] Outback Climbing Center: 6% (Closed) people=2 capacity=30 is_open=False hour_summary=Closed until 10:00am
[2026-04-28 01:00:03] RIMAC Fitness Gym: 0% (Closed) people=0 capacity=150 is_open=False hour_summary=Closed until 6:00am
[2026-04-28 01:00:03] Triton Esports Center: 0% (Closed) people=0 capacity=35 is_open=False hour_summary=Closed until 7:30am
[2026-04-28 01:00:03] === SCRAPE END OK ===
[2026-04-28 01:15:02] === SCRAPE START ===
[2026-04-28 01:15:02] Fetching https://waitz.io/live/ucsd-rec
[2026-04-28 01:15:03] Saved 4 rows to ucsd_occupancy_history.csv
[2026-04-28 01:15:03] Main Gym Fitness Gym: 1% (Closed) people=1 capacity=72 is_open=False hour_summary=Closed until 6:00am
[2026-04-28 01:15:03] Outback Climbing Center: 2% (Closed) people=1 capacity=30 is_open=False hour_summary=Closed until 10:00am
[2026-04-28 01:15:03] RIMAC Fitness Gym: 0% (Closed) people=0 capacity=150 is_open=False hour_summary=Closed until 6:00am
[2026-04-28 01:15:03] Triton Esports Center: 0% (Closed) people=0 capacity=35 is_open=False hour_summary=Closed until 7:30am
[2026-04-28 01:15:03] === SCRAPE END OK ===
[2026-04-28 01:30:02] === SCRAPE START ===
[2026-04-28 01:30:02] Fetching https://waitz.io/live/ucsd-rec
[2026-04-28 01:30:03] Saved 4 rows to ucsd_occupancy_history.csv
[2026-04-28 01:30:03] Main Gym Fitness Gym: 0% (Closed) people=0 capacity=72 is_open=False hour_summary=Closed until 6:00am
[2026-04-28 01:30:03] Outback Climbing Center: 1% (Closed) people=0 capacity=30 is_open=False hour_summary=Closed until 10:00am
[2026-04-28 01:30:03] RIMAC Fitness Gym: 0% (Closed) people=0 capacity=150 is_open=False hour_summary=Closed until 6:00am
[2026-04-28 01:30:03] Triton Esports Center: 0% (Closed) people=0 capacity=35 is_open=False hour_summary=Closed until 7:30am
[2026-04-28 01:30:03] === SCRAPE END OK ===
[2026-04-28 01:45:02] === SCRAPE START ===
[2026-04-28 01:45:02] Fetching https://waitz.io/live/ucsd-rec
[2026-04-28 01:45:03] Saved 4 rows to ucsd_occupancy_history.csv
[2026-04-28 01:45:03] Main Gym Fitness Gym: 1% (Closed) people=1 capacity=72 is_open=False hour_summary=Closed until 6:00am
[2026-04-28 01:45:03] Outback Climbing Center: 3% (Closed) people=1 capacity=30 is_open=False hour_summary=Closed until 10:00am
[2026-04-28 01:45:03] RIMAC Fitness Gym: 0% (Closed) people=0 capacity=150 is_open=False hour_summary=Closed until 6:00am
[2026-04-28 01:45:03] Triton Esports Center: 0% (Closed) people=0 capacity=35 is_open=False hour_summary=Closed until 7:30am
[2026-04-28 01:45:03] === SCRAPE END OK ===
[2026-04-28 02:00:02] === SCRAPE START ===
[2026-04-28 02:00:02] Fetching https://waitz.io/live/ucsd-rec
[2026-04-28 02:00:03] Saved 4 rows to ucsd_occupancy_history.csv
[2026-04-28 02:00:03] Main Gym Fitness Gym: 1% (Closed) people=1 capacity=72 is_open=False hour_summary=Closed until 6:00am
[2026-04-28 02:00:03] Outback Climbing Center: 3% (Closed) people=1 capacity=30 is_open=False hour_summary=Closed until 10:00am
[2026-04-28 02:00:03] RIMAC Fitness Gym: 0% (Closed) people=0 capacity=150 is_open=False hour_summary=Closed until 6:00am
[2026-04-28 02:00:03] Triton Esports Center: 0% (Closed) people=0 capacity=35 is_open=False hour_summary=Closed until 7:30am
[2026-04-28 02:00:03] === SCRAPE END OK ===
[2026-04-28 02:15:02] === SCRAPE START ===
[2026-04-28 02:15:02] Fetching https://waitz.io/live/ucsd-rec
[2026-04-28 02:15:03] Saved 4 rows to ucsd_occupancy_history.csv
[2026-04-28 02:15:03] Main Gym Fitness Gym: 0% (Closed) people=0 capacity=72 is_open=False hour_summary=Closed until 6:00am
[2026-04-28 02:15:03] Outback Climbing Center: 1% (Closed) people=0 capacity=30 is_open=False hour_summary=Closed until 10:00am
[2026-04-28 02:15:03] RIMAC Fitness Gym: 0% (Closed) people=0 capacity=150 is_open=False hour_summary=Closed until 6:00am
[2026-04-28 02:15:03] Triton Esports Center: 1% (Closed) people=0 capacity=35 is_open=False hour_summary=Closed until 7:30am
[2026-04-28 02:15:03] === SCRAPE END OK ===
[2026-04-28 02:30:02] === SCRAPE START ===
[2026-04-28 02:30:02] Fetching https://waitz.io/live/ucsd-rec
[2026-04-28 02:30:03] Saved 4 rows to ucsd_occupancy_history.csv
[2026-04-28 02:30:03] Main Gym Fitness Gym: 1% (Closed) people=1 capacity=72 is_open=False hour_summary=Closed until 6:00am
[2026-04-28 02:30:03] Outback Climbing Center: 1% (Closed) people=0 capacity=30 is_open=False hour_summary=Closed until 10:00am
[2026-04-28 02:30:03] RIMAC Fitness Gym: 0% (Closed) people=0 capacity=150 is_open=False hour_summary=Closed until 6:00am
[2026-04-28 02:30:03] Triton Esports Center: 0% (Closed) people=0 capacity=35 is_open=False hour_summary=Closed until 7:30am
[2026-04-28 02:30:03] === SCRAPE END OK ===
[2026-04-28 02:45:02] === SCRAPE START ===
[2026-04-28 02:45:02] Fetching https://waitz.io/live/ucsd-rec
[2026-04-28 02:45:03] Saved 4 rows to ucsd_occupancy_history.csv
[2026-04-28 02:45:03] Main Gym Fitness Gym: 1% (Closed) people=1 capacity=72 is_open=False hour_summary=Closed until 6:00am
[2026-04-28 02:45:03] Outback Climbing Center: 1% (Closed) people=0 capacity=30 is_open=False hour_summary=Closed until 10:00am
[2026-04-28 02:45:03] RIMAC Fitness Gym: 0% (Closed) people=0 capacity=150 is_open=False hour_summary=Closed until 6:00am
[2026-04-28 02:45:03] Triton Esports Center: 0% (Closed) people=0 capacity=35 is_open=False hour_summary=Closed until 7:30am
[2026-04-28 02:45:03] === SCRAPE END OK ===
[2026-04-28 03:00:02] === SCRAPE START ===
[2026-04-28 03:00:02] Fetching https://waitz.io/live/ucsd-rec
[2026-04-28 03:00:03] Saved 4 rows to ucsd_occupancy_history.csv
[2026-04-28 03:00:03] Main Gym Fitness Gym: 1% (Closed) people=1 capacity=72 is_open=False hour_summary=Closed until 6:00am
[2026-04-28 03:00:03] Outback Climbing Center: 2% (Closed) people=1 capacity=30 is_open=False hour_summary=Closed until 10:00am
[2026-04-28 03:00:03] RIMAC Fitness Gym: 0% (Closed) people=0 capacity=150 is_open=False hour_summary=Closed until 6:00am
[2026-04-28 03:00:03] Triton Esports Center: 0% (Closed) people=0 capacity=35 is_open=False hour_summary=Closed until 7:30am
[2026-04-28 03:00:03] === SCRAPE END OK ===
[2026-04-28 03:15:02] === SCRAPE START ===
[2026-04-28 03:15:02] Fetching https://waitz.io/live/ucsd-rec
[2026-04-28 03:15:02] Saved 4 rows to ucsd_occupancy_history.csv
[2026-04-28 03:15:02] Main Gym Fitness Gym: 1% (Closed) people=1 capacity=72 is_open=False hour_summary=Closed until 6:00am
[2026-04-28 03:15:02] Outback Climbing Center: 1% (Closed) people=0 capacity=30 is_open=False hour_summary=Closed until 10:00am
[2026-04-28 03:15:02] RIMAC Fitness Gym: 0% (Closed) people=0 capacity=150 is_open=False hour_summary=Closed until 6:00am
[2026-04-28 03:15:02] Triton Esports Center: 0% (Closed) people=0 capacity=35 is_open=False hour_summary=Closed until 7:30am
[2026-04-28 03:15:02] === SCRAPE END OK ===
[2026-04-28 03:30:02] === SCRAPE START ===
[2026-04-28 03:30:02] Fetching https://waitz.io/live/ucsd-rec
[2026-04-28 03:30:03] Saved 4 rows to ucsd_occupancy_history.csv
[2026-04-28 03:30:03] Main Gym Fitness Gym: 1% (Closed) people=1 capacity=72 is_open=False hour_summary=Closed until 6:00am
[2026-04-28 03:30:03] Outback Climbing Center: 3% (Closed) people=1 capacity=30 is_open=False hour_summary=Closed until 10:00am
[2026-04-28 03:30:03] RIMAC Fitness Gym: 0% (Closed) people=0 capacity=150 is_open=False hour_summary=Closed until 6:00am
[2026-04-28 03:30:03] Triton Esports Center: 0% (Closed) people=0 capacity=35 is_open=False hour_summary=Closed until 7:30am
[2026-04-28 03:30:03] === SCRAPE END OK ===
[2026-04-28 03:45:02] === SCRAPE START ===
[2026-04-28 03:45:02] Fetching https://waitz.io/live/ucsd-rec
[2026-04-28 03:45:03] Saved 4 rows to ucsd_occupancy_history.csv
[2026-04-28 03:45:03] Main Gym Fitness Gym: 1% (Closed) people=1 capacity=72 is_open=False hour_summary=Closed until 6:00am
[2026-04-28 03:45:03] Outback Climbing Center: 3% (Closed) people=1 capacity=30 is_open=False hour_summary=Closed until 10:00am
[2026-04-28 03:45:03] RIMAC Fitness Gym: 0% (Closed) people=0 capacity=150 is_open=False hour_summary=Closed until 6:00am
[2026-04-28 03:45:03] Triton Esports Center: 0% (Closed) people=0 capacity=35 is_open=False hour_summary=Closed until 7:30am
[2026-04-28 03:45:03] === SCRAPE END OK ===
[2026-04-28 04:00:02] === SCRAPE START ===
[2026-04-28 04:00:02] Fetching https://waitz.io/live/ucsd-rec
[2026-04-28 04:00:03] Saved 4 rows to ucsd_occupancy_history.csv
[2026-04-28 04:00:03] Main Gym Fitness Gym: 1% (Closed) people=1 capacity=72 is_open=False hour_summary=Closed until 6:00am
[2026-04-28 04:00:03] Outback Climbing Center: 1% (Closed) people=0 capacity=30 is_open=False hour_summary=Closed until 10:00am
[2026-04-28 04:00:03] RIMAC Fitness Gym: 0% (Closed) people=0 capacity=150 is_open=False hour_summary=Closed until 6:00am
[2026-04-28 04:00:03] Triton Esports Center: 0% (Closed) people=0 capacity=35 is_open=False hour_summary=Closed until 7:30am
[2026-04-28 04:00:03] === SCRAPE END OK ===
[2026-04-28 04:15:02] === SCRAPE START ===
[2026-04-28 04:15:02] Fetching https://waitz.io/live/ucsd-rec
[2026-04-28 04:15:03] Saved 4 rows to ucsd_occupancy_history.csv
[2026-04-28 04:15:03] Main Gym Fitness Gym: 1% (Closed) people=1 capacity=72 is_open=False hour_summary=Closed until 6:00am
[2026-04-28 04:15:03] Outback Climbing Center: 1% (Closed) people=0 capacity=30 is_open=False hour_summary=Closed until 10:00am
[2026-04-28 04:15:03] RIMAC Fitness Gym: 0% (Closed) people=0 capacity=150 is_open=False hour_summary=Closed until 6:00am
[2026-04-28 04:15:03] Triton Esports Center: 0% (Closed) people=0 capacity=35 is_open=False hour_summary=Closed until 7:30am
[2026-04-28 04:15:03] === SCRAPE END OK ===
[2026-04-28 04:30:02] === SCRAPE START ===
[2026-04-28 04:30:02] Fetching https://waitz.io/live/ucsd-rec
[2026-04-28 04:30:03] Saved 4 rows to ucsd_occupancy_history.csv
[2026-04-28 04:30:03] Main Gym Fitness Gym: 1% (Closed) people=1 capacity=72 is_open=False hour_summary=Closed until 6:00am
[2026-04-28 04:30:03] Outback Climbing Center: 3% (Closed) people=1 capacity=30 is_open=False hour_summary=Closed until 10:00am
[2026-04-28 04:30:03] RIMAC Fitness Gym: 0% (Closed) people=0 capacity=150 is_open=False hour_summary=Closed until 6:00am
[2026-04-28 04:30:03] Triton Esports Center: 0% (Closed) people=0 capacity=35 is_open=False hour_summary=Closed until 7:30am
[2026-04-28 04:30:03] === SCRAPE END OK ===
[2026-04-28 04:45:02] === SCRAPE START ===
[2026-04-28 04:45:02] Fetching https://waitz.io/live/ucsd-rec
[2026-04-28 04:45:03] Saved 4 rows to ucsd_occupancy_history.csv
[2026-04-28 04:45:03] Main Gym Fitness Gym: 1% (Closed) people=1 capacity=72 is_open=False hour_summary=Closed until 6:00am
[2026-04-28 04:45:03] Outback Climbing Center: 1% (Closed) people=0 capacity=30 is_open=False hour_summary=Closed until 10:00am
[2026-04-28 04:45:03] RIMAC Fitness Gym: 0% (Closed) people=0 capacity=150 is_open=False hour_summary=Closed until 6:00am
[2026-04-28 04:45:03] Triton Esports Center: 0% (Closed) people=0 capacity=35 is_open=False hour_summary=Closed until 7:30am
[2026-04-28 04:45:03] === SCRAPE END OK ===
[2026-04-28 05:00:02] === SCRAPE START ===
[2026-04-28 05:00:02] Fetching https://waitz.io/live/ucsd-rec
[2026-04-28 05:00:03] Saved 4 rows to ucsd_occupancy_history.csv
[2026-04-28 05:00:03] Main Gym Fitness Gym: 1% (Closed) people=1 capacity=72 is_open=False hour_summary=Closed until 6:00am
[2026-04-28 05:00:03] Outback Climbing Center: 1% (Closed) people=0 capacity=30 is_open=False hour_summary=Closed until 10:00am
[2026-04-28 05:00:03] RIMAC Fitness Gym: 0% (Closed) people=0 capacity=150 is_open=False hour_summary=Closed until 6:00am
[2026-04-28 05:00:03] Triton Esports Center: 0% (Closed) people=0 capacity=35 is_open=False hour_summary=Closed until 7:30am
[2026-04-28 05:00:03] === SCRAPE END OK ===
[2026-04-28 05:15:02] === SCRAPE START ===
[2026-04-28 05:15:02] Fetching https://waitz.io/live/ucsd-rec
[2026-04-28 05:15:03] Saved 4 rows to ucsd_occupancy_history.csv
[2026-04-28 05:15:03] Main Gym Fitness Gym: 1% (Closed) people=1 capacity=72 is_open=False hour_summary=Closed until 6:00am
[2026-04-28 05:15:03] Outback Climbing Center: 5% (Closed) people=2 capacity=30 is_open=False hour_summary=Closed until 10:00am
[2026-04-28 05:15:03] RIMAC Fitness Gym: 0% (Closed) people=0 capacity=150 is_open=False hour_summary=Closed until 6:00am
[2026-04-28 05:15:03] Triton Esports Center: 0% (Closed) people=0 capacity=35 is_open=False hour_summary=Closed until 7:30am
[2026-04-28 05:15:03] === SCRAPE END OK ===
[2026-04-28 05:30:02] === SCRAPE START ===
[2026-04-28 05:30:02] Fetching https://waitz.io/live/ucsd-rec
[2026-04-28 05:30:03] Saved 4 rows to ucsd_occupancy_history.csv
[2026-04-28 05:30:03] Main Gym Fitness Gym: 1% (Closed) people=1 capacity=72 is_open=False hour_summary=Closed until 6:00am
[2026-04-28 05:30:03] Outback Climbing Center: 3% (Closed) people=1 capacity=30 is_open=False hour_summary=Closed until 10:00am
[2026-04-28 05:30:03] RIMAC Fitness Gym: 0% (Closed) people=0 capacity=150 is_open=False hour_summary=Closed until 6:00am
[2026-04-28 05:30:03] Triton Esports Center: 0% (Closed) people=0 capacity=35 is_open=False hour_summary=Closed until 7:30am
[2026-04-28 05:30:03] === SCRAPE END OK ===
[2026-04-28 05:45:02] === SCRAPE START ===
[2026-04-28 05:45:02] Fetching https://waitz.io/live/ucsd-rec
[2026-04-28 05:45:03] Saved 4 rows to ucsd_occupancy_history.csv
[2026-04-28 05:45:03] Main Gym Fitness Gym: 1% (Closed) people=1 capacity=72 is_open=False hour_summary=Closed until 6:00am
[2026-04-28 05:45:03] Outback Climbing Center: 3% (Closed) people=1 capacity=30 is_open=False hour_summary=Closed until 10:00am
[2026-04-28 05:45:03] RIMAC Fitness Gym: 0% (Closed) people=0 capacity=150 is_open=False hour_summary=Closed until 6:00am
[2026-04-28 05:45:03] Triton Esports Center: 0% (Closed) people=0 capacity=35 is_open=False hour_summary=Closed until 7:30am
[2026-04-28 05:45:03] === SCRAPE END OK ===
[2026-04-28 06:00:02] === SCRAPE START ===
[2026-04-28 06:00:02] Fetching https://waitz.io/live/ucsd-rec
[2026-04-28 06:00:03] Saved 4 rows to ucsd_occupancy_history.csv
[2026-04-28 06:00:03] Main Gym Fitness Gym: 4% (Not Busy) people=3 capacity=72 is_open=True hour_summary=open
[2026-04-28 06:00:03] Outback Climbing Center: 3% (Closed) people=1 capacity=30 is_open=False hour_summary=Closed until 10:00am
[2026-04-28 06:00:03] RIMAC Fitness Gym: 0% (Not Busy) people=1 capacity=150 is_open=True hour_summary=open
[2026-04-28 06:00:03] Triton Esports Center: 0% (Closed) people=0 capacity=35 is_open=False hour_summary=Closed until 7:30am
[2026-04-28 06:00:03] === SCRAPE END OK ===
[2026-04-28 06:15:02] === SCRAPE START ===
[2026-04-28 06:15:02] Fetching https://waitz.io/live/ucsd-rec
[2026-04-28 06:15:03] Saved 4 rows to ucsd_occupancy_history.csv
[2026-04-28 06:15:03] Main Gym Fitness Gym: 9% (Not Busy) people=7 capacity=72 is_open=True hour_summary=open
[2026-04-28 06:15:03] Outback Climbing Center: 5% (Closed) people=1 capacity=30 is_open=False hour_summary=Closed until 10:00am
[2026-04-28 06:15:03] RIMAC Fitness Gym: 16% (Not Busy) people=24 capacity=150 is_open=True hour_summary=open
[2026-04-28 06:15:03] Triton Esports Center: 0% (Closed) people=0 capacity=35 is_open=False hour_summary=Closed until 7:30am
[2026-04-28 06:15:03] === SCRAPE END OK ===
[2026-04-28 06:30:02] === SCRAPE START ===
[2026-04-28 06:30:02] Fetching https://waitz.io/live/ucsd-rec
[2026-04-28 06:30:04] Saved 4 rows to ucsd_occupancy_history.csv
[2026-04-28 06:30:04] Main Gym Fitness Gym: 25% (Not Busy) people=18 capacity=72 is_open=True hour_summary=open
[2026-04-28 06:30:04] Outback Climbing Center: 7% (Closed) people=2 capacity=30 is_open=False hour_summary=Closed until 10:00am
[2026-04-28 06:30:04] RIMAC Fitness Gym: 21% (Not Busy) people=31 capacity=150 is_open=True hour_summary=open
[2026-04-28 06:30:04] Triton Esports Center: 0% (Closed) people=0 capacity=35 is_open=False hour_summary=Closed until 7:30am
[2026-04-28 06:30:04] === SCRAPE END OK ===
[2026-04-28 06:45:02] === SCRAPE START ===
[2026-04-28 06:45:02] Fetching https://waitz.io/live/ucsd-rec
[2026-04-28 06:45:03] Saved 4 rows to ucsd_occupancy_history.csv
[2026-04-28 06:45:03] Main Gym Fitness Gym: 16% (Not Busy) people=11 capacity=72 is_open=True hour_summary=open
[2026-04-28 06:45:03] Outback Climbing Center: 4% (Closed) people=1 capacity=30 is_open=False hour_summary=Closed until 10:00am
[2026-04-28 06:45:03] RIMAC Fitness Gym: 33% (Not Busy) people=49 capacity=150 is_open=True hour_summary=open
[2026-04-28 06:45:03] Triton Esports Center: 0% (Closed) people=0 capacity=35 is_open=False hour_summary=Closed until 7:30am
[2026-04-28 06:45:03] === SCRAPE END OK ===
[2026-04-28 07:00:02] === SCRAPE START ===
[2026-04-28 07:00:02] Fetching https://waitz.io/live/ucsd-rec
[2026-04-28 07:00:03] Saved 4 rows to ucsd_occupancy_history.csv
[2026-04-28 07:00:03] Main Gym Fitness Gym: 19% (Not Busy) people=14 capacity=72 is_open=True hour_summary=open
[2026-04-28 07:00:03] Outback Climbing Center: 8% (Closed) people=3 capacity=30 is_open=False hour_summary=Closed until 10:00am
[2026-04-28 07:00:03] RIMAC Fitness Gym: 36% (Not Busy) people=53 capacity=150 is_open=True hour_summary=open
[2026-04-28 07:00:03] Triton Esports Center: 0% (Closed) people=0 capacity=35 is_open=False hour_summary=Closed until 7:30am
[2026-04-28 07:00:03] === SCRAPE END OK ===
[2026-04-28 07:15:02] === SCRAPE START ===
[2026-04-28 07:15:02] Fetching https://waitz.io/live/ucsd-rec
[2026-04-28 07:15:03] Saved 4 rows to ucsd_occupancy_history.csv
[2026-04-28 07:15:03] Main Gym Fitness Gym: 16% (Not Busy) people=11 capacity=72 is_open=True hour_summary=open
[2026-04-28 07:15:03] Outback Climbing Center: 5% (Closed) people=2 capacity=30 is_open=False hour_summary=Closed until 10:00am
[2026-04-28 07:15:03] RIMAC Fitness Gym: 37% (Not Busy) people=56 capacity=150 is_open=True hour_summary=open
[2026-04-28 07:15:03] Triton Esports Center: 0% (Closed) people=0 capacity=35 is_open=False hour_summary=Closed until 7:30am
[2026-04-28 07:15:03] === SCRAPE END OK ===
[2026-04-28 07:30:02] === SCRAPE START ===
[2026-04-28 07:30:02] Fetching https://waitz.io/live/ucsd-rec
[2026-04-28 07:30:03] Saved 4 rows to ucsd_occupancy_history.csv
[2026-04-28 07:30:03] Main Gym Fitness Gym: 4% (Not Busy) people=3 capacity=72 is_open=True hour_summary=open
[2026-04-28 07:30:03] Outback Climbing Center: 4% (Closed) people=1 capacity=30 is_open=False hour_summary=Closed until 10:00am
[2026-04-28 07:30:03] RIMAC Fitness Gym: 38% (Not Busy) people=58 capacity=150 is_open=True hour_summary=open
[2026-04-28 07:30:03] Triton Esports Center: 0% (Not Busy) people=0 capacity=35 is_open=True hour_summary=open
[2026-04-28 07:30:03] === SCRAPE END OK ===
[2026-04-28 07:45:02] === SCRAPE START ===
[2026-04-28 07:45:02] Fetching https://waitz.io/live/ucsd-rec
[2026-04-28 07:45:03] Saved 4 rows to ucsd_occupancy_history.csv
[2026-04-28 07:45:03] Main Gym Fitness Gym: 18% (Not Busy) people=13 capacity=72 is_open=True hour_summary=open
[2026-04-28 07:45:03] Outback Climbing Center: 14% (Closed) people=4 capacity=30 is_open=False hour_summary=Closed until 10:00am
[2026-04-28 07:45:03] RIMAC Fitness Gym: 35% (Not Busy) people=52 capacity=150 is_open=True hour_summary=open
[2026-04-28 07:45:03] Triton Esports Center: 0% (Not Busy) people=0 capacity=35 is_open=True hour_summary=open
[2026-04-28 07:45:03] === SCRAPE END OK ===
[2026-04-28 08:00:02] === SCRAPE START ===
[2026-04-28 08:00:02] Fetching https://waitz.io/live/ucsd-rec
[2026-04-28 08:00:03] Saved 4 rows to ucsd_occupancy_history.csv
[2026-04-28 08:00:03] Main Gym Fitness Gym: 9% (Not Busy) people=7 capacity=72 is_open=True hour_summary=open
[2026-04-28 08:00:03] Outback Climbing Center: 13% (Closed) people=4 capacity=30 is_open=False hour_summary=Closed until 10:00am
[2026-04-28 08:00:03] RIMAC Fitness Gym: 34% (Not Busy) people=52 capacity=150 is_open=True hour_summary=open
[2026-04-28 08:00:03] Triton Esports Center: 0% (Not Busy) people=0 capacity=35 is_open=True hour_summary=open
[2026-04-28 08:00:03] === SCRAPE END OK ===
[2026-04-28 08:15:02] === SCRAPE START ===
[2026-04-28 08:15:02] Fetching https://waitz.io/live/ucsd-rec
[2026-04-28 08:15:03] Saved 4 rows to ucsd_occupancy_history.csv
[2026-04-28 08:15:03] Main Gym Fitness Gym: 25% (Not Busy) people=18 capacity=72 is_open=True hour_summary=open
[2026-04-28 08:15:03] Outback Climbing Center: 13% (Closed) people=4 capacity=30 is_open=False hour_summary=Closed until 10:00am
[2026-04-28 08:15:03] RIMAC Fitness Gym: 40% (Not Busy) people=61 capacity=150 is_open=True hour_summary=open
[2026-04-28 08:15:03] Triton Esports Center: 0% (Not Busy) people=0 capacity=35 is_open=True hour_summary=open
[2026-04-28 08:15:03] === SCRAPE END OK ===
[2026-04-28 08:30:02] === SCRAPE START ===
[2026-04-28 08:30:02] Fetching https://waitz.io/live/ucsd-rec
[2026-04-28 08:30:03] Saved 4 rows to ucsd_occupancy_history.csv
[2026-04-28 08:30:03] Main Gym Fitness Gym: 19% (Not Busy) people=14 capacity=72 is_open=True hour_summary=open
[2026-04-28 08:30:03] Outback Climbing Center: 15% (Closed) people=4 capacity=30 is_open=False hour_summary=Closed until 10:00am
[2026-04-28 08:30:03] RIMAC Fitness Gym: 38% (Not Busy) people=57 capacity=150 is_open=True hour_summary=open
[2026-04-28 08:30:03] Triton Esports Center: 0% (Not Busy) people=0 capacity=35 is_open=True hour_summary=open
[2026-04-28 08:30:03] === SCRAPE END OK ===
[2026-04-28 08:45:02] === SCRAPE START ===
[2026-04-28 08:45:02] Fetching https://waitz.io/live/ucsd-rec
[2026-04-28 08:45:03] Saved 4 rows to ucsd_occupancy_history.csv
[2026-04-28 08:45:03] Main Gym Fitness Gym: 28% (Not Busy) people=20 capacity=72 is_open=True hour_summary=open
[2026-04-28 08:45:03] Outback Climbing Center: 5% (Closed) people=1 capacity=30 is_open=False hour_summary=Closed until 10:00am
[2026-04-28 08:45:03] RIMAC Fitness Gym: 31% (Not Busy) people=46 capacity=150 is_open=True hour_summary=open
[2026-04-28 08:45:03] Triton Esports Center: 0% (Not Busy) people=0 capacity=35 is_open=True hour_summary=open
[2026-04-28 08:45:03] === SCRAPE END OK ===
[2026-04-28 09:00:02] === SCRAPE START ===
[2026-04-28 09:00:02] Fetching https://waitz.io/live/ucsd-rec
[2026-04-28 09:00:03] Saved 4 rows to ucsd_occupancy_history.csv
[2026-04-28 09:00:03] Main Gym Fitness Gym: 27% (Not Busy) people=20 capacity=72 is_open=True hour_summary=open
[2026-04-28 09:00:03] Outback Climbing Center: 5% (Closed) people=2 capacity=30 is_open=False hour_summary=Closed until 10:00am
[2026-04-28 09:00:03] RIMAC Fitness Gym: 36% (Not Busy) people=54 capacity=150 is_open=True hour_summary=open
[2026-04-28 09:00:03] Triton Esports Center: 1% (Not Busy) people=0 capacity=35 is_open=True hour_summary=open
[2026-04-28 09:00:03] === SCRAPE END OK ===
[2026-04-28 09:15:02] === SCRAPE START ===
[2026-04-28 09:15:02] Fetching https://waitz.io/live/ucsd-rec
[2026-04-28 09:15:03] Saved 4 rows to ucsd_occupancy_history.csv
[2026-04-28 09:15:03] Main Gym Fitness Gym: 12% (Not Busy) people=9 capacity=72 is_open=True hour_summary=open
[2026-04-28 09:15:03] Outback Climbing Center: 1% (Closed) people=0 capacity=30 is_open=False hour_summary=Closed until 10:00am
[2026-04-28 09:15:03] RIMAC Fitness Gym: 42% (Not Busy) people=64 capacity=150 is_open=True hour_summary=open
[2026-04-28 09:15:03] Triton Esports Center: 14% (Not Busy) people=5 capacity=35 is_open=True hour_summary=open
[2026-04-28 09:15:03] === SCRAPE END OK ===
[2026-04-28 09:30:02] === SCRAPE START ===
[2026-04-28 09:30:02] Fetching https://waitz.io/live/ucsd-rec
[2026-04-28 09:30:03] Saved 4 rows to ucsd_occupancy_history.csv
[2026-04-28 09:30:03] Main Gym Fitness Gym: 37% (Not Busy) people=27 capacity=72 is_open=True hour_summary=open
[2026-04-28 09:30:03] Outback Climbing Center: 6% (Closed) people=2 capacity=30 is_open=False hour_summary=Closed until 10:00am
[2026-04-28 09:30:03] RIMAC Fitness Gym: 43% (Not Busy) people=65 capacity=150 is_open=True hour_summary=open
[2026-04-28 09:30:03] Triton Esports Center: 4% (Not Busy) people=1 capacity=35 is_open=True hour_summary=open
[2026-04-28 09:30:03] === SCRAPE END OK ===
[2026-04-28 09:45:02] === SCRAPE START ===
[2026-04-28 09:45:02] Fetching https://waitz.io/live/ucsd-rec
[2026-04-28 09:45:03] Saved 4 rows to ucsd_occupancy_history.csv
[2026-04-28 09:45:03] Main Gym Fitness Gym: 25% (Not Busy) people=18 capacity=72 is_open=True hour_summary=open
[2026-04-28 09:45:03] Outback Climbing Center: 6% (Closed) people=2 capacity=30 is_open=False hour_summary=Closed until 10:00am
[2026-04-28 09:45:03] RIMAC Fitness Gym: 47% (Busy) people=70 capacity=150 is_open=True hour_summary=open
[2026-04-28 09:45:03] Triton Esports Center: 17% (Not Busy) people=6 capacity=35 is_open=True hour_summary=open
[2026-04-28 09:45:03] === SCRAPE END OK ===
[2026-04-28 10:00:02] === SCRAPE START ===
[2026-04-28 10:00:02] Fetching https://waitz.io/live/ucsd-rec
[2026-04-28 10:00:03] Saved 4 rows to ucsd_occupancy_history.csv
[2026-04-28 10:00:03] Main Gym Fitness Gym: 7% (Not Busy) people=5 capacity=72 is_open=True hour_summary=open
[2026-04-28 10:00:03] Outback Climbing Center: 1% (Not Busy) people=0 capacity=30 is_open=True hour_summary=open
[2026-04-28 10:00:03] RIMAC Fitness Gym: 54% (Busy) people=82 capacity=150 is_open=True hour_summary=open
[2026-04-28 10:00:03] Triton Esports Center: 11% (Not Busy) people=4 capacity=35 is_open=True hour_summary=open
[2026-04-28 10:00:03] === SCRAPE END OK ===
[2026-04-28 10:15:02] === SCRAPE START ===
[2026-04-28 10:15:02] Fetching https://waitz.io/live/ucsd-rec
[2026-04-28 10:15:03] Saved 4 rows to ucsd_occupancy_history.csv
[2026-04-28 10:15:03] Main Gym Fitness Gym: 17% (Not Busy) people=12 capacity=72 is_open=True hour_summary=open
[2026-04-28 10:15:03] Outback Climbing Center: 41% (Not Busy) people=12 capacity=30 is_open=True hour_summary=open
[2026-04-28 10:15:03] RIMAC Fitness Gym: 63% (Busy) people=95 capacity=150 is_open=True hour_summary=open
[2026-04-28 10:15:03] Triton Esports Center: 16% (Not Busy) people=6 capacity=35 is_open=True hour_summary=open
[2026-04-28 10:15:03] === SCRAPE END OK ===
[2026-04-28 10:30:02] === SCRAPE START ===
[2026-04-28 10:30:02] Fetching https://waitz.io/live/ucsd-rec
[2026-04-28 10:30:03] Saved 4 rows to ucsd_occupancy_history.csv
[2026-04-28 10:30:03] Main Gym Fitness Gym: 23% (Not Busy) people=16 capacity=72 is_open=True hour_summary=open
[2026-04-28 10:30:03] Outback Climbing Center: 83% (Very Active) people=25 capacity=30 is_open=True hour_summary=open
[2026-04-28 10:30:03] RIMAC Fitness Gym: 80% (Busy) people=120 capacity=150 is_open=True hour_summary=open
[2026-04-28 10:30:03] Triton Esports Center: 26% (Not Busy) people=9 capacity=35 is_open=True hour_summary=open
[2026-04-28 10:30:03] === SCRAPE END OK ===
[2026-04-28 10:45:02] === SCRAPE START ===
[2026-04-28 10:45:02] Fetching https://waitz.io/live/ucsd-rec
[2026-04-28 10:45:03] Saved 4 rows to ucsd_occupancy_history.csv
[2026-04-28 10:45:03] Main Gym Fitness Gym: 28% (Not Busy) people=20 capacity=72 is_open=True hour_summary=open
[2026-04-28 10:45:03] Outback Climbing Center: 99% (Very Active) people=31 capacity=30 is_open=True hour_summary=open
[2026-04-28 10:45:03] RIMAC Fitness Gym: 56% (Busy) people=84 capacity=150 is_open=True hour_summary=open
[2026-04-28 10:45:03] Triton Esports Center: 14% (Not Busy) people=5 capacity=35 is_open=True hour_summary=open
[2026-04-28 10:45:03] === SCRAPE END OK ===
[2026-04-28 11:00:02] === SCRAPE START ===
[2026-04-28 11:00:02] Fetching https://waitz.io/live/ucsd-rec
[2026-04-28 11:00:03] Saved 4 rows to ucsd_occupancy_history.csv
[2026-04-28 11:00:03] Main Gym Fitness Gym: 34% (Not Busy) people=24 capacity=72 is_open=True hour_summary=open
[2026-04-28 11:00:03] Outback Climbing Center: 99% (Very Active) people=32 capacity=30 is_open=True hour_summary=open
[2026-04-28 11:00:03] RIMAC Fitness Gym: 59% (Busy) people=88 capacity=150 is_open=True hour_summary=open
[2026-04-28 11:00:03] Triton Esports Center: 25% (Not Busy) people=9 capacity=35 is_open=True hour_summary=open
[2026-04-28 11:00:03] === SCRAPE END OK ===
[2026-04-28 11:15:02] === SCRAPE START ===
[2026-04-28 11:15:02] Fetching https://waitz.io/live/ucsd-rec
[2026-04-28 11:15:03] Saved 4 rows to ucsd_occupancy_history.csv
[2026-04-28 11:15:03] Main Gym Fitness Gym: 29% (Not Busy) people=21 capacity=72 is_open=True hour_summary=open
[2026-04-28 11:15:03] Outback Climbing Center: 68% (Busy) people=20 capacity=30 is_open=True hour_summary=open
[2026-04-28 11:15:03] RIMAC Fitness Gym: 60% (Busy) people=91 capacity=150 is_open=True hour_summary=open
[2026-04-28 11:15:03] Triton Esports Center: 22% (Not Busy) people=8 capacity=35 is_open=True hour_summary=open
[2026-04-28 11:15:03] === SCRAPE END OK ===
[2026-04-28 11:30:02] === SCRAPE START ===
[2026-04-28 11:30:02] Fetching https://waitz.io/live/ucsd-rec
[2026-04-28 11:30:03] Saved 4 rows to ucsd_occupancy_history.csv
[2026-04-28 11:30:03] Main Gym Fitness Gym: 27% (Not Busy) people=19 capacity=72 is_open=True hour_summary=open
[2026-04-28 11:30:03] Outback Climbing Center: 62% (Busy) people=19 capacity=30 is_open=True hour_summary=open
[2026-04-28 11:30:03] RIMAC Fitness Gym: 64% (Busy) people=97 capacity=150 is_open=True hour_summary=open
[2026-04-28 11:30:03] Triton Esports Center: 20% (Not Busy) people=7 capacity=35 is_open=True hour_summary=open
[2026-04-28 11:30:03] === SCRAPE END OK ===
[2026-04-28 11:45:02] === SCRAPE START ===
[2026-04-28 11:45:02] Fetching https://waitz.io/live/ucsd-rec
[2026-04-28 11:45:03] Saved 4 rows to ucsd_occupancy_history.csv
[2026-04-28 11:45:03] Main Gym Fitness Gym: 33% (Not Busy) people=24 capacity=72 is_open=True hour_summary=open
[2026-04-28 11:45:03] Outback Climbing Center: 41% (Not Busy) people=12 capacity=30 is_open=True hour_summary=open
[2026-04-28 11:45:03] RIMAC Fitness Gym: 58% (Busy) people=87 capacity=150 is_open=True hour_summary=open
[2026-04-28 11:45:03] Triton Esports Center: 26% (Not Busy) people=9 capacity=35 is_open=True hour_summary=open
[2026-04-28 11:45:03] === SCRAPE END OK ===
[2026-04-28 12:00:02] === SCRAPE START ===
[2026-04-28 12:00:02] Fetching https://waitz.io/live/ucsd-rec
[2026-04-28 12:00:03] Saved 4 rows to ucsd_occupancy_history.csv
[2026-04-28 12:00:03] Main Gym Fitness Gym: 35% (Not Busy) people=25 capacity=72 is_open=True hour_summary=open
[2026-04-28 12:00:03] Outback Climbing Center: 64% (Busy) people=19 capacity=30 is_open=True hour_summary=open
[2026-04-28 12:00:03] RIMAC Fitness Gym: 69% (Busy) people=103 capacity=150 is_open=True hour_summary=open
[2026-04-28 12:00:03] Triton Esports Center: 27% (Not Busy) people=9 capacity=35 is_open=True hour_summary=open
[2026-04-28 12:00:03] === SCRAPE END OK ===
[2026-04-28 12:15:02] === SCRAPE START ===
[2026-04-28 12:15:02] Fetching https://waitz.io/live/ucsd-rec
[2026-04-28 12:15:03] Saved 4 rows to ucsd_occupancy_history.csv
[2026-04-28 12:15:03] Main Gym Fitness Gym: 22% (Not Busy) people=16 capacity=72 is_open=True hour_summary=open
[2026-04-28 12:15:03] Outback Climbing Center: 57% (Busy) people=17 capacity=30 is_open=True hour_summary=open
[2026-04-28 12:15:03] RIMAC Fitness Gym: 60% (Busy) people=91 capacity=150 is_open=True hour_summary=open
[2026-04-28 12:15:03] Triton Esports Center: 33% (Not Busy) people=11 capacity=35 is_open=True hour_summary=open
[2026-04-28 12:15:03] === SCRAPE END OK ===
[2026-04-28 12:30:02] === SCRAPE START ===
[2026-04-28 12:30:02] Fetching https://waitz.io/live/ucsd-rec
[2026-04-28 12:30:03] Saved 4 rows to ucsd_occupancy_history.csv
[2026-04-28 12:30:03] Main Gym Fitness Gym: 43% (Not Busy) people=31 capacity=72 is_open=True hour_summary=open
[2026-04-28 12:30:03] Outback Climbing Center: 80% (Busy) people=24 capacity=30 is_open=True hour_summary=open
[2026-04-28 12:30:03] RIMAC Fitness Gym: 61% (Busy) people=92 capacity=150 is_open=True hour_summary=open
[2026-04-28 12:30:03] Triton Esports Center: 53% (Busy) people=19 capacity=35 is_open=True hour_summary=open
[2026-04-28 12:30:03] === SCRAPE END OK ===
