[2026-05-08 00:00:01] === SCRAPE START ===
[2026-05-08 00:00:01] Fetching https://waitz.io/live/ucsd-rec
[2026-05-08 00:00:02] Saved 4 rows to ucsd_occupancy_history.csv
[2026-05-08 00:00:02] Main Gym Fitness Gym: 2% (Closed) people=1 capacity=72 is_open=False hour_summary=Closed until 6:00am
[2026-05-08 00:00:02] Outback Climbing Center: 2% (Closed) people=0 capacity=30 is_open=False hour_summary=Closed until 10:00am
[2026-05-08 00:00:02] RIMAC Fitness Gym: 0% (Closed) people=0 capacity=150 is_open=False hour_summary=Closed until 6:00am
[2026-05-08 00:00:02] Triton Esports Center: 0% (Closed) people=0 capacity=35 is_open=False hour_summary=Closed until 7:30am
[2026-05-08 00:00:02] === SCRAPE END OK ===
[2026-05-08 00:15:02] === SCRAPE START ===
[2026-05-08 00:15:02] Fetching https://waitz.io/live/ucsd-rec
[2026-05-08 00:15:03] Saved 4 rows to ucsd_occupancy_history.csv
[2026-05-08 00:15:03] Main Gym Fitness Gym: 1% (Closed) people=1 capacity=72 is_open=False hour_summary=Closed until 6:00am
[2026-05-08 00:15:03] Outback Climbing Center: 3% (Closed) people=1 capacity=30 is_open=False hour_summary=Closed until 10:00am
[2026-05-08 00:15:03] RIMAC Fitness Gym: 0% (Closed) people=0 capacity=150 is_open=False hour_summary=Closed until 6:00am
[2026-05-08 00:15:03] Triton Esports Center: 0% (Closed) people=0 capacity=35 is_open=False hour_summary=Closed until 7:30am
[2026-05-08 00:15:03] === SCRAPE END OK ===
[2026-05-08 00:30:02] === SCRAPE START ===
[2026-05-08 00:30:02] Fetching https://waitz.io/live/ucsd-rec
[2026-05-08 00:30:03] Saved 4 rows to ucsd_occupancy_history.csv
[2026-05-08 00:30:03] Main Gym Fitness Gym: 5% (Closed) people=4 capacity=72 is_open=False hour_summary=Closed until 6:00am
[2026-05-08 00:30:03] Outback Climbing Center: 9% (Closed) people=3 capacity=30 is_open=False hour_summary=Closed until 10:00am
[2026-05-08 00:30:03] RIMAC Fitness Gym: 0% (Closed) people=0 capacity=150 is_open=False hour_summary=Closed until 6:00am
[2026-05-08 00:30:03] Triton Esports Center: 0% (Closed) people=0 capacity=35 is_open=False hour_summary=Closed until 7:30am
[2026-05-08 00:30:03] === SCRAPE END OK ===
[2026-05-08 00:45:02] === SCRAPE START ===
[2026-05-08 00:45:02] Fetching https://waitz.io/live/ucsd-rec
[2026-05-08 00:45:03] Saved 4 rows to ucsd_occupancy_history.csv
[2026-05-08 00:45:03] Main Gym Fitness Gym: 1% (Closed) people=1 capacity=72 is_open=False hour_summary=Closed until 6:00am
[2026-05-08 00:45:03] Outback Climbing Center: 2% (Closed) people=0 capacity=30 is_open=False hour_summary=Closed until 10:00am
[2026-05-08 00:45:03] RIMAC Fitness Gym: 0% (Closed) people=0 capacity=150 is_open=False hour_summary=Closed until 6:00am
[2026-05-08 00:45:03] Triton Esports Center: 0% (Closed) people=0 capacity=35 is_open=False hour_summary=Closed until 7:30am
[2026-05-08 00:45:03] === SCRAPE END OK ===
[2026-05-08 01:00:02] === SCRAPE START ===
[2026-05-08 01:00:02] Fetching https://waitz.io/live/ucsd-rec
[2026-05-08 01:00:04] Saved 4 rows to ucsd_occupancy_history.csv
[2026-05-08 01:00:04] Main Gym Fitness Gym: 1% (Closed) people=1 capacity=72 is_open=False hour_summary=Closed until 6:00am
[2026-05-08 01:00:04] Outback Climbing Center: 1% (Closed) people=0 capacity=30 is_open=False hour_summary=Closed until 10:00am
[2026-05-08 01:00:04] RIMAC Fitness Gym: 0% (Closed) people=1 capacity=150 is_open=False hour_summary=Closed until 6:00am
[2026-05-08 01:00:04] Triton Esports Center: 0% (Closed) people=0 capacity=35 is_open=False hour_summary=Closed until 7:30am
[2026-05-08 01:00:04] === SCRAPE END OK ===
[2026-05-08 01:15:02] === SCRAPE START ===
[2026-05-08 01:15:02] Fetching https://waitz.io/live/ucsd-rec
[2026-05-08 01:15:03] Saved 4 rows to ucsd_occupancy_history.csv
[2026-05-08 01:15:03] Main Gym Fitness Gym: 1% (Closed) people=1 capacity=72 is_open=False hour_summary=Closed until 6:00am
[2026-05-08 01:15:03] Outback Climbing Center: 3% (Closed) people=1 capacity=30 is_open=False hour_summary=Closed until 10:00am
[2026-05-08 01:15:03] RIMAC Fitness Gym: 0% (Closed) people=0 capacity=150 is_open=False hour_summary=Closed until 6:00am
[2026-05-08 01:15:03] Triton Esports Center: 0% (Closed) people=0 capacity=35 is_open=False hour_summary=Closed until 7:30am
[2026-05-08 01:15:03] === SCRAPE END OK ===
[2026-05-08 01:30:02] === SCRAPE START ===
[2026-05-08 01:30:02] Fetching https://waitz.io/live/ucsd-rec
[2026-05-08 01:30:03] Saved 4 rows to ucsd_occupancy_history.csv
[2026-05-08 01:30:03] Main Gym Fitness Gym: 1% (Closed) people=0 capacity=72 is_open=False hour_summary=Closed until 6:00am
[2026-05-08 01:30:03] Outback Climbing Center: 7% (Closed) people=2 capacity=30 is_open=False hour_summary=Closed until 10:00am
[2026-05-08 01:30:03] RIMAC Fitness Gym: 0% (Closed) people=0 capacity=150 is_open=False hour_summary=Closed until 6:00am
[2026-05-08 01:30:03] Triton Esports Center: 0% (Closed) people=0 capacity=35 is_open=False hour_summary=Closed until 7:30am
[2026-05-08 01:30:03] === SCRAPE END OK ===
[2026-05-08 01:45:02] === SCRAPE START ===
[2026-05-08 01:45:02] Fetching https://waitz.io/live/ucsd-rec
[2026-05-08 01:45:03] Saved 4 rows to ucsd_occupancy_history.csv
[2026-05-08 01:45:03] Main Gym Fitness Gym: 1% (Closed) people=1 capacity=72 is_open=False hour_summary=Closed until 6:00am
[2026-05-08 01:45:03] Outback Climbing Center: 2% (Closed) people=1 capacity=30 is_open=False hour_summary=Closed until 10:00am
[2026-05-08 01:45:03] RIMAC Fitness Gym: 1% (Closed) people=1 capacity=150 is_open=False hour_summary=Closed until 6:00am
[2026-05-08 01:45:03] Triton Esports Center: 0% (Closed) people=0 capacity=35 is_open=False hour_summary=Closed until 7:30am
[2026-05-08 01:45:03] === SCRAPE END OK ===
[2026-05-08 02:00:02] === SCRAPE START ===
[2026-05-08 02:00:02] Fetching https://waitz.io/live/ucsd-rec
[2026-05-08 02:00:04] Saved 4 rows to ucsd_occupancy_history.csv
[2026-05-08 02:00:04] Main Gym Fitness Gym: 1% (Closed) people=1 capacity=72 is_open=False hour_summary=Closed until 6:00am
[2026-05-08 02:00:04] Outback Climbing Center: 4% (Closed) people=1 capacity=30 is_open=False hour_summary=Closed until 10:00am
[2026-05-08 02:00:04] RIMAC Fitness Gym: 0% (Closed) people=0 capacity=150 is_open=False hour_summary=Closed until 6:00am
[2026-05-08 02:00:04] Triton Esports Center: 0% (Closed) people=0 capacity=35 is_open=False hour_summary=Closed until 7:30am
[2026-05-08 02:00:04] === SCRAPE END OK ===
[2026-05-08 02:15:02] === SCRAPE START ===
[2026-05-08 02:15:02] Fetching https://waitz.io/live/ucsd-rec
[2026-05-08 02:15:03] Saved 4 rows to ucsd_occupancy_history.csv
[2026-05-08 02:15:03] Main Gym Fitness Gym: 2% (Closed) people=1 capacity=72 is_open=False hour_summary=Closed until 6:00am
[2026-05-08 02:15:03] Outback Climbing Center: 7% (Closed) people=2 capacity=30 is_open=False hour_summary=Closed until 10:00am
[2026-05-08 02:15:03] RIMAC Fitness Gym: 0% (Closed) people=1 capacity=150 is_open=False hour_summary=Closed until 6:00am
[2026-05-08 02:15:03] Triton Esports Center: 0% (Closed) people=0 capacity=35 is_open=False hour_summary=Closed until 7:30am
[2026-05-08 02:15:03] === SCRAPE END OK ===
[2026-05-08 02:30:02] === SCRAPE START ===
[2026-05-08 02:30:02] Fetching https://waitz.io/live/ucsd-rec
[2026-05-08 02:30:03] Saved 4 rows to ucsd_occupancy_history.csv
[2026-05-08 02:30:03] Main Gym Fitness Gym: 1% (Closed) people=1 capacity=72 is_open=False hour_summary=Closed until 6:00am
[2026-05-08 02:30:03] Outback Climbing Center: 7% (Closed) people=2 capacity=30 is_open=False hour_summary=Closed until 10:00am
[2026-05-08 02:30:03] RIMAC Fitness Gym: 0% (Closed) people=0 capacity=150 is_open=False hour_summary=Closed until 6:00am
[2026-05-08 02:30:03] Triton Esports Center: 0% (Closed) people=0 capacity=35 is_open=False hour_summary=Closed until 7:30am
[2026-05-08 02:30:03] === SCRAPE END OK ===
[2026-05-08 02:45:03] === SCRAPE START ===
[2026-05-08 02:45:03] Fetching https://waitz.io/live/ucsd-rec
[2026-05-08 02:45:03] Saved 4 rows to ucsd_occupancy_history.csv
[2026-05-08 02:45:03] Main Gym Fitness Gym: 1% (Closed) people=1 capacity=72 is_open=False hour_summary=Closed until 6:00am
[2026-05-08 02:45:03] Outback Climbing Center: 4% (Closed) people=1 capacity=30 is_open=False hour_summary=Closed until 10:00am
[2026-05-08 02:45:03] RIMAC Fitness Gym: 0% (Closed) people=0 capacity=150 is_open=False hour_summary=Closed until 6:00am
[2026-05-08 02:45:03] Triton Esports Center: 0% (Closed) people=0 capacity=35 is_open=False hour_summary=Closed until 7:30am
[2026-05-08 02:45:03] === SCRAPE END OK ===
[2026-05-08 03:00:02] === SCRAPE START ===
[2026-05-08 03:00:02] Fetching https://waitz.io/live/ucsd-rec
[2026-05-08 03:00:03] Saved 4 rows to ucsd_occupancy_history.csv
[2026-05-08 03:00:03] Main Gym Fitness Gym: 1% (Closed) people=1 capacity=72 is_open=False hour_summary=Closed until 6:00am
[2026-05-08 03:00:03] Outback Climbing Center: 4% (Closed) people=1 capacity=30 is_open=False hour_summary=Closed until 10:00am
[2026-05-08 03:00:03] RIMAC Fitness Gym: 0% (Closed) people=0 capacity=150 is_open=False hour_summary=Closed until 6:00am
[2026-05-08 03:00:03] Triton Esports Center: 0% (Closed) people=0 capacity=35 is_open=False hour_summary=Closed until 7:30am
[2026-05-08 03:00:03] === SCRAPE END OK ===
[2026-05-08 03:15:02] === SCRAPE START ===
[2026-05-08 03:15:02] Fetching https://waitz.io/live/ucsd-rec
[2026-05-08 03:15:03] Saved 4 rows to ucsd_occupancy_history.csv
[2026-05-08 03:15:03] Main Gym Fitness Gym: 2% (Closed) people=1 capacity=72 is_open=False hour_summary=Closed until 6:00am
[2026-05-08 03:15:03] Outback Climbing Center: 6% (Closed) people=2 capacity=30 is_open=False hour_summary=Closed until 10:00am
[2026-05-08 03:15:03] RIMAC Fitness Gym: 0% (Closed) people=0 capacity=150 is_open=False hour_summary=Closed until 6:00am
[2026-05-08 03:15:03] Triton Esports Center: 0% (Closed) people=0 capacity=35 is_open=False hour_summary=Closed until 7:30am
[2026-05-08 03:15:03] === SCRAPE END OK ===
[2026-05-08 03:30:02] === SCRAPE START ===
[2026-05-08 03:30:02] Fetching https://waitz.io/live/ucsd-rec
[2026-05-08 03:30:03] Saved 4 rows to ucsd_occupancy_history.csv
[2026-05-08 03:30:03] Main Gym Fitness Gym: 1% (Closed) people=1 capacity=72 is_open=False hour_summary=Closed until 6:00am
[2026-05-08 03:30:03] Outback Climbing Center: 7% (Closed) people=2 capacity=30 is_open=False hour_summary=Closed until 10:00am
[2026-05-08 03:30:03] RIMAC Fitness Gym: 0% (Closed) people=0 capacity=150 is_open=False hour_summary=Closed until 6:00am
[2026-05-08 03:30:03] Triton Esports Center: 0% (Closed) people=0 capacity=35 is_open=False hour_summary=Closed until 7:30am
[2026-05-08 03:30:03] === SCRAPE END OK ===
[2026-05-08 03:45:02] === SCRAPE START ===
[2026-05-08 03:45:02] Fetching https://waitz.io/live/ucsd-rec
[2026-05-08 03:45:03] Saved 4 rows to ucsd_occupancy_history.csv
[2026-05-08 03:45:03] Main Gym Fitness Gym: 1% (Closed) people=1 capacity=72 is_open=False hour_summary=Closed until 6:00am
[2026-05-08 03:45:03] Outback Climbing Center: 2% (Closed) people=0 capacity=30 is_open=False hour_summary=Closed until 10:00am
[2026-05-08 03:45:03] RIMAC Fitness Gym: 0% (Closed) people=0 capacity=150 is_open=False hour_summary=Closed until 6:00am
[2026-05-08 03:45:03] Triton Esports Center: 0% (Closed) people=0 capacity=35 is_open=False hour_summary=Closed until 7:30am
[2026-05-08 03:45:03] === SCRAPE END OK ===
[2026-05-08 04:00:02] === SCRAPE START ===
[2026-05-08 04:00:02] Fetching https://waitz.io/live/ucsd-rec
[2026-05-08 04:00:10] Saved 4 rows to ucsd_occupancy_history.csv
[2026-05-08 04:00:10] Main Gym Fitness Gym: 3% (Closed) people=2 capacity=72 is_open=False hour_summary=Closed until 6:00am
[2026-05-08 04:00:10] Outback Climbing Center: 7% (Closed) people=2 capacity=30 is_open=False hour_summary=Closed until 10:00am
[2026-05-08 04:00:10] RIMAC Fitness Gym: 0% (Closed) people=0 capacity=150 is_open=False hour_summary=Closed until 6:00am
[2026-05-08 04:00:10] Triton Esports Center: 0% (Closed) people=0 capacity=35 is_open=False hour_summary=Closed until 7:30am
[2026-05-08 04:00:10] === SCRAPE END OK ===
[2026-05-08 04:15:02] === SCRAPE START ===
[2026-05-08 04:15:02] Fetching https://waitz.io/live/ucsd-rec
[2026-05-08 04:15:03] Saved 4 rows to ucsd_occupancy_history.csv
[2026-05-08 04:15:03] Main Gym Fitness Gym: 2% (Closed) people=2 capacity=72 is_open=False hour_summary=Closed until 6:00am
[2026-05-08 04:15:03] Outback Climbing Center: 2% (Closed) people=1 capacity=30 is_open=False hour_summary=Closed until 10:00am
[2026-05-08 04:15:03] RIMAC Fitness Gym: 0% (Closed) people=1 capacity=150 is_open=False hour_summary=Closed until 6:00am
[2026-05-08 04:15:03] Triton Esports Center: 0% (Closed) people=0 capacity=35 is_open=False hour_summary=Closed until 7:30am
[2026-05-08 04:15:03] === SCRAPE END OK ===
[2026-05-08 04:30:02] === SCRAPE START ===
[2026-05-08 04:30:02] Fetching https://waitz.io/live/ucsd-rec
[2026-05-08 04:30:03] Saved 4 rows to ucsd_occupancy_history.csv
[2026-05-08 04:30:03] Main Gym Fitness Gym: 1% (Closed) people=1 capacity=72 is_open=False hour_summary=Closed until 6:00am
[2026-05-08 04:30:03] Outback Climbing Center: 4% (Closed) people=1 capacity=30 is_open=False hour_summary=Closed until 10:00am
[2026-05-08 04:30:03] RIMAC Fitness Gym: 0% (Closed) people=0 capacity=150 is_open=False hour_summary=Closed until 6:00am
[2026-05-08 04:30:03] Triton Esports Center: 0% (Closed) people=0 capacity=35 is_open=False hour_summary=Closed until 7:30am
[2026-05-08 04:30:03] === SCRAPE END OK ===
[2026-05-08 04:45:02] === SCRAPE START ===
[2026-05-08 04:45:02] Fetching https://waitz.io/live/ucsd-rec
[2026-05-08 04:45:03] Saved 4 rows to ucsd_occupancy_history.csv
[2026-05-08 04:45:03] Main Gym Fitness Gym: 1% (Closed) people=1 capacity=72 is_open=False hour_summary=Closed until 6:00am
[2026-05-08 04:45:03] Outback Climbing Center: 11% (Closed) people=3 capacity=30 is_open=False hour_summary=Closed until 10:00am
[2026-05-08 04:45:03] RIMAC Fitness Gym: 0% (Closed) people=0 capacity=150 is_open=False hour_summary=Closed until 6:00am
[2026-05-08 04:45:03] Triton Esports Center: 0% (Closed) people=0 capacity=35 is_open=False hour_summary=Closed until 7:30am
[2026-05-08 04:45:03] === SCRAPE END OK ===
[2026-05-08 05:00:02] === SCRAPE START ===
[2026-05-08 05:00:02] Fetching https://waitz.io/live/ucsd-rec
[2026-05-08 05:00:03] Saved 4 rows to ucsd_occupancy_history.csv
[2026-05-08 05:00:03] Main Gym Fitness Gym: 2% (Closed) people=1 capacity=72 is_open=False hour_summary=Closed until 6:00am
[2026-05-08 05:00:03] Outback Climbing Center: 4% (Closed) people=1 capacity=30 is_open=False hour_summary=Closed until 10:00am
[2026-05-08 05:00:03] RIMAC Fitness Gym: 0% (Closed) people=0 capacity=150 is_open=False hour_summary=Closed until 6:00am
[2026-05-08 05:00:03] Triton Esports Center: 0% (Closed) people=0 capacity=35 is_open=False hour_summary=Closed until 7:30am
[2026-05-08 05:00:03] === SCRAPE END OK ===
[2026-05-08 05:15:02] === SCRAPE START ===
[2026-05-08 05:15:02] Fetching https://waitz.io/live/ucsd-rec
[2026-05-08 05:15:03] Saved 4 rows to ucsd_occupancy_history.csv
[2026-05-08 05:15:03] Main Gym Fitness Gym: 1% (Closed) people=1 capacity=72 is_open=False hour_summary=Closed until 6:00am
[2026-05-08 05:15:03] Outback Climbing Center: 19% (Closed) people=6 capacity=30 is_open=False hour_summary=Closed until 10:00am
[2026-05-08 05:15:03] RIMAC Fitness Gym: 0% (Closed) people=0 capacity=150 is_open=False hour_summary=Closed until 6:00am
[2026-05-08 05:15:03] Triton Esports Center: 0% (Closed) people=0 capacity=35 is_open=False hour_summary=Closed until 7:30am
[2026-05-08 05:15:03] === SCRAPE END OK ===
[2026-05-08 05:30:02] === SCRAPE START ===
[2026-05-08 05:30:02] Fetching https://waitz.io/live/ucsd-rec
[2026-05-08 05:30:03] Saved 4 rows to ucsd_occupancy_history.csv
[2026-05-08 05:30:03] Main Gym Fitness Gym: 1% (Closed) people=1 capacity=72 is_open=False hour_summary=Closed until 6:00am
[2026-05-08 05:30:03] Outback Climbing Center: 16% (Closed) people=5 capacity=30 is_open=False hour_summary=Closed until 10:00am
[2026-05-08 05:30:03] RIMAC Fitness Gym: 0% (Closed) people=0 capacity=150 is_open=False hour_summary=Closed until 6:00am
[2026-05-08 05:30:03] Triton Esports Center: 0% (Closed) people=0 capacity=35 is_open=False hour_summary=Closed until 7:30am
[2026-05-08 05:30:03] === SCRAPE END OK ===
[2026-05-08 05:45:03] === SCRAPE START ===
[2026-05-08 05:45:03] Fetching https://waitz.io/live/ucsd-rec
[2026-05-08 05:45:03] Saved 4 rows to ucsd_occupancy_history.csv
[2026-05-08 05:45:03] Main Gym Fitness Gym: 1% (Closed) people=1 capacity=72 is_open=False hour_summary=Closed until 6:00am
[2026-05-08 05:45:03] Outback Climbing Center: 17% (Closed) people=5 capacity=30 is_open=False hour_summary=Closed until 10:00am
[2026-05-08 05:45:03] RIMAC Fitness Gym: 0% (Closed) people=0 capacity=150 is_open=False hour_summary=Closed until 6:00am
[2026-05-08 05:45:03] Triton Esports Center: 0% (Closed) people=0 capacity=35 is_open=False hour_summary=Closed until 7:30am
[2026-05-08 05:45:03] === SCRAPE END OK ===
[2026-05-08 06:00:02] === SCRAPE START ===
[2026-05-08 06:00:02] Fetching https://waitz.io/live/ucsd-rec
[2026-05-08 06:00:04] Saved 4 rows to ucsd_occupancy_history.csv
[2026-05-08 06:00:04] Main Gym Fitness Gym: 1% (Not Busy) people=1 capacity=72 is_open=True hour_summary=open
[2026-05-08 06:00:04] Outback Climbing Center: 4% (Closed) people=1 capacity=30 is_open=False hour_summary=Closed until 10:00am
[2026-05-08 06:00:04] RIMAC Fitness Gym: 0% (Not Busy) people=0 capacity=150 is_open=True hour_summary=open
[2026-05-08 06:00:04] Triton Esports Center: 0% (Closed) people=0 capacity=35 is_open=False hour_summary=Closed until 7:30am
[2026-05-08 06:00:04] === SCRAPE END OK ===
[2026-05-08 06:15:02] === SCRAPE START ===
[2026-05-08 06:15:02] Fetching https://waitz.io/live/ucsd-rec
[2026-05-08 06:15:03] Saved 4 rows to ucsd_occupancy_history.csv
[2026-05-08 06:15:03] Main Gym Fitness Gym: 8% (Not Busy) people=6 capacity=72 is_open=True hour_summary=open
[2026-05-08 06:15:03] Outback Climbing Center: 3% (Closed) people=1 capacity=30 is_open=False hour_summary=Closed until 10:00am
[2026-05-08 06:15:03] RIMAC Fitness Gym: 11% (Not Busy) people=17 capacity=150 is_open=True hour_summary=open
[2026-05-08 06:15:03] Triton Esports Center: 0% (Closed) people=0 capacity=35 is_open=False hour_summary=Closed until 7:30am
[2026-05-08 06:15:03] === SCRAPE END OK ===
[2026-05-08 06:30:02] === SCRAPE START ===
[2026-05-08 06:30:02] Fetching https://waitz.io/live/ucsd-rec
[2026-05-08 06:30:03] Saved 4 rows to ucsd_occupancy_history.csv
[2026-05-08 06:30:03] Main Gym Fitness Gym: 18% (Not Busy) people=13 capacity=72 is_open=True hour_summary=open
[2026-05-08 06:30:03] Outback Climbing Center: 3% (Closed) people=1 capacity=30 is_open=False hour_summary=Closed until 10:00am
[2026-05-08 06:30:03] RIMAC Fitness Gym: 20% (Not Busy) people=31 capacity=150 is_open=True hour_summary=open
[2026-05-08 06:30:03] Triton Esports Center: 0% (Closed) people=0 capacity=35 is_open=False hour_summary=Closed until 7:30am
[2026-05-08 06:30:03] === SCRAPE END OK ===
[2026-05-08 06:45:02] === SCRAPE START ===
[2026-05-08 06:45:02] Fetching https://waitz.io/live/ucsd-rec
[2026-05-08 06:45:03] Saved 4 rows to ucsd_occupancy_history.csv
[2026-05-08 06:45:03] Main Gym Fitness Gym: 13% (Not Busy) people=9 capacity=72 is_open=True hour_summary=open
[2026-05-08 06:45:03] Outback Climbing Center: 6% (Closed) people=2 capacity=30 is_open=False hour_summary=Closed until 10:00am
[2026-05-08 06:45:03] RIMAC Fitness Gym: 30% (Not Busy) people=44 capacity=150 is_open=True hour_summary=open
[2026-05-08 06:45:03] Triton Esports Center: 0% (Closed) people=0 capacity=35 is_open=False hour_summary=Closed until 7:30am
[2026-05-08 06:45:03] === SCRAPE END OK ===
[2026-05-08 07:00:02] === SCRAPE START ===
[2026-05-08 07:00:02] Fetching https://waitz.io/live/ucsd-rec
[2026-05-08 07:00:03] Saved 4 rows to ucsd_occupancy_history.csv
[2026-05-08 07:00:03] Main Gym Fitness Gym: 25% (Not Busy) people=18 capacity=72 is_open=True hour_summary=open
[2026-05-08 07:00:03] Outback Climbing Center: 5% (Closed) people=1 capacity=30 is_open=False hour_summary=Closed until 10:00am
[2026-05-08 07:00:03] RIMAC Fitness Gym: 28% (Not Busy) people=42 capacity=150 is_open=True hour_summary=open
[2026-05-08 07:00:03] Triton Esports Center: 0% (Closed) people=0 capacity=35 is_open=False hour_summary=Closed until 7:30am
[2026-05-08 07:00:03] === SCRAPE END OK ===
[2026-05-08 07:15:02] === SCRAPE START ===
[2026-05-08 07:15:02] Fetching https://waitz.io/live/ucsd-rec
[2026-05-08 07:15:03] Saved 4 rows to ucsd_occupancy_history.csv
[2026-05-08 07:15:03] Main Gym Fitness Gym: 8% (Not Busy) people=6 capacity=72 is_open=True hour_summary=open
[2026-05-08 07:15:03] Outback Climbing Center: 7% (Closed) people=2 capacity=30 is_open=False hour_summary=Closed until 10:00am
[2026-05-08 07:15:03] RIMAC Fitness Gym: 36% (Not Busy) people=54 capacity=150 is_open=True hour_summary=open
[2026-05-08 07:15:03] Triton Esports Center: 0% (Closed) people=0 capacity=35 is_open=False hour_summary=Closed until 7:30am
[2026-05-08 07:15:03] === SCRAPE END OK ===
[2026-05-08 07:30:02] === SCRAPE START ===
[2026-05-08 07:30:02] Fetching https://waitz.io/live/ucsd-rec
[2026-05-08 07:30:04] Saved 4 rows to ucsd_occupancy_history.csv
[2026-05-08 07:30:04] Main Gym Fitness Gym: 18% (Not Busy) people=13 capacity=72 is_open=True hour_summary=open
[2026-05-08 07:30:04] Outback Climbing Center: 18% (Closed) people=6 capacity=30 is_open=False hour_summary=Closed until 10:00am
[2026-05-08 07:30:04] RIMAC Fitness Gym: 26% (Not Busy) people=39 capacity=150 is_open=True hour_summary=open
[2026-05-08 07:30:04] Triton Esports Center: 0% (Not Busy) people=0 capacity=35 is_open=True hour_summary=open
[2026-05-08 07:30:04] === SCRAPE END OK ===
[2026-05-08 07:45:02] === SCRAPE START ===
[2026-05-08 07:45:02] Fetching https://waitz.io/live/ucsd-rec
[2026-05-08 07:45:03] Saved 4 rows to ucsd_occupancy_history.csv
[2026-05-08 07:45:03] Main Gym Fitness Gym: 10% (Not Busy) people=7 capacity=72 is_open=True hour_summary=open
[2026-05-08 07:45:03] Outback Climbing Center: 15% (Closed) people=5 capacity=30 is_open=False hour_summary=Closed until 10:00am
[2026-05-08 07:45:03] RIMAC Fitness Gym: 24% (Not Busy) people=36 capacity=150 is_open=True hour_summary=open
[2026-05-08 07:45:03] Triton Esports Center: 1% (Not Busy) people=0 capacity=35 is_open=True hour_summary=open
[2026-05-08 07:45:03] === SCRAPE END OK ===
[2026-05-08 08:00:02] === SCRAPE START ===
[2026-05-08 08:00:02] Fetching https://waitz.io/live/ucsd-rec
[2026-05-08 08:00:03] Saved 4 rows to ucsd_occupancy_history.csv
[2026-05-08 08:00:03] Main Gym Fitness Gym: 24% (Not Busy) people=17 capacity=72 is_open=True hour_summary=open
[2026-05-08 08:00:03] Outback Climbing Center: 4% (Closed) people=1 capacity=30 is_open=False hour_summary=Closed until 10:00am
[2026-05-08 08:00:03] RIMAC Fitness Gym: 30% (Not Busy) people=46 capacity=150 is_open=True hour_summary=open
[2026-05-08 08:00:03] Triton Esports Center: 0% (Not Busy) people=0 capacity=35 is_open=True hour_summary=open
[2026-05-08 08:00:03] === SCRAPE END OK ===
[2026-05-08 08:15:02] === SCRAPE START ===
[2026-05-08 08:15:02] Fetching https://waitz.io/live/ucsd-rec
[2026-05-08 08:15:03] Saved 4 rows to ucsd_occupancy_history.csv
[2026-05-08 08:15:03] Main Gym Fitness Gym: 22% (Not Busy) people=16 capacity=72 is_open=True hour_summary=open
[2026-05-08 08:15:03] Outback Climbing Center: 8% (Closed) people=2 capacity=30 is_open=False hour_summary=Closed until 10:00am
[2026-05-08 08:15:03] RIMAC Fitness Gym: 28% (Not Busy) people=42 capacity=150 is_open=True hour_summary=open
[2026-05-08 08:15:03] Triton Esports Center: 1% (Not Busy) people=1 capacity=35 is_open=True hour_summary=open
[2026-05-08 08:15:03] === SCRAPE END OK ===
[2026-05-08 08:30:02] === SCRAPE START ===
[2026-05-08 08:30:02] Fetching https://waitz.io/live/ucsd-rec
[2026-05-08 08:30:04] Saved 4 rows to ucsd_occupancy_history.csv
[2026-05-08 08:30:04] Main Gym Fitness Gym: 23% (Not Busy) people=16 capacity=72 is_open=True hour_summary=open
[2026-05-08 08:30:04] Outback Climbing Center: 4% (Closed) people=1 capacity=30 is_open=False hour_summary=Closed until 10:00am
[2026-05-08 08:30:04] RIMAC Fitness Gym: 31% (Not Busy) people=47 capacity=150 is_open=True hour_summary=open
[2026-05-08 08:30:04] Triton Esports Center: 0% (Not Busy) people=0 capacity=35 is_open=True hour_summary=open
[2026-05-08 08:30:04] === SCRAPE END OK ===
[2026-05-08 08:45:02] === SCRAPE START ===
[2026-05-08 08:45:02] Fetching https://waitz.io/live/ucsd-rec
[2026-05-08 08:45:03] Saved 4 rows to ucsd_occupancy_history.csv
[2026-05-08 08:45:03] Main Gym Fitness Gym: 16% (Not Busy) people=12 capacity=72 is_open=True hour_summary=open
[2026-05-08 08:45:03] Outback Climbing Center: 1% (Closed) people=0 capacity=30 is_open=False hour_summary=Closed until 10:00am
[2026-05-08 08:45:03] RIMAC Fitness Gym: 29% (Not Busy) people=43 capacity=150 is_open=True hour_summary=open
[2026-05-08 08:45:03] Triton Esports Center: 0% (Not Busy) people=0 capacity=35 is_open=True hour_summary=open
[2026-05-08 08:45:03] === SCRAPE END OK ===
[2026-05-08 09:00:02] === SCRAPE START ===
[2026-05-08 09:00:02] Fetching https://waitz.io/live/ucsd-rec
[2026-05-08 09:00:04] Saved 4 rows to ucsd_occupancy_history.csv
[2026-05-08 09:00:04] Main Gym Fitness Gym: 29% (Not Busy) people=21 capacity=72 is_open=True hour_summary=open
[2026-05-08 09:00:04] Outback Climbing Center: 8% (Closed) people=2 capacity=30 is_open=False hour_summary=Closed until 10:00am
[2026-05-08 09:00:04] RIMAC Fitness Gym: 24% (Not Busy) people=36 capacity=150 is_open=True hour_summary=open
[2026-05-08 09:00:04] Triton Esports Center: 0% (Not Busy) people=0 capacity=35 is_open=True hour_summary=open
[2026-05-08 09:00:04] === SCRAPE END OK ===
[2026-05-08 09:15:02] === SCRAPE START ===
[2026-05-08 09:15:02] Fetching https://waitz.io/live/ucsd-rec
[2026-05-08 09:15:03] Saved 4 rows to ucsd_occupancy_history.csv
[2026-05-08 09:15:03] Main Gym Fitness Gym: 35% (Not Busy) people=25 capacity=72 is_open=True hour_summary=open
[2026-05-08 09:15:03] Outback Climbing Center: 16% (Closed) people=5 capacity=30 is_open=False hour_summary=Closed until 10:00am
[2026-05-08 09:15:03] RIMAC Fitness Gym: 27% (Not Busy) people=41 capacity=150 is_open=True hour_summary=open
[2026-05-08 09:15:03] Triton Esports Center: 1% (Not Busy) people=0 capacity=35 is_open=True hour_summary=open
[2026-05-08 09:15:03] === SCRAPE END OK ===
[2026-05-08 09:30:02] === SCRAPE START ===
[2026-05-08 09:30:02] Fetching https://waitz.io/live/ucsd-rec
[2026-05-08 09:30:03] Saved 4 rows to ucsd_occupancy_history.csv
[2026-05-08 09:30:03] Main Gym Fitness Gym: 31% (Not Busy) people=23 capacity=72 is_open=True hour_summary=open
[2026-05-08 09:30:03] Outback Climbing Center: 20% (Closed) people=6 capacity=30 is_open=False hour_summary=Closed until 10:00am
[2026-05-08 09:30:03] RIMAC Fitness Gym: 36% (Not Busy) people=54 capacity=150 is_open=True hour_summary=open
[2026-05-08 09:30:03] Triton Esports Center: 2% (Not Busy) people=1 capacity=35 is_open=True hour_summary=open
[2026-05-08 09:30:03] === SCRAPE END OK ===
[2026-05-08 09:45:02] === SCRAPE START ===
[2026-05-08 09:45:02] Fetching https://waitz.io/live/ucsd-rec
[2026-05-08 09:45:03] Saved 4 rows to ucsd_occupancy_history.csv
[2026-05-08 09:45:03] Main Gym Fitness Gym: 28% (Not Busy) people=20 capacity=72 is_open=True hour_summary=open
[2026-05-08 09:45:03] Outback Climbing Center: 13% (Closed) people=4 capacity=30 is_open=False hour_summary=Closed until 10:00am
[2026-05-08 09:45:03] RIMAC Fitness Gym: 45% (Not Busy) people=68 capacity=150 is_open=True hour_summary=open
[2026-05-08 09:45:03] Triton Esports Center: 8% (Not Busy) people=3 capacity=35 is_open=True hour_summary=open
[2026-05-08 09:45:03] === SCRAPE END OK ===
[2026-05-08 10:00:02] === SCRAPE START ===
[2026-05-08 10:00:02] Fetching https://waitz.io/live/ucsd-rec
[2026-05-08 10:00:03] Saved 4 rows to ucsd_occupancy_history.csv
[2026-05-08 10:00:03] Main Gym Fitness Gym: 24% (Not Busy) people=17 capacity=72 is_open=True hour_summary=open
[2026-05-08 10:00:03] Outback Climbing Center: 28% (Not Busy) people=8 capacity=30 is_open=True hour_summary=open
[2026-05-08 10:00:03] RIMAC Fitness Gym: 39% (Not Busy) people=59 capacity=150 is_open=True hour_summary=open
[2026-05-08 10:00:03] Triton Esports Center: 12% (Not Busy) people=4 capacity=35 is_open=True hour_summary=open
[2026-05-08 10:00:03] === SCRAPE END OK ===
[2026-05-08 10:15:02] === SCRAPE START ===
[2026-05-08 10:15:02] Fetching https://waitz.io/live/ucsd-rec
[2026-05-08 10:15:03] Saved 4 rows to ucsd_occupancy_history.csv
[2026-05-08 10:15:03] Main Gym Fitness Gym: 11% (Not Busy) people=8 capacity=72 is_open=True hour_summary=open
[2026-05-08 10:15:03] Outback Climbing Center: 99% (Very Active) people=30 capacity=30 is_open=True hour_summary=open
[2026-05-08 10:15:03] RIMAC Fitness Gym: 43% (Not Busy) people=65 capacity=150 is_open=True hour_summary=open
[2026-05-08 10:15:03] Triton Esports Center: 16% (Not Busy) people=6 capacity=35 is_open=True hour_summary=open
[2026-05-08 10:15:03] === SCRAPE END OK ===
