[2026-07-02 00:00:01] === SCRAPE START ===
[2026-07-02 00:00:01] Fetching https://waitz.io/live/ucsd-rec
[2026-07-02 00:00:03] Saved 4 rows to ucsd_occupancy_history.csv
[2026-07-02 00:00:03] Main Gym Fitness Gym: 2% (Closed) people=1 capacity=72 is_open=False hour_summary=closed
[2026-07-02 00:00:03] Outback Climbing Center: 7% (Closed) people=2 capacity=30 is_open=False hour_summary=closed
[2026-07-02 00:00:03] RIMAC Fitness Gym: 0% (Closed) people=0 capacity=150 is_open=False hour_summary=Closed until 6:00am
[2026-07-02 00:00:03] Triton Esports Center: 0% (Closed) people=0 capacity=35 is_open=False hour_summary=closed
[2026-07-02 00:00:03] === SCRAPE END OK ===
[2026-07-02 00:15:02] === SCRAPE START ===
[2026-07-02 00:15:02] Fetching https://waitz.io/live/ucsd-rec
[2026-07-02 00:15:03] Saved 4 rows to ucsd_occupancy_history.csv
[2026-07-02 00:15:03] Main Gym Fitness Gym: 1% (Closed) people=0 capacity=72 is_open=False hour_summary=closed
[2026-07-02 00:15:03] Outback Climbing Center: 8% (Closed) people=2 capacity=30 is_open=False hour_summary=closed
[2026-07-02 00:15:03] RIMAC Fitness Gym: 0% (Closed) people=0 capacity=150 is_open=False hour_summary=Closed until 6:00am
[2026-07-02 00:15:03] Triton Esports Center: 0% (Closed) people=0 capacity=35 is_open=False hour_summary=closed
[2026-07-02 00:15:03] === SCRAPE END OK ===
[2026-07-02 00:30:02] === SCRAPE START ===
[2026-07-02 00:30:02] Fetching https://waitz.io/live/ucsd-rec
[2026-07-02 00:30:04] Saved 4 rows to ucsd_occupancy_history.csv
[2026-07-02 00:30:04] Main Gym Fitness Gym: 1% (Closed) people=1 capacity=72 is_open=False hour_summary=closed
[2026-07-02 00:30:04] Outback Climbing Center: 7% (Closed) people=2 capacity=30 is_open=False hour_summary=closed
[2026-07-02 00:30:04] RIMAC Fitness Gym: 1% (Closed) people=1 capacity=150 is_open=False hour_summary=Closed until 6:00am
[2026-07-02 00:30:04] Triton Esports Center: 0% (Closed) people=0 capacity=35 is_open=False hour_summary=closed
[2026-07-02 00:30:04] === SCRAPE END OK ===
[2026-07-02 00:45:02] === SCRAPE START ===
[2026-07-02 00:45:02] Fetching https://waitz.io/live/ucsd-rec
[2026-07-02 00:45:03] Saved 4 rows to ucsd_occupancy_history.csv
[2026-07-02 00:45:03] Main Gym Fitness Gym: 1% (Closed) people=1 capacity=72 is_open=False hour_summary=closed
[2026-07-02 00:45:03] Outback Climbing Center: 6% (Closed) people=2 capacity=30 is_open=False hour_summary=closed
[2026-07-02 00:45:03] RIMAC Fitness Gym: 0% (Closed) people=1 capacity=150 is_open=False hour_summary=Closed until 6:00am
[2026-07-02 00:45:03] Triton Esports Center: 0% (Closed) people=0 capacity=35 is_open=False hour_summary=closed
[2026-07-02 00:45:03] === SCRAPE END OK ===
[2026-07-02 01:00:02] === SCRAPE START ===
[2026-07-02 01:00:02] Fetching https://waitz.io/live/ucsd-rec
[2026-07-02 01:00:04] Saved 4 rows to ucsd_occupancy_history.csv
[2026-07-02 01:00:04] Main Gym Fitness Gym: 1% (Closed) people=1 capacity=72 is_open=False hour_summary=closed
[2026-07-02 01:00:04] Outback Climbing Center: 6% (Closed) people=2 capacity=30 is_open=False hour_summary=closed
[2026-07-02 01:00:04] RIMAC Fitness Gym: 1% (Closed) people=1 capacity=150 is_open=False hour_summary=Closed until 6:00am
[2026-07-02 01:00:04] Triton Esports Center: 0% (Closed) people=0 capacity=35 is_open=False hour_summary=closed
[2026-07-02 01:00:04] === SCRAPE END OK ===
[2026-07-02 01:15:02] === SCRAPE START ===
[2026-07-02 01:15:02] Fetching https://waitz.io/live/ucsd-rec
[2026-07-02 01:15:03] Saved 4 rows to ucsd_occupancy_history.csv
[2026-07-02 01:15:03] Main Gym Fitness Gym: 0% (Closed) people=0 capacity=72 is_open=False hour_summary=closed
[2026-07-02 01:15:03] Outback Climbing Center: 6% (Closed) people=2 capacity=30 is_open=False hour_summary=closed
[2026-07-02 01:15:03] RIMAC Fitness Gym: 0% (Closed) people=0 capacity=150 is_open=False hour_summary=Closed until 6:00am
[2026-07-02 01:15:03] Triton Esports Center: 0% (Closed) people=0 capacity=35 is_open=False hour_summary=closed
[2026-07-02 01:15:03] === SCRAPE END OK ===
[2026-07-02 01:30:02] === SCRAPE START ===
[2026-07-02 01:30:02] Fetching https://waitz.io/live/ucsd-rec
[2026-07-02 01:30:03] Saved 4 rows to ucsd_occupancy_history.csv
[2026-07-02 01:30:03] Main Gym Fitness Gym: 0% (Closed) people=0 capacity=72 is_open=False hour_summary=closed
[2026-07-02 01:30:03] Outback Climbing Center: 6% (Closed) people=2 capacity=30 is_open=False hour_summary=closed
[2026-07-02 01:30:03] RIMAC Fitness Gym: 0% (Closed) people=0 capacity=150 is_open=False hour_summary=Closed until 6:00am
[2026-07-02 01:30:03] Triton Esports Center: 0% (Closed) people=0 capacity=35 is_open=False hour_summary=closed
[2026-07-02 01:30:03] === SCRAPE END OK ===
[2026-07-02 01:45:02] === SCRAPE START ===
[2026-07-02 01:45:02] Fetching https://waitz.io/live/ucsd-rec
[2026-07-02 01:45:03] Saved 4 rows to ucsd_occupancy_history.csv
[2026-07-02 01:45:03] Main Gym Fitness Gym: 0% (Closed) people=0 capacity=72 is_open=False hour_summary=closed
[2026-07-02 01:45:03] Outback Climbing Center: 6% (Closed) people=2 capacity=30 is_open=False hour_summary=closed
[2026-07-02 01:45:03] RIMAC Fitness Gym: 0% (Closed) people=0 capacity=150 is_open=False hour_summary=Closed until 6:00am
[2026-07-02 01:45:03] Triton Esports Center: 0% (Closed) people=0 capacity=35 is_open=False hour_summary=closed
[2026-07-02 01:45:03] === SCRAPE END OK ===
[2026-07-02 02:00:02] === SCRAPE START ===
[2026-07-02 02:00:02] Fetching https://waitz.io/live/ucsd-rec
[2026-07-02 02:00:04] Saved 4 rows to ucsd_occupancy_history.csv
[2026-07-02 02:00:04] Main Gym Fitness Gym: 0% (Closed) people=0 capacity=72 is_open=False hour_summary=closed
[2026-07-02 02:00:04] Outback Climbing Center: 9% (Closed) people=3 capacity=30 is_open=False hour_summary=closed
[2026-07-02 02:00:04] RIMAC Fitness Gym: 0% (Closed) people=1 capacity=150 is_open=False hour_summary=Closed until 6:00am
[2026-07-02 02:00:04] Triton Esports Center: 0% (Closed) people=0 capacity=35 is_open=False hour_summary=closed
[2026-07-02 02:00:04] === SCRAPE END OK ===
[2026-07-02 02:15:02] === SCRAPE START ===
[2026-07-02 02:15:02] Fetching https://waitz.io/live/ucsd-rec
[2026-07-02 02:15:03] Saved 4 rows to ucsd_occupancy_history.csv
[2026-07-02 02:15:03] Main Gym Fitness Gym: 0% (Closed) people=0 capacity=72 is_open=False hour_summary=closed
[2026-07-02 02:15:03] Outback Climbing Center: 7% (Closed) people=2 capacity=30 is_open=False hour_summary=closed
[2026-07-02 02:15:03] RIMAC Fitness Gym: 0% (Closed) people=0 capacity=150 is_open=False hour_summary=Closed until 6:00am
[2026-07-02 02:15:03] Triton Esports Center: 0% (Closed) people=0 capacity=35 is_open=False hour_summary=closed
[2026-07-02 02:15:03] === SCRAPE END OK ===
[2026-07-02 02:30:02] === SCRAPE START ===
[2026-07-02 02:30:02] Fetching https://waitz.io/live/ucsd-rec
[2026-07-02 02:30:04] Saved 4 rows to ucsd_occupancy_history.csv
[2026-07-02 02:30:04] Main Gym Fitness Gym: 0% (Closed) people=0 capacity=72 is_open=False hour_summary=closed
[2026-07-02 02:30:04] Outback Climbing Center: 6% (Closed) people=2 capacity=30 is_open=False hour_summary=closed
[2026-07-02 02:30:04] RIMAC Fitness Gym: 0% (Closed) people=1 capacity=150 is_open=False hour_summary=Closed until 6:00am
[2026-07-02 02:30:04] Triton Esports Center: 0% (Closed) people=0 capacity=35 is_open=False hour_summary=closed
[2026-07-02 02:30:04] === SCRAPE END OK ===
[2026-07-02 02:45:03] === SCRAPE START ===
[2026-07-02 02:45:03] Fetching https://waitz.io/live/ucsd-rec
[2026-07-02 02:45:04] Saved 4 rows to ucsd_occupancy_history.csv
[2026-07-02 02:45:04] Main Gym Fitness Gym: 0% (Closed) people=0 capacity=72 is_open=False hour_summary=closed
[2026-07-02 02:45:04] Outback Climbing Center: 10% (Closed) people=3 capacity=30 is_open=False hour_summary=closed
[2026-07-02 02:45:04] RIMAC Fitness Gym: 0% (Closed) people=1 capacity=150 is_open=False hour_summary=Closed until 6:00am
[2026-07-02 02:45:04] Triton Esports Center: 0% (Closed) people=0 capacity=35 is_open=False hour_summary=closed
[2026-07-02 02:45:04] === SCRAPE END OK ===
[2026-07-02 03:00:02] === SCRAPE START ===
[2026-07-02 03:00:02] Fetching https://waitz.io/live/ucsd-rec
[2026-07-02 03:00:04] Saved 4 rows to ucsd_occupancy_history.csv
[2026-07-02 03:00:04] Main Gym Fitness Gym: 0% (Closed) people=0 capacity=72 is_open=False hour_summary=closed
[2026-07-02 03:00:04] Outback Climbing Center: 7% (Closed) people=2 capacity=30 is_open=False hour_summary=closed
[2026-07-02 03:00:04] RIMAC Fitness Gym: 0% (Closed) people=0 capacity=150 is_open=False hour_summary=Closed until 6:00am
[2026-07-02 03:00:04] Triton Esports Center: 0% (Closed) people=0 capacity=35 is_open=False hour_summary=closed
[2026-07-02 03:00:04] === SCRAPE END OK ===
[2026-07-02 03:15:02] === SCRAPE START ===
[2026-07-02 03:15:02] Fetching https://waitz.io/live/ucsd-rec
[2026-07-02 03:15:03] Saved 4 rows to ucsd_occupancy_history.csv
[2026-07-02 03:15:03] Main Gym Fitness Gym: 1% (Closed) people=0 capacity=72 is_open=False hour_summary=closed
[2026-07-02 03:15:03] Outback Climbing Center: 9% (Closed) people=3 capacity=30 is_open=False hour_summary=closed
[2026-07-02 03:15:03] RIMAC Fitness Gym: 1% (Closed) people=1 capacity=150 is_open=False hour_summary=Closed until 6:00am
[2026-07-02 03:15:03] Triton Esports Center: 0% (Closed) people=0 capacity=35 is_open=False hour_summary=closed
[2026-07-02 03:15:03] === SCRAPE END OK ===
[2026-07-02 03:30:02] === SCRAPE START ===
[2026-07-02 03:30:02] Fetching https://waitz.io/live/ucsd-rec
[2026-07-02 03:30:04] Saved 4 rows to ucsd_occupancy_history.csv
[2026-07-02 03:30:04] Main Gym Fitness Gym: 1% (Closed) people=1 capacity=72 is_open=False hour_summary=closed
[2026-07-02 03:30:04] Outback Climbing Center: 10% (Closed) people=3 capacity=30 is_open=False hour_summary=closed
[2026-07-02 03:30:04] RIMAC Fitness Gym: 0% (Closed) people=0 capacity=150 is_open=False hour_summary=Closed until 6:00am
[2026-07-02 03:30:04] Triton Esports Center: 0% (Closed) people=0 capacity=35 is_open=False hour_summary=closed
[2026-07-02 03:30:04] === SCRAPE END OK ===
[2026-07-02 03:45:02] === SCRAPE START ===
[2026-07-02 03:45:02] Fetching https://waitz.io/live/ucsd-rec
[2026-07-02 03:45:03] Saved 4 rows to ucsd_occupancy_history.csv
[2026-07-02 03:45:03] Main Gym Fitness Gym: 0% (Closed) people=0 capacity=72 is_open=False hour_summary=closed
[2026-07-02 03:45:03] Outback Climbing Center: 11% (Closed) people=3 capacity=30 is_open=False hour_summary=closed
[2026-07-02 03:45:03] RIMAC Fitness Gym: 0% (Closed) people=1 capacity=150 is_open=False hour_summary=Closed until 6:00am
[2026-07-02 03:45:03] Triton Esports Center: 0% (Closed) people=0 capacity=35 is_open=False hour_summary=closed
[2026-07-02 03:45:03] === SCRAPE END OK ===
[2026-07-02 04:00:02] === SCRAPE START ===
[2026-07-02 04:00:02] Fetching https://waitz.io/live/ucsd-rec
[2026-07-02 04:00:04] Saved 4 rows to ucsd_occupancy_history.csv
[2026-07-02 04:00:04] Main Gym Fitness Gym: 0% (Closed) people=0 capacity=72 is_open=False hour_summary=closed
[2026-07-02 04:00:04] Outback Climbing Center: 10% (Closed) people=3 capacity=30 is_open=False hour_summary=closed
[2026-07-02 04:00:04] RIMAC Fitness Gym: 0% (Closed) people=0 capacity=150 is_open=False hour_summary=Closed until 6:00am
[2026-07-02 04:00:04] Triton Esports Center: 0% (Closed) people=0 capacity=35 is_open=False hour_summary=closed
[2026-07-02 04:00:04] === SCRAPE END OK ===
[2026-07-02 04:15:02] === SCRAPE START ===
[2026-07-02 04:15:02] Fetching https://waitz.io/live/ucsd-rec
[2026-07-02 04:15:03] Saved 4 rows to ucsd_occupancy_history.csv
[2026-07-02 04:15:03] Main Gym Fitness Gym: 0% (Closed) people=0 capacity=72 is_open=False hour_summary=closed
[2026-07-02 04:15:03] Outback Climbing Center: 11% (Closed) people=3 capacity=30 is_open=False hour_summary=closed
[2026-07-02 04:15:03] RIMAC Fitness Gym: 1% (Closed) people=2 capacity=150 is_open=False hour_summary=Closed until 6:00am
[2026-07-02 04:15:03] Triton Esports Center: 0% (Closed) people=0 capacity=35 is_open=False hour_summary=closed
[2026-07-02 04:15:03] === SCRAPE END OK ===
[2026-07-02 04:30:02] === SCRAPE START ===
[2026-07-02 04:30:02] Fetching https://waitz.io/live/ucsd-rec
[2026-07-02 04:30:04] Saved 4 rows to ucsd_occupancy_history.csv
[2026-07-02 04:30:04] Main Gym Fitness Gym: 1% (Closed) people=0 capacity=72 is_open=False hour_summary=closed
[2026-07-02 04:30:04] Outback Climbing Center: 4% (Closed) people=1 capacity=30 is_open=False hour_summary=closed
[2026-07-02 04:30:04] RIMAC Fitness Gym: 1% (Closed) people=1 capacity=150 is_open=False hour_summary=Closed until 6:00am
[2026-07-02 04:30:04] Triton Esports Center: 0% (Closed) people=0 capacity=35 is_open=False hour_summary=closed
[2026-07-02 04:30:04] === SCRAPE END OK ===
[2026-07-02 04:45:03] === SCRAPE START ===
[2026-07-02 04:45:03] Fetching https://waitz.io/live/ucsd-rec
[2026-07-02 04:45:04] Saved 4 rows to ucsd_occupancy_history.csv
[2026-07-02 04:45:04] Main Gym Fitness Gym: 0% (Closed) people=0 capacity=72 is_open=False hour_summary=closed
[2026-07-02 04:45:04] Outback Climbing Center: 8% (Closed) people=2 capacity=30 is_open=False hour_summary=closed
[2026-07-02 04:45:04] RIMAC Fitness Gym: 1% (Closed) people=1 capacity=150 is_open=False hour_summary=Closed until 6:00am
[2026-07-02 04:45:04] Triton Esports Center: 0% (Closed) people=0 capacity=35 is_open=False hour_summary=closed
[2026-07-02 04:45:04] === SCRAPE END OK ===
[2026-07-02 05:00:02] === SCRAPE START ===
[2026-07-02 05:00:02] Fetching https://waitz.io/live/ucsd-rec
[2026-07-02 05:00:04] Saved 4 rows to ucsd_occupancy_history.csv
[2026-07-02 05:00:04] Main Gym Fitness Gym: 0% (Closed) people=0 capacity=72 is_open=False hour_summary=closed
[2026-07-02 05:00:04] Outback Climbing Center: 6% (Closed) people=2 capacity=30 is_open=False hour_summary=closed
[2026-07-02 05:00:04] RIMAC Fitness Gym: 0% (Closed) people=0 capacity=150 is_open=False hour_summary=Closed until 6:00am
[2026-07-02 05:00:04] Triton Esports Center: 0% (Closed) people=0 capacity=35 is_open=False hour_summary=closed
[2026-07-02 05:00:04] === SCRAPE END OK ===
[2026-07-02 05:15:02] === SCRAPE START ===
[2026-07-02 05:15:02] Fetching https://waitz.io/live/ucsd-rec
[2026-07-02 05:15:03] Saved 4 rows to ucsd_occupancy_history.csv
[2026-07-02 05:15:03] Main Gym Fitness Gym: 0% (Closed) people=0 capacity=72 is_open=False hour_summary=closed
[2026-07-02 05:15:03] Outback Climbing Center: 4% (Closed) people=1 capacity=30 is_open=False hour_summary=closed
[2026-07-02 05:15:03] RIMAC Fitness Gym: 0% (Closed) people=1 capacity=150 is_open=False hour_summary=Closed until 6:00am
[2026-07-02 05:15:03] Triton Esports Center: 0% (Closed) people=0 capacity=35 is_open=False hour_summary=closed
[2026-07-02 05:15:03] === SCRAPE END OK ===
[2026-07-02 05:30:02] === SCRAPE START ===
[2026-07-02 05:30:02] Fetching https://waitz.io/live/ucsd-rec
[2026-07-02 05:30:04] Saved 4 rows to ucsd_occupancy_history.csv
[2026-07-02 05:30:04] Main Gym Fitness Gym: 1% (Closed) people=0 capacity=72 is_open=False hour_summary=closed
[2026-07-02 05:30:04] Outback Climbing Center: 7% (Closed) people=2 capacity=30 is_open=False hour_summary=closed
[2026-07-02 05:30:04] RIMAC Fitness Gym: 1% (Closed) people=1 capacity=150 is_open=False hour_summary=Closed until 6:00am
[2026-07-02 05:30:04] Triton Esports Center: 0% (Closed) people=0 capacity=35 is_open=False hour_summary=closed
[2026-07-02 05:30:04] === SCRAPE END OK ===
[2026-07-02 05:45:02] === SCRAPE START ===
[2026-07-02 05:45:02] Fetching https://waitz.io/live/ucsd-rec
[2026-07-02 05:45:04] Saved 4 rows to ucsd_occupancy_history.csv
[2026-07-02 05:45:04] Main Gym Fitness Gym: 1% (Closed) people=0 capacity=72 is_open=False hour_summary=closed
[2026-07-02 05:45:04] Outback Climbing Center: 6% (Closed) people=2 capacity=30 is_open=False hour_summary=closed
[2026-07-02 05:45:04] RIMAC Fitness Gym: 0% (Closed) people=1 capacity=150 is_open=False hour_summary=Closed until 6:00am
[2026-07-02 05:45:04] Triton Esports Center: 0% (Closed) people=0 capacity=35 is_open=False hour_summary=closed
[2026-07-02 05:45:04] === SCRAPE END OK ===
[2026-07-02 06:00:02] === SCRAPE START ===
[2026-07-02 06:00:02] Fetching https://waitz.io/live/ucsd-rec
[2026-07-02 06:00:04] Saved 4 rows to ucsd_occupancy_history.csv
[2026-07-02 06:00:04] Main Gym Fitness Gym: 2% (Closed) people=1 capacity=72 is_open=False hour_summary=closed
[2026-07-02 06:00:04] Outback Climbing Center: 8% (Closed) people=2 capacity=30 is_open=False hour_summary=closed
[2026-07-02 06:00:04] RIMAC Fitness Gym: 1% (Not Busy) people=2 capacity=150 is_open=True hour_summary=open
[2026-07-02 06:00:04] Triton Esports Center: 0% (Closed) people=0 capacity=35 is_open=False hour_summary=closed
[2026-07-02 06:00:04] === SCRAPE END OK ===
[2026-07-02 06:15:02] === SCRAPE START ===
[2026-07-02 06:15:02] Fetching https://waitz.io/live/ucsd-rec
[2026-07-02 06:15:03] Saved 4 rows to ucsd_occupancy_history.csv
[2026-07-02 06:15:03] Main Gym Fitness Gym: 2% (Closed) people=1 capacity=72 is_open=False hour_summary=closed
[2026-07-02 06:15:03] Outback Climbing Center: 6% (Closed) people=2 capacity=30 is_open=False hour_summary=closed
[2026-07-02 06:15:03] RIMAC Fitness Gym: 4% (Not Busy) people=5 capacity=150 is_open=True hour_summary=open
[2026-07-02 06:15:03] Triton Esports Center: 0% (Closed) people=0 capacity=35 is_open=False hour_summary=closed
[2026-07-02 06:15:03] === SCRAPE END OK ===
[2026-07-02 06:30:02] === SCRAPE START ===
[2026-07-02 06:30:02] Fetching https://waitz.io/live/ucsd-rec
[2026-07-02 06:30:04] Saved 4 rows to ucsd_occupancy_history.csv
[2026-07-02 06:30:04] Main Gym Fitness Gym: 1% (Closed) people=1 capacity=72 is_open=False hour_summary=closed
[2026-07-02 06:30:04] Outback Climbing Center: 6% (Closed) people=2 capacity=30 is_open=False hour_summary=closed
[2026-07-02 06:30:04] RIMAC Fitness Gym: 9% (Not Busy) people=13 capacity=150 is_open=True hour_summary=open
[2026-07-02 06:30:04] Triton Esports Center: 0% (Closed) people=0 capacity=35 is_open=False hour_summary=closed
[2026-07-02 06:30:04] === SCRAPE END OK ===
[2026-07-02 06:45:02] === SCRAPE START ===
[2026-07-02 06:45:02] Fetching https://waitz.io/live/ucsd-rec
[2026-07-02 06:45:03] Saved 4 rows to ucsd_occupancy_history.csv
[2026-07-02 06:45:03] Main Gym Fitness Gym: 1% (Closed) people=1 capacity=72 is_open=False hour_summary=closed
[2026-07-02 06:45:03] Outback Climbing Center: 6% (Closed) people=2 capacity=30 is_open=False hour_summary=closed
[2026-07-02 06:45:03] RIMAC Fitness Gym: 6% (Not Busy) people=9 capacity=150 is_open=True hour_summary=open
[2026-07-02 06:45:03] Triton Esports Center: 0% (Closed) people=0 capacity=35 is_open=False hour_summary=closed
[2026-07-02 06:45:03] === SCRAPE END OK ===
[2026-07-02 07:00:02] === SCRAPE START ===
[2026-07-02 07:00:02] Fetching https://waitz.io/live/ucsd-rec
[2026-07-02 07:00:04] Saved 4 rows to ucsd_occupancy_history.csv
[2026-07-02 07:00:04] Main Gym Fitness Gym: 1% (Closed) people=1 capacity=72 is_open=False hour_summary=closed
[2026-07-02 07:00:04] Outback Climbing Center: 10% (Closed) people=3 capacity=30 is_open=False hour_summary=closed
[2026-07-02 07:00:04] RIMAC Fitness Gym: 17% (Not Busy) people=26 capacity=150 is_open=True hour_summary=open
[2026-07-02 07:00:04] Triton Esports Center: 0% (Closed) people=0 capacity=35 is_open=False hour_summary=closed
[2026-07-02 07:00:04] === SCRAPE END OK ===
[2026-07-02 07:15:02] === SCRAPE START ===
[2026-07-02 07:15:02] Fetching https://waitz.io/live/ucsd-rec
[2026-07-02 07:15:03] Saved 4 rows to ucsd_occupancy_history.csv
[2026-07-02 07:15:03] Main Gym Fitness Gym: 11% (Closed) people=8 capacity=72 is_open=False hour_summary=closed
[2026-07-02 07:15:03] Outback Climbing Center: 9% (Closed) people=3 capacity=30 is_open=False hour_summary=closed
[2026-07-02 07:15:03] RIMAC Fitness Gym: 17% (Not Busy) people=25 capacity=150 is_open=True hour_summary=open
[2026-07-02 07:15:03] Triton Esports Center: 0% (Closed) people=0 capacity=35 is_open=False hour_summary=closed
[2026-07-02 07:15:03] === SCRAPE END OK ===
[2026-07-02 07:30:02] === SCRAPE START ===
[2026-07-02 07:30:02] Fetching https://waitz.io/live/ucsd-rec
[2026-07-02 07:30:04] Saved 4 rows to ucsd_occupancy_history.csv
[2026-07-02 07:30:04] Main Gym Fitness Gym: 5% (Closed) people=4 capacity=72 is_open=False hour_summary=closed
[2026-07-02 07:30:04] Outback Climbing Center: 8% (Closed) people=2 capacity=30 is_open=False hour_summary=closed
[2026-07-02 07:30:04] RIMAC Fitness Gym: 0% (Data Unavailable) people=0 capacity=150 is_open=True hour_summary=open
[2026-07-02 07:30:04] Triton Esports Center: 0% (Closed) people=0 capacity=35 is_open=False hour_summary=closed
[2026-07-02 07:30:04] === SCRAPE END OK ===
[2026-07-02 07:45:02] === SCRAPE START ===
[2026-07-02 07:45:02] Fetching https://waitz.io/live/ucsd-rec
[2026-07-02 07:45:03] Saved 4 rows to ucsd_occupancy_history.csv
[2026-07-02 07:45:03] Main Gym Fitness Gym: 12% (Closed) people=9 capacity=72 is_open=False hour_summary=closed
[2026-07-02 07:45:03] Outback Climbing Center: 8% (Closed) people=2 capacity=30 is_open=False hour_summary=closed
[2026-07-02 07:45:03] RIMAC Fitness Gym: 13% (Not Busy) people=19 capacity=150 is_open=True hour_summary=open
[2026-07-02 07:45:03] Triton Esports Center: 0% (Closed) people=0 capacity=35 is_open=False hour_summary=closed
[2026-07-02 07:45:03] === SCRAPE END OK ===
[2026-07-02 08:00:02] === SCRAPE START ===
[2026-07-02 08:00:02] Fetching https://waitz.io/live/ucsd-rec
[2026-07-02 08:00:04] Saved 4 rows to ucsd_occupancy_history.csv
[2026-07-02 08:00:04] Main Gym Fitness Gym: 26% (Closed) people=18 capacity=72 is_open=False hour_summary=closed
[2026-07-02 08:00:04] Outback Climbing Center: 7% (Closed) people=2 capacity=30 is_open=False hour_summary=closed
[2026-07-02 08:00:04] RIMAC Fitness Gym: 12% (Not Busy) people=17 capacity=150 is_open=True hour_summary=open
[2026-07-02 08:00:04] Triton Esports Center: 0% (Closed) people=0 capacity=35 is_open=False hour_summary=closed
[2026-07-02 08:00:04] === SCRAPE END OK ===
[2026-07-02 08:15:02] === SCRAPE START ===
[2026-07-02 08:15:02] Fetching https://waitz.io/live/ucsd-rec
[2026-07-02 08:15:03] Saved 4 rows to ucsd_occupancy_history.csv
[2026-07-02 08:15:03] Main Gym Fitness Gym: 16% (Closed) people=11 capacity=72 is_open=False hour_summary=closed
[2026-07-02 08:15:03] Outback Climbing Center: 10% (Closed) people=3 capacity=30 is_open=False hour_summary=closed
[2026-07-02 08:15:03] RIMAC Fitness Gym: 12% (Not Busy) people=18 capacity=150 is_open=True hour_summary=open
[2026-07-02 08:15:03] Triton Esports Center: 0% (Closed) people=0 capacity=35 is_open=False hour_summary=closed
[2026-07-02 08:15:03] === SCRAPE END OK ===
[2026-07-02 08:30:02] === SCRAPE START ===
[2026-07-02 08:30:02] Fetching https://waitz.io/live/ucsd-rec
[2026-07-02 08:30:04] Saved 4 rows to ucsd_occupancy_history.csv
[2026-07-02 08:30:04] Main Gym Fitness Gym: 19% (Closed) people=13 capacity=72 is_open=False hour_summary=closed
[2026-07-02 08:30:04] Outback Climbing Center: 12% (Closed) people=4 capacity=30 is_open=False hour_summary=closed
[2026-07-02 08:30:04] RIMAC Fitness Gym: 9% (Not Busy) people=14 capacity=150 is_open=True hour_summary=open
[2026-07-02 08:30:04] Triton Esports Center: 0% (Closed) people=0 capacity=35 is_open=False hour_summary=closed
[2026-07-02 08:30:04] === SCRAPE END OK ===
[2026-07-02 08:45:02] === SCRAPE START ===
[2026-07-02 08:45:02] Fetching https://waitz.io/live/ucsd-rec
[2026-07-02 08:45:03] Saved 4 rows to ucsd_occupancy_history.csv
[2026-07-02 08:45:03] Main Gym Fitness Gym: 19% (Closed) people=14 capacity=72 is_open=False hour_summary=closed
[2026-07-02 08:45:03] Outback Climbing Center: 22% (Closed) people=7 capacity=30 is_open=False hour_summary=closed
[2026-07-02 08:45:03] RIMAC Fitness Gym: 11% (Not Busy) people=16 capacity=150 is_open=True hour_summary=open
[2026-07-02 08:45:03] Triton Esports Center: 0% (Closed) people=0 capacity=35 is_open=False hour_summary=closed
[2026-07-02 08:45:03] === SCRAPE END OK ===
[2026-07-02 09:00:02] === SCRAPE START ===
[2026-07-02 09:00:02] Fetching https://waitz.io/live/ucsd-rec
[2026-07-02 09:00:04] Saved 4 rows to ucsd_occupancy_history.csv
[2026-07-02 09:00:04] Main Gym Fitness Gym: 25% (Closed) people=18 capacity=72 is_open=False hour_summary=closed
[2026-07-02 09:00:04] Outback Climbing Center: 22% (Closed) people=7 capacity=30 is_open=False hour_summary=closed
[2026-07-02 09:00:04] RIMAC Fitness Gym: 16% (Not Busy) people=23 capacity=150 is_open=True hour_summary=open
[2026-07-02 09:00:04] Triton Esports Center: 0% (Closed) people=0 capacity=35 is_open=False hour_summary=closed
[2026-07-02 09:00:04] === SCRAPE END OK ===
[2026-07-02 09:15:02] === SCRAPE START ===
[2026-07-02 09:15:02] Fetching https://waitz.io/live/ucsd-rec
[2026-07-02 09:15:04] Saved 4 rows to ucsd_occupancy_history.csv
[2026-07-02 09:15:04] Main Gym Fitness Gym: 50% (Closed) people=36 capacity=72 is_open=False hour_summary=closed
[2026-07-02 09:15:04] Outback Climbing Center: 21% (Closed) people=6 capacity=30 is_open=False hour_summary=closed
[2026-07-02 09:15:04] RIMAC Fitness Gym: 14% (Not Busy) people=21 capacity=150 is_open=True hour_summary=open
[2026-07-02 09:15:04] Triton Esports Center: 0% (Closed) people=0 capacity=35 is_open=False hour_summary=closed
[2026-07-02 09:15:04] === SCRAPE END OK ===
[2026-07-02 09:30:02] === SCRAPE START ===
[2026-07-02 09:30:02] Fetching https://waitz.io/live/ucsd-rec
[2026-07-02 09:30:04] Saved 4 rows to ucsd_occupancy_history.csv
[2026-07-02 09:30:04] Main Gym Fitness Gym: 60% (Closed) people=43 capacity=72 is_open=False hour_summary=closed
[2026-07-02 09:30:04] Outback Climbing Center: 6% (Closed) people=2 capacity=30 is_open=False hour_summary=closed
[2026-07-02 09:30:04] RIMAC Fitness Gym: 12% (Not Busy) people=18 capacity=150 is_open=True hour_summary=open
[2026-07-02 09:30:04] Triton Esports Center: 0% (Closed) people=0 capacity=35 is_open=False hour_summary=closed
[2026-07-02 09:30:04] === SCRAPE END OK ===
[2026-07-02 09:45:05] === SCRAPE START ===
[2026-07-02 09:45:05] Fetching https://waitz.io/live/ucsd-rec
[2026-07-02 09:45:06] Saved 4 rows to ucsd_occupancy_history.csv
[2026-07-02 09:45:06] Main Gym Fitness Gym: 48% (Closed) people=34 capacity=72 is_open=False hour_summary=closed
[2026-07-02 09:45:06] Outback Climbing Center: 23% (Closed) people=7 capacity=30 is_open=False hour_summary=closed
[2026-07-02 09:45:06] RIMAC Fitness Gym: 17% (Not Busy) people=25 capacity=150 is_open=True hour_summary=open
[2026-07-02 09:45:06] Triton Esports Center: 0% (Closed) people=0 capacity=35 is_open=False hour_summary=closed
[2026-07-02 09:45:06] === SCRAPE END OK ===
[2026-07-02 10:00:02] === SCRAPE START ===
[2026-07-02 10:00:02] Fetching https://waitz.io/live/ucsd-rec
[2026-07-02 10:00:04] Saved 4 rows to ucsd_occupancy_history.csv
[2026-07-02 10:00:04] Main Gym Fitness Gym: 54% (Closed) people=39 capacity=72 is_open=False hour_summary=closed
[2026-07-02 10:00:04] Outback Climbing Center: 26% (Closed) people=8 capacity=30 is_open=False hour_summary=closed
[2026-07-02 10:00:04] RIMAC Fitness Gym: 12% (Not Busy) people=18 capacity=150 is_open=True hour_summary=open
[2026-07-02 10:00:04] Triton Esports Center: 0% (Closed) people=0 capacity=35 is_open=False hour_summary=closed
[2026-07-02 10:00:04] === SCRAPE END OK ===
[2026-07-02 10:15:02] === SCRAPE START ===
[2026-07-02 10:15:02] Fetching https://waitz.io/live/ucsd-rec
[2026-07-02 10:15:03] Saved 4 rows to ucsd_occupancy_history.csv
[2026-07-02 10:15:03] Main Gym Fitness Gym: 51% (Closed) people=36 capacity=72 is_open=False hour_summary=closed
[2026-07-02 10:15:03] Outback Climbing Center: 24% (Closed) people=7 capacity=30 is_open=False hour_summary=closed
[2026-07-02 10:15:03] RIMAC Fitness Gym: 11% (Not Busy) people=17 capacity=150 is_open=True hour_summary=open
[2026-07-02 10:15:03] Triton Esports Center: 0% (Closed) people=0 capacity=35 is_open=False hour_summary=closed
[2026-07-02 10:15:03] === SCRAPE END OK ===
[2026-07-02 10:30:02] === SCRAPE START ===
[2026-07-02 10:30:02] Fetching https://waitz.io/live/ucsd-rec
[2026-07-02 10:30:04] Saved 4 rows to ucsd_occupancy_history.csv
[2026-07-02 10:30:04] Main Gym Fitness Gym: 61% (Closed) people=44 capacity=72 is_open=False hour_summary=closed
[2026-07-02 10:30:04] Outback Climbing Center: 43% (Closed) people=13 capacity=30 is_open=False hour_summary=closed
[2026-07-02 10:30:04] RIMAC Fitness Gym: 12% (Not Busy) people=18 capacity=150 is_open=True hour_summary=open
[2026-07-02 10:30:04] Triton Esports Center: 0% (Closed) people=0 capacity=35 is_open=False hour_summary=closed
[2026-07-02 10:30:04] === SCRAPE END OK ===
[2026-07-02 10:45:02] === SCRAPE START ===
[2026-07-02 10:45:02] Fetching https://waitz.io/live/ucsd-rec
[2026-07-02 10:45:03] Saved 4 rows to ucsd_occupancy_history.csv
[2026-07-02 10:45:03] Main Gym Fitness Gym: 66% (Closed) people=47 capacity=72 is_open=False hour_summary=closed
[2026-07-02 10:45:03] Outback Climbing Center: 26% (Closed) people=8 capacity=30 is_open=False hour_summary=closed
[2026-07-02 10:45:03] RIMAC Fitness Gym: 15% (Not Busy) people=23 capacity=150 is_open=True hour_summary=open
[2026-07-02 10:45:03] Triton Esports Center: 0% (Closed) people=0 capacity=35 is_open=False hour_summary=closed
[2026-07-02 10:45:03] === SCRAPE END OK ===
[2026-07-02 11:00:02] === SCRAPE START ===
[2026-07-02 11:00:02] Fetching https://waitz.io/live/ucsd-rec
[2026-07-02 11:00:04] Saved 4 rows to ucsd_occupancy_history.csv
[2026-07-02 11:00:04] Main Gym Fitness Gym: 71% (Closed) people=51 capacity=72 is_open=False hour_summary=closed
[2026-07-02 11:00:04] Outback Climbing Center: 41% (Closed) people=12 capacity=30 is_open=False hour_summary=closed
[2026-07-02 11:00:04] RIMAC Fitness Gym: 19% (Not Busy) people=29 capacity=150 is_open=True hour_summary=open
[2026-07-02 11:00:04] Triton Esports Center: 0% (Closed) people=0 capacity=35 is_open=False hour_summary=closed
[2026-07-02 11:00:04] === SCRAPE END OK ===
[2026-07-02 11:15:02] === SCRAPE START ===
[2026-07-02 11:15:02] Fetching https://waitz.io/live/ucsd-rec
[2026-07-02 11:15:03] Saved 4 rows to ucsd_occupancy_history.csv
[2026-07-02 11:15:03] Main Gym Fitness Gym: 72% (Closed) people=52 capacity=72 is_open=False hour_summary=closed
[2026-07-02 11:15:03] Outback Climbing Center: 53% (Closed) people=16 capacity=30 is_open=False hour_summary=closed
[2026-07-02 11:15:03] RIMAC Fitness Gym: 19% (Not Busy) people=29 capacity=150 is_open=True hour_summary=open
[2026-07-02 11:15:03] Triton Esports Center: 0% (Closed) people=0 capacity=35 is_open=False hour_summary=closed
[2026-07-02 11:15:03] === SCRAPE END OK ===
[2026-07-02 11:30:02] === SCRAPE START ===
[2026-07-02 11:30:02] Fetching https://waitz.io/live/ucsd-rec
[2026-07-02 11:30:05] Saved 4 rows to ucsd_occupancy_history.csv
[2026-07-02 11:30:05] Main Gym Fitness Gym: 69% (Closed) people=50 capacity=72 is_open=False hour_summary=closed
[2026-07-02 11:30:05] Outback Climbing Center: 32% (Closed) people=10 capacity=30 is_open=False hour_summary=closed
[2026-07-02 11:30:05] RIMAC Fitness Gym: 17% (Not Busy) people=25 capacity=150 is_open=True hour_summary=open
[2026-07-02 11:30:05] Triton Esports Center: 0% (Closed) people=0 capacity=35 is_open=False hour_summary=closed
[2026-07-02 11:30:05] === SCRAPE END OK ===
[2026-07-02 11:45:02] === SCRAPE START ===
[2026-07-02 11:45:02] Fetching https://waitz.io/live/ucsd-rec
[2026-07-02 11:45:03] Saved 4 rows to ucsd_occupancy_history.csv
[2026-07-02 11:45:03] Main Gym Fitness Gym: 67% (Closed) people=48 capacity=72 is_open=False hour_summary=closed
[2026-07-02 11:45:03] Outback Climbing Center: 32% (Closed) people=10 capacity=30 is_open=False hour_summary=closed
[2026-07-02 11:45:03] RIMAC Fitness Gym: 19% (Not Busy) people=29 capacity=150 is_open=True hour_summary=open
[2026-07-02 11:45:03] Triton Esports Center: 0% (Closed) people=0 capacity=35 is_open=False hour_summary=closed
[2026-07-02 11:45:03] === SCRAPE END OK ===
[2026-07-02 12:00:02] === SCRAPE START ===
[2026-07-02 12:00:02] Fetching https://waitz.io/live/ucsd-rec
[2026-07-02 12:00:04] Saved 4 rows to ucsd_occupancy_history.csv
[2026-07-02 12:00:04] Main Gym Fitness Gym: 70% (Closed) people=50 capacity=72 is_open=False hour_summary=closed
[2026-07-02 12:00:04] Outback Climbing Center: 16% (Closed) people=5 capacity=30 is_open=False hour_summary=closed
[2026-07-02 12:00:04] RIMAC Fitness Gym: 16% (Not Busy) people=24 capacity=150 is_open=True hour_summary=open
[2026-07-02 12:00:04] Triton Esports Center: 0% (Closed) people=0 capacity=35 is_open=False hour_summary=closed
[2026-07-02 12:00:04] === SCRAPE END OK ===
[2026-07-02 12:15:02] === SCRAPE START ===
[2026-07-02 12:15:02] Fetching https://waitz.io/live/ucsd-rec
[2026-07-02 12:15:03] Saved 4 rows to ucsd_occupancy_history.csv
[2026-07-02 12:15:03] Main Gym Fitness Gym: 33% (Closed) people=24 capacity=72 is_open=False hour_summary=closed
[2026-07-02 12:15:03] Outback Climbing Center: 6% (Closed) people=2 capacity=30 is_open=False hour_summary=closed
[2026-07-02 12:15:03] RIMAC Fitness Gym: 20% (Not Busy) people=31 capacity=150 is_open=True hour_summary=open
[2026-07-02 12:15:03] Triton Esports Center: 0% (Closed) people=0 capacity=35 is_open=False hour_summary=closed
[2026-07-02 12:15:03] === SCRAPE END OK ===
