[2026-06-14 22:42:57] === SCRAPE START ===
[2026-06-14 22:42:57] Fetching https://waitz.io/live/ucsd-rec
[2026-06-14 22:42:58] Saved 4 rows to ucsd_occupancy_history.csv
[2026-06-14 22:42:58] Main Gym Fitness Gym: 1% (Not Busy) people=1 capacity=72 is_open=True hour_summary=open
[2026-06-14 22:42:58] Outback Climbing Center: 8% (Closed) people=2 capacity=30 is_open=False hour_summary=Closed until 10:00am
[2026-06-14 22:42:58] RIMAC Fitness Gym: 0% (Not Busy) people=1 capacity=150 is_open=True hour_summary=open
[2026-06-14 22:42:58] Triton Esports Center: 0% (Closed) people=0 capacity=35 is_open=False hour_summary=Closed until 7:30am
[2026-06-14 22:42:58] === SCRAPE END OK ===
[2026-06-14 22:45:02] === SCRAPE START ===
[2026-06-14 22:45:02] Fetching https://waitz.io/live/ucsd-rec
[2026-06-14 22:45:02] Saved 4 rows to ucsd_occupancy_history.csv
[2026-06-14 22:45:02] Main Gym Fitness Gym: 2% (Not Busy) people=1 capacity=72 is_open=True hour_summary=open
[2026-06-14 22:45:02] Outback Climbing Center: 7% (Closed) people=2 capacity=30 is_open=False hour_summary=Closed until 10:00am
[2026-06-14 22:45:02] RIMAC Fitness Gym: 0% (Not Busy) people=1 capacity=150 is_open=True hour_summary=open
[2026-06-14 22:45:02] Triton Esports Center: 0% (Closed) people=0 capacity=35 is_open=False hour_summary=Closed until 7:30am
[2026-06-14 22:45:02] === SCRAPE END OK ===
[2026-06-14 22:57:54] === SCRAPE START ===
[2026-06-14 22:57:54] Fetching https://waitz.io/live/ucsd-rec
[2026-06-14 22:57:55] Saved 4 rows to ucsd_occupancy_history.csv
[2026-06-14 22:57:55] Main Gym Fitness Gym: 1% (Not Busy) people=1 capacity=72 is_open=True hour_summary=open
[2026-06-14 22:57:55] Outback Climbing Center: 7% (Closed) people=2 capacity=30 is_open=False hour_summary=Closed until 10:00am
[2026-06-14 22:57:55] RIMAC Fitness Gym: 0% (Not Busy) people=0 capacity=150 is_open=True hour_summary=open
[2026-06-14 22:57:55] Triton Esports Center: 0% (Closed) people=0 capacity=35 is_open=False hour_summary=Closed until 7:30am
[2026-06-14 22:57:55] === SCRAPE END OK ===
[2026-06-14 23:00:02] === SCRAPE START ===
[2026-06-14 23:00:02] Fetching https://waitz.io/live/ucsd-rec
[2026-06-14 23:00:03] Saved 4 rows to ucsd_occupancy_history.csv
[2026-06-14 23:00:03] Main Gym Fitness Gym: 2% (Not Busy) people=1 capacity=72 is_open=True hour_summary=open
[2026-06-14 23:00:03] Outback Climbing Center: 11% (Closed) people=3 capacity=30 is_open=False hour_summary=Closed until 10:00am
[2026-06-14 23:00:03] RIMAC Fitness Gym: 0% (Not Busy) people=0 capacity=150 is_open=True hour_summary=open
[2026-06-14 23:00:03] Triton Esports Center: 0% (Closed) people=0 capacity=35 is_open=False hour_summary=Closed until 7:30am
[2026-06-14 23:00:03] === SCRAPE END OK ===
[2026-06-14 23:12:54] === SCRAPE START ===
[2026-06-14 23:12:54] Fetching https://waitz.io/live/ucsd-rec
[2026-06-14 23:12:55] Saved 4 rows to ucsd_occupancy_history.csv
[2026-06-14 23:12:55] Main Gym Fitness Gym: 1% (Closed) people=1 capacity=72 is_open=False hour_summary=Closed until 6:00am
[2026-06-14 23:12:55] Outback Climbing Center: 8% (Closed) people=3 capacity=30 is_open=False hour_summary=Closed until 10:00am
[2026-06-14 23:12:55] RIMAC Fitness Gym: 0% (Closed) people=0 capacity=150 is_open=False hour_summary=Closed until 6:00am
[2026-06-14 23:12:55] Triton Esports Center: 0% (Closed) people=0 capacity=35 is_open=False hour_summary=Closed until 7:30am
[2026-06-14 23:12:55] === SCRAPE END OK ===
[2026-06-14 23:15:02] === SCRAPE START ===
[2026-06-14 23:15:02] Fetching https://waitz.io/live/ucsd-rec
[2026-06-14 23:15:03] Saved 4 rows to ucsd_occupancy_history.csv
[2026-06-14 23:15:03] Main Gym Fitness Gym: 1% (Closed) people=1 capacity=72 is_open=False hour_summary=Closed until 6:00am
[2026-06-14 23:15:03] Outback Climbing Center: 8% (Closed) people=3 capacity=30 is_open=False hour_summary=Closed until 10:00am
[2026-06-14 23:15:03] RIMAC Fitness Gym: 0% (Closed) people=0 capacity=150 is_open=False hour_summary=Closed until 6:00am
[2026-06-14 23:15:03] Triton Esports Center: 0% (Closed) people=0 capacity=35 is_open=False hour_summary=Closed until 7:30am
[2026-06-14 23:15:03] === SCRAPE END OK ===
[2026-06-14 23:27:54] === SCRAPE START ===
[2026-06-14 23:27:54] Fetching https://waitz.io/live/ucsd-rec
[2026-06-14 23:27:55] Saved 4 rows to ucsd_occupancy_history.csv
[2026-06-14 23:27:55] Main Gym Fitness Gym: 1% (Closed) people=1 capacity=72 is_open=False hour_summary=Closed until 6:00am
[2026-06-14 23:27:55] Outback Climbing Center: 5% (Closed) people=2 capacity=30 is_open=False hour_summary=Closed until 10:00am
[2026-06-14 23:27:55] RIMAC Fitness Gym: 0% (Closed) people=1 capacity=150 is_open=False hour_summary=Closed until 6:00am
[2026-06-14 23:27:55] Triton Esports Center: 0% (Closed) people=0 capacity=35 is_open=False hour_summary=Closed until 7:30am
[2026-06-14 23:27:55] === SCRAPE END OK ===
[2026-06-14 23:30:02] === SCRAPE START ===
[2026-06-14 23:30:02] Fetching https://waitz.io/live/ucsd-rec
[2026-06-14 23:30:02] Saved 4 rows to ucsd_occupancy_history.csv
[2026-06-14 23:30:02] Main Gym Fitness Gym: 2% (Closed) people=1 capacity=72 is_open=False hour_summary=Closed until 6:00am
[2026-06-14 23:30:02] Outback Climbing Center: 4% (Closed) people=1 capacity=30 is_open=False hour_summary=Closed until 10:00am
[2026-06-14 23:30:02] RIMAC Fitness Gym: 0% (Closed) people=1 capacity=150 is_open=False hour_summary=Closed until 6:00am
[2026-06-14 23:30:02] Triton Esports Center: 0% (Closed) people=0 capacity=35 is_open=False hour_summary=Closed until 7:30am
[2026-06-14 23:30:02] === SCRAPE END OK ===
[2026-06-14 23:42:54] === SCRAPE START ===
[2026-06-14 23:42:54] Fetching https://waitz.io/live/ucsd-rec
[2026-06-14 23:42:55] Saved 4 rows to ucsd_occupancy_history.csv
[2026-06-14 23:42:55] Main Gym Fitness Gym: 1% (Closed) people=1 capacity=72 is_open=False hour_summary=Closed until 6:00am
[2026-06-14 23:42:55] Outback Climbing Center: 7% (Closed) people=2 capacity=30 is_open=False hour_summary=Closed until 10:00am
[2026-06-14 23:42:55] RIMAC Fitness Gym: 0% (Closed) people=0 capacity=150 is_open=False hour_summary=Closed until 6:00am
[2026-06-14 23:42:55] Triton Esports Center: 0% (Closed) people=0 capacity=35 is_open=False hour_summary=Closed until 7:30am
[2026-06-14 23:42:55] === SCRAPE END OK ===
[2026-06-14 23:45:02] === SCRAPE START ===
[2026-06-14 23:45:02] Fetching https://waitz.io/live/ucsd-rec
[2026-06-14 23:45:03] Saved 4 rows to ucsd_occupancy_history.csv
[2026-06-14 23:45:03] Main Gym Fitness Gym: 2% (Closed) people=1 capacity=72 is_open=False hour_summary=Closed until 6:00am
[2026-06-14 23:45:03] Outback Climbing Center: 4% (Closed) people=1 capacity=30 is_open=False hour_summary=Closed until 10:00am
[2026-06-14 23:45:03] RIMAC Fitness Gym: 0% (Closed) people=0 capacity=150 is_open=False hour_summary=Closed until 6:00am
[2026-06-14 23:45:03] Triton Esports Center: 0% (Closed) people=0 capacity=35 is_open=False hour_summary=Closed until 7:30am
[2026-06-14 23:45:03] === SCRAPE END OK ===
[2026-06-14 23:57:54] === SCRAPE START ===
[2026-06-14 23:57:54] Fetching https://waitz.io/live/ucsd-rec
[2026-06-14 23:57:55] Saved 4 rows to ucsd_occupancy_history.csv
[2026-06-14 23:57:55] Main Gym Fitness Gym: 2% (Closed) people=1 capacity=72 is_open=False hour_summary=Closed until 6:00am
[2026-06-14 23:57:55] Outback Climbing Center: 5% (Closed) people=2 capacity=30 is_open=False hour_summary=Closed until 10:00am
[2026-06-14 23:57:55] RIMAC Fitness Gym: 0% (Closed) people=1 capacity=150 is_open=False hour_summary=Closed until 6:00am
[2026-06-14 23:57:55] Triton Esports Center: 0% (Closed) people=0 capacity=35 is_open=False hour_summary=Closed until 7:30am
[2026-06-14 23:57:55] === SCRAPE END OK ===
