[2026-05-31 00:00:01] === SCRAPE START ===
[2026-05-31 00:00:01] Fetching https://waitz.io/live/ucsd-rec
[2026-05-31 00:00:03] Saved 4 rows to ucsd_occupancy_history.csv
[2026-05-31 00:00:03] Main Gym Fitness Gym: 1% (Closed) people=1 capacity=72 is_open=False hour_summary=Closed until 8:00am
[2026-05-31 00:00:03] Outback Climbing Center: 5% (Closed) people=2 capacity=30 is_open=False hour_summary=Closed until 4:00pm
[2026-05-31 00:00:03] RIMAC Fitness Gym: 0% (Closed) people=0 capacity=150 is_open=False hour_summary=Closed until 8:00am
[2026-05-31 00:00:03] Triton Esports Center: 0% (Closed) people=0 capacity=35 is_open=False hour_summary=Closed until 11:00am
[2026-05-31 00:00:03] === SCRAPE END OK ===
[2026-05-31 00:15:02] === SCRAPE START ===
[2026-05-31 00:15:02] Fetching https://waitz.io/live/ucsd-rec
[2026-05-31 00:15:03] Saved 4 rows to ucsd_occupancy_history.csv
[2026-05-31 00:15:03] Main Gym Fitness Gym: 1% (Closed) people=1 capacity=72 is_open=False hour_summary=Closed until 8:00am
[2026-05-31 00:15:03] Outback Climbing Center: 1% (Closed) people=0 capacity=30 is_open=False hour_summary=Closed until 4:00pm
[2026-05-31 00:15:03] RIMAC Fitness Gym: 0% (Closed) people=1 capacity=150 is_open=False hour_summary=Closed until 8:00am
[2026-05-31 00:15:03] Triton Esports Center: 0% (Closed) people=0 capacity=35 is_open=False hour_summary=Closed until 11:00am
[2026-05-31 00:15:03] === SCRAPE END OK ===
[2026-05-31 00:30:02] === SCRAPE START ===
[2026-05-31 00:30:02] Fetching https://waitz.io/live/ucsd-rec
[2026-05-31 00:30:03] Saved 4 rows to ucsd_occupancy_history.csv
[2026-05-31 00:30:03] Main Gym Fitness Gym: 1% (Closed) people=1 capacity=72 is_open=False hour_summary=Closed until 8:00am
[2026-05-31 00:30:03] Outback Climbing Center: 1% (Closed) people=0 capacity=30 is_open=False hour_summary=Closed until 4:00pm
[2026-05-31 00:30:03] RIMAC Fitness Gym: 0% (Closed) people=1 capacity=150 is_open=False hour_summary=Closed until 8:00am
[2026-05-31 00:30:03] Triton Esports Center: 0% (Closed) people=0 capacity=35 is_open=False hour_summary=Closed until 11:00am
[2026-05-31 00:30:03] === SCRAPE END OK ===
[2026-05-31 00:45:02] === SCRAPE START ===
[2026-05-31 00:45:02] Fetching https://waitz.io/live/ucsd-rec
[2026-05-31 00:45:03] Saved 4 rows to ucsd_occupancy_history.csv
[2026-05-31 00:45:03] Main Gym Fitness Gym: 1% (Closed) people=1 capacity=72 is_open=False hour_summary=Closed until 8:00am
[2026-05-31 00:45:03] Outback Climbing Center: 1% (Closed) people=0 capacity=30 is_open=False hour_summary=Closed until 4:00pm
[2026-05-31 00:45:03] RIMAC Fitness Gym: 0% (Closed) people=1 capacity=150 is_open=False hour_summary=Closed until 8:00am
[2026-05-31 00:45:03] Triton Esports Center: 0% (Closed) people=0 capacity=35 is_open=False hour_summary=Closed until 11:00am
[2026-05-31 00:45:03] === SCRAPE END OK ===
[2026-05-31 01:00:02] === SCRAPE START ===
[2026-05-31 01:00:02] Fetching https://waitz.io/live/ucsd-rec
[2026-05-31 01:00:04] Saved 4 rows to ucsd_occupancy_history.csv
[2026-05-31 01:00:04] Main Gym Fitness Gym: 1% (Closed) people=1 capacity=72 is_open=False hour_summary=Closed until 8:00am
[2026-05-31 01:00:04] Outback Climbing Center: 2% (Closed) people=1 capacity=30 is_open=False hour_summary=Closed until 4:00pm
[2026-05-31 01:00:04] RIMAC Fitness Gym: 0% (Closed) people=1 capacity=150 is_open=False hour_summary=Closed until 8:00am
[2026-05-31 01:00:04] Triton Esports Center: 0% (Closed) people=0 capacity=35 is_open=False hour_summary=Closed until 11:00am
[2026-05-31 01:00:04] === SCRAPE END OK ===
[2026-05-31 01:15:02] === SCRAPE START ===
[2026-05-31 01:15:02] Fetching https://waitz.io/live/ucsd-rec
[2026-05-31 01:15:03] Saved 4 rows to ucsd_occupancy_history.csv
[2026-05-31 01:15:03] Main Gym Fitness Gym: 1% (Closed) people=1 capacity=72 is_open=False hour_summary=Closed until 8:00am
[2026-05-31 01:15:03] Outback Climbing Center: 2% (Closed) people=0 capacity=30 is_open=False hour_summary=Closed until 4:00pm
[2026-05-31 01:15:03] RIMAC Fitness Gym: 0% (Closed) people=0 capacity=150 is_open=False hour_summary=Closed until 8:00am
[2026-05-31 01:15:03] Triton Esports Center: 0% (Closed) people=0 capacity=35 is_open=False hour_summary=Closed until 11:00am
[2026-05-31 01:15:03] === SCRAPE END OK ===
[2026-05-31 01:30:02] === SCRAPE START ===
[2026-05-31 01:30:02] Fetching https://waitz.io/live/ucsd-rec
[2026-05-31 01:30:03] Saved 4 rows to ucsd_occupancy_history.csv
[2026-05-31 01:30:03] Main Gym Fitness Gym: 1% (Closed) people=1 capacity=72 is_open=False hour_summary=Closed until 8:00am
[2026-05-31 01:30:03] Outback Climbing Center: 1% (Closed) people=0 capacity=30 is_open=False hour_summary=Closed until 4:00pm
[2026-05-31 01:30:03] RIMAC Fitness Gym: 1% (Closed) people=1 capacity=150 is_open=False hour_summary=Closed until 8:00am
[2026-05-31 01:30:03] Triton Esports Center: 0% (Closed) people=0 capacity=35 is_open=False hour_summary=Closed until 11:00am
[2026-05-31 01:30:03] === SCRAPE END OK ===
[2026-05-31 01:45:02] === SCRAPE START ===
[2026-05-31 01:45:02] Fetching https://waitz.io/live/ucsd-rec
[2026-05-31 01:45:03] Saved 4 rows to ucsd_occupancy_history.csv
[2026-05-31 01:45:03] Main Gym Fitness Gym: 1% (Closed) people=1 capacity=72 is_open=False hour_summary=Closed until 8:00am
[2026-05-31 01:45:03] Outback Climbing Center: 1% (Closed) people=0 capacity=30 is_open=False hour_summary=Closed until 4:00pm
[2026-05-31 01:45:03] RIMAC Fitness Gym: 1% (Closed) people=1 capacity=150 is_open=False hour_summary=Closed until 8:00am
[2026-05-31 01:45:03] Triton Esports Center: 0% (Closed) people=0 capacity=35 is_open=False hour_summary=Closed until 11:00am
[2026-05-31 01:45:03] === SCRAPE END OK ===
[2026-05-31 02:00:02] === SCRAPE START ===
[2026-05-31 02:00:02] Fetching https://waitz.io/live/ucsd-rec
[2026-05-31 02:00:03] Saved 4 rows to ucsd_occupancy_history.csv
[2026-05-31 02:00:03] Main Gym Fitness Gym: 2% (Closed) people=1 capacity=72 is_open=False hour_summary=Closed until 8:00am
[2026-05-31 02:00:03] Outback Climbing Center: 2% (Closed) people=0 capacity=30 is_open=False hour_summary=Closed until 4:00pm
[2026-05-31 02:00:03] RIMAC Fitness Gym: 0% (Closed) people=0 capacity=150 is_open=False hour_summary=Closed until 8:00am
[2026-05-31 02:00:03] Triton Esports Center: 0% (Closed) people=0 capacity=35 is_open=False hour_summary=Closed until 11:00am
[2026-05-31 02:00:03] === SCRAPE END OK ===
[2026-05-31 02:15:02] === SCRAPE START ===
[2026-05-31 02:15:02] Fetching https://waitz.io/live/ucsd-rec
[2026-05-31 02:15:03] Saved 4 rows to ucsd_occupancy_history.csv
[2026-05-31 02:15:03] Main Gym Fitness Gym: 2% (Closed) people=1 capacity=72 is_open=False hour_summary=Closed until 8:00am
[2026-05-31 02:15:03] Outback Climbing Center: 1% (Closed) people=0 capacity=30 is_open=False hour_summary=Closed until 4:00pm
[2026-05-31 02:15:03] RIMAC Fitness Gym: 1% (Closed) people=1 capacity=150 is_open=False hour_summary=Closed until 8:00am
[2026-05-31 02:15:03] Triton Esports Center: 0% (Closed) people=0 capacity=35 is_open=False hour_summary=Closed until 11:00am
[2026-05-31 02:15:03] === SCRAPE END OK ===
[2026-05-31 02:30:02] === SCRAPE START ===
[2026-05-31 02:30:02] Fetching https://waitz.io/live/ucsd-rec
[2026-05-31 02:30:03] Saved 4 rows to ucsd_occupancy_history.csv
[2026-05-31 02:30:03] Main Gym Fitness Gym: 1% (Closed) people=1 capacity=72 is_open=False hour_summary=Closed until 8:00am
[2026-05-31 02:30:03] Outback Climbing Center: 1% (Closed) people=0 capacity=30 is_open=False hour_summary=Closed until 4:00pm
[2026-05-31 02:30:03] RIMAC Fitness Gym: 1% (Closed) people=1 capacity=150 is_open=False hour_summary=Closed until 8:00am
[2026-05-31 02:30:03] Triton Esports Center: 0% (Closed) people=0 capacity=35 is_open=False hour_summary=Closed until 11:00am
[2026-05-31 02:30:03] === SCRAPE END OK ===
[2026-05-31 02:45:02] === SCRAPE START ===
[2026-05-31 02:45:02] Fetching https://waitz.io/live/ucsd-rec
[2026-05-31 02:45:03] Saved 4 rows to ucsd_occupancy_history.csv
[2026-05-31 02:45:03] Main Gym Fitness Gym: 1% (Closed) people=1 capacity=72 is_open=False hour_summary=Closed until 8:00am
[2026-05-31 02:45:03] Outback Climbing Center: 4% (Closed) people=1 capacity=30 is_open=False hour_summary=Closed until 4:00pm
[2026-05-31 02:45:03] RIMAC Fitness Gym: 1% (Closed) people=1 capacity=150 is_open=False hour_summary=Closed until 8:00am
[2026-05-31 02:45:03] Triton Esports Center: 0% (Closed) people=0 capacity=35 is_open=False hour_summary=Closed until 11:00am
[2026-05-31 02:45:03] === SCRAPE END OK ===
[2026-05-31 03:00:02] === SCRAPE START ===
[2026-05-31 03:00:02] Fetching https://waitz.io/live/ucsd-rec
[2026-05-31 03:00:03] Saved 4 rows to ucsd_occupancy_history.csv
[2026-05-31 03:00:03] Main Gym Fitness Gym: 1% (Closed) people=0 capacity=72 is_open=False hour_summary=Closed until 8:00am
[2026-05-31 03:00:03] Outback Climbing Center: 1% (Closed) people=0 capacity=30 is_open=False hour_summary=Closed until 4:00pm
[2026-05-31 03:00:03] RIMAC Fitness Gym: 1% (Closed) people=1 capacity=150 is_open=False hour_summary=Closed until 8:00am
[2026-05-31 03:00:03] Triton Esports Center: 0% (Closed) people=0 capacity=35 is_open=False hour_summary=Closed until 11:00am
[2026-05-31 03:00:03] === SCRAPE END OK ===
[2026-05-31 03:15:02] === SCRAPE START ===
[2026-05-31 03:15:02] Fetching https://waitz.io/live/ucsd-rec
[2026-05-31 03:15:03] Saved 4 rows to ucsd_occupancy_history.csv
[2026-05-31 03:15:03] Main Gym Fitness Gym: 1% (Closed) people=1 capacity=72 is_open=False hour_summary=Closed until 8:00am
[2026-05-31 03:15:03] Outback Climbing Center: 2% (Closed) people=0 capacity=30 is_open=False hour_summary=Closed until 4:00pm
[2026-05-31 03:15:03] RIMAC Fitness Gym: 0% (Closed) people=0 capacity=150 is_open=False hour_summary=Closed until 8:00am
[2026-05-31 03:15:03] Triton Esports Center: 0% (Closed) people=0 capacity=35 is_open=False hour_summary=Closed until 11:00am
[2026-05-31 03:15:03] === SCRAPE END OK ===
[2026-05-31 03:30:02] === SCRAPE START ===
[2026-05-31 03:30:02] Fetching https://waitz.io/live/ucsd-rec
[2026-05-31 03:30:03] Saved 4 rows to ucsd_occupancy_history.csv
[2026-05-31 03:30:03] Main Gym Fitness Gym: 1% (Closed) people=1 capacity=72 is_open=False hour_summary=Closed until 8:00am
[2026-05-31 03:30:03] Outback Climbing Center: 1% (Closed) people=0 capacity=30 is_open=False hour_summary=Closed until 4:00pm
[2026-05-31 03:30:03] RIMAC Fitness Gym: 0% (Closed) people=1 capacity=150 is_open=False hour_summary=Closed until 8:00am
[2026-05-31 03:30:03] Triton Esports Center: 0% (Closed) people=0 capacity=35 is_open=False hour_summary=Closed until 11:00am
[2026-05-31 03:30:03] === SCRAPE END OK ===
[2026-05-31 03:45:02] === SCRAPE START ===
[2026-05-31 03:45:02] Fetching https://waitz.io/live/ucsd-rec
[2026-05-31 03:45:03] Saved 4 rows to ucsd_occupancy_history.csv
[2026-05-31 03:45:03] Main Gym Fitness Gym: 3% (Closed) people=2 capacity=72 is_open=False hour_summary=Closed until 8:00am
[2026-05-31 03:45:03] Outback Climbing Center: 2% (Closed) people=1 capacity=30 is_open=False hour_summary=Closed until 4:00pm
[2026-05-31 03:45:03] RIMAC Fitness Gym: 1% (Closed) people=1 capacity=150 is_open=False hour_summary=Closed until 8:00am
[2026-05-31 03:45:03] Triton Esports Center: 0% (Closed) people=0 capacity=35 is_open=False hour_summary=Closed until 11:00am
[2026-05-31 03:45:03] === SCRAPE END OK ===
[2026-05-31 04:00:02] === SCRAPE START ===
[2026-05-31 04:00:02] Fetching https://waitz.io/live/ucsd-rec
[2026-05-31 04:00:03] Saved 4 rows to ucsd_occupancy_history.csv
[2026-05-31 04:00:03] Main Gym Fitness Gym: 8% (Closed) people=5 capacity=72 is_open=False hour_summary=Closed until 8:00am
[2026-05-31 04:00:03] Outback Climbing Center: 3% (Closed) people=1 capacity=30 is_open=False hour_summary=Closed until 4:00pm
[2026-05-31 04:00:03] RIMAC Fitness Gym: 0% (Closed) people=1 capacity=150 is_open=False hour_summary=Closed until 8:00am
[2026-05-31 04:00:03] Triton Esports Center: 0% (Closed) people=0 capacity=35 is_open=False hour_summary=Closed until 11:00am
[2026-05-31 04:00:03] === SCRAPE END OK ===
[2026-05-31 04:15:02] === SCRAPE START ===
[2026-05-31 04:15:02] Fetching https://waitz.io/live/ucsd-rec
[2026-05-31 04:15:03] Saved 4 rows to ucsd_occupancy_history.csv
[2026-05-31 04:15:03] Main Gym Fitness Gym: 2% (Closed) people=1 capacity=72 is_open=False hour_summary=Closed until 8:00am
[2026-05-31 04:15:03] Outback Climbing Center: 1% (Closed) people=0 capacity=30 is_open=False hour_summary=Closed until 4:00pm
[2026-05-31 04:15:03] RIMAC Fitness Gym: 0% (Closed) people=1 capacity=150 is_open=False hour_summary=Closed until 8:00am
[2026-05-31 04:15:03] Triton Esports Center: 0% (Closed) people=0 capacity=35 is_open=False hour_summary=Closed until 11:00am
[2026-05-31 04:15:03] === SCRAPE END OK ===
[2026-05-31 04:30:02] === SCRAPE START ===
[2026-05-31 04:30:02] Fetching https://waitz.io/live/ucsd-rec
[2026-05-31 04:30:03] Saved 4 rows to ucsd_occupancy_history.csv
[2026-05-31 04:30:03] Main Gym Fitness Gym: 1% (Closed) people=1 capacity=72 is_open=False hour_summary=Closed until 8:00am
[2026-05-31 04:30:03] Outback Climbing Center: 2% (Closed) people=1 capacity=30 is_open=False hour_summary=Closed until 4:00pm
[2026-05-31 04:30:03] RIMAC Fitness Gym: 0% (Closed) people=1 capacity=150 is_open=False hour_summary=Closed until 8:00am
[2026-05-31 04:30:03] Triton Esports Center: 0% (Closed) people=0 capacity=35 is_open=False hour_summary=Closed until 11:00am
[2026-05-31 04:30:03] === SCRAPE END OK ===
[2026-05-31 04:45:02] === SCRAPE START ===
[2026-05-31 04:45:02] Fetching https://waitz.io/live/ucsd-rec
[2026-05-31 04:45:03] Saved 4 rows to ucsd_occupancy_history.csv
[2026-05-31 04:45:03] Main Gym Fitness Gym: 1% (Closed) people=1 capacity=72 is_open=False hour_summary=Closed until 8:00am
[2026-05-31 04:45:03] Outback Climbing Center: 1% (Closed) people=0 capacity=30 is_open=False hour_summary=Closed until 4:00pm
[2026-05-31 04:45:03] RIMAC Fitness Gym: 0% (Closed) people=0 capacity=150 is_open=False hour_summary=Closed until 8:00am
[2026-05-31 04:45:03] Triton Esports Center: 0% (Closed) people=0 capacity=35 is_open=False hour_summary=Closed until 11:00am
[2026-05-31 04:45:03] === SCRAPE END OK ===
[2026-05-31 05:00:02] === SCRAPE START ===
[2026-05-31 05:00:02] Fetching https://waitz.io/live/ucsd-rec
[2026-05-31 05:00:03] Saved 4 rows to ucsd_occupancy_history.csv
[2026-05-31 05:00:03] Main Gym Fitness Gym: 1% (Closed) people=1 capacity=72 is_open=False hour_summary=Closed until 8:00am
[2026-05-31 05:00:03] Outback Climbing Center: 1% (Closed) people=0 capacity=30 is_open=False hour_summary=Closed until 4:00pm
[2026-05-31 05:00:03] RIMAC Fitness Gym: 0% (Closed) people=1 capacity=150 is_open=False hour_summary=Closed until 8:00am
[2026-05-31 05:00:03] Triton Esports Center: 0% (Closed) people=0 capacity=35 is_open=False hour_summary=Closed until 11:00am
[2026-05-31 05:00:03] === SCRAPE END OK ===
[2026-05-31 05:15:02] === SCRAPE START ===
[2026-05-31 05:15:02] Fetching https://waitz.io/live/ucsd-rec
[2026-05-31 05:15:03] Saved 4 rows to ucsd_occupancy_history.csv
[2026-05-31 05:15:03] Main Gym Fitness Gym: 1% (Closed) people=1 capacity=72 is_open=False hour_summary=Closed until 8:00am
[2026-05-31 05:15:03] Outback Climbing Center: 2% (Closed) people=1 capacity=30 is_open=False hour_summary=Closed until 4:00pm
[2026-05-31 05:15:03] RIMAC Fitness Gym: 1% (Closed) people=1 capacity=150 is_open=False hour_summary=Closed until 8:00am
[2026-05-31 05:15:03] Triton Esports Center: 0% (Closed) people=0 capacity=35 is_open=False hour_summary=Closed until 11:00am
[2026-05-31 05:15:03] === SCRAPE END OK ===
[2026-05-31 05:30:02] === SCRAPE START ===
[2026-05-31 05:30:02] Fetching https://waitz.io/live/ucsd-rec
[2026-05-31 05:30:04] Saved 4 rows to ucsd_occupancy_history.csv
[2026-05-31 05:30:04] Main Gym Fitness Gym: 3% (Closed) people=2 capacity=72 is_open=False hour_summary=Closed until 8:00am
[2026-05-31 05:30:04] Outback Climbing Center: 1% (Closed) people=0 capacity=30 is_open=False hour_summary=Closed until 4:00pm
[2026-05-31 05:30:04] RIMAC Fitness Gym: 1% (Closed) people=1 capacity=150 is_open=False hour_summary=Closed until 8:00am
[2026-05-31 05:30:04] Triton Esports Center: 0% (Closed) people=0 capacity=35 is_open=False hour_summary=Closed until 11:00am
[2026-05-31 05:30:04] === SCRAPE END OK ===
[2026-05-31 05:45:02] === SCRAPE START ===
[2026-05-31 05:45:02] Fetching https://waitz.io/live/ucsd-rec
[2026-05-31 05:45:03] Saved 4 rows to ucsd_occupancy_history.csv
[2026-05-31 05:45:03] Main Gym Fitness Gym: 1% (Closed) people=1 capacity=72 is_open=False hour_summary=Closed until 8:00am
[2026-05-31 05:45:03] Outback Climbing Center: 1% (Closed) people=0 capacity=30 is_open=False hour_summary=Closed until 4:00pm
[2026-05-31 05:45:03] RIMAC Fitness Gym: 0% (Closed) people=0 capacity=150 is_open=False hour_summary=Closed until 8:00am
[2026-05-31 05:45:03] Triton Esports Center: 0% (Closed) people=0 capacity=35 is_open=False hour_summary=Closed until 11:00am
[2026-05-31 05:45:03] === SCRAPE END OK ===
[2026-05-31 06:00:02] === SCRAPE START ===
[2026-05-31 06:00:02] Fetching https://waitz.io/live/ucsd-rec
[2026-05-31 06:00:03] Saved 4 rows to ucsd_occupancy_history.csv
[2026-05-31 06:00:03] Main Gym Fitness Gym: 1% (Closed) people=1 capacity=72 is_open=False hour_summary=Closed until 8:00am
[2026-05-31 06:00:03] Outback Climbing Center: 2% (Closed) people=0 capacity=30 is_open=False hour_summary=Closed until 4:00pm
[2026-05-31 06:00:03] RIMAC Fitness Gym: 0% (Closed) people=1 capacity=150 is_open=False hour_summary=Closed until 8:00am
[2026-05-31 06:00:03] Triton Esports Center: 0% (Closed) people=0 capacity=35 is_open=False hour_summary=Closed until 11:00am
[2026-05-31 06:00:03] === SCRAPE END OK ===
[2026-05-31 06:15:02] === SCRAPE START ===
[2026-05-31 06:15:02] Fetching https://waitz.io/live/ucsd-rec
[2026-05-31 06:15:03] Saved 4 rows to ucsd_occupancy_history.csv
[2026-05-31 06:15:03] Main Gym Fitness Gym: 1% (Closed) people=1 capacity=72 is_open=False hour_summary=Closed until 8:00am
[2026-05-31 06:15:03] Outback Climbing Center: 4% (Closed) people=1 capacity=30 is_open=False hour_summary=Closed until 4:00pm
[2026-05-31 06:15:03] RIMAC Fitness Gym: 0% (Closed) people=1 capacity=150 is_open=False hour_summary=Closed until 8:00am
[2026-05-31 06:15:03] Triton Esports Center: 0% (Closed) people=0 capacity=35 is_open=False hour_summary=Closed until 11:00am
[2026-05-31 06:15:03] === SCRAPE END OK ===
[2026-05-31 06:30:02] === SCRAPE START ===
[2026-05-31 06:30:02] Fetching https://waitz.io/live/ucsd-rec
[2026-05-31 06:30:03] Saved 4 rows to ucsd_occupancy_history.csv
[2026-05-31 06:30:03] Main Gym Fitness Gym: 1% (Closed) people=1 capacity=72 is_open=False hour_summary=Closed until 8:00am
[2026-05-31 06:30:03] Outback Climbing Center: 1% (Closed) people=0 capacity=30 is_open=False hour_summary=Closed until 4:00pm
[2026-05-31 06:30:03] RIMAC Fitness Gym: 1% (Closed) people=1 capacity=150 is_open=False hour_summary=Closed until 8:00am
[2026-05-31 06:30:03] Triton Esports Center: 0% (Closed) people=0 capacity=35 is_open=False hour_summary=Closed until 11:00am
[2026-05-31 06:30:03] === SCRAPE END OK ===
[2026-05-31 06:45:02] === SCRAPE START ===
[2026-05-31 06:45:02] Fetching https://waitz.io/live/ucsd-rec
[2026-05-31 06:45:03] Saved 4 rows to ucsd_occupancy_history.csv
[2026-05-31 06:45:03] Main Gym Fitness Gym: 2% (Closed) people=2 capacity=72 is_open=False hour_summary=Closed until 8:00am
[2026-05-31 06:45:03] Outback Climbing Center: 1% (Closed) people=0 capacity=30 is_open=False hour_summary=Closed until 4:00pm
[2026-05-31 06:45:03] RIMAC Fitness Gym: 0% (Closed) people=1 capacity=150 is_open=False hour_summary=Closed until 8:00am
[2026-05-31 06:45:03] Triton Esports Center: 0% (Closed) people=0 capacity=35 is_open=False hour_summary=Closed until 11:00am
[2026-05-31 06:45:03] === SCRAPE END OK ===
[2026-05-31 07:00:02] === SCRAPE START ===
[2026-05-31 07:00:02] Fetching https://waitz.io/live/ucsd-rec
[2026-05-31 07:00:03] Saved 4 rows to ucsd_occupancy_history.csv
[2026-05-31 07:00:03] Main Gym Fitness Gym: 3% (Closed) people=2 capacity=72 is_open=False hour_summary=Closed until 8:00am
[2026-05-31 07:00:03] Outback Climbing Center: 2% (Closed) people=1 capacity=30 is_open=False hour_summary=Closed until 4:00pm
[2026-05-31 07:00:03] RIMAC Fitness Gym: 0% (Closed) people=0 capacity=150 is_open=False hour_summary=Closed until 8:00am
[2026-05-31 07:00:03] Triton Esports Center: 0% (Closed) people=0 capacity=35 is_open=False hour_summary=Closed until 11:00am
[2026-05-31 07:00:03] === SCRAPE END OK ===
[2026-05-31 07:15:02] === SCRAPE START ===
[2026-05-31 07:15:02] Fetching https://waitz.io/live/ucsd-rec
[2026-05-31 07:15:03] Saved 4 rows to ucsd_occupancy_history.csv
[2026-05-31 07:15:03] Main Gym Fitness Gym: 2% (Closed) people=2 capacity=72 is_open=False hour_summary=Closed until 8:00am
[2026-05-31 07:15:03] Outback Climbing Center: 1% (Closed) people=0 capacity=30 is_open=False hour_summary=Closed until 4:00pm
[2026-05-31 07:15:03] RIMAC Fitness Gym: 1% (Closed) people=1 capacity=150 is_open=False hour_summary=Closed until 8:00am
[2026-05-31 07:15:03] Triton Esports Center: 0% (Closed) people=0 capacity=35 is_open=False hour_summary=Closed until 11:00am
[2026-05-31 07:15:03] === SCRAPE END OK ===
[2026-05-31 07:30:02] === SCRAPE START ===
[2026-05-31 07:30:02] Fetching https://waitz.io/live/ucsd-rec
[2026-05-31 07:30:03] Saved 4 rows to ucsd_occupancy_history.csv
[2026-05-31 07:30:03] Main Gym Fitness Gym: 1% (Closed) people=1 capacity=72 is_open=False hour_summary=Closed until 8:00am
[2026-05-31 07:30:03] Outback Climbing Center: 1% (Closed) people=0 capacity=30 is_open=False hour_summary=Closed until 4:00pm
[2026-05-31 07:30:03] RIMAC Fitness Gym: 1% (Closed) people=1 capacity=150 is_open=False hour_summary=Closed until 8:00am
[2026-05-31 07:30:03] Triton Esports Center: 0% (Closed) people=0 capacity=35 is_open=False hour_summary=Closed until 11:00am
[2026-05-31 07:30:03] === SCRAPE END OK ===
[2026-05-31 07:45:02] === SCRAPE START ===
[2026-05-31 07:45:02] Fetching https://waitz.io/live/ucsd-rec
[2026-05-31 07:45:03] Saved 4 rows to ucsd_occupancy_history.csv
[2026-05-31 07:45:03] Main Gym Fitness Gym: 1% (Closed) people=1 capacity=72 is_open=False hour_summary=Closed until 8:00am
[2026-05-31 07:45:03] Outback Climbing Center: 1% (Closed) people=0 capacity=30 is_open=False hour_summary=Closed until 4:00pm
[2026-05-31 07:45:03] RIMAC Fitness Gym: 0% (Closed) people=0 capacity=150 is_open=False hour_summary=Closed until 8:00am
[2026-05-31 07:45:03] Triton Esports Center: 0% (Closed) people=0 capacity=35 is_open=False hour_summary=Closed until 11:00am
[2026-05-31 07:45:03] === SCRAPE END OK ===
[2026-05-31 08:00:02] === SCRAPE START ===
[2026-05-31 08:00:02] Fetching https://waitz.io/live/ucsd-rec
[2026-05-31 08:00:03] Saved 4 rows to ucsd_occupancy_history.csv
[2026-05-31 08:00:03] Main Gym Fitness Gym: 2% (Not Busy) people=1 capacity=72 is_open=True hour_summary=open
[2026-05-31 08:00:03] Outback Climbing Center: 3% (Closed) people=1 capacity=30 is_open=False hour_summary=Closed until 4:00pm
[2026-05-31 08:00:03] RIMAC Fitness Gym: 1% (Not Busy) people=1 capacity=150 is_open=True hour_summary=open
[2026-05-31 08:00:03] Triton Esports Center: 0% (Closed) people=0 capacity=35 is_open=False hour_summary=Closed until 11:00am
[2026-05-31 08:00:03] === SCRAPE END OK ===
[2026-05-31 08:15:02] === SCRAPE START ===
[2026-05-31 08:15:02] Fetching https://waitz.io/live/ucsd-rec
[2026-05-31 08:15:03] Saved 4 rows to ucsd_occupancy_history.csv
[2026-05-31 08:15:03] Main Gym Fitness Gym: 1% (Not Busy) people=1 capacity=72 is_open=True hour_summary=open
[2026-05-31 08:15:03] Outback Climbing Center: 1% (Closed) people=0 capacity=30 is_open=False hour_summary=Closed until 4:00pm
[2026-05-31 08:15:03] RIMAC Fitness Gym: 9% (Not Busy) people=14 capacity=150 is_open=True hour_summary=open
[2026-05-31 08:15:03] Triton Esports Center: 0% (Closed) people=0 capacity=35 is_open=False hour_summary=Closed until 11:00am
[2026-05-31 08:15:03] === SCRAPE END OK ===
[2026-05-31 08:30:02] === SCRAPE START ===
[2026-05-31 08:30:02] Fetching https://waitz.io/live/ucsd-rec
[2026-05-31 08:30:03] Saved 4 rows to ucsd_occupancy_history.csv
[2026-05-31 08:30:03] Main Gym Fitness Gym: 5% (Not Busy) people=3 capacity=72 is_open=True hour_summary=open
[2026-05-31 08:30:03] Outback Climbing Center: 2% (Closed) people=1 capacity=30 is_open=False hour_summary=Closed until 4:00pm
[2026-05-31 08:30:03] RIMAC Fitness Gym: 10% (Not Busy) people=15 capacity=150 is_open=True hour_summary=open
[2026-05-31 08:30:03] Triton Esports Center: 0% (Closed) people=0 capacity=35 is_open=False hour_summary=Closed until 11:00am
[2026-05-31 08:30:03] === SCRAPE END OK ===
[2026-05-31 08:45:02] === SCRAPE START ===
[2026-05-31 08:45:02] Fetching https://waitz.io/live/ucsd-rec
[2026-05-31 08:45:03] Saved 4 rows to ucsd_occupancy_history.csv
[2026-05-31 08:45:03] Main Gym Fitness Gym: 19% (Not Busy) people=14 capacity=72 is_open=True hour_summary=open
[2026-05-31 08:45:03] Outback Climbing Center: 2% (Closed) people=0 capacity=30 is_open=False hour_summary=Closed until 4:00pm
[2026-05-31 08:45:03] RIMAC Fitness Gym: 23% (Not Busy) people=35 capacity=150 is_open=True hour_summary=open
[2026-05-31 08:45:03] Triton Esports Center: 0% (Closed) people=0 capacity=35 is_open=False hour_summary=Closed until 11:00am
[2026-05-31 08:45:03] === SCRAPE END OK ===
[2026-05-31 09:00:02] === SCRAPE START ===
[2026-05-31 09:00:02] Fetching https://waitz.io/live/ucsd-rec
[2026-05-31 09:00:03] Saved 4 rows to ucsd_occupancy_history.csv
[2026-05-31 09:00:03] Main Gym Fitness Gym: 12% (Not Busy) people=9 capacity=72 is_open=True hour_summary=open
[2026-05-31 09:00:03] Outback Climbing Center: 1% (Closed) people=0 capacity=30 is_open=False hour_summary=Closed until 4:00pm
[2026-05-31 09:00:03] RIMAC Fitness Gym: 24% (Not Busy) people=36 capacity=150 is_open=True hour_summary=open
[2026-05-31 09:00:03] Triton Esports Center: 0% (Closed) people=0 capacity=35 is_open=False hour_summary=Closed until 11:00am
[2026-05-31 09:00:03] === SCRAPE END OK ===
[2026-05-31 09:15:02] === SCRAPE START ===
[2026-05-31 09:15:02] Fetching https://waitz.io/live/ucsd-rec
[2026-05-31 09:15:03] Saved 4 rows to ucsd_occupancy_history.csv
[2026-05-31 09:15:03] Main Gym Fitness Gym: 4% (Not Busy) people=3 capacity=72 is_open=True hour_summary=open
[2026-05-31 09:15:03] Outback Climbing Center: 8% (Closed) people=2 capacity=30 is_open=False hour_summary=Closed until 4:00pm
[2026-05-31 09:15:03] RIMAC Fitness Gym: 28% (Not Busy) people=42 capacity=150 is_open=True hour_summary=open
[2026-05-31 09:15:03] Triton Esports Center: 0% (Closed) people=0 capacity=35 is_open=False hour_summary=Closed until 11:00am
[2026-05-31 09:15:03] === SCRAPE END OK ===
[2026-05-31 09:30:02] === SCRAPE START ===
[2026-05-31 09:30:02] Fetching https://waitz.io/live/ucsd-rec
[2026-05-31 09:30:03] Saved 4 rows to ucsd_occupancy_history.csv
[2026-05-31 09:30:03] Main Gym Fitness Gym: 11% (Not Busy) people=8 capacity=72 is_open=True hour_summary=open
[2026-05-31 09:30:03] Outback Climbing Center: 1% (Closed) people=0 capacity=30 is_open=False hour_summary=Closed until 4:00pm
[2026-05-31 09:30:03] RIMAC Fitness Gym: 15% (Not Busy) people=23 capacity=150 is_open=True hour_summary=open
[2026-05-31 09:30:03] Triton Esports Center: 0% (Closed) people=0 capacity=35 is_open=False hour_summary=Closed until 11:00am
[2026-05-31 09:30:03] === SCRAPE END OK ===
[2026-05-31 09:45:02] === SCRAPE START ===
[2026-05-31 09:45:02] Fetching https://waitz.io/live/ucsd-rec
[2026-05-31 09:45:03] Saved 4 rows to ucsd_occupancy_history.csv
[2026-05-31 09:45:03] Main Gym Fitness Gym: 15% (Not Busy) people=10 capacity=72 is_open=True hour_summary=open
[2026-05-31 09:45:03] Outback Climbing Center: 10% (Closed) people=3 capacity=30 is_open=False hour_summary=Closed until 4:00pm
[2026-05-31 09:45:03] RIMAC Fitness Gym: 19% (Not Busy) people=28 capacity=150 is_open=True hour_summary=open
[2026-05-31 09:45:03] Triton Esports Center: 0% (Closed) people=0 capacity=35 is_open=False hour_summary=Closed until 11:00am
[2026-05-31 09:45:03] === SCRAPE END OK ===
[2026-05-31 10:00:02] === SCRAPE START ===
[2026-05-31 10:00:02] Fetching https://waitz.io/live/ucsd-rec
[2026-05-31 10:00:03] Saved 4 rows to ucsd_occupancy_history.csv
[2026-05-31 10:00:03] Main Gym Fitness Gym: 3% (Not Busy) people=2 capacity=72 is_open=True hour_summary=open
[2026-05-31 10:00:03] Outback Climbing Center: 6% (Closed) people=2 capacity=30 is_open=False hour_summary=Closed until 4:00pm
[2026-05-31 10:00:03] RIMAC Fitness Gym: 21% (Not Busy) people=32 capacity=150 is_open=True hour_summary=open
[2026-05-31 10:00:03] Triton Esports Center: 0% (Closed) people=0 capacity=35 is_open=False hour_summary=Closed until 11:00am
[2026-05-31 10:00:03] === SCRAPE END OK ===
[2026-05-31 10:15:02] === SCRAPE START ===
[2026-05-31 10:15:02] Fetching https://waitz.io/live/ucsd-rec
[2026-05-31 10:15:03] Saved 4 rows to ucsd_occupancy_history.csv
[2026-05-31 10:15:03] Main Gym Fitness Gym: 5% (Not Busy) people=4 capacity=72 is_open=True hour_summary=open
[2026-05-31 10:15:03] Outback Climbing Center: 4% (Closed) people=1 capacity=30 is_open=False hour_summary=Closed until 4:00pm
[2026-05-31 10:15:03] RIMAC Fitness Gym: 23% (Not Busy) people=34 capacity=150 is_open=True hour_summary=open
[2026-05-31 10:15:03] Triton Esports Center: 0% (Closed) people=0 capacity=35 is_open=False hour_summary=Closed until 11:00am
[2026-05-31 10:15:03] === SCRAPE END OK ===
[2026-05-31 10:30:02] === SCRAPE START ===
[2026-05-31 10:30:02] Fetching https://waitz.io/live/ucsd-rec
[2026-05-31 10:30:03] Saved 4 rows to ucsd_occupancy_history.csv
[2026-05-31 10:30:03] Main Gym Fitness Gym: 9% (Not Busy) people=6 capacity=72 is_open=True hour_summary=open
[2026-05-31 10:30:03] Outback Climbing Center: 11% (Closed) people=3 capacity=30 is_open=False hour_summary=Closed until 4:00pm
[2026-05-31 10:30:03] RIMAC Fitness Gym: 21% (Not Busy) people=32 capacity=150 is_open=True hour_summary=open
[2026-05-31 10:30:03] Triton Esports Center: 0% (Closed) people=0 capacity=35 is_open=False hour_summary=Closed until 11:00am
[2026-05-31 10:30:03] === SCRAPE END OK ===
[2026-05-31 10:45:02] === SCRAPE START ===
[2026-05-31 10:45:02] Fetching https://waitz.io/live/ucsd-rec
[2026-05-31 10:45:02] Saved 4 rows to ucsd_occupancy_history.csv
[2026-05-31 10:45:02] Main Gym Fitness Gym: 16% (Not Busy) people=12 capacity=72 is_open=True hour_summary=open
[2026-05-31 10:45:02] Outback Climbing Center: 2% (Closed) people=1 capacity=30 is_open=False hour_summary=Closed until 4:00pm
[2026-05-31 10:45:02] RIMAC Fitness Gym: 21% (Not Busy) people=31 capacity=150 is_open=True hour_summary=open
[2026-05-31 10:45:03] Triton Esports Center: 0% (Closed) people=0 capacity=35 is_open=False hour_summary=Closed until 11:00am
[2026-05-31 10:45:03] === SCRAPE END OK ===
[2026-05-31 11:00:02] === SCRAPE START ===
[2026-05-31 11:00:02] Fetching https://waitz.io/live/ucsd-rec
[2026-05-31 11:00:03] Saved 4 rows to ucsd_occupancy_history.csv
[2026-05-31 11:00:03] Main Gym Fitness Gym: 18% (Not Busy) people=13 capacity=72 is_open=True hour_summary=open
[2026-05-31 11:00:03] Outback Climbing Center: 4% (Closed) people=1 capacity=30 is_open=False hour_summary=Closed until 4:00pm
[2026-05-31 11:00:03] RIMAC Fitness Gym: 0% (Data Unavailable) people=0 capacity=150 is_open=True hour_summary=open
[2026-05-31 11:00:03] Triton Esports Center: 0% (Not Busy) people=0 capacity=35 is_open=True hour_summary=open
[2026-05-31 11:00:03] === SCRAPE END OK ===
[2026-05-31 11:15:02] === SCRAPE START ===
[2026-05-31 11:15:02] Fetching https://waitz.io/live/ucsd-rec
[2026-05-31 11:15:03] Saved 4 rows to ucsd_occupancy_history.csv
[2026-05-31 11:15:03] Main Gym Fitness Gym: 25% (Not Busy) people=18 capacity=72 is_open=True hour_summary=open
[2026-05-31 11:15:03] Outback Climbing Center: 8% (Closed) people=2 capacity=30 is_open=False hour_summary=Closed until 4:00pm
[2026-05-31 11:15:03] RIMAC Fitness Gym: 22% (Not Busy) people=32 capacity=150 is_open=True hour_summary=open
[2026-05-31 11:15:03] Triton Esports Center: 0% (Not Busy) people=0 capacity=35 is_open=True hour_summary=open
[2026-05-31 11:15:03] === SCRAPE END OK ===
[2026-05-31 11:30:02] === SCRAPE START ===
[2026-05-31 11:30:02] Fetching https://waitz.io/live/ucsd-rec
[2026-05-31 11:30:03] Saved 4 rows to ucsd_occupancy_history.csv
[2026-05-31 11:30:03] Main Gym Fitness Gym: 7% (Not Busy) people=5 capacity=72 is_open=True hour_summary=open
[2026-05-31 11:30:03] Outback Climbing Center: 2% (Closed) people=0 capacity=30 is_open=False hour_summary=Closed until 4:00pm
[2026-05-31 11:30:03] RIMAC Fitness Gym: 29% (Not Busy) people=44 capacity=150 is_open=True hour_summary=open
[2026-05-31 11:30:03] Triton Esports Center: 0% (Not Busy) people=0 capacity=35 is_open=True hour_summary=open
[2026-05-31 11:30:03] === SCRAPE END OK ===
[2026-05-31 11:45:02] === SCRAPE START ===
[2026-05-31 11:45:02] Fetching https://waitz.io/live/ucsd-rec
[2026-05-31 11:45:03] Saved 4 rows to ucsd_occupancy_history.csv
[2026-05-31 11:45:03] Main Gym Fitness Gym: 15% (Not Busy) people=10 capacity=72 is_open=True hour_summary=open
[2026-05-31 11:45:03] Outback Climbing Center: 15% (Closed) people=5 capacity=30 is_open=False hour_summary=Closed until 4:00pm
[2026-05-31 11:45:03] RIMAC Fitness Gym: 33% (Not Busy) people=49 capacity=150 is_open=True hour_summary=open
[2026-05-31 11:45:03] Triton Esports Center: 0% (Not Busy) people=0 capacity=35 is_open=True hour_summary=open
[2026-05-31 11:45:03] === SCRAPE END OK ===
