[2026-05-18 00:00:01] === SCRAPE START ===
[2026-05-18 00:00:01] Fetching https://waitz.io/live/ucsd-rec
[2026-05-18 00:00:03] Saved 4 rows to ucsd_occupancy_history.csv
[2026-05-18 00:00:03] Main Gym Fitness Gym: 1% (Closed) people=1 capacity=72 is_open=False hour_summary=Closed until 6:00am
[2026-05-18 00:00:03] Outback Climbing Center: 1% (Closed) people=0 capacity=30 is_open=False hour_summary=Closed until 10:00am
[2026-05-18 00:00:03] RIMAC Fitness Gym: 0% (Closed) people=1 capacity=150 is_open=False hour_summary=Closed until 6:00am
[2026-05-18 00:00:03] Triton Esports Center: 0% (Closed) people=0 capacity=35 is_open=False hour_summary=Closed until 7:30am
[2026-05-18 00:00:03] === SCRAPE END OK ===
[2026-05-18 00:15:02] === SCRAPE START ===
[2026-05-18 00:15:02] Fetching https://waitz.io/live/ucsd-rec
[2026-05-18 00:15:03] Saved 4 rows to ucsd_occupancy_history.csv
[2026-05-18 00:15:03] Main Gym Fitness Gym: 1% (Closed) people=1 capacity=72 is_open=False hour_summary=Closed until 6:00am
[2026-05-18 00:15:03] Outback Climbing Center: 1% (Closed) people=0 capacity=30 is_open=False hour_summary=Closed until 10:00am
[2026-05-18 00:15:03] RIMAC Fitness Gym: 0% (Closed) people=1 capacity=150 is_open=False hour_summary=Closed until 6:00am
[2026-05-18 00:15:03] Triton Esports Center: 0% (Closed) people=0 capacity=35 is_open=False hour_summary=Closed until 7:30am
[2026-05-18 00:15:03] === SCRAPE END OK ===
[2026-05-18 00:30:02] === SCRAPE START ===
[2026-05-18 00:30:02] Fetching https://waitz.io/live/ucsd-rec
[2026-05-18 00:30:04] Saved 4 rows to ucsd_occupancy_history.csv
[2026-05-18 00:30:04] Main Gym Fitness Gym: 1% (Closed) people=1 capacity=72 is_open=False hour_summary=Closed until 6:00am
[2026-05-18 00:30:04] Outback Climbing Center: 0% (Closed) people=0 capacity=30 is_open=False hour_summary=Closed until 10:00am
[2026-05-18 00:30:04] RIMAC Fitness Gym: 0% (Closed) people=0 capacity=150 is_open=False hour_summary=Closed until 6:00am
[2026-05-18 00:30:04] Triton Esports Center: 0% (Closed) people=0 capacity=35 is_open=False hour_summary=Closed until 7:30am
[2026-05-18 00:30:04] === SCRAPE END OK ===
[2026-05-18 00:45:02] === SCRAPE START ===
[2026-05-18 00:45:02] Fetching https://waitz.io/live/ucsd-rec
[2026-05-18 00:45:03] Saved 4 rows to ucsd_occupancy_history.csv
[2026-05-18 00:45:03] Main Gym Fitness Gym: 1% (Closed) people=1 capacity=72 is_open=False hour_summary=Closed until 6:00am
[2026-05-18 00:45:03] Outback Climbing Center: 0% (Closed) people=0 capacity=30 is_open=False hour_summary=Closed until 10:00am
[2026-05-18 00:45:03] RIMAC Fitness Gym: 0% (Closed) people=1 capacity=150 is_open=False hour_summary=Closed until 6:00am
[2026-05-18 00:45:03] Triton Esports Center: 0% (Closed) people=0 capacity=35 is_open=False hour_summary=Closed until 7:30am
[2026-05-18 00:45:03] === SCRAPE END OK ===
[2026-05-18 01:00:02] === SCRAPE START ===
[2026-05-18 01:00:02] Fetching https://waitz.io/live/ucsd-rec
[2026-05-18 01:00:03] Saved 4 rows to ucsd_occupancy_history.csv
[2026-05-18 01:00:03] Main Gym Fitness Gym: 1% (Closed) people=1 capacity=72 is_open=False hour_summary=Closed until 6:00am
[2026-05-18 01:00:03] Outback Climbing Center: 1% (Closed) people=0 capacity=30 is_open=False hour_summary=Closed until 10:00am
[2026-05-18 01:00:03] RIMAC Fitness Gym: 1% (Closed) people=1 capacity=150 is_open=False hour_summary=Closed until 6:00am
[2026-05-18 01:00:03] Triton Esports Center: 0% (Closed) people=0 capacity=35 is_open=False hour_summary=Closed until 7:30am
[2026-05-18 01:00:03] === SCRAPE END OK ===
[2026-05-18 01:15:02] === SCRAPE START ===
[2026-05-18 01:15:02] Fetching https://waitz.io/live/ucsd-rec
[2026-05-18 01:15:03] Saved 4 rows to ucsd_occupancy_history.csv
[2026-05-18 01:15:03] Main Gym Fitness Gym: 1% (Closed) people=1 capacity=72 is_open=False hour_summary=Closed until 6:00am
[2026-05-18 01:15:03] Outback Climbing Center: 0% (Closed) people=0 capacity=30 is_open=False hour_summary=Closed until 10:00am
[2026-05-18 01:15:03] RIMAC Fitness Gym: 1% (Closed) people=1 capacity=150 is_open=False hour_summary=Closed until 6:00am
[2026-05-18 01:15:03] Triton Esports Center: 0% (Closed) people=0 capacity=35 is_open=False hour_summary=Closed until 7:30am
[2026-05-18 01:15:03] === SCRAPE END OK ===
[2026-05-18 01:30:02] === SCRAPE START ===
[2026-05-18 01:30:02] Fetching https://waitz.io/live/ucsd-rec
[2026-05-18 01:30:04] Saved 4 rows to ucsd_occupancy_history.csv
[2026-05-18 01:30:04] Main Gym Fitness Gym: 1% (Closed) people=1 capacity=72 is_open=False hour_summary=Closed until 6:00am
[2026-05-18 01:30:04] Outback Climbing Center: 1% (Closed) people=0 capacity=30 is_open=False hour_summary=Closed until 10:00am
[2026-05-18 01:30:04] RIMAC Fitness Gym: 0% (Closed) people=1 capacity=150 is_open=False hour_summary=Closed until 6:00am
[2026-05-18 01:30:04] Triton Esports Center: 0% (Closed) people=0 capacity=35 is_open=False hour_summary=Closed until 7:30am
[2026-05-18 01:30:04] === SCRAPE END OK ===
[2026-05-18 01:45:03] === SCRAPE START ===
[2026-05-18 01:45:03] Fetching https://waitz.io/live/ucsd-rec
[2026-05-18 01:45:03] Saved 4 rows to ucsd_occupancy_history.csv
[2026-05-18 01:45:03] Main Gym Fitness Gym: 1% (Closed) people=1 capacity=72 is_open=False hour_summary=Closed until 6:00am
[2026-05-18 01:45:03] Outback Climbing Center: 0% (Closed) people=0 capacity=30 is_open=False hour_summary=Closed until 10:00am
[2026-05-18 01:45:03] RIMAC Fitness Gym: 0% (Closed) people=0 capacity=150 is_open=False hour_summary=Closed until 6:00am
[2026-05-18 01:45:03] Triton Esports Center: 0% (Closed) people=0 capacity=35 is_open=False hour_summary=Closed until 7:30am
[2026-05-18 01:45:03] === SCRAPE END OK ===
[2026-05-18 02:00:02] === SCRAPE START ===
[2026-05-18 02:00:02] Fetching https://waitz.io/live/ucsd-rec
[2026-05-18 02:00:03] Saved 4 rows to ucsd_occupancy_history.csv
[2026-05-18 02:00:03] Main Gym Fitness Gym: 2% (Closed) people=1 capacity=72 is_open=False hour_summary=Closed until 6:00am
[2026-05-18 02:00:03] Outback Climbing Center: 1% (Closed) people=0 capacity=30 is_open=False hour_summary=Closed until 10:00am
[2026-05-18 02:00:03] RIMAC Fitness Gym: 0% (Closed) people=0 capacity=150 is_open=False hour_summary=Closed until 6:00am
[2026-05-18 02:00:03] Triton Esports Center: 0% (Closed) people=0 capacity=35 is_open=False hour_summary=Closed until 7:30am
[2026-05-18 02:00:03] === SCRAPE END OK ===
[2026-05-18 02:15:02] === SCRAPE START ===
[2026-05-18 02:15:02] Fetching https://waitz.io/live/ucsd-rec
[2026-05-18 02:15:03] Saved 4 rows to ucsd_occupancy_history.csv
[2026-05-18 02:15:03] Main Gym Fitness Gym: 2% (Closed) people=1 capacity=72 is_open=False hour_summary=Closed until 6:00am
[2026-05-18 02:15:03] Outback Climbing Center: 1% (Closed) people=0 capacity=30 is_open=False hour_summary=Closed until 10:00am
[2026-05-18 02:15:03] RIMAC Fitness Gym: 0% (Closed) people=1 capacity=150 is_open=False hour_summary=Closed until 6:00am
[2026-05-18 02:15:03] Triton Esports Center: 0% (Closed) people=0 capacity=35 is_open=False hour_summary=Closed until 7:30am
[2026-05-18 02:15:03] === SCRAPE END OK ===
[2026-05-18 02:30:02] === SCRAPE START ===
[2026-05-18 02:30:02] Fetching https://waitz.io/live/ucsd-rec
[2026-05-18 02:30:04] Saved 4 rows to ucsd_occupancy_history.csv
[2026-05-18 02:30:04] Main Gym Fitness Gym: 1% (Closed) people=1 capacity=72 is_open=False hour_summary=Closed until 6:00am
[2026-05-18 02:30:04] Outback Climbing Center: 1% (Closed) people=0 capacity=30 is_open=False hour_summary=Closed until 10:00am
[2026-05-18 02:30:04] RIMAC Fitness Gym: 0% (Closed) people=1 capacity=150 is_open=False hour_summary=Closed until 6:00am
[2026-05-18 02:30:04] Triton Esports Center: 0% (Closed) people=0 capacity=35 is_open=False hour_summary=Closed until 7:30am
[2026-05-18 02:30:04] === SCRAPE END OK ===
[2026-05-18 02:45:03] === SCRAPE START ===
[2026-05-18 02:45:03] Fetching https://waitz.io/live/ucsd-rec
[2026-05-18 02:45:04] Saved 4 rows to ucsd_occupancy_history.csv
[2026-05-18 02:45:04] Main Gym Fitness Gym: 1% (Closed) people=1 capacity=72 is_open=False hour_summary=Closed until 6:00am
[2026-05-18 02:45:04] Outback Climbing Center: 0% (Closed) people=0 capacity=30 is_open=False hour_summary=Closed until 10:00am
[2026-05-18 02:45:04] RIMAC Fitness Gym: 0% (Closed) people=1 capacity=150 is_open=False hour_summary=Closed until 6:00am
[2026-05-18 02:45:04] Triton Esports Center: 0% (Closed) people=0 capacity=35 is_open=False hour_summary=Closed until 7:30am
[2026-05-18 02:45:04] === SCRAPE END OK ===
[2026-05-18 03:00:02] === SCRAPE START ===
[2026-05-18 03:00:02] Fetching https://waitz.io/live/ucsd-rec
[2026-05-18 03:00:03] Saved 4 rows to ucsd_occupancy_history.csv
[2026-05-18 03:00:03] Main Gym Fitness Gym: 1% (Closed) people=1 capacity=72 is_open=False hour_summary=Closed until 6:00am
[2026-05-18 03:00:03] Outback Climbing Center: 0% (Closed) people=0 capacity=30 is_open=False hour_summary=Closed until 10:00am
[2026-05-18 03:00:03] RIMAC Fitness Gym: 0% (Closed) people=0 capacity=150 is_open=False hour_summary=Closed until 6:00am
[2026-05-18 03:00:03] Triton Esports Center: 0% (Closed) people=0 capacity=35 is_open=False hour_summary=Closed until 7:30am
[2026-05-18 03:00:03] === SCRAPE END OK ===
[2026-05-18 03:15:02] === SCRAPE START ===
[2026-05-18 03:15:02] Fetching https://waitz.io/live/ucsd-rec
[2026-05-18 03:15:03] Saved 4 rows to ucsd_occupancy_history.csv
[2026-05-18 03:15:03] Main Gym Fitness Gym: 1% (Closed) people=1 capacity=72 is_open=False hour_summary=Closed until 6:00am
[2026-05-18 03:15:03] Outback Climbing Center: 1% (Closed) people=0 capacity=30 is_open=False hour_summary=Closed until 10:00am
[2026-05-18 03:15:03] RIMAC Fitness Gym: 0% (Closed) people=0 capacity=150 is_open=False hour_summary=Closed until 6:00am
[2026-05-18 03:15:03] Triton Esports Center: 0% (Closed) people=0 capacity=35 is_open=False hour_summary=Closed until 7:30am
[2026-05-18 03:15:03] === SCRAPE END OK ===
[2026-05-18 03:30:02] === SCRAPE START ===
[2026-05-18 03:30:02] Fetching https://waitz.io/live/ucsd-rec
[2026-05-18 03:30:03] Saved 4 rows to ucsd_occupancy_history.csv
[2026-05-18 03:30:03] Main Gym Fitness Gym: 1% (Closed) people=1 capacity=72 is_open=False hour_summary=Closed until 6:00am
[2026-05-18 03:30:03] Outback Climbing Center: 0% (Closed) people=0 capacity=30 is_open=False hour_summary=Closed until 10:00am
[2026-05-18 03:30:03] RIMAC Fitness Gym: 0% (Closed) people=1 capacity=150 is_open=False hour_summary=Closed until 6:00am
[2026-05-18 03:30:03] Triton Esports Center: 0% (Closed) people=0 capacity=35 is_open=False hour_summary=Closed until 7:30am
[2026-05-18 03:30:03] === SCRAPE END OK ===
[2026-05-18 03:45:02] === SCRAPE START ===
[2026-05-18 03:45:02] Fetching https://waitz.io/live/ucsd-rec
[2026-05-18 03:45:03] Saved 4 rows to ucsd_occupancy_history.csv
[2026-05-18 03:45:03] Main Gym Fitness Gym: 1% (Closed) people=1 capacity=72 is_open=False hour_summary=Closed until 6:00am
[2026-05-18 03:45:03] Outback Climbing Center: 1% (Closed) people=0 capacity=30 is_open=False hour_summary=Closed until 10:00am
[2026-05-18 03:45:03] RIMAC Fitness Gym: 0% (Closed) people=0 capacity=150 is_open=False hour_summary=Closed until 6:00am
[2026-05-18 03:45:03] Triton Esports Center: 0% (Closed) people=0 capacity=35 is_open=False hour_summary=Closed until 7:30am
[2026-05-18 03:45:03] === SCRAPE END OK ===
[2026-05-18 04:00:02] === SCRAPE START ===
[2026-05-18 04:00:02] Fetching https://waitz.io/live/ucsd-rec
[2026-05-18 04:00:03] Saved 4 rows to ucsd_occupancy_history.csv
[2026-05-18 04:00:03] Main Gym Fitness Gym: 2% (Closed) people=1 capacity=72 is_open=False hour_summary=Closed until 6:00am
[2026-05-18 04:00:03] Outback Climbing Center: 1% (Closed) people=0 capacity=30 is_open=False hour_summary=Closed until 10:00am
[2026-05-18 04:00:03] RIMAC Fitness Gym: 0% (Closed) people=0 capacity=150 is_open=False hour_summary=Closed until 6:00am
[2026-05-18 04:00:03] Triton Esports Center: 0% (Closed) people=0 capacity=35 is_open=False hour_summary=Closed until 7:30am
[2026-05-18 04:00:03] === SCRAPE END OK ===
[2026-05-18 04:15:02] === SCRAPE START ===
[2026-05-18 04:15:02] Fetching https://waitz.io/live/ucsd-rec
[2026-05-18 04:15:03] Saved 4 rows to ucsd_occupancy_history.csv
[2026-05-18 04:15:03] Main Gym Fitness Gym: 1% (Closed) people=1 capacity=72 is_open=False hour_summary=Closed until 6:00am
[2026-05-18 04:15:03] Outback Climbing Center: 0% (Closed) people=0 capacity=30 is_open=False hour_summary=Closed until 10:00am
[2026-05-18 04:15:03] RIMAC Fitness Gym: 0% (Closed) people=1 capacity=150 is_open=False hour_summary=Closed until 6:00am
[2026-05-18 04:15:03] Triton Esports Center: 0% (Closed) people=0 capacity=35 is_open=False hour_summary=Closed until 7:30am
[2026-05-18 04:15:03] === SCRAPE END OK ===
[2026-05-18 04:30:02] === SCRAPE START ===
[2026-05-18 04:30:02] Fetching https://waitz.io/live/ucsd-rec
[2026-05-18 04:30:03] Saved 4 rows to ucsd_occupancy_history.csv
[2026-05-18 04:30:03] Main Gym Fitness Gym: 1% (Closed) people=1 capacity=72 is_open=False hour_summary=Closed until 6:00am
[2026-05-18 04:30:03] Outback Climbing Center: 0% (Closed) people=0 capacity=30 is_open=False hour_summary=Closed until 10:00am
[2026-05-18 04:30:03] RIMAC Fitness Gym: 0% (Closed) people=0 capacity=150 is_open=False hour_summary=Closed until 6:00am
[2026-05-18 04:30:03] Triton Esports Center: 0% (Closed) people=0 capacity=35 is_open=False hour_summary=Closed until 7:30am
[2026-05-18 04:30:03] === SCRAPE END OK ===
[2026-05-18 04:45:02] === SCRAPE START ===
[2026-05-18 04:45:02] Fetching https://waitz.io/live/ucsd-rec
[2026-05-18 04:45:03] Saved 4 rows to ucsd_occupancy_history.csv
[2026-05-18 04:45:03] Main Gym Fitness Gym: 1% (Closed) people=1 capacity=72 is_open=False hour_summary=Closed until 6:00am
[2026-05-18 04:45:03] Outback Climbing Center: 0% (Closed) people=0 capacity=30 is_open=False hour_summary=Closed until 10:00am
[2026-05-18 04:45:03] RIMAC Fitness Gym: 0% (Closed) people=0 capacity=150 is_open=False hour_summary=Closed until 6:00am
[2026-05-18 04:45:03] Triton Esports Center: 0% (Closed) people=0 capacity=35 is_open=False hour_summary=Closed until 7:30am
[2026-05-18 04:45:03] === SCRAPE END OK ===
[2026-05-18 05:00:02] === SCRAPE START ===
[2026-05-18 05:00:02] Fetching https://waitz.io/live/ucsd-rec
[2026-05-18 05:00:03] Saved 4 rows to ucsd_occupancy_history.csv
[2026-05-18 05:00:03] Main Gym Fitness Gym: 1% (Closed) people=1 capacity=72 is_open=False hour_summary=Closed until 6:00am
[2026-05-18 05:00:03] Outback Climbing Center: 1% (Closed) people=0 capacity=30 is_open=False hour_summary=Closed until 10:00am
[2026-05-18 05:00:03] RIMAC Fitness Gym: 0% (Closed) people=0 capacity=150 is_open=False hour_summary=Closed until 6:00am
[2026-05-18 05:00:03] Triton Esports Center: 0% (Closed) people=0 capacity=35 is_open=False hour_summary=Closed until 7:30am
[2026-05-18 05:00:03] === SCRAPE END OK ===
[2026-05-18 05:15:02] === SCRAPE START ===
[2026-05-18 05:15:02] Fetching https://waitz.io/live/ucsd-rec
[2026-05-18 05:15:03] Saved 4 rows to ucsd_occupancy_history.csv
[2026-05-18 05:15:03] Main Gym Fitness Gym: 1% (Closed) people=1 capacity=72 is_open=False hour_summary=Closed until 6:00am
[2026-05-18 05:15:03] Outback Climbing Center: 2% (Closed) people=1 capacity=30 is_open=False hour_summary=Closed until 10:00am
[2026-05-18 05:15:03] RIMAC Fitness Gym: 0% (Closed) people=0 capacity=150 is_open=False hour_summary=Closed until 6:00am
[2026-05-18 05:15:03] Triton Esports Center: 0% (Closed) people=0 capacity=35 is_open=False hour_summary=Closed until 7:30am
[2026-05-18 05:15:03] === SCRAPE END OK ===
[2026-05-18 05:30:02] === SCRAPE START ===
[2026-05-18 05:30:02] Fetching https://waitz.io/live/ucsd-rec
[2026-05-18 05:30:03] Saved 4 rows to ucsd_occupancy_history.csv
[2026-05-18 05:30:03] Main Gym Fitness Gym: 1% (Closed) people=1 capacity=72 is_open=False hour_summary=Closed until 6:00am
[2026-05-18 05:30:03] Outback Climbing Center: 2% (Closed) people=1 capacity=30 is_open=False hour_summary=Closed until 10:00am
[2026-05-18 05:30:03] RIMAC Fitness Gym: 0% (Closed) people=0 capacity=150 is_open=False hour_summary=Closed until 6:00am
[2026-05-18 05:30:03] Triton Esports Center: 0% (Closed) people=0 capacity=35 is_open=False hour_summary=Closed until 7:30am
[2026-05-18 05:30:03] === SCRAPE END OK ===
[2026-05-18 05:45:02] === SCRAPE START ===
[2026-05-18 05:45:02] Fetching https://waitz.io/live/ucsd-rec
[2026-05-18 05:45:03] Saved 4 rows to ucsd_occupancy_history.csv
[2026-05-18 05:45:03] Main Gym Fitness Gym: 1% (Closed) people=1 capacity=72 is_open=False hour_summary=Closed until 6:00am
[2026-05-18 05:45:03] Outback Climbing Center: 1% (Closed) people=0 capacity=30 is_open=False hour_summary=Closed until 10:00am
[2026-05-18 05:45:03] RIMAC Fitness Gym: 0% (Closed) people=1 capacity=150 is_open=False hour_summary=Closed until 6:00am
[2026-05-18 05:45:03] Triton Esports Center: 0% (Closed) people=0 capacity=35 is_open=False hour_summary=Closed until 7:30am
[2026-05-18 05:45:03] === SCRAPE END OK ===
[2026-05-18 06:00:02] === SCRAPE START ===
[2026-05-18 06:00:02] Fetching https://waitz.io/live/ucsd-rec
[2026-05-18 06:00:03] Saved 4 rows to ucsd_occupancy_history.csv
[2026-05-18 06:00:03] Main Gym Fitness Gym: 2% (Not Busy) people=1 capacity=72 is_open=True hour_summary=open
[2026-05-18 06:00:03] Outback Climbing Center: 3% (Closed) people=1 capacity=30 is_open=False hour_summary=Closed until 10:00am
[2026-05-18 06:00:03] RIMAC Fitness Gym: 0% (Not Busy) people=1 capacity=150 is_open=True hour_summary=open
[2026-05-18 06:00:03] Triton Esports Center: 0% (Closed) people=0 capacity=35 is_open=False hour_summary=Closed until 7:30am
[2026-05-18 06:00:03] === SCRAPE END OK ===
[2026-05-18 06:15:02] === SCRAPE START ===
[2026-05-18 06:15:02] Fetching https://waitz.io/live/ucsd-rec
[2026-05-18 06:15:03] Saved 4 rows to ucsd_occupancy_history.csv
[2026-05-18 06:15:03] Main Gym Fitness Gym: 13% (Not Busy) people=9 capacity=72 is_open=True hour_summary=open
[2026-05-18 06:15:03] Outback Climbing Center: 1% (Closed) people=0 capacity=30 is_open=False hour_summary=Closed until 10:00am
[2026-05-18 06:15:03] RIMAC Fitness Gym: 14% (Not Busy) people=22 capacity=150 is_open=True hour_summary=open
[2026-05-18 06:15:03] Triton Esports Center: 0% (Closed) people=0 capacity=35 is_open=False hour_summary=Closed until 7:30am
[2026-05-18 06:15:03] === SCRAPE END OK ===
[2026-05-18 06:30:02] === SCRAPE START ===
[2026-05-18 06:30:02] Fetching https://waitz.io/live/ucsd-rec
[2026-05-18 06:30:03] Saved 4 rows to ucsd_occupancy_history.csv
[2026-05-18 06:30:03] Main Gym Fitness Gym: 19% (Not Busy) people=13 capacity=72 is_open=True hour_summary=open
[2026-05-18 06:30:03] Outback Climbing Center: 0% (Closed) people=0 capacity=30 is_open=False hour_summary=Closed until 10:00am
[2026-05-18 06:30:03] RIMAC Fitness Gym: 18% (Not Busy) people=26 capacity=150 is_open=True hour_summary=open
[2026-05-18 06:30:03] Triton Esports Center: 0% (Closed) people=0 capacity=35 is_open=False hour_summary=Closed until 7:30am
[2026-05-18 06:30:03] === SCRAPE END OK ===
[2026-05-18 06:45:02] === SCRAPE START ===
[2026-05-18 06:45:02] Fetching https://waitz.io/live/ucsd-rec
[2026-05-18 06:45:03] Saved 4 rows to ucsd_occupancy_history.csv
[2026-05-18 06:45:03] Main Gym Fitness Gym: 44% (Not Busy) people=32 capacity=72 is_open=True hour_summary=open
[2026-05-18 06:45:03] Outback Climbing Center: 0% (Closed) people=0 capacity=30 is_open=False hour_summary=Closed until 10:00am
[2026-05-18 06:45:03] RIMAC Fitness Gym: 0% (Data Unavailable) people=0 capacity=150 is_open=True hour_summary=open
[2026-05-18 06:45:03] Triton Esports Center: 0% (Closed) people=0 capacity=35 is_open=False hour_summary=Closed until 7:30am
[2026-05-18 06:45:03] === SCRAPE END OK ===
[2026-05-18 07:00:02] === SCRAPE START ===
[2026-05-18 07:00:02] Fetching https://waitz.io/live/ucsd-rec
[2026-05-18 07:00:03] Saved 4 rows to ucsd_occupancy_history.csv
[2026-05-18 07:00:03] Main Gym Fitness Gym: 17% (Not Busy) people=12 capacity=72 is_open=True hour_summary=open
[2026-05-18 07:00:03] Outback Climbing Center: 0% (Closed) people=0 capacity=30 is_open=False hour_summary=Closed until 10:00am
[2026-05-18 07:00:03] RIMAC Fitness Gym: 29% (Not Busy) people=43 capacity=150 is_open=True hour_summary=open
[2026-05-18 07:00:03] Triton Esports Center: 0% (Closed) people=0 capacity=35 is_open=False hour_summary=Closed until 7:30am
[2026-05-18 07:00:03] === SCRAPE END OK ===
[2026-05-18 07:15:02] === SCRAPE START ===
[2026-05-18 07:15:02] Fetching https://waitz.io/live/ucsd-rec
[2026-05-18 07:15:03] Saved 4 rows to ucsd_occupancy_history.csv
[2026-05-18 07:15:03] Main Gym Fitness Gym: 1% (Not Busy) people=1 capacity=72 is_open=True hour_summary=open
[2026-05-18 07:15:03] Outback Climbing Center: 0% (Closed) people=0 capacity=30 is_open=False hour_summary=Closed until 10:00am
[2026-05-18 07:15:03] RIMAC Fitness Gym: 30% (Not Busy) people=46 capacity=150 is_open=True hour_summary=open
[2026-05-18 07:15:03] Triton Esports Center: 0% (Closed) people=0 capacity=35 is_open=False hour_summary=Closed until 7:30am
[2026-05-18 07:15:03] === SCRAPE END OK ===
[2026-05-18 07:30:02] === SCRAPE START ===
[2026-05-18 07:30:02] Fetching https://waitz.io/live/ucsd-rec
[2026-05-18 07:30:03] Saved 4 rows to ucsd_occupancy_history.csv
[2026-05-18 07:30:03] Main Gym Fitness Gym: 5% (Not Busy) people=4 capacity=72 is_open=True hour_summary=open
[2026-05-18 07:30:03] Outback Climbing Center: 1% (Closed) people=0 capacity=30 is_open=False hour_summary=Closed until 10:00am
[2026-05-18 07:30:03] RIMAC Fitness Gym: 40% (Not Busy) people=61 capacity=150 is_open=True hour_summary=open
[2026-05-18 07:30:03] Triton Esports Center: 0% (Not Busy) people=0 capacity=35 is_open=True hour_summary=open
[2026-05-18 07:30:03] === SCRAPE END OK ===
[2026-05-18 07:45:02] === SCRAPE START ===
[2026-05-18 07:45:02] Fetching https://waitz.io/live/ucsd-rec
[2026-05-18 07:45:03] Saved 4 rows to ucsd_occupancy_history.csv
[2026-05-18 07:45:03] Main Gym Fitness Gym: 22% (Not Busy) people=16 capacity=72 is_open=True hour_summary=open
[2026-05-18 07:45:03] Outback Climbing Center: 1% (Closed) people=0 capacity=30 is_open=False hour_summary=Closed until 10:00am
[2026-05-18 07:45:03] RIMAC Fitness Gym: 45% (Not Busy) people=68 capacity=150 is_open=True hour_summary=open
[2026-05-18 07:45:03] Triton Esports Center: 0% (Not Busy) people=0 capacity=35 is_open=True hour_summary=open
[2026-05-18 07:45:03] === SCRAPE END OK ===
[2026-05-18 08:00:02] === SCRAPE START ===
[2026-05-18 08:00:02] Fetching https://waitz.io/live/ucsd-rec
[2026-05-18 08:00:03] Saved 4 rows to ucsd_occupancy_history.csv
[2026-05-18 08:00:03] Main Gym Fitness Gym: 29% (Not Busy) people=21 capacity=72 is_open=True hour_summary=open
[2026-05-18 08:00:03] Outback Climbing Center: 0% (Closed) people=0 capacity=30 is_open=False hour_summary=Closed until 10:00am
[2026-05-18 08:00:03] RIMAC Fitness Gym: 43% (Not Busy) people=64 capacity=150 is_open=True hour_summary=open
[2026-05-18 08:00:03] Triton Esports Center: 0% (Not Busy) people=0 capacity=35 is_open=True hour_summary=open
[2026-05-18 08:00:03] === SCRAPE END OK ===
[2026-05-18 08:15:02] === SCRAPE START ===
[2026-05-18 08:15:02] Fetching https://waitz.io/live/ucsd-rec
[2026-05-18 08:15:03] Saved 4 rows to ucsd_occupancy_history.csv
[2026-05-18 08:15:03] Main Gym Fitness Gym: 26% (Not Busy) people=18 capacity=72 is_open=True hour_summary=open
[2026-05-18 08:15:03] Outback Climbing Center: 1% (Closed) people=0 capacity=30 is_open=False hour_summary=Closed until 10:00am
[2026-05-18 08:15:03] RIMAC Fitness Gym: 41% (Not Busy) people=61 capacity=150 is_open=True hour_summary=open
[2026-05-18 08:15:03] Triton Esports Center: 0% (Not Busy) people=0 capacity=35 is_open=True hour_summary=open
[2026-05-18 08:15:03] === SCRAPE END OK ===
[2026-05-18 08:30:02] === SCRAPE START ===
[2026-05-18 08:30:02] Fetching https://waitz.io/live/ucsd-rec
[2026-05-18 08:30:03] Saved 4 rows to ucsd_occupancy_history.csv
[2026-05-18 08:30:03] Main Gym Fitness Gym: 31% (Not Busy) people=22 capacity=72 is_open=True hour_summary=open
[2026-05-18 08:30:03] Outback Climbing Center: 8% (Closed) people=2 capacity=30 is_open=False hour_summary=Closed until 10:00am
[2026-05-18 08:30:03] RIMAC Fitness Gym: 34% (Not Busy) people=52 capacity=150 is_open=True hour_summary=open
[2026-05-18 08:30:03] Triton Esports Center: 0% (Not Busy) people=0 capacity=35 is_open=True hour_summary=open
[2026-05-18 08:30:03] === SCRAPE END OK ===
[2026-05-18 08:45:02] === SCRAPE START ===
[2026-05-18 08:45:02] Fetching https://waitz.io/live/ucsd-rec
[2026-05-18 08:45:03] Saved 4 rows to ucsd_occupancy_history.csv
[2026-05-18 08:45:03] Main Gym Fitness Gym: 25% (Not Busy) people=18 capacity=72 is_open=True hour_summary=open
[2026-05-18 08:45:03] Outback Climbing Center: 2% (Closed) people=0 capacity=30 is_open=False hour_summary=Closed until 10:00am
[2026-05-18 08:45:03] RIMAC Fitness Gym: 42% (Not Busy) people=63 capacity=150 is_open=True hour_summary=open
[2026-05-18 08:45:03] Triton Esports Center: 0% (Not Busy) people=0 capacity=35 is_open=True hour_summary=open
[2026-05-18 08:45:03] === SCRAPE END OK ===
