[2026-04-09 00:00:01] === SCRAPE START ===
[2026-04-09 00:00:01] Fetching https://waitz.io/live/ucsd-rec
[2026-04-09 00:00:02] Saved 4 rows to ucsd_occupancy_history.csv
[2026-04-09 00:00:02] Main Gym Fitness Gym: 2% (Closed) people=1 capacity=72 is_open=False hour_summary=Closed until 6:00am
[2026-04-09 00:00:02] Outback Climbing Center: 2% (Closed) people=1 capacity=30 is_open=False hour_summary=Closed until 10:00am
[2026-04-09 00:00:02] RIMAC Fitness Gym: 1% (Closed) people=1 capacity=150 is_open=False hour_summary=Closed until 6:00am
[2026-04-09 00:00:02] Triton Esports Center: 0% (Closed) people=0 capacity=35 is_open=False hour_summary=Closed until 7:30am
[2026-04-09 00:00:02] === SCRAPE END OK ===
[2026-04-09 00:15:02] === SCRAPE START ===
[2026-04-09 00:15:02] Fetching https://waitz.io/live/ucsd-rec
[2026-04-09 00:15:03] Saved 4 rows to ucsd_occupancy_history.csv
[2026-04-09 00:15:03] Main Gym Fitness Gym: 1% (Closed) people=1 capacity=72 is_open=False hour_summary=Closed until 6:00am
[2026-04-09 00:15:03] Outback Climbing Center: 1% (Closed) people=0 capacity=30 is_open=False hour_summary=Closed until 10:00am
[2026-04-09 00:15:03] RIMAC Fitness Gym: 1% (Closed) people=1 capacity=150 is_open=False hour_summary=Closed until 6:00am
[2026-04-09 00:15:03] Triton Esports Center: 0% (Closed) people=0 capacity=35 is_open=False hour_summary=Closed until 7:30am
[2026-04-09 00:15:03] === SCRAPE END OK ===
[2026-04-09 00:30:02] === SCRAPE START ===
[2026-04-09 00:30:02] Fetching https://waitz.io/live/ucsd-rec
[2026-04-09 00:30:04] Saved 4 rows to ucsd_occupancy_history.csv
[2026-04-09 00:30:04] Main Gym Fitness Gym: 1% (Closed) people=1 capacity=72 is_open=False hour_summary=Closed until 6:00am
[2026-04-09 00:30:04] Outback Climbing Center: 3% (Closed) people=1 capacity=30 is_open=False hour_summary=Closed until 10:00am
[2026-04-09 00:30:04] RIMAC Fitness Gym: 1% (Closed) people=1 capacity=150 is_open=False hour_summary=Closed until 6:00am
[2026-04-09 00:30:04] Triton Esports Center: 0% (Closed) people=0 capacity=35 is_open=False hour_summary=Closed until 7:30am
[2026-04-09 00:30:04] === SCRAPE END OK ===
[2026-04-09 00:45:02] === SCRAPE START ===
[2026-04-09 00:45:02] Fetching https://waitz.io/live/ucsd-rec
[2026-04-09 00:45:03] Saved 4 rows to ucsd_occupancy_history.csv
[2026-04-09 00:45:03] Main Gym Fitness Gym: 2% (Closed) people=1 capacity=72 is_open=False hour_summary=Closed until 6:00am
[2026-04-09 00:45:03] Outback Climbing Center: 3% (Closed) people=1 capacity=30 is_open=False hour_summary=Closed until 10:00am
[2026-04-09 00:45:03] RIMAC Fitness Gym: 1% (Closed) people=1 capacity=150 is_open=False hour_summary=Closed until 6:00am
[2026-04-09 00:45:03] Triton Esports Center: 0% (Closed) people=0 capacity=35 is_open=False hour_summary=Closed until 7:30am
[2026-04-09 00:45:03] === SCRAPE END OK ===
[2026-04-09 01:00:02] === SCRAPE START ===
[2026-04-09 01:00:02] Fetching https://waitz.io/live/ucsd-rec
[2026-04-09 01:00:03] Saved 4 rows to ucsd_occupancy_history.csv
[2026-04-09 01:00:03] Main Gym Fitness Gym: 1% (Closed) people=1 capacity=72 is_open=False hour_summary=Closed until 6:00am
[2026-04-09 01:00:03] Outback Climbing Center: 7% (Closed) people=2 capacity=30 is_open=False hour_summary=Closed until 10:00am
[2026-04-09 01:00:03] RIMAC Fitness Gym: 0% (Closed) people=1 capacity=150 is_open=False hour_summary=Closed until 6:00am
[2026-04-09 01:00:03] Triton Esports Center: 0% (Closed) people=0 capacity=35 is_open=False hour_summary=Closed until 7:30am
[2026-04-09 01:00:03] === SCRAPE END OK ===
[2026-04-09 01:15:02] === SCRAPE START ===
[2026-04-09 01:15:02] Fetching https://waitz.io/live/ucsd-rec
[2026-04-09 01:15:04] Saved 4 rows to ucsd_occupancy_history.csv
[2026-04-09 01:15:04] Main Gym Fitness Gym: 1% (Closed) people=1 capacity=72 is_open=False hour_summary=Closed until 6:00am
[2026-04-09 01:15:04] Outback Climbing Center: 6% (Closed) people=2 capacity=30 is_open=False hour_summary=Closed until 10:00am
[2026-04-09 01:15:04] RIMAC Fitness Gym: 0% (Closed) people=1 capacity=150 is_open=False hour_summary=Closed until 6:00am
[2026-04-09 01:15:04] Triton Esports Center: 0% (Closed) people=0 capacity=35 is_open=False hour_summary=Closed until 7:30am
[2026-04-09 01:15:04] === SCRAPE END OK ===
[2026-04-09 01:30:02] === SCRAPE START ===
[2026-04-09 01:30:02] Fetching https://waitz.io/live/ucsd-rec
[2026-04-09 01:30:03] Saved 4 rows to ucsd_occupancy_history.csv
[2026-04-09 01:30:03] Main Gym Fitness Gym: 1% (Closed) people=1 capacity=72 is_open=False hour_summary=Closed until 6:00am
[2026-04-09 01:30:03] Outback Climbing Center: 3% (Closed) people=1 capacity=30 is_open=False hour_summary=Closed until 10:00am
[2026-04-09 01:30:03] RIMAC Fitness Gym: 1% (Closed) people=1 capacity=150 is_open=False hour_summary=Closed until 6:00am
[2026-04-09 01:30:03] Triton Esports Center: 0% (Closed) people=0 capacity=35 is_open=False hour_summary=Closed until 7:30am
[2026-04-09 01:30:03] === SCRAPE END OK ===
[2026-04-09 01:45:02] === SCRAPE START ===
[2026-04-09 01:45:02] Fetching https://waitz.io/live/ucsd-rec
[2026-04-09 01:45:03] Saved 4 rows to ucsd_occupancy_history.csv
[2026-04-09 01:45:03] Main Gym Fitness Gym: 1% (Closed) people=1 capacity=72 is_open=False hour_summary=Closed until 6:00am
[2026-04-09 01:45:03] Outback Climbing Center: 8% (Closed) people=2 capacity=30 is_open=False hour_summary=Closed until 10:00am
[2026-04-09 01:45:03] RIMAC Fitness Gym: 1% (Closed) people=1 capacity=150 is_open=False hour_summary=Closed until 6:00am
[2026-04-09 01:45:03] Triton Esports Center: 0% (Closed) people=0 capacity=35 is_open=False hour_summary=Closed until 7:30am
[2026-04-09 01:45:03] === SCRAPE END OK ===
[2026-04-09 02:00:02] === SCRAPE START ===
[2026-04-09 02:00:02] Fetching https://waitz.io/live/ucsd-rec
[2026-04-09 02:00:03] Saved 4 rows to ucsd_occupancy_history.csv
[2026-04-09 02:00:03] Main Gym Fitness Gym: 1% (Closed) people=1 capacity=72 is_open=False hour_summary=Closed until 6:00am
[2026-04-09 02:00:03] Outback Climbing Center: 3% (Closed) people=1 capacity=30 is_open=False hour_summary=Closed until 10:00am
[2026-04-09 02:00:03] RIMAC Fitness Gym: 1% (Closed) people=1 capacity=150 is_open=False hour_summary=Closed until 6:00am
[2026-04-09 02:00:03] Triton Esports Center: 0% (Closed) people=0 capacity=35 is_open=False hour_summary=Closed until 7:30am
[2026-04-09 02:00:03] === SCRAPE END OK ===
[2026-04-09 02:15:02] === SCRAPE START ===
[2026-04-09 02:15:02] Fetching https://waitz.io/live/ucsd-rec
[2026-04-09 02:15:04] Saved 4 rows to ucsd_occupancy_history.csv
[2026-04-09 02:15:04] Main Gym Fitness Gym: 1% (Closed) people=1 capacity=72 is_open=False hour_summary=Closed until 6:00am
[2026-04-09 02:15:04] Outback Climbing Center: 3% (Closed) people=1 capacity=30 is_open=False hour_summary=Closed until 10:00am
[2026-04-09 02:15:04] RIMAC Fitness Gym: 1% (Closed) people=1 capacity=150 is_open=False hour_summary=Closed until 6:00am
[2026-04-09 02:15:04] Triton Esports Center: 0% (Closed) people=0 capacity=35 is_open=False hour_summary=Closed until 7:30am
[2026-04-09 02:15:04] === SCRAPE END OK ===
[2026-04-09 02:30:02] === SCRAPE START ===
[2026-04-09 02:30:02] Fetching https://waitz.io/live/ucsd-rec
[2026-04-09 02:30:04] Saved 4 rows to ucsd_occupancy_history.csv
[2026-04-09 02:30:04] Main Gym Fitness Gym: 1% (Closed) people=1 capacity=72 is_open=False hour_summary=Closed until 6:00am
[2026-04-09 02:30:04] Outback Climbing Center: 1% (Closed) people=0 capacity=30 is_open=False hour_summary=Closed until 10:00am
[2026-04-09 02:30:04] RIMAC Fitness Gym: 1% (Closed) people=1 capacity=150 is_open=False hour_summary=Closed until 6:00am
[2026-04-09 02:30:04] Triton Esports Center: 0% (Closed) people=0 capacity=35 is_open=False hour_summary=Closed until 7:30am
[2026-04-09 02:30:04] === SCRAPE END OK ===
[2026-04-09 02:45:02] === SCRAPE START ===
[2026-04-09 02:45:02] Fetching https://waitz.io/live/ucsd-rec
[2026-04-09 02:45:04] Saved 4 rows to ucsd_occupancy_history.csv
[2026-04-09 02:45:04] Main Gym Fitness Gym: 1% (Closed) people=1 capacity=72 is_open=False hour_summary=Closed until 6:00am
[2026-04-09 02:45:04] Outback Climbing Center: 2% (Closed) people=1 capacity=30 is_open=False hour_summary=Closed until 10:00am
[2026-04-09 02:45:04] RIMAC Fitness Gym: 1% (Closed) people=1 capacity=150 is_open=False hour_summary=Closed until 6:00am
[2026-04-09 02:45:04] Triton Esports Center: 0% (Closed) people=0 capacity=35 is_open=False hour_summary=Closed until 7:30am
[2026-04-09 02:45:04] === SCRAPE END OK ===
[2026-04-09 03:00:02] === SCRAPE START ===
[2026-04-09 03:00:02] Fetching https://waitz.io/live/ucsd-rec
[2026-04-09 03:00:03] Saved 4 rows to ucsd_occupancy_history.csv
[2026-04-09 03:00:03] Main Gym Fitness Gym: 1% (Closed) people=1 capacity=72 is_open=False hour_summary=Closed until 6:00am
[2026-04-09 03:00:03] Outback Climbing Center: 3% (Closed) people=1 capacity=30 is_open=False hour_summary=Closed until 10:00am
[2026-04-09 03:00:03] RIMAC Fitness Gym: 1% (Closed) people=1 capacity=150 is_open=False hour_summary=Closed until 6:00am
[2026-04-09 03:00:03] Triton Esports Center: 0% (Closed) people=0 capacity=35 is_open=False hour_summary=Closed until 7:30am
[2026-04-09 03:00:03] === SCRAPE END OK ===
[2026-04-09 03:15:02] === SCRAPE START ===
[2026-04-09 03:15:02] Fetching https://waitz.io/live/ucsd-rec
[2026-04-09 03:15:04] Saved 4 rows to ucsd_occupancy_history.csv
[2026-04-09 03:15:04] Main Gym Fitness Gym: 1% (Closed) people=1 capacity=72 is_open=False hour_summary=Closed until 6:00am
[2026-04-09 03:15:04] Outback Climbing Center: 2% (Closed) people=1 capacity=30 is_open=False hour_summary=Closed until 10:00am
[2026-04-09 03:15:04] RIMAC Fitness Gym: 1% (Closed) people=1 capacity=150 is_open=False hour_summary=Closed until 6:00am
[2026-04-09 03:15:04] Triton Esports Center: 0% (Closed) people=0 capacity=35 is_open=False hour_summary=Closed until 7:30am
[2026-04-09 03:15:04] === SCRAPE END OK ===
[2026-04-09 03:30:02] === SCRAPE START ===
[2026-04-09 03:30:02] Fetching https://waitz.io/live/ucsd-rec
[2026-04-09 03:30:03] Saved 4 rows to ucsd_occupancy_history.csv
[2026-04-09 03:30:03] Main Gym Fitness Gym: 1% (Closed) people=1 capacity=72 is_open=False hour_summary=Closed until 6:00am
[2026-04-09 03:30:03] Outback Climbing Center: 1% (Closed) people=0 capacity=30 is_open=False hour_summary=Closed until 10:00am
[2026-04-09 03:30:03] RIMAC Fitness Gym: 1% (Closed) people=1 capacity=150 is_open=False hour_summary=Closed until 6:00am
[2026-04-09 03:30:03] Triton Esports Center: 0% (Closed) people=0 capacity=35 is_open=False hour_summary=Closed until 7:30am
[2026-04-09 03:30:03] === SCRAPE END OK ===
[2026-04-09 03:45:02] === SCRAPE START ===
[2026-04-09 03:45:02] Fetching https://waitz.io/live/ucsd-rec
[2026-04-09 03:45:04] Saved 4 rows to ucsd_occupancy_history.csv
[2026-04-09 03:45:04] Main Gym Fitness Gym: 1% (Closed) people=1 capacity=72 is_open=False hour_summary=Closed until 6:00am
[2026-04-09 03:45:04] Outback Climbing Center: 2% (Closed) people=1 capacity=30 is_open=False hour_summary=Closed until 10:00am
[2026-04-09 03:45:04] RIMAC Fitness Gym: 1% (Closed) people=1 capacity=150 is_open=False hour_summary=Closed until 6:00am
[2026-04-09 03:45:04] Triton Esports Center: 0% (Closed) people=0 capacity=35 is_open=False hour_summary=Closed until 7:30am
[2026-04-09 03:45:04] === SCRAPE END OK ===
[2026-04-09 04:00:02] === SCRAPE START ===
[2026-04-09 04:00:02] Fetching https://waitz.io/live/ucsd-rec
[2026-04-09 04:00:04] Saved 4 rows to ucsd_occupancy_history.csv
[2026-04-09 04:00:04] Main Gym Fitness Gym: 1% (Closed) people=1 capacity=72 is_open=False hour_summary=Closed until 6:00am
[2026-04-09 04:00:04] Outback Climbing Center: 1% (Closed) people=0 capacity=30 is_open=False hour_summary=Closed until 10:00am
[2026-04-09 04:00:04] RIMAC Fitness Gym: 1% (Closed) people=1 capacity=150 is_open=False hour_summary=Closed until 6:00am
[2026-04-09 04:00:04] Triton Esports Center: 0% (Closed) people=0 capacity=35 is_open=False hour_summary=Closed until 7:30am
[2026-04-09 04:00:04] === SCRAPE END OK ===
[2026-04-09 04:15:02] === SCRAPE START ===
[2026-04-09 04:15:02] Fetching https://waitz.io/live/ucsd-rec
[2026-04-09 04:15:03] Saved 4 rows to ucsd_occupancy_history.csv
[2026-04-09 04:15:03] Main Gym Fitness Gym: 1% (Closed) people=1 capacity=72 is_open=False hour_summary=Closed until 6:00am
[2026-04-09 04:15:03] Outback Climbing Center: 2% (Closed) people=1 capacity=30 is_open=False hour_summary=Closed until 10:00am
[2026-04-09 04:15:03] RIMAC Fitness Gym: 1% (Closed) people=1 capacity=150 is_open=False hour_summary=Closed until 6:00am
[2026-04-09 04:15:03] Triton Esports Center: 0% (Closed) people=0 capacity=35 is_open=False hour_summary=Closed until 7:30am
[2026-04-09 04:15:03] === SCRAPE END OK ===
[2026-04-09 04:30:02] === SCRAPE START ===
[2026-04-09 04:30:02] Fetching https://waitz.io/live/ucsd-rec
[2026-04-09 04:30:04] Saved 4 rows to ucsd_occupancy_history.csv
[2026-04-09 04:30:04] Main Gym Fitness Gym: 1% (Closed) people=1 capacity=72 is_open=False hour_summary=Closed until 6:00am
[2026-04-09 04:30:04] Outback Climbing Center: 2% (Closed) people=1 capacity=30 is_open=False hour_summary=Closed until 10:00am
[2026-04-09 04:30:04] RIMAC Fitness Gym: 1% (Closed) people=1 capacity=150 is_open=False hour_summary=Closed until 6:00am
[2026-04-09 04:30:04] Triton Esports Center: 0% (Closed) people=0 capacity=35 is_open=False hour_summary=Closed until 7:30am
[2026-04-09 04:30:04] === SCRAPE END OK ===
[2026-04-09 04:45:02] === SCRAPE START ===
[2026-04-09 04:45:02] Fetching https://waitz.io/live/ucsd-rec
[2026-04-09 04:45:03] Saved 4 rows to ucsd_occupancy_history.csv
[2026-04-09 04:45:03] Main Gym Fitness Gym: 1% (Closed) people=1 capacity=72 is_open=False hour_summary=Closed until 6:00am
[2026-04-09 04:45:03] Outback Climbing Center: 2% (Closed) people=1 capacity=30 is_open=False hour_summary=Closed until 10:00am
[2026-04-09 04:45:03] RIMAC Fitness Gym: 1% (Closed) people=1 capacity=150 is_open=False hour_summary=Closed until 6:00am
[2026-04-09 04:45:03] Triton Esports Center: 0% (Closed) people=0 capacity=35 is_open=False hour_summary=Closed until 7:30am
[2026-04-09 04:45:03] === SCRAPE END OK ===
[2026-04-09 05:00:02] === SCRAPE START ===
[2026-04-09 05:00:02] Fetching https://waitz.io/live/ucsd-rec
[2026-04-09 05:00:03] Saved 4 rows to ucsd_occupancy_history.csv
[2026-04-09 05:00:03] Main Gym Fitness Gym: 1% (Closed) people=1 capacity=72 is_open=False hour_summary=Closed until 6:00am
[2026-04-09 05:00:03] Outback Climbing Center: 1% (Closed) people=0 capacity=30 is_open=False hour_summary=Closed until 10:00am
[2026-04-09 05:00:03] RIMAC Fitness Gym: 1% (Closed) people=1 capacity=150 is_open=False hour_summary=Closed until 6:00am
[2026-04-09 05:00:03] Triton Esports Center: 0% (Closed) people=0 capacity=35 is_open=False hour_summary=Closed until 7:30am
[2026-04-09 05:00:03] === SCRAPE END OK ===
[2026-04-09 05:15:02] === SCRAPE START ===
[2026-04-09 05:15:02] Fetching https://waitz.io/live/ucsd-rec
[2026-04-09 05:15:03] Saved 4 rows to ucsd_occupancy_history.csv
[2026-04-09 05:15:03] Main Gym Fitness Gym: 1% (Closed) people=1 capacity=72 is_open=False hour_summary=Closed until 6:00am
[2026-04-09 05:15:03] Outback Climbing Center: 3% (Closed) people=1 capacity=30 is_open=False hour_summary=Closed until 10:00am
[2026-04-09 05:15:03] RIMAC Fitness Gym: 1% (Closed) people=1 capacity=150 is_open=False hour_summary=Closed until 6:00am
[2026-04-09 05:15:03] Triton Esports Center: 0% (Closed) people=0 capacity=35 is_open=False hour_summary=Closed until 7:30am
[2026-04-09 05:15:03] === SCRAPE END OK ===
[2026-04-09 05:30:02] === SCRAPE START ===
[2026-04-09 05:30:02] Fetching https://waitz.io/live/ucsd-rec
[2026-04-09 05:30:03] Saved 4 rows to ucsd_occupancy_history.csv
[2026-04-09 05:30:03] Main Gym Fitness Gym: 1% (Closed) people=1 capacity=72 is_open=False hour_summary=Closed until 6:00am
[2026-04-09 05:30:03] Outback Climbing Center: 2% (Closed) people=0 capacity=30 is_open=False hour_summary=Closed until 10:00am
[2026-04-09 05:30:03] RIMAC Fitness Gym: 1% (Closed) people=2 capacity=150 is_open=False hour_summary=Closed until 6:00am
[2026-04-09 05:30:03] Triton Esports Center: 0% (Closed) people=0 capacity=35 is_open=False hour_summary=Closed until 7:30am
[2026-04-09 05:30:03] === SCRAPE END OK ===
[2026-04-09 05:45:02] === SCRAPE START ===
[2026-04-09 05:45:02] Fetching https://waitz.io/live/ucsd-rec
[2026-04-09 05:45:04] Saved 4 rows to ucsd_occupancy_history.csv
[2026-04-09 05:45:04] Main Gym Fitness Gym: 1% (Closed) people=1 capacity=72 is_open=False hour_summary=Closed until 6:00am
[2026-04-09 05:45:04] Outback Climbing Center: 3% (Closed) people=1 capacity=30 is_open=False hour_summary=Closed until 10:00am
[2026-04-09 05:45:04] RIMAC Fitness Gym: 1% (Closed) people=2 capacity=150 is_open=False hour_summary=Closed until 6:00am
[2026-04-09 05:45:04] Triton Esports Center: 0% (Closed) people=0 capacity=35 is_open=False hour_summary=Closed until 7:30am
[2026-04-09 05:45:04] === SCRAPE END OK ===
[2026-04-09 06:00:02] === SCRAPE START ===
[2026-04-09 06:00:02] Fetching https://waitz.io/live/ucsd-rec
[2026-04-09 06:00:03] Saved 4 rows to ucsd_occupancy_history.csv
[2026-04-09 06:00:03] Main Gym Fitness Gym: 1% (Not Busy) people=1 capacity=72 is_open=True hour_summary=open
[2026-04-09 06:00:03] Outback Climbing Center: 2% (Closed) people=1 capacity=30 is_open=False hour_summary=Closed until 10:00am
[2026-04-09 06:00:03] RIMAC Fitness Gym: 1% (Not Busy) people=2 capacity=150 is_open=True hour_summary=open
[2026-04-09 06:00:03] Triton Esports Center: 0% (Closed) people=0 capacity=35 is_open=False hour_summary=Closed until 7:30am
[2026-04-09 06:00:03] === SCRAPE END OK ===
[2026-04-09 06:15:02] === SCRAPE START ===
[2026-04-09 06:15:02] Fetching https://waitz.io/live/ucsd-rec
[2026-04-09 06:15:04] Saved 4 rows to ucsd_occupancy_history.csv
[2026-04-09 06:15:04] Main Gym Fitness Gym: 5% (Not Busy) people=4 capacity=72 is_open=True hour_summary=open
[2026-04-09 06:15:04] Outback Climbing Center: 4% (Closed) people=1 capacity=30 is_open=False hour_summary=Closed until 10:00am
[2026-04-09 06:15:04] RIMAC Fitness Gym: 14% (Not Busy) people=21 capacity=150 is_open=True hour_summary=open
[2026-04-09 06:15:04] Triton Esports Center: 0% (Closed) people=0 capacity=35 is_open=False hour_summary=Closed until 7:30am
[2026-04-09 06:15:04] === SCRAPE END OK ===
[2026-04-09 06:30:02] === SCRAPE START ===
[2026-04-09 06:30:02] Fetching https://waitz.io/live/ucsd-rec
[2026-04-09 06:30:03] Saved 4 rows to ucsd_occupancy_history.csv
[2026-04-09 06:30:03] Main Gym Fitness Gym: 11% (Not Busy) people=8 capacity=72 is_open=True hour_summary=open
[2026-04-09 06:30:03] Outback Climbing Center: 2% (Closed) people=1 capacity=30 is_open=False hour_summary=Closed until 10:00am
[2026-04-09 06:30:03] RIMAC Fitness Gym: 36% (Not Busy) people=54 capacity=150 is_open=True hour_summary=open
[2026-04-09 06:30:03] Triton Esports Center: 0% (Closed) people=0 capacity=35 is_open=False hour_summary=Closed until 7:30am
[2026-04-09 06:30:03] === SCRAPE END OK ===
[2026-04-09 06:45:02] === SCRAPE START ===
[2026-04-09 06:45:02] Fetching https://waitz.io/live/ucsd-rec
[2026-04-09 06:45:04] Saved 4 rows to ucsd_occupancy_history.csv
[2026-04-09 06:45:04] Main Gym Fitness Gym: 15% (Not Busy) people=11 capacity=72 is_open=True hour_summary=open
[2026-04-09 06:45:04] Outback Climbing Center: 7% (Closed) people=2 capacity=30 is_open=False hour_summary=Closed until 10:00am
[2026-04-09 06:45:04] RIMAC Fitness Gym: 41% (Not Busy) people=62 capacity=150 is_open=True hour_summary=open
[2026-04-09 06:45:04] Triton Esports Center: 0% (Closed) people=0 capacity=35 is_open=False hour_summary=Closed until 7:30am
[2026-04-09 06:45:04] === SCRAPE END OK ===
[2026-04-09 07:00:02] === SCRAPE START ===
[2026-04-09 07:00:02] Fetching https://waitz.io/live/ucsd-rec
[2026-04-09 07:00:04] Saved 4 rows to ucsd_occupancy_history.csv
[2026-04-09 07:00:04] Main Gym Fitness Gym: 30% (Not Busy) people=22 capacity=72 is_open=True hour_summary=open
[2026-04-09 07:00:04] Outback Climbing Center: 6% (Closed) people=2 capacity=30 is_open=False hour_summary=Closed until 10:00am
[2026-04-09 07:00:04] RIMAC Fitness Gym: 41% (Not Busy) people=62 capacity=150 is_open=True hour_summary=open
[2026-04-09 07:00:04] Triton Esports Center: 0% (Closed) people=0 capacity=35 is_open=False hour_summary=Closed until 7:30am
[2026-04-09 07:00:04] === SCRAPE END OK ===
[2026-04-09 07:15:02] === SCRAPE START ===
[2026-04-09 07:15:02] Fetching https://waitz.io/live/ucsd-rec
[2026-04-09 07:15:04] Saved 4 rows to ucsd_occupancy_history.csv
[2026-04-09 07:15:04] Main Gym Fitness Gym: 13% (Not Busy) people=9 capacity=72 is_open=True hour_summary=open
[2026-04-09 07:15:04] Outback Climbing Center: 4% (Closed) people=1 capacity=30 is_open=False hour_summary=Closed until 10:00am
[2026-04-09 07:15:04] RIMAC Fitness Gym: 36% (Not Busy) people=55 capacity=150 is_open=True hour_summary=open
[2026-04-09 07:15:04] Triton Esports Center: 0% (Closed) people=0 capacity=35 is_open=False hour_summary=Closed until 7:30am
[2026-04-09 07:15:04] === SCRAPE END OK ===
[2026-04-09 07:30:02] === SCRAPE START ===
[2026-04-09 07:30:02] Fetching https://waitz.io/live/ucsd-rec
[2026-04-09 07:30:04] Saved 4 rows to ucsd_occupancy_history.csv
[2026-04-09 07:30:04] Main Gym Fitness Gym: 18% (Not Busy) people=13 capacity=72 is_open=True hour_summary=open
[2026-04-09 07:30:04] Outback Climbing Center: 6% (Closed) people=2 capacity=30 is_open=False hour_summary=Closed until 10:00am
[2026-04-09 07:30:04] RIMAC Fitness Gym: 40% (Not Busy) people=60 capacity=150 is_open=True hour_summary=open
[2026-04-09 07:30:04] Triton Esports Center: 0% (Not Busy) people=0 capacity=35 is_open=True hour_summary=open
[2026-04-09 07:30:04] === SCRAPE END OK ===
[2026-04-09 07:45:02] === SCRAPE START ===
[2026-04-09 07:45:02] Fetching https://waitz.io/live/ucsd-rec
[2026-04-09 07:45:04] Saved 4 rows to ucsd_occupancy_history.csv
[2026-04-09 07:45:04] Main Gym Fitness Gym: 31% (Not Busy) people=22 capacity=72 is_open=True hour_summary=open
[2026-04-09 07:45:04] Outback Climbing Center: 7% (Closed) people=2 capacity=30 is_open=False hour_summary=Closed until 10:00am
[2026-04-09 07:45:04] RIMAC Fitness Gym: 60% (Busy) people=91 capacity=150 is_open=True hour_summary=open
[2026-04-09 07:45:04] Triton Esports Center: 1% (Not Busy) people=0 capacity=35 is_open=True hour_summary=open
[2026-04-09 07:45:04] === SCRAPE END OK ===
[2026-04-09 08:00:02] === SCRAPE START ===
[2026-04-09 08:00:02] Fetching https://waitz.io/live/ucsd-rec
[2026-04-09 08:00:04] Saved 4 rows to ucsd_occupancy_history.csv
[2026-04-09 08:00:04] Main Gym Fitness Gym: 32% (Not Busy) people=23 capacity=72 is_open=True hour_summary=open
[2026-04-09 08:00:04] Outback Climbing Center: 7% (Closed) people=2 capacity=30 is_open=False hour_summary=Closed until 10:00am
[2026-04-09 08:00:04] RIMAC Fitness Gym: 51% (Busy) people=76 capacity=150 is_open=True hour_summary=open
[2026-04-09 08:00:04] Triton Esports Center: 5% (Not Busy) people=2 capacity=35 is_open=True hour_summary=open
[2026-04-09 08:00:04] === SCRAPE END OK ===
[2026-04-09 08:15:02] === SCRAPE START ===
[2026-04-09 08:15:02] Fetching https://waitz.io/live/ucsd-rec
[2026-04-09 08:15:03] Saved 4 rows to ucsd_occupancy_history.csv
[2026-04-09 08:15:03] Main Gym Fitness Gym: 16% (Not Busy) people=11 capacity=72 is_open=True hour_summary=open
[2026-04-09 08:15:03] Outback Climbing Center: 2% (Closed) people=1 capacity=30 is_open=False hour_summary=Closed until 10:00am
[2026-04-09 08:15:03] RIMAC Fitness Gym: 51% (Busy) people=76 capacity=150 is_open=True hour_summary=open
[2026-04-09 08:15:03] Triton Esports Center: 1% (Not Busy) people=0 capacity=35 is_open=True hour_summary=open
[2026-04-09 08:15:03] === SCRAPE END OK ===
[2026-04-09 08:30:02] === SCRAPE START ===
[2026-04-09 08:30:02] Fetching https://waitz.io/live/ucsd-rec
[2026-04-09 08:30:03] Saved 4 rows to ucsd_occupancy_history.csv
[2026-04-09 08:30:03] Main Gym Fitness Gym: 17% (Not Busy) people=13 capacity=72 is_open=True hour_summary=open
[2026-04-09 08:30:03] Outback Climbing Center: 6% (Closed) people=2 capacity=30 is_open=False hour_summary=Closed until 10:00am
[2026-04-09 08:30:03] RIMAC Fitness Gym: 58% (Busy) people=87 capacity=150 is_open=True hour_summary=open
[2026-04-09 08:30:03] Triton Esports Center: 0% (Not Busy) people=0 capacity=35 is_open=True hour_summary=open
[2026-04-09 08:30:03] === SCRAPE END OK ===
[2026-04-09 08:45:02] === SCRAPE START ===
[2026-04-09 08:45:02] Fetching https://waitz.io/live/ucsd-rec
[2026-04-09 08:45:03] Saved 4 rows to ucsd_occupancy_history.csv
[2026-04-09 08:45:03] Main Gym Fitness Gym: 39% (Not Busy) people=28 capacity=72 is_open=True hour_summary=open
[2026-04-09 08:45:03] Outback Climbing Center: 2% (Closed) people=1 capacity=30 is_open=False hour_summary=Closed until 10:00am
[2026-04-09 08:45:03] RIMAC Fitness Gym: 55% (Busy) people=82 capacity=150 is_open=True hour_summary=open
[2026-04-09 08:45:03] Triton Esports Center: 0% (Not Busy) people=0 capacity=35 is_open=True hour_summary=open
[2026-04-09 08:45:03] === SCRAPE END OK ===
[2026-04-09 09:00:02] === SCRAPE START ===
[2026-04-09 09:00:02] Fetching https://waitz.io/live/ucsd-rec
[2026-04-09 09:00:04] Saved 4 rows to ucsd_occupancy_history.csv
[2026-04-09 09:00:04] Main Gym Fitness Gym: 46% (Busy) people=33 capacity=72 is_open=True hour_summary=open
[2026-04-09 09:00:04] Outback Climbing Center: 5% (Closed) people=2 capacity=30 is_open=False hour_summary=Closed until 10:00am
[2026-04-09 09:00:04] RIMAC Fitness Gym: 47% (Busy) people=70 capacity=150 is_open=True hour_summary=open
[2026-04-09 09:00:04] Triton Esports Center: 0% (Not Busy) people=0 capacity=35 is_open=True hour_summary=open
[2026-04-09 09:00:04] === SCRAPE END OK ===
[2026-04-09 09:15:02] === SCRAPE START ===
[2026-04-09 09:15:02] Fetching https://waitz.io/live/ucsd-rec
[2026-04-09 09:15:03] Saved 4 rows to ucsd_occupancy_history.csv
[2026-04-09 09:15:03] Main Gym Fitness Gym: 21% (Not Busy) people=15 capacity=72 is_open=True hour_summary=open
[2026-04-09 09:15:03] Outback Climbing Center: 4% (Closed) people=1 capacity=30 is_open=False hour_summary=Closed until 10:00am
[2026-04-09 09:15:03] RIMAC Fitness Gym: 46% (Busy) people=69 capacity=150 is_open=True hour_summary=open
[2026-04-09 09:15:03] Triton Esports Center: 12% (Not Busy) people=4 capacity=35 is_open=True hour_summary=open
[2026-04-09 09:15:03] === SCRAPE END OK ===
[2026-04-09 09:30:02] === SCRAPE START ===
[2026-04-09 09:30:02] Fetching https://waitz.io/live/ucsd-rec
[2026-04-09 09:30:03] Saved 4 rows to ucsd_occupancy_history.csv
[2026-04-09 09:30:03] Main Gym Fitness Gym: 40% (Not Busy) people=29 capacity=72 is_open=True hour_summary=open
[2026-04-09 09:30:03] Outback Climbing Center: 3% (Closed) people=1 capacity=30 is_open=False hour_summary=Closed until 10:00am
[2026-04-09 09:30:03] RIMAC Fitness Gym: 43% (Not Busy) people=65 capacity=150 is_open=True hour_summary=open
[2026-04-09 09:30:03] Triton Esports Center: 20% (Not Busy) people=7 capacity=35 is_open=True hour_summary=open
[2026-04-09 09:30:03] === SCRAPE END OK ===
[2026-04-09 09:45:02] === SCRAPE START ===
[2026-04-09 09:45:02] Fetching https://waitz.io/live/ucsd-rec
[2026-04-09 09:45:04] Saved 4 rows to ucsd_occupancy_history.csv
[2026-04-09 09:45:04] Main Gym Fitness Gym: 37% (Not Busy) people=27 capacity=72 is_open=True hour_summary=open
[2026-04-09 09:45:04] Outback Climbing Center: 10% (Closed) people=3 capacity=30 is_open=False hour_summary=Closed until 10:00am
[2026-04-09 09:45:04] RIMAC Fitness Gym: 60% (Busy) people=90 capacity=150 is_open=True hour_summary=open
[2026-04-09 09:45:04] Triton Esports Center: 25% (Not Busy) people=9 capacity=35 is_open=True hour_summary=open
[2026-04-09 09:45:04] === SCRAPE END OK ===
[2026-04-09 10:00:02] === SCRAPE START ===
[2026-04-09 10:00:02] Fetching https://waitz.io/live/ucsd-rec
[2026-04-09 10:00:04] Saved 4 rows to ucsd_occupancy_history.csv
[2026-04-09 10:00:04] Main Gym Fitness Gym: 38% (Not Busy) people=27 capacity=72 is_open=True hour_summary=open
[2026-04-09 10:00:04] Outback Climbing Center: 13% (Not Busy) people=4 capacity=30 is_open=True hour_summary=open
[2026-04-09 10:00:04] RIMAC Fitness Gym: 75% (Busy) people=113 capacity=150 is_open=True hour_summary=open
[2026-04-09 10:00:04] Triton Esports Center: 32% (Not Busy) people=11 capacity=35 is_open=True hour_summary=open
[2026-04-09 10:00:04] === SCRAPE END OK ===
[2026-04-09 10:15:02] === SCRAPE START ===
[2026-04-09 10:15:02] Fetching https://waitz.io/live/ucsd-rec
[2026-04-09 10:15:03] Saved 4 rows to ucsd_occupancy_history.csv
[2026-04-09 10:15:03] Main Gym Fitness Gym: 29% (Not Busy) people=21 capacity=72 is_open=True hour_summary=open
[2026-04-09 10:15:03] Outback Climbing Center: 47% (Busy) people=14 capacity=30 is_open=True hour_summary=open
[2026-04-09 10:15:03] RIMAC Fitness Gym: 82% (Very Active) people=123 capacity=150 is_open=True hour_summary=open
[2026-04-09 10:15:03] Triton Esports Center: 42% (Not Busy) people=15 capacity=35 is_open=True hour_summary=open
[2026-04-09 10:15:03] === SCRAPE END OK ===
[2026-04-09 10:30:02] === SCRAPE START ===
[2026-04-09 10:30:02] Fetching https://waitz.io/live/ucsd-rec
[2026-04-09 10:30:04] Saved 4 rows to ucsd_occupancy_history.csv
[2026-04-09 10:30:04] Main Gym Fitness Gym: 20% (Not Busy) people=14 capacity=72 is_open=True hour_summary=open
[2026-04-09 10:30:04] Outback Climbing Center: 82% (Very Active) people=25 capacity=30 is_open=True hour_summary=open
[2026-04-09 10:30:04] RIMAC Fitness Gym: 75% (Busy) people=113 capacity=150 is_open=True hour_summary=open
[2026-04-09 10:30:04] Triton Esports Center: 50% (Busy) people=18 capacity=35 is_open=True hour_summary=open
[2026-04-09 10:30:04] === SCRAPE END OK ===
[2026-04-09 10:45:02] === SCRAPE START ===
[2026-04-09 10:45:02] Fetching https://waitz.io/live/ucsd-rec
[2026-04-09 10:45:03] Saved 4 rows to ucsd_occupancy_history.csv
[2026-04-09 10:45:03] Main Gym Fitness Gym: 23% (Not Busy) people=17 capacity=72 is_open=True hour_summary=open
[2026-04-09 10:45:03] Outback Climbing Center: 63% (Busy) people=19 capacity=30 is_open=True hour_summary=open
[2026-04-09 10:45:03] RIMAC Fitness Gym: 71% (Busy) people=106 capacity=150 is_open=True hour_summary=open
[2026-04-09 10:45:03] Triton Esports Center: 55% (Busy) people=19 capacity=35 is_open=True hour_summary=open
[2026-04-09 10:45:03] === SCRAPE END OK ===
[2026-04-09 11:00:02] === SCRAPE START ===
[2026-04-09 11:00:02] Fetching https://waitz.io/live/ucsd-rec
[2026-04-09 11:00:04] Saved 4 rows to ucsd_occupancy_history.csv
[2026-04-09 11:00:04] Main Gym Fitness Gym: 51% (Busy) people=37 capacity=72 is_open=True hour_summary=open
[2026-04-09 11:00:04] Outback Climbing Center: 99% (Very Active) people=35 capacity=30 is_open=True hour_summary=open
[2026-04-09 11:00:04] RIMAC Fitness Gym: 73% (Busy) people=109 capacity=150 is_open=True hour_summary=open
[2026-04-09 11:00:04] Triton Esports Center: 39% (Not Busy) people=14 capacity=35 is_open=True hour_summary=open
[2026-04-09 11:00:04] === SCRAPE END OK ===
[2026-04-09 11:15:02] === SCRAPE START ===
[2026-04-09 11:15:02] Fetching https://waitz.io/live/ucsd-rec
[2026-04-09 11:15:03] Saved 4 rows to ucsd_occupancy_history.csv
[2026-04-09 11:15:03] Main Gym Fitness Gym: 41% (Not Busy) people=30 capacity=72 is_open=True hour_summary=open
[2026-04-09 11:15:03] Outback Climbing Center: 80% (Busy) people=24 capacity=30 is_open=True hour_summary=open
[2026-04-09 11:15:03] RIMAC Fitness Gym: 79% (Busy) people=118 capacity=150 is_open=True hour_summary=open
[2026-04-09 11:15:03] Triton Esports Center: 35% (Not Busy) people=12 capacity=35 is_open=True hour_summary=open
[2026-04-09 11:15:03] === SCRAPE END OK ===
[2026-04-09 11:30:02] === SCRAPE START ===
[2026-04-09 11:30:02] Fetching https://waitz.io/live/ucsd-rec
[2026-04-09 11:30:03] Saved 4 rows to ucsd_occupancy_history.csv
[2026-04-09 11:30:03] Main Gym Fitness Gym: 10% (Not Busy) people=7 capacity=72 is_open=True hour_summary=open
[2026-04-09 11:30:03] Outback Climbing Center: 81% (Very Active) people=24 capacity=30 is_open=True hour_summary=open
[2026-04-09 11:30:03] RIMAC Fitness Gym: 87% (Very Active) people=130 capacity=150 is_open=True hour_summary=open
[2026-04-09 11:30:03] Triton Esports Center: 35% (Not Busy) people=12 capacity=35 is_open=True hour_summary=open
[2026-04-09 11:30:03] === SCRAPE END OK ===
[2026-04-09 11:45:02] === SCRAPE START ===
[2026-04-09 11:45:02] Fetching https://waitz.io/live/ucsd-rec
[2026-04-09 11:45:03] Saved 4 rows to ucsd_occupancy_history.csv
[2026-04-09 11:45:03] Main Gym Fitness Gym: 28% (Not Busy) people=21 capacity=72 is_open=True hour_summary=open
[2026-04-09 11:45:03] Outback Climbing Center: 98% (Very Active) people=29 capacity=30 is_open=True hour_summary=open
[2026-04-09 11:45:03] RIMAC Fitness Gym: 99% (Very Active) people=181 capacity=150 is_open=True hour_summary=open
[2026-04-09 11:45:03] Triton Esports Center: 41% (Not Busy) people=14 capacity=35 is_open=True hour_summary=open
[2026-04-09 11:45:03] === SCRAPE END OK ===
[2026-04-09 12:00:02] === SCRAPE START ===
[2026-04-09 12:00:02] Fetching https://waitz.io/live/ucsd-rec
[2026-04-09 12:00:03] Saved 4 rows to ucsd_occupancy_history.csv
[2026-04-09 12:00:03] Main Gym Fitness Gym: 27% (Not Busy) people=19 capacity=72 is_open=True hour_summary=open
[2026-04-09 12:00:03] Outback Climbing Center: 91% (Very Active) people=27 capacity=30 is_open=True hour_summary=open
[2026-04-09 12:00:03] RIMAC Fitness Gym: 88% (Very Active) people=132 capacity=150 is_open=True hour_summary=open
[2026-04-09 12:00:03] Triton Esports Center: 46% (Busy) people=16 capacity=35 is_open=True hour_summary=open
[2026-04-09 12:00:03] === SCRAPE END OK ===
[2026-04-09 12:15:02] === SCRAPE START ===
[2026-04-09 12:15:02] Fetching https://waitz.io/live/ucsd-rec
[2026-04-09 12:15:03] Saved 4 rows to ucsd_occupancy_history.csv
[2026-04-09 12:15:03] Main Gym Fitness Gym: 30% (Not Busy) people=22 capacity=72 is_open=True hour_summary=open
[2026-04-09 12:15:03] Outback Climbing Center: 78% (Busy) people=23 capacity=30 is_open=True hour_summary=open
[2026-04-09 12:15:03] RIMAC Fitness Gym: 82% (Very Active) people=122 capacity=150 is_open=True hour_summary=open
[2026-04-09 12:15:03] Triton Esports Center: 45% (Not Busy) people=16 capacity=35 is_open=True hour_summary=open
[2026-04-09 12:15:03] === SCRAPE END OK ===
[2026-04-09 12:30:02] === SCRAPE START ===
[2026-04-09 12:30:02] Fetching https://waitz.io/live/ucsd-rec
[2026-04-09 12:30:03] Saved 4 rows to ucsd_occupancy_history.csv
[2026-04-09 12:30:03] Main Gym Fitness Gym: 31% (Not Busy) people=22 capacity=72 is_open=True hour_summary=open
[2026-04-09 12:30:03] Outback Climbing Center: 72% (Busy) people=22 capacity=30 is_open=True hour_summary=open
[2026-04-09 12:30:03] RIMAC Fitness Gym: 84% (Very Active) people=126 capacity=150 is_open=True hour_summary=open
[2026-04-09 12:30:03] Triton Esports Center: 57% (Busy) people=20 capacity=35 is_open=True hour_summary=open
[2026-04-09 12:30:03] === SCRAPE END OK ===
[2026-04-09 12:45:02] === SCRAPE START ===
[2026-04-09 12:45:02] Fetching https://waitz.io/live/ucsd-rec
[2026-04-09 12:45:04] Saved 4 rows to ucsd_occupancy_history.csv
[2026-04-09 12:45:04] Main Gym Fitness Gym: 37% (Not Busy) people=26 capacity=72 is_open=True hour_summary=open
[2026-04-09 12:45:04] Outback Climbing Center: 85% (Very Active) people=25 capacity=30 is_open=True hour_summary=open
[2026-04-09 12:45:04] RIMAC Fitness Gym: 95% (Very Active) people=143 capacity=150 is_open=True hour_summary=open
[2026-04-09 12:45:04] Triton Esports Center: 71% (Busy) people=25 capacity=35 is_open=True hour_summary=open
[2026-04-09 12:45:04] === SCRAPE END OK ===
[2026-04-09 13:00:02] === SCRAPE START ===
[2026-04-09 13:00:02] Fetching https://waitz.io/live/ucsd-rec
[2026-04-09 13:00:03] Saved 4 rows to ucsd_occupancy_history.csv
[2026-04-09 13:00:03] Main Gym Fitness Gym: 27% (Not Busy) people=20 capacity=72 is_open=True hour_summary=open
[2026-04-09 13:00:03] Outback Climbing Center: 73% (Busy) people=22 capacity=30 is_open=True hour_summary=open
[2026-04-09 13:00:03] RIMAC Fitness Gym: 87% (Very Active) people=130 capacity=150 is_open=True hour_summary=open
[2026-04-09 13:00:03] Triton Esports Center: 76% (Busy) people=27 capacity=35 is_open=True hour_summary=open
[2026-04-09 13:00:03] === SCRAPE END OK ===
[2026-04-09 13:15:02] === SCRAPE START ===
[2026-04-09 13:15:02] Fetching https://waitz.io/live/ucsd-rec
[2026-04-09 13:15:04] Saved 4 rows to ucsd_occupancy_history.csv
[2026-04-09 13:15:04] Main Gym Fitness Gym: 40% (Not Busy) people=29 capacity=72 is_open=True hour_summary=open
[2026-04-09 13:15:04] Outback Climbing Center: 50% (Busy) people=15 capacity=30 is_open=True hour_summary=open
[2026-04-09 13:15:04] RIMAC Fitness Gym: 70% (Busy) people=105 capacity=150 is_open=True hour_summary=open
[2026-04-09 13:15:04] Triton Esports Center: 77% (Busy) people=27 capacity=35 is_open=True hour_summary=open
[2026-04-09 13:15:04] === SCRAPE END OK ===
[2026-04-09 13:30:02] === SCRAPE START ===
[2026-04-09 13:30:02] Fetching https://waitz.io/live/ucsd-rec
[2026-04-09 13:30:04] Saved 4 rows to ucsd_occupancy_history.csv
[2026-04-09 13:30:04] Main Gym Fitness Gym: 51% (Busy) people=37 capacity=72 is_open=True hour_summary=open
[2026-04-09 13:30:04] Outback Climbing Center: 52% (Busy) people=15 capacity=30 is_open=True hour_summary=open
[2026-04-09 13:30:04] RIMAC Fitness Gym: 66% (Busy) people=100 capacity=150 is_open=True hour_summary=open
[2026-04-09 13:30:04] Triton Esports Center: 56% (Busy) people=20 capacity=35 is_open=True hour_summary=open
[2026-04-09 13:30:04] === SCRAPE END OK ===
[2026-04-09 13:45:02] === SCRAPE START ===
[2026-04-09 13:45:02] Fetching https://waitz.io/live/ucsd-rec
[2026-04-09 13:45:03] Saved 4 rows to ucsd_occupancy_history.csv
[2026-04-09 13:45:03] Main Gym Fitness Gym: 32% (Not Busy) people=23 capacity=72 is_open=True hour_summary=open
[2026-04-09 13:45:03] Outback Climbing Center: 56% (Busy) people=17 capacity=30 is_open=True hour_summary=open
[2026-04-09 13:45:03] RIMAC Fitness Gym: 65% (Busy) people=97 capacity=150 is_open=True hour_summary=open
[2026-04-09 13:45:03] Triton Esports Center: 52% (Busy) people=18 capacity=35 is_open=True hour_summary=open
[2026-04-09 13:45:03] === SCRAPE END OK ===
[2026-04-09 14:00:02] === SCRAPE START ===
[2026-04-09 14:00:02] Fetching https://waitz.io/live/ucsd-rec
[2026-04-09 14:00:03] Saved 4 rows to ucsd_occupancy_history.csv
[2026-04-09 14:00:03] Main Gym Fitness Gym: 56% (Busy) people=40 capacity=72 is_open=True hour_summary=open
[2026-04-09 14:00:03] Outback Climbing Center: 57% (Busy) people=17 capacity=30 is_open=True hour_summary=open
[2026-04-09 14:00:03] RIMAC Fitness Gym: 64% (Busy) people=96 capacity=150 is_open=True hour_summary=open
[2026-04-09 14:00:03] Triton Esports Center: 74% (Busy) people=26 capacity=35 is_open=True hour_summary=open
[2026-04-09 14:00:03] === SCRAPE END OK ===
[2026-04-09 14:15:02] === SCRAPE START ===
[2026-04-09 14:15:02] Fetching https://waitz.io/live/ucsd-rec
[2026-04-09 14:15:04] Saved 4 rows to ucsd_occupancy_history.csv
[2026-04-09 14:15:04] Main Gym Fitness Gym: 58% (Busy) people=42 capacity=72 is_open=True hour_summary=open
[2026-04-09 14:15:04] Outback Climbing Center: 62% (Busy) people=19 capacity=30 is_open=True hour_summary=open
[2026-04-09 14:15:04] RIMAC Fitness Gym: 81% (Very Active) people=122 capacity=150 is_open=True hour_summary=open
[2026-04-09 14:15:04] Triton Esports Center: 60% (Busy) people=21 capacity=35 is_open=True hour_summary=open
[2026-04-09 14:15:04] === SCRAPE END OK ===
[2026-04-09 14:30:02] === SCRAPE START ===
[2026-04-09 14:30:02] Fetching https://waitz.io/live/ucsd-rec
[2026-04-09 14:30:03] Saved 4 rows to ucsd_occupancy_history.csv
[2026-04-09 14:30:03] Main Gym Fitness Gym: 58% (Busy) people=42 capacity=72 is_open=True hour_summary=open
[2026-04-09 14:30:03] Outback Climbing Center: 83% (Very Active) people=25 capacity=30 is_open=True hour_summary=open
[2026-04-09 14:30:03] RIMAC Fitness Gym: 94% (Very Active) people=140 capacity=150 is_open=True hour_summary=open
[2026-04-09 14:30:03] Triton Esports Center: 65% (Busy) people=23 capacity=35 is_open=True hour_summary=open
[2026-04-09 14:30:03] === SCRAPE END OK ===
[2026-04-09 14:45:02] === SCRAPE START ===
[2026-04-09 14:45:02] Fetching https://waitz.io/live/ucsd-rec
[2026-04-09 14:45:03] Saved 4 rows to ucsd_occupancy_history.csv
[2026-04-09 14:45:03] Main Gym Fitness Gym: 27% (Not Busy) people=19 capacity=72 is_open=True hour_summary=open
[2026-04-09 14:45:03] Outback Climbing Center: 99% (Very Active) people=42 capacity=30 is_open=True hour_summary=open
[2026-04-09 14:45:03] RIMAC Fitness Gym: 87% (Very Active) people=130 capacity=150 is_open=True hour_summary=open
[2026-04-09 14:45:03] Triton Esports Center: 74% (Busy) people=26 capacity=35 is_open=True hour_summary=open
[2026-04-09 14:45:03] === SCRAPE END OK ===
[2026-04-09 15:00:02] === SCRAPE START ===
[2026-04-09 15:00:02] Fetching https://waitz.io/live/ucsd-rec
[2026-04-09 15:00:04] Saved 4 rows to ucsd_occupancy_history.csv
[2026-04-09 15:00:04] Main Gym Fitness Gym: 35% (Not Busy) people=25 capacity=72 is_open=True hour_summary=open
[2026-04-09 15:00:04] Outback Climbing Center: 99% (Very Active) people=56 capacity=30 is_open=True hour_summary=open
[2026-04-09 15:00:04] RIMAC Fitness Gym: 81% (Very Active) people=122 capacity=150 is_open=True hour_summary=open
[2026-04-09 15:00:04] Triton Esports Center: 66% (Busy) people=23 capacity=35 is_open=True hour_summary=open
[2026-04-09 15:00:04] === SCRAPE END OK ===
[2026-04-09 15:15:02] === SCRAPE START ===
[2026-04-09 15:15:02] Fetching https://waitz.io/live/ucsd-rec
[2026-04-09 15:15:03] Saved 4 rows to ucsd_occupancy_history.csv
[2026-04-09 15:15:03] Main Gym Fitness Gym: 90% (Very Active) people=65 capacity=72 is_open=True hour_summary=open
[2026-04-09 15:15:03] Outback Climbing Center: 99% (Very Active) people=57 capacity=30 is_open=True hour_summary=open
[2026-04-09 15:15:03] RIMAC Fitness Gym: 85% (Very Active) people=127 capacity=150 is_open=True hour_summary=open
[2026-04-09 15:15:03] Triton Esports Center: 55% (Busy) people=19 capacity=35 is_open=True hour_summary=open
[2026-04-09 15:15:03] === SCRAPE END OK ===
[2026-04-09 15:30:02] === SCRAPE START ===
[2026-04-09 15:30:02] Fetching https://waitz.io/live/ucsd-rec
[2026-04-09 15:30:04] Saved 4 rows to ucsd_occupancy_history.csv
[2026-04-09 15:30:04] Main Gym Fitness Gym: 53% (Busy) people=38 capacity=72 is_open=True hour_summary=open
[2026-04-09 15:30:04] Outback Climbing Center: 99% (Very Active) people=39 capacity=30 is_open=True hour_summary=open
[2026-04-09 15:30:04] RIMAC Fitness Gym: 80% (Busy) people=120 capacity=150 is_open=True hour_summary=open
[2026-04-09 15:30:04] Triton Esports Center: 52% (Busy) people=18 capacity=35 is_open=True hour_summary=open
[2026-04-09 15:30:04] === SCRAPE END OK ===
[2026-04-09 15:45:02] === SCRAPE START ===
[2026-04-09 15:45:02] Fetching https://waitz.io/live/ucsd-rec
[2026-04-09 15:45:03] Saved 4 rows to ucsd_occupancy_history.csv
[2026-04-09 15:45:03] Main Gym Fitness Gym: 39% (Not Busy) people=28 capacity=72 is_open=True hour_summary=open
[2026-04-09 15:45:03] Outback Climbing Center: 99% (Very Active) people=34 capacity=30 is_open=True hour_summary=open
[2026-04-09 15:45:03] RIMAC Fitness Gym: 96% (Very Active) people=144 capacity=150 is_open=True hour_summary=open
[2026-04-09 15:45:03] Triton Esports Center: 61% (Busy) people=21 capacity=35 is_open=True hour_summary=open
[2026-04-09 15:45:03] === SCRAPE END OK ===
[2026-04-09 16:00:02] === SCRAPE START ===
[2026-04-09 16:00:02] Fetching https://waitz.io/live/ucsd-rec
[2026-04-09 16:00:03] Saved 4 rows to ucsd_occupancy_history.csv
[2026-04-09 16:00:03] Main Gym Fitness Gym: 64% (Busy) people=46 capacity=72 is_open=True hour_summary=open
[2026-04-09 16:00:03] Outback Climbing Center: 99% (Very Active) people=51 capacity=30 is_open=True hour_summary=open
[2026-04-09 16:00:03] RIMAC Fitness Gym: 99% (Very Active) people=166 capacity=150 is_open=True hour_summary=open
[2026-04-09 16:00:03] Triton Esports Center: 69% (Busy) people=24 capacity=35 is_open=True hour_summary=open
[2026-04-09 16:00:03] === SCRAPE END OK ===
[2026-04-09 16:15:02] === SCRAPE START ===
[2026-04-09 16:15:02] Fetching https://waitz.io/live/ucsd-rec
[2026-04-09 16:15:03] Saved 4 rows to ucsd_occupancy_history.csv
[2026-04-09 16:15:03] Main Gym Fitness Gym: 23% (Not Busy) people=16 capacity=72 is_open=True hour_summary=open
[2026-04-09 16:15:03] Outback Climbing Center: 99% (Very Active) people=55 capacity=30 is_open=True hour_summary=open
[2026-04-09 16:15:03] RIMAC Fitness Gym: 99% (Very Active) people=160 capacity=150 is_open=True hour_summary=open
[2026-04-09 16:15:03] Triton Esports Center: 68% (Busy) people=24 capacity=35 is_open=True hour_summary=open
[2026-04-09 16:15:03] === SCRAPE END OK ===
[2026-04-09 16:16:44] === SCRAPE START ===
[2026-04-09 16:16:44] Fetching https://waitz.io/live/ucsd-rec
[2026-04-09 16:16:45] Saved 4 rows to ucsd_occupancy_history.csv
[2026-04-09 16:16:45] Main Gym Fitness Gym: 25% (Not Busy) people=18 capacity=72 is_open=True hour_summary=open
[2026-04-09 16:16:45] Outback Climbing Center: 99% (Very Active) people=55 capacity=30 is_open=True hour_summary=open
[2026-04-09 16:16:45] RIMAC Fitness Gym: 99% (Very Active) people=168 capacity=150 is_open=True hour_summary=open
[2026-04-09 16:16:45] Triton Esports Center: 63% (Busy) people=22 capacity=35 is_open=True hour_summary=open
[2026-04-09 16:16:45] === SCRAPE END OK ===
[2026-04-09 16:30:02] === SCRAPE START ===
[2026-04-09 16:30:02] Fetching https://waitz.io/live/ucsd-rec
[2026-04-09 16:30:03] Saved 4 rows to ucsd_occupancy_history.csv
[2026-04-09 16:30:03] Main Gym Fitness Gym: 43% (Not Busy) people=31 capacity=72 is_open=True hour_summary=open
[2026-04-09 16:30:03] Outback Climbing Center: 99% (Very Active) people=64 capacity=30 is_open=True hour_summary=open
[2026-04-09 16:30:03] RIMAC Fitness Gym: 99% (Very Active) people=155 capacity=150 is_open=True hour_summary=open
[2026-04-09 16:30:03] Triton Esports Center: 60% (Busy) people=21 capacity=35 is_open=True hour_summary=open
[2026-04-09 16:30:03] === SCRAPE END OK ===
[2026-04-09 16:45:02] === SCRAPE START ===
[2026-04-09 16:45:02] Fetching https://waitz.io/live/ucsd-rec
[2026-04-09 16:45:03] Saved 4 rows to ucsd_occupancy_history.csv
[2026-04-09 16:45:03] Main Gym Fitness Gym: 57% (Busy) people=41 capacity=72 is_open=True hour_summary=open
[2026-04-09 16:45:03] Outback Climbing Center: 99% (Very Active) people=52 capacity=30 is_open=True hour_summary=open
[2026-04-09 16:45:03] RIMAC Fitness Gym: 97% (Very Active) people=145 capacity=150 is_open=True hour_summary=open
[2026-04-09 16:45:03] Triton Esports Center: 47% (Busy) people=17 capacity=35 is_open=True hour_summary=open
[2026-04-09 16:45:03] === SCRAPE END OK ===
[2026-04-09 17:00:02] === SCRAPE START ===
[2026-04-09 17:00:02] Fetching https://waitz.io/live/ucsd-rec
[2026-04-09 17:00:03] Saved 4 rows to ucsd_occupancy_history.csv
[2026-04-09 17:00:03] Main Gym Fitness Gym: 46% (Busy) people=33 capacity=72 is_open=True hour_summary=open
[2026-04-09 17:00:03] Outback Climbing Center: 99% (Very Active) people=46 capacity=30 is_open=True hour_summary=open
[2026-04-09 17:00:03] RIMAC Fitness Gym: 92% (Very Active) people=138 capacity=150 is_open=True hour_summary=open
[2026-04-09 17:00:03] Triton Esports Center: 38% (Not Busy) people=13 capacity=35 is_open=True hour_summary=open
[2026-04-09 17:00:03] === SCRAPE END OK ===
[2026-04-09 17:15:02] === SCRAPE START ===
[2026-04-09 17:15:02] Fetching https://waitz.io/live/ucsd-rec
[2026-04-09 17:15:03] Saved 4 rows to ucsd_occupancy_history.csv
[2026-04-09 17:15:03] Main Gym Fitness Gym: 28% (Not Busy) people=20 capacity=72 is_open=True hour_summary=open
[2026-04-09 17:15:03] Outback Climbing Center: 99% (Very Active) people=52 capacity=30 is_open=True hour_summary=open
[2026-04-09 17:15:03] RIMAC Fitness Gym: 93% (Very Active) people=140 capacity=150 is_open=True hour_summary=open
[2026-04-09 17:15:03] Triton Esports Center: 40% (Not Busy) people=14 capacity=35 is_open=True hour_summary=open
[2026-04-09 17:15:03] === SCRAPE END OK ===
[2026-04-09 17:30:02] === SCRAPE START ===
[2026-04-09 17:30:02] Fetching https://waitz.io/live/ucsd-rec
[2026-04-09 17:30:03] Saved 4 rows to ucsd_occupancy_history.csv
[2026-04-09 17:30:03] Main Gym Fitness Gym: 35% (Not Busy) people=25 capacity=72 is_open=True hour_summary=open
[2026-04-09 17:30:03] Outback Climbing Center: 99% (Very Active) people=53 capacity=30 is_open=True hour_summary=open
[2026-04-09 17:30:03] RIMAC Fitness Gym: 87% (Very Active) people=131 capacity=150 is_open=True hour_summary=open
[2026-04-09 17:30:03] Triton Esports Center: 35% (Not Busy) people=12 capacity=35 is_open=True hour_summary=open
[2026-04-09 17:30:03] === SCRAPE END OK ===
[2026-04-09 17:45:02] === SCRAPE START ===
[2026-04-09 17:45:02] Fetching https://waitz.io/live/ucsd-rec
[2026-04-09 17:45:04] Saved 4 rows to ucsd_occupancy_history.csv
[2026-04-09 17:45:04] Main Gym Fitness Gym: 76% (Busy) people=55 capacity=72 is_open=True hour_summary=open
[2026-04-09 17:45:04] Outback Climbing Center: 99% (Very Active) people=50 capacity=30 is_open=True hour_summary=open
[2026-04-09 17:45:04] RIMAC Fitness Gym: 94% (Very Active) people=141 capacity=150 is_open=True hour_summary=open
[2026-04-09 17:45:04] Triton Esports Center: 33% (Not Busy) people=12 capacity=35 is_open=True hour_summary=open
[2026-04-09 17:45:04] === SCRAPE END OK ===
[2026-04-09 18:00:02] === SCRAPE START ===
[2026-04-09 18:00:02] Fetching https://waitz.io/live/ucsd-rec
[2026-04-09 18:00:03] Saved 4 rows to ucsd_occupancy_history.csv
[2026-04-09 18:00:03] Main Gym Fitness Gym: 44% (Not Busy) people=32 capacity=72 is_open=True hour_summary=open
[2026-04-09 18:00:03] Outback Climbing Center: 99% (Very Active) people=71 capacity=30 is_open=True hour_summary=open
[2026-04-09 18:00:03] RIMAC Fitness Gym: 91% (Very Active) people=136 capacity=150 is_open=True hour_summary=open
[2026-04-09 18:00:03] Triton Esports Center: 27% (Not Busy) people=9 capacity=35 is_open=True hour_summary=open
[2026-04-09 18:00:03] === SCRAPE END OK ===
[2026-04-09 18:15:03] === SCRAPE START ===
[2026-04-09 18:15:03] Fetching https://waitz.io/live/ucsd-rec
[2026-04-09 18:15:03] Saved 4 rows to ucsd_occupancy_history.csv
[2026-04-09 18:15:03] Main Gym Fitness Gym: 53% (Busy) people=38 capacity=72 is_open=True hour_summary=open
[2026-04-09 18:15:03] Outback Climbing Center: 99% (Very Active) people=69 capacity=30 is_open=True hour_summary=open
[2026-04-09 18:15:03] RIMAC Fitness Gym: 83% (Very Active) people=124 capacity=150 is_open=True hour_summary=open
[2026-04-09 18:15:03] Triton Esports Center: 31% (Not Busy) people=11 capacity=35 is_open=True hour_summary=open
[2026-04-09 18:15:03] === SCRAPE END OK ===
[2026-04-09 18:30:02] === SCRAPE START ===
[2026-04-09 18:30:02] Fetching https://waitz.io/live/ucsd-rec
[2026-04-09 18:30:03] Saved 4 rows to ucsd_occupancy_history.csv
[2026-04-09 18:30:03] Main Gym Fitness Gym: 54% (Busy) people=39 capacity=72 is_open=True hour_summary=open
[2026-04-09 18:30:03] Outback Climbing Center: 99% (Very Active) people=67 capacity=30 is_open=True hour_summary=open
[2026-04-09 18:30:03] RIMAC Fitness Gym: 88% (Very Active) people=132 capacity=150 is_open=True hour_summary=open
[2026-04-09 18:30:03] Triton Esports Center: 42% (Not Busy) people=15 capacity=35 is_open=True hour_summary=open
[2026-04-09 18:30:03] === SCRAPE END OK ===
[2026-04-09 18:45:02] === SCRAPE START ===
[2026-04-09 18:45:02] Fetching https://waitz.io/live/ucsd-rec
[2026-04-09 18:45:03] Saved 4 rows to ucsd_occupancy_history.csv
[2026-04-09 18:45:03] Main Gym Fitness Gym: 49% (Busy) people=35 capacity=72 is_open=True hour_summary=open
[2026-04-09 18:45:03] Outback Climbing Center: 99% (Very Active) people=61 capacity=30 is_open=True hour_summary=open
[2026-04-09 18:45:03] RIMAC Fitness Gym: 86% (Very Active) people=130 capacity=150 is_open=True hour_summary=open
[2026-04-09 18:45:03] Triton Esports Center: 48% (Busy) people=17 capacity=35 is_open=True hour_summary=open
[2026-04-09 18:45:03] === SCRAPE END OK ===
[2026-04-09 19:00:02] === SCRAPE START ===
[2026-04-09 19:00:02] Fetching https://waitz.io/live/ucsd-rec
[2026-04-09 19:00:03] Saved 4 rows to ucsd_occupancy_history.csv
[2026-04-09 19:00:03] Main Gym Fitness Gym: 44% (Not Busy) people=32 capacity=72 is_open=True hour_summary=open
[2026-04-09 19:00:03] Outback Climbing Center: 99% (Very Active) people=64 capacity=30 is_open=True hour_summary=open
[2026-04-09 19:00:03] RIMAC Fitness Gym: 88% (Very Active) people=132 capacity=150 is_open=True hour_summary=open
[2026-04-09 19:00:03] Triton Esports Center: 47% (Busy) people=17 capacity=35 is_open=True hour_summary=open
[2026-04-09 19:00:03] === SCRAPE END OK ===
[2026-04-09 19:15:02] === SCRAPE START ===
[2026-04-09 19:15:02] Fetching https://waitz.io/live/ucsd-rec
[2026-04-09 19:15:03] Saved 4 rows to ucsd_occupancy_history.csv
[2026-04-09 19:15:03] Main Gym Fitness Gym: 43% (Not Busy) people=31 capacity=72 is_open=True hour_summary=open
[2026-04-09 19:15:03] Outback Climbing Center: 99% (Very Active) people=65 capacity=30 is_open=True hour_summary=open
[2026-04-09 19:15:03] RIMAC Fitness Gym: 79% (Busy) people=118 capacity=150 is_open=True hour_summary=open
[2026-04-09 19:15:03] Triton Esports Center: 44% (Not Busy) people=15 capacity=35 is_open=True hour_summary=open
[2026-04-09 19:15:03] === SCRAPE END OK ===
[2026-04-09 19:30:02] === SCRAPE START ===
[2026-04-09 19:30:02] Fetching https://waitz.io/live/ucsd-rec
[2026-04-09 19:30:03] Saved 4 rows to ucsd_occupancy_history.csv
[2026-04-09 19:30:03] Main Gym Fitness Gym: 55% (Busy) people=39 capacity=72 is_open=True hour_summary=open
[2026-04-09 19:30:03] Outback Climbing Center: 99% (Very Active) people=43 capacity=30 is_open=True hour_summary=open
[2026-04-09 19:30:03] RIMAC Fitness Gym: 77% (Busy) people=116 capacity=150 is_open=True hour_summary=open
[2026-04-09 19:30:03] Triton Esports Center: 44% (Not Busy) people=15 capacity=35 is_open=True hour_summary=open
[2026-04-09 19:30:03] === SCRAPE END OK ===
[2026-04-09 19:45:02] === SCRAPE START ===
[2026-04-09 19:45:02] Fetching https://waitz.io/live/ucsd-rec
[2026-04-09 19:45:03] Saved 4 rows to ucsd_occupancy_history.csv
[2026-04-09 19:45:03] Main Gym Fitness Gym: 45% (Not Busy) people=32 capacity=72 is_open=True hour_summary=open
[2026-04-09 19:45:03] Outback Climbing Center: 99% (Very Active) people=37 capacity=30 is_open=True hour_summary=open
[2026-04-09 19:45:03] RIMAC Fitness Gym: 99% (Very Active) people=173 capacity=150 is_open=True hour_summary=open
[2026-04-09 19:45:03] Triton Esports Center: 49% (Busy) people=17 capacity=35 is_open=True hour_summary=open
[2026-04-09 19:45:03] === SCRAPE END OK ===
[2026-04-09 20:00:02] === SCRAPE START ===
[2026-04-09 20:00:02] Fetching https://waitz.io/live/ucsd-rec
[2026-04-09 20:00:04] Saved 4 rows to ucsd_occupancy_history.csv
[2026-04-09 20:00:04] Main Gym Fitness Gym: 18% (Not Busy) people=13 capacity=72 is_open=True hour_summary=open
[2026-04-09 20:00:04] Outback Climbing Center: 99% (Very Active) people=40 capacity=30 is_open=True hour_summary=open
[2026-04-09 20:00:04] RIMAC Fitness Gym: 80% (Busy) people=120 capacity=150 is_open=True hour_summary=open
[2026-04-09 20:00:04] Triton Esports Center: 55% (Busy) people=19 capacity=35 is_open=True hour_summary=open
[2026-04-09 20:00:04] === SCRAPE END OK ===
[2026-04-09 20:15:02] === SCRAPE START ===
[2026-04-09 20:15:02] Fetching https://waitz.io/live/ucsd-rec
[2026-04-09 20:15:03] Saved 4 rows to ucsd_occupancy_history.csv
[2026-04-09 20:15:03] Main Gym Fitness Gym: 33% (Not Busy) people=24 capacity=72 is_open=True hour_summary=open
[2026-04-09 20:15:03] Outback Climbing Center: 99% (Very Active) people=55 capacity=30 is_open=True hour_summary=open
[2026-04-09 20:15:03] RIMAC Fitness Gym: 83% (Very Active) people=125 capacity=150 is_open=True hour_summary=open
[2026-04-09 20:15:03] Triton Esports Center: 41% (Not Busy) people=14 capacity=35 is_open=True hour_summary=open
[2026-04-09 20:15:03] === SCRAPE END OK ===
[2026-04-09 20:30:02] === SCRAPE START ===
[2026-04-09 20:30:02] Fetching https://waitz.io/live/ucsd-rec
[2026-04-09 20:30:03] Saved 4 rows to ucsd_occupancy_history.csv
[2026-04-09 20:30:03] Main Gym Fitness Gym: 46% (Busy) people=33 capacity=72 is_open=True hour_summary=open
[2026-04-09 20:30:03] Outback Climbing Center: 99% (Very Active) people=41 capacity=30 is_open=True hour_summary=open
[2026-04-09 20:30:03] RIMAC Fitness Gym: 79% (Busy) people=119 capacity=150 is_open=True hour_summary=open
[2026-04-09 20:30:03] Triton Esports Center: 42% (Not Busy) people=15 capacity=35 is_open=True hour_summary=open
[2026-04-09 20:30:03] === SCRAPE END OK ===
[2026-04-09 20:45:02] === SCRAPE START ===
[2026-04-09 20:45:02] Fetching https://waitz.io/live/ucsd-rec
[2026-04-09 20:45:03] Saved 4 rows to ucsd_occupancy_history.csv
[2026-04-09 20:45:03] Main Gym Fitness Gym: 37% (Not Busy) people=27 capacity=72 is_open=True hour_summary=open
[2026-04-09 20:45:03] Outback Climbing Center: 99% (Very Active) people=40 capacity=30 is_open=True hour_summary=open
[2026-04-09 20:45:03] RIMAC Fitness Gym: 75% (Busy) people=112 capacity=150 is_open=True hour_summary=open
[2026-04-09 20:45:03] Triton Esports Center: 36% (Not Busy) people=13 capacity=35 is_open=True hour_summary=open
[2026-04-09 20:45:03] === SCRAPE END OK ===
[2026-04-09 21:00:02] === SCRAPE START ===
[2026-04-09 21:00:02] Fetching https://waitz.io/live/ucsd-rec
[2026-04-09 21:00:03] Saved 4 rows to ucsd_occupancy_history.csv
[2026-04-09 21:00:03] Main Gym Fitness Gym: 51% (Busy) people=37 capacity=72 is_open=True hour_summary=open
[2026-04-09 21:00:03] Outback Climbing Center: 99% (Very Active) people=47 capacity=30 is_open=True hour_summary=open
[2026-04-09 21:00:03] RIMAC Fitness Gym: 84% (Very Active) people=127 capacity=150 is_open=True hour_summary=open
[2026-04-09 21:00:03] Triton Esports Center: 32% (Not Busy) people=11 capacity=35 is_open=True hour_summary=open
[2026-04-09 21:00:03] === SCRAPE END OK ===
[2026-04-09 21:15:02] === SCRAPE START ===
[2026-04-09 21:15:02] Fetching https://waitz.io/live/ucsd-rec
[2026-04-09 21:15:04] Saved 4 rows to ucsd_occupancy_history.csv
[2026-04-09 21:15:04] Main Gym Fitness Gym: 41% (Not Busy) people=29 capacity=72 is_open=True hour_summary=open
[2026-04-09 21:15:04] Outback Climbing Center: 99% (Very Active) people=49 capacity=30 is_open=True hour_summary=open
[2026-04-09 21:15:04] RIMAC Fitness Gym: 86% (Very Active) people=129 capacity=150 is_open=True hour_summary=open
[2026-04-09 21:15:04] Triton Esports Center: 31% (Not Busy) people=11 capacity=35 is_open=True hour_summary=open
[2026-04-09 21:15:04] === SCRAPE END OK ===
[2026-04-09 21:30:03] === SCRAPE START ===
[2026-04-09 21:30:03] Fetching https://waitz.io/live/ucsd-rec
[2026-04-09 21:30:05] Saved 4 rows to ucsd_occupancy_history.csv
[2026-04-09 21:30:05] Main Gym Fitness Gym: 30% (Not Busy) people=22 capacity=72 is_open=True hour_summary=open
[2026-04-09 21:30:05] Outback Climbing Center: 99% (Very Active) people=39 capacity=30 is_open=True hour_summary=open
[2026-04-09 21:30:05] RIMAC Fitness Gym: 90% (Very Active) people=136 capacity=150 is_open=True hour_summary=open
[2026-04-09 21:30:05] Triton Esports Center: 33% (Not Busy) people=12 capacity=35 is_open=True hour_summary=open
[2026-04-09 21:30:05] === SCRAPE END OK ===
[2026-04-09 21:45:02] === SCRAPE START ===
[2026-04-09 21:45:02] Fetching https://waitz.io/live/ucsd-rec
[2026-04-09 21:45:03] Saved 4 rows to ucsd_occupancy_history.csv
[2026-04-09 21:45:03] Main Gym Fitness Gym: 40% (Not Busy) people=29 capacity=72 is_open=True hour_summary=open
[2026-04-09 21:45:03] Outback Climbing Center: 99% (Very Active) people=39 capacity=30 is_open=True hour_summary=open
[2026-04-09 21:45:03] RIMAC Fitness Gym: 99% (Very Active) people=152 capacity=150 is_open=True hour_summary=open
[2026-04-09 21:45:03] Triton Esports Center: 30% (Not Busy) people=11 capacity=35 is_open=True hour_summary=open
[2026-04-09 21:45:03] === SCRAPE END OK ===
[2026-04-09 22:00:02] === SCRAPE START ===
[2026-04-09 22:00:02] Fetching https://waitz.io/live/ucsd-rec
[2026-04-09 22:00:04] Saved 4 rows to ucsd_occupancy_history.csv
[2026-04-09 22:00:04] Main Gym Fitness Gym: 36% (Not Busy) people=26 capacity=72 is_open=True hour_summary=open
[2026-04-09 22:00:04] Outback Climbing Center: 99% (Closed) people=30 capacity=30 is_open=False hour_summary=Closed until 10:00am
[2026-04-09 22:00:04] RIMAC Fitness Gym: 96% (Very Active) people=144 capacity=150 is_open=True hour_summary=open
[2026-04-09 22:00:04] Triton Esports Center: 27% (Closed) people=10 capacity=35 is_open=False hour_summary=Closed until 7:30am
[2026-04-09 22:00:04] === SCRAPE END OK ===
[2026-04-09 22:15:02] === SCRAPE START ===
[2026-04-09 22:15:02] Fetching https://waitz.io/live/ucsd-rec
[2026-04-09 22:15:03] Saved 4 rows to ucsd_occupancy_history.csv
[2026-04-09 22:15:03] Main Gym Fitness Gym: 34% (Not Busy) people=25 capacity=72 is_open=True hour_summary=open
[2026-04-09 22:15:03] Outback Climbing Center: 0% (Closed) people=0 capacity=30 is_open=False hour_summary=Closed until 10:00am
[2026-04-09 22:15:03] RIMAC Fitness Gym: 86% (Very Active) people=128 capacity=150 is_open=True hour_summary=open
[2026-04-09 22:15:03] Triton Esports Center: 0% (Closed) people=0 capacity=35 is_open=False hour_summary=Closed until 7:30am
[2026-04-09 22:15:03] === SCRAPE END OK ===
[2026-04-09 22:30:02] === SCRAPE START ===
[2026-04-09 22:30:02] Fetching https://waitz.io/live/ucsd-rec
[2026-04-09 22:30:03] Saved 4 rows to ucsd_occupancy_history.csv
[2026-04-09 22:30:03] Main Gym Fitness Gym: 43% (Not Busy) people=31 capacity=72 is_open=True hour_summary=open
[2026-04-09 22:30:03] Outback Climbing Center: 0% (Closed) people=0 capacity=30 is_open=False hour_summary=Closed until 10:00am
[2026-04-09 22:30:03] RIMAC Fitness Gym: 82% (Very Active) people=123 capacity=150 is_open=True hour_summary=open
[2026-04-09 22:30:03] Triton Esports Center: 0% (Closed) people=0 capacity=35 is_open=False hour_summary=Closed until 7:30am
[2026-04-09 22:30:03] === SCRAPE END OK ===
[2026-04-09 22:45:02] === SCRAPE START ===
[2026-04-09 22:45:02] Fetching https://waitz.io/live/ucsd-rec
[2026-04-09 22:45:03] Saved 4 rows to ucsd_occupancy_history.csv
[2026-04-09 22:45:03] Main Gym Fitness Gym: 14% (Not Busy) people=10 capacity=72 is_open=True hour_summary=open
[2026-04-09 22:45:03] Outback Climbing Center: 0% (Closed) people=0 capacity=30 is_open=False hour_summary=Closed until 10:00am
[2026-04-09 22:45:03] RIMAC Fitness Gym: 60% (Busy) people=90 capacity=150 is_open=True hour_summary=open
[2026-04-09 22:45:03] Triton Esports Center: 0% (Closed) people=0 capacity=35 is_open=False hour_summary=Closed until 7:30am
[2026-04-09 22:45:03] === SCRAPE END OK ===
[2026-04-09 23:00:02] === SCRAPE START ===
[2026-04-09 23:00:02] Fetching https://waitz.io/live/ucsd-rec
[2026-04-09 23:00:05] Saved 4 rows to ucsd_occupancy_history.csv
[2026-04-09 23:00:05] Main Gym Fitness Gym: 11% (Closed) people=8 capacity=72 is_open=False hour_summary=Closed until 6:00am
[2026-04-09 23:00:05] Outback Climbing Center: 0% (Closed) people=0 capacity=30 is_open=False hour_summary=Closed until 10:00am
[2026-04-09 23:00:05] RIMAC Fitness Gym: 26% (Closed) people=39 capacity=150 is_open=False hour_summary=Closed until 6:00am
[2026-04-09 23:00:05] Triton Esports Center: 0% (Closed) people=0 capacity=35 is_open=False hour_summary=Closed until 7:30am
[2026-04-09 23:00:05] === SCRAPE END OK ===
[2026-04-09 23:15:02] === SCRAPE START ===
[2026-04-09 23:15:02] Fetching https://waitz.io/live/ucsd-rec
[2026-04-09 23:15:03] Saved 4 rows to ucsd_occupancy_history.csv
[2026-04-09 23:15:03] Main Gym Fitness Gym: 2% (Closed) people=2 capacity=72 is_open=False hour_summary=Closed until 6:00am
[2026-04-09 23:15:03] Outback Climbing Center: 0% (Closed) people=0 capacity=30 is_open=False hour_summary=Closed until 10:00am
[2026-04-09 23:15:03] RIMAC Fitness Gym: 1% (Closed) people=2 capacity=150 is_open=False hour_summary=Closed until 6:00am
[2026-04-09 23:15:03] Triton Esports Center: 0% (Closed) people=0 capacity=35 is_open=False hour_summary=Closed until 7:30am
[2026-04-09 23:15:03] === SCRAPE END OK ===
[2026-04-09 23:30:02] === SCRAPE START ===
[2026-04-09 23:30:02] Fetching https://waitz.io/live/ucsd-rec
[2026-04-09 23:30:03] Saved 4 rows to ucsd_occupancy_history.csv
[2026-04-09 23:30:03] Main Gym Fitness Gym: 2% (Closed) people=1 capacity=72 is_open=False hour_summary=Closed until 6:00am
[2026-04-09 23:30:03] Outback Climbing Center: 0% (Closed) people=0 capacity=30 is_open=False hour_summary=Closed until 10:00am
[2026-04-09 23:30:03] RIMAC Fitness Gym: 1% (Closed) people=2 capacity=150 is_open=False hour_summary=Closed until 6:00am
[2026-04-09 23:30:03] Triton Esports Center: 0% (Closed) people=0 capacity=35 is_open=False hour_summary=Closed until 7:30am
[2026-04-09 23:30:03] === SCRAPE END OK ===
