[2026-05-10 00:00:01] === SCRAPE START ===
[2026-05-10 00:00:01] Fetching https://waitz.io/live/ucsd-rec
[2026-05-10 00:00:02] Saved 4 rows to ucsd_occupancy_history.csv
[2026-05-10 00:00:02] Main Gym Fitness Gym: 2% (Closed) people=1 capacity=72 is_open=False hour_summary=Closed until 8:00am
[2026-05-10 00:00:02] Outback Climbing Center: 0% (Closed) people=0 capacity=30 is_open=False hour_summary=Closed until 4:00pm
[2026-05-10 00:00:02] RIMAC Fitness Gym: 0% (Closed) people=0 capacity=150 is_open=False hour_summary=Closed until 8:00am
[2026-05-10 00:00:02] Triton Esports Center: 0% (Closed) people=0 capacity=35 is_open=False hour_summary=Closed until 11:00am
[2026-05-10 00:00:02] === SCRAPE END OK ===
[2026-05-10 00:15:02] === SCRAPE START ===
[2026-05-10 00:15:02] Fetching https://waitz.io/live/ucsd-rec
[2026-05-10 00:15:03] Saved 4 rows to ucsd_occupancy_history.csv
[2026-05-10 00:15:03] Main Gym Fitness Gym: 1% (Closed) people=1 capacity=72 is_open=False hour_summary=Closed until 8:00am
[2026-05-10 00:15:03] Outback Climbing Center: 0% (Closed) people=0 capacity=30 is_open=False hour_summary=Closed until 4:00pm
[2026-05-10 00:15:03] RIMAC Fitness Gym: 0% (Closed) people=0 capacity=150 is_open=False hour_summary=Closed until 8:00am
[2026-05-10 00:15:03] Triton Esports Center: 0% (Closed) people=0 capacity=35 is_open=False hour_summary=Closed until 11:00am
[2026-05-10 00:15:03] === SCRAPE END OK ===
[2026-05-10 00:30:02] === SCRAPE START ===
[2026-05-10 00:30:02] Fetching https://waitz.io/live/ucsd-rec
[2026-05-10 00:30:04] Saved 4 rows to ucsd_occupancy_history.csv
[2026-05-10 00:30:04] Main Gym Fitness Gym: 1% (Closed) people=1 capacity=72 is_open=False hour_summary=Closed until 8:00am
[2026-05-10 00:30:04] Outback Climbing Center: 0% (Closed) people=0 capacity=30 is_open=False hour_summary=Closed until 4:00pm
[2026-05-10 00:30:04] RIMAC Fitness Gym: 0% (Closed) people=0 capacity=150 is_open=False hour_summary=Closed until 8:00am
[2026-05-10 00:30:04] Triton Esports Center: 0% (Closed) people=0 capacity=35 is_open=False hour_summary=Closed until 11:00am
[2026-05-10 00:30:04] === SCRAPE END OK ===
[2026-05-10 00:45:02] === SCRAPE START ===
[2026-05-10 00:45:02] Fetching https://waitz.io/live/ucsd-rec
[2026-05-10 00:45:03] Saved 4 rows to ucsd_occupancy_history.csv
[2026-05-10 00:45:03] Main Gym Fitness Gym: 1% (Closed) people=1 capacity=72 is_open=False hour_summary=Closed until 8:00am
[2026-05-10 00:45:03] Outback Climbing Center: 0% (Closed) people=0 capacity=30 is_open=False hour_summary=Closed until 4:00pm
[2026-05-10 00:45:03] RIMAC Fitness Gym: 0% (Closed) people=0 capacity=150 is_open=False hour_summary=Closed until 8:00am
[2026-05-10 00:45:03] Triton Esports Center: 0% (Closed) people=0 capacity=35 is_open=False hour_summary=Closed until 11:00am
[2026-05-10 00:45:03] === SCRAPE END OK ===
[2026-05-10 01:00:02] === SCRAPE START ===
[2026-05-10 01:00:02] Fetching https://waitz.io/live/ucsd-rec
[2026-05-10 01:00:04] Saved 4 rows to ucsd_occupancy_history.csv
[2026-05-10 01:00:04] Main Gym Fitness Gym: 1% (Closed) people=1 capacity=72 is_open=False hour_summary=Closed until 8:00am
[2026-05-10 01:00:04] Outback Climbing Center: 0% (Closed) people=0 capacity=30 is_open=False hour_summary=Closed until 4:00pm
[2026-05-10 01:00:04] RIMAC Fitness Gym: 0% (Closed) people=1 capacity=150 is_open=False hour_summary=Closed until 8:00am
[2026-05-10 01:00:04] Triton Esports Center: 0% (Closed) people=0 capacity=35 is_open=False hour_summary=Closed until 11:00am
[2026-05-10 01:00:04] === SCRAPE END OK ===
[2026-05-10 01:15:02] === SCRAPE START ===
[2026-05-10 01:15:02] Fetching https://waitz.io/live/ucsd-rec
[2026-05-10 01:15:03] Saved 4 rows to ucsd_occupancy_history.csv
[2026-05-10 01:15:03] Main Gym Fitness Gym: 1% (Closed) people=1 capacity=72 is_open=False hour_summary=Closed until 8:00am
[2026-05-10 01:15:03] Outback Climbing Center: 0% (Closed) people=0 capacity=30 is_open=False hour_summary=Closed until 4:00pm
[2026-05-10 01:15:03] RIMAC Fitness Gym: 0% (Closed) people=0 capacity=150 is_open=False hour_summary=Closed until 8:00am
[2026-05-10 01:15:03] Triton Esports Center: 0% (Closed) people=0 capacity=35 is_open=False hour_summary=Closed until 11:00am
[2026-05-10 01:15:03] === SCRAPE END OK ===
[2026-05-10 01:30:02] === SCRAPE START ===
[2026-05-10 01:30:02] Fetching https://waitz.io/live/ucsd-rec
[2026-05-10 01:30:03] Saved 4 rows to ucsd_occupancy_history.csv
[2026-05-10 01:30:03] Main Gym Fitness Gym: 1% (Closed) people=1 capacity=72 is_open=False hour_summary=Closed until 8:00am
[2026-05-10 01:30:03] Outback Climbing Center: 0% (Closed) people=0 capacity=30 is_open=False hour_summary=Closed until 4:00pm
[2026-05-10 01:30:03] RIMAC Fitness Gym: 0% (Closed) people=0 capacity=150 is_open=False hour_summary=Closed until 8:00am
[2026-05-10 01:30:03] Triton Esports Center: 0% (Closed) people=0 capacity=35 is_open=False hour_summary=Closed until 11:00am
[2026-05-10 01:30:03] === SCRAPE END OK ===
[2026-05-10 01:45:02] === SCRAPE START ===
[2026-05-10 01:45:02] Fetching https://waitz.io/live/ucsd-rec
[2026-05-10 01:45:03] Saved 4 rows to ucsd_occupancy_history.csv
[2026-05-10 01:45:03] Main Gym Fitness Gym: 1% (Closed) people=1 capacity=72 is_open=False hour_summary=Closed until 8:00am
[2026-05-10 01:45:03] Outback Climbing Center: 0% (Closed) people=0 capacity=30 is_open=False hour_summary=Closed until 4:00pm
[2026-05-10 01:45:03] RIMAC Fitness Gym: 0% (Closed) people=0 capacity=150 is_open=False hour_summary=Closed until 8:00am
[2026-05-10 01:45:03] Triton Esports Center: 0% (Closed) people=0 capacity=35 is_open=False hour_summary=Closed until 11:00am
[2026-05-10 01:45:03] === SCRAPE END OK ===
[2026-05-10 02:00:02] === SCRAPE START ===
[2026-05-10 02:00:02] Fetching https://waitz.io/live/ucsd-rec
[2026-05-10 02:00:03] Saved 4 rows to ucsd_occupancy_history.csv
[2026-05-10 02:00:03] Main Gym Fitness Gym: 2% (Closed) people=1 capacity=72 is_open=False hour_summary=Closed until 8:00am
[2026-05-10 02:00:03] Outback Climbing Center: 0% (Closed) people=0 capacity=30 is_open=False hour_summary=Closed until 4:00pm
[2026-05-10 02:00:03] RIMAC Fitness Gym: 0% (Closed) people=0 capacity=150 is_open=False hour_summary=Closed until 8:00am
[2026-05-10 02:00:03] Triton Esports Center: 0% (Closed) people=0 capacity=35 is_open=False hour_summary=Closed until 11:00am
[2026-05-10 02:00:03] === SCRAPE END OK ===
[2026-05-10 02:15:02] === SCRAPE START ===
[2026-05-10 02:15:02] Fetching https://waitz.io/live/ucsd-rec
[2026-05-10 02:15:03] Saved 4 rows to ucsd_occupancy_history.csv
[2026-05-10 02:15:03] Main Gym Fitness Gym: 2% (Closed) people=1 capacity=72 is_open=False hour_summary=Closed until 8:00am
[2026-05-10 02:15:03] Outback Climbing Center: 0% (Closed) people=0 capacity=30 is_open=False hour_summary=Closed until 4:00pm
[2026-05-10 02:15:03] RIMAC Fitness Gym: 0% (Closed) people=0 capacity=150 is_open=False hour_summary=Closed until 8:00am
[2026-05-10 02:15:03] Triton Esports Center: 0% (Closed) people=0 capacity=35 is_open=False hour_summary=Closed until 11:00am
[2026-05-10 02:15:03] === SCRAPE END OK ===
[2026-05-10 02:30:02] === SCRAPE START ===
[2026-05-10 02:30:02] Fetching https://waitz.io/live/ucsd-rec
[2026-05-10 02:30:03] Saved 4 rows to ucsd_occupancy_history.csv
[2026-05-10 02:30:03] Main Gym Fitness Gym: 1% (Closed) people=1 capacity=72 is_open=False hour_summary=Closed until 8:00am
[2026-05-10 02:30:03] Outback Climbing Center: 0% (Closed) people=0 capacity=30 is_open=False hour_summary=Closed until 4:00pm
[2026-05-10 02:30:03] RIMAC Fitness Gym: 0% (Closed) people=0 capacity=150 is_open=False hour_summary=Closed until 8:00am
[2026-05-10 02:30:03] Triton Esports Center: 0% (Closed) people=0 capacity=35 is_open=False hour_summary=Closed until 11:00am
[2026-05-10 02:30:03] === SCRAPE END OK ===
[2026-05-10 02:45:03] === SCRAPE START ===
[2026-05-10 02:45:03] Fetching https://waitz.io/live/ucsd-rec
[2026-05-10 02:45:04] Saved 4 rows to ucsd_occupancy_history.csv
[2026-05-10 02:45:04] Main Gym Fitness Gym: 1% (Closed) people=1 capacity=72 is_open=False hour_summary=Closed until 8:00am
[2026-05-10 02:45:04] Outback Climbing Center: 0% (Closed) people=0 capacity=30 is_open=False hour_summary=Closed until 4:00pm
[2026-05-10 02:45:04] RIMAC Fitness Gym: 0% (Closed) people=1 capacity=150 is_open=False hour_summary=Closed until 8:00am
[2026-05-10 02:45:04] Triton Esports Center: 0% (Closed) people=0 capacity=35 is_open=False hour_summary=Closed until 11:00am
[2026-05-10 02:45:04] === SCRAPE END OK ===
[2026-05-10 03:00:02] === SCRAPE START ===
[2026-05-10 03:00:02] Fetching https://waitz.io/live/ucsd-rec
[2026-05-10 03:00:03] Saved 4 rows to ucsd_occupancy_history.csv
[2026-05-10 03:00:03] Main Gym Fitness Gym: 1% (Closed) people=1 capacity=72 is_open=False hour_summary=Closed until 8:00am
[2026-05-10 03:00:03] Outback Climbing Center: 0% (Closed) people=0 capacity=30 is_open=False hour_summary=Closed until 4:00pm
[2026-05-10 03:00:03] RIMAC Fitness Gym: 0% (Closed) people=0 capacity=150 is_open=False hour_summary=Closed until 8:00am
[2026-05-10 03:00:03] Triton Esports Center: 0% (Closed) people=0 capacity=35 is_open=False hour_summary=Closed until 11:00am
[2026-05-10 03:00:03] === SCRAPE END OK ===
[2026-05-10 03:15:02] === SCRAPE START ===
[2026-05-10 03:15:02] Fetching https://waitz.io/live/ucsd-rec
[2026-05-10 03:15:03] Saved 4 rows to ucsd_occupancy_history.csv
[2026-05-10 03:15:03] Main Gym Fitness Gym: 2% (Closed) people=1 capacity=72 is_open=False hour_summary=Closed until 8:00am
[2026-05-10 03:15:03] Outback Climbing Center: 0% (Closed) people=0 capacity=30 is_open=False hour_summary=Closed until 4:00pm
[2026-05-10 03:15:03] RIMAC Fitness Gym: 0% (Closed) people=0 capacity=150 is_open=False hour_summary=Closed until 8:00am
[2026-05-10 03:15:03] Triton Esports Center: 0% (Closed) people=0 capacity=35 is_open=False hour_summary=Closed until 11:00am
[2026-05-10 03:15:03] === SCRAPE END OK ===
[2026-05-10 03:30:02] === SCRAPE START ===
[2026-05-10 03:30:02] Fetching https://waitz.io/live/ucsd-rec
[2026-05-10 03:30:03] Saved 4 rows to ucsd_occupancy_history.csv
[2026-05-10 03:30:03] Main Gym Fitness Gym: 1% (Closed) people=1 capacity=72 is_open=False hour_summary=Closed until 8:00am
[2026-05-10 03:30:03] Outback Climbing Center: 0% (Closed) people=0 capacity=30 is_open=False hour_summary=Closed until 4:00pm
[2026-05-10 03:30:03] RIMAC Fitness Gym: 0% (Closed) people=0 capacity=150 is_open=False hour_summary=Closed until 8:00am
[2026-05-10 03:30:03] Triton Esports Center: 0% (Closed) people=0 capacity=35 is_open=False hour_summary=Closed until 11:00am
[2026-05-10 03:30:03] === SCRAPE END OK ===
[2026-05-10 03:45:02] === SCRAPE START ===
[2026-05-10 03:45:02] Fetching https://waitz.io/live/ucsd-rec
[2026-05-10 03:45:03] Saved 4 rows to ucsd_occupancy_history.csv
[2026-05-10 03:45:03] Main Gym Fitness Gym: 2% (Closed) people=2 capacity=72 is_open=False hour_summary=Closed until 8:00am
[2026-05-10 03:45:03] Outback Climbing Center: 0% (Closed) people=0 capacity=30 is_open=False hour_summary=Closed until 4:00pm
[2026-05-10 03:45:03] RIMAC Fitness Gym: 0% (Closed) people=0 capacity=150 is_open=False hour_summary=Closed until 8:00am
[2026-05-10 03:45:03] Triton Esports Center: 0% (Closed) people=0 capacity=35 is_open=False hour_summary=Closed until 11:00am
[2026-05-10 03:45:03] === SCRAPE END OK ===
[2026-05-10 04:00:02] === SCRAPE START ===
[2026-05-10 04:00:02] Fetching https://waitz.io/live/ucsd-rec
[2026-05-10 04:00:03] Saved 4 rows to ucsd_occupancy_history.csv
[2026-05-10 04:00:03] Main Gym Fitness Gym: 2% (Closed) people=1 capacity=72 is_open=False hour_summary=Closed until 8:00am
[2026-05-10 04:00:03] Outback Climbing Center: 0% (Closed) people=0 capacity=30 is_open=False hour_summary=Closed until 4:00pm
[2026-05-10 04:00:03] RIMAC Fitness Gym: 0% (Closed) people=1 capacity=150 is_open=False hour_summary=Closed until 8:00am
[2026-05-10 04:00:03] Triton Esports Center: 0% (Closed) people=0 capacity=35 is_open=False hour_summary=Closed until 11:00am
[2026-05-10 04:00:03] === SCRAPE END OK ===
[2026-05-10 04:15:02] === SCRAPE START ===
[2026-05-10 04:15:02] Fetching https://waitz.io/live/ucsd-rec
[2026-05-10 04:15:03] Saved 4 rows to ucsd_occupancy_history.csv
[2026-05-10 04:15:03] Main Gym Fitness Gym: 2% (Closed) people=2 capacity=72 is_open=False hour_summary=Closed until 8:00am
[2026-05-10 04:15:03] Outback Climbing Center: 0% (Closed) people=0 capacity=30 is_open=False hour_summary=Closed until 4:00pm
[2026-05-10 04:15:03] RIMAC Fitness Gym: 0% (Closed) people=0 capacity=150 is_open=False hour_summary=Closed until 8:00am
[2026-05-10 04:15:03] Triton Esports Center: 0% (Closed) people=0 capacity=35 is_open=False hour_summary=Closed until 11:00am
[2026-05-10 04:15:03] === SCRAPE END OK ===
[2026-05-10 04:30:02] === SCRAPE START ===
[2026-05-10 04:30:02] Fetching https://waitz.io/live/ucsd-rec
[2026-05-10 04:30:03] Saved 4 rows to ucsd_occupancy_history.csv
[2026-05-10 04:30:03] Main Gym Fitness Gym: 1% (Closed) people=1 capacity=72 is_open=False hour_summary=Closed until 8:00am
[2026-05-10 04:30:03] Outback Climbing Center: 0% (Closed) people=0 capacity=30 is_open=False hour_summary=Closed until 4:00pm
[2026-05-10 04:30:03] RIMAC Fitness Gym: 0% (Closed) people=0 capacity=150 is_open=False hour_summary=Closed until 8:00am
[2026-05-10 04:30:03] Triton Esports Center: 0% (Closed) people=0 capacity=35 is_open=False hour_summary=Closed until 11:00am
[2026-05-10 04:30:03] === SCRAPE END OK ===
[2026-05-10 04:45:02] === SCRAPE START ===
[2026-05-10 04:45:02] Fetching https://waitz.io/live/ucsd-rec
[2026-05-10 04:45:03] Saved 4 rows to ucsd_occupancy_history.csv
[2026-05-10 04:45:03] Main Gym Fitness Gym: 1% (Closed) people=1 capacity=72 is_open=False hour_summary=Closed until 8:00am
[2026-05-10 04:45:03] Outback Climbing Center: 0% (Closed) people=0 capacity=30 is_open=False hour_summary=Closed until 4:00pm
[2026-05-10 04:45:03] RIMAC Fitness Gym: 0% (Closed) people=0 capacity=150 is_open=False hour_summary=Closed until 8:00am
[2026-05-10 04:45:03] Triton Esports Center: 0% (Closed) people=0 capacity=35 is_open=False hour_summary=Closed until 11:00am
[2026-05-10 04:45:03] === SCRAPE END OK ===
[2026-05-10 05:00:02] === SCRAPE START ===
[2026-05-10 05:00:02] Fetching https://waitz.io/live/ucsd-rec
[2026-05-10 05:00:03] Saved 4 rows to ucsd_occupancy_history.csv
[2026-05-10 05:00:03] Main Gym Fitness Gym: 1% (Closed) people=1 capacity=72 is_open=False hour_summary=Closed until 8:00am
[2026-05-10 05:00:03] Outback Climbing Center: 0% (Closed) people=0 capacity=30 is_open=False hour_summary=Closed until 4:00pm
[2026-05-10 05:00:03] RIMAC Fitness Gym: 0% (Closed) people=1 capacity=150 is_open=False hour_summary=Closed until 8:00am
[2026-05-10 05:00:03] Triton Esports Center: 0% (Closed) people=0 capacity=35 is_open=False hour_summary=Closed until 11:00am
[2026-05-10 05:00:03] === SCRAPE END OK ===
[2026-05-10 05:15:02] === SCRAPE START ===
[2026-05-10 05:15:02] Fetching https://waitz.io/live/ucsd-rec
[2026-05-10 05:15:03] Saved 4 rows to ucsd_occupancy_history.csv
[2026-05-10 05:15:03] Main Gym Fitness Gym: 4% (Closed) people=3 capacity=72 is_open=False hour_summary=Closed until 8:00am
[2026-05-10 05:15:03] Outback Climbing Center: 0% (Closed) people=0 capacity=30 is_open=False hour_summary=Closed until 4:00pm
[2026-05-10 05:15:03] RIMAC Fitness Gym: 0% (Closed) people=0 capacity=150 is_open=False hour_summary=Closed until 8:00am
[2026-05-10 05:15:03] Triton Esports Center: 0% (Closed) people=0 capacity=35 is_open=False hour_summary=Closed until 11:00am
[2026-05-10 05:15:03] === SCRAPE END OK ===
[2026-05-10 05:30:02] === SCRAPE START ===
[2026-05-10 05:30:02] Fetching https://waitz.io/live/ucsd-rec
[2026-05-10 05:30:03] Saved 4 rows to ucsd_occupancy_history.csv
[2026-05-10 05:30:03] Main Gym Fitness Gym: 2% (Closed) people=1 capacity=72 is_open=False hour_summary=Closed until 8:00am
[2026-05-10 05:30:03] Outback Climbing Center: 0% (Closed) people=0 capacity=30 is_open=False hour_summary=Closed until 4:00pm
[2026-05-10 05:30:03] RIMAC Fitness Gym: 0% (Closed) people=0 capacity=150 is_open=False hour_summary=Closed until 8:00am
[2026-05-10 05:30:03] Triton Esports Center: 0% (Closed) people=0 capacity=35 is_open=False hour_summary=Closed until 11:00am
[2026-05-10 05:30:03] === SCRAPE END OK ===
[2026-05-10 05:45:02] === SCRAPE START ===
[2026-05-10 05:45:02] Fetching https://waitz.io/live/ucsd-rec
[2026-05-10 05:45:03] Saved 4 rows to ucsd_occupancy_history.csv
[2026-05-10 05:45:03] Main Gym Fitness Gym: 1% (Closed) people=1 capacity=72 is_open=False hour_summary=Closed until 8:00am
[2026-05-10 05:45:03] Outback Climbing Center: 0% (Closed) people=0 capacity=30 is_open=False hour_summary=Closed until 4:00pm
[2026-05-10 05:45:03] RIMAC Fitness Gym: 0% (Closed) people=0 capacity=150 is_open=False hour_summary=Closed until 8:00am
[2026-05-10 05:45:03] Triton Esports Center: 0% (Closed) people=0 capacity=35 is_open=False hour_summary=Closed until 11:00am
[2026-05-10 05:45:03] === SCRAPE END OK ===
[2026-05-10 06:00:02] === SCRAPE START ===
[2026-05-10 06:00:02] Fetching https://waitz.io/live/ucsd-rec
[2026-05-10 06:00:04] Saved 4 rows to ucsd_occupancy_history.csv
[2026-05-10 06:00:04] Main Gym Fitness Gym: 1% (Closed) people=1 capacity=72 is_open=False hour_summary=Closed until 8:00am
[2026-05-10 06:00:04] Outback Climbing Center: 0% (Closed) people=0 capacity=30 is_open=False hour_summary=Closed until 4:00pm
[2026-05-10 06:00:04] RIMAC Fitness Gym: 0% (Closed) people=0 capacity=150 is_open=False hour_summary=Closed until 8:00am
[2026-05-10 06:00:04] Triton Esports Center: 0% (Closed) people=0 capacity=35 is_open=False hour_summary=Closed until 11:00am
[2026-05-10 06:00:04] === SCRAPE END OK ===
[2026-05-10 06:15:02] === SCRAPE START ===
[2026-05-10 06:15:02] Fetching https://waitz.io/live/ucsd-rec
[2026-05-10 06:15:03] Saved 4 rows to ucsd_occupancy_history.csv
[2026-05-10 06:15:03] Main Gym Fitness Gym: 1% (Closed) people=1 capacity=72 is_open=False hour_summary=Closed until 8:00am
[2026-05-10 06:15:03] Outback Climbing Center: 0% (Closed) people=0 capacity=30 is_open=False hour_summary=Closed until 4:00pm
[2026-05-10 06:15:03] RIMAC Fitness Gym: 0% (Closed) people=0 capacity=150 is_open=False hour_summary=Closed until 8:00am
[2026-05-10 06:15:03] Triton Esports Center: 0% (Closed) people=0 capacity=35 is_open=False hour_summary=Closed until 11:00am
[2026-05-10 06:15:03] === SCRAPE END OK ===
[2026-05-10 06:30:02] === SCRAPE START ===
[2026-05-10 06:30:02] Fetching https://waitz.io/live/ucsd-rec
[2026-05-10 06:30:03] Saved 4 rows to ucsd_occupancy_history.csv
[2026-05-10 06:30:03] Main Gym Fitness Gym: 1% (Closed) people=0 capacity=72 is_open=False hour_summary=Closed until 8:00am
[2026-05-10 06:30:03] Outback Climbing Center: 0% (Closed) people=0 capacity=30 is_open=False hour_summary=Closed until 4:00pm
[2026-05-10 06:30:03] RIMAC Fitness Gym: 0% (Closed) people=0 capacity=150 is_open=False hour_summary=Closed until 8:00am
[2026-05-10 06:30:03] Triton Esports Center: 0% (Closed) people=0 capacity=35 is_open=False hour_summary=Closed until 11:00am
[2026-05-10 06:30:03] === SCRAPE END OK ===
[2026-05-10 06:45:02] === SCRAPE START ===
[2026-05-10 06:45:02] Fetching https://waitz.io/live/ucsd-rec
[2026-05-10 06:45:03] Saved 4 rows to ucsd_occupancy_history.csv
[2026-05-10 06:45:03] Main Gym Fitness Gym: 1% (Closed) people=1 capacity=72 is_open=False hour_summary=Closed until 8:00am
[2026-05-10 06:45:03] Outback Climbing Center: 0% (Closed) people=0 capacity=30 is_open=False hour_summary=Closed until 4:00pm
[2026-05-10 06:45:03] RIMAC Fitness Gym: 0% (Closed) people=0 capacity=150 is_open=False hour_summary=Closed until 8:00am
[2026-05-10 06:45:03] Triton Esports Center: 0% (Closed) people=0 capacity=35 is_open=False hour_summary=Closed until 11:00am
[2026-05-10 06:45:03] === SCRAPE END OK ===
[2026-05-10 07:00:02] === SCRAPE START ===
[2026-05-10 07:00:02] Fetching https://waitz.io/live/ucsd-rec
[2026-05-10 07:00:04] Saved 4 rows to ucsd_occupancy_history.csv
[2026-05-10 07:00:04] Main Gym Fitness Gym: 1% (Closed) people=1 capacity=72 is_open=False hour_summary=Closed until 8:00am
[2026-05-10 07:00:04] Outback Climbing Center: 0% (Closed) people=0 capacity=30 is_open=False hour_summary=Closed until 4:00pm
[2026-05-10 07:00:04] RIMAC Fitness Gym: 0% (Closed) people=0 capacity=150 is_open=False hour_summary=Closed until 8:00am
[2026-05-10 07:00:04] Triton Esports Center: 0% (Closed) people=0 capacity=35 is_open=False hour_summary=Closed until 11:00am
[2026-05-10 07:00:04] === SCRAPE END OK ===
[2026-05-10 07:15:02] === SCRAPE START ===
[2026-05-10 07:15:02] Fetching https://waitz.io/live/ucsd-rec
[2026-05-10 07:15:03] Saved 4 rows to ucsd_occupancy_history.csv
[2026-05-10 07:15:03] Main Gym Fitness Gym: 2% (Closed) people=1 capacity=72 is_open=False hour_summary=Closed until 8:00am
[2026-05-10 07:15:03] Outback Climbing Center: 0% (Closed) people=0 capacity=30 is_open=False hour_summary=Closed until 4:00pm
[2026-05-10 07:15:03] RIMAC Fitness Gym: 0% (Closed) people=0 capacity=150 is_open=False hour_summary=Closed until 8:00am
[2026-05-10 07:15:03] Triton Esports Center: 0% (Closed) people=0 capacity=35 is_open=False hour_summary=Closed until 11:00am
[2026-05-10 07:15:03] === SCRAPE END OK ===
[2026-05-10 07:30:02] === SCRAPE START ===
[2026-05-10 07:30:02] Fetching https://waitz.io/live/ucsd-rec
[2026-05-10 07:30:03] Saved 4 rows to ucsd_occupancy_history.csv
[2026-05-10 07:30:03] Main Gym Fitness Gym: 1% (Closed) people=1 capacity=72 is_open=False hour_summary=Closed until 8:00am
[2026-05-10 07:30:03] Outback Climbing Center: 0% (Closed) people=0 capacity=30 is_open=False hour_summary=Closed until 4:00pm
[2026-05-10 07:30:03] RIMAC Fitness Gym: 0% (Closed) people=0 capacity=150 is_open=False hour_summary=Closed until 8:00am
[2026-05-10 07:30:03] Triton Esports Center: 0% (Closed) people=0 capacity=35 is_open=False hour_summary=Closed until 11:00am
[2026-05-10 07:30:03] === SCRAPE END OK ===
[2026-05-10 07:45:02] === SCRAPE START ===
[2026-05-10 07:45:02] Fetching https://waitz.io/live/ucsd-rec
[2026-05-10 07:45:03] Saved 4 rows to ucsd_occupancy_history.csv
[2026-05-10 07:45:03] Main Gym Fitness Gym: 2% (Closed) people=1 capacity=72 is_open=False hour_summary=Closed until 8:00am
[2026-05-10 07:45:03] Outback Climbing Center: 0% (Closed) people=0 capacity=30 is_open=False hour_summary=Closed until 4:00pm
[2026-05-10 07:45:03] RIMAC Fitness Gym: 0% (Closed) people=0 capacity=150 is_open=False hour_summary=Closed until 8:00am
[2026-05-10 07:45:03] Triton Esports Center: 0% (Closed) people=0 capacity=35 is_open=False hour_summary=Closed until 11:00am
[2026-05-10 07:45:03] === SCRAPE END OK ===
[2026-05-10 08:00:02] === SCRAPE START ===
[2026-05-10 08:00:02] Fetching https://waitz.io/live/ucsd-rec
[2026-05-10 08:00:03] Saved 4 rows to ucsd_occupancy_history.csv
[2026-05-10 08:00:03] Main Gym Fitness Gym: 1% (Not Busy) people=1 capacity=72 is_open=True hour_summary=open
[2026-05-10 08:00:03] Outback Climbing Center: 0% (Closed) people=0 capacity=30 is_open=False hour_summary=Closed until 4:00pm
[2026-05-10 08:00:03] RIMAC Fitness Gym: 0% (Not Busy) people=1 capacity=150 is_open=True hour_summary=open
[2026-05-10 08:00:03] Triton Esports Center: 0% (Closed) people=0 capacity=35 is_open=False hour_summary=Closed until 11:00am
[2026-05-10 08:00:03] === SCRAPE END OK ===
[2026-05-10 08:15:02] === SCRAPE START ===
[2026-05-10 08:15:02] Fetching https://waitz.io/live/ucsd-rec
[2026-05-10 08:15:03] Saved 4 rows to ucsd_occupancy_history.csv
[2026-05-10 08:15:03] Main Gym Fitness Gym: 2% (Not Busy) people=1 capacity=72 is_open=True hour_summary=open
[2026-05-10 08:15:03] Outback Climbing Center: 0% (Closed) people=0 capacity=30 is_open=False hour_summary=Closed until 4:00pm
[2026-05-10 08:15:03] RIMAC Fitness Gym: 13% (Not Busy) people=20 capacity=150 is_open=True hour_summary=open
[2026-05-10 08:15:03] Triton Esports Center: 0% (Closed) people=0 capacity=35 is_open=False hour_summary=Closed until 11:00am
[2026-05-10 08:15:03] === SCRAPE END OK ===
[2026-05-10 08:30:02] === SCRAPE START ===
[2026-05-10 08:30:02] Fetching https://waitz.io/live/ucsd-rec
[2026-05-10 08:30:03] Saved 4 rows to ucsd_occupancy_history.csv
[2026-05-10 08:30:03] Main Gym Fitness Gym: 1% (Not Busy) people=1 capacity=72 is_open=True hour_summary=open
[2026-05-10 08:30:03] Outback Climbing Center: 0% (Closed) people=0 capacity=30 is_open=False hour_summary=Closed until 4:00pm
[2026-05-10 08:30:03] RIMAC Fitness Gym: 16% (Not Busy) people=23 capacity=150 is_open=True hour_summary=open
[2026-05-10 08:30:03] Triton Esports Center: 0% (Closed) people=0 capacity=35 is_open=False hour_summary=Closed until 11:00am
[2026-05-10 08:30:03] === SCRAPE END OK ===
[2026-05-10 08:45:03] === SCRAPE START ===
[2026-05-10 08:45:03] Fetching https://waitz.io/live/ucsd-rec
[2026-05-10 08:45:03] Saved 4 rows to ucsd_occupancy_history.csv
[2026-05-10 08:45:03] Main Gym Fitness Gym: 12% (Not Busy) people=9 capacity=72 is_open=True hour_summary=open
[2026-05-10 08:45:03] Outback Climbing Center: 0% (Closed) people=0 capacity=30 is_open=False hour_summary=Closed until 4:00pm
[2026-05-10 08:45:03] RIMAC Fitness Gym: 21% (Not Busy) people=31 capacity=150 is_open=True hour_summary=open
[2026-05-10 08:45:03] Triton Esports Center: 0% (Closed) people=0 capacity=35 is_open=False hour_summary=Closed until 11:00am
[2026-05-10 08:45:03] === SCRAPE END OK ===
[2026-05-10 09:00:02] === SCRAPE START ===
[2026-05-10 09:00:02] Fetching https://waitz.io/live/ucsd-rec
[2026-05-10 09:00:04] Saved 4 rows to ucsd_occupancy_history.csv
[2026-05-10 09:00:04] Main Gym Fitness Gym: 7% (Not Busy) people=5 capacity=72 is_open=True hour_summary=open
[2026-05-10 09:00:04] Outback Climbing Center: 0% (Closed) people=0 capacity=30 is_open=False hour_summary=Closed until 4:00pm
[2026-05-10 09:00:04] RIMAC Fitness Gym: 22% (Not Busy) people=33 capacity=150 is_open=True hour_summary=open
[2026-05-10 09:00:04] Triton Esports Center: 0% (Closed) people=0 capacity=35 is_open=False hour_summary=Closed until 11:00am
[2026-05-10 09:00:04] === SCRAPE END OK ===
[2026-05-10 09:15:02] === SCRAPE START ===
[2026-05-10 09:15:02] Fetching https://waitz.io/live/ucsd-rec
[2026-05-10 09:15:03] Saved 4 rows to ucsd_occupancy_history.csv
[2026-05-10 09:15:03] Main Gym Fitness Gym: 15% (Not Busy) people=11 capacity=72 is_open=True hour_summary=open
[2026-05-10 09:15:03] Outback Climbing Center: 0% (Closed) people=0 capacity=30 is_open=False hour_summary=Closed until 4:00pm
[2026-05-10 09:15:03] RIMAC Fitness Gym: 25% (Not Busy) people=38 capacity=150 is_open=True hour_summary=open
[2026-05-10 09:15:03] Triton Esports Center: 0% (Closed) people=0 capacity=35 is_open=False hour_summary=Closed until 11:00am
[2026-05-10 09:15:03] === SCRAPE END OK ===
[2026-05-10 09:30:02] === SCRAPE START ===
[2026-05-10 09:30:02] Fetching https://waitz.io/live/ucsd-rec
[2026-05-10 09:30:03] Saved 4 rows to ucsd_occupancy_history.csv
[2026-05-10 09:30:03] Main Gym Fitness Gym: 15% (Not Busy) people=11 capacity=72 is_open=True hour_summary=open
[2026-05-10 09:30:03] Outback Climbing Center: 0% (Closed) people=0 capacity=30 is_open=False hour_summary=Closed until 4:00pm
[2026-05-10 09:30:03] RIMAC Fitness Gym: 23% (Not Busy) people=35 capacity=150 is_open=True hour_summary=open
[2026-05-10 09:30:03] Triton Esports Center: 0% (Closed) people=0 capacity=35 is_open=False hour_summary=Closed until 11:00am
[2026-05-10 09:30:03] === SCRAPE END OK ===
[2026-05-10 09:45:02] === SCRAPE START ===
[2026-05-10 09:45:02] Fetching https://waitz.io/live/ucsd-rec
[2026-05-10 09:45:03] Saved 4 rows to ucsd_occupancy_history.csv
[2026-05-10 09:45:03] Main Gym Fitness Gym: 10% (Not Busy) people=7 capacity=72 is_open=True hour_summary=open
[2026-05-10 09:45:03] Outback Climbing Center: 0% (Closed) people=0 capacity=30 is_open=False hour_summary=Closed until 4:00pm
[2026-05-10 09:45:03] RIMAC Fitness Gym: 23% (Not Busy) people=35 capacity=150 is_open=True hour_summary=open
[2026-05-10 09:45:03] Triton Esports Center: 0% (Closed) people=0 capacity=35 is_open=False hour_summary=Closed until 11:00am
[2026-05-10 09:45:03] === SCRAPE END OK ===
[2026-05-10 10:00:02] === SCRAPE START ===
[2026-05-10 10:00:02] Fetching https://waitz.io/live/ucsd-rec
[2026-05-10 10:00:03] Saved 4 rows to ucsd_occupancy_history.csv
[2026-05-10 10:00:03] Main Gym Fitness Gym: 12% (Not Busy) people=9 capacity=72 is_open=True hour_summary=open
[2026-05-10 10:00:03] Outback Climbing Center: 0% (Closed) people=0 capacity=30 is_open=False hour_summary=Closed until 4:00pm
[2026-05-10 10:00:03] RIMAC Fitness Gym: 23% (Not Busy) people=35 capacity=150 is_open=True hour_summary=open
[2026-05-10 10:00:03] Triton Esports Center: 0% (Closed) people=0 capacity=35 is_open=False hour_summary=Closed until 11:00am
[2026-05-10 10:00:03] === SCRAPE END OK ===
[2026-05-10 10:15:02] === SCRAPE START ===
[2026-05-10 10:15:02] Fetching https://waitz.io/live/ucsd-rec
[2026-05-10 10:15:03] Saved 4 rows to ucsd_occupancy_history.csv
[2026-05-10 10:15:03] Main Gym Fitness Gym: 20% (Not Busy) people=15 capacity=72 is_open=True hour_summary=open
[2026-05-10 10:15:03] Outback Climbing Center: 0% (Closed) people=0 capacity=30 is_open=False hour_summary=Closed until 4:00pm
[2026-05-10 10:15:03] RIMAC Fitness Gym: 23% (Not Busy) people=35 capacity=150 is_open=True hour_summary=open
[2026-05-10 10:15:03] Triton Esports Center: 0% (Closed) people=0 capacity=35 is_open=False hour_summary=Closed until 11:00am
[2026-05-10 10:15:03] === SCRAPE END OK ===
[2026-05-10 10:30:02] === SCRAPE START ===
[2026-05-10 10:30:02] Fetching https://waitz.io/live/ucsd-rec
[2026-05-10 10:30:03] Saved 4 rows to ucsd_occupancy_history.csv
[2026-05-10 10:30:03] Main Gym Fitness Gym: 4% (Not Busy) people=3 capacity=72 is_open=True hour_summary=open
[2026-05-10 10:30:03] Outback Climbing Center: 0% (Closed) people=0 capacity=30 is_open=False hour_summary=Closed until 4:00pm
[2026-05-10 10:30:03] RIMAC Fitness Gym: 22% (Not Busy) people=32 capacity=150 is_open=True hour_summary=open
[2026-05-10 10:30:03] Triton Esports Center: 0% (Closed) people=0 capacity=35 is_open=False hour_summary=Closed until 11:00am
[2026-05-10 10:30:03] === SCRAPE END OK ===
[2026-05-10 10:45:02] === SCRAPE START ===
[2026-05-10 10:45:02] Fetching https://waitz.io/live/ucsd-rec
[2026-05-10 10:45:03] Saved 4 rows to ucsd_occupancy_history.csv
[2026-05-10 10:45:03] Main Gym Fitness Gym: 8% (Not Busy) people=6 capacity=72 is_open=True hour_summary=open
[2026-05-10 10:45:03] Outback Climbing Center: 1% (Closed) people=0 capacity=30 is_open=False hour_summary=Closed until 4:00pm
[2026-05-10 10:45:03] RIMAC Fitness Gym: 26% (Not Busy) people=39 capacity=150 is_open=True hour_summary=open
[2026-05-10 10:45:03] Triton Esports Center: 0% (Closed) people=0 capacity=35 is_open=False hour_summary=Closed until 11:00am
[2026-05-10 10:45:03] === SCRAPE END OK ===
[2026-05-10 11:00:02] === SCRAPE START ===
[2026-05-10 11:00:02] Fetching https://waitz.io/live/ucsd-rec
[2026-05-10 11:00:04] Saved 4 rows to ucsd_occupancy_history.csv
[2026-05-10 11:00:04] Main Gym Fitness Gym: 15% (Not Busy) people=11 capacity=72 is_open=True hour_summary=open
[2026-05-10 11:00:04] Outback Climbing Center: 1% (Closed) people=0 capacity=30 is_open=False hour_summary=Closed until 4:00pm
[2026-05-10 11:00:04] RIMAC Fitness Gym: 21% (Not Busy) people=31 capacity=150 is_open=True hour_summary=open
[2026-05-10 11:00:04] Triton Esports Center: 0% (Not Busy) people=0 capacity=35 is_open=True hour_summary=open
[2026-05-10 11:00:04] === SCRAPE END OK ===
[2026-05-10 11:15:02] === SCRAPE START ===
[2026-05-10 11:15:02] Fetching https://waitz.io/live/ucsd-rec
[2026-05-10 11:15:03] Saved 4 rows to ucsd_occupancy_history.csv
[2026-05-10 11:15:03] Main Gym Fitness Gym: 19% (Not Busy) people=14 capacity=72 is_open=True hour_summary=open
[2026-05-10 11:15:03] Outback Climbing Center: 0% (Closed) people=0 capacity=30 is_open=False hour_summary=Closed until 4:00pm
[2026-05-10 11:15:03] RIMAC Fitness Gym: 16% (Not Busy) people=24 capacity=150 is_open=True hour_summary=open
[2026-05-10 11:15:03] Triton Esports Center: 0% (Not Busy) people=0 capacity=35 is_open=True hour_summary=open
[2026-05-10 11:15:03] === SCRAPE END OK ===
[2026-05-10 11:30:02] === SCRAPE START ===
[2026-05-10 11:30:02] Fetching https://waitz.io/live/ucsd-rec
[2026-05-10 11:30:03] Saved 4 rows to ucsd_occupancy_history.csv
[2026-05-10 11:30:03] Main Gym Fitness Gym: 15% (Not Busy) people=11 capacity=72 is_open=True hour_summary=open
[2026-05-10 11:30:03] Outback Climbing Center: 0% (Closed) people=0 capacity=30 is_open=False hour_summary=Closed until 4:00pm
[2026-05-10 11:30:03] RIMAC Fitness Gym: 18% (Not Busy) people=27 capacity=150 is_open=True hour_summary=open
[2026-05-10 11:30:03] Triton Esports Center: 0% (Not Busy) people=0 capacity=35 is_open=True hour_summary=open
[2026-05-10 11:30:03] === SCRAPE END OK ===
[2026-05-10 11:45:02] === SCRAPE START ===
[2026-05-10 11:45:02] Fetching https://waitz.io/live/ucsd-rec
[2026-05-10 11:45:03] Saved 4 rows to ucsd_occupancy_history.csv
[2026-05-10 11:45:03] Main Gym Fitness Gym: 22% (Not Busy) people=16 capacity=72 is_open=True hour_summary=open
[2026-05-10 11:45:03] Outback Climbing Center: 0% (Closed) people=0 capacity=30 is_open=False hour_summary=Closed until 4:00pm
[2026-05-10 11:45:03] RIMAC Fitness Gym: 25% (Not Busy) people=38 capacity=150 is_open=True hour_summary=open
[2026-05-10 11:45:03] Triton Esports Center: 0% (Not Busy) people=0 capacity=35 is_open=True hour_summary=open
[2026-05-10 11:45:03] === SCRAPE END OK ===
[2026-05-10 12:00:02] === SCRAPE START ===
[2026-05-10 12:00:02] Fetching https://waitz.io/live/ucsd-rec
[2026-05-10 12:00:04] Saved 4 rows to ucsd_occupancy_history.csv
[2026-05-10 12:00:04] Main Gym Fitness Gym: 8% (Not Busy) people=6 capacity=72 is_open=True hour_summary=open
[2026-05-10 12:00:04] Outback Climbing Center: 0% (Closed) people=0 capacity=30 is_open=False hour_summary=Closed until 4:00pm
[2026-05-10 12:00:04] RIMAC Fitness Gym: 21% (Not Busy) people=32 capacity=150 is_open=True hour_summary=open
[2026-05-10 12:00:04] Triton Esports Center: 0% (Not Busy) people=0 capacity=35 is_open=True hour_summary=open
[2026-05-10 12:00:04] === SCRAPE END OK ===
[2026-05-10 12:15:02] === SCRAPE START ===
[2026-05-10 12:15:02] Fetching https://waitz.io/live/ucsd-rec
[2026-05-10 12:15:03] Saved 4 rows to ucsd_occupancy_history.csv
[2026-05-10 12:15:03] Main Gym Fitness Gym: 23% (Not Busy) people=17 capacity=72 is_open=True hour_summary=open
[2026-05-10 12:15:03] Outback Climbing Center: 0% (Closed) people=0 capacity=30 is_open=False hour_summary=Closed until 4:00pm
[2026-05-10 12:15:03] RIMAC Fitness Gym: 24% (Not Busy) people=36 capacity=150 is_open=True hour_summary=open
[2026-05-10 12:15:03] Triton Esports Center: 0% (Not Busy) people=0 capacity=35 is_open=True hour_summary=open
[2026-05-10 12:15:03] === SCRAPE END OK ===
[2026-05-10 12:30:02] === SCRAPE START ===
[2026-05-10 12:30:02] Fetching https://waitz.io/live/ucsd-rec
[2026-05-10 12:30:03] Saved 4 rows to ucsd_occupancy_history.csv
[2026-05-10 12:30:03] Main Gym Fitness Gym: 31% (Not Busy) people=22 capacity=72 is_open=True hour_summary=open
[2026-05-10 12:30:03] Outback Climbing Center: 4% (Closed) people=1 capacity=30 is_open=False hour_summary=Closed until 4:00pm
[2026-05-10 12:30:03] RIMAC Fitness Gym: 25% (Not Busy) people=37 capacity=150 is_open=True hour_summary=open
[2026-05-10 12:30:03] Triton Esports Center: 0% (Not Busy) people=0 capacity=35 is_open=True hour_summary=open
[2026-05-10 12:30:03] === SCRAPE END OK ===
[2026-05-10 12:45:02] === SCRAPE START ===
[2026-05-10 12:45:02] Fetching https://waitz.io/live/ucsd-rec
[2026-05-10 12:45:03] Saved 4 rows to ucsd_occupancy_history.csv
[2026-05-10 12:45:03] Main Gym Fitness Gym: 19% (Not Busy) people=13 capacity=72 is_open=True hour_summary=open
[2026-05-10 12:45:03] Outback Climbing Center: 5% (Closed) people=1 capacity=30 is_open=False hour_summary=Closed until 4:00pm
[2026-05-10 12:45:03] RIMAC Fitness Gym: 18% (Not Busy) people=27 capacity=150 is_open=True hour_summary=open
[2026-05-10 12:45:03] Triton Esports Center: 0% (Not Busy) people=0 capacity=35 is_open=True hour_summary=open
[2026-05-10 12:45:03] === SCRAPE END OK ===
[2026-05-10 13:00:02] === SCRAPE START ===
[2026-05-10 13:00:02] Fetching https://waitz.io/live/ucsd-rec
[2026-05-10 13:00:04] Saved 4 rows to ucsd_occupancy_history.csv
[2026-05-10 13:00:04] Main Gym Fitness Gym: 18% (Not Busy) people=13 capacity=72 is_open=True hour_summary=open
[2026-05-10 13:00:04] Outback Climbing Center: 0% (Closed) people=0 capacity=30 is_open=False hour_summary=Closed until 4:00pm
[2026-05-10 13:00:04] RIMAC Fitness Gym: 15% (Not Busy) people=22 capacity=150 is_open=True hour_summary=open
[2026-05-10 13:00:04] Triton Esports Center: 2% (Not Busy) people=1 capacity=35 is_open=True hour_summary=open
[2026-05-10 13:00:04] === SCRAPE END OK ===
[2026-05-10 13:15:02] === SCRAPE START ===
[2026-05-10 13:15:02] Fetching https://waitz.io/live/ucsd-rec
[2026-05-10 13:15:03] Saved 4 rows to ucsd_occupancy_history.csv
[2026-05-10 13:15:03] Main Gym Fitness Gym: 9% (Not Busy) people=6 capacity=72 is_open=True hour_summary=open
[2026-05-10 13:15:03] Outback Climbing Center: 2% (Closed) people=1 capacity=30 is_open=False hour_summary=Closed until 4:00pm
[2026-05-10 13:15:03] RIMAC Fitness Gym: 17% (Not Busy) people=26 capacity=150 is_open=True hour_summary=open
[2026-05-10 13:15:03] Triton Esports Center: 3% (Not Busy) people=1 capacity=35 is_open=True hour_summary=open
[2026-05-10 13:15:03] === SCRAPE END OK ===
[2026-05-10 13:30:02] === SCRAPE START ===
[2026-05-10 13:30:02] Fetching https://waitz.io/live/ucsd-rec
[2026-05-10 13:30:03] Saved 4 rows to ucsd_occupancy_history.csv
[2026-05-10 13:30:03] Main Gym Fitness Gym: 27% (Not Busy) people=20 capacity=72 is_open=True hour_summary=open
[2026-05-10 13:30:03] Outback Climbing Center: 1% (Closed) people=0 capacity=30 is_open=False hour_summary=Closed until 4:00pm
[2026-05-10 13:30:03] RIMAC Fitness Gym: 26% (Not Busy) people=39 capacity=150 is_open=True hour_summary=open
[2026-05-10 13:30:03] Triton Esports Center: 9% (Not Busy) people=3 capacity=35 is_open=True hour_summary=open
[2026-05-10 13:30:03] === SCRAPE END OK ===
[2026-05-10 13:45:02] === SCRAPE START ===
[2026-05-10 13:45:02] Fetching https://waitz.io/live/ucsd-rec
[2026-05-10 13:45:03] Saved 4 rows to ucsd_occupancy_history.csv
[2026-05-10 13:45:03] Main Gym Fitness Gym: 12% (Not Busy) people=8 capacity=72 is_open=True hour_summary=open
[2026-05-10 13:45:03] Outback Climbing Center: 0% (Closed) people=0 capacity=30 is_open=False hour_summary=Closed until 4:00pm
[2026-05-10 13:45:03] RIMAC Fitness Gym: 21% (Not Busy) people=32 capacity=150 is_open=True hour_summary=open
[2026-05-10 13:45:03] Triton Esports Center: 11% (Not Busy) people=4 capacity=35 is_open=True hour_summary=open
[2026-05-10 13:45:03] === SCRAPE END OK ===
[2026-05-10 14:00:02] === SCRAPE START ===
[2026-05-10 14:00:02] Fetching https://waitz.io/live/ucsd-rec
[2026-05-10 14:00:03] Saved 4 rows to ucsd_occupancy_history.csv
[2026-05-10 14:00:03] Main Gym Fitness Gym: 13% (Not Busy) people=9 capacity=72 is_open=True hour_summary=open
[2026-05-10 14:00:03] Outback Climbing Center: 0% (Closed) people=0 capacity=30 is_open=False hour_summary=Closed until 4:00pm
[2026-05-10 14:00:03] RIMAC Fitness Gym: 20% (Not Busy) people=30 capacity=150 is_open=True hour_summary=open
[2026-05-10 14:00:03] Triton Esports Center: 13% (Not Busy) people=5 capacity=35 is_open=True hour_summary=open
[2026-05-10 14:00:03] === SCRAPE END OK ===
[2026-05-10 14:15:02] === SCRAPE START ===
[2026-05-10 14:15:02] Fetching https://waitz.io/live/ucsd-rec
[2026-05-10 14:15:03] Saved 4 rows to ucsd_occupancy_history.csv
[2026-05-10 14:15:03] Main Gym Fitness Gym: 19% (Not Busy) people=13 capacity=72 is_open=True hour_summary=open
[2026-05-10 14:15:03] Outback Climbing Center: 0% (Closed) people=0 capacity=30 is_open=False hour_summary=Closed until 4:00pm
[2026-05-10 14:15:03] RIMAC Fitness Gym: 27% (Not Busy) people=41 capacity=150 is_open=True hour_summary=open
[2026-05-10 14:15:03] Triton Esports Center: 14% (Not Busy) people=5 capacity=35 is_open=True hour_summary=open
[2026-05-10 14:15:03] === SCRAPE END OK ===
[2026-05-10 14:30:02] === SCRAPE START ===
[2026-05-10 14:30:02] Fetching https://waitz.io/live/ucsd-rec
[2026-05-10 14:30:03] Saved 4 rows to ucsd_occupancy_history.csv
[2026-05-10 14:30:03] Main Gym Fitness Gym: 92% (Very Active) people=66 capacity=72 is_open=True hour_summary=open
[2026-05-10 14:30:03] Outback Climbing Center: 0% (Closed) people=0 capacity=30 is_open=False hour_summary=Closed until 4:00pm
[2026-05-10 14:30:03] RIMAC Fitness Gym: 24% (Not Busy) people=37 capacity=150 is_open=True hour_summary=open
[2026-05-10 14:30:03] Triton Esports Center: 16% (Not Busy) people=6 capacity=35 is_open=True hour_summary=open
[2026-05-10 14:30:03] === SCRAPE END OK ===
[2026-05-10 14:45:02] === SCRAPE START ===
[2026-05-10 14:45:02] Fetching https://waitz.io/live/ucsd-rec
[2026-05-10 14:45:03] Saved 4 rows to ucsd_occupancy_history.csv
[2026-05-10 14:45:03] Main Gym Fitness Gym: 10% (Not Busy) people=7 capacity=72 is_open=True hour_summary=open
[2026-05-10 14:45:03] Outback Climbing Center: 1% (Closed) people=0 capacity=30 is_open=False hour_summary=Closed until 4:00pm
[2026-05-10 14:45:03] RIMAC Fitness Gym: 18% (Not Busy) people=27 capacity=150 is_open=True hour_summary=open
[2026-05-10 14:45:03] Triton Esports Center: 24% (Not Busy) people=8 capacity=35 is_open=True hour_summary=open
[2026-05-10 14:45:03] === SCRAPE END OK ===
