[2026-04-16 00:00:01] === SCRAPE START ===
[2026-04-16 00:00:01] Fetching https://waitz.io/live/ucsd-rec
[2026-04-16 00:00:02] Saved 4 rows to ucsd_occupancy_history.csv
[2026-04-16 00:00:02] Main Gym Fitness Gym: 1% (Closed) people=1 capacity=72 is_open=False hour_summary=Closed until 6:00am
[2026-04-16 00:00:02] Outback Climbing Center: 1% (Closed) people=0 capacity=30 is_open=False hour_summary=Closed until 10:00am
[2026-04-16 00:00:02] RIMAC Fitness Gym: 0% (Closed) people=0 capacity=150 is_open=False hour_summary=Closed until 6:00am
[2026-04-16 00:00:02] Triton Esports Center: 0% (Closed) people=0 capacity=35 is_open=False hour_summary=Closed until 7:30am
[2026-04-16 00:00:02] === SCRAPE END OK ===
[2026-04-16 00:15:02] === SCRAPE START ===
[2026-04-16 00:15:02] Fetching https://waitz.io/live/ucsd-rec
[2026-04-16 00:15:03] Saved 4 rows to ucsd_occupancy_history.csv
[2026-04-16 00:15:03] Main Gym Fitness Gym: 1% (Closed) people=1 capacity=72 is_open=False hour_summary=Closed until 6:00am
[2026-04-16 00:15:03] Outback Climbing Center: 2% (Closed) people=0 capacity=30 is_open=False hour_summary=Closed until 10:00am
[2026-04-16 00:15:03] RIMAC Fitness Gym: 0% (Closed) people=0 capacity=150 is_open=False hour_summary=Closed until 6:00am
[2026-04-16 00:15:03] Triton Esports Center: 0% (Closed) people=0 capacity=35 is_open=False hour_summary=Closed until 7:30am
[2026-04-16 00:15:03] === SCRAPE END OK ===
[2026-04-16 00:30:02] === SCRAPE START ===
[2026-04-16 00:30:02] Fetching https://waitz.io/live/ucsd-rec
[2026-04-16 00:30:04] Saved 4 rows to ucsd_occupancy_history.csv
[2026-04-16 00:30:04] Main Gym Fitness Gym: 1% (Closed) people=1 capacity=72 is_open=False hour_summary=Closed until 6:00am
[2026-04-16 00:30:04] Outback Climbing Center: 6% (Closed) people=2 capacity=30 is_open=False hour_summary=Closed until 10:00am
[2026-04-16 00:30:04] RIMAC Fitness Gym: 0% (Closed) people=0 capacity=150 is_open=False hour_summary=Closed until 6:00am
[2026-04-16 00:30:04] Triton Esports Center: 0% (Closed) people=0 capacity=35 is_open=False hour_summary=Closed until 7:30am
[2026-04-16 00:30:04] === SCRAPE END OK ===
[2026-04-16 00:45:02] === SCRAPE START ===
[2026-04-16 00:45:02] Fetching https://waitz.io/live/ucsd-rec
[2026-04-16 00:45:03] Saved 4 rows to ucsd_occupancy_history.csv
[2026-04-16 00:45:03] Main Gym Fitness Gym: 1% (Closed) people=1 capacity=72 is_open=False hour_summary=Closed until 6:00am
[2026-04-16 00:45:03] Outback Climbing Center: 2% (Closed) people=1 capacity=30 is_open=False hour_summary=Closed until 10:00am
[2026-04-16 00:45:03] RIMAC Fitness Gym: 0% (Closed) people=0 capacity=150 is_open=False hour_summary=Closed until 6:00am
[2026-04-16 00:45:03] Triton Esports Center: 0% (Closed) people=0 capacity=35 is_open=False hour_summary=Closed until 7:30am
[2026-04-16 00:45:03] === SCRAPE END OK ===
[2026-04-16 01:00:02] === SCRAPE START ===
[2026-04-16 01:00:02] Fetching https://waitz.io/live/ucsd-rec
[2026-04-16 01:00:04] Saved 4 rows to ucsd_occupancy_history.csv
[2026-04-16 01:00:04] Main Gym Fitness Gym: 1% (Closed) people=1 capacity=72 is_open=False hour_summary=Closed until 6:00am
[2026-04-16 01:00:04] Outback Climbing Center: 3% (Closed) people=1 capacity=30 is_open=False hour_summary=Closed until 10:00am
[2026-04-16 01:00:04] RIMAC Fitness Gym: 0% (Closed) people=0 capacity=150 is_open=False hour_summary=Closed until 6:00am
[2026-04-16 01:00:04] Triton Esports Center: 0% (Closed) people=0 capacity=35 is_open=False hour_summary=Closed until 7:30am
[2026-04-16 01:00:04] === SCRAPE END OK ===
[2026-04-16 01:15:02] === SCRAPE START ===
[2026-04-16 01:15:02] Fetching https://waitz.io/live/ucsd-rec
[2026-04-16 01:15:03] Saved 4 rows to ucsd_occupancy_history.csv
[2026-04-16 01:15:03] Main Gym Fitness Gym: 2% (Closed) people=1 capacity=72 is_open=False hour_summary=Closed until 6:00am
[2026-04-16 01:15:03] Outback Climbing Center: 1% (Closed) people=0 capacity=30 is_open=False hour_summary=Closed until 10:00am
[2026-04-16 01:15:03] RIMAC Fitness Gym: 0% (Closed) people=0 capacity=150 is_open=False hour_summary=Closed until 6:00am
[2026-04-16 01:15:03] Triton Esports Center: 0% (Closed) people=0 capacity=35 is_open=False hour_summary=Closed until 7:30am
[2026-04-16 01:15:03] === SCRAPE END OK ===
[2026-04-16 01:30:02] === SCRAPE START ===
[2026-04-16 01:30:02] Fetching https://waitz.io/live/ucsd-rec
[2026-04-16 01:30:03] Saved 4 rows to ucsd_occupancy_history.csv
[2026-04-16 01:30:03] Main Gym Fitness Gym: 6% (Closed) people=5 capacity=72 is_open=False hour_summary=Closed until 6:00am
[2026-04-16 01:30:03] Outback Climbing Center: 3% (Closed) people=1 capacity=30 is_open=False hour_summary=Closed until 10:00am
[2026-04-16 01:30:03] RIMAC Fitness Gym: 0% (Closed) people=0 capacity=150 is_open=False hour_summary=Closed until 6:00am
[2026-04-16 01:30:03] Triton Esports Center: 0% (Closed) people=0 capacity=35 is_open=False hour_summary=Closed until 7:30am
[2026-04-16 01:30:03] === SCRAPE END OK ===
[2026-04-16 01:45:02] === SCRAPE START ===
[2026-04-16 01:45:02] Fetching https://waitz.io/live/ucsd-rec
[2026-04-16 01:45:03] Saved 4 rows to ucsd_occupancy_history.csv
[2026-04-16 01:45:03] Main Gym Fitness Gym: 1% (Closed) people=1 capacity=72 is_open=False hour_summary=Closed until 6:00am
[2026-04-16 01:45:03] Outback Climbing Center: 2% (Closed) people=1 capacity=30 is_open=False hour_summary=Closed until 10:00am
[2026-04-16 01:45:03] RIMAC Fitness Gym: 0% (Closed) people=1 capacity=150 is_open=False hour_summary=Closed until 6:00am
[2026-04-16 01:45:03] Triton Esports Center: 0% (Closed) people=0 capacity=35 is_open=False hour_summary=Closed until 7:30am
[2026-04-16 01:45:03] === SCRAPE END OK ===
[2026-04-16 02:00:02] === SCRAPE START ===
[2026-04-16 02:00:02] Fetching https://waitz.io/live/ucsd-rec
[2026-04-16 02:00:04] Saved 4 rows to ucsd_occupancy_history.csv
[2026-04-16 02:00:04] Main Gym Fitness Gym: 1% (Closed) people=1 capacity=72 is_open=False hour_summary=Closed until 6:00am
[2026-04-16 02:00:04] Outback Climbing Center: 1% (Closed) people=0 capacity=30 is_open=False hour_summary=Closed until 10:00am
[2026-04-16 02:00:04] RIMAC Fitness Gym: 0% (Closed) people=0 capacity=150 is_open=False hour_summary=Closed until 6:00am
[2026-04-16 02:00:04] Triton Esports Center: 0% (Closed) people=0 capacity=35 is_open=False hour_summary=Closed until 7:30am
[2026-04-16 02:00:04] === SCRAPE END OK ===
[2026-04-16 02:15:02] === SCRAPE START ===
[2026-04-16 02:15:02] Fetching https://waitz.io/live/ucsd-rec
[2026-04-16 02:15:03] Saved 4 rows to ucsd_occupancy_history.csv
[2026-04-16 02:15:03] Main Gym Fitness Gym: 1% (Closed) people=1 capacity=72 is_open=False hour_summary=Closed until 6:00am
[2026-04-16 02:15:03] Outback Climbing Center: 4% (Closed) people=1 capacity=30 is_open=False hour_summary=Closed until 10:00am
[2026-04-16 02:15:03] RIMAC Fitness Gym: 0% (Closed) people=0 capacity=150 is_open=False hour_summary=Closed until 6:00am
[2026-04-16 02:15:03] Triton Esports Center: 0% (Closed) people=0 capacity=35 is_open=False hour_summary=Closed until 7:30am
[2026-04-16 02:15:03] === SCRAPE END OK ===
[2026-04-16 02:30:17] === SCRAPE START ===
[2026-04-16 02:30:17] Fetching https://waitz.io/live/ucsd-rec
[2026-04-16 02:30:18] Saved 4 rows to ucsd_occupancy_history.csv
[2026-04-16 02:30:18] Main Gym Fitness Gym: 1% (Closed) people=1 capacity=72 is_open=False hour_summary=Closed until 6:00am
[2026-04-16 02:30:18] Outback Climbing Center: 3% (Closed) people=1 capacity=30 is_open=False hour_summary=Closed until 10:00am
[2026-04-16 02:30:18] RIMAC Fitness Gym: 0% (Closed) people=1 capacity=150 is_open=False hour_summary=Closed until 6:00am
[2026-04-16 02:30:18] Triton Esports Center: 0% (Closed) people=0 capacity=35 is_open=False hour_summary=Closed until 7:30am
[2026-04-16 02:30:18] === SCRAPE END OK ===
[2026-04-16 02:45:02] === SCRAPE START ===
[2026-04-16 02:45:02] Fetching https://waitz.io/live/ucsd-rec
[2026-04-16 02:45:03] Saved 4 rows to ucsd_occupancy_history.csv
[2026-04-16 02:45:03] Main Gym Fitness Gym: 2% (Closed) people=1 capacity=72 is_open=False hour_summary=Closed until 6:00am
[2026-04-16 02:45:03] Outback Climbing Center: 3% (Closed) people=1 capacity=30 is_open=False hour_summary=Closed until 10:00am
[2026-04-16 02:45:03] RIMAC Fitness Gym: 0% (Closed) people=0 capacity=150 is_open=False hour_summary=Closed until 6:00am
[2026-04-16 02:45:03] Triton Esports Center: 0% (Closed) people=0 capacity=35 is_open=False hour_summary=Closed until 7:30am
[2026-04-16 02:45:03] === SCRAPE END OK ===
[2026-04-16 03:00:02] === SCRAPE START ===
[2026-04-16 03:00:02] Fetching https://waitz.io/live/ucsd-rec
[2026-04-16 03:00:03] Saved 4 rows to ucsd_occupancy_history.csv
[2026-04-16 03:00:03] Main Gym Fitness Gym: 1% (Closed) people=1 capacity=72 is_open=False hour_summary=Closed until 6:00am
[2026-04-16 03:00:03] Outback Climbing Center: 3% (Closed) people=1 capacity=30 is_open=False hour_summary=Closed until 10:00am
[2026-04-16 03:00:03] RIMAC Fitness Gym: 0% (Closed) people=0 capacity=150 is_open=False hour_summary=Closed until 6:00am
[2026-04-16 03:00:03] Triton Esports Center: 0% (Closed) people=0 capacity=35 is_open=False hour_summary=Closed until 7:30am
[2026-04-16 03:00:03] === SCRAPE END OK ===
[2026-04-16 03:15:02] === SCRAPE START ===
[2026-04-16 03:15:02] Fetching https://waitz.io/live/ucsd-rec
[2026-04-16 03:15:03] Saved 4 rows to ucsd_occupancy_history.csv
[2026-04-16 03:15:03] Main Gym Fitness Gym: 1% (Closed) people=1 capacity=72 is_open=False hour_summary=Closed until 6:00am
[2026-04-16 03:15:03] Outback Climbing Center: 2% (Closed) people=0 capacity=30 is_open=False hour_summary=Closed until 10:00am
[2026-04-16 03:15:03] RIMAC Fitness Gym: 0% (Closed) people=0 capacity=150 is_open=False hour_summary=Closed until 6:00am
[2026-04-16 03:15:03] Triton Esports Center: 0% (Closed) people=0 capacity=35 is_open=False hour_summary=Closed until 7:30am
[2026-04-16 03:15:03] === SCRAPE END OK ===
[2026-04-16 03:30:02] === SCRAPE START ===
[2026-04-16 03:30:02] Fetching https://waitz.io/live/ucsd-rec
[2026-04-16 03:30:03] Saved 4 rows to ucsd_occupancy_history.csv
[2026-04-16 03:30:03] Main Gym Fitness Gym: 1% (Closed) people=1 capacity=72 is_open=False hour_summary=Closed until 6:00am
[2026-04-16 03:30:03] Outback Climbing Center: 1% (Closed) people=0 capacity=30 is_open=False hour_summary=Closed until 10:00am
[2026-04-16 03:30:03] RIMAC Fitness Gym: 0% (Closed) people=1 capacity=150 is_open=False hour_summary=Closed until 6:00am
[2026-04-16 03:30:03] Triton Esports Center: 0% (Closed) people=0 capacity=35 is_open=False hour_summary=Closed until 7:30am
[2026-04-16 03:30:03] === SCRAPE END OK ===
[2026-04-16 03:45:02] === SCRAPE START ===
[2026-04-16 03:45:02] Fetching https://waitz.io/live/ucsd-rec
[2026-04-16 03:45:03] Saved 4 rows to ucsd_occupancy_history.csv
[2026-04-16 03:45:03] Main Gym Fitness Gym: 1% (Closed) people=1 capacity=72 is_open=False hour_summary=Closed until 6:00am
[2026-04-16 03:45:03] Outback Climbing Center: 3% (Closed) people=1 capacity=30 is_open=False hour_summary=Closed until 10:00am
[2026-04-16 03:45:03] RIMAC Fitness Gym: 0% (Closed) people=1 capacity=150 is_open=False hour_summary=Closed until 6:00am
[2026-04-16 03:45:03] Triton Esports Center: 0% (Closed) people=0 capacity=35 is_open=False hour_summary=Closed until 7:30am
[2026-04-16 03:45:03] === SCRAPE END OK ===
[2026-04-16 04:00:02] === SCRAPE START ===
[2026-04-16 04:00:02] Fetching https://waitz.io/live/ucsd-rec
[2026-04-16 04:00:03] Saved 4 rows to ucsd_occupancy_history.csv
[2026-04-16 04:00:03] Main Gym Fitness Gym: 1% (Closed) people=1 capacity=72 is_open=False hour_summary=Closed until 6:00am
[2026-04-16 04:00:03] Outback Climbing Center: 1% (Closed) people=0 capacity=30 is_open=False hour_summary=Closed until 10:00am
[2026-04-16 04:00:03] RIMAC Fitness Gym: 0% (Closed) people=0 capacity=150 is_open=False hour_summary=Closed until 6:00am
[2026-04-16 04:00:03] Triton Esports Center: 0% (Closed) people=0 capacity=35 is_open=False hour_summary=Closed until 7:30am
[2026-04-16 04:00:03] === SCRAPE END OK ===
[2026-04-16 04:15:02] === SCRAPE START ===
[2026-04-16 04:15:02] Fetching https://waitz.io/live/ucsd-rec
[2026-04-16 04:15:03] Saved 4 rows to ucsd_occupancy_history.csv
[2026-04-16 04:15:03] Main Gym Fitness Gym: 1% (Closed) people=1 capacity=72 is_open=False hour_summary=Closed until 6:00am
[2026-04-16 04:15:03] Outback Climbing Center: 1% (Closed) people=0 capacity=30 is_open=False hour_summary=Closed until 10:00am
[2026-04-16 04:15:03] RIMAC Fitness Gym: 0% (Closed) people=1 capacity=150 is_open=False hour_summary=Closed until 6:00am
[2026-04-16 04:15:03] Triton Esports Center: 0% (Closed) people=0 capacity=35 is_open=False hour_summary=Closed until 7:30am
[2026-04-16 04:15:03] === SCRAPE END OK ===
[2026-04-16 04:30:02] === SCRAPE START ===
[2026-04-16 04:30:02] Fetching https://waitz.io/live/ucsd-rec
[2026-04-16 04:30:03] Saved 4 rows to ucsd_occupancy_history.csv
[2026-04-16 04:30:03] Main Gym Fitness Gym: 1% (Closed) people=1 capacity=72 is_open=False hour_summary=Closed until 6:00am
[2026-04-16 04:30:03] Outback Climbing Center: 5% (Closed) people=1 capacity=30 is_open=False hour_summary=Closed until 10:00am
[2026-04-16 04:30:03] RIMAC Fitness Gym: 0% (Closed) people=0 capacity=150 is_open=False hour_summary=Closed until 6:00am
[2026-04-16 04:30:03] Triton Esports Center: 0% (Closed) people=0 capacity=35 is_open=False hour_summary=Closed until 7:30am
[2026-04-16 04:30:03] === SCRAPE END OK ===
[2026-04-16 04:45:02] === SCRAPE START ===
[2026-04-16 04:45:02] Fetching https://waitz.io/live/ucsd-rec
[2026-04-16 04:45:03] Saved 4 rows to ucsd_occupancy_history.csv
[2026-04-16 04:45:03] Main Gym Fitness Gym: 1% (Closed) people=1 capacity=72 is_open=False hour_summary=Closed until 6:00am
[2026-04-16 04:45:03] Outback Climbing Center: 1% (Closed) people=0 capacity=30 is_open=False hour_summary=Closed until 10:00am
[2026-04-16 04:45:03] RIMAC Fitness Gym: 0% (Closed) people=0 capacity=150 is_open=False hour_summary=Closed until 6:00am
[2026-04-16 04:45:03] Triton Esports Center: 0% (Closed) people=0 capacity=35 is_open=False hour_summary=Closed until 7:30am
[2026-04-16 04:45:03] === SCRAPE END OK ===
[2026-04-16 05:00:02] === SCRAPE START ===
[2026-04-16 05:00:02] Fetching https://waitz.io/live/ucsd-rec
[2026-04-16 05:00:04] Saved 4 rows to ucsd_occupancy_history.csv
[2026-04-16 05:00:04] Main Gym Fitness Gym: 1% (Closed) people=1 capacity=72 is_open=False hour_summary=Closed until 6:00am
[2026-04-16 05:00:04] Outback Climbing Center: 2% (Closed) people=1 capacity=30 is_open=False hour_summary=Closed until 10:00am
[2026-04-16 05:00:04] RIMAC Fitness Gym: 0% (Closed) people=1 capacity=150 is_open=False hour_summary=Closed until 6:00am
[2026-04-16 05:00:04] Triton Esports Center: 0% (Closed) people=0 capacity=35 is_open=False hour_summary=Closed until 7:30am
[2026-04-16 05:00:04] === SCRAPE END OK ===
[2026-04-16 05:15:02] === SCRAPE START ===
[2026-04-16 05:15:02] Fetching https://waitz.io/live/ucsd-rec
[2026-04-16 05:15:03] Saved 4 rows to ucsd_occupancy_history.csv
[2026-04-16 05:15:03] Main Gym Fitness Gym: 1% (Closed) people=1 capacity=72 is_open=False hour_summary=Closed until 6:00am
[2026-04-16 05:15:03] Outback Climbing Center: 1% (Closed) people=0 capacity=30 is_open=False hour_summary=Closed until 10:00am
[2026-04-16 05:15:03] RIMAC Fitness Gym: 0% (Closed) people=0 capacity=150 is_open=False hour_summary=Closed until 6:00am
[2026-04-16 05:15:03] Triton Esports Center: 0% (Closed) people=0 capacity=35 is_open=False hour_summary=Closed until 7:30am
[2026-04-16 05:15:03] === SCRAPE END OK ===
[2026-04-16 05:30:02] === SCRAPE START ===
[2026-04-16 05:30:02] Fetching https://waitz.io/live/ucsd-rec
[2026-04-16 05:30:03] Saved 4 rows to ucsd_occupancy_history.csv
[2026-04-16 05:30:03] Main Gym Fitness Gym: 1% (Closed) people=1 capacity=72 is_open=False hour_summary=Closed until 6:00am
[2026-04-16 05:30:03] Outback Climbing Center: 2% (Closed) people=0 capacity=30 is_open=False hour_summary=Closed until 10:00am
[2026-04-16 05:30:03] RIMAC Fitness Gym: 0% (Closed) people=0 capacity=150 is_open=False hour_summary=Closed until 6:00am
[2026-04-16 05:30:03] Triton Esports Center: 0% (Closed) people=0 capacity=35 is_open=False hour_summary=Closed until 7:30am
[2026-04-16 05:30:03] === SCRAPE END OK ===
[2026-04-16 05:45:02] === SCRAPE START ===
[2026-04-16 05:45:02] Fetching https://waitz.io/live/ucsd-rec
[2026-04-16 05:45:03] Saved 4 rows to ucsd_occupancy_history.csv
[2026-04-16 05:45:03] Main Gym Fitness Gym: 1% (Closed) people=1 capacity=72 is_open=False hour_summary=Closed until 6:00am
[2026-04-16 05:45:03] Outback Climbing Center: 2% (Closed) people=1 capacity=30 is_open=False hour_summary=Closed until 10:00am
[2026-04-16 05:45:03] RIMAC Fitness Gym: 0% (Closed) people=0 capacity=150 is_open=False hour_summary=Closed until 6:00am
[2026-04-16 05:45:03] Triton Esports Center: 0% (Closed) people=0 capacity=35 is_open=False hour_summary=Closed until 7:30am
[2026-04-16 05:45:03] === SCRAPE END OK ===
[2026-04-16 06:00:02] === SCRAPE START ===
[2026-04-16 06:00:02] Fetching https://waitz.io/live/ucsd-rec
[2026-04-16 06:00:03] Saved 4 rows to ucsd_occupancy_history.csv
[2026-04-16 06:00:03] Main Gym Fitness Gym: 1% (Not Busy) people=1 capacity=72 is_open=True hour_summary=open
[2026-04-16 06:00:03] Outback Climbing Center: 4% (Closed) people=1 capacity=30 is_open=False hour_summary=Closed until 10:00am
[2026-04-16 06:00:03] RIMAC Fitness Gym: 0% (Not Busy) people=1 capacity=150 is_open=True hour_summary=open
[2026-04-16 06:00:03] Triton Esports Center: 0% (Closed) people=0 capacity=35 is_open=False hour_summary=Closed until 7:30am
[2026-04-16 06:00:03] === SCRAPE END OK ===
[2026-04-16 06:15:02] === SCRAPE START ===
[2026-04-16 06:15:02] Fetching https://waitz.io/live/ucsd-rec
[2026-04-16 06:15:03] Saved 4 rows to ucsd_occupancy_history.csv
[2026-04-16 06:15:03] Main Gym Fitness Gym: 1% (Not Busy) people=1 capacity=72 is_open=True hour_summary=open
[2026-04-16 06:15:03] Outback Climbing Center: 3% (Closed) people=1 capacity=30 is_open=False hour_summary=Closed until 10:00am
[2026-04-16 06:15:03] RIMAC Fitness Gym: 11% (Not Busy) people=17 capacity=150 is_open=True hour_summary=open
[2026-04-16 06:15:03] Triton Esports Center: 0% (Closed) people=0 capacity=35 is_open=False hour_summary=Closed until 7:30am
[2026-04-16 06:15:03] === SCRAPE END OK ===
[2026-04-16 06:30:02] === SCRAPE START ===
[2026-04-16 06:30:02] Fetching https://waitz.io/live/ucsd-rec
[2026-04-16 06:30:03] Saved 4 rows to ucsd_occupancy_history.csv
[2026-04-16 06:30:03] Main Gym Fitness Gym: 14% (Not Busy) people=10 capacity=72 is_open=True hour_summary=open
[2026-04-16 06:30:03] Outback Climbing Center: 1% (Closed) people=0 capacity=30 is_open=False hour_summary=Closed until 10:00am
[2026-04-16 06:30:03] RIMAC Fitness Gym: 20% (Not Busy) people=29 capacity=150 is_open=True hour_summary=open
[2026-04-16 06:30:03] Triton Esports Center: 0% (Closed) people=0 capacity=35 is_open=False hour_summary=Closed until 7:30am
[2026-04-16 06:30:03] === SCRAPE END OK ===
[2026-04-16 06:45:02] === SCRAPE START ===
[2026-04-16 06:45:02] Fetching https://waitz.io/live/ucsd-rec
[2026-04-16 06:45:04] Saved 4 rows to ucsd_occupancy_history.csv
[2026-04-16 06:45:04] Main Gym Fitness Gym: 4% (Not Busy) people=3 capacity=72 is_open=True hour_summary=open
[2026-04-16 06:45:04] Outback Climbing Center: 4% (Closed) people=1 capacity=30 is_open=False hour_summary=Closed until 10:00am
[2026-04-16 06:45:04] RIMAC Fitness Gym: 29% (Not Busy) people=43 capacity=150 is_open=True hour_summary=open
[2026-04-16 06:45:04] Triton Esports Center: 0% (Closed) people=0 capacity=35 is_open=False hour_summary=Closed until 7:30am
[2026-04-16 06:45:04] === SCRAPE END OK ===
[2026-04-16 07:00:02] === SCRAPE START ===
[2026-04-16 07:00:02] Fetching https://waitz.io/live/ucsd-rec
[2026-04-16 07:00:03] Saved 4 rows to ucsd_occupancy_history.csv
[2026-04-16 07:00:03] Main Gym Fitness Gym: 18% (Not Busy) people=13 capacity=72 is_open=True hour_summary=open
[2026-04-16 07:00:03] Outback Climbing Center: 3% (Closed) people=1 capacity=30 is_open=False hour_summary=Closed until 10:00am
[2026-04-16 07:00:03] RIMAC Fitness Gym: 26% (Not Busy) people=39 capacity=150 is_open=True hour_summary=open
[2026-04-16 07:00:03] Triton Esports Center: 0% (Closed) people=0 capacity=35 is_open=False hour_summary=Closed until 7:30am
[2026-04-16 07:00:03] === SCRAPE END OK ===
[2026-04-16 07:15:02] === SCRAPE START ===
[2026-04-16 07:15:02] Fetching https://waitz.io/live/ucsd-rec
[2026-04-16 07:15:03] Saved 4 rows to ucsd_occupancy_history.csv
[2026-04-16 07:15:03] Main Gym Fitness Gym: 18% (Not Busy) people=13 capacity=72 is_open=True hour_summary=open
[2026-04-16 07:15:03] Outback Climbing Center: 5% (Closed) people=1 capacity=30 is_open=False hour_summary=Closed until 10:00am
[2026-04-16 07:15:03] RIMAC Fitness Gym: 33% (Not Busy) people=49 capacity=150 is_open=True hour_summary=open
[2026-04-16 07:15:03] Triton Esports Center: 0% (Closed) people=0 capacity=35 is_open=False hour_summary=Closed until 7:30am
[2026-04-16 07:15:03] === SCRAPE END OK ===
[2026-04-16 07:30:02] === SCRAPE START ===
[2026-04-16 07:30:02] Fetching https://waitz.io/live/ucsd-rec
[2026-04-16 07:30:04] Saved 4 rows to ucsd_occupancy_history.csv
[2026-04-16 07:30:04] Main Gym Fitness Gym: 17% (Not Busy) people=12 capacity=72 is_open=True hour_summary=open
[2026-04-16 07:30:04] Outback Climbing Center: 4% (Closed) people=1 capacity=30 is_open=False hour_summary=Closed until 10:00am
[2026-04-16 07:30:04] RIMAC Fitness Gym: 30% (Not Busy) people=44 capacity=150 is_open=True hour_summary=open
[2026-04-16 07:30:04] Triton Esports Center: 0% (Not Busy) people=0 capacity=35 is_open=True hour_summary=open
[2026-04-16 07:30:04] === SCRAPE END OK ===
[2026-04-16 07:45:02] === SCRAPE START ===
[2026-04-16 07:45:02] Fetching https://waitz.io/live/ucsd-rec
[2026-04-16 07:45:03] Saved 4 rows to ucsd_occupancy_history.csv
[2026-04-16 07:45:03] Main Gym Fitness Gym: 61% (Busy) people=44 capacity=72 is_open=True hour_summary=open
[2026-04-16 07:45:03] Outback Climbing Center: 5% (Closed) people=1 capacity=30 is_open=False hour_summary=Closed until 10:00am
[2026-04-16 07:45:03] RIMAC Fitness Gym: 29% (Not Busy) people=44 capacity=150 is_open=True hour_summary=open
[2026-04-16 07:45:03] Triton Esports Center: 1% (Not Busy) people=0 capacity=35 is_open=True hour_summary=open
[2026-04-16 07:45:03] === SCRAPE END OK ===
[2026-04-16 08:00:02] === SCRAPE START ===
[2026-04-16 08:00:02] Fetching https://waitz.io/live/ucsd-rec
[2026-04-16 08:00:04] Saved 4 rows to ucsd_occupancy_history.csv
[2026-04-16 08:00:04] Main Gym Fitness Gym: 10% (Not Busy) people=7 capacity=72 is_open=True hour_summary=open
[2026-04-16 08:00:04] Outback Climbing Center: 28% (Closed) people=9 capacity=30 is_open=False hour_summary=Closed until 10:00am
[2026-04-16 08:00:04] RIMAC Fitness Gym: 40% (Not Busy) people=60 capacity=150 is_open=True hour_summary=open
[2026-04-16 08:00:04] Triton Esports Center: 0% (Not Busy) people=0 capacity=35 is_open=True hour_summary=open
[2026-04-16 08:00:04] === SCRAPE END OK ===
[2026-04-16 08:15:02] === SCRAPE START ===
[2026-04-16 08:15:02] Fetching https://waitz.io/live/ucsd-rec
[2026-04-16 08:15:03] Saved 4 rows to ucsd_occupancy_history.csv
[2026-04-16 08:15:03] Main Gym Fitness Gym: 25% (Not Busy) people=18 capacity=72 is_open=True hour_summary=open
[2026-04-16 08:15:03] Outback Climbing Center: 30% (Closed) people=9 capacity=30 is_open=False hour_summary=Closed until 10:00am
[2026-04-16 08:15:03] RIMAC Fitness Gym: 41% (Not Busy) people=62 capacity=150 is_open=True hour_summary=open
[2026-04-16 08:15:03] Triton Esports Center: 2% (Not Busy) people=1 capacity=35 is_open=True hour_summary=open
[2026-04-16 08:15:03] === SCRAPE END OK ===
[2026-04-16 08:30:02] === SCRAPE START ===
[2026-04-16 08:30:02] Fetching https://waitz.io/live/ucsd-rec
[2026-04-16 08:30:03] Saved 4 rows to ucsd_occupancy_history.csv
[2026-04-16 08:30:03] Main Gym Fitness Gym: 21% (Not Busy) people=15 capacity=72 is_open=True hour_summary=open
[2026-04-16 08:30:03] Outback Climbing Center: 28% (Closed) people=9 capacity=30 is_open=False hour_summary=Closed until 10:00am
[2026-04-16 08:30:03] RIMAC Fitness Gym: 47% (Busy) people=70 capacity=150 is_open=True hour_summary=open
[2026-04-16 08:30:03] Triton Esports Center: 3% (Not Busy) people=1 capacity=35 is_open=True hour_summary=open
[2026-04-16 08:30:03] === SCRAPE END OK ===
[2026-04-16 08:45:02] === SCRAPE START ===
[2026-04-16 08:45:02] Fetching https://waitz.io/live/ucsd-rec
[2026-04-16 08:45:03] Saved 4 rows to ucsd_occupancy_history.csv
[2026-04-16 08:45:03] Main Gym Fitness Gym: 14% (Not Busy) people=10 capacity=72 is_open=True hour_summary=open
[2026-04-16 08:45:03] Outback Climbing Center: 29% (Closed) people=9 capacity=30 is_open=False hour_summary=Closed until 10:00am
[2026-04-16 08:45:03] RIMAC Fitness Gym: 45% (Not Busy) people=67 capacity=150 is_open=True hour_summary=open
[2026-04-16 08:45:03] Triton Esports Center: 3% (Not Busy) people=1 capacity=35 is_open=True hour_summary=open
[2026-04-16 08:45:03] === SCRAPE END OK ===
[2026-04-16 09:00:02] === SCRAPE START ===
[2026-04-16 09:00:02] Fetching https://waitz.io/live/ucsd-rec
[2026-04-16 09:00:05] Saved 4 rows to ucsd_occupancy_history.csv
[2026-04-16 09:00:05] Main Gym Fitness Gym: 16% (Not Busy) people=12 capacity=72 is_open=True hour_summary=open
[2026-04-16 09:00:05] Outback Climbing Center: 5% (Closed) people=2 capacity=30 is_open=False hour_summary=Closed until 10:00am
[2026-04-16 09:00:05] RIMAC Fitness Gym: 33% (Not Busy) people=49 capacity=150 is_open=True hour_summary=open
[2026-04-16 09:00:05] Triton Esports Center: 14% (Not Busy) people=5 capacity=35 is_open=True hour_summary=open
[2026-04-16 09:00:05] === SCRAPE END OK ===
[2026-04-16 09:15:02] === SCRAPE START ===
[2026-04-16 09:15:02] Fetching https://waitz.io/live/ucsd-rec
[2026-04-16 09:15:03] Saved 4 rows to ucsd_occupancy_history.csv
[2026-04-16 09:15:03] Main Gym Fitness Gym: 15% (Not Busy) people=11 capacity=72 is_open=True hour_summary=open
[2026-04-16 09:15:03] Outback Climbing Center: 1% (Closed) people=0 capacity=30 is_open=False hour_summary=Closed until 10:00am
[2026-04-16 09:15:03] RIMAC Fitness Gym: 37% (Not Busy) people=55 capacity=150 is_open=True hour_summary=open
[2026-04-16 09:15:03] Triton Esports Center: 7% (Not Busy) people=2 capacity=35 is_open=True hour_summary=open
[2026-04-16 09:15:03] === SCRAPE END OK ===
[2026-04-16 09:30:02] === SCRAPE START ===
[2026-04-16 09:30:02] Fetching https://waitz.io/live/ucsd-rec
[2026-04-16 09:30:03] Saved 4 rows to ucsd_occupancy_history.csv
[2026-04-16 09:30:03] Main Gym Fitness Gym: 18% (Not Busy) people=13 capacity=72 is_open=True hour_summary=open
[2026-04-16 09:30:03] Outback Climbing Center: 2% (Closed) people=1 capacity=30 is_open=False hour_summary=Closed until 10:00am
[2026-04-16 09:30:03] RIMAC Fitness Gym: 32% (Not Busy) people=48 capacity=150 is_open=True hour_summary=open
[2026-04-16 09:30:03] Triton Esports Center: 19% (Not Busy) people=7 capacity=35 is_open=True hour_summary=open
[2026-04-16 09:30:03] === SCRAPE END OK ===
[2026-04-16 09:45:02] === SCRAPE START ===
[2026-04-16 09:45:02] Fetching https://waitz.io/live/ucsd-rec
[2026-04-16 09:45:03] Saved 4 rows to ucsd_occupancy_history.csv
[2026-04-16 09:45:03] Main Gym Fitness Gym: 14% (Not Busy) people=10 capacity=72 is_open=True hour_summary=open
[2026-04-16 09:45:03] Outback Climbing Center: 2% (Closed) people=0 capacity=30 is_open=False hour_summary=Closed until 10:00am
[2026-04-16 09:45:03] RIMAC Fitness Gym: 51% (Busy) people=77 capacity=150 is_open=True hour_summary=open
[2026-04-16 09:45:03] Triton Esports Center: 16% (Not Busy) people=6 capacity=35 is_open=True hour_summary=open
[2026-04-16 09:45:03] === SCRAPE END OK ===
[2026-04-16 10:00:02] === SCRAPE START ===
[2026-04-16 10:00:02] Fetching https://waitz.io/live/ucsd-rec
[2026-04-16 10:00:03] Saved 4 rows to ucsd_occupancy_history.csv
[2026-04-16 10:00:03] Main Gym Fitness Gym: 27% (Not Busy) people=19 capacity=72 is_open=True hour_summary=open
[2026-04-16 10:00:03] Outback Climbing Center: 1% (Not Busy) people=0 capacity=30 is_open=True hour_summary=open
[2026-04-16 10:00:03] RIMAC Fitness Gym: 66% (Busy) people=99 capacity=150 is_open=True hour_summary=open
[2026-04-16 10:00:03] Triton Esports Center: 18% (Not Busy) people=6 capacity=35 is_open=True hour_summary=open
[2026-04-16 10:00:03] === SCRAPE END OK ===
[2026-04-16 10:15:02] === SCRAPE START ===
[2026-04-16 10:15:02] Fetching https://waitz.io/live/ucsd-rec
[2026-04-16 10:15:03] Saved 4 rows to ucsd_occupancy_history.csv
[2026-04-16 10:15:03] Main Gym Fitness Gym: 41% (Not Busy) people=30 capacity=72 is_open=True hour_summary=open
[2026-04-16 10:15:03] Outback Climbing Center: 76% (Busy) people=23 capacity=30 is_open=True hour_summary=open
[2026-04-16 10:15:03] RIMAC Fitness Gym: 55% (Busy) people=82 capacity=150 is_open=True hour_summary=open
[2026-04-16 10:15:03] Triton Esports Center: 14% (Not Busy) people=5 capacity=35 is_open=True hour_summary=open
[2026-04-16 10:15:03] === SCRAPE END OK ===
[2026-04-16 10:30:02] === SCRAPE START ===
[2026-04-16 10:30:02] Fetching https://waitz.io/live/ucsd-rec
[2026-04-16 10:30:03] Saved 4 rows to ucsd_occupancy_history.csv
[2026-04-16 10:30:03] Main Gym Fitness Gym: 16% (Not Busy) people=11 capacity=72 is_open=True hour_summary=open
[2026-04-16 10:30:03] Outback Climbing Center: 99% (Very Active) people=46 capacity=30 is_open=True hour_summary=open
[2026-04-16 10:30:03] RIMAC Fitness Gym: 53% (Busy) people=79 capacity=150 is_open=True hour_summary=open
[2026-04-16 10:30:03] Triton Esports Center: 14% (Not Busy) people=5 capacity=35 is_open=True hour_summary=open
[2026-04-16 10:30:03] === SCRAPE END OK ===
[2026-04-16 10:45:02] === SCRAPE START ===
[2026-04-16 10:45:02] Fetching https://waitz.io/live/ucsd-rec
[2026-04-16 10:45:03] Saved 4 rows to ucsd_occupancy_history.csv
[2026-04-16 10:45:03] Main Gym Fitness Gym: 34% (Not Busy) people=24 capacity=72 is_open=True hour_summary=open
[2026-04-16 10:45:03] Outback Climbing Center: 99% (Very Active) people=44 capacity=30 is_open=True hour_summary=open
[2026-04-16 10:45:03] RIMAC Fitness Gym: 37% (Not Busy) people=56 capacity=150 is_open=True hour_summary=open
[2026-04-16 10:45:03] Triton Esports Center: 27% (Not Busy) people=10 capacity=35 is_open=True hour_summary=open
[2026-04-16 10:45:03] === SCRAPE END OK ===
[2026-04-16 11:00:02] === SCRAPE START ===
[2026-04-16 11:00:02] Fetching https://waitz.io/live/ucsd-rec
[2026-04-16 11:00:03] Saved 4 rows to ucsd_occupancy_history.csv
[2026-04-16 11:00:03] Main Gym Fitness Gym: 30% (Not Busy) people=22 capacity=72 is_open=True hour_summary=open
[2026-04-16 11:00:03] Outback Climbing Center: 99% (Very Active) people=50 capacity=30 is_open=True hour_summary=open
[2026-04-16 11:00:03] RIMAC Fitness Gym: 37% (Not Busy) people=55 capacity=150 is_open=True hour_summary=open
[2026-04-16 11:00:03] Triton Esports Center: 33% (Not Busy) people=12 capacity=35 is_open=True hour_summary=open
[2026-04-16 11:00:03] === SCRAPE END OK ===
[2026-04-16 11:15:02] === SCRAPE START ===
[2026-04-16 11:15:02] Fetching https://waitz.io/live/ucsd-rec
[2026-04-16 11:15:03] Saved 4 rows to ucsd_occupancy_history.csv
[2026-04-16 11:15:03] Main Gym Fitness Gym: 35% (Not Busy) people=25 capacity=72 is_open=True hour_summary=open
[2026-04-16 11:15:03] Outback Climbing Center: 99% (Very Active) people=44 capacity=30 is_open=True hour_summary=open
[2026-04-16 11:15:03] RIMAC Fitness Gym: 51% (Busy) people=76 capacity=150 is_open=True hour_summary=open
[2026-04-16 11:15:03] Triton Esports Center: 53% (Busy) people=18 capacity=35 is_open=True hour_summary=open
[2026-04-16 11:15:03] === SCRAPE END OK ===
[2026-04-16 11:30:02] === SCRAPE START ===
[2026-04-16 11:30:02] Fetching https://waitz.io/live/ucsd-rec
[2026-04-16 11:30:04] Saved 4 rows to ucsd_occupancy_history.csv
[2026-04-16 11:30:04] Main Gym Fitness Gym: 33% (Not Busy) people=24 capacity=72 is_open=True hour_summary=open
[2026-04-16 11:30:04] Outback Climbing Center: 85% (Very Active) people=25 capacity=30 is_open=True hour_summary=open
[2026-04-16 11:30:04] RIMAC Fitness Gym: 63% (Busy) people=95 capacity=150 is_open=True hour_summary=open
[2026-04-16 11:30:04] Triton Esports Center: 49% (Busy) people=17 capacity=35 is_open=True hour_summary=open
[2026-04-16 11:30:04] === SCRAPE END OK ===
[2026-04-16 11:45:02] === SCRAPE START ===
[2026-04-16 11:45:02] Fetching https://waitz.io/live/ucsd-rec
[2026-04-16 11:45:03] Saved 4 rows to ucsd_occupancy_history.csv
[2026-04-16 11:45:03] Main Gym Fitness Gym: 66% (Busy) people=48 capacity=72 is_open=True hour_summary=open
[2026-04-16 11:45:03] Outback Climbing Center: 53% (Busy) people=16 capacity=30 is_open=True hour_summary=open
[2026-04-16 11:45:03] RIMAC Fitness Gym: 75% (Busy) people=112 capacity=150 is_open=True hour_summary=open
[2026-04-16 11:45:03] Triton Esports Center: 41% (Not Busy) people=14 capacity=35 is_open=True hour_summary=open
[2026-04-16 11:45:03] === SCRAPE END OK ===
[2026-04-16 12:00:02] === SCRAPE START ===
[2026-04-16 12:00:02] Fetching https://waitz.io/live/ucsd-rec
[2026-04-16 12:00:03] Saved 4 rows to ucsd_occupancy_history.csv
[2026-04-16 12:00:03] Main Gym Fitness Gym: 40% (Not Busy) people=29 capacity=72 is_open=True hour_summary=open
[2026-04-16 12:00:03] Outback Climbing Center: 50% (Busy) people=15 capacity=30 is_open=True hour_summary=open
[2026-04-16 12:00:03] RIMAC Fitness Gym: 67% (Busy) people=100 capacity=150 is_open=True hour_summary=open
[2026-04-16 12:00:03] Triton Esports Center: 40% (Not Busy) people=14 capacity=35 is_open=True hour_summary=open
[2026-04-16 12:00:03] === SCRAPE END OK ===
[2026-04-16 12:15:02] === SCRAPE START ===
[2026-04-16 12:15:02] Fetching https://waitz.io/live/ucsd-rec
[2026-04-16 12:15:03] Saved 4 rows to ucsd_occupancy_history.csv
[2026-04-16 12:15:03] Main Gym Fitness Gym: 38% (Not Busy) people=27 capacity=72 is_open=True hour_summary=open
[2026-04-16 12:15:03] Outback Climbing Center: 65% (Busy) people=19 capacity=30 is_open=True hour_summary=open
[2026-04-16 12:15:03] RIMAC Fitness Gym: 70% (Busy) people=105 capacity=150 is_open=True hour_summary=open
[2026-04-16 12:15:03] Triton Esports Center: 64% (Busy) people=22 capacity=35 is_open=True hour_summary=open
[2026-04-16 12:15:03] === SCRAPE END OK ===
[2026-04-16 12:30:02] === SCRAPE START ===
[2026-04-16 12:30:02] Fetching https://waitz.io/live/ucsd-rec
[2026-04-16 12:30:04] Saved 4 rows to ucsd_occupancy_history.csv
[2026-04-16 12:30:04] Main Gym Fitness Gym: 25% (Not Busy) people=18 capacity=72 is_open=True hour_summary=open
[2026-04-16 12:30:04] Outback Climbing Center: 89% (Very Active) people=27 capacity=30 is_open=True hour_summary=open
[2026-04-16 12:30:04] RIMAC Fitness Gym: 65% (Busy) people=97 capacity=150 is_open=True hour_summary=open
[2026-04-16 12:30:04] Triton Esports Center: 91% (Very Active) people=32 capacity=35 is_open=True hour_summary=open
[2026-04-16 12:30:04] === SCRAPE END OK ===
[2026-04-16 12:45:02] === SCRAPE START ===
[2026-04-16 12:45:02] Fetching https://waitz.io/live/ucsd-rec
[2026-04-16 12:45:02] SCRAPER ERROR: 'int' object has no attribute 'get'
[2026-04-16 13:00:02] === SCRAPE START ===
[2026-04-16 13:00:02] Fetching https://waitz.io/live/ucsd-rec
[2026-04-16 13:00:04] Saved 4 rows to ucsd_occupancy_history.csv
[2026-04-16 13:00:04] Main Gym Fitness Gym: 32% (Not Busy) people=23 capacity=72 is_open=True hour_summary=open
[2026-04-16 13:00:04] Outback Climbing Center: 99% (Very Active) people=58 capacity=30 is_open=True hour_summary=open
[2026-04-16 13:00:04] RIMAC Fitness Gym: 70% (Busy) people=105 capacity=150 is_open=True hour_summary=open
[2026-04-16 13:00:04] Triton Esports Center: 68% (Busy) people=24 capacity=35 is_open=True hour_summary=open
[2026-04-16 13:00:04] === SCRAPE END OK ===
[2026-04-16 13:15:02] === SCRAPE START ===
[2026-04-16 13:15:02] Fetching https://waitz.io/live/ucsd-rec
[2026-04-16 13:15:03] Saved 4 rows to ucsd_occupancy_history.csv
[2026-04-16 13:15:03] Main Gym Fitness Gym: 27% (Not Busy) people=20 capacity=72 is_open=True hour_summary=open
[2026-04-16 13:15:03] Outback Climbing Center: 99% (Very Active) people=59 capacity=30 is_open=True hour_summary=open
[2026-04-16 13:15:03] RIMAC Fitness Gym: 83% (Very Active) people=124 capacity=150 is_open=True hour_summary=open
[2026-04-16 13:15:03] Triton Esports Center: 57% (Busy) people=20 capacity=35 is_open=True hour_summary=open
[2026-04-16 13:15:03] === SCRAPE END OK ===
[2026-04-16 13:30:02] === SCRAPE START ===
[2026-04-16 13:30:02] Fetching https://waitz.io/live/ucsd-rec
[2026-04-16 13:30:03] Saved 4 rows to ucsd_occupancy_history.csv
[2026-04-16 13:30:03] Main Gym Fitness Gym: 34% (Not Busy) people=24 capacity=72 is_open=True hour_summary=open
[2026-04-16 13:30:03] Outback Climbing Center: 99% (Very Active) people=42 capacity=30 is_open=True hour_summary=open
[2026-04-16 13:30:03] RIMAC Fitness Gym: 60% (Busy) people=91 capacity=150 is_open=True hour_summary=open
[2026-04-16 13:30:03] Triton Esports Center: 62% (Busy) people=22 capacity=35 is_open=True hour_summary=open
[2026-04-16 13:30:03] === SCRAPE END OK ===
[2026-04-16 13:45:02] === SCRAPE START ===
[2026-04-16 13:45:02] Fetching https://waitz.io/live/ucsd-rec
[2026-04-16 13:45:03] Saved 4 rows to ucsd_occupancy_history.csv
[2026-04-16 13:45:03] Main Gym Fitness Gym: 28% (Not Busy) people=20 capacity=72 is_open=True hour_summary=open
[2026-04-16 13:45:03] Outback Climbing Center: 99% (Very Active) people=63 capacity=30 is_open=True hour_summary=open
[2026-04-16 13:45:03] RIMAC Fitness Gym: 62% (Busy) people=93 capacity=150 is_open=True hour_summary=open
[2026-04-16 13:45:03] Triton Esports Center: 48% (Busy) people=17 capacity=35 is_open=True hour_summary=open
[2026-04-16 13:45:03] === SCRAPE END OK ===
[2026-04-16 14:00:02] === SCRAPE START ===
[2026-04-16 14:00:02] Fetching https://waitz.io/live/ucsd-rec
[2026-04-16 14:00:04] Saved 4 rows to ucsd_occupancy_history.csv
[2026-04-16 14:00:04] Main Gym Fitness Gym: 43% (Not Busy) people=31 capacity=72 is_open=True hour_summary=open
[2026-04-16 14:00:04] Outback Climbing Center: 99% (Very Active) people=51 capacity=30 is_open=True hour_summary=open
[2026-04-16 14:00:04] RIMAC Fitness Gym: 46% (Busy) people=68 capacity=150 is_open=True hour_summary=open
[2026-04-16 14:00:04] Triton Esports Center: 62% (Busy) people=22 capacity=35 is_open=True hour_summary=open
[2026-04-16 14:00:04] === SCRAPE END OK ===
[2026-04-16 14:15:02] === SCRAPE START ===
[2026-04-16 14:15:02] Fetching https://waitz.io/live/ucsd-rec
[2026-04-16 14:15:03] Saved 4 rows to ucsd_occupancy_history.csv
[2026-04-16 14:15:03] Main Gym Fitness Gym: 31% (Not Busy) people=22 capacity=72 is_open=True hour_summary=open
[2026-04-16 14:15:03] Outback Climbing Center: 99% (Very Active) people=42 capacity=30 is_open=True hour_summary=open
[2026-04-16 14:15:03] RIMAC Fitness Gym: 70% (Busy) people=106 capacity=150 is_open=True hour_summary=open
[2026-04-16 14:15:03] Triton Esports Center: 53% (Busy) people=18 capacity=35 is_open=True hour_summary=open
[2026-04-16 14:15:03] === SCRAPE END OK ===
[2026-04-16 14:30:02] === SCRAPE START ===
[2026-04-16 14:30:02] Fetching https://waitz.io/live/ucsd-rec
[2026-04-16 14:30:03] Saved 4 rows to ucsd_occupancy_history.csv
[2026-04-16 14:30:03] Main Gym Fitness Gym: 26% (Not Busy) people=19 capacity=72 is_open=True hour_summary=open
[2026-04-16 14:30:03] Outback Climbing Center: 99% (Very Active) people=48 capacity=30 is_open=True hour_summary=open
[2026-04-16 14:30:03] RIMAC Fitness Gym: 67% (Busy) people=101 capacity=150 is_open=True hour_summary=open
[2026-04-16 14:30:03] Triton Esports Center: 74% (Busy) people=26 capacity=35 is_open=True hour_summary=open
[2026-04-16 14:30:03] === SCRAPE END OK ===
[2026-04-16 14:45:02] === SCRAPE START ===
[2026-04-16 14:45:02] Fetching https://waitz.io/live/ucsd-rec
[2026-04-16 14:45:03] Saved 4 rows to ucsd_occupancy_history.csv
[2026-04-16 14:45:03] Main Gym Fitness Gym: 28% (Not Busy) people=20 capacity=72 is_open=True hour_summary=open
[2026-04-16 14:45:03] Outback Climbing Center: 99% (Very Active) people=35 capacity=30 is_open=True hour_summary=open
[2026-04-16 14:45:03] RIMAC Fitness Gym: 76% (Busy) people=114 capacity=150 is_open=True hour_summary=open
[2026-04-16 14:45:03] Triton Esports Center: 66% (Busy) people=23 capacity=35 is_open=True hour_summary=open
[2026-04-16 14:45:03] === SCRAPE END OK ===
[2026-04-16 15:00:02] === SCRAPE START ===
[2026-04-16 15:00:02] Fetching https://waitz.io/live/ucsd-rec
[2026-04-16 15:00:05] Saved 4 rows to ucsd_occupancy_history.csv
[2026-04-16 15:00:05] Main Gym Fitness Gym: 32% (Not Busy) people=23 capacity=72 is_open=True hour_summary=open
[2026-04-16 15:00:05] Outback Climbing Center: 99% (Very Active) people=36 capacity=30 is_open=True hour_summary=open
[2026-04-16 15:00:05] RIMAC Fitness Gym: 56% (Busy) people=85 capacity=150 is_open=True hour_summary=open
[2026-04-16 15:00:05] Triton Esports Center: 85% (Very Active) people=30 capacity=35 is_open=True hour_summary=open
[2026-04-16 15:00:05] === SCRAPE END OK ===
[2026-04-16 15:15:02] === SCRAPE START ===
[2026-04-16 15:15:02] Fetching https://waitz.io/live/ucsd-rec
[2026-04-16 15:15:03] Saved 4 rows to ucsd_occupancy_history.csv
[2026-04-16 15:15:03] Main Gym Fitness Gym: 38% (Not Busy) people=27 capacity=72 is_open=True hour_summary=open
[2026-04-16 15:15:03] Outback Climbing Center: 99% (Very Active) people=45 capacity=30 is_open=True hour_summary=open
[2026-04-16 15:15:03] RIMAC Fitness Gym: 58% (Busy) people=88 capacity=150 is_open=True hour_summary=open
[2026-04-16 15:15:03] Triton Esports Center: 62% (Busy) people=22 capacity=35 is_open=True hour_summary=open
[2026-04-16 15:15:03] === SCRAPE END OK ===
[2026-04-16 15:30:02] === SCRAPE START ===
[2026-04-16 15:30:02] Fetching https://waitz.io/live/ucsd-rec
[2026-04-16 15:30:03] Saved 4 rows to ucsd_occupancy_history.csv
[2026-04-16 15:30:03] Main Gym Fitness Gym: 37% (Not Busy) people=27 capacity=72 is_open=True hour_summary=open
[2026-04-16 15:30:03] Outback Climbing Center: 99% (Very Active) people=35 capacity=30 is_open=True hour_summary=open
[2026-04-16 15:30:03] RIMAC Fitness Gym: 55% (Busy) people=82 capacity=150 is_open=True hour_summary=open
[2026-04-16 15:30:03] Triton Esports Center: 61% (Busy) people=21 capacity=35 is_open=True hour_summary=open
[2026-04-16 15:30:03] === SCRAPE END OK ===
[2026-04-16 15:45:02] === SCRAPE START ===
[2026-04-16 15:45:02] Fetching https://waitz.io/live/ucsd-rec
[2026-04-16 15:45:03] Saved 4 rows to ucsd_occupancy_history.csv
[2026-04-16 15:45:03] Main Gym Fitness Gym: 35% (Not Busy) people=25 capacity=72 is_open=True hour_summary=open
[2026-04-16 15:45:03] Outback Climbing Center: 99% (Very Active) people=36 capacity=30 is_open=True hour_summary=open
[2026-04-16 15:45:03] RIMAC Fitness Gym: 0% (Data Unavailable) people=0 capacity=150 is_open=True hour_summary=open
[2026-04-16 15:45:03] Triton Esports Center: 51% (Busy) people=18 capacity=35 is_open=True hour_summary=open
[2026-04-16 15:45:03] === SCRAPE END OK ===
[2026-04-16 16:00:02] === SCRAPE START ===
[2026-04-16 16:00:02] Fetching https://waitz.io/live/ucsd-rec
[2026-04-16 16:00:03] Saved 4 rows to ucsd_occupancy_history.csv
[2026-04-16 16:00:03] Main Gym Fitness Gym: 32% (Not Busy) people=23 capacity=72 is_open=True hour_summary=open
[2026-04-16 16:00:03] Outback Climbing Center: 99% (Very Active) people=60 capacity=30 is_open=True hour_summary=open
[2026-04-16 16:00:03] RIMAC Fitness Gym: 64% (Busy) people=96 capacity=150 is_open=True hour_summary=open
[2026-04-16 16:00:03] Triton Esports Center: 63% (Busy) people=22 capacity=35 is_open=True hour_summary=open
[2026-04-16 16:00:03] === SCRAPE END OK ===
[2026-04-16 16:15:02] === SCRAPE START ===
[2026-04-16 16:15:02] Fetching https://waitz.io/live/ucsd-rec
[2026-04-16 16:15:04] Saved 4 rows to ucsd_occupancy_history.csv
[2026-04-16 16:15:04] Main Gym Fitness Gym: 40% (Not Busy) people=29 capacity=72 is_open=True hour_summary=open
[2026-04-16 16:15:04] Outback Climbing Center: 99% (Very Active) people=45 capacity=30 is_open=True hour_summary=open
[2026-04-16 16:15:04] RIMAC Fitness Gym: 71% (Busy) people=107 capacity=150 is_open=True hour_summary=open
[2026-04-16 16:15:04] Triton Esports Center: 57% (Busy) people=20 capacity=35 is_open=True hour_summary=open
[2026-04-16 16:15:04] === SCRAPE END OK ===
[2026-04-16 16:30:02] === SCRAPE START ===
[2026-04-16 16:30:02] Fetching https://waitz.io/live/ucsd-rec
[2026-04-16 16:30:03] Saved 4 rows to ucsd_occupancy_history.csv
[2026-04-16 16:30:03] Main Gym Fitness Gym: 46% (Busy) people=33 capacity=72 is_open=True hour_summary=open
[2026-04-16 16:30:03] Outback Climbing Center: 99% (Very Active) people=51 capacity=30 is_open=True hour_summary=open
[2026-04-16 16:30:03] RIMAC Fitness Gym: 77% (Busy) people=116 capacity=150 is_open=True hour_summary=open
[2026-04-16 16:30:03] Triton Esports Center: 60% (Busy) people=21 capacity=35 is_open=True hour_summary=open
[2026-04-16 16:30:03] === SCRAPE END OK ===
[2026-04-16 16:33:21] === SCRAPE START ===
[2026-04-16 16:33:21] Fetching https://waitz.io/live/ucsd-rec
[2026-04-16 16:33:21] Saved 4 rows to ucsd_occupancy_history.csv
[2026-04-16 16:33:21] Main Gym Fitness Gym: 44% (Not Busy) people=32 capacity=72 is_open=True hour_summary=open
[2026-04-16 16:33:21] Outback Climbing Center: 99% (Very Active) people=59 capacity=30 is_open=True hour_summary=open
[2026-04-16 16:33:21] RIMAC Fitness Gym: 80% (Busy) people=120 capacity=150 is_open=True hour_summary=open
[2026-04-16 16:33:21] Triton Esports Center: 59% (Busy) people=21 capacity=35 is_open=True hour_summary=open
[2026-04-16 16:33:21] === SCRAPE END OK ===
[2026-04-16 16:45:02] === SCRAPE START ===
[2026-04-16 16:45:02] Fetching https://waitz.io/live/ucsd-rec
[2026-04-16 16:45:03] Saved 4 rows to ucsd_occupancy_history.csv
[2026-04-16 16:45:03] Main Gym Fitness Gym: 23% (Not Busy) people=16 capacity=72 is_open=True hour_summary=open
[2026-04-16 16:45:03] Outback Climbing Center: 99% (Very Active) people=69 capacity=30 is_open=True hour_summary=open
[2026-04-16 16:45:03] RIMAC Fitness Gym: 67% (Busy) people=101 capacity=150 is_open=True hour_summary=open
[2026-04-16 16:45:03] Triton Esports Center: 58% (Busy) people=20 capacity=35 is_open=True hour_summary=open
[2026-04-16 16:45:03] === SCRAPE END OK ===
[2026-04-16 17:00:02] === SCRAPE START ===
[2026-04-16 17:00:02] Fetching https://waitz.io/live/ucsd-rec
[2026-04-16 17:00:03] Saved 4 rows to ucsd_occupancy_history.csv
[2026-04-16 17:00:03] Main Gym Fitness Gym: 66% (Busy) people=48 capacity=72 is_open=True hour_summary=open
[2026-04-16 17:00:03] Outback Climbing Center: 99% (Very Active) people=74 capacity=30 is_open=True hour_summary=open
[2026-04-16 17:00:03] RIMAC Fitness Gym: 69% (Busy) people=104 capacity=150 is_open=True hour_summary=open
[2026-04-16 17:00:03] Triton Esports Center: 36% (Not Busy) people=13 capacity=35 is_open=True hour_summary=open
[2026-04-16 17:00:03] === SCRAPE END OK ===
[2026-04-16 17:15:02] === SCRAPE START ===
[2026-04-16 17:15:02] Fetching https://waitz.io/live/ucsd-rec
[2026-04-16 17:15:03] Saved 4 rows to ucsd_occupancy_history.csv
[2026-04-16 17:15:03] Main Gym Fitness Gym: 31% (Not Busy) people=23 capacity=72 is_open=True hour_summary=open
[2026-04-16 17:15:03] Outback Climbing Center: 99% (Very Active) people=93 capacity=30 is_open=True hour_summary=open
[2026-04-16 17:15:03] RIMAC Fitness Gym: 62% (Busy) people=94 capacity=150 is_open=True hour_summary=open
[2026-04-16 17:15:03] Triton Esports Center: 23% (Not Busy) people=8 capacity=35 is_open=True hour_summary=open
[2026-04-16 17:15:03] === SCRAPE END OK ===
[2026-04-16 17:30:02] === SCRAPE START ===
[2026-04-16 17:30:02] Fetching https://waitz.io/live/ucsd-rec
[2026-04-16 17:30:03] Saved 4 rows to ucsd_occupancy_history.csv
[2026-04-16 17:30:03] Main Gym Fitness Gym: 54% (Busy) people=39 capacity=72 is_open=True hour_summary=open
[2026-04-16 17:30:03] Outback Climbing Center: 99% (Very Active) people=90 capacity=30 is_open=True hour_summary=open
[2026-04-16 17:30:03] RIMAC Fitness Gym: 74% (Busy) people=112 capacity=150 is_open=True hour_summary=open
[2026-04-16 17:30:03] Triton Esports Center: 35% (Not Busy) people=12 capacity=35 is_open=True hour_summary=open
[2026-04-16 17:30:03] === SCRAPE END OK ===
[2026-04-16 17:45:02] === SCRAPE START ===
[2026-04-16 17:45:02] Fetching https://waitz.io/live/ucsd-rec
[2026-04-16 17:45:03] Saved 4 rows to ucsd_occupancy_history.csv
[2026-04-16 17:45:03] Main Gym Fitness Gym: 53% (Busy) people=38 capacity=72 is_open=True hour_summary=open
[2026-04-16 17:45:03] Outback Climbing Center: 99% (Very Active) people=90 capacity=30 is_open=True hour_summary=open
[2026-04-16 17:45:03] RIMAC Fitness Gym: 79% (Busy) people=118 capacity=150 is_open=True hour_summary=open
[2026-04-16 17:45:03] Triton Esports Center: 41% (Not Busy) people=14 capacity=35 is_open=True hour_summary=open
[2026-04-16 17:45:03] === SCRAPE END OK ===
[2026-04-16 18:00:02] === SCRAPE START ===
[2026-04-16 18:00:02] Fetching https://waitz.io/live/ucsd-rec
[2026-04-16 18:00:03] Saved 4 rows to ucsd_occupancy_history.csv
[2026-04-16 18:00:03] Main Gym Fitness Gym: 49% (Busy) people=35 capacity=72 is_open=True hour_summary=open
[2026-04-16 18:00:03] Outback Climbing Center: 99% (Very Active) people=92 capacity=30 is_open=True hour_summary=open
[2026-04-16 18:00:03] RIMAC Fitness Gym: 99% (Very Active) people=161 capacity=150 is_open=True hour_summary=open
[2026-04-16 18:00:03] Triton Esports Center: 43% (Not Busy) people=15 capacity=35 is_open=True hour_summary=open
[2026-04-16 18:00:03] === SCRAPE END OK ===
[2026-04-16 18:15:02] === SCRAPE START ===
[2026-04-16 18:15:02] Fetching https://waitz.io/live/ucsd-rec
[2026-04-16 18:15:03] Saved 4 rows to ucsd_occupancy_history.csv
[2026-04-16 18:15:03] Main Gym Fitness Gym: 42% (Not Busy) people=30 capacity=72 is_open=True hour_summary=open
[2026-04-16 18:15:03] Outback Climbing Center: 99% (Very Active) people=85 capacity=30 is_open=True hour_summary=open
[2026-04-16 18:15:03] RIMAC Fitness Gym: 99% (Very Active) people=151 capacity=150 is_open=True hour_summary=open
[2026-04-16 18:15:03] Triton Esports Center: 49% (Busy) people=17 capacity=35 is_open=True hour_summary=open
[2026-04-16 18:15:03] === SCRAPE END OK ===
[2026-04-16 18:30:02] === SCRAPE START ===
[2026-04-16 18:30:02] Fetching https://waitz.io/live/ucsd-rec
[2026-04-16 18:30:03] Saved 4 rows to ucsd_occupancy_history.csv
[2026-04-16 18:30:03] Main Gym Fitness Gym: 38% (Not Busy) people=27 capacity=72 is_open=True hour_summary=open
[2026-04-16 18:30:03] Outback Climbing Center: 99% (Very Active) people=91 capacity=30 is_open=True hour_summary=open
[2026-04-16 18:30:03] RIMAC Fitness Gym: 85% (Very Active) people=128 capacity=150 is_open=True hour_summary=open
[2026-04-16 18:30:03] Triton Esports Center: 42% (Not Busy) people=15 capacity=35 is_open=True hour_summary=open
[2026-04-16 18:30:03] === SCRAPE END OK ===
[2026-04-16 18:45:02] === SCRAPE START ===
[2026-04-16 18:45:02] Fetching https://waitz.io/live/ucsd-rec
[2026-04-16 18:45:03] Saved 4 rows to ucsd_occupancy_history.csv
[2026-04-16 18:45:03] Main Gym Fitness Gym: 47% (Busy) people=34 capacity=72 is_open=True hour_summary=open
[2026-04-16 18:45:03] Outback Climbing Center: 99% (Very Active) people=80 capacity=30 is_open=True hour_summary=open
[2026-04-16 18:45:03] RIMAC Fitness Gym: 86% (Very Active) people=130 capacity=150 is_open=True hour_summary=open
[2026-04-16 18:45:03] Triton Esports Center: 52% (Busy) people=18 capacity=35 is_open=True hour_summary=open
[2026-04-16 18:45:03] === SCRAPE END OK ===
[2026-04-16 19:00:02] === SCRAPE START ===
[2026-04-16 19:00:02] Fetching https://waitz.io/live/ucsd-rec
[2026-04-16 19:00:03] Saved 4 rows to ucsd_occupancy_history.csv
[2026-04-16 19:00:03] Main Gym Fitness Gym: 25% (Not Busy) people=18 capacity=72 is_open=True hour_summary=open
[2026-04-16 19:00:03] Outback Climbing Center: 99% (Very Active) people=87 capacity=30 is_open=True hour_summary=open
[2026-04-16 19:00:03] RIMAC Fitness Gym: 92% (Very Active) people=138 capacity=150 is_open=True hour_summary=open
[2026-04-16 19:00:03] Triton Esports Center: 53% (Busy) people=18 capacity=35 is_open=True hour_summary=open
[2026-04-16 19:00:03] === SCRAPE END OK ===
[2026-04-16 19:15:02] === SCRAPE START ===
[2026-04-16 19:15:02] Fetching https://waitz.io/live/ucsd-rec
[2026-04-16 19:15:03] Saved 4 rows to ucsd_occupancy_history.csv
[2026-04-16 19:15:03] Main Gym Fitness Gym: 43% (Not Busy) people=31 capacity=72 is_open=True hour_summary=open
[2026-04-16 19:15:03] Outback Climbing Center: 99% (Very Active) people=81 capacity=30 is_open=True hour_summary=open
[2026-04-16 19:15:03] RIMAC Fitness Gym: 80% (Busy) people=119 capacity=150 is_open=True hour_summary=open
[2026-04-16 19:15:03] Triton Esports Center: 49% (Busy) people=17 capacity=35 is_open=True hour_summary=open
[2026-04-16 19:15:03] === SCRAPE END OK ===
[2026-04-16 19:30:02] === SCRAPE START ===
[2026-04-16 19:30:02] Fetching https://waitz.io/live/ucsd-rec
[2026-04-16 19:30:03] Saved 4 rows to ucsd_occupancy_history.csv
[2026-04-16 19:30:03] Main Gym Fitness Gym: 33% (Not Busy) people=24 capacity=72 is_open=True hour_summary=open
[2026-04-16 19:30:03] Outback Climbing Center: 99% (Very Active) people=95 capacity=30 is_open=True hour_summary=open
[2026-04-16 19:30:03] RIMAC Fitness Gym: 84% (Very Active) people=126 capacity=150 is_open=True hour_summary=open
[2026-04-16 19:30:03] Triton Esports Center: 51% (Busy) people=18 capacity=35 is_open=True hour_summary=open
[2026-04-16 19:30:03] === SCRAPE END OK ===
[2026-04-16 19:45:02] === SCRAPE START ===
[2026-04-16 19:45:02] Fetching https://waitz.io/live/ucsd-rec
[2026-04-16 19:45:03] Saved 4 rows to ucsd_occupancy_history.csv
[2026-04-16 19:45:03] Main Gym Fitness Gym: 74% (Busy) people=53 capacity=72 is_open=True hour_summary=open
[2026-04-16 19:45:03] Outback Climbing Center: 99% (Very Active) people=100 capacity=30 is_open=True hour_summary=open
[2026-04-16 19:45:03] RIMAC Fitness Gym: 99% (Very Active) people=202 capacity=150 is_open=True hour_summary=open
[2026-04-16 19:45:03] Triton Esports Center: 52% (Busy) people=18 capacity=35 is_open=True hour_summary=open
[2026-04-16 19:45:03] === SCRAPE END OK ===
[2026-04-16 20:00:02] === SCRAPE START ===
[2026-04-16 20:00:02] Fetching https://waitz.io/live/ucsd-rec
[2026-04-16 20:00:03] Saved 4 rows to ucsd_occupancy_history.csv
[2026-04-16 20:00:03] Main Gym Fitness Gym: 43% (Not Busy) people=31 capacity=72 is_open=True hour_summary=open
[2026-04-16 20:00:03] Outback Climbing Center: 99% (Very Active) people=95 capacity=30 is_open=True hour_summary=open
[2026-04-16 20:00:03] RIMAC Fitness Gym: 91% (Very Active) people=137 capacity=150 is_open=True hour_summary=open
[2026-04-16 20:00:03] Triton Esports Center: 65% (Busy) people=23 capacity=35 is_open=True hour_summary=open
[2026-04-16 20:00:03] === SCRAPE END OK ===
[2026-04-16 20:15:02] === SCRAPE START ===
[2026-04-16 20:15:02] Fetching https://waitz.io/live/ucsd-rec
[2026-04-16 20:15:03] Saved 4 rows to ucsd_occupancy_history.csv
[2026-04-16 20:15:03] Main Gym Fitness Gym: 34% (Not Busy) people=25 capacity=72 is_open=True hour_summary=open
[2026-04-16 20:15:03] Outback Climbing Center: 99% (Very Active) people=77 capacity=30 is_open=True hour_summary=open
[2026-04-16 20:15:03] RIMAC Fitness Gym: 93% (Very Active) people=139 capacity=150 is_open=True hour_summary=open
[2026-04-16 20:15:03] Triton Esports Center: 61% (Busy) people=21 capacity=35 is_open=True hour_summary=open
[2026-04-16 20:15:03] === SCRAPE END OK ===
[2026-04-16 20:30:02] === SCRAPE START ===
[2026-04-16 20:30:02] Fetching https://waitz.io/live/ucsd-rec
[2026-04-16 20:30:03] Saved 4 rows to ucsd_occupancy_history.csv
[2026-04-16 20:30:03] Main Gym Fitness Gym: 31% (Not Busy) people=22 capacity=72 is_open=True hour_summary=open
[2026-04-16 20:30:03] Outback Climbing Center: 99% (Very Active) people=88 capacity=30 is_open=True hour_summary=open
[2026-04-16 20:30:03] RIMAC Fitness Gym: 96% (Very Active) people=144 capacity=150 is_open=True hour_summary=open
[2026-04-16 20:30:03] Triton Esports Center: 63% (Busy) people=22 capacity=35 is_open=True hour_summary=open
[2026-04-16 20:30:03] === SCRAPE END OK ===
[2026-04-16 20:45:02] === SCRAPE START ===
[2026-04-16 20:45:02] Fetching https://waitz.io/live/ucsd-rec
[2026-04-16 20:45:03] Saved 4 rows to ucsd_occupancy_history.csv
[2026-04-16 20:45:03] Main Gym Fitness Gym: 39% (Not Busy) people=28 capacity=72 is_open=True hour_summary=open
[2026-04-16 20:45:03] Outback Climbing Center: 99% (Very Active) people=77 capacity=30 is_open=True hour_summary=open
[2026-04-16 20:45:03] RIMAC Fitness Gym: 97% (Very Active) people=145 capacity=150 is_open=True hour_summary=open
[2026-04-16 20:45:03] Triton Esports Center: 67% (Busy) people=24 capacity=35 is_open=True hour_summary=open
[2026-04-16 20:45:03] === SCRAPE END OK ===
[2026-04-16 21:00:02] === SCRAPE START ===
[2026-04-16 21:00:02] Fetching https://waitz.io/live/ucsd-rec
[2026-04-16 21:00:03] Saved 4 rows to ucsd_occupancy_history.csv
[2026-04-16 21:00:03] Main Gym Fitness Gym: 61% (Busy) people=44 capacity=72 is_open=True hour_summary=open
[2026-04-16 21:00:03] Outback Climbing Center: 99% (Very Active) people=63 capacity=30 is_open=True hour_summary=open
[2026-04-16 21:00:03] RIMAC Fitness Gym: 99% (Very Active) people=154 capacity=150 is_open=True hour_summary=open
[2026-04-16 21:00:03] Triton Esports Center: 59% (Busy) people=20 capacity=35 is_open=True hour_summary=open
[2026-04-16 21:00:03] === SCRAPE END OK ===
[2026-04-16 21:15:02] === SCRAPE START ===
[2026-04-16 21:15:02] Fetching https://waitz.io/live/ucsd-rec
[2026-04-16 21:15:03] Saved 4 rows to ucsd_occupancy_history.csv
[2026-04-16 21:15:03] Main Gym Fitness Gym: 48% (Busy) people=35 capacity=72 is_open=True hour_summary=open
[2026-04-16 21:15:03] Outback Climbing Center: 99% (Very Active) people=55 capacity=30 is_open=True hour_summary=open
[2026-04-16 21:15:03] RIMAC Fitness Gym: 99% (Very Active) people=162 capacity=150 is_open=True hour_summary=open
[2026-04-16 21:15:03] Triton Esports Center: 63% (Busy) people=22 capacity=35 is_open=True hour_summary=open
[2026-04-16 21:15:03] === SCRAPE END OK ===
[2026-04-16 21:30:02] === SCRAPE START ===
[2026-04-16 21:30:02] Fetching https://waitz.io/live/ucsd-rec
[2026-04-16 21:30:03] Saved 4 rows to ucsd_occupancy_history.csv
[2026-04-16 21:30:03] Main Gym Fitness Gym: 32% (Not Busy) people=23 capacity=72 is_open=True hour_summary=open
[2026-04-16 21:30:03] Outback Climbing Center: 99% (Very Active) people=44 capacity=30 is_open=True hour_summary=open
[2026-04-16 21:30:03] RIMAC Fitness Gym: 99% (Very Active) people=152 capacity=150 is_open=True hour_summary=open
[2026-04-16 21:30:03] Triton Esports Center: 38% (Not Busy) people=13 capacity=35 is_open=True hour_summary=open
[2026-04-16 21:30:03] === SCRAPE END OK ===
[2026-04-16 21:45:02] === SCRAPE START ===
[2026-04-16 21:45:02] Fetching https://waitz.io/live/ucsd-rec
[2026-04-16 21:45:03] Saved 4 rows to ucsd_occupancy_history.csv
[2026-04-16 21:45:03] Main Gym Fitness Gym: 28% (Not Busy) people=20 capacity=72 is_open=True hour_summary=open
[2026-04-16 21:45:03] Outback Climbing Center: 99% (Very Active) people=36 capacity=30 is_open=True hour_summary=open
[2026-04-16 21:45:03] RIMAC Fitness Gym: 99% (Very Active) people=159 capacity=150 is_open=True hour_summary=open
[2026-04-16 21:45:03] Triton Esports Center: 34% (Not Busy) people=12 capacity=35 is_open=True hour_summary=open
[2026-04-16 21:45:03] === SCRAPE END OK ===
[2026-04-16 22:00:02] === SCRAPE START ===
[2026-04-16 22:00:02] Fetching https://waitz.io/live/ucsd-rec
[2026-04-16 22:00:03] Saved 4 rows to ucsd_occupancy_history.csv
[2026-04-16 22:00:03] Main Gym Fitness Gym: 37% (Not Busy) people=27 capacity=72 is_open=True hour_summary=open
[2026-04-16 22:00:03] Outback Climbing Center: 63% (Closed) people=19 capacity=30 is_open=False hour_summary=Closed until 10:00am
[2026-04-16 22:00:03] RIMAC Fitness Gym: 94% (Very Active) people=140 capacity=150 is_open=True hour_summary=open
[2026-04-16 22:00:03] Triton Esports Center: 19% (Closed) people=7 capacity=35 is_open=False hour_summary=Closed until 7:30am
[2026-04-16 22:00:03] === SCRAPE END OK ===
[2026-04-16 22:15:02] === SCRAPE START ===
[2026-04-16 22:15:02] Fetching https://waitz.io/live/ucsd-rec
[2026-04-16 22:15:03] Saved 4 rows to ucsd_occupancy_history.csv
[2026-04-16 22:15:03] Main Gym Fitness Gym: 31% (Not Busy) people=22 capacity=72 is_open=True hour_summary=open
[2026-04-16 22:15:03] Outback Climbing Center: 1% (Closed) people=0 capacity=30 is_open=False hour_summary=Closed until 10:00am
[2026-04-16 22:15:03] RIMAC Fitness Gym: 83% (Very Active) people=125 capacity=150 is_open=True hour_summary=open
[2026-04-16 22:15:03] Triton Esports Center: 0% (Closed) people=0 capacity=35 is_open=False hour_summary=Closed until 7:30am
[2026-04-16 22:15:03] === SCRAPE END OK ===
[2026-04-16 22:30:02] === SCRAPE START ===
[2026-04-16 22:30:02] Fetching https://waitz.io/live/ucsd-rec
[2026-04-16 22:30:03] Saved 4 rows to ucsd_occupancy_history.csv
[2026-04-16 22:30:03] Main Gym Fitness Gym: 30% (Not Busy) people=22 capacity=72 is_open=True hour_summary=open
[2026-04-16 22:30:03] Outback Climbing Center: 1% (Closed) people=0 capacity=30 is_open=False hour_summary=Closed until 10:00am
[2026-04-16 22:30:03] RIMAC Fitness Gym: 69% (Busy) people=104 capacity=150 is_open=True hour_summary=open
[2026-04-16 22:30:03] Triton Esports Center: 0% (Closed) people=0 capacity=35 is_open=False hour_summary=Closed until 7:30am
[2026-04-16 22:30:03] === SCRAPE END OK ===
[2026-04-16 22:45:02] === SCRAPE START ===
[2026-04-16 22:45:02] Fetching https://waitz.io/live/ucsd-rec
[2026-04-16 22:45:03] Saved 4 rows to ucsd_occupancy_history.csv
[2026-04-16 22:45:03] Main Gym Fitness Gym: 18% (Not Busy) people=13 capacity=72 is_open=True hour_summary=open
[2026-04-16 22:45:03] Outback Climbing Center: 2% (Closed) people=1 capacity=30 is_open=False hour_summary=Closed until 10:00am
[2026-04-16 22:45:03] RIMAC Fitness Gym: 52% (Busy) people=78 capacity=150 is_open=True hour_summary=open
[2026-04-16 22:45:03] Triton Esports Center: 0% (Closed) people=0 capacity=35 is_open=False hour_summary=Closed until 7:30am
[2026-04-16 22:45:03] === SCRAPE END OK ===
[2026-04-16 23:00:02] === SCRAPE START ===
[2026-04-16 23:00:02] Fetching https://waitz.io/live/ucsd-rec
[2026-04-16 23:00:03] Saved 4 rows to ucsd_occupancy_history.csv
[2026-04-16 23:00:03] Main Gym Fitness Gym: 2% (Closed) people=2 capacity=72 is_open=False hour_summary=Closed until 6:00am
[2026-04-16 23:00:03] Outback Climbing Center: 2% (Closed) people=1 capacity=30 is_open=False hour_summary=Closed until 10:00am
[2026-04-16 23:00:03] RIMAC Fitness Gym: 28% (Closed) people=42 capacity=150 is_open=False hour_summary=Closed until 6:00am
[2026-04-16 23:00:03] Triton Esports Center: 0% (Closed) people=0 capacity=35 is_open=False hour_summary=Closed until 7:30am
[2026-04-16 23:00:03] === SCRAPE END OK ===
