[2026-04-10 00:00:01] === SCRAPE START ===
[2026-04-10 00:00:01] Fetching https://waitz.io/live/ucsd-rec
[2026-04-10 00:00:03] Saved 4 rows to ucsd_occupancy_history.csv
[2026-04-10 00:00:03] Main Gym Fitness Gym: 1% (Closed) people=1 capacity=72 is_open=False hour_summary=Closed until 6:00am
[2026-04-10 00:00:03] Outback Climbing Center: 0% (Closed) people=0 capacity=30 is_open=False hour_summary=Closed until 10:00am
[2026-04-10 00:00:03] RIMAC Fitness Gym: 2% (Closed) people=2 capacity=150 is_open=False hour_summary=Closed until 6:00am
[2026-04-10 00:00:03] Triton Esports Center: 0% (Closed) people=0 capacity=35 is_open=False hour_summary=Closed until 7:30am
[2026-04-10 00:00:03] === SCRAPE END OK ===
[2026-04-10 00:15:02] === SCRAPE START ===
[2026-04-10 00:15:02] Fetching https://waitz.io/live/ucsd-rec
[2026-04-10 00:15:03] Saved 4 rows to ucsd_occupancy_history.csv
[2026-04-10 00:15:03] Main Gym Fitness Gym: 2% (Closed) people=1 capacity=72 is_open=False hour_summary=Closed until 6:00am
[2026-04-10 00:15:03] Outback Climbing Center: 0% (Closed) people=0 capacity=30 is_open=False hour_summary=Closed until 10:00am
[2026-04-10 00:15:03] RIMAC Fitness Gym: 2% (Closed) people=3 capacity=150 is_open=False hour_summary=Closed until 6:00am
[2026-04-10 00:15:03] Triton Esports Center: 0% (Closed) people=0 capacity=35 is_open=False hour_summary=Closed until 7:30am
[2026-04-10 00:15:03] === SCRAPE END OK ===
[2026-04-10 00:30:02] === SCRAPE START ===
[2026-04-10 00:30:02] Fetching https://waitz.io/live/ucsd-rec
[2026-04-10 00:30:04] Saved 4 rows to ucsd_occupancy_history.csv
[2026-04-10 00:30:04] Main Gym Fitness Gym: 2% (Closed) people=1 capacity=72 is_open=False hour_summary=Closed until 6:00am
[2026-04-10 00:30:04] Outback Climbing Center: 0% (Closed) people=0 capacity=30 is_open=False hour_summary=Closed until 10:00am
[2026-04-10 00:30:04] RIMAC Fitness Gym: 2% (Closed) people=2 capacity=150 is_open=False hour_summary=Closed until 6:00am
[2026-04-10 00:30:04] Triton Esports Center: 0% (Closed) people=0 capacity=35 is_open=False hour_summary=Closed until 7:30am
[2026-04-10 00:30:04] === SCRAPE END OK ===
[2026-04-10 00:45:02] === SCRAPE START ===
[2026-04-10 00:45:02] Fetching https://waitz.io/live/ucsd-rec
[2026-04-10 00:45:04] Saved 4 rows to ucsd_occupancy_history.csv
[2026-04-10 00:45:04] Main Gym Fitness Gym: 2% (Closed) people=1 capacity=72 is_open=False hour_summary=Closed until 6:00am
[2026-04-10 00:45:04] Outback Climbing Center: 0% (Closed) people=0 capacity=30 is_open=False hour_summary=Closed until 10:00am
[2026-04-10 00:45:04] RIMAC Fitness Gym: 1% (Closed) people=2 capacity=150 is_open=False hour_summary=Closed until 6:00am
[2026-04-10 00:45:04] Triton Esports Center: 0% (Closed) people=0 capacity=35 is_open=False hour_summary=Closed until 7:30am
[2026-04-10 00:45:04] === SCRAPE END OK ===
[2026-04-10 01:00:02] === SCRAPE START ===
[2026-04-10 01:00:02] Fetching https://waitz.io/live/ucsd-rec
[2026-04-10 01:00:03] Saved 4 rows to ucsd_occupancy_history.csv
[2026-04-10 01:00:03] Main Gym Fitness Gym: 1% (Closed) people=1 capacity=72 is_open=False hour_summary=Closed until 6:00am
[2026-04-10 01:00:03] Outback Climbing Center: 0% (Closed) people=0 capacity=30 is_open=False hour_summary=Closed until 10:00am
[2026-04-10 01:00:03] RIMAC Fitness Gym: 1% (Closed) people=2 capacity=150 is_open=False hour_summary=Closed until 6:00am
[2026-04-10 01:00:03] Triton Esports Center: 0% (Closed) people=0 capacity=35 is_open=False hour_summary=Closed until 7:30am
[2026-04-10 01:00:03] === SCRAPE END OK ===
[2026-04-10 01:15:02] === SCRAPE START ===
[2026-04-10 01:15:02] Fetching https://waitz.io/live/ucsd-rec
[2026-04-10 01:15:03] Saved 4 rows to ucsd_occupancy_history.csv
[2026-04-10 01:15:03] Main Gym Fitness Gym: 1% (Closed) people=1 capacity=72 is_open=False hour_summary=Closed until 6:00am
[2026-04-10 01:15:03] Outback Climbing Center: 1% (Closed) people=0 capacity=30 is_open=False hour_summary=Closed until 10:00am
[2026-04-10 01:15:03] RIMAC Fitness Gym: 2% (Closed) people=2 capacity=150 is_open=False hour_summary=Closed until 6:00am
[2026-04-10 01:15:03] Triton Esports Center: 0% (Closed) people=0 capacity=35 is_open=False hour_summary=Closed until 7:30am
[2026-04-10 01:15:03] === SCRAPE END OK ===
[2026-04-10 01:30:02] === SCRAPE START ===
[2026-04-10 01:30:02] Fetching https://waitz.io/live/ucsd-rec
[2026-04-10 01:30:04] Saved 4 rows to ucsd_occupancy_history.csv
[2026-04-10 01:30:04] Main Gym Fitness Gym: 0% (Closed) people=0 capacity=72 is_open=False hour_summary=Closed until 6:00am
[2026-04-10 01:30:04] Outback Climbing Center: 0% (Closed) people=0 capacity=30 is_open=False hour_summary=Closed until 10:00am
[2026-04-10 01:30:04] RIMAC Fitness Gym: 1% (Closed) people=2 capacity=150 is_open=False hour_summary=Closed until 6:00am
[2026-04-10 01:30:04] Triton Esports Center: 0% (Closed) people=0 capacity=35 is_open=False hour_summary=Closed until 7:30am
[2026-04-10 01:30:04] === SCRAPE END OK ===
[2026-04-10 01:45:02] === SCRAPE START ===
[2026-04-10 01:45:02] Fetching https://waitz.io/live/ucsd-rec
[2026-04-10 01:45:03] Saved 4 rows to ucsd_occupancy_history.csv
[2026-04-10 01:45:03] Main Gym Fitness Gym: 2% (Closed) people=1 capacity=72 is_open=False hour_summary=Closed until 6:00am
[2026-04-10 01:45:03] Outback Climbing Center: 0% (Closed) people=0 capacity=30 is_open=False hour_summary=Closed until 10:00am
[2026-04-10 01:45:03] RIMAC Fitness Gym: 1% (Closed) people=2 capacity=150 is_open=False hour_summary=Closed until 6:00am
[2026-04-10 01:45:03] Triton Esports Center: 0% (Closed) people=0 capacity=35 is_open=False hour_summary=Closed until 7:30am
[2026-04-10 01:45:03] === SCRAPE END OK ===
[2026-04-10 02:00:02] === SCRAPE START ===
[2026-04-10 02:00:02] Fetching https://waitz.io/live/ucsd-rec
[2026-04-10 02:00:04] Saved 4 rows to ucsd_occupancy_history.csv
[2026-04-10 02:00:04] Main Gym Fitness Gym: 1% (Closed) people=1 capacity=72 is_open=False hour_summary=Closed until 6:00am
[2026-04-10 02:00:04] Outback Climbing Center: 0% (Closed) people=0 capacity=30 is_open=False hour_summary=Closed until 10:00am
[2026-04-10 02:00:04] RIMAC Fitness Gym: 1% (Closed) people=2 capacity=150 is_open=False hour_summary=Closed until 6:00am
[2026-04-10 02:00:04] Triton Esports Center: 0% (Closed) people=0 capacity=35 is_open=False hour_summary=Closed until 7:30am
[2026-04-10 02:00:04] === SCRAPE END OK ===
[2026-04-10 02:15:02] === SCRAPE START ===
[2026-04-10 02:15:02] Fetching https://waitz.io/live/ucsd-rec
[2026-04-10 02:15:03] Saved 4 rows to ucsd_occupancy_history.csv
[2026-04-10 02:15:03] Main Gym Fitness Gym: 1% (Closed) people=1 capacity=72 is_open=False hour_summary=Closed until 6:00am
[2026-04-10 02:15:03] Outback Climbing Center: 0% (Closed) people=0 capacity=30 is_open=False hour_summary=Closed until 10:00am
[2026-04-10 02:15:03] RIMAC Fitness Gym: 1% (Closed) people=2 capacity=150 is_open=False hour_summary=Closed until 6:00am
[2026-04-10 02:15:03] Triton Esports Center: 0% (Closed) people=0 capacity=35 is_open=False hour_summary=Closed until 7:30am
[2026-04-10 02:15:03] === SCRAPE END OK ===
[2026-04-10 02:30:02] === SCRAPE START ===
[2026-04-10 02:30:02] Fetching https://waitz.io/live/ucsd-rec
[2026-04-10 02:30:03] Saved 4 rows to ucsd_occupancy_history.csv
[2026-04-10 02:30:03] Main Gym Fitness Gym: 1% (Closed) people=1 capacity=72 is_open=False hour_summary=Closed until 6:00am
[2026-04-10 02:30:03] Outback Climbing Center: 0% (Closed) people=0 capacity=30 is_open=False hour_summary=Closed until 10:00am
[2026-04-10 02:30:03] RIMAC Fitness Gym: 1% (Closed) people=1 capacity=150 is_open=False hour_summary=Closed until 6:00am
[2026-04-10 02:30:03] Triton Esports Center: 0% (Closed) people=0 capacity=35 is_open=False hour_summary=Closed until 7:30am
[2026-04-10 02:30:03] === SCRAPE END OK ===
[2026-04-10 02:45:02] === SCRAPE START ===
[2026-04-10 02:45:02] Fetching https://waitz.io/live/ucsd-rec
[2026-04-10 02:45:04] Saved 4 rows to ucsd_occupancy_history.csv
[2026-04-10 02:45:04] Main Gym Fitness Gym: 1% (Closed) people=1 capacity=72 is_open=False hour_summary=Closed until 6:00am
[2026-04-10 02:45:04] Outback Climbing Center: 0% (Closed) people=0 capacity=30 is_open=False hour_summary=Closed until 10:00am
[2026-04-10 02:45:04] RIMAC Fitness Gym: 1% (Closed) people=1 capacity=150 is_open=False hour_summary=Closed until 6:00am
[2026-04-10 02:45:04] Triton Esports Center: 0% (Closed) people=0 capacity=35 is_open=False hour_summary=Closed until 7:30am
[2026-04-10 02:45:04] === SCRAPE END OK ===
[2026-04-10 03:00:02] === SCRAPE START ===
[2026-04-10 03:00:02] Fetching https://waitz.io/live/ucsd-rec
[2026-04-10 03:00:04] Saved 4 rows to ucsd_occupancy_history.csv
[2026-04-10 03:00:04] Main Gym Fitness Gym: 1% (Closed) people=1 capacity=72 is_open=False hour_summary=Closed until 6:00am
[2026-04-10 03:00:04] Outback Climbing Center: 0% (Closed) people=0 capacity=30 is_open=False hour_summary=Closed until 10:00am
[2026-04-10 03:00:04] RIMAC Fitness Gym: 1% (Closed) people=1 capacity=150 is_open=False hour_summary=Closed until 6:00am
[2026-04-10 03:00:04] Triton Esports Center: 0% (Closed) people=0 capacity=35 is_open=False hour_summary=Closed until 7:30am
[2026-04-10 03:00:04] === SCRAPE END OK ===
[2026-04-10 03:15:02] === SCRAPE START ===
[2026-04-10 03:15:02] Fetching https://waitz.io/live/ucsd-rec
[2026-04-10 03:15:03] Saved 4 rows to ucsd_occupancy_history.csv
[2026-04-10 03:15:03] Main Gym Fitness Gym: 1% (Closed) people=0 capacity=72 is_open=False hour_summary=Closed until 6:00am
[2026-04-10 03:15:03] Outback Climbing Center: 0% (Closed) people=0 capacity=30 is_open=False hour_summary=Closed until 10:00am
[2026-04-10 03:15:03] RIMAC Fitness Gym: 1% (Closed) people=2 capacity=150 is_open=False hour_summary=Closed until 6:00am
[2026-04-10 03:15:03] Triton Esports Center: 0% (Closed) people=0 capacity=35 is_open=False hour_summary=Closed until 7:30am
[2026-04-10 03:15:03] === SCRAPE END OK ===
[2026-04-10 03:30:02] === SCRAPE START ===
[2026-04-10 03:30:02] Fetching https://waitz.io/live/ucsd-rec
[2026-04-10 03:30:03] Saved 4 rows to ucsd_occupancy_history.csv
[2026-04-10 03:30:03] Main Gym Fitness Gym: 1% (Closed) people=1 capacity=72 is_open=False hour_summary=Closed until 6:00am
[2026-04-10 03:30:03] Outback Climbing Center: 0% (Closed) people=0 capacity=30 is_open=False hour_summary=Closed until 10:00am
[2026-04-10 03:30:03] RIMAC Fitness Gym: 1% (Closed) people=1 capacity=150 is_open=False hour_summary=Closed until 6:00am
[2026-04-10 03:30:03] Triton Esports Center: 0% (Closed) people=0 capacity=35 is_open=False hour_summary=Closed until 7:30am
[2026-04-10 03:30:03] === SCRAPE END OK ===
[2026-04-10 03:45:02] === SCRAPE START ===
[2026-04-10 03:45:02] Fetching https://waitz.io/live/ucsd-rec
[2026-04-10 03:45:03] Saved 4 rows to ucsd_occupancy_history.csv
[2026-04-10 03:45:03] Main Gym Fitness Gym: 1% (Closed) people=1 capacity=72 is_open=False hour_summary=Closed until 6:00am
[2026-04-10 03:45:03] Outback Climbing Center: 0% (Closed) people=0 capacity=30 is_open=False hour_summary=Closed until 10:00am
[2026-04-10 03:45:03] RIMAC Fitness Gym: 8% (Closed) people=12 capacity=150 is_open=False hour_summary=Closed until 6:00am
[2026-04-10 03:45:03] Triton Esports Center: 0% (Closed) people=0 capacity=35 is_open=False hour_summary=Closed until 7:30am
[2026-04-10 03:45:03] === SCRAPE END OK ===
[2026-04-10 04:00:02] === SCRAPE START ===
[2026-04-10 04:00:02] Fetching https://waitz.io/live/ucsd-rec
[2026-04-10 04:00:04] Saved 4 rows to ucsd_occupancy_history.csv
[2026-04-10 04:00:04] Main Gym Fitness Gym: 1% (Closed) people=1 capacity=72 is_open=False hour_summary=Closed until 6:00am
[2026-04-10 04:00:04] Outback Climbing Center: 0% (Closed) people=0 capacity=30 is_open=False hour_summary=Closed until 10:00am
[2026-04-10 04:00:04] RIMAC Fitness Gym: 1% (Closed) people=2 capacity=150 is_open=False hour_summary=Closed until 6:00am
[2026-04-10 04:00:04] Triton Esports Center: 0% (Closed) people=0 capacity=35 is_open=False hour_summary=Closed until 7:30am
[2026-04-10 04:00:04] === SCRAPE END OK ===
[2026-04-10 04:15:02] === SCRAPE START ===
[2026-04-10 04:15:02] Fetching https://waitz.io/live/ucsd-rec
[2026-04-10 04:15:03] Saved 4 rows to ucsd_occupancy_history.csv
[2026-04-10 04:15:03] Main Gym Fitness Gym: 1% (Closed) people=1 capacity=72 is_open=False hour_summary=Closed until 6:00am
[2026-04-10 04:15:03] Outback Climbing Center: 0% (Closed) people=0 capacity=30 is_open=False hour_summary=Closed until 10:00am
[2026-04-10 04:15:03] RIMAC Fitness Gym: 1% (Closed) people=2 capacity=150 is_open=False hour_summary=Closed until 6:00am
[2026-04-10 04:15:03] Triton Esports Center: 0% (Closed) people=0 capacity=35 is_open=False hour_summary=Closed until 7:30am
[2026-04-10 04:15:03] === SCRAPE END OK ===
[2026-04-10 04:30:02] === SCRAPE START ===
[2026-04-10 04:30:02] Fetching https://waitz.io/live/ucsd-rec
[2026-04-10 04:30:03] Saved 4 rows to ucsd_occupancy_history.csv
[2026-04-10 04:30:03] Main Gym Fitness Gym: 1% (Closed) people=1 capacity=72 is_open=False hour_summary=Closed until 6:00am
[2026-04-10 04:30:03] Outback Climbing Center: 0% (Closed) people=0 capacity=30 is_open=False hour_summary=Closed until 10:00am
[2026-04-10 04:30:03] RIMAC Fitness Gym: 1% (Closed) people=1 capacity=150 is_open=False hour_summary=Closed until 6:00am
[2026-04-10 04:30:03] Triton Esports Center: 0% (Closed) people=0 capacity=35 is_open=False hour_summary=Closed until 7:30am
[2026-04-10 04:30:03] === SCRAPE END OK ===
[2026-04-10 04:45:02] === SCRAPE START ===
[2026-04-10 04:45:02] Fetching https://waitz.io/live/ucsd-rec
[2026-04-10 04:45:03] Saved 4 rows to ucsd_occupancy_history.csv
[2026-04-10 04:45:03] Main Gym Fitness Gym: 1% (Closed) people=1 capacity=72 is_open=False hour_summary=Closed until 6:00am
[2026-04-10 04:45:03] Outback Climbing Center: 0% (Closed) people=0 capacity=30 is_open=False hour_summary=Closed until 10:00am
[2026-04-10 04:45:03] RIMAC Fitness Gym: 1% (Closed) people=2 capacity=150 is_open=False hour_summary=Closed until 6:00am
[2026-04-10 04:45:03] Triton Esports Center: 0% (Closed) people=0 capacity=35 is_open=False hour_summary=Closed until 7:30am
[2026-04-10 04:45:03] === SCRAPE END OK ===
[2026-04-10 05:00:02] === SCRAPE START ===
[2026-04-10 05:00:02] Fetching https://waitz.io/live/ucsd-rec
[2026-04-10 05:00:03] Saved 4 rows to ucsd_occupancy_history.csv
[2026-04-10 05:00:03] Main Gym Fitness Gym: 1% (Closed) people=1 capacity=72 is_open=False hour_summary=Closed until 6:00am
[2026-04-10 05:00:03] Outback Climbing Center: 0% (Closed) people=0 capacity=30 is_open=False hour_summary=Closed until 10:00am
[2026-04-10 05:00:03] RIMAC Fitness Gym: 1% (Closed) people=2 capacity=150 is_open=False hour_summary=Closed until 6:00am
[2026-04-10 05:00:03] Triton Esports Center: 0% (Closed) people=0 capacity=35 is_open=False hour_summary=Closed until 7:30am
[2026-04-10 05:00:03] === SCRAPE END OK ===
[2026-04-10 05:15:02] === SCRAPE START ===
[2026-04-10 05:15:02] Fetching https://waitz.io/live/ucsd-rec
[2026-04-10 05:15:03] Saved 4 rows to ucsd_occupancy_history.csv
[2026-04-10 05:15:03] Main Gym Fitness Gym: 1% (Closed) people=1 capacity=72 is_open=False hour_summary=Closed until 6:00am
[2026-04-10 05:15:03] Outback Climbing Center: 0% (Closed) people=0 capacity=30 is_open=False hour_summary=Closed until 10:00am
[2026-04-10 05:15:03] RIMAC Fitness Gym: 1% (Closed) people=2 capacity=150 is_open=False hour_summary=Closed until 6:00am
[2026-04-10 05:15:03] Triton Esports Center: 0% (Closed) people=0 capacity=35 is_open=False hour_summary=Closed until 7:30am
[2026-04-10 05:15:03] === SCRAPE END OK ===
[2026-04-10 05:30:02] === SCRAPE START ===
[2026-04-10 05:30:02] Fetching https://waitz.io/live/ucsd-rec
[2026-04-10 05:30:03] Saved 4 rows to ucsd_occupancy_history.csv
[2026-04-10 05:30:03] Main Gym Fitness Gym: 1% (Closed) people=1 capacity=72 is_open=False hour_summary=Closed until 6:00am
[2026-04-10 05:30:03] Outback Climbing Center: 0% (Closed) people=0 capacity=30 is_open=False hour_summary=Closed until 10:00am
[2026-04-10 05:30:03] RIMAC Fitness Gym: 1% (Closed) people=2 capacity=150 is_open=False hour_summary=Closed until 6:00am
[2026-04-10 05:30:03] Triton Esports Center: 0% (Closed) people=0 capacity=35 is_open=False hour_summary=Closed until 7:30am
[2026-04-10 05:30:03] === SCRAPE END OK ===
[2026-04-10 05:45:02] === SCRAPE START ===
[2026-04-10 05:45:02] Fetching https://waitz.io/live/ucsd-rec
[2026-04-10 05:45:04] Saved 4 rows to ucsd_occupancy_history.csv
[2026-04-10 05:45:04] Main Gym Fitness Gym: 1% (Closed) people=1 capacity=72 is_open=False hour_summary=Closed until 6:00am
[2026-04-10 05:45:04] Outback Climbing Center: 0% (Closed) people=0 capacity=30 is_open=False hour_summary=Closed until 10:00am
[2026-04-10 05:45:04] RIMAC Fitness Gym: 1% (Closed) people=1 capacity=150 is_open=False hour_summary=Closed until 6:00am
[2026-04-10 05:45:04] Triton Esports Center: 0% (Closed) people=0 capacity=35 is_open=False hour_summary=Closed until 7:30am
[2026-04-10 05:45:04] === SCRAPE END OK ===
[2026-04-10 06:00:02] === SCRAPE START ===
[2026-04-10 06:00:02] Fetching https://waitz.io/live/ucsd-rec
[2026-04-10 06:00:03] Saved 4 rows to ucsd_occupancy_history.csv
[2026-04-10 06:00:03] Main Gym Fitness Gym: 1% (Not Busy) people=1 capacity=72 is_open=True hour_summary=open
[2026-04-10 06:00:03] Outback Climbing Center: 0% (Closed) people=0 capacity=30 is_open=False hour_summary=Closed until 10:00am
[2026-04-10 06:00:03] RIMAC Fitness Gym: 2% (Not Busy) people=3 capacity=150 is_open=True hour_summary=open
[2026-04-10 06:00:03] Triton Esports Center: 0% (Closed) people=0 capacity=35 is_open=False hour_summary=Closed until 7:30am
[2026-04-10 06:00:03] === SCRAPE END OK ===
[2026-04-10 06:15:02] === SCRAPE START ===
[2026-04-10 06:15:02] Fetching https://waitz.io/live/ucsd-rec
[2026-04-10 06:15:03] Saved 4 rows to ucsd_occupancy_history.csv
[2026-04-10 06:15:03] Main Gym Fitness Gym: 1% (Not Busy) people=1 capacity=72 is_open=True hour_summary=open
[2026-04-10 06:15:03] Outback Climbing Center: 6% (Closed) people=2 capacity=30 is_open=False hour_summary=Closed until 10:00am
[2026-04-10 06:15:03] RIMAC Fitness Gym: 14% (Not Busy) people=22 capacity=150 is_open=True hour_summary=open
[2026-04-10 06:15:03] Triton Esports Center: 0% (Closed) people=0 capacity=35 is_open=False hour_summary=Closed until 7:30am
[2026-04-10 06:15:03] === SCRAPE END OK ===
[2026-04-10 06:30:02] === SCRAPE START ===
[2026-04-10 06:30:02] Fetching https://waitz.io/live/ucsd-rec
[2026-04-10 06:30:04] Saved 4 rows to ucsd_occupancy_history.csv
[2026-04-10 06:30:04] Main Gym Fitness Gym: 13% (Not Busy) people=9 capacity=72 is_open=True hour_summary=open
[2026-04-10 06:30:04] Outback Climbing Center: 2% (Closed) people=1 capacity=30 is_open=False hour_summary=Closed until 10:00am
[2026-04-10 06:30:04] RIMAC Fitness Gym: 29% (Not Busy) people=43 capacity=150 is_open=True hour_summary=open
[2026-04-10 06:30:04] Triton Esports Center: 0% (Closed) people=0 capacity=35 is_open=False hour_summary=Closed until 7:30am
[2026-04-10 06:30:04] === SCRAPE END OK ===
[2026-04-10 06:45:02] === SCRAPE START ===
[2026-04-10 06:45:02] Fetching https://waitz.io/live/ucsd-rec
[2026-04-10 06:45:03] Saved 4 rows to ucsd_occupancy_history.csv
[2026-04-10 06:45:03] Main Gym Fitness Gym: 7% (Not Busy) people=5 capacity=72 is_open=True hour_summary=open
[2026-04-10 06:45:03] Outback Climbing Center: 5% (Closed) people=1 capacity=30 is_open=False hour_summary=Closed until 10:00am
[2026-04-10 06:45:03] RIMAC Fitness Gym: 40% (Not Busy) people=60 capacity=150 is_open=True hour_summary=open
[2026-04-10 06:45:03] Triton Esports Center: 0% (Closed) people=0 capacity=35 is_open=False hour_summary=Closed until 7:30am
[2026-04-10 06:45:03] === SCRAPE END OK ===
[2026-04-10 07:00:02] === SCRAPE START ===
[2026-04-10 07:00:02] Fetching https://waitz.io/live/ucsd-rec
[2026-04-10 07:00:03] Saved 4 rows to ucsd_occupancy_history.csv
[2026-04-10 07:00:04] Main Gym Fitness Gym: 12% (Not Busy) people=9 capacity=72 is_open=True hour_summary=open
[2026-04-10 07:00:04] Outback Climbing Center: 1% (Closed) people=0 capacity=30 is_open=False hour_summary=Closed until 10:00am
[2026-04-10 07:00:04] RIMAC Fitness Gym: 40% (Not Busy) people=60 capacity=150 is_open=True hour_summary=open
[2026-04-10 07:00:04] Triton Esports Center: 0% (Closed) people=0 capacity=35 is_open=False hour_summary=Closed until 7:30am
[2026-04-10 07:00:04] === SCRAPE END OK ===
[2026-04-10 07:15:02] === SCRAPE START ===
[2026-04-10 07:15:02] Fetching https://waitz.io/live/ucsd-rec
[2026-04-10 07:15:03] Saved 4 rows to ucsd_occupancy_history.csv
[2026-04-10 07:15:03] Main Gym Fitness Gym: 10% (Not Busy) people=7 capacity=72 is_open=True hour_summary=open
[2026-04-10 07:15:03] Outback Climbing Center: 1% (Closed) people=0 capacity=30 is_open=False hour_summary=Closed until 10:00am
[2026-04-10 07:15:03] RIMAC Fitness Gym: 52% (Busy) people=77 capacity=150 is_open=True hour_summary=open
[2026-04-10 07:15:03] Triton Esports Center: 0% (Closed) people=0 capacity=35 is_open=False hour_summary=Closed until 7:30am
[2026-04-10 07:15:03] === SCRAPE END OK ===
[2026-04-10 07:30:02] === SCRAPE START ===
[2026-04-10 07:30:02] Fetching https://waitz.io/live/ucsd-rec
[2026-04-10 07:30:03] Saved 4 rows to ucsd_occupancy_history.csv
[2026-04-10 07:30:03] Main Gym Fitness Gym: 8% (Not Busy) people=6 capacity=72 is_open=True hour_summary=open
[2026-04-10 07:30:03] Outback Climbing Center: 1% (Closed) people=0 capacity=30 is_open=False hour_summary=Closed until 10:00am
[2026-04-10 07:30:03] RIMAC Fitness Gym: 57% (Busy) people=85 capacity=150 is_open=True hour_summary=open
[2026-04-10 07:30:03] Triton Esports Center: 1% (Not Busy) people=0 capacity=35 is_open=True hour_summary=open
[2026-04-10 07:30:03] === SCRAPE END OK ===
[2026-04-10 07:45:02] === SCRAPE START ===
[2026-04-10 07:45:02] Fetching https://waitz.io/live/ucsd-rec
[2026-04-10 07:45:03] Saved 4 rows to ucsd_occupancy_history.csv
[2026-04-10 07:45:03] Main Gym Fitness Gym: 9% (Not Busy) people=7 capacity=72 is_open=True hour_summary=open
[2026-04-10 07:45:03] Outback Climbing Center: 3% (Closed) people=1 capacity=30 is_open=False hour_summary=Closed until 10:00am
[2026-04-10 07:45:03] RIMAC Fitness Gym: 81% (Very Active) people=122 capacity=150 is_open=True hour_summary=open
[2026-04-10 07:45:03] Triton Esports Center: 0% (Not Busy) people=0 capacity=35 is_open=True hour_summary=open
[2026-04-10 07:45:03] === SCRAPE END OK ===
[2026-04-10 08:00:02] === SCRAPE START ===
[2026-04-10 08:00:02] Fetching https://waitz.io/live/ucsd-rec
[2026-04-10 08:00:05] Saved 4 rows to ucsd_occupancy_history.csv
[2026-04-10 08:00:05] Main Gym Fitness Gym: 20% (Not Busy) people=15 capacity=72 is_open=True hour_summary=open
[2026-04-10 08:00:05] Outback Climbing Center: 1% (Closed) people=0 capacity=30 is_open=False hour_summary=Closed until 10:00am
[2026-04-10 08:00:05] RIMAC Fitness Gym: 55% (Busy) people=82 capacity=150 is_open=True hour_summary=open
[2026-04-10 08:00:05] Triton Esports Center: 0% (Not Busy) people=0 capacity=35 is_open=True hour_summary=open
[2026-04-10 08:00:05] === SCRAPE END OK ===
[2026-04-10 08:15:02] === SCRAPE START ===
[2026-04-10 08:15:02] Fetching https://waitz.io/live/ucsd-rec
[2026-04-10 08:15:03] Saved 4 rows to ucsd_occupancy_history.csv
[2026-04-10 08:15:03] Main Gym Fitness Gym: 7% (Not Busy) people=5 capacity=72 is_open=True hour_summary=open
[2026-04-10 08:15:03] Outback Climbing Center: 0% (Closed) people=0 capacity=30 is_open=False hour_summary=Closed until 10:00am
[2026-04-10 08:15:03] RIMAC Fitness Gym: 50% (Busy) people=74 capacity=150 is_open=True hour_summary=open
[2026-04-10 08:15:03] Triton Esports Center: 0% (Not Busy) people=0 capacity=35 is_open=True hour_summary=open
[2026-04-10 08:15:03] === SCRAPE END OK ===
[2026-04-10 08:30:02] === SCRAPE START ===
[2026-04-10 08:30:02] Fetching https://waitz.io/live/ucsd-rec
[2026-04-10 08:30:04] Saved 4 rows to ucsd_occupancy_history.csv
[2026-04-10 08:30:04] Main Gym Fitness Gym: 19% (Not Busy) people=14 capacity=72 is_open=True hour_summary=open
[2026-04-10 08:30:04] Outback Climbing Center: 9% (Closed) people=3 capacity=30 is_open=False hour_summary=Closed until 10:00am
[2026-04-10 08:30:04] RIMAC Fitness Gym: 46% (Busy) people=69 capacity=150 is_open=True hour_summary=open
[2026-04-10 08:30:04] Triton Esports Center: 0% (Not Busy) people=0 capacity=35 is_open=True hour_summary=open
[2026-04-10 08:30:04] === SCRAPE END OK ===
[2026-04-10 08:45:02] === SCRAPE START ===
[2026-04-10 08:45:02] Fetching https://waitz.io/live/ucsd-rec
[2026-04-10 08:45:03] Saved 4 rows to ucsd_occupancy_history.csv
[2026-04-10 08:45:03] Main Gym Fitness Gym: 28% (Not Busy) people=21 capacity=72 is_open=True hour_summary=open
[2026-04-10 08:45:03] Outback Climbing Center: 20% (Closed) people=6 capacity=30 is_open=False hour_summary=Closed until 10:00am
[2026-04-10 08:45:03] RIMAC Fitness Gym: 44% (Not Busy) people=67 capacity=150 is_open=True hour_summary=open
[2026-04-10 08:45:03] Triton Esports Center: 0% (Not Busy) people=0 capacity=35 is_open=True hour_summary=open
[2026-04-10 08:45:03] === SCRAPE END OK ===
[2026-04-10 09:00:02] === SCRAPE START ===
[2026-04-10 09:00:02] Fetching https://waitz.io/live/ucsd-rec
[2026-04-10 09:00:03] Saved 4 rows to ucsd_occupancy_history.csv
[2026-04-10 09:00:03] Main Gym Fitness Gym: 36% (Not Busy) people=26 capacity=72 is_open=True hour_summary=open
[2026-04-10 09:00:03] Outback Climbing Center: 6% (Closed) people=2 capacity=30 is_open=False hour_summary=Closed until 10:00am
[2026-04-10 09:00:03] RIMAC Fitness Gym: 51% (Busy) people=76 capacity=150 is_open=True hour_summary=open
[2026-04-10 09:00:03] Triton Esports Center: 1% (Not Busy) people=0 capacity=35 is_open=True hour_summary=open
[2026-04-10 09:00:03] === SCRAPE END OK ===
[2026-04-10 09:15:02] === SCRAPE START ===
[2026-04-10 09:15:02] Fetching https://waitz.io/live/ucsd-rec
[2026-04-10 09:15:03] Saved 4 rows to ucsd_occupancy_history.csv
[2026-04-10 09:15:03] Main Gym Fitness Gym: 22% (Not Busy) people=16 capacity=72 is_open=True hour_summary=open
[2026-04-10 09:15:03] Outback Climbing Center: 0% (Closed) people=0 capacity=30 is_open=False hour_summary=Closed until 10:00am
[2026-04-10 09:15:03] RIMAC Fitness Gym: 58% (Busy) people=86 capacity=150 is_open=True hour_summary=open
[2026-04-10 09:15:03] Triton Esports Center: 3% (Not Busy) people=1 capacity=35 is_open=True hour_summary=open
[2026-04-10 09:15:03] === SCRAPE END OK ===
[2026-04-10 09:30:02] === SCRAPE START ===
[2026-04-10 09:30:02] Fetching https://waitz.io/live/ucsd-rec
[2026-04-10 09:30:03] Saved 4 rows to ucsd_occupancy_history.csv
[2026-04-10 09:30:03] Main Gym Fitness Gym: 37% (Not Busy) people=27 capacity=72 is_open=True hour_summary=open
[2026-04-10 09:30:03] Outback Climbing Center: 0% (Closed) people=0 capacity=30 is_open=False hour_summary=Closed until 10:00am
[2026-04-10 09:30:03] RIMAC Fitness Gym: 52% (Busy) people=77 capacity=150 is_open=True hour_summary=open
[2026-04-10 09:30:03] Triton Esports Center: 10% (Not Busy) people=3 capacity=35 is_open=True hour_summary=open
[2026-04-10 09:30:03] === SCRAPE END OK ===
[2026-04-10 09:45:02] === SCRAPE START ===
[2026-04-10 09:45:02] Fetching https://waitz.io/live/ucsd-rec
[2026-04-10 09:45:04] Saved 4 rows to ucsd_occupancy_history.csv
[2026-04-10 09:45:04] Main Gym Fitness Gym: 29% (Not Busy) people=21 capacity=72 is_open=True hour_summary=open
[2026-04-10 09:45:04] Outback Climbing Center: 0% (Closed) people=0 capacity=30 is_open=False hour_summary=Closed until 10:00am
[2026-04-10 09:45:04] RIMAC Fitness Gym: 49% (Busy) people=73 capacity=150 is_open=True hour_summary=open
[2026-04-10 09:45:04] Triton Esports Center: 11% (Not Busy) people=4 capacity=35 is_open=True hour_summary=open
[2026-04-10 09:45:04] === SCRAPE END OK ===
[2026-04-10 10:00:03] === SCRAPE START ===
[2026-04-10 10:00:03] Fetching https://waitz.io/live/ucsd-rec
[2026-04-10 10:00:05] Saved 4 rows to ucsd_occupancy_history.csv
[2026-04-10 10:00:05] Main Gym Fitness Gym: 35% (Not Busy) people=26 capacity=72 is_open=True hour_summary=open
[2026-04-10 10:00:05] Outback Climbing Center: 0% (Not Busy) people=0 capacity=30 is_open=True hour_summary=open
[2026-04-10 10:00:05] RIMAC Fitness Gym: 46% (Busy) people=69 capacity=150 is_open=True hour_summary=open
[2026-04-10 10:00:05] Triton Esports Center: 12% (Not Busy) people=4 capacity=35 is_open=True hour_summary=open
[2026-04-10 10:00:05] === SCRAPE END OK ===
[2026-04-10 10:15:02] === SCRAPE START ===
[2026-04-10 10:15:02] Fetching https://waitz.io/live/ucsd-rec
[2026-04-10 10:15:03] Saved 4 rows to ucsd_occupancy_history.csv
[2026-04-10 10:15:03] Main Gym Fitness Gym: 28% (Not Busy) people=21 capacity=72 is_open=True hour_summary=open
[2026-04-10 10:15:03] Outback Climbing Center: 75% (Busy) people=22 capacity=30 is_open=True hour_summary=open
[2026-04-10 10:15:03] RIMAC Fitness Gym: 54% (Busy) people=81 capacity=150 is_open=True hour_summary=open
[2026-04-10 10:15:03] Triton Esports Center: 12% (Not Busy) people=4 capacity=35 is_open=True hour_summary=open
[2026-04-10 10:15:03] === SCRAPE END OK ===
[2026-04-10 10:30:02] === SCRAPE START ===
[2026-04-10 10:30:02] Fetching https://waitz.io/live/ucsd-rec
[2026-04-10 10:30:04] Saved 4 rows to ucsd_occupancy_history.csv
[2026-04-10 10:30:04] Main Gym Fitness Gym: 32% (Not Busy) people=23 capacity=72 is_open=True hour_summary=open
[2026-04-10 10:30:04] Outback Climbing Center: 99% (Very Active) people=41 capacity=30 is_open=True hour_summary=open
[2026-04-10 10:30:04] RIMAC Fitness Gym: 73% (Busy) people=110 capacity=150 is_open=True hour_summary=open
[2026-04-10 10:30:04] Triton Esports Center: 14% (Not Busy) people=5 capacity=35 is_open=True hour_summary=open
[2026-04-10 10:30:04] === SCRAPE END OK ===
[2026-04-10 10:45:02] === SCRAPE START ===
[2026-04-10 10:45:02] Fetching https://waitz.io/live/ucsd-rec
[2026-04-10 10:45:03] Saved 4 rows to ucsd_occupancy_history.csv
[2026-04-10 10:45:03] Main Gym Fitness Gym: 36% (Not Busy) people=26 capacity=72 is_open=True hour_summary=open
[2026-04-10 10:45:03] Outback Climbing Center: 99% (Very Active) people=37 capacity=30 is_open=True hour_summary=open
[2026-04-10 10:45:03] RIMAC Fitness Gym: 71% (Busy) people=106 capacity=150 is_open=True hour_summary=open
[2026-04-10 10:45:03] Triton Esports Center: 29% (Not Busy) people=10 capacity=35 is_open=True hour_summary=open
[2026-04-10 10:45:03] === SCRAPE END OK ===
[2026-04-10 11:00:02] === SCRAPE START ===
[2026-04-10 11:00:02] Fetching https://waitz.io/live/ucsd-rec
[2026-04-10 11:00:04] Saved 4 rows to ucsd_occupancy_history.csv
[2026-04-10 11:00:04] Main Gym Fitness Gym: 63% (Busy) people=45 capacity=72 is_open=True hour_summary=open
[2026-04-10 11:00:04] Outback Climbing Center: 99% (Very Active) people=38 capacity=30 is_open=True hour_summary=open
[2026-04-10 11:00:04] RIMAC Fitness Gym: 71% (Busy) people=107 capacity=150 is_open=True hour_summary=open
[2026-04-10 11:00:04] Triton Esports Center: 25% (Not Busy) people=9 capacity=35 is_open=True hour_summary=open
[2026-04-10 11:00:04] === SCRAPE END OK ===
[2026-04-10 11:15:02] === SCRAPE START ===
[2026-04-10 11:15:02] Fetching https://waitz.io/live/ucsd-rec
[2026-04-10 11:15:03] Saved 4 rows to ucsd_occupancy_history.csv
[2026-04-10 11:15:03] Main Gym Fitness Gym: 26% (Not Busy) people=18 capacity=72 is_open=True hour_summary=open
[2026-04-10 11:15:03] Outback Climbing Center: 99% (Very Active) people=37 capacity=30 is_open=True hour_summary=open
[2026-04-10 11:15:03] RIMAC Fitness Gym: 76% (Busy) people=115 capacity=150 is_open=True hour_summary=open
[2026-04-10 11:15:03] Triton Esports Center: 41% (Not Busy) people=14 capacity=35 is_open=True hour_summary=open
[2026-04-10 11:15:03] === SCRAPE END OK ===
[2026-04-10 11:30:02] === SCRAPE START ===
[2026-04-10 11:30:02] Fetching https://waitz.io/live/ucsd-rec
[2026-04-10 11:30:03] Saved 4 rows to ucsd_occupancy_history.csv
[2026-04-10 11:30:03] Main Gym Fitness Gym: 42% (Not Busy) people=30 capacity=72 is_open=True hour_summary=open
[2026-04-10 11:30:03] Outback Climbing Center: 99% (Very Active) people=36 capacity=30 is_open=True hour_summary=open
[2026-04-10 11:30:03] RIMAC Fitness Gym: 77% (Busy) people=115 capacity=150 is_open=True hour_summary=open
[2026-04-10 11:30:03] Triton Esports Center: 56% (Busy) people=19 capacity=35 is_open=True hour_summary=open
[2026-04-10 11:30:03] === SCRAPE END OK ===
[2026-04-10 11:45:02] === SCRAPE START ===
[2026-04-10 11:45:02] Fetching https://waitz.io/live/ucsd-rec
[2026-04-10 11:45:04] Saved 4 rows to ucsd_occupancy_history.csv
[2026-04-10 11:45:04] Main Gym Fitness Gym: 20% (Not Busy) people=14 capacity=72 is_open=True hour_summary=open
[2026-04-10 11:45:04] Outback Climbing Center: 99% (Very Active) people=30 capacity=30 is_open=True hour_summary=open
[2026-04-10 11:45:04] RIMAC Fitness Gym: 99% (Very Active) people=172 capacity=150 is_open=True hour_summary=open
[2026-04-10 11:45:04] Triton Esports Center: 60% (Busy) people=21 capacity=35 is_open=True hour_summary=open
[2026-04-10 11:45:04] === SCRAPE END OK ===
[2026-04-10 12:00:02] === SCRAPE START ===
[2026-04-10 12:00:02] Fetching https://waitz.io/live/ucsd-rec
[2026-04-10 12:00:03] Saved 4 rows to ucsd_occupancy_history.csv
[2026-04-10 12:00:03] Main Gym Fitness Gym: 26% (Not Busy) people=18 capacity=72 is_open=True hour_summary=open
[2026-04-10 12:00:03] Outback Climbing Center: 81% (Very Active) people=24 capacity=30 is_open=True hour_summary=open
[2026-04-10 12:00:03] RIMAC Fitness Gym: 75% (Busy) people=112 capacity=150 is_open=True hour_summary=open
[2026-04-10 12:00:03] Triton Esports Center: 59% (Busy) people=20 capacity=35 is_open=True hour_summary=open
[2026-04-10 12:00:03] === SCRAPE END OK ===
[2026-04-10 12:15:02] === SCRAPE START ===
[2026-04-10 12:15:02] Fetching https://waitz.io/live/ucsd-rec
[2026-04-10 12:15:03] Saved 4 rows to ucsd_occupancy_history.csv
[2026-04-10 12:15:03] Main Gym Fitness Gym: 42% (Not Busy) people=30 capacity=72 is_open=True hour_summary=open
[2026-04-10 12:15:03] Outback Climbing Center: 80% (Busy) people=24 capacity=30 is_open=True hour_summary=open
[2026-04-10 12:15:03] RIMAC Fitness Gym: 80% (Busy) people=120 capacity=150 is_open=True hour_summary=open
[2026-04-10 12:15:03] Triton Esports Center: 47% (Busy) people=17 capacity=35 is_open=True hour_summary=open
[2026-04-10 12:15:03] === SCRAPE END OK ===
[2026-04-10 12:30:02] === SCRAPE START ===
[2026-04-10 12:30:02] Fetching https://waitz.io/live/ucsd-rec
[2026-04-10 12:30:03] Saved 4 rows to ucsd_occupancy_history.csv
[2026-04-10 12:30:03] Main Gym Fitness Gym: 43% (Not Busy) people=31 capacity=72 is_open=True hour_summary=open
[2026-04-10 12:30:03] Outback Climbing Center: 99% (Very Active) people=35 capacity=30 is_open=True hour_summary=open
[2026-04-10 12:30:03] RIMAC Fitness Gym: 81% (Very Active) people=121 capacity=150 is_open=True hour_summary=open
[2026-04-10 12:30:03] Triton Esports Center: 43% (Not Busy) people=15 capacity=35 is_open=True hour_summary=open
[2026-04-10 12:30:03] === SCRAPE END OK ===
[2026-04-10 12:45:02] === SCRAPE START ===
[2026-04-10 12:45:02] Fetching https://waitz.io/live/ucsd-rec
[2026-04-10 12:45:03] Saved 4 rows to ucsd_occupancy_history.csv
[2026-04-10 12:45:03] Main Gym Fitness Gym: 16% (Not Busy) people=11 capacity=72 is_open=True hour_summary=open
[2026-04-10 12:45:03] Outback Climbing Center: 99% (Very Active) people=34 capacity=30 is_open=True hour_summary=open
[2026-04-10 12:45:03] RIMAC Fitness Gym: 77% (Busy) people=116 capacity=150 is_open=True hour_summary=open
[2026-04-10 12:45:03] Triton Esports Center: 41% (Not Busy) people=14 capacity=35 is_open=True hour_summary=open
[2026-04-10 12:45:03] === SCRAPE END OK ===
[2026-04-10 13:00:02] === SCRAPE START ===
[2026-04-10 13:00:02] Fetching https://waitz.io/live/ucsd-rec
[2026-04-10 13:00:03] Saved 4 rows to ucsd_occupancy_history.csv
[2026-04-10 13:00:03] Main Gym Fitness Gym: 22% (Not Busy) people=16 capacity=72 is_open=True hour_summary=open
[2026-04-10 13:00:03] Outback Climbing Center: 91% (Very Active) people=27 capacity=30 is_open=True hour_summary=open
[2026-04-10 13:00:03] RIMAC Fitness Gym: 84% (Very Active) people=126 capacity=150 is_open=True hour_summary=open
[2026-04-10 13:00:03] Triton Esports Center: 49% (Busy) people=17 capacity=35 is_open=True hour_summary=open
[2026-04-10 13:00:03] === SCRAPE END OK ===
[2026-04-10 13:15:02] === SCRAPE START ===
[2026-04-10 13:15:02] Fetching https://waitz.io/live/ucsd-rec
[2026-04-10 13:15:03] Saved 4 rows to ucsd_occupancy_history.csv
[2026-04-10 13:15:03] Main Gym Fitness Gym: 22% (Not Busy) people=16 capacity=72 is_open=True hour_summary=open
[2026-04-10 13:15:03] Outback Climbing Center: 86% (Very Active) people=26 capacity=30 is_open=True hour_summary=open
[2026-04-10 13:15:03] RIMAC Fitness Gym: 77% (Busy) people=116 capacity=150 is_open=True hour_summary=open
[2026-04-10 13:15:03] Triton Esports Center: 50% (Busy) people=17 capacity=35 is_open=True hour_summary=open
[2026-04-10 13:15:03] === SCRAPE END OK ===
[2026-04-10 13:30:02] === SCRAPE START ===
[2026-04-10 13:30:02] Fetching https://waitz.io/live/ucsd-rec
[2026-04-10 13:30:04] Saved 4 rows to ucsd_occupancy_history.csv
[2026-04-10 13:30:04] Main Gym Fitness Gym: 22% (Not Busy) people=16 capacity=72 is_open=True hour_summary=open
[2026-04-10 13:30:04] Outback Climbing Center: 99% (Very Active) people=37 capacity=30 is_open=True hour_summary=open
[2026-04-10 13:30:04] RIMAC Fitness Gym: 89% (Very Active) people=134 capacity=150 is_open=True hour_summary=open
[2026-04-10 13:30:04] Triton Esports Center: 44% (Not Busy) people=15 capacity=35 is_open=True hour_summary=open
[2026-04-10 13:30:04] === SCRAPE END OK ===
[2026-04-10 13:45:02] === SCRAPE START ===
[2026-04-10 13:45:02] Fetching https://waitz.io/live/ucsd-rec
[2026-04-10 13:45:04] Saved 4 rows to ucsd_occupancy_history.csv
[2026-04-10 13:45:04] Main Gym Fitness Gym: 14% (Not Busy) people=10 capacity=72 is_open=True hour_summary=open
[2026-04-10 13:45:04] Outback Climbing Center: 99% (Very Active) people=39 capacity=30 is_open=True hour_summary=open
[2026-04-10 13:45:04] RIMAC Fitness Gym: 78% (Busy) people=117 capacity=150 is_open=True hour_summary=open
[2026-04-10 13:45:04] Triton Esports Center: 41% (Not Busy) people=14 capacity=35 is_open=True hour_summary=open
[2026-04-10 13:45:04] === SCRAPE END OK ===
[2026-04-10 14:00:02] === SCRAPE START ===
[2026-04-10 14:00:02] Fetching https://waitz.io/live/ucsd-rec
[2026-04-10 14:00:04] Saved 4 rows to ucsd_occupancy_history.csv
[2026-04-10 14:00:04] Main Gym Fitness Gym: 21% (Not Busy) people=15 capacity=72 is_open=True hour_summary=open
[2026-04-10 14:00:04] Outback Climbing Center: 99% (Very Active) people=33 capacity=30 is_open=True hour_summary=open
[2026-04-10 14:00:04] RIMAC Fitness Gym: 77% (Busy) people=116 capacity=150 is_open=True hour_summary=open
[2026-04-10 14:00:04] Triton Esports Center: 43% (Not Busy) people=15 capacity=35 is_open=True hour_summary=open
[2026-04-10 14:00:04] === SCRAPE END OK ===
[2026-04-10 14:15:02] === SCRAPE START ===
[2026-04-10 14:15:02] Fetching https://waitz.io/live/ucsd-rec
[2026-04-10 14:15:04] Saved 4 rows to ucsd_occupancy_history.csv
[2026-04-10 14:15:04] Main Gym Fitness Gym: 36% (Not Busy) people=26 capacity=72 is_open=True hour_summary=open
[2026-04-10 14:15:04] Outback Climbing Center: 99% (Very Active) people=48 capacity=30 is_open=True hour_summary=open
[2026-04-10 14:15:04] RIMAC Fitness Gym: 79% (Busy) people=118 capacity=150 is_open=True hour_summary=open
[2026-04-10 14:15:04] Triton Esports Center: 50% (Busy) people=17 capacity=35 is_open=True hour_summary=open
[2026-04-10 14:15:04] === SCRAPE END OK ===
[2026-04-10 14:30:02] === SCRAPE START ===
[2026-04-10 14:30:02] Fetching https://waitz.io/live/ucsd-rec
[2026-04-10 14:30:03] Saved 4 rows to ucsd_occupancy_history.csv
[2026-04-10 14:30:03] Main Gym Fitness Gym: 38% (Not Busy) people=28 capacity=72 is_open=True hour_summary=open
[2026-04-10 14:30:03] Outback Climbing Center: 99% (Very Active) people=49 capacity=30 is_open=True hour_summary=open
[2026-04-10 14:30:03] RIMAC Fitness Gym: 83% (Very Active) people=125 capacity=150 is_open=True hour_summary=open
[2026-04-10 14:30:03] Triton Esports Center: 64% (Busy) people=23 capacity=35 is_open=True hour_summary=open
[2026-04-10 14:30:03] === SCRAPE END OK ===
[2026-04-10 14:45:02] === SCRAPE START ===
[2026-04-10 14:45:02] Fetching https://waitz.io/live/ucsd-rec
[2026-04-10 14:45:04] Saved 4 rows to ucsd_occupancy_history.csv
[2026-04-10 14:45:04] Main Gym Fitness Gym: 36% (Not Busy) people=26 capacity=72 is_open=True hour_summary=open
[2026-04-10 14:45:04] Outback Climbing Center: 99% (Very Active) people=46 capacity=30 is_open=True hour_summary=open
[2026-04-10 14:45:04] RIMAC Fitness Gym: 90% (Very Active) people=134 capacity=150 is_open=True hour_summary=open
[2026-04-10 14:45:04] Triton Esports Center: 70% (Busy) people=25 capacity=35 is_open=True hour_summary=open
[2026-04-10 14:45:04] === SCRAPE END OK ===
[2026-04-10 15:00:02] === SCRAPE START ===
[2026-04-10 15:00:02] Fetching https://waitz.io/live/ucsd-rec
[2026-04-10 15:00:04] Saved 4 rows to ucsd_occupancy_history.csv
[2026-04-10 15:00:04] Main Gym Fitness Gym: 55% (Busy) people=40 capacity=72 is_open=True hour_summary=open
[2026-04-10 15:00:04] Outback Climbing Center: 99% (Very Active) people=39 capacity=30 is_open=True hour_summary=open
[2026-04-10 15:00:04] RIMAC Fitness Gym: 86% (Very Active) people=129 capacity=150 is_open=True hour_summary=open
[2026-04-10 15:00:04] Triton Esports Center: 72% (Busy) people=25 capacity=35 is_open=True hour_summary=open
[2026-04-10 15:00:04] === SCRAPE END OK ===
[2026-04-10 15:15:02] === SCRAPE START ===
[2026-04-10 15:15:02] Fetching https://waitz.io/live/ucsd-rec
[2026-04-10 15:15:03] Saved 4 rows to ucsd_occupancy_history.csv
[2026-04-10 15:15:03] Main Gym Fitness Gym: 14% (Not Busy) people=10 capacity=72 is_open=True hour_summary=open
[2026-04-10 15:15:03] Outback Climbing Center: 99% (Very Active) people=42 capacity=30 is_open=True hour_summary=open
[2026-04-10 15:15:03] RIMAC Fitness Gym: 87% (Very Active) people=130 capacity=150 is_open=True hour_summary=open
[2026-04-10 15:15:03] Triton Esports Center: 76% (Busy) people=26 capacity=35 is_open=True hour_summary=open
[2026-04-10 15:15:03] === SCRAPE END OK ===
[2026-04-10 15:30:02] === SCRAPE START ===
[2026-04-10 15:30:02] Fetching https://waitz.io/live/ucsd-rec
[2026-04-10 15:30:04] Saved 4 rows to ucsd_occupancy_history.csv
[2026-04-10 15:30:04] Main Gym Fitness Gym: 37% (Not Busy) people=27 capacity=72 is_open=True hour_summary=open
[2026-04-10 15:30:04] Outback Climbing Center: 99% (Very Active) people=51 capacity=30 is_open=True hour_summary=open
[2026-04-10 15:30:04] RIMAC Fitness Gym: 99% (Very Active) people=149 capacity=150 is_open=True hour_summary=open
[2026-04-10 15:30:04] Triton Esports Center: 81% (Very Active) people=28 capacity=35 is_open=True hour_summary=open
[2026-04-10 15:30:04] === SCRAPE END OK ===
[2026-04-10 15:45:02] === SCRAPE START ===
[2026-04-10 15:45:02] Fetching https://waitz.io/live/ucsd-rec
[2026-04-10 15:45:04] Saved 4 rows to ucsd_occupancy_history.csv
[2026-04-10 15:45:04] Main Gym Fitness Gym: 25% (Not Busy) people=18 capacity=72 is_open=True hour_summary=open
[2026-04-10 15:45:04] Outback Climbing Center: 99% (Very Active) people=34 capacity=30 is_open=True hour_summary=open
[2026-04-10 15:45:04] RIMAC Fitness Gym: 87% (Very Active) people=131 capacity=150 is_open=True hour_summary=open
[2026-04-10 15:45:04] Triton Esports Center: 86% (Very Active) people=30 capacity=35 is_open=True hour_summary=open
[2026-04-10 15:45:04] === SCRAPE END OK ===
[2026-04-10 16:00:02] === SCRAPE START ===
[2026-04-10 16:00:02] Fetching https://waitz.io/live/ucsd-rec
[2026-04-10 16:00:03] Saved 4 rows to ucsd_occupancy_history.csv
[2026-04-10 16:00:03] Main Gym Fitness Gym: 23% (Not Busy) people=16 capacity=72 is_open=True hour_summary=open
[2026-04-10 16:00:03] Outback Climbing Center: 99% (Very Active) people=42 capacity=30 is_open=True hour_summary=open
[2026-04-10 16:00:03] RIMAC Fitness Gym: 86% (Very Active) people=128 capacity=150 is_open=True hour_summary=open
[2026-04-10 16:00:03] Triton Esports Center: 76% (Busy) people=27 capacity=35 is_open=True hour_summary=open
[2026-04-10 16:00:03] === SCRAPE END OK ===
[2026-04-10 16:15:02] === SCRAPE START ===
[2026-04-10 16:15:02] Fetching https://waitz.io/live/ucsd-rec
[2026-04-10 16:15:03] Saved 4 rows to ucsd_occupancy_history.csv
[2026-04-10 16:15:03] Main Gym Fitness Gym: 26% (Not Busy) people=19 capacity=72 is_open=True hour_summary=open
[2026-04-10 16:15:03] Outback Climbing Center: 99% (Very Active) people=54 capacity=30 is_open=True hour_summary=open
[2026-04-10 16:15:03] RIMAC Fitness Gym: 78% (Busy) people=116 capacity=150 is_open=True hour_summary=open
[2026-04-10 16:15:03] Triton Esports Center: 65% (Busy) people=23 capacity=35 is_open=True hour_summary=open
[2026-04-10 16:15:03] === SCRAPE END OK ===
[2026-04-10 16:30:02] === SCRAPE START ===
[2026-04-10 16:30:02] Fetching https://waitz.io/live/ucsd-rec
[2026-04-10 16:30:03] Saved 4 rows to ucsd_occupancy_history.csv
[2026-04-10 16:30:03] Main Gym Fitness Gym: 28% (Not Busy) people=20 capacity=72 is_open=True hour_summary=open
[2026-04-10 16:30:03] Outback Climbing Center: 99% (Very Active) people=76 capacity=30 is_open=True hour_summary=open
[2026-04-10 16:30:03] RIMAC Fitness Gym: 67% (Busy) people=100 capacity=150 is_open=True hour_summary=open
[2026-04-10 16:30:03] Triton Esports Center: 53% (Busy) people=18 capacity=35 is_open=True hour_summary=open
[2026-04-10 16:30:03] === SCRAPE END OK ===
[2026-04-10 16:45:02] === SCRAPE START ===
[2026-04-10 16:45:02] Fetching https://waitz.io/live/ucsd-rec
[2026-04-10 16:45:03] Saved 4 rows to ucsd_occupancy_history.csv
[2026-04-10 16:45:03] Main Gym Fitness Gym: 23% (Not Busy) people=17 capacity=72 is_open=True hour_summary=open
[2026-04-10 16:45:03] Outback Climbing Center: 99% (Very Active) people=75 capacity=30 is_open=True hour_summary=open
[2026-04-10 16:45:03] RIMAC Fitness Gym: 70% (Busy) people=105 capacity=150 is_open=True hour_summary=open
[2026-04-10 16:45:03] Triton Esports Center: 40% (Not Busy) people=14 capacity=35 is_open=True hour_summary=open
[2026-04-10 16:45:03] === SCRAPE END OK ===
[2026-04-10 17:00:02] === SCRAPE START ===
[2026-04-10 17:00:02] Fetching https://waitz.io/live/ucsd-rec
[2026-04-10 17:00:05] Saved 4 rows to ucsd_occupancy_history.csv
[2026-04-10 17:00:05] Main Gym Fitness Gym: 17% (Not Busy) people=12 capacity=72 is_open=True hour_summary=open
[2026-04-10 17:00:05] Outback Climbing Center: 99% (Very Active) people=55 capacity=30 is_open=True hour_summary=open
[2026-04-10 17:00:05] RIMAC Fitness Gym: 66% (Busy) people=99 capacity=150 is_open=True hour_summary=open
[2026-04-10 17:00:05] Triton Esports Center: 35% (Not Busy) people=12 capacity=35 is_open=True hour_summary=open
[2026-04-10 17:00:05] === SCRAPE END OK ===
[2026-04-10 17:15:02] === SCRAPE START ===
[2026-04-10 17:15:02] Fetching https://waitz.io/live/ucsd-rec
[2026-04-10 17:15:03] Saved 4 rows to ucsd_occupancy_history.csv
[2026-04-10 17:15:03] Main Gym Fitness Gym: 26% (Not Busy) people=18 capacity=72 is_open=True hour_summary=open
[2026-04-10 17:15:03] Outback Climbing Center: 99% (Very Active) people=52 capacity=30 is_open=True hour_summary=open
[2026-04-10 17:15:03] RIMAC Fitness Gym: 64% (Busy) people=96 capacity=150 is_open=True hour_summary=open
[2026-04-10 17:15:03] Triton Esports Center: 41% (Not Busy) people=14 capacity=35 is_open=True hour_summary=open
[2026-04-10 17:15:03] === SCRAPE END OK ===
[2026-04-10 17:30:03] === SCRAPE START ===
[2026-04-10 17:30:03] Fetching https://waitz.io/live/ucsd-rec
[2026-04-10 17:30:05] Saved 4 rows to ucsd_occupancy_history.csv
[2026-04-10 17:30:05] Main Gym Fitness Gym: 18% (Not Busy) people=13 capacity=72 is_open=True hour_summary=open
[2026-04-10 17:30:05] Outback Climbing Center: 99% (Very Active) people=56 capacity=30 is_open=True hour_summary=open
[2026-04-10 17:30:05] RIMAC Fitness Gym: 75% (Busy) people=112 capacity=150 is_open=True hour_summary=open
[2026-04-10 17:30:05] Triton Esports Center: 35% (Not Busy) people=12 capacity=35 is_open=True hour_summary=open
[2026-04-10 17:30:05] === SCRAPE END OK ===
