[2026-07-14 00:00:01] === SCRAPE START ===
[2026-07-14 00:00:01] Fetching https://waitz.io/live/ucsd-rec
[2026-07-14 00:00:03] Saved 4 rows to ucsd_occupancy_history.csv
[2026-07-14 00:00:03] Main Gym Fitness Gym: 0% (Closed) people=0 capacity=72 is_open=False hour_summary=closed
[2026-07-14 00:00:03] Outback Climbing Center: 0% (Closed) people=0 capacity=30 is_open=False hour_summary=Closed until 2:00pm
[2026-07-14 00:00:03] RIMAC Fitness Gym: 0% (Closed) people=0 capacity=150 is_open=False hour_summary=Closed until 6:00am
[2026-07-14 00:00:03] Triton Esports Center: 0% (Closed) people=0 capacity=35 is_open=False hour_summary=closed
[2026-07-14 00:00:03] === SCRAPE END OK ===
[2026-07-14 00:15:02] === SCRAPE START ===
[2026-07-14 00:15:02] Fetching https://waitz.io/live/ucsd-rec
[2026-07-14 00:15:03] Saved 4 rows to ucsd_occupancy_history.csv
[2026-07-14 00:15:03] Main Gym Fitness Gym: 0% (Closed) people=0 capacity=72 is_open=False hour_summary=closed
[2026-07-14 00:15:03] Outback Climbing Center: 0% (Closed) people=0 capacity=30 is_open=False hour_summary=Closed until 2:00pm
[2026-07-14 00:15:03] RIMAC Fitness Gym: 0% (Closed) people=1 capacity=150 is_open=False hour_summary=Closed until 6:00am
[2026-07-14 00:15:03] Triton Esports Center: 0% (Closed) people=0 capacity=35 is_open=False hour_summary=closed
[2026-07-14 00:15:03] === SCRAPE END OK ===
[2026-07-14 00:30:02] === SCRAPE START ===
[2026-07-14 00:30:02] Fetching https://waitz.io/live/ucsd-rec
[2026-07-14 00:30:04] Saved 4 rows to ucsd_occupancy_history.csv
[2026-07-14 00:30:04] Main Gym Fitness Gym: 1% (Closed) people=1 capacity=72 is_open=False hour_summary=closed
[2026-07-14 00:30:04] Outback Climbing Center: 0% (Closed) people=0 capacity=30 is_open=False hour_summary=Closed until 2:00pm
[2026-07-14 00:30:04] RIMAC Fitness Gym: 0% (Closed) people=0 capacity=150 is_open=False hour_summary=Closed until 6:00am
[2026-07-14 00:30:04] Triton Esports Center: 0% (Closed) people=0 capacity=35 is_open=False hour_summary=closed
[2026-07-14 00:30:04] === SCRAPE END OK ===
[2026-07-14 00:45:02] === SCRAPE START ===
[2026-07-14 00:45:02] Fetching https://waitz.io/live/ucsd-rec
[2026-07-14 00:45:03] Saved 4 rows to ucsd_occupancy_history.csv
[2026-07-14 00:45:03] Main Gym Fitness Gym: 1% (Closed) people=1 capacity=72 is_open=False hour_summary=closed
[2026-07-14 00:45:03] Outback Climbing Center: 0% (Closed) people=0 capacity=30 is_open=False hour_summary=Closed until 2:00pm
[2026-07-14 00:45:03] RIMAC Fitness Gym: 0% (Closed) people=1 capacity=150 is_open=False hour_summary=Closed until 6:00am
[2026-07-14 00:45:03] Triton Esports Center: 0% (Closed) people=0 capacity=35 is_open=False hour_summary=closed
[2026-07-14 00:45:03] === SCRAPE END OK ===
[2026-07-14 01:00:03] === SCRAPE START ===
[2026-07-14 01:00:03] Fetching https://waitz.io/live/ucsd-rec
[2026-07-14 01:00:04] Saved 4 rows to ucsd_occupancy_history.csv
[2026-07-14 01:00:04] Main Gym Fitness Gym: 2% (Closed) people=1 capacity=72 is_open=False hour_summary=closed
[2026-07-14 01:00:04] Outback Climbing Center: 0% (Closed) people=0 capacity=30 is_open=False hour_summary=Closed until 2:00pm
[2026-07-14 01:00:04] RIMAC Fitness Gym: 0% (Closed) people=0 capacity=150 is_open=False hour_summary=Closed until 6:00am
[2026-07-14 01:00:04] Triton Esports Center: 0% (Closed) people=0 capacity=35 is_open=False hour_summary=closed
[2026-07-14 01:00:04] === SCRAPE END OK ===
[2026-07-14 01:15:02] === SCRAPE START ===
[2026-07-14 01:15:02] Fetching https://waitz.io/live/ucsd-rec
[2026-07-14 01:15:03] Saved 4 rows to ucsd_occupancy_history.csv
[2026-07-14 01:15:03] Main Gym Fitness Gym: 1% (Closed) people=0 capacity=72 is_open=False hour_summary=closed
[2026-07-14 01:15:03] Outback Climbing Center: 1% (Closed) people=0 capacity=30 is_open=False hour_summary=Closed until 2:00pm
[2026-07-14 01:15:03] RIMAC Fitness Gym: 0% (Closed) people=0 capacity=150 is_open=False hour_summary=Closed until 6:00am
[2026-07-14 01:15:03] Triton Esports Center: 0% (Closed) people=0 capacity=35 is_open=False hour_summary=closed
[2026-07-14 01:15:03] === SCRAPE END OK ===
[2026-07-14 01:30:02] === SCRAPE START ===
[2026-07-14 01:30:02] Fetching https://waitz.io/live/ucsd-rec
[2026-07-14 01:30:04] Saved 4 rows to ucsd_occupancy_history.csv
[2026-07-14 01:30:04] Main Gym Fitness Gym: 1% (Closed) people=0 capacity=72 is_open=False hour_summary=closed
[2026-07-14 01:30:04] Outback Climbing Center: 0% (Closed) people=0 capacity=30 is_open=False hour_summary=Closed until 2:00pm
[2026-07-14 01:30:04] RIMAC Fitness Gym: 0% (Closed) people=0 capacity=150 is_open=False hour_summary=Closed until 6:00am
[2026-07-14 01:30:04] Triton Esports Center: 0% (Closed) people=0 capacity=35 is_open=False hour_summary=closed
[2026-07-14 01:30:04] === SCRAPE END OK ===
[2026-07-14 01:45:02] === SCRAPE START ===
[2026-07-14 01:45:02] Fetching https://waitz.io/live/ucsd-rec
[2026-07-14 01:45:03] Saved 4 rows to ucsd_occupancy_history.csv
[2026-07-14 01:45:03] Main Gym Fitness Gym: 0% (Closed) people=0 capacity=72 is_open=False hour_summary=closed
[2026-07-14 01:45:03] Outback Climbing Center: 1% (Closed) people=0 capacity=30 is_open=False hour_summary=Closed until 2:00pm
[2026-07-14 01:45:03] RIMAC Fitness Gym: 0% (Closed) people=0 capacity=150 is_open=False hour_summary=Closed until 6:00am
[2026-07-14 01:45:03] Triton Esports Center: 0% (Closed) people=0 capacity=35 is_open=False hour_summary=closed
[2026-07-14 01:45:03] === SCRAPE END OK ===
[2026-07-14 02:00:02] === SCRAPE START ===
[2026-07-14 02:00:02] Fetching https://waitz.io/live/ucsd-rec
[2026-07-14 02:00:04] Saved 4 rows to ucsd_occupancy_history.csv
[2026-07-14 02:00:04] Main Gym Fitness Gym: 0% (Closed) people=0 capacity=72 is_open=False hour_summary=closed
[2026-07-14 02:00:04] Outback Climbing Center: 1% (Closed) people=0 capacity=30 is_open=False hour_summary=Closed until 2:00pm
[2026-07-14 02:00:04] RIMAC Fitness Gym: 0% (Closed) people=0 capacity=150 is_open=False hour_summary=Closed until 6:00am
[2026-07-14 02:00:04] Triton Esports Center: 0% (Closed) people=0 capacity=35 is_open=False hour_summary=closed
[2026-07-14 02:00:04] === SCRAPE END OK ===
[2026-07-14 02:15:02] === SCRAPE START ===
[2026-07-14 02:15:02] Fetching https://waitz.io/live/ucsd-rec
[2026-07-14 02:15:03] Saved 4 rows to ucsd_occupancy_history.csv
[2026-07-14 02:15:03] Main Gym Fitness Gym: 1% (Closed) people=1 capacity=72 is_open=False hour_summary=closed
[2026-07-14 02:15:03] Outback Climbing Center: 0% (Closed) people=0 capacity=30 is_open=False hour_summary=Closed until 2:00pm
[2026-07-14 02:15:03] RIMAC Fitness Gym: 0% (Closed) people=1 capacity=150 is_open=False hour_summary=Closed until 6:00am
[2026-07-14 02:15:03] Triton Esports Center: 0% (Closed) people=0 capacity=35 is_open=False hour_summary=closed
[2026-07-14 02:15:03] === SCRAPE END OK ===
[2026-07-14 02:30:03] === SCRAPE START ===
[2026-07-14 02:30:03] Fetching https://waitz.io/live/ucsd-rec
[2026-07-14 02:30:04] Saved 4 rows to ucsd_occupancy_history.csv
[2026-07-14 02:30:04] Main Gym Fitness Gym: 1% (Closed) people=1 capacity=72 is_open=False hour_summary=closed
[2026-07-14 02:30:04] Outback Climbing Center: 1% (Closed) people=0 capacity=30 is_open=False hour_summary=Closed until 2:00pm
[2026-07-14 02:30:04] RIMAC Fitness Gym: 0% (Closed) people=0 capacity=150 is_open=False hour_summary=Closed until 6:00am
[2026-07-14 02:30:04] Triton Esports Center: 0% (Closed) people=0 capacity=35 is_open=False hour_summary=closed
[2026-07-14 02:30:04] === SCRAPE END OK ===
[2026-07-14 02:45:02] === SCRAPE START ===
[2026-07-14 02:45:02] Fetching https://waitz.io/live/ucsd-rec
[2026-07-14 02:45:03] Saved 4 rows to ucsd_occupancy_history.csv
[2026-07-14 02:45:03] Main Gym Fitness Gym: 1% (Closed) people=1 capacity=72 is_open=False hour_summary=closed
[2026-07-14 02:45:03] Outback Climbing Center: 1% (Closed) people=0 capacity=30 is_open=False hour_summary=Closed until 2:00pm
[2026-07-14 02:45:03] RIMAC Fitness Gym: 0% (Closed) people=0 capacity=150 is_open=False hour_summary=Closed until 6:00am
[2026-07-14 02:45:03] Triton Esports Center: 0% (Closed) people=0 capacity=35 is_open=False hour_summary=closed
[2026-07-14 02:45:03] === SCRAPE END OK ===
[2026-07-14 03:00:02] === SCRAPE START ===
[2026-07-14 03:00:02] Fetching https://waitz.io/live/ucsd-rec
[2026-07-14 03:00:04] Saved 4 rows to ucsd_occupancy_history.csv
[2026-07-14 03:00:04] Main Gym Fitness Gym: 1% (Closed) people=0 capacity=72 is_open=False hour_summary=closed
[2026-07-14 03:00:04] Outback Climbing Center: 1% (Closed) people=0 capacity=30 is_open=False hour_summary=Closed until 2:00pm
[2026-07-14 03:00:04] RIMAC Fitness Gym: 0% (Closed) people=0 capacity=150 is_open=False hour_summary=Closed until 6:00am
[2026-07-14 03:00:04] Triton Esports Center: 0% (Closed) people=0 capacity=35 is_open=False hour_summary=closed
[2026-07-14 03:00:04] === SCRAPE END OK ===
[2026-07-14 03:15:02] === SCRAPE START ===
[2026-07-14 03:15:02] Fetching https://waitz.io/live/ucsd-rec
[2026-07-14 03:15:03] Saved 4 rows to ucsd_occupancy_history.csv
[2026-07-14 03:15:03] Main Gym Fitness Gym: 1% (Closed) people=0 capacity=72 is_open=False hour_summary=closed
[2026-07-14 03:15:03] Outback Climbing Center: 0% (Closed) people=0 capacity=30 is_open=False hour_summary=Closed until 2:00pm
[2026-07-14 03:15:03] RIMAC Fitness Gym: 0% (Closed) people=0 capacity=150 is_open=False hour_summary=Closed until 6:00am
[2026-07-14 03:15:03] Triton Esports Center: 0% (Closed) people=0 capacity=35 is_open=False hour_summary=closed
[2026-07-14 03:15:03] === SCRAPE END OK ===
[2026-07-14 03:30:02] === SCRAPE START ===
[2026-07-14 03:30:02] Fetching https://waitz.io/live/ucsd-rec
[2026-07-14 03:30:04] Saved 4 rows to ucsd_occupancy_history.csv
[2026-07-14 03:30:04] Main Gym Fitness Gym: 1% (Closed) people=0 capacity=72 is_open=False hour_summary=closed
[2026-07-14 03:30:04] Outback Climbing Center: 2% (Closed) people=1 capacity=30 is_open=False hour_summary=Closed until 2:00pm
[2026-07-14 03:30:04] RIMAC Fitness Gym: 0% (Closed) people=0 capacity=150 is_open=False hour_summary=Closed until 6:00am
[2026-07-14 03:30:04] Triton Esports Center: 0% (Closed) people=0 capacity=35 is_open=False hour_summary=closed
[2026-07-14 03:30:04] === SCRAPE END OK ===
[2026-07-14 03:45:02] === SCRAPE START ===
[2026-07-14 03:45:02] Fetching https://waitz.io/live/ucsd-rec
[2026-07-14 03:45:03] Saved 4 rows to ucsd_occupancy_history.csv
[2026-07-14 03:45:03] Main Gym Fitness Gym: 1% (Closed) people=1 capacity=72 is_open=False hour_summary=closed
[2026-07-14 03:45:03] Outback Climbing Center: 0% (Closed) people=0 capacity=30 is_open=False hour_summary=Closed until 2:00pm
[2026-07-14 03:45:03] RIMAC Fitness Gym: 0% (Closed) people=0 capacity=150 is_open=False hour_summary=Closed until 6:00am
[2026-07-14 03:45:03] Triton Esports Center: 0% (Closed) people=0 capacity=35 is_open=False hour_summary=closed
[2026-07-14 03:45:03] === SCRAPE END OK ===
[2026-07-14 04:00:02] === SCRAPE START ===
[2026-07-14 04:00:02] Fetching https://waitz.io/live/ucsd-rec
[2026-07-14 04:00:04] Saved 4 rows to ucsd_occupancy_history.csv
[2026-07-14 04:00:04] Main Gym Fitness Gym: 1% (Closed) people=1 capacity=72 is_open=False hour_summary=closed
[2026-07-14 04:00:04] Outback Climbing Center: 0% (Closed) people=0 capacity=30 is_open=False hour_summary=Closed until 2:00pm
[2026-07-14 04:00:04] RIMAC Fitness Gym: 0% (Closed) people=1 capacity=150 is_open=False hour_summary=Closed until 6:00am
[2026-07-14 04:00:04] Triton Esports Center: 0% (Closed) people=0 capacity=35 is_open=False hour_summary=closed
[2026-07-14 04:00:04] === SCRAPE END OK ===
[2026-07-14 04:15:02] === SCRAPE START ===
[2026-07-14 04:15:02] Fetching https://waitz.io/live/ucsd-rec
[2026-07-14 04:15:04] Saved 4 rows to ucsd_occupancy_history.csv
[2026-07-14 04:15:04] Main Gym Fitness Gym: 1% (Closed) people=1 capacity=72 is_open=False hour_summary=closed
[2026-07-14 04:15:04] Outback Climbing Center: 0% (Closed) people=0 capacity=30 is_open=False hour_summary=Closed until 2:00pm
[2026-07-14 04:15:04] RIMAC Fitness Gym: 0% (Closed) people=1 capacity=150 is_open=False hour_summary=Closed until 6:00am
[2026-07-14 04:15:04] Triton Esports Center: 0% (Closed) people=0 capacity=35 is_open=False hour_summary=closed
[2026-07-14 04:15:04] === SCRAPE END OK ===
[2026-07-14 04:30:02] === SCRAPE START ===
[2026-07-14 04:30:02] Fetching https://waitz.io/live/ucsd-rec
[2026-07-14 04:30:03] Saved 4 rows to ucsd_occupancy_history.csv
[2026-07-14 04:30:03] Main Gym Fitness Gym: 0% (Closed) people=0 capacity=72 is_open=False hour_summary=closed
[2026-07-14 04:30:03] Outback Climbing Center: 0% (Closed) people=0 capacity=30 is_open=False hour_summary=Closed until 2:00pm
[2026-07-14 04:30:03] RIMAC Fitness Gym: 0% (Closed) people=0 capacity=150 is_open=False hour_summary=Closed until 6:00am
[2026-07-14 04:30:03] Triton Esports Center: 0% (Closed) people=0 capacity=35 is_open=False hour_summary=closed
[2026-07-14 04:30:03] === SCRAPE END OK ===
[2026-07-14 04:45:03] === SCRAPE START ===
[2026-07-14 04:45:03] Fetching https://waitz.io/live/ucsd-rec
[2026-07-14 04:45:04] Saved 4 rows to ucsd_occupancy_history.csv
[2026-07-14 04:45:04] Main Gym Fitness Gym: 1% (Closed) people=1 capacity=72 is_open=False hour_summary=closed
[2026-07-14 04:45:04] Outback Climbing Center: 1% (Closed) people=0 capacity=30 is_open=False hour_summary=Closed until 2:00pm
[2026-07-14 04:45:04] RIMAC Fitness Gym: 1% (Closed) people=1 capacity=150 is_open=False hour_summary=Closed until 6:00am
[2026-07-14 04:45:04] Triton Esports Center: 0% (Closed) people=0 capacity=35 is_open=False hour_summary=closed
[2026-07-14 04:45:04] === SCRAPE END OK ===
[2026-07-14 05:00:03] === SCRAPE START ===
[2026-07-14 05:00:03] Fetching https://waitz.io/live/ucsd-rec
[2026-07-14 05:00:04] Saved 4 rows to ucsd_occupancy_history.csv
[2026-07-14 05:00:04] Main Gym Fitness Gym: 1% (Closed) people=0 capacity=72 is_open=False hour_summary=closed
[2026-07-14 05:00:04] Outback Climbing Center: 1% (Closed) people=0 capacity=30 is_open=False hour_summary=Closed until 2:00pm
[2026-07-14 05:00:04] RIMAC Fitness Gym: 0% (Closed) people=1 capacity=150 is_open=False hour_summary=Closed until 6:00am
[2026-07-14 05:00:04] Triton Esports Center: 0% (Closed) people=0 capacity=35 is_open=False hour_summary=closed
[2026-07-14 05:00:04] === SCRAPE END OK ===
[2026-07-14 05:15:02] === SCRAPE START ===
[2026-07-14 05:15:02] Fetching https://waitz.io/live/ucsd-rec
[2026-07-14 05:15:04] Saved 4 rows to ucsd_occupancy_history.csv
[2026-07-14 05:15:04] Main Gym Fitness Gym: 1% (Closed) people=1 capacity=72 is_open=False hour_summary=closed
[2026-07-14 05:15:04] Outback Climbing Center: 0% (Closed) people=0 capacity=30 is_open=False hour_summary=Closed until 2:00pm
[2026-07-14 05:15:04] RIMAC Fitness Gym: 1% (Closed) people=1 capacity=150 is_open=False hour_summary=Closed until 6:00am
[2026-07-14 05:15:04] Triton Esports Center: 0% (Closed) people=0 capacity=35 is_open=False hour_summary=closed
[2026-07-14 05:15:04] === SCRAPE END OK ===
[2026-07-14 05:30:03] === SCRAPE START ===
[2026-07-14 05:30:03] Fetching https://waitz.io/live/ucsd-rec
[2026-07-14 05:30:04] Saved 4 rows to ucsd_occupancy_history.csv
[2026-07-14 05:30:04] Main Gym Fitness Gym: 1% (Closed) people=1 capacity=72 is_open=False hour_summary=closed
[2026-07-14 05:30:04] Outback Climbing Center: 0% (Closed) people=0 capacity=30 is_open=False hour_summary=Closed until 2:00pm
[2026-07-14 05:30:04] RIMAC Fitness Gym: 1% (Closed) people=2 capacity=150 is_open=False hour_summary=Closed until 6:00am
[2026-07-14 05:30:04] Triton Esports Center: 0% (Closed) people=0 capacity=35 is_open=False hour_summary=closed
[2026-07-14 05:30:04] === SCRAPE END OK ===
[2026-07-14 05:45:03] === SCRAPE START ===
[2026-07-14 05:45:03] Fetching https://waitz.io/live/ucsd-rec
[2026-07-14 05:45:04] Saved 4 rows to ucsd_occupancy_history.csv
[2026-07-14 05:45:04] Main Gym Fitness Gym: 1% (Closed) people=1 capacity=72 is_open=False hour_summary=closed
[2026-07-14 05:45:04] Outback Climbing Center: 0% (Closed) people=0 capacity=30 is_open=False hour_summary=Closed until 2:00pm
[2026-07-14 05:45:04] RIMAC Fitness Gym: 1% (Closed) people=2 capacity=150 is_open=False hour_summary=Closed until 6:00am
[2026-07-14 05:45:04] Triton Esports Center: 0% (Closed) people=0 capacity=35 is_open=False hour_summary=closed
[2026-07-14 05:45:04] === SCRAPE END OK ===
[2026-07-14 06:00:03] === SCRAPE START ===
[2026-07-14 06:00:03] Fetching https://waitz.io/live/ucsd-rec
[2026-07-14 06:00:04] Saved 4 rows to ucsd_occupancy_history.csv
[2026-07-14 06:00:04] Main Gym Fitness Gym: 1% (Closed) people=0 capacity=72 is_open=False hour_summary=closed
[2026-07-14 06:00:04] Outback Climbing Center: 0% (Closed) people=0 capacity=30 is_open=False hour_summary=Closed until 2:00pm
[2026-07-14 06:00:04] RIMAC Fitness Gym: 1% (Not Busy) people=1 capacity=150 is_open=True hour_summary=open
[2026-07-14 06:00:04] Triton Esports Center: 0% (Closed) people=0 capacity=35 is_open=False hour_summary=closed
[2026-07-14 06:00:04] === SCRAPE END OK ===
[2026-07-14 06:15:02] === SCRAPE START ===
[2026-07-14 06:15:02] Fetching https://waitz.io/live/ucsd-rec
[2026-07-14 06:15:04] Saved 4 rows to ucsd_occupancy_history.csv
[2026-07-14 06:15:04] Main Gym Fitness Gym: 0% (Closed) people=0 capacity=72 is_open=False hour_summary=closed
[2026-07-14 06:15:04] Outback Climbing Center: 1% (Closed) people=0 capacity=30 is_open=False hour_summary=Closed until 2:00pm
[2026-07-14 06:15:04] RIMAC Fitness Gym: 8% (Not Busy) people=12 capacity=150 is_open=True hour_summary=open
[2026-07-14 06:15:04] Triton Esports Center: 0% (Closed) people=0 capacity=35 is_open=False hour_summary=closed
[2026-07-14 06:15:04] === SCRAPE END OK ===
[2026-07-14 06:30:03] === SCRAPE START ===
[2026-07-14 06:30:03] Fetching https://waitz.io/live/ucsd-rec
[2026-07-14 06:30:04] Saved 4 rows to ucsd_occupancy_history.csv
[2026-07-14 06:30:04] Main Gym Fitness Gym: 0% (Closed) people=0 capacity=72 is_open=False hour_summary=closed
[2026-07-14 06:30:04] Outback Climbing Center: 1% (Closed) people=0 capacity=30 is_open=False hour_summary=Closed until 2:00pm
[2026-07-14 06:30:04] RIMAC Fitness Gym: 16% (Not Busy) people=24 capacity=150 is_open=True hour_summary=open
[2026-07-14 06:30:04] Triton Esports Center: 0% (Closed) people=0 capacity=35 is_open=False hour_summary=closed
[2026-07-14 06:30:04] === SCRAPE END OK ===
[2026-07-14 06:45:02] === SCRAPE START ===
[2026-07-14 06:45:02] Fetching https://waitz.io/live/ucsd-rec
[2026-07-14 06:45:03] Saved 4 rows to ucsd_occupancy_history.csv
[2026-07-14 06:45:03] Main Gym Fitness Gym: 1% (Closed) people=1 capacity=72 is_open=False hour_summary=closed
[2026-07-14 06:45:03] Outback Climbing Center: 0% (Closed) people=0 capacity=30 is_open=False hour_summary=Closed until 2:00pm
[2026-07-14 06:45:03] RIMAC Fitness Gym: 15% (Not Busy) people=22 capacity=150 is_open=True hour_summary=open
[2026-07-14 06:45:03] Triton Esports Center: 0% (Closed) people=0 capacity=35 is_open=False hour_summary=closed
[2026-07-14 06:45:03] === SCRAPE END OK ===
[2026-07-14 07:00:03] === SCRAPE START ===
[2026-07-14 07:00:03] Fetching https://waitz.io/live/ucsd-rec
[2026-07-14 07:00:04] Saved 4 rows to ucsd_occupancy_history.csv
[2026-07-14 07:00:04] Main Gym Fitness Gym: 0% (Closed) people=0 capacity=72 is_open=False hour_summary=closed
[2026-07-14 07:00:04] Outback Climbing Center: 4% (Closed) people=1 capacity=30 is_open=False hour_summary=Closed until 2:00pm
[2026-07-14 07:00:04] RIMAC Fitness Gym: 18% (Not Busy) people=27 capacity=150 is_open=True hour_summary=open
[2026-07-14 07:00:04] Triton Esports Center: 0% (Closed) people=0 capacity=35 is_open=False hour_summary=closed
[2026-07-14 07:00:04] === SCRAPE END OK ===
[2026-07-14 07:15:02] === SCRAPE START ===
[2026-07-14 07:15:02] Fetching https://waitz.io/live/ucsd-rec
[2026-07-14 07:15:03] Saved 4 rows to ucsd_occupancy_history.csv
[2026-07-14 07:15:03] Main Gym Fitness Gym: 1% (Closed) people=1 capacity=72 is_open=False hour_summary=closed
[2026-07-14 07:15:03] Outback Climbing Center: 7% (Closed) people=2 capacity=30 is_open=False hour_summary=Closed until 2:00pm
[2026-07-14 07:15:03] RIMAC Fitness Gym: 15% (Not Busy) people=23 capacity=150 is_open=True hour_summary=open
[2026-07-14 07:15:03] Triton Esports Center: 0% (Closed) people=0 capacity=35 is_open=False hour_summary=closed
[2026-07-14 07:15:03] === SCRAPE END OK ===
[2026-07-14 07:30:03] === SCRAPE START ===
[2026-07-14 07:30:03] Fetching https://waitz.io/live/ucsd-rec
[2026-07-14 07:30:04] Saved 4 rows to ucsd_occupancy_history.csv
[2026-07-14 07:30:04] Main Gym Fitness Gym: 2% (Closed) people=2 capacity=72 is_open=False hour_summary=closed
[2026-07-14 07:30:04] Outback Climbing Center: 0% (Closed) people=0 capacity=30 is_open=False hour_summary=Closed until 2:00pm
[2026-07-14 07:30:04] RIMAC Fitness Gym: 12% (Not Busy) people=18 capacity=150 is_open=True hour_summary=open
[2026-07-14 07:30:04] Triton Esports Center: 0% (Closed) people=0 capacity=35 is_open=False hour_summary=closed
[2026-07-14 07:30:04] === SCRAPE END OK ===
[2026-07-14 07:45:03] === SCRAPE START ===
[2026-07-14 07:45:03] Fetching https://waitz.io/live/ucsd-rec
[2026-07-14 07:45:04] Saved 4 rows to ucsd_occupancy_history.csv
[2026-07-14 07:45:04] Main Gym Fitness Gym: 5% (Closed) people=4 capacity=72 is_open=False hour_summary=closed
[2026-07-14 07:45:04] Outback Climbing Center: 0% (Closed) people=0 capacity=30 is_open=False hour_summary=Closed until 2:00pm
[2026-07-14 07:45:04] RIMAC Fitness Gym: 14% (Not Busy) people=21 capacity=150 is_open=True hour_summary=open
[2026-07-14 07:45:04] Triton Esports Center: 0% (Closed) people=0 capacity=35 is_open=False hour_summary=closed
[2026-07-14 07:45:04] === SCRAPE END OK ===
[2026-07-14 08:00:03] === SCRAPE START ===
[2026-07-14 08:00:03] Fetching https://waitz.io/live/ucsd-rec
[2026-07-14 08:00:04] Saved 4 rows to ucsd_occupancy_history.csv
[2026-07-14 08:00:04] Main Gym Fitness Gym: 10% (Closed) people=7 capacity=72 is_open=False hour_summary=closed
[2026-07-14 08:00:04] Outback Climbing Center: 0% (Closed) people=0 capacity=30 is_open=False hour_summary=Closed until 2:00pm
[2026-07-14 08:00:04] RIMAC Fitness Gym: 14% (Not Busy) people=21 capacity=150 is_open=True hour_summary=open
[2026-07-14 08:00:04] Triton Esports Center: 0% (Closed) people=0 capacity=35 is_open=False hour_summary=closed
[2026-07-14 08:00:04] === SCRAPE END OK ===
[2026-07-14 08:15:03] === SCRAPE START ===
[2026-07-14 08:15:03] Fetching https://waitz.io/live/ucsd-rec
[2026-07-14 08:15:04] Saved 4 rows to ucsd_occupancy_history.csv
[2026-07-14 08:15:04] Main Gym Fitness Gym: 4% (Closed) people=3 capacity=72 is_open=False hour_summary=closed
[2026-07-14 08:15:04] Outback Climbing Center: 0% (Closed) people=0 capacity=30 is_open=False hour_summary=Closed until 2:00pm
[2026-07-14 08:15:04] RIMAC Fitness Gym: 9% (Not Busy) people=14 capacity=150 is_open=True hour_summary=open
[2026-07-14 08:15:04] Triton Esports Center: 0% (Closed) people=0 capacity=35 is_open=False hour_summary=closed
[2026-07-14 08:15:04] === SCRAPE END OK ===
[2026-07-14 08:30:03] === SCRAPE START ===
[2026-07-14 08:30:03] Fetching https://waitz.io/live/ucsd-rec
[2026-07-14 08:30:04] Saved 4 rows to ucsd_occupancy_history.csv
[2026-07-14 08:30:04] Main Gym Fitness Gym: 1% (Closed) people=1 capacity=72 is_open=False hour_summary=closed
[2026-07-14 08:30:04] Outback Climbing Center: 0% (Closed) people=0 capacity=30 is_open=False hour_summary=Closed until 2:00pm
[2026-07-14 08:30:04] RIMAC Fitness Gym: 11% (Not Busy) people=17 capacity=150 is_open=True hour_summary=open
[2026-07-14 08:30:04] Triton Esports Center: 0% (Closed) people=0 capacity=35 is_open=False hour_summary=closed
[2026-07-14 08:30:04] === SCRAPE END OK ===
[2026-07-14 08:45:03] === SCRAPE START ===
[2026-07-14 08:45:03] Fetching https://waitz.io/live/ucsd-rec
[2026-07-14 08:45:04] Saved 4 rows to ucsd_occupancy_history.csv
[2026-07-14 08:45:04] Main Gym Fitness Gym: 6% (Closed) people=4 capacity=72 is_open=False hour_summary=closed
[2026-07-14 08:45:04] Outback Climbing Center: 0% (Closed) people=0 capacity=30 is_open=False hour_summary=Closed until 2:00pm
[2026-07-14 08:45:04] RIMAC Fitness Gym: 13% (Not Busy) people=19 capacity=150 is_open=True hour_summary=open
[2026-07-14 08:45:04] Triton Esports Center: 0% (Closed) people=0 capacity=35 is_open=False hour_summary=closed
[2026-07-14 08:45:04] === SCRAPE END OK ===
[2026-07-14 09:00:03] === SCRAPE START ===
[2026-07-14 09:00:03] Fetching https://waitz.io/live/ucsd-rec
[2026-07-14 09:00:04] Saved 4 rows to ucsd_occupancy_history.csv
[2026-07-14 09:00:04] Main Gym Fitness Gym: 9% (Closed) people=6 capacity=72 is_open=False hour_summary=closed
[2026-07-14 09:00:04] Outback Climbing Center: 0% (Closed) people=0 capacity=30 is_open=False hour_summary=Closed until 2:00pm
[2026-07-14 09:00:04] RIMAC Fitness Gym: 11% (Not Busy) people=17 capacity=150 is_open=True hour_summary=open
[2026-07-14 09:00:04] Triton Esports Center: 0% (Closed) people=0 capacity=35 is_open=False hour_summary=closed
[2026-07-14 09:00:04] === SCRAPE END OK ===
[2026-07-14 09:15:04] === SCRAPE START ===
[2026-07-14 09:15:04] Fetching https://waitz.io/live/ucsd-rec
[2026-07-14 09:15:05] Saved 4 rows to ucsd_occupancy_history.csv
[2026-07-14 09:15:05] Main Gym Fitness Gym: 30% (Closed) people=22 capacity=72 is_open=False hour_summary=closed
[2026-07-14 09:15:05] Outback Climbing Center: 0% (Closed) people=0 capacity=30 is_open=False hour_summary=Closed until 2:00pm
[2026-07-14 09:15:05] RIMAC Fitness Gym: 11% (Not Busy) people=16 capacity=150 is_open=True hour_summary=open
[2026-07-14 09:15:05] Triton Esports Center: 0% (Closed) people=0 capacity=35 is_open=False hour_summary=closed
[2026-07-14 09:15:05] === SCRAPE END OK ===
[2026-07-14 09:30:03] === SCRAPE START ===
[2026-07-14 09:30:03] Fetching https://waitz.io/live/ucsd-rec
[2026-07-14 09:30:04] Saved 4 rows to ucsd_occupancy_history.csv
[2026-07-14 09:30:04] Main Gym Fitness Gym: 25% (Closed) people=18 capacity=72 is_open=False hour_summary=closed
[2026-07-14 09:30:04] Outback Climbing Center: 1% (Closed) people=0 capacity=30 is_open=False hour_summary=Closed until 2:00pm
[2026-07-14 09:30:04] RIMAC Fitness Gym: 11% (Not Busy) people=17 capacity=150 is_open=True hour_summary=open
[2026-07-14 09:30:04] Triton Esports Center: 0% (Closed) people=0 capacity=35 is_open=False hour_summary=closed
[2026-07-14 09:30:04] === SCRAPE END OK ===
[2026-07-14 09:45:02] === SCRAPE START ===
[2026-07-14 09:45:02] Fetching https://waitz.io/live/ucsd-rec
[2026-07-14 09:45:03] Saved 4 rows to ucsd_occupancy_history.csv
[2026-07-14 09:45:03] Main Gym Fitness Gym: 28% (Closed) people=20 capacity=72 is_open=False hour_summary=closed
[2026-07-14 09:45:03] Outback Climbing Center: 2% (Closed) people=1 capacity=30 is_open=False hour_summary=Closed until 2:00pm
[2026-07-14 09:45:03] RIMAC Fitness Gym: 12% (Not Busy) people=19 capacity=150 is_open=True hour_summary=open
[2026-07-14 09:45:03] Triton Esports Center: 0% (Closed) people=0 capacity=35 is_open=False hour_summary=closed
[2026-07-14 09:45:03] === SCRAPE END OK ===
[2026-07-14 10:00:02] === SCRAPE START ===
[2026-07-14 10:00:02] Fetching https://waitz.io/live/ucsd-rec
[2026-07-14 10:00:04] Saved 4 rows to ucsd_occupancy_history.csv
[2026-07-14 10:00:04] Main Gym Fitness Gym: 0% (Closed) people=0 capacity=72 is_open=False hour_summary=closed
[2026-07-14 10:00:04] Outback Climbing Center: 9% (Closed) people=3 capacity=30 is_open=False hour_summary=Closed until 2:00pm
[2026-07-14 10:00:04] RIMAC Fitness Gym: 9% (Not Busy) people=14 capacity=150 is_open=True hour_summary=open
[2026-07-14 10:00:04] Triton Esports Center: 0% (Closed) people=0 capacity=35 is_open=False hour_summary=closed
[2026-07-14 10:00:04] === SCRAPE END OK ===
[2026-07-14 10:15:02] === SCRAPE START ===
[2026-07-14 10:15:02] Fetching https://waitz.io/live/ucsd-rec
[2026-07-14 10:15:03] Saved 4 rows to ucsd_occupancy_history.csv
[2026-07-14 10:15:03] Main Gym Fitness Gym: 65% (Closed) people=47 capacity=72 is_open=False hour_summary=closed
[2026-07-14 10:15:03] Outback Climbing Center: 8% (Closed) people=2 capacity=30 is_open=False hour_summary=Closed until 2:00pm
[2026-07-14 10:15:03] RIMAC Fitness Gym: 13% (Not Busy) people=20 capacity=150 is_open=True hour_summary=open
[2026-07-14 10:15:03] Triton Esports Center: 0% (Closed) people=0 capacity=35 is_open=False hour_summary=closed
[2026-07-14 10:15:03] === SCRAPE END OK ===
[2026-07-14 10:30:02] === SCRAPE START ===
[2026-07-14 10:30:02] Fetching https://waitz.io/live/ucsd-rec
[2026-07-14 10:30:05] Saved 4 rows to ucsd_occupancy_history.csv
[2026-07-14 10:30:05] Main Gym Fitness Gym: 54% (Closed) people=39 capacity=72 is_open=False hour_summary=closed
[2026-07-14 10:30:05] Outback Climbing Center: 0% (Closed) people=0 capacity=30 is_open=False hour_summary=Closed until 2:00pm
[2026-07-14 10:30:05] RIMAC Fitness Gym: 9% (Not Busy) people=14 capacity=150 is_open=True hour_summary=open
[2026-07-14 10:30:05] Triton Esports Center: 0% (Closed) people=0 capacity=35 is_open=False hour_summary=closed
[2026-07-14 10:30:05] === SCRAPE END OK ===
[2026-07-14 10:45:02] === SCRAPE START ===
[2026-07-14 10:45:02] Fetching https://waitz.io/live/ucsd-rec
[2026-07-14 10:45:03] Saved 4 rows to ucsd_occupancy_history.csv
[2026-07-14 10:45:03] Main Gym Fitness Gym: 48% (Closed) people=35 capacity=72 is_open=False hour_summary=closed
[2026-07-14 10:45:03] Outback Climbing Center: 1% (Closed) people=0 capacity=30 is_open=False hour_summary=Closed until 2:00pm
[2026-07-14 10:45:03] RIMAC Fitness Gym: 11% (Not Busy) people=16 capacity=150 is_open=True hour_summary=open
[2026-07-14 10:45:03] Triton Esports Center: 0% (Closed) people=0 capacity=35 is_open=False hour_summary=closed
[2026-07-14 10:45:03] === SCRAPE END OK ===
[2026-07-14 11:00:02] === SCRAPE START ===
[2026-07-14 11:00:02] Fetching https://waitz.io/live/ucsd-rec
[2026-07-14 11:00:04] Saved 4 rows to ucsd_occupancy_history.csv
[2026-07-14 11:00:04] Main Gym Fitness Gym: 49% (Closed) people=35 capacity=72 is_open=False hour_summary=closed
[2026-07-14 11:00:04] Outback Climbing Center: 0% (Closed) people=0 capacity=30 is_open=False hour_summary=Closed until 2:00pm
[2026-07-14 11:00:04] RIMAC Fitness Gym: 14% (Not Busy) people=21 capacity=150 is_open=True hour_summary=open
[2026-07-14 11:00:04] Triton Esports Center: 0% (Closed) people=0 capacity=35 is_open=False hour_summary=closed
[2026-07-14 11:00:04] === SCRAPE END OK ===
