[2026-06-21 00:00:01] === SCRAPE START ===
[2026-06-21 00:00:01] Fetching https://waitz.io/live/ucsd-rec
[2026-06-21 00:00:03] Saved 4 rows to ucsd_occupancy_history.csv
[2026-06-21 00:00:03] Main Gym Fitness Gym: 1% (Closed) people=1 capacity=72 is_open=False hour_summary=closed
[2026-06-21 00:00:03] Outback Climbing Center: 0% (Closed) people=0 capacity=30 is_open=False hour_summary=closed
[2026-06-21 00:00:03] RIMAC Fitness Gym: 1% (Closed) people=1 capacity=150 is_open=False hour_summary=Closed until 8:00am
[2026-06-21 00:00:03] Triton Esports Center: 0% (Closed) people=0 capacity=35 is_open=False hour_summary=closed
[2026-06-21 00:00:03] === SCRAPE END OK ===
[2026-06-21 00:15:02] === SCRAPE START ===
[2026-06-21 00:15:02] Fetching https://waitz.io/live/ucsd-rec
[2026-06-21 00:15:03] Saved 4 rows to ucsd_occupancy_history.csv
[2026-06-21 00:15:03] Main Gym Fitness Gym: 1% (Closed) people=0 capacity=72 is_open=False hour_summary=closed
[2026-06-21 00:15:03] Outback Climbing Center: 0% (Closed) people=0 capacity=30 is_open=False hour_summary=closed
[2026-06-21 00:15:03] RIMAC Fitness Gym: 0% (Closed) people=0 capacity=150 is_open=False hour_summary=Closed until 8:00am
[2026-06-21 00:15:03] Triton Esports Center: 0% (Closed) people=0 capacity=35 is_open=False hour_summary=closed
[2026-06-21 00:15:03] === SCRAPE END OK ===
[2026-06-21 00:30:03] === SCRAPE START ===
[2026-06-21 00:30:03] Fetching https://waitz.io/live/ucsd-rec
[2026-06-21 00:30:04] Saved 4 rows to ucsd_occupancy_history.csv
[2026-06-21 00:30:04] Main Gym Fitness Gym: 1% (Closed) people=0 capacity=72 is_open=False hour_summary=closed
[2026-06-21 00:30:04] Outback Climbing Center: 0% (Closed) people=0 capacity=30 is_open=False hour_summary=closed
[2026-06-21 00:30:04] RIMAC Fitness Gym: 0% (Closed) people=0 capacity=150 is_open=False hour_summary=Closed until 8:00am
[2026-06-21 00:30:04] Triton Esports Center: 0% (Closed) people=0 capacity=35 is_open=False hour_summary=closed
[2026-06-21 00:30:04] === SCRAPE END OK ===
[2026-06-21 00:45:02] === SCRAPE START ===
[2026-06-21 00:45:02] Fetching https://waitz.io/live/ucsd-rec
[2026-06-21 00:45:03] Saved 4 rows to ucsd_occupancy_history.csv
[2026-06-21 00:45:03] Main Gym Fitness Gym: 0% (Closed) people=0 capacity=72 is_open=False hour_summary=closed
[2026-06-21 00:45:03] Outback Climbing Center: 0% (Closed) people=0 capacity=30 is_open=False hour_summary=closed
[2026-06-21 00:45:03] RIMAC Fitness Gym: 1% (Closed) people=1 capacity=150 is_open=False hour_summary=Closed until 8:00am
[2026-06-21 00:45:03] Triton Esports Center: 0% (Closed) people=0 capacity=35 is_open=False hour_summary=closed
[2026-06-21 00:45:03] === SCRAPE END OK ===
[2026-06-21 01:00:02] === SCRAPE START ===
[2026-06-21 01:00:02] Fetching https://waitz.io/live/ucsd-rec
[2026-06-21 01:00:04] Saved 4 rows to ucsd_occupancy_history.csv
[2026-06-21 01:00:04] Main Gym Fitness Gym: 1% (Closed) people=1 capacity=72 is_open=False hour_summary=closed
[2026-06-21 01:00:04] Outback Climbing Center: 0% (Closed) people=0 capacity=30 is_open=False hour_summary=closed
[2026-06-21 01:00:04] RIMAC Fitness Gym: 0% (Closed) people=0 capacity=150 is_open=False hour_summary=Closed until 8:00am
[2026-06-21 01:00:04] Triton Esports Center: 0% (Closed) people=0 capacity=35 is_open=False hour_summary=closed
[2026-06-21 01:00:04] === SCRAPE END OK ===
[2026-06-21 01:15:02] === SCRAPE START ===
[2026-06-21 01:15:02] Fetching https://waitz.io/live/ucsd-rec
[2026-06-21 01:15:03] Saved 4 rows to ucsd_occupancy_history.csv
[2026-06-21 01:15:03] Main Gym Fitness Gym: 1% (Closed) people=0 capacity=72 is_open=False hour_summary=closed
[2026-06-21 01:15:03] Outback Climbing Center: 0% (Closed) people=0 capacity=30 is_open=False hour_summary=closed
[2026-06-21 01:15:03] RIMAC Fitness Gym: 1% (Closed) people=1 capacity=150 is_open=False hour_summary=Closed until 8:00am
[2026-06-21 01:15:03] Triton Esports Center: 0% (Closed) people=0 capacity=35 is_open=False hour_summary=closed
[2026-06-21 01:15:03] === SCRAPE END OK ===
[2026-06-21 01:30:02] === SCRAPE START ===
[2026-06-21 01:30:02] Fetching https://waitz.io/live/ucsd-rec
[2026-06-21 01:30:04] Saved 4 rows to ucsd_occupancy_history.csv
[2026-06-21 01:30:04] Main Gym Fitness Gym: 0% (Closed) people=0 capacity=72 is_open=False hour_summary=closed
[2026-06-21 01:30:04] Outback Climbing Center: 0% (Closed) people=0 capacity=30 is_open=False hour_summary=closed
[2026-06-21 01:30:04] RIMAC Fitness Gym: 0% (Closed) people=1 capacity=150 is_open=False hour_summary=Closed until 8:00am
[2026-06-21 01:30:04] Triton Esports Center: 0% (Closed) people=0 capacity=35 is_open=False hour_summary=closed
[2026-06-21 01:30:04] === SCRAPE END OK ===
[2026-06-21 01:45:02] === SCRAPE START ===
[2026-06-21 01:45:02] Fetching https://waitz.io/live/ucsd-rec
[2026-06-21 01:45:03] Saved 4 rows to ucsd_occupancy_history.csv
[2026-06-21 01:45:03] Main Gym Fitness Gym: 1% (Closed) people=0 capacity=72 is_open=False hour_summary=closed
[2026-06-21 01:45:03] Outback Climbing Center: 0% (Closed) people=0 capacity=30 is_open=False hour_summary=closed
[2026-06-21 01:45:03] RIMAC Fitness Gym: 1% (Closed) people=1 capacity=150 is_open=False hour_summary=Closed until 8:00am
[2026-06-21 01:45:03] Triton Esports Center: 0% (Closed) people=0 capacity=35 is_open=False hour_summary=closed
[2026-06-21 01:45:03] === SCRAPE END OK ===
[2026-06-21 02:00:02] === SCRAPE START ===
[2026-06-21 02:00:02] Fetching https://waitz.io/live/ucsd-rec
[2026-06-21 02:00:03] Saved 4 rows to ucsd_occupancy_history.csv
[2026-06-21 02:00:03] Main Gym Fitness Gym: 1% (Closed) people=1 capacity=72 is_open=False hour_summary=closed
[2026-06-21 02:00:03] Outback Climbing Center: 0% (Closed) people=0 capacity=30 is_open=False hour_summary=closed
[2026-06-21 02:00:03] RIMAC Fitness Gym: 0% (Closed) people=1 capacity=150 is_open=False hour_summary=Closed until 8:00am
[2026-06-21 02:00:03] Triton Esports Center: 0% (Closed) people=0 capacity=35 is_open=False hour_summary=closed
[2026-06-21 02:00:03] === SCRAPE END OK ===
[2026-06-21 02:15:02] === SCRAPE START ===
[2026-06-21 02:15:02] Fetching https://waitz.io/live/ucsd-rec
[2026-06-21 02:15:03] Saved 4 rows to ucsd_occupancy_history.csv
[2026-06-21 02:15:03] Main Gym Fitness Gym: 1% (Closed) people=1 capacity=72 is_open=False hour_summary=closed
[2026-06-21 02:15:03] Outback Climbing Center: 0% (Closed) people=0 capacity=30 is_open=False hour_summary=closed
[2026-06-21 02:15:03] RIMAC Fitness Gym: 0% (Closed) people=1 capacity=150 is_open=False hour_summary=Closed until 8:00am
[2026-06-21 02:15:03] Triton Esports Center: 0% (Closed) people=0 capacity=35 is_open=False hour_summary=closed
[2026-06-21 02:15:03] === SCRAPE END OK ===
[2026-06-21 02:30:02] === SCRAPE START ===
[2026-06-21 02:30:02] Fetching https://waitz.io/live/ucsd-rec
[2026-06-21 02:30:04] Saved 4 rows to ucsd_occupancy_history.csv
[2026-06-21 02:30:04] Main Gym Fitness Gym: 0% (Closed) people=0 capacity=72 is_open=False hour_summary=closed
[2026-06-21 02:30:04] Outback Climbing Center: 0% (Closed) people=0 capacity=30 is_open=False hour_summary=closed
[2026-06-21 02:30:04] RIMAC Fitness Gym: 0% (Closed) people=1 capacity=150 is_open=False hour_summary=Closed until 8:00am
[2026-06-21 02:30:04] Triton Esports Center: 0% (Closed) people=0 capacity=35 is_open=False hour_summary=closed
[2026-06-21 02:30:04] === SCRAPE END OK ===
[2026-06-21 02:45:02] === SCRAPE START ===
[2026-06-21 02:45:02] Fetching https://waitz.io/live/ucsd-rec
[2026-06-21 02:45:03] Saved 4 rows to ucsd_occupancy_history.csv
[2026-06-21 02:45:03] Main Gym Fitness Gym: 1% (Closed) people=1 capacity=72 is_open=False hour_summary=closed
[2026-06-21 02:45:03] Outback Climbing Center: 0% (Closed) people=0 capacity=30 is_open=False hour_summary=closed
[2026-06-21 02:45:03] RIMAC Fitness Gym: 1% (Closed) people=1 capacity=150 is_open=False hour_summary=Closed until 8:00am
[2026-06-21 02:45:03] Triton Esports Center: 0% (Closed) people=0 capacity=35 is_open=False hour_summary=closed
[2026-06-21 02:45:03] === SCRAPE END OK ===
[2026-06-21 03:00:02] === SCRAPE START ===
[2026-06-21 03:00:02] Fetching https://waitz.io/live/ucsd-rec
[2026-06-21 03:00:04] Saved 4 rows to ucsd_occupancy_history.csv
[2026-06-21 03:00:04] Main Gym Fitness Gym: 1% (Closed) people=1 capacity=72 is_open=False hour_summary=closed
[2026-06-21 03:00:04] Outback Climbing Center: 0% (Closed) people=0 capacity=30 is_open=False hour_summary=closed
[2026-06-21 03:00:04] RIMAC Fitness Gym: 0% (Closed) people=0 capacity=150 is_open=False hour_summary=Closed until 8:00am
[2026-06-21 03:00:04] Triton Esports Center: 0% (Closed) people=0 capacity=35 is_open=False hour_summary=closed
[2026-06-21 03:00:04] === SCRAPE END OK ===
[2026-06-21 03:15:02] === SCRAPE START ===
[2026-06-21 03:15:02] Fetching https://waitz.io/live/ucsd-rec
[2026-06-21 03:15:03] Saved 4 rows to ucsd_occupancy_history.csv
[2026-06-21 03:15:03] Main Gym Fitness Gym: 0% (Closed) people=0 capacity=72 is_open=False hour_summary=closed
[2026-06-21 03:15:03] Outback Climbing Center: 0% (Closed) people=0 capacity=30 is_open=False hour_summary=closed
[2026-06-21 03:15:03] RIMAC Fitness Gym: 0% (Closed) people=0 capacity=150 is_open=False hour_summary=Closed until 8:00am
[2026-06-21 03:15:03] Triton Esports Center: 0% (Closed) people=0 capacity=35 is_open=False hour_summary=closed
[2026-06-21 03:15:03] === SCRAPE END OK ===
[2026-06-21 03:30:02] === SCRAPE START ===
[2026-06-21 03:30:02] Fetching https://waitz.io/live/ucsd-rec
[2026-06-21 03:30:03] Saved 4 rows to ucsd_occupancy_history.csv
[2026-06-21 03:30:03] Main Gym Fitness Gym: 1% (Closed) people=1 capacity=72 is_open=False hour_summary=closed
[2026-06-21 03:30:03] Outback Climbing Center: 0% (Closed) people=0 capacity=30 is_open=False hour_summary=closed
[2026-06-21 03:30:03] RIMAC Fitness Gym: 0% (Closed) people=1 capacity=150 is_open=False hour_summary=Closed until 8:00am
[2026-06-21 03:30:03] Triton Esports Center: 0% (Closed) people=0 capacity=35 is_open=False hour_summary=closed
[2026-06-21 03:30:03] === SCRAPE END OK ===
[2026-06-21 03:45:02] === SCRAPE START ===
[2026-06-21 03:45:02] Fetching https://waitz.io/live/ucsd-rec
[2026-06-21 03:45:03] Saved 4 rows to ucsd_occupancy_history.csv
[2026-06-21 03:45:03] Main Gym Fitness Gym: 1% (Closed) people=1 capacity=72 is_open=False hour_summary=closed
[2026-06-21 03:45:03] Outback Climbing Center: 0% (Closed) people=0 capacity=30 is_open=False hour_summary=closed
[2026-06-21 03:45:03] RIMAC Fitness Gym: 1% (Closed) people=1 capacity=150 is_open=False hour_summary=Closed until 8:00am
[2026-06-21 03:45:03] Triton Esports Center: 0% (Closed) people=0 capacity=35 is_open=False hour_summary=closed
[2026-06-21 03:45:03] === SCRAPE END OK ===
[2026-06-21 04:00:02] === SCRAPE START ===
[2026-06-21 04:00:02] Fetching https://waitz.io/live/ucsd-rec
[2026-06-21 04:00:03] Saved 4 rows to ucsd_occupancy_history.csv
[2026-06-21 04:00:03] Main Gym Fitness Gym: 1% (Closed) people=1 capacity=72 is_open=False hour_summary=closed
[2026-06-21 04:00:03] Outback Climbing Center: 0% (Closed) people=0 capacity=30 is_open=False hour_summary=closed
[2026-06-21 04:00:03] RIMAC Fitness Gym: 1% (Closed) people=1 capacity=150 is_open=False hour_summary=Closed until 8:00am
[2026-06-21 04:00:03] Triton Esports Center: 0% (Closed) people=0 capacity=35 is_open=False hour_summary=closed
[2026-06-21 04:00:03] === SCRAPE END OK ===
[2026-06-21 04:15:02] === SCRAPE START ===
[2026-06-21 04:15:02] Fetching https://waitz.io/live/ucsd-rec
[2026-06-21 04:15:03] Saved 4 rows to ucsd_occupancy_history.csv
[2026-06-21 04:15:03] Main Gym Fitness Gym: 1% (Closed) people=1 capacity=72 is_open=False hour_summary=closed
[2026-06-21 04:15:03] Outback Climbing Center: 0% (Closed) people=0 capacity=30 is_open=False hour_summary=closed
[2026-06-21 04:15:03] RIMAC Fitness Gym: 0% (Closed) people=0 capacity=150 is_open=False hour_summary=Closed until 8:00am
[2026-06-21 04:15:03] Triton Esports Center: 0% (Closed) people=0 capacity=35 is_open=False hour_summary=closed
[2026-06-21 04:15:03] === SCRAPE END OK ===
[2026-06-21 04:30:02] === SCRAPE START ===
[2026-06-21 04:30:02] Fetching https://waitz.io/live/ucsd-rec
[2026-06-21 04:30:04] Saved 4 rows to ucsd_occupancy_history.csv
[2026-06-21 04:30:04] Main Gym Fitness Gym: 1% (Closed) people=1 capacity=72 is_open=False hour_summary=closed
[2026-06-21 04:30:04] Outback Climbing Center: 0% (Closed) people=0 capacity=30 is_open=False hour_summary=closed
[2026-06-21 04:30:04] RIMAC Fitness Gym: 1% (Closed) people=1 capacity=150 is_open=False hour_summary=Closed until 8:00am
[2026-06-21 04:30:04] Triton Esports Center: 0% (Closed) people=0 capacity=35 is_open=False hour_summary=closed
[2026-06-21 04:30:04] === SCRAPE END OK ===
[2026-06-21 04:45:02] === SCRAPE START ===
[2026-06-21 04:45:02] Fetching https://waitz.io/live/ucsd-rec
[2026-06-21 04:45:03] Saved 4 rows to ucsd_occupancy_history.csv
[2026-06-21 04:45:03] Main Gym Fitness Gym: 1% (Closed) people=1 capacity=72 is_open=False hour_summary=closed
[2026-06-21 04:45:03] Outback Climbing Center: 0% (Closed) people=0 capacity=30 is_open=False hour_summary=closed
[2026-06-21 04:45:03] RIMAC Fitness Gym: 0% (Closed) people=1 capacity=150 is_open=False hour_summary=Closed until 8:00am
[2026-06-21 04:45:03] Triton Esports Center: 0% (Closed) people=0 capacity=35 is_open=False hour_summary=closed
[2026-06-21 04:45:03] === SCRAPE END OK ===
[2026-06-21 05:00:02] === SCRAPE START ===
[2026-06-21 05:00:02] Fetching https://waitz.io/live/ucsd-rec
[2026-06-21 05:00:03] Saved 4 rows to ucsd_occupancy_history.csv
[2026-06-21 05:00:03] Main Gym Fitness Gym: 0% (Closed) people=0 capacity=72 is_open=False hour_summary=closed
[2026-06-21 05:00:03] Outback Climbing Center: 0% (Closed) people=0 capacity=30 is_open=False hour_summary=closed
[2026-06-21 05:00:03] RIMAC Fitness Gym: 0% (Closed) people=1 capacity=150 is_open=False hour_summary=Closed until 8:00am
[2026-06-21 05:00:03] Triton Esports Center: 0% (Closed) people=0 capacity=35 is_open=False hour_summary=closed
[2026-06-21 05:00:03] === SCRAPE END OK ===
[2026-06-21 05:15:02] === SCRAPE START ===
[2026-06-21 05:15:02] Fetching https://waitz.io/live/ucsd-rec
[2026-06-21 05:15:03] Saved 4 rows to ucsd_occupancy_history.csv
[2026-06-21 05:15:03] Main Gym Fitness Gym: 1% (Closed) people=1 capacity=72 is_open=False hour_summary=closed
[2026-06-21 05:15:03] Outback Climbing Center: 0% (Closed) people=0 capacity=30 is_open=False hour_summary=closed
[2026-06-21 05:15:03] RIMAC Fitness Gym: 0% (Closed) people=1 capacity=150 is_open=False hour_summary=Closed until 8:00am
[2026-06-21 05:15:03] Triton Esports Center: 0% (Closed) people=0 capacity=35 is_open=False hour_summary=closed
[2026-06-21 05:15:03] === SCRAPE END OK ===
[2026-06-21 05:30:02] === SCRAPE START ===
[2026-06-21 05:30:02] Fetching https://waitz.io/live/ucsd-rec
[2026-06-21 05:30:03] Saved 4 rows to ucsd_occupancy_history.csv
[2026-06-21 05:30:03] Main Gym Fitness Gym: 0% (Closed) people=0 capacity=72 is_open=False hour_summary=closed
[2026-06-21 05:30:03] Outback Climbing Center: 0% (Closed) people=0 capacity=30 is_open=False hour_summary=closed
[2026-06-21 05:30:03] RIMAC Fitness Gym: 0% (Closed) people=1 capacity=150 is_open=False hour_summary=Closed until 8:00am
[2026-06-21 05:30:03] Triton Esports Center: 0% (Closed) people=0 capacity=35 is_open=False hour_summary=closed
[2026-06-21 05:30:03] === SCRAPE END OK ===
[2026-06-21 05:45:02] === SCRAPE START ===
[2026-06-21 05:45:02] Fetching https://waitz.io/live/ucsd-rec
[2026-06-21 05:45:03] Saved 4 rows to ucsd_occupancy_history.csv
[2026-06-21 05:45:03] Main Gym Fitness Gym: 1% (Closed) people=0 capacity=72 is_open=False hour_summary=closed
[2026-06-21 05:45:03] Outback Climbing Center: 0% (Closed) people=0 capacity=30 is_open=False hour_summary=closed
[2026-06-21 05:45:03] RIMAC Fitness Gym: 0% (Closed) people=1 capacity=150 is_open=False hour_summary=Closed until 8:00am
[2026-06-21 05:45:03] Triton Esports Center: 0% (Closed) people=0 capacity=35 is_open=False hour_summary=closed
[2026-06-21 05:45:03] === SCRAPE END OK ===
[2026-06-21 06:00:02] === SCRAPE START ===
[2026-06-21 06:00:02] Fetching https://waitz.io/live/ucsd-rec
[2026-06-21 06:00:03] Saved 4 rows to ucsd_occupancy_history.csv
[2026-06-21 06:00:03] Main Gym Fitness Gym: 1% (Closed) people=1 capacity=72 is_open=False hour_summary=closed
[2026-06-21 06:00:03] Outback Climbing Center: 0% (Closed) people=0 capacity=30 is_open=False hour_summary=closed
[2026-06-21 06:00:03] RIMAC Fitness Gym: 1% (Closed) people=1 capacity=150 is_open=False hour_summary=Closed until 8:00am
[2026-06-21 06:00:03] Triton Esports Center: 0% (Closed) people=0 capacity=35 is_open=False hour_summary=closed
[2026-06-21 06:00:03] === SCRAPE END OK ===
[2026-06-21 06:15:02] === SCRAPE START ===
[2026-06-21 06:15:02] Fetching https://waitz.io/live/ucsd-rec
[2026-06-21 06:15:03] Saved 4 rows to ucsd_occupancy_history.csv
[2026-06-21 06:15:03] Main Gym Fitness Gym: 0% (Closed) people=0 capacity=72 is_open=False hour_summary=closed
[2026-06-21 06:15:03] Outback Climbing Center: 0% (Closed) people=0 capacity=30 is_open=False hour_summary=closed
[2026-06-21 06:15:03] RIMAC Fitness Gym: 2% (Closed) people=3 capacity=150 is_open=False hour_summary=Closed until 8:00am
[2026-06-21 06:15:03] Triton Esports Center: 0% (Closed) people=0 capacity=35 is_open=False hour_summary=closed
[2026-06-21 06:15:03] === SCRAPE END OK ===
[2026-06-21 06:30:03] === SCRAPE START ===
[2026-06-21 06:30:03] Fetching https://waitz.io/live/ucsd-rec
[2026-06-21 06:30:04] Saved 4 rows to ucsd_occupancy_history.csv
[2026-06-21 06:30:04] Main Gym Fitness Gym: 1% (Closed) people=1 capacity=72 is_open=False hour_summary=closed
[2026-06-21 06:30:04] Outback Climbing Center: 0% (Closed) people=0 capacity=30 is_open=False hour_summary=closed
[2026-06-21 06:30:04] RIMAC Fitness Gym: 1% (Closed) people=2 capacity=150 is_open=False hour_summary=Closed until 8:00am
[2026-06-21 06:30:04] Triton Esports Center: 0% (Closed) people=0 capacity=35 is_open=False hour_summary=closed
[2026-06-21 06:30:04] === SCRAPE END OK ===
[2026-06-21 06:45:02] === SCRAPE START ===
[2026-06-21 06:45:02] Fetching https://waitz.io/live/ucsd-rec
[2026-06-21 06:45:03] Saved 4 rows to ucsd_occupancy_history.csv
[2026-06-21 06:45:03] Main Gym Fitness Gym: 1% (Closed) people=1 capacity=72 is_open=False hour_summary=closed
[2026-06-21 06:45:03] Outback Climbing Center: 0% (Closed) people=0 capacity=30 is_open=False hour_summary=closed
[2026-06-21 06:45:03] RIMAC Fitness Gym: 1% (Closed) people=2 capacity=150 is_open=False hour_summary=Closed until 8:00am
[2026-06-21 06:45:03] Triton Esports Center: 0% (Closed) people=0 capacity=35 is_open=False hour_summary=closed
[2026-06-21 06:45:03] === SCRAPE END OK ===
[2026-06-21 07:00:02] === SCRAPE START ===
[2026-06-21 07:00:02] Fetching https://waitz.io/live/ucsd-rec
[2026-06-21 07:00:04] Saved 4 rows to ucsd_occupancy_history.csv
[2026-06-21 07:00:04] Main Gym Fitness Gym: 1% (Closed) people=0 capacity=72 is_open=False hour_summary=closed
[2026-06-21 07:00:04] Outback Climbing Center: 0% (Closed) people=0 capacity=30 is_open=False hour_summary=closed
[2026-06-21 07:00:04] RIMAC Fitness Gym: 1% (Closed) people=1 capacity=150 is_open=False hour_summary=Closed until 8:00am
[2026-06-21 07:00:04] Triton Esports Center: 0% (Closed) people=0 capacity=35 is_open=False hour_summary=closed
[2026-06-21 07:00:04] === SCRAPE END OK ===
[2026-06-21 07:15:02] === SCRAPE START ===
[2026-06-21 07:15:02] Fetching https://waitz.io/live/ucsd-rec
[2026-06-21 07:15:03] Saved 4 rows to ucsd_occupancy_history.csv
[2026-06-21 07:15:03] Main Gym Fitness Gym: 1% (Closed) people=1 capacity=72 is_open=False hour_summary=closed
[2026-06-21 07:15:03] Outback Climbing Center: 0% (Closed) people=0 capacity=30 is_open=False hour_summary=closed
[2026-06-21 07:15:03] RIMAC Fitness Gym: 0% (Closed) people=0 capacity=150 is_open=False hour_summary=Closed until 8:00am
[2026-06-21 07:15:03] Triton Esports Center: 0% (Closed) people=0 capacity=35 is_open=False hour_summary=closed
[2026-06-21 07:15:03] === SCRAPE END OK ===
[2026-06-21 07:30:02] === SCRAPE START ===
[2026-06-21 07:30:02] Fetching https://waitz.io/live/ucsd-rec
[2026-06-21 07:30:04] Saved 4 rows to ucsd_occupancy_history.csv
[2026-06-21 07:30:04] Main Gym Fitness Gym: 1% (Closed) people=1 capacity=72 is_open=False hour_summary=closed
[2026-06-21 07:30:04] Outback Climbing Center: 0% (Closed) people=0 capacity=30 is_open=False hour_summary=closed
[2026-06-21 07:30:04] RIMAC Fitness Gym: 0% (Closed) people=0 capacity=150 is_open=False hour_summary=Closed until 8:00am
[2026-06-21 07:30:04] Triton Esports Center: 0% (Closed) people=0 capacity=35 is_open=False hour_summary=closed
[2026-06-21 07:30:04] === SCRAPE END OK ===
[2026-06-21 07:45:02] === SCRAPE START ===
[2026-06-21 07:45:02] Fetching https://waitz.io/live/ucsd-rec
[2026-06-21 07:45:03] Saved 4 rows to ucsd_occupancy_history.csv
[2026-06-21 07:45:03] Main Gym Fitness Gym: 2% (Closed) people=1 capacity=72 is_open=False hour_summary=closed
[2026-06-21 07:45:03] Outback Climbing Center: 0% (Closed) people=0 capacity=30 is_open=False hour_summary=closed
[2026-06-21 07:45:03] RIMAC Fitness Gym: 0% (Closed) people=0 capacity=150 is_open=False hour_summary=Closed until 8:00am
[2026-06-21 07:45:03] Triton Esports Center: 0% (Closed) people=0 capacity=35 is_open=False hour_summary=closed
[2026-06-21 07:45:03] === SCRAPE END OK ===
[2026-06-21 08:00:02] === SCRAPE START ===
[2026-06-21 08:00:02] Fetching https://waitz.io/live/ucsd-rec
[2026-06-21 08:00:04] Saved 4 rows to ucsd_occupancy_history.csv
[2026-06-21 08:00:04] Main Gym Fitness Gym: 1% (Closed) people=1 capacity=72 is_open=False hour_summary=closed
[2026-06-21 08:00:04] Outback Climbing Center: 0% (Closed) people=0 capacity=30 is_open=False hour_summary=closed
[2026-06-21 08:00:04] RIMAC Fitness Gym: 0% (Not Busy) people=1 capacity=150 is_open=True hour_summary=open
[2026-06-21 08:00:04] Triton Esports Center: 0% (Closed) people=0 capacity=35 is_open=False hour_summary=closed
[2026-06-21 08:00:04] === SCRAPE END OK ===
[2026-06-21 08:15:02] === SCRAPE START ===
[2026-06-21 08:15:02] Fetching https://waitz.io/live/ucsd-rec
[2026-06-21 08:15:03] Saved 4 rows to ucsd_occupancy_history.csv
[2026-06-21 08:15:03] Main Gym Fitness Gym: 1% (Closed) people=1 capacity=72 is_open=False hour_summary=closed
[2026-06-21 08:15:03] Outback Climbing Center: 0% (Closed) people=0 capacity=30 is_open=False hour_summary=closed
[2026-06-21 08:15:03] RIMAC Fitness Gym: 1% (Not Busy) people=1 capacity=150 is_open=True hour_summary=open
[2026-06-21 08:15:03] Triton Esports Center: 0% (Closed) people=0 capacity=35 is_open=False hour_summary=closed
[2026-06-21 08:15:03] === SCRAPE END OK ===
[2026-06-21 08:30:02] === SCRAPE START ===
[2026-06-21 08:30:02] Fetching https://waitz.io/live/ucsd-rec
[2026-06-21 08:30:03] Saved 4 rows to ucsd_occupancy_history.csv
[2026-06-21 08:30:03] Main Gym Fitness Gym: 1% (Closed) people=1 capacity=72 is_open=False hour_summary=closed
[2026-06-21 08:30:03] Outback Climbing Center: 0% (Closed) people=0 capacity=30 is_open=False hour_summary=closed
[2026-06-21 08:30:03] RIMAC Fitness Gym: 1% (Not Busy) people=1 capacity=150 is_open=True hour_summary=open
[2026-06-21 08:30:03] Triton Esports Center: 0% (Closed) people=0 capacity=35 is_open=False hour_summary=closed
[2026-06-21 08:30:03] === SCRAPE END OK ===
[2026-06-21 08:45:02] === SCRAPE START ===
[2026-06-21 08:45:02] Fetching https://waitz.io/live/ucsd-rec
[2026-06-21 08:45:03] Saved 4 rows to ucsd_occupancy_history.csv
[2026-06-21 08:45:03] Main Gym Fitness Gym: 1% (Closed) people=1 capacity=72 is_open=False hour_summary=closed
[2026-06-21 08:45:03] Outback Climbing Center: 0% (Closed) people=0 capacity=30 is_open=False hour_summary=closed
[2026-06-21 08:45:03] RIMAC Fitness Gym: 2% (Not Busy) people=2 capacity=150 is_open=True hour_summary=open
[2026-06-21 08:45:03] Triton Esports Center: 0% (Closed) people=0 capacity=35 is_open=False hour_summary=closed
[2026-06-21 08:45:03] === SCRAPE END OK ===
[2026-06-21 09:00:02] === SCRAPE START ===
[2026-06-21 09:00:02] Fetching https://waitz.io/live/ucsd-rec
[2026-06-21 09:00:04] Saved 4 rows to ucsd_occupancy_history.csv
[2026-06-21 09:00:04] Main Gym Fitness Gym: 1% (Closed) people=1 capacity=72 is_open=False hour_summary=closed
[2026-06-21 09:00:04] Outback Climbing Center: 0% (Closed) people=0 capacity=30 is_open=False hour_summary=closed
[2026-06-21 09:00:04] RIMAC Fitness Gym: 9% (Not Busy) people=14 capacity=150 is_open=True hour_summary=open
[2026-06-21 09:00:04] Triton Esports Center: 0% (Closed) people=0 capacity=35 is_open=False hour_summary=closed
[2026-06-21 09:00:04] === SCRAPE END OK ===
[2026-06-21 09:15:02] === SCRAPE START ===
[2026-06-21 09:15:02] Fetching https://waitz.io/live/ucsd-rec
[2026-06-21 09:15:03] Saved 4 rows to ucsd_occupancy_history.csv
[2026-06-21 09:15:03] Main Gym Fitness Gym: 1% (Closed) people=1 capacity=72 is_open=False hour_summary=closed
[2026-06-21 09:15:03] Outback Climbing Center: 0% (Closed) people=0 capacity=30 is_open=False hour_summary=closed
[2026-06-21 09:15:03] RIMAC Fitness Gym: 8% (Not Busy) people=12 capacity=150 is_open=True hour_summary=open
[2026-06-21 09:15:03] Triton Esports Center: 0% (Closed) people=0 capacity=35 is_open=False hour_summary=closed
[2026-06-21 09:15:03] === SCRAPE END OK ===
[2026-06-21 09:30:02] === SCRAPE START ===
[2026-06-21 09:30:02] Fetching https://waitz.io/live/ucsd-rec
[2026-06-21 09:30:04] Saved 4 rows to ucsd_occupancy_history.csv
[2026-06-21 09:30:04] Main Gym Fitness Gym: 0% (Closed) people=0 capacity=72 is_open=False hour_summary=closed
[2026-06-21 09:30:04] Outback Climbing Center: 0% (Closed) people=0 capacity=30 is_open=False hour_summary=closed
[2026-06-21 09:30:04] RIMAC Fitness Gym: 8% (Not Busy) people=11 capacity=150 is_open=True hour_summary=open
[2026-06-21 09:30:04] Triton Esports Center: 0% (Closed) people=0 capacity=35 is_open=False hour_summary=closed
[2026-06-21 09:30:04] === SCRAPE END OK ===
[2026-06-21 09:45:02] === SCRAPE START ===
[2026-06-21 09:45:02] Fetching https://waitz.io/live/ucsd-rec
[2026-06-21 09:45:03] Saved 4 rows to ucsd_occupancy_history.csv
[2026-06-21 09:45:03] Main Gym Fitness Gym: 3% (Closed) people=2 capacity=72 is_open=False hour_summary=closed
[2026-06-21 09:45:03] Outback Climbing Center: 0% (Closed) people=0 capacity=30 is_open=False hour_summary=closed
[2026-06-21 09:45:03] RIMAC Fitness Gym: 11% (Not Busy) people=16 capacity=150 is_open=True hour_summary=open
[2026-06-21 09:45:03] Triton Esports Center: 0% (Closed) people=0 capacity=35 is_open=False hour_summary=closed
[2026-06-21 09:45:03] === SCRAPE END OK ===
[2026-06-21 10:00:02] === SCRAPE START ===
[2026-06-21 10:00:02] Fetching https://waitz.io/live/ucsd-rec
[2026-06-21 10:00:04] Saved 4 rows to ucsd_occupancy_history.csv
[2026-06-21 10:00:04] Main Gym Fitness Gym: 1% (Closed) people=1 capacity=72 is_open=False hour_summary=closed
[2026-06-21 10:00:04] Outback Climbing Center: 0% (Closed) people=0 capacity=30 is_open=False hour_summary=closed
[2026-06-21 10:00:04] RIMAC Fitness Gym: 11% (Not Busy) people=16 capacity=150 is_open=True hour_summary=open
[2026-06-21 10:00:04] Triton Esports Center: 0% (Closed) people=0 capacity=35 is_open=False hour_summary=closed
[2026-06-21 10:00:04] === SCRAPE END OK ===
