[2026-07-03 00:00:01] === SCRAPE START ===
[2026-07-03 00:00:01] Fetching https://waitz.io/live/ucsd-rec
[2026-07-03 00:00:04] Saved 4 rows to ucsd_occupancy_history.csv
[2026-07-03 00:00:04] Main Gym Fitness Gym: 1% (Closed) people=1 capacity=72 is_open=False hour_summary=closed
[2026-07-03 00:00:04] Outback Climbing Center: 18% (Closed) people=5 capacity=30 is_open=False hour_summary=closed
[2026-07-03 00:00:04] RIMAC Fitness Gym: 0% (Closed) people=1 capacity=150 is_open=False hour_summary=Closed until 8:00am
[2026-07-03 00:00:04] Triton Esports Center: 0% (Closed) people=0 capacity=35 is_open=False hour_summary=closed
[2026-07-03 00:00:04] === SCRAPE END OK ===
[2026-07-03 00:15:02] === SCRAPE START ===
[2026-07-03 00:15:02] Fetching https://waitz.io/live/ucsd-rec
[2026-07-03 00:15:03] Saved 4 rows to ucsd_occupancy_history.csv
[2026-07-03 00:15:03] Main Gym Fitness Gym: 1% (Closed) people=1 capacity=72 is_open=False hour_summary=closed
[2026-07-03 00:15:03] Outback Climbing Center: 14% (Closed) people=4 capacity=30 is_open=False hour_summary=closed
[2026-07-03 00:15:03] RIMAC Fitness Gym: 0% (Closed) people=1 capacity=150 is_open=False hour_summary=Closed until 8:00am
[2026-07-03 00:15:03] Triton Esports Center: 0% (Closed) people=0 capacity=35 is_open=False hour_summary=closed
[2026-07-03 00:15:03] === SCRAPE END OK ===
[2026-07-03 00:30:02] === SCRAPE START ===
[2026-07-03 00:30:02] Fetching https://waitz.io/live/ucsd-rec
[2026-07-03 00:30:04] Saved 4 rows to ucsd_occupancy_history.csv
[2026-07-03 00:30:04] Main Gym Fitness Gym: 1% (Closed) people=1 capacity=72 is_open=False hour_summary=closed
[2026-07-03 00:30:04] Outback Climbing Center: 16% (Closed) people=5 capacity=30 is_open=False hour_summary=closed
[2026-07-03 00:30:04] RIMAC Fitness Gym: 1% (Closed) people=1 capacity=150 is_open=False hour_summary=Closed until 8:00am
[2026-07-03 00:30:04] Triton Esports Center: 0% (Closed) people=0 capacity=35 is_open=False hour_summary=closed
[2026-07-03 00:30:04] === SCRAPE END OK ===
[2026-07-03 00:45:02] === SCRAPE START ===
[2026-07-03 00:45:02] Fetching https://waitz.io/live/ucsd-rec
[2026-07-03 00:45:03] Saved 4 rows to ucsd_occupancy_history.csv
[2026-07-03 00:45:03] Main Gym Fitness Gym: 2% (Closed) people=1 capacity=72 is_open=False hour_summary=closed
[2026-07-03 00:45:03] Outback Climbing Center: 13% (Closed) people=4 capacity=30 is_open=False hour_summary=closed
[2026-07-03 00:45:03] RIMAC Fitness Gym: 0% (Closed) people=1 capacity=150 is_open=False hour_summary=Closed until 8:00am
[2026-07-03 00:45:03] Triton Esports Center: 0% (Closed) people=0 capacity=35 is_open=False hour_summary=closed
[2026-07-03 00:45:03] === SCRAPE END OK ===
[2026-07-03 01:00:02] === SCRAPE START ===
[2026-07-03 01:00:02] Fetching https://waitz.io/live/ucsd-rec
[2026-07-03 01:00:04] Saved 4 rows to ucsd_occupancy_history.csv
[2026-07-03 01:00:04] Main Gym Fitness Gym: 1% (Closed) people=1 capacity=72 is_open=False hour_summary=closed
[2026-07-03 01:00:04] Outback Climbing Center: 13% (Closed) people=4 capacity=30 is_open=False hour_summary=closed
[2026-07-03 01:00:04] RIMAC Fitness Gym: 0% (Closed) people=1 capacity=150 is_open=False hour_summary=Closed until 8:00am
[2026-07-03 01:00:04] Triton Esports Center: 0% (Closed) people=0 capacity=35 is_open=False hour_summary=closed
[2026-07-03 01:00:04] === SCRAPE END OK ===
[2026-07-03 01:15:02] === SCRAPE START ===
[2026-07-03 01:15:02] Fetching https://waitz.io/live/ucsd-rec
[2026-07-03 01:15:03] Saved 4 rows to ucsd_occupancy_history.csv
[2026-07-03 01:15:03] Main Gym Fitness Gym: 0% (Closed) people=0 capacity=72 is_open=False hour_summary=closed
[2026-07-03 01:15:03] Outback Climbing Center: 19% (Closed) people=6 capacity=30 is_open=False hour_summary=closed
[2026-07-03 01:15:03] RIMAC Fitness Gym: 1% (Closed) people=1 capacity=150 is_open=False hour_summary=Closed until 8:00am
[2026-07-03 01:15:03] Triton Esports Center: 0% (Closed) people=0 capacity=35 is_open=False hour_summary=closed
[2026-07-03 01:15:03] === SCRAPE END OK ===
[2026-07-03 01:30:02] === SCRAPE START ===
[2026-07-03 01:30:02] Fetching https://waitz.io/live/ucsd-rec
[2026-07-03 01:30:05] Saved 4 rows to ucsd_occupancy_history.csv
[2026-07-03 01:30:05] Main Gym Fitness Gym: 0% (Closed) people=0 capacity=72 is_open=False hour_summary=closed
[2026-07-03 01:30:05] Outback Climbing Center: 17% (Closed) people=5 capacity=30 is_open=False hour_summary=closed
[2026-07-03 01:30:05] RIMAC Fitness Gym: 1% (Closed) people=1 capacity=150 is_open=False hour_summary=Closed until 8:00am
[2026-07-03 01:30:05] Triton Esports Center: 0% (Closed) people=0 capacity=35 is_open=False hour_summary=closed
[2026-07-03 01:30:05] === SCRAPE END OK ===
[2026-07-03 01:45:02] === SCRAPE START ===
[2026-07-03 01:45:02] Fetching https://waitz.io/live/ucsd-rec
[2026-07-03 01:45:03] Saved 4 rows to ucsd_occupancy_history.csv
[2026-07-03 01:45:03] Main Gym Fitness Gym: 1% (Closed) people=0 capacity=72 is_open=False hour_summary=closed
[2026-07-03 01:45:03] Outback Climbing Center: 16% (Closed) people=5 capacity=30 is_open=False hour_summary=closed
[2026-07-03 01:45:03] RIMAC Fitness Gym: 1% (Closed) people=1 capacity=150 is_open=False hour_summary=Closed until 8:00am
[2026-07-03 01:45:03] Triton Esports Center: 0% (Closed) people=0 capacity=35 is_open=False hour_summary=closed
[2026-07-03 01:45:03] === SCRAPE END OK ===
[2026-07-03 02:00:02] === SCRAPE START ===
[2026-07-03 02:00:02] Fetching https://waitz.io/live/ucsd-rec
[2026-07-03 02:00:04] Saved 4 rows to ucsd_occupancy_history.csv
[2026-07-03 02:00:04] Main Gym Fitness Gym: 1% (Closed) people=0 capacity=72 is_open=False hour_summary=closed
[2026-07-03 02:00:04] Outback Climbing Center: 18% (Closed) people=5 capacity=30 is_open=False hour_summary=closed
[2026-07-03 02:00:04] RIMAC Fitness Gym: 1% (Closed) people=1 capacity=150 is_open=False hour_summary=Closed until 8:00am
[2026-07-03 02:00:04] Triton Esports Center: 0% (Closed) people=0 capacity=35 is_open=False hour_summary=closed
[2026-07-03 02:00:04] === SCRAPE END OK ===
[2026-07-03 02:15:02] === SCRAPE START ===
[2026-07-03 02:15:02] Fetching https://waitz.io/live/ucsd-rec
[2026-07-03 02:15:03] Saved 4 rows to ucsd_occupancy_history.csv
[2026-07-03 02:15:03] Main Gym Fitness Gym: 0% (Closed) people=0 capacity=72 is_open=False hour_summary=closed
[2026-07-03 02:15:03] Outback Climbing Center: 12% (Closed) people=4 capacity=30 is_open=False hour_summary=closed
[2026-07-03 02:15:03] RIMAC Fitness Gym: 1% (Closed) people=1 capacity=150 is_open=False hour_summary=Closed until 8:00am
[2026-07-03 02:15:03] Triton Esports Center: 0% (Closed) people=0 capacity=35 is_open=False hour_summary=closed
[2026-07-03 02:15:03] === SCRAPE END OK ===
[2026-07-03 02:30:02] === SCRAPE START ===
[2026-07-03 02:30:02] Fetching https://waitz.io/live/ucsd-rec
[2026-07-03 02:30:04] Saved 4 rows to ucsd_occupancy_history.csv
[2026-07-03 02:30:04] Main Gym Fitness Gym: 0% (Closed) people=0 capacity=72 is_open=False hour_summary=closed
[2026-07-03 02:30:04] Outback Climbing Center: 14% (Closed) people=4 capacity=30 is_open=False hour_summary=closed
[2026-07-03 02:30:04] RIMAC Fitness Gym: 1% (Closed) people=1 capacity=150 is_open=False hour_summary=Closed until 8:00am
[2026-07-03 02:30:04] Triton Esports Center: 0% (Closed) people=0 capacity=35 is_open=False hour_summary=closed
[2026-07-03 02:30:04] === SCRAPE END OK ===
[2026-07-03 02:45:03] === SCRAPE START ===
[2026-07-03 02:45:03] Fetching https://waitz.io/live/ucsd-rec
[2026-07-03 02:45:04] Saved 4 rows to ucsd_occupancy_history.csv
[2026-07-03 02:45:04] Main Gym Fitness Gym: 0% (Closed) people=0 capacity=72 is_open=False hour_summary=closed
[2026-07-03 02:45:04] Outback Climbing Center: 15% (Closed) people=5 capacity=30 is_open=False hour_summary=closed
[2026-07-03 02:45:04] RIMAC Fitness Gym: 1% (Closed) people=1 capacity=150 is_open=False hour_summary=Closed until 8:00am
[2026-07-03 02:45:04] Triton Esports Center: 0% (Closed) people=0 capacity=35 is_open=False hour_summary=closed
[2026-07-03 02:45:04] === SCRAPE END OK ===
[2026-07-03 03:00:02] === SCRAPE START ===
[2026-07-03 03:00:02] Fetching https://waitz.io/live/ucsd-rec
[2026-07-03 03:00:04] Saved 4 rows to ucsd_occupancy_history.csv
[2026-07-03 03:00:04] Main Gym Fitness Gym: 0% (Closed) people=0 capacity=72 is_open=False hour_summary=closed
[2026-07-03 03:00:04] Outback Climbing Center: 14% (Closed) people=4 capacity=30 is_open=False hour_summary=closed
[2026-07-03 03:00:04] RIMAC Fitness Gym: 1% (Closed) people=1 capacity=150 is_open=False hour_summary=Closed until 8:00am
[2026-07-03 03:00:04] Triton Esports Center: 0% (Closed) people=0 capacity=35 is_open=False hour_summary=closed
[2026-07-03 03:00:04] === SCRAPE END OK ===
[2026-07-03 03:15:02] === SCRAPE START ===
[2026-07-03 03:15:02] Fetching https://waitz.io/live/ucsd-rec
[2026-07-03 03:15:03] Saved 4 rows to ucsd_occupancy_history.csv
[2026-07-03 03:15:03] Main Gym Fitness Gym: 0% (Closed) people=0 capacity=72 is_open=False hour_summary=closed
[2026-07-03 03:15:03] Outback Climbing Center: 16% (Closed) people=5 capacity=30 is_open=False hour_summary=closed
[2026-07-03 03:15:03] RIMAC Fitness Gym: 1% (Closed) people=1 capacity=150 is_open=False hour_summary=Closed until 8:00am
[2026-07-03 03:15:03] Triton Esports Center: 0% (Closed) people=0 capacity=35 is_open=False hour_summary=closed
[2026-07-03 03:15:03] === SCRAPE END OK ===
[2026-07-03 03:30:02] === SCRAPE START ===
[2026-07-03 03:30:02] Fetching https://waitz.io/live/ucsd-rec
[2026-07-03 03:30:04] Saved 4 rows to ucsd_occupancy_history.csv
[2026-07-03 03:30:04] Main Gym Fitness Gym: 0% (Closed) people=0 capacity=72 is_open=False hour_summary=closed
[2026-07-03 03:30:04] Outback Climbing Center: 16% (Closed) people=5 capacity=30 is_open=False hour_summary=closed
[2026-07-03 03:30:04] RIMAC Fitness Gym: 0% (Closed) people=1 capacity=150 is_open=False hour_summary=Closed until 8:00am
[2026-07-03 03:30:04] Triton Esports Center: 0% (Closed) people=0 capacity=35 is_open=False hour_summary=closed
[2026-07-03 03:30:04] === SCRAPE END OK ===
[2026-07-03 03:45:02] === SCRAPE START ===
[2026-07-03 03:45:02] Fetching https://waitz.io/live/ucsd-rec
[2026-07-03 03:45:03] Saved 4 rows to ucsd_occupancy_history.csv
[2026-07-03 03:45:03] Main Gym Fitness Gym: 0% (Closed) people=0 capacity=72 is_open=False hour_summary=closed
[2026-07-03 03:45:03] Outback Climbing Center: 18% (Closed) people=5 capacity=30 is_open=False hour_summary=closed
[2026-07-03 03:45:03] RIMAC Fitness Gym: 1% (Closed) people=1 capacity=150 is_open=False hour_summary=Closed until 8:00am
[2026-07-03 03:45:03] Triton Esports Center: 0% (Closed) people=0 capacity=35 is_open=False hour_summary=closed
[2026-07-03 03:45:03] === SCRAPE END OK ===
[2026-07-03 04:00:02] === SCRAPE START ===
[2026-07-03 04:00:02] Fetching https://waitz.io/live/ucsd-rec
[2026-07-03 04:00:04] Saved 4 rows to ucsd_occupancy_history.csv
[2026-07-03 04:00:04] Main Gym Fitness Gym: 0% (Closed) people=0 capacity=72 is_open=False hour_summary=closed
[2026-07-03 04:00:04] Outback Climbing Center: 21% (Closed) people=6 capacity=30 is_open=False hour_summary=closed
[2026-07-03 04:00:04] RIMAC Fitness Gym: 0% (Closed) people=0 capacity=150 is_open=False hour_summary=Closed until 8:00am
[2026-07-03 04:00:04] Triton Esports Center: 0% (Closed) people=0 capacity=35 is_open=False hour_summary=closed
[2026-07-03 04:00:04] === SCRAPE END OK ===
[2026-07-03 04:15:02] === SCRAPE START ===
[2026-07-03 04:15:02] Fetching https://waitz.io/live/ucsd-rec
[2026-07-03 04:15:03] Saved 4 rows to ucsd_occupancy_history.csv
[2026-07-03 04:15:03] Main Gym Fitness Gym: 0% (Closed) people=0 capacity=72 is_open=False hour_summary=closed
[2026-07-03 04:15:03] Outback Climbing Center: 16% (Closed) people=5 capacity=30 is_open=False hour_summary=closed
[2026-07-03 04:15:03] RIMAC Fitness Gym: 1% (Closed) people=1 capacity=150 is_open=False hour_summary=Closed until 8:00am
[2026-07-03 04:15:03] Triton Esports Center: 0% (Closed) people=0 capacity=35 is_open=False hour_summary=closed
[2026-07-03 04:15:03] === SCRAPE END OK ===
[2026-07-03 04:30:02] === SCRAPE START ===
[2026-07-03 04:30:02] Fetching https://waitz.io/live/ucsd-rec
[2026-07-03 04:30:04] Saved 4 rows to ucsd_occupancy_history.csv
[2026-07-03 04:30:04] Main Gym Fitness Gym: 0% (Closed) people=0 capacity=72 is_open=False hour_summary=closed
[2026-07-03 04:30:04] Outback Climbing Center: 22% (Closed) people=7 capacity=30 is_open=False hour_summary=closed
[2026-07-03 04:30:04] RIMAC Fitness Gym: 1% (Closed) people=1 capacity=150 is_open=False hour_summary=Closed until 8:00am
[2026-07-03 04:30:04] Triton Esports Center: 0% (Closed) people=0 capacity=35 is_open=False hour_summary=closed
[2026-07-03 04:30:04] === SCRAPE END OK ===
[2026-07-03 04:45:03] === SCRAPE START ===
[2026-07-03 04:45:03] Fetching https://waitz.io/live/ucsd-rec
[2026-07-03 04:45:04] Saved 4 rows to ucsd_occupancy_history.csv
[2026-07-03 04:45:04] Main Gym Fitness Gym: 0% (Closed) people=0 capacity=72 is_open=False hour_summary=closed
[2026-07-03 04:45:04] Outback Climbing Center: 23% (Closed) people=7 capacity=30 is_open=False hour_summary=closed
[2026-07-03 04:45:04] RIMAC Fitness Gym: 1% (Closed) people=1 capacity=150 is_open=False hour_summary=Closed until 8:00am
[2026-07-03 04:45:04] Triton Esports Center: 0% (Closed) people=0 capacity=35 is_open=False hour_summary=closed
[2026-07-03 04:45:04] === SCRAPE END OK ===
[2026-07-03 05:00:02] === SCRAPE START ===
[2026-07-03 05:00:02] Fetching https://waitz.io/live/ucsd-rec
[2026-07-03 05:00:04] Saved 4 rows to ucsd_occupancy_history.csv
[2026-07-03 05:00:04] Main Gym Fitness Gym: 0% (Closed) people=0 capacity=72 is_open=False hour_summary=closed
[2026-07-03 05:00:04] Outback Climbing Center: 19% (Closed) people=6 capacity=30 is_open=False hour_summary=closed
[2026-07-03 05:00:04] RIMAC Fitness Gym: 0% (Closed) people=1 capacity=150 is_open=False hour_summary=Closed until 8:00am
[2026-07-03 05:00:04] Triton Esports Center: 0% (Closed) people=0 capacity=35 is_open=False hour_summary=closed
[2026-07-03 05:00:04] === SCRAPE END OK ===
[2026-07-03 05:15:02] === SCRAPE START ===
[2026-07-03 05:15:02] Fetching https://waitz.io/live/ucsd-rec
[2026-07-03 05:15:03] Saved 4 rows to ucsd_occupancy_history.csv
[2026-07-03 05:15:03] Main Gym Fitness Gym: 0% (Closed) people=0 capacity=72 is_open=False hour_summary=closed
[2026-07-03 05:15:03] Outback Climbing Center: 21% (Closed) people=6 capacity=30 is_open=False hour_summary=closed
[2026-07-03 05:15:03] RIMAC Fitness Gym: 1% (Closed) people=1 capacity=150 is_open=False hour_summary=Closed until 8:00am
[2026-07-03 05:15:03] Triton Esports Center: 0% (Closed) people=0 capacity=35 is_open=False hour_summary=closed
[2026-07-03 05:15:03] === SCRAPE END OK ===
[2026-07-03 05:30:02] === SCRAPE START ===
[2026-07-03 05:30:02] Fetching https://waitz.io/live/ucsd-rec
[2026-07-03 05:30:04] Saved 4 rows to ucsd_occupancy_history.csv
[2026-07-03 05:30:04] Main Gym Fitness Gym: 0% (Closed) people=0 capacity=72 is_open=False hour_summary=closed
[2026-07-03 05:30:04] Outback Climbing Center: 19% (Closed) people=6 capacity=30 is_open=False hour_summary=closed
[2026-07-03 05:30:04] RIMAC Fitness Gym: 1% (Closed) people=1 capacity=150 is_open=False hour_summary=Closed until 8:00am
[2026-07-03 05:30:04] Triton Esports Center: 0% (Closed) people=0 capacity=35 is_open=False hour_summary=closed
[2026-07-03 05:30:04] === SCRAPE END OK ===
[2026-07-03 05:45:02] === SCRAPE START ===
[2026-07-03 05:45:02] Fetching https://waitz.io/live/ucsd-rec
[2026-07-03 05:45:03] Saved 4 rows to ucsd_occupancy_history.csv
[2026-07-03 05:45:03] Main Gym Fitness Gym: 0% (Closed) people=0 capacity=72 is_open=False hour_summary=closed
[2026-07-03 05:45:03] Outback Climbing Center: 21% (Closed) people=6 capacity=30 is_open=False hour_summary=closed
[2026-07-03 05:45:03] RIMAC Fitness Gym: 1% (Closed) people=1 capacity=150 is_open=False hour_summary=Closed until 8:00am
[2026-07-03 05:45:03] Triton Esports Center: 0% (Closed) people=0 capacity=35 is_open=False hour_summary=closed
[2026-07-03 05:45:03] === SCRAPE END OK ===
[2026-07-03 06:00:02] === SCRAPE START ===
[2026-07-03 06:00:02] Fetching https://waitz.io/live/ucsd-rec
[2026-07-03 06:00:04] Saved 4 rows to ucsd_occupancy_history.csv
[2026-07-03 06:00:04] Main Gym Fitness Gym: 1% (Closed) people=0 capacity=72 is_open=False hour_summary=closed
[2026-07-03 06:00:04] Outback Climbing Center: 18% (Closed) people=5 capacity=30 is_open=False hour_summary=closed
[2026-07-03 06:00:04] RIMAC Fitness Gym: 0% (Closed) people=1 capacity=150 is_open=False hour_summary=Closed until 8:00am
[2026-07-03 06:00:04] Triton Esports Center: 0% (Closed) people=0 capacity=35 is_open=False hour_summary=closed
[2026-07-03 06:00:04] === SCRAPE END OK ===
[2026-07-03 06:15:02] === SCRAPE START ===
[2026-07-03 06:15:02] Fetching https://waitz.io/live/ucsd-rec
[2026-07-03 06:15:03] Saved 4 rows to ucsd_occupancy_history.csv
[2026-07-03 06:15:03] Main Gym Fitness Gym: 0% (Closed) people=0 capacity=72 is_open=False hour_summary=closed
[2026-07-03 06:15:03] Outback Climbing Center: 31% (Closed) people=9 capacity=30 is_open=False hour_summary=closed
[2026-07-03 06:15:03] RIMAC Fitness Gym: 1% (Closed) people=1 capacity=150 is_open=False hour_summary=Closed until 8:00am
[2026-07-03 06:15:03] Triton Esports Center: 0% (Closed) people=0 capacity=35 is_open=False hour_summary=closed
[2026-07-03 06:15:03] === SCRAPE END OK ===
[2026-07-03 06:30:02] === SCRAPE START ===
[2026-07-03 06:30:02] Fetching https://waitz.io/live/ucsd-rec
[2026-07-03 06:30:04] Saved 4 rows to ucsd_occupancy_history.csv
[2026-07-03 06:30:04] Main Gym Fitness Gym: 0% (Closed) people=0 capacity=72 is_open=False hour_summary=closed
[2026-07-03 06:30:04] Outback Climbing Center: 16% (Closed) people=5 capacity=30 is_open=False hour_summary=closed
[2026-07-03 06:30:04] RIMAC Fitness Gym: 1% (Closed) people=1 capacity=150 is_open=False hour_summary=Closed until 8:00am
[2026-07-03 06:30:04] Triton Esports Center: 0% (Closed) people=0 capacity=35 is_open=False hour_summary=closed
[2026-07-03 06:30:04] === SCRAPE END OK ===
[2026-07-03 06:45:02] === SCRAPE START ===
[2026-07-03 06:45:02] Fetching https://waitz.io/live/ucsd-rec
[2026-07-03 06:45:03] Saved 4 rows to ucsd_occupancy_history.csv
[2026-07-03 06:45:03] Main Gym Fitness Gym: 0% (Closed) people=0 capacity=72 is_open=False hour_summary=closed
[2026-07-03 06:45:03] Outback Climbing Center: 23% (Closed) people=7 capacity=30 is_open=False hour_summary=closed
[2026-07-03 06:45:03] RIMAC Fitness Gym: 1% (Closed) people=2 capacity=150 is_open=False hour_summary=Closed until 8:00am
[2026-07-03 06:45:03] Triton Esports Center: 0% (Closed) people=0 capacity=35 is_open=False hour_summary=closed
[2026-07-03 06:45:03] === SCRAPE END OK ===
[2026-07-03 07:00:02] === SCRAPE START ===
[2026-07-03 07:00:02] Fetching https://waitz.io/live/ucsd-rec
[2026-07-03 07:00:04] Saved 4 rows to ucsd_occupancy_history.csv
[2026-07-03 07:00:04] Main Gym Fitness Gym: 0% (Closed) people=0 capacity=72 is_open=False hour_summary=closed
[2026-07-03 07:00:04] Outback Climbing Center: 27% (Closed) people=8 capacity=30 is_open=False hour_summary=closed
[2026-07-03 07:00:04] RIMAC Fitness Gym: 1% (Closed) people=1 capacity=150 is_open=False hour_summary=Closed until 8:00am
[2026-07-03 07:00:04] Triton Esports Center: 0% (Closed) people=0 capacity=35 is_open=False hour_summary=closed
[2026-07-03 07:00:04] === SCRAPE END OK ===
[2026-07-03 07:15:02] === SCRAPE START ===
[2026-07-03 07:15:02] Fetching https://waitz.io/live/ucsd-rec
[2026-07-03 07:15:03] Saved 4 rows to ucsd_occupancy_history.csv
[2026-07-03 07:15:03] Main Gym Fitness Gym: 0% (Closed) people=0 capacity=72 is_open=False hour_summary=closed
[2026-07-03 07:15:03] Outback Climbing Center: 27% (Closed) people=8 capacity=30 is_open=False hour_summary=closed
[2026-07-03 07:15:03] RIMAC Fitness Gym: 0% (Closed) people=1 capacity=150 is_open=False hour_summary=Closed until 8:00am
[2026-07-03 07:15:03] Triton Esports Center: 0% (Closed) people=0 capacity=35 is_open=False hour_summary=closed
[2026-07-03 07:15:03] === SCRAPE END OK ===
[2026-07-03 07:30:02] === SCRAPE START ===
[2026-07-03 07:30:02] Fetching https://waitz.io/live/ucsd-rec
[2026-07-03 07:30:04] Saved 4 rows to ucsd_occupancy_history.csv
[2026-07-03 07:30:04] Main Gym Fitness Gym: 0% (Closed) people=0 capacity=72 is_open=False hour_summary=closed
[2026-07-03 07:30:04] Outback Climbing Center: 20% (Closed) people=6 capacity=30 is_open=False hour_summary=closed
[2026-07-03 07:30:04] RIMAC Fitness Gym: 0% (Closed) people=0 capacity=150 is_open=False hour_summary=Closed until 8:00am
[2026-07-03 07:30:04] Triton Esports Center: 0% (Closed) people=0 capacity=35 is_open=False hour_summary=closed
[2026-07-03 07:30:04] === SCRAPE END OK ===
[2026-07-03 07:45:02] === SCRAPE START ===
[2026-07-03 07:45:02] Fetching https://waitz.io/live/ucsd-rec
[2026-07-03 07:45:03] Saved 4 rows to ucsd_occupancy_history.csv
[2026-07-03 07:45:03] Main Gym Fitness Gym: 1% (Closed) people=1 capacity=72 is_open=False hour_summary=closed
[2026-07-03 07:45:03] Outback Climbing Center: 22% (Closed) people=7 capacity=30 is_open=False hour_summary=closed
[2026-07-03 07:45:03] RIMAC Fitness Gym: 1% (Closed) people=1 capacity=150 is_open=False hour_summary=Closed until 8:00am
[2026-07-03 07:45:03] Triton Esports Center: 0% (Closed) people=0 capacity=35 is_open=False hour_summary=closed
[2026-07-03 07:45:03] === SCRAPE END OK ===
[2026-07-03 08:00:02] === SCRAPE START ===
[2026-07-03 08:00:02] Fetching https://waitz.io/live/ucsd-rec
[2026-07-03 08:00:33] Saved 4 rows to ucsd_occupancy_history.csv
[2026-07-03 08:00:33] Main Gym Fitness Gym: 5% (Closed) people=4 capacity=72 is_open=False hour_summary=closed
[2026-07-03 08:00:33] Outback Climbing Center: 18% (Closed) people=5 capacity=30 is_open=False hour_summary=closed
[2026-07-03 08:00:33] RIMAC Fitness Gym: 0% (Closed) people=1 capacity=150 is_open=False hour_summary=Closed until 8:00am
[2026-07-03 08:00:33] Triton Esports Center: 0% (Closed) people=0 capacity=35 is_open=False hour_summary=closed
[2026-07-03 08:00:33] === SCRAPE END OK ===
[2026-07-03 08:15:02] === SCRAPE START ===
[2026-07-03 08:15:02] Fetching https://waitz.io/live/ucsd-rec
[2026-07-03 08:15:16] Saved 4 rows to ucsd_occupancy_history.csv
[2026-07-03 08:15:16] Main Gym Fitness Gym: 1% (Closed) people=1 capacity=72 is_open=False hour_summary=closed
[2026-07-03 08:15:16] Outback Climbing Center: 18% (Closed) people=5 capacity=30 is_open=False hour_summary=closed
[2026-07-03 08:15:16] RIMAC Fitness Gym: 0% (Closed) people=1 capacity=150 is_open=False hour_summary=Closed until 8:00am
[2026-07-03 08:15:16] Triton Esports Center: 0% (Closed) people=0 capacity=35 is_open=False hour_summary=closed
[2026-07-03 08:15:16] === SCRAPE END OK ===
[2026-07-03 08:30:02] === SCRAPE START ===
[2026-07-03 08:30:02] Fetching https://waitz.io/live/ucsd-rec
[2026-07-03 08:30:12] Saved 4 rows to ucsd_occupancy_history.csv
[2026-07-03 08:30:12] Main Gym Fitness Gym: 4% (Closed) people=3 capacity=72 is_open=False hour_summary=closed
[2026-07-03 08:30:12] Outback Climbing Center: 18% (Closed) people=5 capacity=30 is_open=False hour_summary=closed
[2026-07-03 08:30:12] RIMAC Fitness Gym: 0% (Closed) people=1 capacity=150 is_open=False hour_summary=Closed until 8:00am
[2026-07-03 08:30:12] Triton Esports Center: 0% (Closed) people=0 capacity=35 is_open=False hour_summary=closed
[2026-07-03 08:30:12] === SCRAPE END OK ===
[2026-07-03 08:45:02] === SCRAPE START ===
[2026-07-03 08:45:02] Fetching https://waitz.io/live/ucsd-rec
[2026-07-03 08:45:03] Saved 4 rows to ucsd_occupancy_history.csv
[2026-07-03 08:45:03] Main Gym Fitness Gym: 1% (Closed) people=1 capacity=72 is_open=False hour_summary=closed
[2026-07-03 08:45:03] Outback Climbing Center: 24% (Closed) people=7 capacity=30 is_open=False hour_summary=closed
[2026-07-03 08:45:03] RIMAC Fitness Gym: 1% (Closed) people=1 capacity=150 is_open=False hour_summary=Closed until 8:00am
[2026-07-03 08:45:03] Triton Esports Center: 0% (Closed) people=0 capacity=35 is_open=False hour_summary=closed
[2026-07-03 08:45:03] === SCRAPE END OK ===
[2026-07-03 09:00:02] === SCRAPE START ===
[2026-07-03 09:00:02] Fetching https://waitz.io/live/ucsd-rec
[2026-07-03 09:00:05] Saved 4 rows to ucsd_occupancy_history.csv
[2026-07-03 09:00:05] Main Gym Fitness Gym: 1% (Closed) people=1 capacity=72 is_open=False hour_summary=closed
[2026-07-03 09:00:05] Outback Climbing Center: 22% (Closed) people=7 capacity=30 is_open=False hour_summary=closed
[2026-07-03 09:00:05] RIMAC Fitness Gym: 1% (Closed) people=1 capacity=150 is_open=False hour_summary=Closed until 8:00am
[2026-07-03 09:00:05] Triton Esports Center: 0% (Closed) people=0 capacity=35 is_open=False hour_summary=closed
[2026-07-03 09:00:05] === SCRAPE END OK ===
[2026-07-03 09:15:02] === SCRAPE START ===
[2026-07-03 09:15:02] Fetching https://waitz.io/live/ucsd-rec
[2026-07-03 09:15:03] Saved 4 rows to ucsd_occupancy_history.csv
[2026-07-03 09:15:03] Main Gym Fitness Gym: 1% (Closed) people=1 capacity=72 is_open=False hour_summary=closed
[2026-07-03 09:15:03] Outback Climbing Center: 30% (Closed) people=9 capacity=30 is_open=False hour_summary=closed
[2026-07-03 09:15:03] RIMAC Fitness Gym: 0% (Closed) people=1 capacity=150 is_open=False hour_summary=Closed until 8:00am
[2026-07-03 09:15:03] Triton Esports Center: 0% (Closed) people=0 capacity=35 is_open=False hour_summary=closed
[2026-07-03 09:15:03] === SCRAPE END OK ===
[2026-07-03 09:30:02] === SCRAPE START ===
[2026-07-03 09:30:02] Fetching https://waitz.io/live/ucsd-rec
[2026-07-03 09:30:04] Saved 4 rows to ucsd_occupancy_history.csv
[2026-07-03 09:30:04] Main Gym Fitness Gym: 0% (Closed) people=0 capacity=72 is_open=False hour_summary=closed
[2026-07-03 09:30:04] Outback Climbing Center: 27% (Closed) people=8 capacity=30 is_open=False hour_summary=closed
[2026-07-03 09:30:04] RIMAC Fitness Gym: 0% (Closed) people=1 capacity=150 is_open=False hour_summary=Closed until 8:00am
[2026-07-03 09:30:04] Triton Esports Center: 0% (Closed) people=0 capacity=35 is_open=False hour_summary=closed
[2026-07-03 09:30:04] === SCRAPE END OK ===
[2026-07-03 09:45:02] === SCRAPE START ===
[2026-07-03 09:45:02] Fetching https://waitz.io/live/ucsd-rec
[2026-07-03 09:45:03] Saved 4 rows to ucsd_occupancy_history.csv
[2026-07-03 09:45:03] Main Gym Fitness Gym: 0% (Closed) people=0 capacity=72 is_open=False hour_summary=closed
[2026-07-03 09:45:03] Outback Climbing Center: 21% (Closed) people=6 capacity=30 is_open=False hour_summary=closed
[2026-07-03 09:45:03] RIMAC Fitness Gym: 1% (Closed) people=1 capacity=150 is_open=False hour_summary=Closed until 8:00am
[2026-07-03 09:45:03] Triton Esports Center: 0% (Closed) people=0 capacity=35 is_open=False hour_summary=closed
[2026-07-03 09:45:03] === SCRAPE END OK ===
[2026-07-03 10:00:02] === SCRAPE START ===
[2026-07-03 10:00:02] Fetching https://waitz.io/live/ucsd-rec
[2026-07-03 10:00:05] Saved 4 rows to ucsd_occupancy_history.csv
[2026-07-03 10:00:05] Main Gym Fitness Gym: 2% (Closed) people=2 capacity=72 is_open=False hour_summary=closed
[2026-07-03 10:00:05] Outback Climbing Center: 24% (Closed) people=7 capacity=30 is_open=False hour_summary=closed
[2026-07-03 10:00:05] RIMAC Fitness Gym: 1% (Closed) people=1 capacity=150 is_open=False hour_summary=Closed until 8:00am
[2026-07-03 10:00:05] Triton Esports Center: 0% (Closed) people=0 capacity=35 is_open=False hour_summary=closed
[2026-07-03 10:00:05] === SCRAPE END OK ===
[2026-07-03 10:15:02] === SCRAPE START ===
[2026-07-03 10:15:02] Fetching https://waitz.io/live/ucsd-rec
[2026-07-03 10:15:03] Saved 4 rows to ucsd_occupancy_history.csv
[2026-07-03 10:15:03] Main Gym Fitness Gym: 1% (Closed) people=1 capacity=72 is_open=False hour_summary=closed
[2026-07-03 10:15:03] Outback Climbing Center: 19% (Closed) people=6 capacity=30 is_open=False hour_summary=closed
[2026-07-03 10:15:03] RIMAC Fitness Gym: 1% (Closed) people=1 capacity=150 is_open=False hour_summary=Closed until 8:00am
[2026-07-03 10:15:03] Triton Esports Center: 0% (Closed) people=0 capacity=35 is_open=False hour_summary=closed
[2026-07-03 10:15:03] === SCRAPE END OK ===
[2026-07-03 10:30:02] === SCRAPE START ===
[2026-07-03 10:30:02] Fetching https://waitz.io/live/ucsd-rec
[2026-07-03 10:30:04] Saved 4 rows to ucsd_occupancy_history.csv
[2026-07-03 10:30:04] Main Gym Fitness Gym: 9% (Closed) people=7 capacity=72 is_open=False hour_summary=closed
[2026-07-03 10:30:04] Outback Climbing Center: 19% (Closed) people=6 capacity=30 is_open=False hour_summary=closed
[2026-07-03 10:30:04] RIMAC Fitness Gym: 1% (Closed) people=1 capacity=150 is_open=False hour_summary=Closed until 8:00am
[2026-07-03 10:30:04] Triton Esports Center: 0% (Closed) people=0 capacity=35 is_open=False hour_summary=closed
[2026-07-03 10:30:04] === SCRAPE END OK ===
