[2026-05-05 00:00:01] === SCRAPE START ===
[2026-05-05 00:00:01] Fetching https://waitz.io/live/ucsd-rec
[2026-05-05 00:00:02] Saved 4 rows to ucsd_occupancy_history.csv
[2026-05-05 00:00:02] Main Gym Fitness Gym: 1% (Closed) people=1 capacity=72 is_open=False hour_summary=Closed until 6:00am
[2026-05-05 00:00:02] Outback Climbing Center: 3% (Closed) people=1 capacity=30 is_open=False hour_summary=Closed until 10:00am
[2026-05-05 00:00:02] RIMAC Fitness Gym: 0% (Closed) people=1 capacity=150 is_open=False hour_summary=Closed until 6:00am
[2026-05-05 00:00:02] Triton Esports Center: 0% (Closed) people=0 capacity=35 is_open=False hour_summary=Closed until 7:30am
[2026-05-05 00:00:02] === SCRAPE END OK ===
[2026-05-05 00:15:02] === SCRAPE START ===
[2026-05-05 00:15:02] Fetching https://waitz.io/live/ucsd-rec
[2026-05-05 00:15:03] Saved 4 rows to ucsd_occupancy_history.csv
[2026-05-05 00:15:03] Main Gym Fitness Gym: 1% (Closed) people=1 capacity=72 is_open=False hour_summary=Closed until 6:00am
[2026-05-05 00:15:03] Outback Climbing Center: 5% (Closed) people=1 capacity=30 is_open=False hour_summary=Closed until 10:00am
[2026-05-05 00:15:03] RIMAC Fitness Gym: 0% (Closed) people=0 capacity=150 is_open=False hour_summary=Closed until 6:00am
[2026-05-05 00:15:03] Triton Esports Center: 0% (Closed) people=0 capacity=35 is_open=False hour_summary=Closed until 7:30am
[2026-05-05 00:15:03] === SCRAPE END OK ===
[2026-05-05 00:30:02] === SCRAPE START ===
[2026-05-05 00:30:02] Fetching https://waitz.io/live/ucsd-rec
[2026-05-05 00:30:03] Saved 4 rows to ucsd_occupancy_history.csv
[2026-05-05 00:30:03] Main Gym Fitness Gym: 3% (Closed) people=2 capacity=72 is_open=False hour_summary=Closed until 6:00am
[2026-05-05 00:30:03] Outback Climbing Center: 2% (Closed) people=0 capacity=30 is_open=False hour_summary=Closed until 10:00am
[2026-05-05 00:30:03] RIMAC Fitness Gym: 0% (Closed) people=0 capacity=150 is_open=False hour_summary=Closed until 6:00am
[2026-05-05 00:30:03] Triton Esports Center: 0% (Closed) people=0 capacity=35 is_open=False hour_summary=Closed until 7:30am
[2026-05-05 00:30:03] === SCRAPE END OK ===
[2026-05-05 00:45:02] === SCRAPE START ===
[2026-05-05 00:45:02] Fetching https://waitz.io/live/ucsd-rec
[2026-05-05 00:45:03] Saved 4 rows to ucsd_occupancy_history.csv
[2026-05-05 00:45:03] Main Gym Fitness Gym: 2% (Closed) people=1 capacity=72 is_open=False hour_summary=Closed until 6:00am
[2026-05-05 00:45:03] Outback Climbing Center: 2% (Closed) people=0 capacity=30 is_open=False hour_summary=Closed until 10:00am
[2026-05-05 00:45:03] RIMAC Fitness Gym: 0% (Closed) people=0 capacity=150 is_open=False hour_summary=Closed until 6:00am
[2026-05-05 00:45:03] Triton Esports Center: 0% (Closed) people=0 capacity=35 is_open=False hour_summary=Closed until 7:30am
[2026-05-05 00:45:03] === SCRAPE END OK ===
[2026-05-05 01:00:02] === SCRAPE START ===
[2026-05-05 01:00:02] Fetching https://waitz.io/live/ucsd-rec
[2026-05-05 01:00:04] Saved 4 rows to ucsd_occupancy_history.csv
[2026-05-05 01:00:04] Main Gym Fitness Gym: 2% (Closed) people=1 capacity=72 is_open=False hour_summary=Closed until 6:00am
[2026-05-05 01:00:04] Outback Climbing Center: 1% (Closed) people=0 capacity=30 is_open=False hour_summary=Closed until 10:00am
[2026-05-05 01:00:04] RIMAC Fitness Gym: 0% (Closed) people=0 capacity=150 is_open=False hour_summary=Closed until 6:00am
[2026-05-05 01:00:04] Triton Esports Center: 0% (Closed) people=0 capacity=35 is_open=False hour_summary=Closed until 7:30am
[2026-05-05 01:00:04] === SCRAPE END OK ===
[2026-05-05 01:15:03] === SCRAPE START ===
[2026-05-05 01:15:03] Fetching https://waitz.io/live/ucsd-rec
[2026-05-05 01:15:03] Saved 4 rows to ucsd_occupancy_history.csv
[2026-05-05 01:15:03] Main Gym Fitness Gym: 2% (Closed) people=1 capacity=72 is_open=False hour_summary=Closed until 6:00am
[2026-05-05 01:15:03] Outback Climbing Center: 1% (Closed) people=0 capacity=30 is_open=False hour_summary=Closed until 10:00am
[2026-05-05 01:15:03] RIMAC Fitness Gym: 0% (Closed) people=0 capacity=150 is_open=False hour_summary=Closed until 6:00am
[2026-05-05 01:15:03] Triton Esports Center: 0% (Closed) people=0 capacity=35 is_open=False hour_summary=Closed until 7:30am
[2026-05-05 01:15:03] === SCRAPE END OK ===
[2026-05-05 01:30:02] === SCRAPE START ===
[2026-05-05 01:30:02] Fetching https://waitz.io/live/ucsd-rec
[2026-05-05 01:30:03] Saved 4 rows to ucsd_occupancy_history.csv
[2026-05-05 01:30:03] Main Gym Fitness Gym: 1% (Closed) people=1 capacity=72 is_open=False hour_summary=Closed until 6:00am
[2026-05-05 01:30:03] Outback Climbing Center: 1% (Closed) people=0 capacity=30 is_open=False hour_summary=Closed until 10:00am
[2026-05-05 01:30:03] RIMAC Fitness Gym: 0% (Closed) people=0 capacity=150 is_open=False hour_summary=Closed until 6:00am
[2026-05-05 01:30:03] Triton Esports Center: 0% (Closed) people=0 capacity=35 is_open=False hour_summary=Closed until 7:30am
[2026-05-05 01:30:03] === SCRAPE END OK ===
[2026-05-05 01:45:02] === SCRAPE START ===
[2026-05-05 01:45:02] Fetching https://waitz.io/live/ucsd-rec
[2026-05-05 01:45:03] Saved 4 rows to ucsd_occupancy_history.csv
[2026-05-05 01:45:03] Main Gym Fitness Gym: 1% (Closed) people=1 capacity=72 is_open=False hour_summary=Closed until 6:00am
[2026-05-05 01:45:03] Outback Climbing Center: 1% (Closed) people=0 capacity=30 is_open=False hour_summary=Closed until 10:00am
[2026-05-05 01:45:03] RIMAC Fitness Gym: 0% (Closed) people=0 capacity=150 is_open=False hour_summary=Closed until 6:00am
[2026-05-05 01:45:03] Triton Esports Center: 0% (Closed) people=0 capacity=35 is_open=False hour_summary=Closed until 7:30am
[2026-05-05 01:45:03] === SCRAPE END OK ===
[2026-05-05 02:00:02] === SCRAPE START ===
[2026-05-05 02:00:02] Fetching https://waitz.io/live/ucsd-rec
[2026-05-05 02:00:03] Saved 4 rows to ucsd_occupancy_history.csv
[2026-05-05 02:00:03] Main Gym Fitness Gym: 1% (Closed) people=1 capacity=72 is_open=False hour_summary=Closed until 6:00am
[2026-05-05 02:00:03] Outback Climbing Center: 1% (Closed) people=0 capacity=30 is_open=False hour_summary=Closed until 10:00am
[2026-05-05 02:00:03] RIMAC Fitness Gym: 0% (Closed) people=0 capacity=150 is_open=False hour_summary=Closed until 6:00am
[2026-05-05 02:00:03] Triton Esports Center: 0% (Closed) people=0 capacity=35 is_open=False hour_summary=Closed until 7:30am
[2026-05-05 02:00:03] === SCRAPE END OK ===
[2026-05-05 02:15:02] === SCRAPE START ===
[2026-05-05 02:15:02] Fetching https://waitz.io/live/ucsd-rec
[2026-05-05 02:15:03] Saved 4 rows to ucsd_occupancy_history.csv
[2026-05-05 02:15:03] Main Gym Fitness Gym: 8% (Closed) people=5 capacity=72 is_open=False hour_summary=Closed until 6:00am
[2026-05-05 02:15:03] Outback Climbing Center: 4% (Closed) people=1 capacity=30 is_open=False hour_summary=Closed until 10:00am
[2026-05-05 02:15:03] RIMAC Fitness Gym: 0% (Closed) people=0 capacity=150 is_open=False hour_summary=Closed until 6:00am
[2026-05-05 02:15:03] Triton Esports Center: 0% (Closed) people=0 capacity=35 is_open=False hour_summary=Closed until 7:30am
[2026-05-05 02:15:03] === SCRAPE END OK ===
[2026-05-05 02:30:02] === SCRAPE START ===
[2026-05-05 02:30:02] Fetching https://waitz.io/live/ucsd-rec
[2026-05-05 02:30:03] Saved 4 rows to ucsd_occupancy_history.csv
[2026-05-05 02:30:03] Main Gym Fitness Gym: 4% (Closed) people=3 capacity=72 is_open=False hour_summary=Closed until 6:00am
[2026-05-05 02:30:03] Outback Climbing Center: 1% (Closed) people=0 capacity=30 is_open=False hour_summary=Closed until 10:00am
[2026-05-05 02:30:03] RIMAC Fitness Gym: 0% (Closed) people=0 capacity=150 is_open=False hour_summary=Closed until 6:00am
[2026-05-05 02:30:03] Triton Esports Center: 0% (Closed) people=0 capacity=35 is_open=False hour_summary=Closed until 7:30am
[2026-05-05 02:30:03] === SCRAPE END OK ===
[2026-05-05 02:45:03] === SCRAPE START ===
[2026-05-05 02:45:03] Fetching https://waitz.io/live/ucsd-rec
[2026-05-05 02:45:04] Saved 4 rows to ucsd_occupancy_history.csv
[2026-05-05 02:45:04] Main Gym Fitness Gym: 2% (Closed) people=1 capacity=72 is_open=False hour_summary=Closed until 6:00am
[2026-05-05 02:45:04] Outback Climbing Center: 1% (Closed) people=0 capacity=30 is_open=False hour_summary=Closed until 10:00am
[2026-05-05 02:45:04] RIMAC Fitness Gym: 0% (Closed) people=0 capacity=150 is_open=False hour_summary=Closed until 6:00am
[2026-05-05 02:45:04] Triton Esports Center: 0% (Closed) people=0 capacity=35 is_open=False hour_summary=Closed until 7:30am
[2026-05-05 02:45:04] === SCRAPE END OK ===
[2026-05-05 03:00:02] === SCRAPE START ===
[2026-05-05 03:00:02] Fetching https://waitz.io/live/ucsd-rec
[2026-05-05 03:00:04] Saved 4 rows to ucsd_occupancy_history.csv
[2026-05-05 03:00:04] Main Gym Fitness Gym: 1% (Closed) people=1 capacity=72 is_open=False hour_summary=Closed until 6:00am
[2026-05-05 03:00:04] Outback Climbing Center: 1% (Closed) people=0 capacity=30 is_open=False hour_summary=Closed until 10:00am
[2026-05-05 03:00:04] RIMAC Fitness Gym: 0% (Closed) people=1 capacity=150 is_open=False hour_summary=Closed until 6:00am
[2026-05-05 03:00:04] Triton Esports Center: 0% (Closed) people=0 capacity=35 is_open=False hour_summary=Closed until 7:30am
[2026-05-05 03:00:04] === SCRAPE END OK ===
[2026-05-05 03:15:02] === SCRAPE START ===
[2026-05-05 03:15:02] Fetching https://waitz.io/live/ucsd-rec
[2026-05-05 03:15:03] Saved 4 rows to ucsd_occupancy_history.csv
[2026-05-05 03:15:03] Main Gym Fitness Gym: 2% (Closed) people=1 capacity=72 is_open=False hour_summary=Closed until 6:00am
[2026-05-05 03:15:03] Outback Climbing Center: 2% (Closed) people=1 capacity=30 is_open=False hour_summary=Closed until 10:00am
[2026-05-05 03:15:03] RIMAC Fitness Gym: 0% (Closed) people=0 capacity=150 is_open=False hour_summary=Closed until 6:00am
[2026-05-05 03:15:03] Triton Esports Center: 0% (Closed) people=0 capacity=35 is_open=False hour_summary=Closed until 7:30am
[2026-05-05 03:15:03] === SCRAPE END OK ===
[2026-05-05 03:30:02] === SCRAPE START ===
[2026-05-05 03:30:02] Fetching https://waitz.io/live/ucsd-rec
[2026-05-05 03:30:03] Saved 4 rows to ucsd_occupancy_history.csv
[2026-05-05 03:30:03] Main Gym Fitness Gym: 2% (Closed) people=1 capacity=72 is_open=False hour_summary=Closed until 6:00am
[2026-05-05 03:30:03] Outback Climbing Center: 1% (Closed) people=0 capacity=30 is_open=False hour_summary=Closed until 10:00am
[2026-05-05 03:30:03] RIMAC Fitness Gym: 0% (Closed) people=0 capacity=150 is_open=False hour_summary=Closed until 6:00am
[2026-05-05 03:30:03] Triton Esports Center: 0% (Closed) people=0 capacity=35 is_open=False hour_summary=Closed until 7:30am
[2026-05-05 03:30:03] === SCRAPE END OK ===
[2026-05-05 03:45:02] === SCRAPE START ===
[2026-05-05 03:45:02] Fetching https://waitz.io/live/ucsd-rec
[2026-05-05 03:45:03] Saved 4 rows to ucsd_occupancy_history.csv
[2026-05-05 03:45:03] Main Gym Fitness Gym: 2% (Closed) people=1 capacity=72 is_open=False hour_summary=Closed until 6:00am
[2026-05-05 03:45:03] Outback Climbing Center: 1% (Closed) people=0 capacity=30 is_open=False hour_summary=Closed until 10:00am
[2026-05-05 03:45:03] RIMAC Fitness Gym: 0% (Closed) people=0 capacity=150 is_open=False hour_summary=Closed until 6:00am
[2026-05-05 03:45:03] Triton Esports Center: 0% (Closed) people=0 capacity=35 is_open=False hour_summary=Closed until 7:30am
[2026-05-05 03:45:03] === SCRAPE END OK ===
[2026-05-05 04:00:02] === SCRAPE START ===
[2026-05-05 04:00:02] Fetching https://waitz.io/live/ucsd-rec
[2026-05-05 04:00:04] Saved 4 rows to ucsd_occupancy_history.csv
[2026-05-05 04:00:04] Main Gym Fitness Gym: 2% (Closed) people=2 capacity=72 is_open=False hour_summary=Closed until 6:00am
[2026-05-05 04:00:04] Outback Climbing Center: 1% (Closed) people=0 capacity=30 is_open=False hour_summary=Closed until 10:00am
[2026-05-05 04:00:04] RIMAC Fitness Gym: 0% (Closed) people=0 capacity=150 is_open=False hour_summary=Closed until 6:00am
[2026-05-05 04:00:04] Triton Esports Center: 0% (Closed) people=0 capacity=35 is_open=False hour_summary=Closed until 7:30am
[2026-05-05 04:00:04] === SCRAPE END OK ===
[2026-05-05 04:15:02] === SCRAPE START ===
[2026-05-05 04:15:02] Fetching https://waitz.io/live/ucsd-rec
[2026-05-05 04:15:03] Saved 4 rows to ucsd_occupancy_history.csv
[2026-05-05 04:15:03] Main Gym Fitness Gym: 1% (Closed) people=1 capacity=72 is_open=False hour_summary=Closed until 6:00am
[2026-05-05 04:15:03] Outback Climbing Center: 2% (Closed) people=1 capacity=30 is_open=False hour_summary=Closed until 10:00am
[2026-05-05 04:15:03] RIMAC Fitness Gym: 0% (Closed) people=0 capacity=150 is_open=False hour_summary=Closed until 6:00am
[2026-05-05 04:15:03] Triton Esports Center: 0% (Closed) people=0 capacity=35 is_open=False hour_summary=Closed until 7:30am
[2026-05-05 04:15:03] === SCRAPE END OK ===
[2026-05-05 04:30:02] === SCRAPE START ===
[2026-05-05 04:30:02] Fetching https://waitz.io/live/ucsd-rec
[2026-05-05 04:30:03] Saved 4 rows to ucsd_occupancy_history.csv
[2026-05-05 04:30:03] Main Gym Fitness Gym: 1% (Closed) people=1 capacity=72 is_open=False hour_summary=Closed until 6:00am
[2026-05-05 04:30:03] Outback Climbing Center: 0% (Closed) people=0 capacity=30 is_open=False hour_summary=Closed until 10:00am
[2026-05-05 04:30:03] RIMAC Fitness Gym: 0% (Closed) people=0 capacity=150 is_open=False hour_summary=Closed until 6:00am
[2026-05-05 04:30:03] Triton Esports Center: 0% (Closed) people=0 capacity=35 is_open=False hour_summary=Closed until 7:30am
[2026-05-05 04:30:03] === SCRAPE END OK ===
[2026-05-05 04:45:02] === SCRAPE START ===
[2026-05-05 04:45:02] Fetching https://waitz.io/live/ucsd-rec
[2026-05-05 04:45:03] Saved 4 rows to ucsd_occupancy_history.csv
[2026-05-05 04:45:03] Main Gym Fitness Gym: 2% (Closed) people=1 capacity=72 is_open=False hour_summary=Closed until 6:00am
[2026-05-05 04:45:03] Outback Climbing Center: 0% (Closed) people=0 capacity=30 is_open=False hour_summary=Closed until 10:00am
[2026-05-05 04:45:03] RIMAC Fitness Gym: 0% (Closed) people=0 capacity=150 is_open=False hour_summary=Closed until 6:00am
[2026-05-05 04:45:03] Triton Esports Center: 0% (Closed) people=0 capacity=35 is_open=False hour_summary=Closed until 7:30am
[2026-05-05 04:45:03] === SCRAPE END OK ===
[2026-05-05 05:00:02] === SCRAPE START ===
[2026-05-05 05:00:02] Fetching https://waitz.io/live/ucsd-rec
[2026-05-05 05:00:04] Saved 4 rows to ucsd_occupancy_history.csv
[2026-05-05 05:00:04] Main Gym Fitness Gym: 9% (Closed) people=6 capacity=72 is_open=False hour_summary=Closed until 6:00am
[2026-05-05 05:00:04] Outback Climbing Center: 3% (Closed) people=1 capacity=30 is_open=False hour_summary=Closed until 10:00am
[2026-05-05 05:00:04] RIMAC Fitness Gym: 0% (Closed) people=0 capacity=150 is_open=False hour_summary=Closed until 6:00am
[2026-05-05 05:00:04] Triton Esports Center: 0% (Closed) people=0 capacity=35 is_open=False hour_summary=Closed until 7:30am
[2026-05-05 05:00:04] === SCRAPE END OK ===
[2026-05-05 05:15:02] === SCRAPE START ===
[2026-05-05 05:15:02] Fetching https://waitz.io/live/ucsd-rec
[2026-05-05 05:15:03] Saved 4 rows to ucsd_occupancy_history.csv
[2026-05-05 05:15:03] Main Gym Fitness Gym: 1% (Closed) people=1 capacity=72 is_open=False hour_summary=Closed until 6:00am
[2026-05-05 05:15:03] Outback Climbing Center: 2% (Closed) people=1 capacity=30 is_open=False hour_summary=Closed until 10:00am
[2026-05-05 05:15:03] RIMAC Fitness Gym: 0% (Closed) people=0 capacity=150 is_open=False hour_summary=Closed until 6:00am
[2026-05-05 05:15:03] Triton Esports Center: 0% (Closed) people=0 capacity=35 is_open=False hour_summary=Closed until 7:30am
[2026-05-05 05:15:03] === SCRAPE END OK ===
[2026-05-05 05:30:02] === SCRAPE START ===
[2026-05-05 05:30:02] Fetching https://waitz.io/live/ucsd-rec
[2026-05-05 05:30:03] Saved 4 rows to ucsd_occupancy_history.csv
[2026-05-05 05:30:03] Main Gym Fitness Gym: 3% (Closed) people=2 capacity=72 is_open=False hour_summary=Closed until 6:00am
[2026-05-05 05:30:03] Outback Climbing Center: 3% (Closed) people=1 capacity=30 is_open=False hour_summary=Closed until 10:00am
[2026-05-05 05:30:03] RIMAC Fitness Gym: 0% (Closed) people=1 capacity=150 is_open=False hour_summary=Closed until 6:00am
[2026-05-05 05:30:03] Triton Esports Center: 0% (Closed) people=0 capacity=35 is_open=False hour_summary=Closed until 7:30am
[2026-05-05 05:30:03] === SCRAPE END OK ===
[2026-05-05 05:45:02] === SCRAPE START ===
[2026-05-05 05:45:02] Fetching https://waitz.io/live/ucsd-rec
[2026-05-05 05:45:03] Saved 4 rows to ucsd_occupancy_history.csv
[2026-05-05 05:45:03] Main Gym Fitness Gym: 3% (Closed) people=2 capacity=72 is_open=False hour_summary=Closed until 6:00am
[2026-05-05 05:45:03] Outback Climbing Center: 1% (Closed) people=0 capacity=30 is_open=False hour_summary=Closed until 10:00am
[2026-05-05 05:45:03] RIMAC Fitness Gym: 0% (Closed) people=0 capacity=150 is_open=False hour_summary=Closed until 6:00am
[2026-05-05 05:45:03] Triton Esports Center: 0% (Closed) people=0 capacity=35 is_open=False hour_summary=Closed until 7:30am
[2026-05-05 05:45:03] === SCRAPE END OK ===
[2026-05-05 06:00:02] === SCRAPE START ===
[2026-05-05 06:00:02] Fetching https://waitz.io/live/ucsd-rec
[2026-05-05 06:00:03] Saved 4 rows to ucsd_occupancy_history.csv
[2026-05-05 06:00:03] Main Gym Fitness Gym: 1% (Not Busy) people=1 capacity=72 is_open=True hour_summary=open
[2026-05-05 06:00:03] Outback Climbing Center: 9% (Closed) people=3 capacity=30 is_open=False hour_summary=Closed until 10:00am
[2026-05-05 06:00:03] RIMAC Fitness Gym: 0% (Not Busy) people=0 capacity=150 is_open=True hour_summary=open
[2026-05-05 06:00:03] Triton Esports Center: 0% (Closed) people=0 capacity=35 is_open=False hour_summary=Closed until 7:30am
[2026-05-05 06:00:03] === SCRAPE END OK ===
[2026-05-05 06:15:02] === SCRAPE START ===
[2026-05-05 06:15:02] Fetching https://waitz.io/live/ucsd-rec
[2026-05-05 06:15:03] Saved 4 rows to ucsd_occupancy_history.csv
[2026-05-05 06:15:03] Main Gym Fitness Gym: 6% (Not Busy) people=4 capacity=72 is_open=True hour_summary=open
[2026-05-05 06:15:03] Outback Climbing Center: 3% (Closed) people=1 capacity=30 is_open=False hour_summary=Closed until 10:00am
[2026-05-05 06:15:03] RIMAC Fitness Gym: 12% (Not Busy) people=18 capacity=150 is_open=True hour_summary=open
[2026-05-05 06:15:03] Triton Esports Center: 0% (Closed) people=0 capacity=35 is_open=False hour_summary=Closed until 7:30am
[2026-05-05 06:15:03] === SCRAPE END OK ===
[2026-05-05 06:30:02] === SCRAPE START ===
[2026-05-05 06:30:02] Fetching https://waitz.io/live/ucsd-rec
[2026-05-05 06:30:03] Saved 4 rows to ucsd_occupancy_history.csv
[2026-05-05 06:30:03] Main Gym Fitness Gym: 15% (Not Busy) people=11 capacity=72 is_open=True hour_summary=open
[2026-05-05 06:30:03] Outback Climbing Center: 3% (Closed) people=1 capacity=30 is_open=False hour_summary=Closed until 10:00am
[2026-05-05 06:30:03] RIMAC Fitness Gym: 24% (Not Busy) people=36 capacity=150 is_open=True hour_summary=open
[2026-05-05 06:30:03] Triton Esports Center: 0% (Closed) people=0 capacity=35 is_open=False hour_summary=Closed until 7:30am
[2026-05-05 06:30:03] === SCRAPE END OK ===
[2026-05-05 06:45:02] === SCRAPE START ===
[2026-05-05 06:45:02] Fetching https://waitz.io/live/ucsd-rec
[2026-05-05 06:45:03] Saved 4 rows to ucsd_occupancy_history.csv
[2026-05-05 06:45:03] Main Gym Fitness Gym: 15% (Not Busy) people=11 capacity=72 is_open=True hour_summary=open
[2026-05-05 06:45:03] Outback Climbing Center: 0% (Closed) people=0 capacity=30 is_open=False hour_summary=Closed until 10:00am
[2026-05-05 06:45:03] RIMAC Fitness Gym: 22% (Not Busy) people=33 capacity=150 is_open=True hour_summary=open
[2026-05-05 06:45:03] Triton Esports Center: 0% (Closed) people=0 capacity=35 is_open=False hour_summary=Closed until 7:30am
[2026-05-05 06:45:03] === SCRAPE END OK ===
[2026-05-05 07:00:02] === SCRAPE START ===
[2026-05-05 07:00:02] Fetching https://waitz.io/live/ucsd-rec
[2026-05-05 07:00:03] Saved 4 rows to ucsd_occupancy_history.csv
[2026-05-05 07:00:03] Main Gym Fitness Gym: 18% (Not Busy) people=13 capacity=72 is_open=True hour_summary=open
[2026-05-05 07:00:03] Outback Climbing Center: 0% (Closed) people=0 capacity=30 is_open=False hour_summary=Closed until 10:00am
[2026-05-05 07:00:03] RIMAC Fitness Gym: 24% (Not Busy) people=36 capacity=150 is_open=True hour_summary=open
[2026-05-05 07:00:03] Triton Esports Center: 0% (Closed) people=0 capacity=35 is_open=False hour_summary=Closed until 7:30am
[2026-05-05 07:00:03] === SCRAPE END OK ===
[2026-05-05 07:15:02] === SCRAPE START ===
[2026-05-05 07:15:02] Fetching https://waitz.io/live/ucsd-rec
[2026-05-05 07:15:03] Saved 4 rows to ucsd_occupancy_history.csv
[2026-05-05 07:15:03] Main Gym Fitness Gym: 28% (Not Busy) people=20 capacity=72 is_open=True hour_summary=open
[2026-05-05 07:15:03] Outback Climbing Center: 3% (Closed) people=1 capacity=30 is_open=False hour_summary=Closed until 10:00am
[2026-05-05 07:15:03] RIMAC Fitness Gym: 21% (Not Busy) people=32 capacity=150 is_open=True hour_summary=open
[2026-05-05 07:15:03] Triton Esports Center: 0% (Closed) people=0 capacity=35 is_open=False hour_summary=Closed until 7:30am
[2026-05-05 07:15:03] === SCRAPE END OK ===
[2026-05-05 07:30:02] === SCRAPE START ===
[2026-05-05 07:30:02] Fetching https://waitz.io/live/ucsd-rec
[2026-05-05 07:30:04] Saved 4 rows to ucsd_occupancy_history.csv
[2026-05-05 07:30:04] Main Gym Fitness Gym: 2% (Not Busy) people=2 capacity=72 is_open=True hour_summary=open
[2026-05-05 07:30:04] Outback Climbing Center: 4% (Closed) people=1 capacity=30 is_open=False hour_summary=Closed until 10:00am
[2026-05-05 07:30:04] RIMAC Fitness Gym: 22% (Not Busy) people=33 capacity=150 is_open=True hour_summary=open
[2026-05-05 07:30:04] Triton Esports Center: 0% (Not Busy) people=0 capacity=35 is_open=True hour_summary=open
[2026-05-05 07:30:04] === SCRAPE END OK ===
[2026-05-05 07:45:02] === SCRAPE START ===
[2026-05-05 07:45:02] Fetching https://waitz.io/live/ucsd-rec
[2026-05-05 07:45:03] Saved 4 rows to ucsd_occupancy_history.csv
[2026-05-05 07:45:03] Main Gym Fitness Gym: 5% (Not Busy) people=3 capacity=72 is_open=True hour_summary=open
[2026-05-05 07:45:03] Outback Climbing Center: 1% (Closed) people=0 capacity=30 is_open=False hour_summary=Closed until 10:00am
[2026-05-05 07:45:03] RIMAC Fitness Gym: 24% (Not Busy) people=37 capacity=150 is_open=True hour_summary=open
[2026-05-05 07:45:03] Triton Esports Center: 0% (Not Busy) people=0 capacity=35 is_open=True hour_summary=open
[2026-05-05 07:45:03] === SCRAPE END OK ===
[2026-05-05 08:00:02] === SCRAPE START ===
[2026-05-05 08:00:02] Fetching https://waitz.io/live/ucsd-rec
[2026-05-05 08:00:03] Saved 4 rows to ucsd_occupancy_history.csv
[2026-05-05 08:00:03] Main Gym Fitness Gym: 13% (Not Busy) people=9 capacity=72 is_open=True hour_summary=open
[2026-05-05 08:00:03] Outback Climbing Center: 2% (Closed) people=1 capacity=30 is_open=False hour_summary=Closed until 10:00am
[2026-05-05 08:00:03] RIMAC Fitness Gym: 25% (Not Busy) people=38 capacity=150 is_open=True hour_summary=open
[2026-05-05 08:00:03] Triton Esports Center: 1% (Not Busy) people=0 capacity=35 is_open=True hour_summary=open
[2026-05-05 08:00:03] === SCRAPE END OK ===
[2026-05-05 08:15:02] === SCRAPE START ===
[2026-05-05 08:15:02] Fetching https://waitz.io/live/ucsd-rec
[2026-05-05 08:15:03] Saved 4 rows to ucsd_occupancy_history.csv
[2026-05-05 08:15:03] Main Gym Fitness Gym: 7% (Not Busy) people=5 capacity=72 is_open=True hour_summary=open
[2026-05-05 08:15:03] Outback Climbing Center: 1% (Closed) people=0 capacity=30 is_open=False hour_summary=Closed until 10:00am
[2026-05-05 08:15:03] RIMAC Fitness Gym: 28% (Not Busy) people=42 capacity=150 is_open=True hour_summary=open
[2026-05-05 08:15:03] Triton Esports Center: 3% (Not Busy) people=1 capacity=35 is_open=True hour_summary=open
[2026-05-05 08:15:03] === SCRAPE END OK ===
[2026-05-05 08:30:02] === SCRAPE START ===
[2026-05-05 08:30:02] Fetching https://waitz.io/live/ucsd-rec
[2026-05-05 08:30:03] Saved 4 rows to ucsd_occupancy_history.csv
[2026-05-05 08:30:03] Main Gym Fitness Gym: 40% (Not Busy) people=29 capacity=72 is_open=True hour_summary=open
[2026-05-05 08:30:03] Outback Climbing Center: 3% (Closed) people=1 capacity=30 is_open=False hour_summary=Closed until 10:00am
[2026-05-05 08:30:03] RIMAC Fitness Gym: 39% (Not Busy) people=59 capacity=150 is_open=True hour_summary=open
[2026-05-05 08:30:03] Triton Esports Center: 12% (Not Busy) people=4 capacity=35 is_open=True hour_summary=open
[2026-05-05 08:30:03] === SCRAPE END OK ===
