[2026-06-17 00:00:01] === SCRAPE START ===
[2026-06-17 00:00:01] Fetching https://waitz.io/live/ucsd-rec
[2026-06-17 00:00:02] Saved 4 rows to ucsd_occupancy_history.csv
[2026-06-17 00:00:02] Main Gym Fitness Gym: 2% (Closed) people=1 capacity=72 is_open=False hour_summary=closed
[2026-06-17 00:00:02] Outback Climbing Center: 2% (Closed) people=0 capacity=30 is_open=False hour_summary=closed
[2026-06-17 00:00:02] RIMAC Fitness Gym: 0% (Closed) people=1 capacity=150 is_open=False hour_summary=Closed until 6:00am
[2026-06-17 00:00:02] Triton Esports Center: 0% (Closed) people=0 capacity=35 is_open=False hour_summary=closed
[2026-06-17 00:00:02] === SCRAPE END OK ===
[2026-06-17 00:12:54] === SCRAPE START ===
[2026-06-17 00:12:54] Fetching https://waitz.io/live/ucsd-rec
[2026-06-17 00:12:55] Saved 4 rows to ucsd_occupancy_history.csv
[2026-06-17 00:12:55] Main Gym Fitness Gym: 1% (Closed) people=1 capacity=72 is_open=False hour_summary=closed
[2026-06-17 00:12:55] Outback Climbing Center: 2% (Closed) people=1 capacity=30 is_open=False hour_summary=closed
[2026-06-17 00:12:55] RIMAC Fitness Gym: 1% (Closed) people=1 capacity=150 is_open=False hour_summary=Closed until 6:00am
[2026-06-17 00:12:55] Triton Esports Center: 0% (Closed) people=0 capacity=35 is_open=False hour_summary=closed
[2026-06-17 00:12:55] === SCRAPE END OK ===
[2026-06-17 00:15:02] === SCRAPE START ===
[2026-06-17 00:15:02] Fetching https://waitz.io/live/ucsd-rec
[2026-06-17 00:15:03] Saved 4 rows to ucsd_occupancy_history.csv
[2026-06-17 00:15:03] Main Gym Fitness Gym: 1% (Closed) people=1 capacity=72 is_open=False hour_summary=closed
[2026-06-17 00:15:03] Outback Climbing Center: 2% (Closed) people=0 capacity=30 is_open=False hour_summary=closed
[2026-06-17 00:15:03] RIMAC Fitness Gym: 1% (Closed) people=1 capacity=150 is_open=False hour_summary=Closed until 6:00am
[2026-06-17 00:15:03] Triton Esports Center: 0% (Closed) people=0 capacity=35 is_open=False hour_summary=closed
[2026-06-17 00:15:03] === SCRAPE END OK ===
[2026-06-17 00:27:54] === SCRAPE START ===
[2026-06-17 00:27:54] Fetching https://waitz.io/live/ucsd-rec
[2026-06-17 00:27:55] Saved 4 rows to ucsd_occupancy_history.csv
[2026-06-17 00:27:55] Main Gym Fitness Gym: 1% (Closed) people=1 capacity=72 is_open=False hour_summary=closed
[2026-06-17 00:27:55] Outback Climbing Center: 1% (Closed) people=0 capacity=30 is_open=False hour_summary=closed
[2026-06-17 00:27:55] RIMAC Fitness Gym: 1% (Closed) people=1 capacity=150 is_open=False hour_summary=Closed until 6:00am
[2026-06-17 00:27:55] Triton Esports Center: 0% (Closed) people=0 capacity=35 is_open=False hour_summary=closed
[2026-06-17 00:27:55] === SCRAPE END OK ===
[2026-06-17 00:30:02] === SCRAPE START ===
[2026-06-17 00:30:02] Fetching https://waitz.io/live/ucsd-rec
[2026-06-17 00:30:03] Saved 4 rows to ucsd_occupancy_history.csv
[2026-06-17 00:30:03] Main Gym Fitness Gym: 1% (Closed) people=1 capacity=72 is_open=False hour_summary=closed
[2026-06-17 00:30:03] Outback Climbing Center: 1% (Closed) people=0 capacity=30 is_open=False hour_summary=closed
[2026-06-17 00:30:03] RIMAC Fitness Gym: 1% (Closed) people=1 capacity=150 is_open=False hour_summary=Closed until 6:00am
[2026-06-17 00:30:03] Triton Esports Center: 0% (Closed) people=0 capacity=35 is_open=False hour_summary=closed
[2026-06-17 00:30:03] === SCRAPE END OK ===
[2026-06-17 00:42:54] === SCRAPE START ===
[2026-06-17 00:42:54] Fetching https://waitz.io/live/ucsd-rec
[2026-06-17 00:42:55] Saved 4 rows to ucsd_occupancy_history.csv
[2026-06-17 00:42:55] Main Gym Fitness Gym: 2% (Closed) people=2 capacity=72 is_open=False hour_summary=closed
[2026-06-17 00:42:55] Outback Climbing Center: 1% (Closed) people=0 capacity=30 is_open=False hour_summary=closed
[2026-06-17 00:42:55] RIMAC Fitness Gym: 1% (Closed) people=1 capacity=150 is_open=False hour_summary=Closed until 6:00am
[2026-06-17 00:42:55] Triton Esports Center: 0% (Closed) people=0 capacity=35 is_open=False hour_summary=closed
[2026-06-17 00:42:55] === SCRAPE END OK ===
[2026-06-17 00:45:02] === SCRAPE START ===
[2026-06-17 00:45:02] Fetching https://waitz.io/live/ucsd-rec
[2026-06-17 00:45:03] Saved 4 rows to ucsd_occupancy_history.csv
[2026-06-17 00:45:03] Main Gym Fitness Gym: 3% (Closed) people=2 capacity=72 is_open=False hour_summary=closed
[2026-06-17 00:45:03] Outback Climbing Center: 2% (Closed) people=0 capacity=30 is_open=False hour_summary=closed
[2026-06-17 00:45:03] RIMAC Fitness Gym: 1% (Closed) people=1 capacity=150 is_open=False hour_summary=Closed until 6:00am
[2026-06-17 00:45:03] Triton Esports Center: 0% (Closed) people=0 capacity=35 is_open=False hour_summary=closed
[2026-06-17 00:45:03] === SCRAPE END OK ===
[2026-06-17 00:57:54] === SCRAPE START ===
[2026-06-17 00:57:54] Fetching https://waitz.io/live/ucsd-rec
[2026-06-17 00:57:54] Saved 4 rows to ucsd_occupancy_history.csv
[2026-06-17 00:57:54] Main Gym Fitness Gym: 1% (Closed) people=1 capacity=72 is_open=False hour_summary=closed
[2026-06-17 00:57:54] Outback Climbing Center: 1% (Closed) people=0 capacity=30 is_open=False hour_summary=closed
[2026-06-17 00:57:54] RIMAC Fitness Gym: 0% (Closed) people=1 capacity=150 is_open=False hour_summary=Closed until 6:00am
[2026-06-17 00:57:54] Triton Esports Center: 0% (Closed) people=0 capacity=35 is_open=False hour_summary=closed
[2026-06-17 00:57:54] === SCRAPE END OK ===
[2026-06-17 01:00:02] === SCRAPE START ===
[2026-06-17 01:00:02] Fetching https://waitz.io/live/ucsd-rec
[2026-06-17 01:00:03] Saved 4 rows to ucsd_occupancy_history.csv
[2026-06-17 01:00:03] Main Gym Fitness Gym: 1% (Closed) people=1 capacity=72 is_open=False hour_summary=closed
[2026-06-17 01:00:03] Outback Climbing Center: 1% (Closed) people=0 capacity=30 is_open=False hour_summary=closed
[2026-06-17 01:00:03] RIMAC Fitness Gym: 0% (Closed) people=1 capacity=150 is_open=False hour_summary=Closed until 6:00am
[2026-06-17 01:00:03] Triton Esports Center: 0% (Closed) people=0 capacity=35 is_open=False hour_summary=closed
[2026-06-17 01:00:03] === SCRAPE END OK ===
[2026-06-17 01:12:54] === SCRAPE START ===
[2026-06-17 01:12:54] Fetching https://waitz.io/live/ucsd-rec
[2026-06-17 01:12:55] Saved 4 rows to ucsd_occupancy_history.csv
[2026-06-17 01:12:55] Main Gym Fitness Gym: 1% (Closed) people=1 capacity=72 is_open=False hour_summary=closed
[2026-06-17 01:12:55] Outback Climbing Center: 1% (Closed) people=0 capacity=30 is_open=False hour_summary=closed
[2026-06-17 01:12:55] RIMAC Fitness Gym: 1% (Closed) people=1 capacity=150 is_open=False hour_summary=Closed until 6:00am
[2026-06-17 01:12:55] Triton Esports Center: 0% (Closed) people=0 capacity=35 is_open=False hour_summary=closed
[2026-06-17 01:12:55] === SCRAPE END OK ===
[2026-06-17 01:15:02] === SCRAPE START ===
[2026-06-17 01:15:02] Fetching https://waitz.io/live/ucsd-rec
[2026-06-17 01:15:03] Saved 4 rows to ucsd_occupancy_history.csv
[2026-06-17 01:15:03] Main Gym Fitness Gym: 1% (Closed) people=1 capacity=72 is_open=False hour_summary=closed
[2026-06-17 01:15:03] Outback Climbing Center: 1% (Closed) people=0 capacity=30 is_open=False hour_summary=closed
[2026-06-17 01:15:03] RIMAC Fitness Gym: 1% (Closed) people=1 capacity=150 is_open=False hour_summary=Closed until 6:00am
[2026-06-17 01:15:03] Triton Esports Center: 0% (Closed) people=0 capacity=35 is_open=False hour_summary=closed
[2026-06-17 01:15:03] === SCRAPE END OK ===
[2026-06-17 01:27:54] === SCRAPE START ===
[2026-06-17 01:27:54] Fetching https://waitz.io/live/ucsd-rec
[2026-06-17 01:27:55] Saved 4 rows to ucsd_occupancy_history.csv
[2026-06-17 01:27:55] Main Gym Fitness Gym: 0% (Closed) people=0 capacity=72 is_open=False hour_summary=closed
[2026-06-17 01:27:55] Outback Climbing Center: 1% (Closed) people=0 capacity=30 is_open=False hour_summary=closed
[2026-06-17 01:27:55] RIMAC Fitness Gym: 0% (Closed) people=1 capacity=150 is_open=False hour_summary=Closed until 6:00am
[2026-06-17 01:27:55] Triton Esports Center: 0% (Closed) people=0 capacity=35 is_open=False hour_summary=closed
[2026-06-17 01:27:55] === SCRAPE END OK ===
[2026-06-17 01:30:02] === SCRAPE START ===
[2026-06-17 01:30:02] Fetching https://waitz.io/live/ucsd-rec
[2026-06-17 01:30:03] Saved 4 rows to ucsd_occupancy_history.csv
[2026-06-17 01:30:03] Main Gym Fitness Gym: 1% (Closed) people=1 capacity=72 is_open=False hour_summary=closed
[2026-06-17 01:30:03] Outback Climbing Center: 1% (Closed) people=0 capacity=30 is_open=False hour_summary=closed
[2026-06-17 01:30:03] RIMAC Fitness Gym: 0% (Closed) people=1 capacity=150 is_open=False hour_summary=Closed until 6:00am
[2026-06-17 01:30:03] Triton Esports Center: 0% (Closed) people=0 capacity=35 is_open=False hour_summary=closed
[2026-06-17 01:30:03] === SCRAPE END OK ===
[2026-06-17 01:42:54] === SCRAPE START ===
[2026-06-17 01:42:54] Fetching https://waitz.io/live/ucsd-rec
[2026-06-17 01:42:55] Saved 4 rows to ucsd_occupancy_history.csv
[2026-06-17 01:42:55] Main Gym Fitness Gym: 1% (Closed) people=1 capacity=72 is_open=False hour_summary=closed
[2026-06-17 01:42:55] Outback Climbing Center: 1% (Closed) people=0 capacity=30 is_open=False hour_summary=closed
[2026-06-17 01:42:55] RIMAC Fitness Gym: 1% (Closed) people=1 capacity=150 is_open=False hour_summary=Closed until 6:00am
[2026-06-17 01:42:55] Triton Esports Center: 0% (Closed) people=0 capacity=35 is_open=False hour_summary=closed
[2026-06-17 01:42:55] === SCRAPE END OK ===
[2026-06-17 01:45:02] === SCRAPE START ===
[2026-06-17 01:45:02] Fetching https://waitz.io/live/ucsd-rec
[2026-06-17 01:45:03] Saved 4 rows to ucsd_occupancy_history.csv
[2026-06-17 01:45:03] Main Gym Fitness Gym: 2% (Closed) people=1 capacity=72 is_open=False hour_summary=closed
[2026-06-17 01:45:03] Outback Climbing Center: 1% (Closed) people=0 capacity=30 is_open=False hour_summary=closed
[2026-06-17 01:45:03] RIMAC Fitness Gym: 1% (Closed) people=1 capacity=150 is_open=False hour_summary=Closed until 6:00am
[2026-06-17 01:45:03] Triton Esports Center: 0% (Closed) people=0 capacity=35 is_open=False hour_summary=closed
[2026-06-17 01:45:03] === SCRAPE END OK ===
[2026-06-17 01:57:54] === SCRAPE START ===
[2026-06-17 01:57:54] Fetching https://waitz.io/live/ucsd-rec
[2026-06-17 01:57:54] Saved 4 rows to ucsd_occupancy_history.csv
[2026-06-17 01:57:54] Main Gym Fitness Gym: 1% (Closed) people=1 capacity=72 is_open=False hour_summary=closed
[2026-06-17 01:57:54] Outback Climbing Center: 1% (Closed) people=0 capacity=30 is_open=False hour_summary=closed
[2026-06-17 01:57:54] RIMAC Fitness Gym: 0% (Closed) people=1 capacity=150 is_open=False hour_summary=Closed until 6:00am
[2026-06-17 01:57:54] Triton Esports Center: 0% (Closed) people=0 capacity=35 is_open=False hour_summary=closed
[2026-06-17 01:57:54] === SCRAPE END OK ===
[2026-06-17 02:00:02] === SCRAPE START ===
[2026-06-17 02:00:02] Fetching https://waitz.io/live/ucsd-rec
[2026-06-17 02:00:03] Saved 4 rows to ucsd_occupancy_history.csv
[2026-06-17 02:00:03] Main Gym Fitness Gym: 2% (Closed) people=1 capacity=72 is_open=False hour_summary=closed
[2026-06-17 02:00:03] Outback Climbing Center: 2% (Closed) people=0 capacity=30 is_open=False hour_summary=closed
[2026-06-17 02:00:03] RIMAC Fitness Gym: 0% (Closed) people=1 capacity=150 is_open=False hour_summary=Closed until 6:00am
[2026-06-17 02:00:03] Triton Esports Center: 0% (Closed) people=0 capacity=35 is_open=False hour_summary=closed
[2026-06-17 02:00:03] === SCRAPE END OK ===
[2026-06-17 02:12:54] === SCRAPE START ===
[2026-06-17 02:12:54] Fetching https://waitz.io/live/ucsd-rec
[2026-06-17 02:12:55] Saved 4 rows to ucsd_occupancy_history.csv
[2026-06-17 02:12:55] Main Gym Fitness Gym: 1% (Closed) people=1 capacity=72 is_open=False hour_summary=closed
[2026-06-17 02:12:55] Outback Climbing Center: 1% (Closed) people=0 capacity=30 is_open=False hour_summary=closed
[2026-06-17 02:12:55] RIMAC Fitness Gym: 1% (Closed) people=1 capacity=150 is_open=False hour_summary=Closed until 6:00am
[2026-06-17 02:12:55] Triton Esports Center: 0% (Closed) people=0 capacity=35 is_open=False hour_summary=closed
[2026-06-17 02:12:55] === SCRAPE END OK ===
[2026-06-17 02:15:02] === SCRAPE START ===
[2026-06-17 02:15:02] Fetching https://waitz.io/live/ucsd-rec
[2026-06-17 02:15:03] Saved 4 rows to ucsd_occupancy_history.csv
[2026-06-17 02:15:03] Main Gym Fitness Gym: 1% (Closed) people=1 capacity=72 is_open=False hour_summary=closed
[2026-06-17 02:15:03] Outback Climbing Center: 2% (Closed) people=0 capacity=30 is_open=False hour_summary=closed
[2026-06-17 02:15:03] RIMAC Fitness Gym: 1% (Closed) people=1 capacity=150 is_open=False hour_summary=Closed until 6:00am
[2026-06-17 02:15:03] Triton Esports Center: 0% (Closed) people=0 capacity=35 is_open=False hour_summary=closed
[2026-06-17 02:15:03] === SCRAPE END OK ===
[2026-06-17 02:27:54] === SCRAPE START ===
[2026-06-17 02:27:54] Fetching https://waitz.io/live/ucsd-rec
[2026-06-17 02:27:55] Saved 4 rows to ucsd_occupancy_history.csv
[2026-06-17 02:27:55] Main Gym Fitness Gym: 1% (Closed) people=1 capacity=72 is_open=False hour_summary=closed
[2026-06-17 02:27:55] Outback Climbing Center: 1% (Closed) people=0 capacity=30 is_open=False hour_summary=closed
[2026-06-17 02:27:55] RIMAC Fitness Gym: 0% (Closed) people=1 capacity=150 is_open=False hour_summary=Closed until 6:00am
[2026-06-17 02:27:55] Triton Esports Center: 0% (Closed) people=0 capacity=35 is_open=False hour_summary=closed
[2026-06-17 02:27:55] === SCRAPE END OK ===
[2026-06-17 02:30:02] === SCRAPE START ===
[2026-06-17 02:30:02] Fetching https://waitz.io/live/ucsd-rec
[2026-06-17 02:30:03] Saved 4 rows to ucsd_occupancy_history.csv
[2026-06-17 02:30:03] Main Gym Fitness Gym: 1% (Closed) people=1 capacity=72 is_open=False hour_summary=closed
[2026-06-17 02:30:03] Outback Climbing Center: 3% (Closed) people=1 capacity=30 is_open=False hour_summary=closed
[2026-06-17 02:30:03] RIMAC Fitness Gym: 1% (Closed) people=1 capacity=150 is_open=False hour_summary=Closed until 6:00am
[2026-06-17 02:30:03] Triton Esports Center: 0% (Closed) people=0 capacity=35 is_open=False hour_summary=closed
[2026-06-17 02:30:03] === SCRAPE END OK ===
[2026-06-17 02:42:54] === SCRAPE START ===
[2026-06-17 02:42:54] Fetching https://waitz.io/live/ucsd-rec
[2026-06-17 02:42:55] Saved 4 rows to ucsd_occupancy_history.csv
[2026-06-17 02:42:55] Main Gym Fitness Gym: 1% (Closed) people=1 capacity=72 is_open=False hour_summary=closed
[2026-06-17 02:42:55] Outback Climbing Center: 2% (Closed) people=1 capacity=30 is_open=False hour_summary=closed
[2026-06-17 02:42:55] RIMAC Fitness Gym: 0% (Closed) people=0 capacity=150 is_open=False hour_summary=Closed until 6:00am
[2026-06-17 02:42:55] Triton Esports Center: 0% (Closed) people=0 capacity=35 is_open=False hour_summary=closed
[2026-06-17 02:42:55] === SCRAPE END OK ===
[2026-06-17 02:45:02] === SCRAPE START ===
[2026-06-17 02:45:02] Fetching https://waitz.io/live/ucsd-rec
[2026-06-17 02:45:03] Saved 4 rows to ucsd_occupancy_history.csv
[2026-06-17 02:45:03] Main Gym Fitness Gym: 1% (Closed) people=1 capacity=72 is_open=False hour_summary=closed
[2026-06-17 02:45:03] Outback Climbing Center: 3% (Closed) people=1 capacity=30 is_open=False hour_summary=closed
[2026-06-17 02:45:03] RIMAC Fitness Gym: 0% (Closed) people=0 capacity=150 is_open=False hour_summary=Closed until 6:00am
[2026-06-17 02:45:03] Triton Esports Center: 0% (Closed) people=0 capacity=35 is_open=False hour_summary=closed
[2026-06-17 02:45:03] === SCRAPE END OK ===
[2026-06-17 02:57:54] === SCRAPE START ===
[2026-06-17 02:57:54] Fetching https://waitz.io/live/ucsd-rec
[2026-06-17 02:57:55] Saved 4 rows to ucsd_occupancy_history.csv
[2026-06-17 02:57:55] Main Gym Fitness Gym: 1% (Closed) people=1 capacity=72 is_open=False hour_summary=closed
[2026-06-17 02:57:55] Outback Climbing Center: 2% (Closed) people=1 capacity=30 is_open=False hour_summary=closed
[2026-06-17 02:57:55] RIMAC Fitness Gym: 1% (Closed) people=1 capacity=150 is_open=False hour_summary=Closed until 6:00am
[2026-06-17 02:57:55] Triton Esports Center: 0% (Closed) people=0 capacity=35 is_open=False hour_summary=closed
[2026-06-17 02:57:55] === SCRAPE END OK ===
[2026-06-17 03:00:02] === SCRAPE START ===
[2026-06-17 03:00:02] Fetching https://waitz.io/live/ucsd-rec
[2026-06-17 03:00:03] Saved 4 rows to ucsd_occupancy_history.csv
[2026-06-17 03:00:03] Main Gym Fitness Gym: 1% (Closed) people=1 capacity=72 is_open=False hour_summary=closed
[2026-06-17 03:00:03] Outback Climbing Center: 2% (Closed) people=1 capacity=30 is_open=False hour_summary=closed
[2026-06-17 03:00:03] RIMAC Fitness Gym: 1% (Closed) people=1 capacity=150 is_open=False hour_summary=Closed until 6:00am
[2026-06-17 03:00:03] Triton Esports Center: 0% (Closed) people=0 capacity=35 is_open=False hour_summary=closed
[2026-06-17 03:00:03] === SCRAPE END OK ===
[2026-06-17 03:12:54] === SCRAPE START ===
[2026-06-17 03:12:54] Fetching https://waitz.io/live/ucsd-rec
[2026-06-17 03:12:55] Saved 4 rows to ucsd_occupancy_history.csv
[2026-06-17 03:12:55] Main Gym Fitness Gym: 2% (Closed) people=1 capacity=72 is_open=False hour_summary=closed
[2026-06-17 03:12:55] Outback Climbing Center: 1% (Closed) people=0 capacity=30 is_open=False hour_summary=closed
[2026-06-17 03:12:55] RIMAC Fitness Gym: 0% (Closed) people=1 capacity=150 is_open=False hour_summary=Closed until 6:00am
[2026-06-17 03:12:55] Triton Esports Center: 0% (Closed) people=0 capacity=35 is_open=False hour_summary=closed
[2026-06-17 03:12:55] === SCRAPE END OK ===
[2026-06-17 03:15:02] === SCRAPE START ===
[2026-06-17 03:15:02] Fetching https://waitz.io/live/ucsd-rec
[2026-06-17 03:15:03] Saved 4 rows to ucsd_occupancy_history.csv
[2026-06-17 03:15:03] Main Gym Fitness Gym: 1% (Closed) people=1 capacity=72 is_open=False hour_summary=closed
[2026-06-17 03:15:03] Outback Climbing Center: 4% (Closed) people=1 capacity=30 is_open=False hour_summary=closed
[2026-06-17 03:15:03] RIMAC Fitness Gym: 0% (Closed) people=1 capacity=150 is_open=False hour_summary=Closed until 6:00am
[2026-06-17 03:15:03] Triton Esports Center: 0% (Closed) people=0 capacity=35 is_open=False hour_summary=closed
[2026-06-17 03:15:03] === SCRAPE END OK ===
[2026-06-17 03:27:54] === SCRAPE START ===
[2026-06-17 03:27:54] Fetching https://waitz.io/live/ucsd-rec
[2026-06-17 03:27:55] Saved 4 rows to ucsd_occupancy_history.csv
[2026-06-17 03:27:55] Main Gym Fitness Gym: 1% (Closed) people=1 capacity=72 is_open=False hour_summary=closed
[2026-06-17 03:27:55] Outback Climbing Center: 1% (Closed) people=0 capacity=30 is_open=False hour_summary=closed
[2026-06-17 03:27:55] RIMAC Fitness Gym: 1% (Closed) people=1 capacity=150 is_open=False hour_summary=Closed until 6:00am
[2026-06-17 03:27:55] Triton Esports Center: 0% (Closed) people=0 capacity=35 is_open=False hour_summary=closed
[2026-06-17 03:27:55] === SCRAPE END OK ===
[2026-06-17 03:30:02] === SCRAPE START ===
[2026-06-17 03:30:02] Fetching https://waitz.io/live/ucsd-rec
[2026-06-17 03:30:03] Saved 4 rows to ucsd_occupancy_history.csv
[2026-06-17 03:30:03] Main Gym Fitness Gym: 1% (Closed) people=1 capacity=72 is_open=False hour_summary=closed
[2026-06-17 03:30:03] Outback Climbing Center: 2% (Closed) people=1 capacity=30 is_open=False hour_summary=closed
[2026-06-17 03:30:03] RIMAC Fitness Gym: 1% (Closed) people=1 capacity=150 is_open=False hour_summary=Closed until 6:00am
[2026-06-17 03:30:03] Triton Esports Center: 0% (Closed) people=0 capacity=35 is_open=False hour_summary=closed
[2026-06-17 03:30:03] === SCRAPE END OK ===
[2026-06-17 03:42:54] === SCRAPE START ===
[2026-06-17 03:42:54] Fetching https://waitz.io/live/ucsd-rec
[2026-06-17 03:42:55] Saved 4 rows to ucsd_occupancy_history.csv
[2026-06-17 03:42:55] Main Gym Fitness Gym: 1% (Closed) people=1 capacity=72 is_open=False hour_summary=closed
[2026-06-17 03:42:55] Outback Climbing Center: 1% (Closed) people=0 capacity=30 is_open=False hour_summary=closed
[2026-06-17 03:42:55] RIMAC Fitness Gym: 1% (Closed) people=1 capacity=150 is_open=False hour_summary=Closed until 6:00am
[2026-06-17 03:42:55] Triton Esports Center: 0% (Closed) people=0 capacity=35 is_open=False hour_summary=closed
[2026-06-17 03:42:55] === SCRAPE END OK ===
[2026-06-17 03:45:02] === SCRAPE START ===
[2026-06-17 03:45:02] Fetching https://waitz.io/live/ucsd-rec
[2026-06-17 03:45:03] Saved 4 rows to ucsd_occupancy_history.csv
[2026-06-17 03:45:03] Main Gym Fitness Gym: 1% (Closed) people=1 capacity=72 is_open=False hour_summary=closed
[2026-06-17 03:45:03] Outback Climbing Center: 2% (Closed) people=0 capacity=30 is_open=False hour_summary=closed
[2026-06-17 03:45:03] RIMAC Fitness Gym: 1% (Closed) people=1 capacity=150 is_open=False hour_summary=Closed until 6:00am
[2026-06-17 03:45:03] Triton Esports Center: 0% (Closed) people=0 capacity=35 is_open=False hour_summary=closed
[2026-06-17 03:45:03] === SCRAPE END OK ===
[2026-06-17 03:57:54] === SCRAPE START ===
[2026-06-17 03:57:54] Fetching https://waitz.io/live/ucsd-rec
[2026-06-17 03:57:55] Saved 4 rows to ucsd_occupancy_history.csv
[2026-06-17 03:57:55] Main Gym Fitness Gym: 1% (Closed) people=1 capacity=72 is_open=False hour_summary=closed
[2026-06-17 03:57:55] Outback Climbing Center: 2% (Closed) people=1 capacity=30 is_open=False hour_summary=closed
[2026-06-17 03:57:55] RIMAC Fitness Gym: 0% (Closed) people=1 capacity=150 is_open=False hour_summary=Closed until 6:00am
[2026-06-17 03:57:55] Triton Esports Center: 0% (Closed) people=0 capacity=35 is_open=False hour_summary=closed
[2026-06-17 03:57:55] === SCRAPE END OK ===
[2026-06-17 04:00:02] === SCRAPE START ===
[2026-06-17 04:00:02] Fetching https://waitz.io/live/ucsd-rec
[2026-06-17 04:00:03] Saved 4 rows to ucsd_occupancy_history.csv
[2026-06-17 04:00:03] Main Gym Fitness Gym: 1% (Closed) people=1 capacity=72 is_open=False hour_summary=closed
[2026-06-17 04:00:03] Outback Climbing Center: 2% (Closed) people=0 capacity=30 is_open=False hour_summary=closed
[2026-06-17 04:00:03] RIMAC Fitness Gym: 0% (Closed) people=1 capacity=150 is_open=False hour_summary=Closed until 6:00am
[2026-06-17 04:00:03] Triton Esports Center: 0% (Closed) people=0 capacity=35 is_open=False hour_summary=closed
[2026-06-17 04:00:03] === SCRAPE END OK ===
[2026-06-17 04:12:54] === SCRAPE START ===
[2026-06-17 04:12:54] Fetching https://waitz.io/live/ucsd-rec
[2026-06-17 04:12:55] Saved 4 rows to ucsd_occupancy_history.csv
[2026-06-17 04:12:55] Main Gym Fitness Gym: 1% (Closed) people=1 capacity=72 is_open=False hour_summary=closed
[2026-06-17 04:12:55] Outback Climbing Center: 1% (Closed) people=0 capacity=30 is_open=False hour_summary=closed
[2026-06-17 04:12:55] RIMAC Fitness Gym: 0% (Closed) people=1 capacity=150 is_open=False hour_summary=Closed until 6:00am
[2026-06-17 04:12:55] Triton Esports Center: 0% (Closed) people=0 capacity=35 is_open=False hour_summary=closed
[2026-06-17 04:12:55] === SCRAPE END OK ===
[2026-06-17 04:15:02] === SCRAPE START ===
[2026-06-17 04:15:02] Fetching https://waitz.io/live/ucsd-rec
[2026-06-17 04:15:03] Saved 4 rows to ucsd_occupancy_history.csv
[2026-06-17 04:15:03] Main Gym Fitness Gym: 1% (Closed) people=1 capacity=72 is_open=False hour_summary=closed
[2026-06-17 04:15:03] Outback Climbing Center: 2% (Closed) people=1 capacity=30 is_open=False hour_summary=closed
[2026-06-17 04:15:03] RIMAC Fitness Gym: 1% (Closed) people=1 capacity=150 is_open=False hour_summary=Closed until 6:00am
[2026-06-17 04:15:03] Triton Esports Center: 0% (Closed) people=0 capacity=35 is_open=False hour_summary=closed
[2026-06-17 04:15:03] === SCRAPE END OK ===
[2026-06-17 04:27:54] === SCRAPE START ===
[2026-06-17 04:27:54] Fetching https://waitz.io/live/ucsd-rec
[2026-06-17 04:27:55] Saved 4 rows to ucsd_occupancy_history.csv
[2026-06-17 04:27:55] Main Gym Fitness Gym: 1% (Closed) people=1 capacity=72 is_open=False hour_summary=closed
[2026-06-17 04:27:55] Outback Climbing Center: 1% (Closed) people=0 capacity=30 is_open=False hour_summary=closed
[2026-06-17 04:27:55] RIMAC Fitness Gym: 0% (Closed) people=1 capacity=150 is_open=False hour_summary=Closed until 6:00am
[2026-06-17 04:27:55] Triton Esports Center: 0% (Closed) people=0 capacity=35 is_open=False hour_summary=closed
[2026-06-17 04:27:55] === SCRAPE END OK ===
[2026-06-17 04:30:02] === SCRAPE START ===
[2026-06-17 04:30:02] Fetching https://waitz.io/live/ucsd-rec
[2026-06-17 04:30:03] Saved 4 rows to ucsd_occupancy_history.csv
[2026-06-17 04:30:03] Main Gym Fitness Gym: 1% (Closed) people=0 capacity=72 is_open=False hour_summary=closed
[2026-06-17 04:30:03] Outback Climbing Center: 1% (Closed) people=0 capacity=30 is_open=False hour_summary=closed
[2026-06-17 04:30:03] RIMAC Fitness Gym: 1% (Closed) people=1 capacity=150 is_open=False hour_summary=Closed until 6:00am
[2026-06-17 04:30:03] Triton Esports Center: 0% (Closed) people=0 capacity=35 is_open=False hour_summary=closed
[2026-06-17 04:30:03] === SCRAPE END OK ===
[2026-06-17 04:42:54] === SCRAPE START ===
[2026-06-17 04:42:54] Fetching https://waitz.io/live/ucsd-rec
[2026-06-17 04:42:55] Saved 4 rows to ucsd_occupancy_history.csv
[2026-06-17 04:42:55] Main Gym Fitness Gym: 1% (Closed) people=1 capacity=72 is_open=False hour_summary=closed
[2026-06-17 04:42:55] Outback Climbing Center: 1% (Closed) people=0 capacity=30 is_open=False hour_summary=closed
[2026-06-17 04:42:55] RIMAC Fitness Gym: 0% (Closed) people=1 capacity=150 is_open=False hour_summary=Closed until 6:00am
[2026-06-17 04:42:55] Triton Esports Center: 0% (Closed) people=0 capacity=35 is_open=False hour_summary=closed
[2026-06-17 04:42:55] === SCRAPE END OK ===
