[2026-07-11 00:00:01] === SCRAPE START ===
[2026-07-11 00:00:01] Fetching https://waitz.io/live/ucsd-rec
[2026-07-11 00:00:03] Saved 4 rows to ucsd_occupancy_history.csv
[2026-07-11 00:00:03] Main Gym Fitness Gym: 2% (Closed) people=1 capacity=72 is_open=False hour_summary=closed
[2026-07-11 00:00:03] Outback Climbing Center: 7% (Closed) people=2 capacity=30 is_open=False hour_summary=closed
[2026-07-11 00:00:03] RIMAC Fitness Gym: 0% (Closed) people=1 capacity=150 is_open=False hour_summary=Closed until 8:00am
[2026-07-11 00:00:03] Triton Esports Center: 0% (Closed) people=0 capacity=35 is_open=False hour_summary=closed
[2026-07-11 00:00:03] === SCRAPE END OK ===
[2026-07-11 00:15:02] === SCRAPE START ===
[2026-07-11 00:15:02] Fetching https://waitz.io/live/ucsd-rec
[2026-07-11 00:15:03] Saved 4 rows to ucsd_occupancy_history.csv
[2026-07-11 00:15:03] Main Gym Fitness Gym: 2% (Closed) people=1 capacity=72 is_open=False hour_summary=closed
[2026-07-11 00:15:03] Outback Climbing Center: 10% (Closed) people=3 capacity=30 is_open=False hour_summary=closed
[2026-07-11 00:15:03] RIMAC Fitness Gym: 0% (Closed) people=0 capacity=150 is_open=False hour_summary=Closed until 8:00am
[2026-07-11 00:15:03] Triton Esports Center: 0% (Closed) people=0 capacity=35 is_open=False hour_summary=closed
[2026-07-11 00:15:03] === SCRAPE END OK ===
[2026-07-11 00:30:02] === SCRAPE START ===
[2026-07-11 00:30:02] Fetching https://waitz.io/live/ucsd-rec
[2026-07-11 00:30:04] Saved 4 rows to ucsd_occupancy_history.csv
[2026-07-11 00:30:04] Main Gym Fitness Gym: 2% (Closed) people=1 capacity=72 is_open=False hour_summary=closed
[2026-07-11 00:30:04] Outback Climbing Center: 9% (Closed) people=3 capacity=30 is_open=False hour_summary=closed
[2026-07-11 00:30:04] RIMAC Fitness Gym: 0% (Closed) people=1 capacity=150 is_open=False hour_summary=Closed until 8:00am
[2026-07-11 00:30:04] Triton Esports Center: 0% (Closed) people=0 capacity=35 is_open=False hour_summary=closed
[2026-07-11 00:30:04] === SCRAPE END OK ===
[2026-07-11 00:45:02] === SCRAPE START ===
[2026-07-11 00:45:02] Fetching https://waitz.io/live/ucsd-rec
[2026-07-11 00:45:03] Saved 4 rows to ucsd_occupancy_history.csv
[2026-07-11 00:45:03] Main Gym Fitness Gym: 2% (Closed) people=1 capacity=72 is_open=False hour_summary=closed
[2026-07-11 00:45:03] Outback Climbing Center: 7% (Closed) people=2 capacity=30 is_open=False hour_summary=closed
[2026-07-11 00:45:03] RIMAC Fitness Gym: 0% (Closed) people=0 capacity=150 is_open=False hour_summary=Closed until 8:00am
[2026-07-11 00:45:03] Triton Esports Center: 0% (Closed) people=0 capacity=35 is_open=False hour_summary=closed
[2026-07-11 00:45:03] === SCRAPE END OK ===
[2026-07-11 01:00:02] === SCRAPE START ===
[2026-07-11 01:00:02] Fetching https://waitz.io/live/ucsd-rec
[2026-07-11 01:00:04] Saved 4 rows to ucsd_occupancy_history.csv
[2026-07-11 01:00:04] Main Gym Fitness Gym: 2% (Closed) people=1 capacity=72 is_open=False hour_summary=closed
[2026-07-11 01:00:04] Outback Climbing Center: 6% (Closed) people=2 capacity=30 is_open=False hour_summary=closed
[2026-07-11 01:00:04] RIMAC Fitness Gym: 0% (Closed) people=0 capacity=150 is_open=False hour_summary=Closed until 8:00am
[2026-07-11 01:00:04] Triton Esports Center: 0% (Closed) people=0 capacity=35 is_open=False hour_summary=closed
[2026-07-11 01:00:04] === SCRAPE END OK ===
[2026-07-11 01:15:02] === SCRAPE START ===
[2026-07-11 01:15:02] Fetching https://waitz.io/live/ucsd-rec
[2026-07-11 01:15:03] Saved 4 rows to ucsd_occupancy_history.csv
[2026-07-11 01:15:03] Main Gym Fitness Gym: 1% (Closed) people=1 capacity=72 is_open=False hour_summary=closed
[2026-07-11 01:15:03] Outback Climbing Center: 12% (Closed) people=4 capacity=30 is_open=False hour_summary=closed
[2026-07-11 01:15:03] RIMAC Fitness Gym: 0% (Closed) people=0 capacity=150 is_open=False hour_summary=Closed until 8:00am
[2026-07-11 01:15:03] Triton Esports Center: 0% (Closed) people=0 capacity=35 is_open=False hour_summary=closed
[2026-07-11 01:15:03] === SCRAPE END OK ===
[2026-07-11 01:30:02] === SCRAPE START ===
[2026-07-11 01:30:02] Fetching https://waitz.io/live/ucsd-rec
[2026-07-11 01:30:04] Saved 4 rows to ucsd_occupancy_history.csv
[2026-07-11 01:30:04] Main Gym Fitness Gym: 1% (Closed) people=0 capacity=72 is_open=False hour_summary=closed
[2026-07-11 01:30:04] Outback Climbing Center: 4% (Closed) people=1 capacity=30 is_open=False hour_summary=closed
[2026-07-11 01:30:04] RIMAC Fitness Gym: 0% (Closed) people=0 capacity=150 is_open=False hour_summary=Closed until 8:00am
[2026-07-11 01:30:04] Triton Esports Center: 0% (Closed) people=0 capacity=35 is_open=False hour_summary=closed
[2026-07-11 01:30:04] === SCRAPE END OK ===
[2026-07-11 01:45:03] === SCRAPE START ===
[2026-07-11 01:45:03] Fetching https://waitz.io/live/ucsd-rec
[2026-07-11 01:45:04] Saved 4 rows to ucsd_occupancy_history.csv
[2026-07-11 01:45:04] Main Gym Fitness Gym: 1% (Closed) people=1 capacity=72 is_open=False hour_summary=closed
[2026-07-11 01:45:04] Outback Climbing Center: 4% (Closed) people=1 capacity=30 is_open=False hour_summary=closed
[2026-07-11 01:45:04] RIMAC Fitness Gym: 0% (Closed) people=0 capacity=150 is_open=False hour_summary=Closed until 8:00am
[2026-07-11 01:45:04] Triton Esports Center: 0% (Closed) people=0 capacity=35 is_open=False hour_summary=closed
[2026-07-11 01:45:04] === SCRAPE END OK ===
[2026-07-11 02:00:02] === SCRAPE START ===
[2026-07-11 02:00:02] Fetching https://waitz.io/live/ucsd-rec
[2026-07-11 02:00:04] Saved 4 rows to ucsd_occupancy_history.csv
[2026-07-11 02:00:04] Main Gym Fitness Gym: 0% (Closed) people=0 capacity=72 is_open=False hour_summary=closed
[2026-07-11 02:00:04] Outback Climbing Center: 7% (Closed) people=2 capacity=30 is_open=False hour_summary=closed
[2026-07-11 02:00:04] RIMAC Fitness Gym: 0% (Closed) people=1 capacity=150 is_open=False hour_summary=Closed until 8:00am
[2026-07-11 02:00:04] Triton Esports Center: 0% (Closed) people=0 capacity=35 is_open=False hour_summary=closed
[2026-07-11 02:00:04] === SCRAPE END OK ===
[2026-07-11 02:15:03] === SCRAPE START ===
[2026-07-11 02:15:03] Fetching https://waitz.io/live/ucsd-rec
[2026-07-11 02:15:04] Saved 4 rows to ucsd_occupancy_history.csv
[2026-07-11 02:15:04] Main Gym Fitness Gym: 1% (Closed) people=0 capacity=72 is_open=False hour_summary=closed
[2026-07-11 02:15:04] Outback Climbing Center: 8% (Closed) people=3 capacity=30 is_open=False hour_summary=closed
[2026-07-11 02:15:04] RIMAC Fitness Gym: 0% (Closed) people=0 capacity=150 is_open=False hour_summary=Closed until 8:00am
[2026-07-11 02:15:04] Triton Esports Center: 0% (Closed) people=0 capacity=35 is_open=False hour_summary=closed
[2026-07-11 02:15:04] === SCRAPE END OK ===
[2026-07-11 02:30:04] === SCRAPE START ===
[2026-07-11 02:30:04] Fetching https://waitz.io/live/ucsd-rec
[2026-07-11 02:30:05] Saved 4 rows to ucsd_occupancy_history.csv
[2026-07-11 02:30:05] Main Gym Fitness Gym: 0% (Closed) people=0 capacity=72 is_open=False hour_summary=closed
[2026-07-11 02:30:05] Outback Climbing Center: 4% (Closed) people=1 capacity=30 is_open=False hour_summary=closed
[2026-07-11 02:30:05] RIMAC Fitness Gym: 0% (Closed) people=0 capacity=150 is_open=False hour_summary=Closed until 8:00am
[2026-07-11 02:30:05] Triton Esports Center: 0% (Closed) people=0 capacity=35 is_open=False hour_summary=closed
[2026-07-11 02:30:05] === SCRAPE END OK ===
[2026-07-11 02:45:04] === SCRAPE START ===
[2026-07-11 02:45:04] Fetching https://waitz.io/live/ucsd-rec
[2026-07-11 02:45:06] Saved 4 rows to ucsd_occupancy_history.csv
[2026-07-11 02:45:06] Main Gym Fitness Gym: 1% (Closed) people=0 capacity=72 is_open=False hour_summary=closed
[2026-07-11 02:45:06] Outback Climbing Center: 10% (Closed) people=3 capacity=30 is_open=False hour_summary=closed
[2026-07-11 02:45:06] RIMAC Fitness Gym: 0% (Closed) people=0 capacity=150 is_open=False hour_summary=Closed until 8:00am
[2026-07-11 02:45:06] Triton Esports Center: 0% (Closed) people=0 capacity=35 is_open=False hour_summary=closed
[2026-07-11 02:45:06] === SCRAPE END OK ===
[2026-07-11 03:00:03] === SCRAPE START ===
[2026-07-11 03:00:03] Fetching https://waitz.io/live/ucsd-rec
[2026-07-11 03:00:04] Saved 4 rows to ucsd_occupancy_history.csv
[2026-07-11 03:00:04] Main Gym Fitness Gym: 1% (Closed) people=1 capacity=72 is_open=False hour_summary=closed
[2026-07-11 03:00:04] Outback Climbing Center: 7% (Closed) people=2 capacity=30 is_open=False hour_summary=closed
[2026-07-11 03:00:04] RIMAC Fitness Gym: 0% (Closed) people=0 capacity=150 is_open=False hour_summary=Closed until 8:00am
[2026-07-11 03:00:04] Triton Esports Center: 0% (Closed) people=0 capacity=35 is_open=False hour_summary=closed
[2026-07-11 03:00:04] === SCRAPE END OK ===
[2026-07-11 03:15:02] === SCRAPE START ===
[2026-07-11 03:15:02] Fetching https://waitz.io/live/ucsd-rec
[2026-07-11 03:15:03] Saved 4 rows to ucsd_occupancy_history.csv
[2026-07-11 03:15:03] Main Gym Fitness Gym: 1% (Closed) people=1 capacity=72 is_open=False hour_summary=closed
[2026-07-11 03:15:03] Outback Climbing Center: 4% (Closed) people=1 capacity=30 is_open=False hour_summary=closed
[2026-07-11 03:15:03] RIMAC Fitness Gym: 0% (Closed) people=0 capacity=150 is_open=False hour_summary=Closed until 8:00am
[2026-07-11 03:15:03] Triton Esports Center: 0% (Closed) people=0 capacity=35 is_open=False hour_summary=closed
[2026-07-11 03:15:03] === SCRAPE END OK ===
[2026-07-11 03:30:02] === SCRAPE START ===
[2026-07-11 03:30:02] Fetching https://waitz.io/live/ucsd-rec
[2026-07-11 03:30:04] Saved 4 rows to ucsd_occupancy_history.csv
[2026-07-11 03:30:04] Main Gym Fitness Gym: 0% (Closed) people=0 capacity=72 is_open=False hour_summary=closed
[2026-07-11 03:30:04] Outback Climbing Center: 13% (Closed) people=4 capacity=30 is_open=False hour_summary=closed
[2026-07-11 03:30:04] RIMAC Fitness Gym: 0% (Closed) people=0 capacity=150 is_open=False hour_summary=Closed until 8:00am
[2026-07-11 03:30:04] Triton Esports Center: 0% (Closed) people=0 capacity=35 is_open=False hour_summary=closed
[2026-07-11 03:30:04] === SCRAPE END OK ===
[2026-07-11 03:45:02] === SCRAPE START ===
[2026-07-11 03:45:02] Fetching https://waitz.io/live/ucsd-rec
[2026-07-11 03:45:03] Saved 4 rows to ucsd_occupancy_history.csv
[2026-07-11 03:45:03] Main Gym Fitness Gym: 1% (Closed) people=0 capacity=72 is_open=False hour_summary=closed
[2026-07-11 03:45:03] Outback Climbing Center: 7% (Closed) people=2 capacity=30 is_open=False hour_summary=closed
[2026-07-11 03:45:03] RIMAC Fitness Gym: 0% (Closed) people=0 capacity=150 is_open=False hour_summary=Closed until 8:00am
[2026-07-11 03:45:03] Triton Esports Center: 0% (Closed) people=0 capacity=35 is_open=False hour_summary=closed
[2026-07-11 03:45:03] === SCRAPE END OK ===
[2026-07-11 04:00:02] === SCRAPE START ===
[2026-07-11 04:00:02] Fetching https://waitz.io/live/ucsd-rec
[2026-07-11 04:00:04] Saved 4 rows to ucsd_occupancy_history.csv
[2026-07-11 04:00:04] Main Gym Fitness Gym: 1% (Closed) people=1 capacity=72 is_open=False hour_summary=closed
[2026-07-11 04:00:04] Outback Climbing Center: 10% (Closed) people=3 capacity=30 is_open=False hour_summary=closed
[2026-07-11 04:00:04] RIMAC Fitness Gym: 0% (Closed) people=0 capacity=150 is_open=False hour_summary=Closed until 8:00am
[2026-07-11 04:00:04] Triton Esports Center: 0% (Closed) people=0 capacity=35 is_open=False hour_summary=closed
[2026-07-11 04:00:04] === SCRAPE END OK ===
[2026-07-11 04:15:03] === SCRAPE START ===
[2026-07-11 04:15:03] Fetching https://waitz.io/live/ucsd-rec
[2026-07-11 04:15:04] Saved 4 rows to ucsd_occupancy_history.csv
[2026-07-11 04:15:04] Main Gym Fitness Gym: 1% (Closed) people=0 capacity=72 is_open=False hour_summary=closed
[2026-07-11 04:15:04] Outback Climbing Center: 7% (Closed) people=2 capacity=30 is_open=False hour_summary=closed
[2026-07-11 04:15:04] RIMAC Fitness Gym: 0% (Closed) people=0 capacity=150 is_open=False hour_summary=Closed until 8:00am
[2026-07-11 04:15:04] Triton Esports Center: 0% (Closed) people=0 capacity=35 is_open=False hour_summary=closed
[2026-07-11 04:15:04] === SCRAPE END OK ===
[2026-07-11 04:30:02] === SCRAPE START ===
[2026-07-11 04:30:02] Fetching https://waitz.io/live/ucsd-rec
[2026-07-11 04:30:04] Saved 4 rows to ucsd_occupancy_history.csv
[2026-07-11 04:30:04] Main Gym Fitness Gym: 1% (Closed) people=0 capacity=72 is_open=False hour_summary=closed
[2026-07-11 04:30:04] Outback Climbing Center: 6% (Closed) people=2 capacity=30 is_open=False hour_summary=closed
[2026-07-11 04:30:04] RIMAC Fitness Gym: 0% (Closed) people=0 capacity=150 is_open=False hour_summary=Closed until 8:00am
[2026-07-11 04:30:04] Triton Esports Center: 0% (Closed) people=0 capacity=35 is_open=False hour_summary=closed
[2026-07-11 04:30:04] === SCRAPE END OK ===
[2026-07-11 04:45:02] === SCRAPE START ===
[2026-07-11 04:45:02] Fetching https://waitz.io/live/ucsd-rec
[2026-07-11 04:45:03] Saved 4 rows to ucsd_occupancy_history.csv
[2026-07-11 04:45:03] Main Gym Fitness Gym: 1% (Closed) people=0 capacity=72 is_open=False hour_summary=closed
[2026-07-11 04:45:03] Outback Climbing Center: 9% (Closed) people=3 capacity=30 is_open=False hour_summary=closed
[2026-07-11 04:45:03] RIMAC Fitness Gym: 0% (Closed) people=0 capacity=150 is_open=False hour_summary=Closed until 8:00am
[2026-07-11 04:45:03] Triton Esports Center: 0% (Closed) people=0 capacity=35 is_open=False hour_summary=closed
[2026-07-11 04:45:03] === SCRAPE END OK ===
[2026-07-11 05:00:02] === SCRAPE START ===
[2026-07-11 05:00:02] Fetching https://waitz.io/live/ucsd-rec
[2026-07-11 05:00:04] Saved 4 rows to ucsd_occupancy_history.csv
[2026-07-11 05:00:04] Main Gym Fitness Gym: 1% (Closed) people=0 capacity=72 is_open=False hour_summary=closed
[2026-07-11 05:00:04] Outback Climbing Center: 6% (Closed) people=2 capacity=30 is_open=False hour_summary=closed
[2026-07-11 05:00:04] RIMAC Fitness Gym: 0% (Closed) people=0 capacity=150 is_open=False hour_summary=Closed until 8:00am
[2026-07-11 05:00:04] Triton Esports Center: 0% (Closed) people=0 capacity=35 is_open=False hour_summary=closed
[2026-07-11 05:00:04] === SCRAPE END OK ===
[2026-07-11 05:15:02] === SCRAPE START ===
[2026-07-11 05:15:02] Fetching https://waitz.io/live/ucsd-rec
[2026-07-11 05:15:03] Saved 4 rows to ucsd_occupancy_history.csv
[2026-07-11 05:15:03] Main Gym Fitness Gym: 1% (Closed) people=0 capacity=72 is_open=False hour_summary=closed
[2026-07-11 05:15:03] Outback Climbing Center: 4% (Closed) people=1 capacity=30 is_open=False hour_summary=closed
[2026-07-11 05:15:03] RIMAC Fitness Gym: 0% (Closed) people=0 capacity=150 is_open=False hour_summary=Closed until 8:00am
[2026-07-11 05:15:03] Triton Esports Center: 0% (Closed) people=0 capacity=35 is_open=False hour_summary=closed
[2026-07-11 05:15:03] === SCRAPE END OK ===
[2026-07-11 05:30:02] === SCRAPE START ===
[2026-07-11 05:30:02] Fetching https://waitz.io/live/ucsd-rec
[2026-07-11 05:30:04] Saved 4 rows to ucsd_occupancy_history.csv
[2026-07-11 05:30:04] Main Gym Fitness Gym: 0% (Closed) people=0 capacity=72 is_open=False hour_summary=closed
[2026-07-11 05:30:04] Outback Climbing Center: 10% (Closed) people=3 capacity=30 is_open=False hour_summary=closed
[2026-07-11 05:30:04] RIMAC Fitness Gym: 0% (Closed) people=0 capacity=150 is_open=False hour_summary=Closed until 8:00am
[2026-07-11 05:30:04] Triton Esports Center: 0% (Closed) people=0 capacity=35 is_open=False hour_summary=closed
[2026-07-11 05:30:04] === SCRAPE END OK ===
[2026-07-11 05:45:02] === SCRAPE START ===
[2026-07-11 05:45:02] Fetching https://waitz.io/live/ucsd-rec
[2026-07-11 05:45:03] Saved 4 rows to ucsd_occupancy_history.csv
[2026-07-11 05:45:03] Main Gym Fitness Gym: 0% (Closed) people=0 capacity=72 is_open=False hour_summary=closed
[2026-07-11 05:45:03] Outback Climbing Center: 6% (Closed) people=2 capacity=30 is_open=False hour_summary=closed
[2026-07-11 05:45:03] RIMAC Fitness Gym: 0% (Closed) people=0 capacity=150 is_open=False hour_summary=Closed until 8:00am
[2026-07-11 05:45:03] Triton Esports Center: 0% (Closed) people=0 capacity=35 is_open=False hour_summary=closed
[2026-07-11 05:45:03] === SCRAPE END OK ===
[2026-07-11 06:00:02] === SCRAPE START ===
[2026-07-11 06:00:02] Fetching https://waitz.io/live/ucsd-rec
[2026-07-11 06:00:04] Saved 4 rows to ucsd_occupancy_history.csv
[2026-07-11 06:00:04] Main Gym Fitness Gym: 1% (Closed) people=1 capacity=72 is_open=False hour_summary=closed
[2026-07-11 06:00:04] Outback Climbing Center: 7% (Closed) people=2 capacity=30 is_open=False hour_summary=closed
[2026-07-11 06:00:04] RIMAC Fitness Gym: 0% (Closed) people=0 capacity=150 is_open=False hour_summary=Closed until 8:00am
[2026-07-11 06:00:04] Triton Esports Center: 0% (Closed) people=0 capacity=35 is_open=False hour_summary=closed
[2026-07-11 06:00:04] === SCRAPE END OK ===
[2026-07-11 06:15:02] === SCRAPE START ===
[2026-07-11 06:15:02] Fetching https://waitz.io/live/ucsd-rec
[2026-07-11 06:15:03] Saved 4 rows to ucsd_occupancy_history.csv
[2026-07-11 06:15:03] Main Gym Fitness Gym: 1% (Closed) people=1 capacity=72 is_open=False hour_summary=closed
[2026-07-11 06:15:03] Outback Climbing Center: 4% (Closed) people=1 capacity=30 is_open=False hour_summary=closed
[2026-07-11 06:15:03] RIMAC Fitness Gym: 0% (Closed) people=0 capacity=150 is_open=False hour_summary=Closed until 8:00am
[2026-07-11 06:15:03] Triton Esports Center: 0% (Closed) people=0 capacity=35 is_open=False hour_summary=closed
[2026-07-11 06:15:03] === SCRAPE END OK ===
[2026-07-11 06:30:02] === SCRAPE START ===
[2026-07-11 06:30:02] Fetching https://waitz.io/live/ucsd-rec
[2026-07-11 06:30:04] Saved 4 rows to ucsd_occupancy_history.csv
[2026-07-11 06:30:04] Main Gym Fitness Gym: 1% (Closed) people=1 capacity=72 is_open=False hour_summary=closed
[2026-07-11 06:30:04] Outback Climbing Center: 8% (Closed) people=2 capacity=30 is_open=False hour_summary=closed
[2026-07-11 06:30:04] RIMAC Fitness Gym: 0% (Closed) people=0 capacity=150 is_open=False hour_summary=Closed until 8:00am
[2026-07-11 06:30:04] Triton Esports Center: 0% (Closed) people=0 capacity=35 is_open=False hour_summary=closed
[2026-07-11 06:30:04] === SCRAPE END OK ===
[2026-07-11 06:45:02] === SCRAPE START ===
[2026-07-11 06:45:02] Fetching https://waitz.io/live/ucsd-rec
[2026-07-11 06:45:03] Saved 4 rows to ucsd_occupancy_history.csv
[2026-07-11 06:45:03] Main Gym Fitness Gym: 1% (Closed) people=1 capacity=72 is_open=False hour_summary=closed
[2026-07-11 06:45:03] Outback Climbing Center: 10% (Closed) people=3 capacity=30 is_open=False hour_summary=closed
[2026-07-11 06:45:03] RIMAC Fitness Gym: 0% (Closed) people=0 capacity=150 is_open=False hour_summary=Closed until 8:00am
[2026-07-11 06:45:03] Triton Esports Center: 0% (Closed) people=0 capacity=35 is_open=False hour_summary=closed
[2026-07-11 06:45:03] === SCRAPE END OK ===
[2026-07-11 07:00:02] === SCRAPE START ===
[2026-07-11 07:00:02] Fetching https://waitz.io/live/ucsd-rec
[2026-07-11 07:00:19] Saved 4 rows to ucsd_occupancy_history.csv
[2026-07-11 07:00:19] Main Gym Fitness Gym: 1% (Closed) people=0 capacity=72 is_open=False hour_summary=closed
[2026-07-11 07:00:19] Outback Climbing Center: 7% (Closed) people=2 capacity=30 is_open=False hour_summary=closed
[2026-07-11 07:00:19] RIMAC Fitness Gym: 0% (Closed) people=0 capacity=150 is_open=False hour_summary=Closed until 8:00am
[2026-07-11 07:00:19] Triton Esports Center: 0% (Closed) people=0 capacity=35 is_open=False hour_summary=closed
[2026-07-11 07:00:19] === SCRAPE END OK ===
[2026-07-11 07:15:02] === SCRAPE START ===
[2026-07-11 07:15:02] Fetching https://waitz.io/live/ucsd-rec
[2026-07-11 07:15:03] Saved 4 rows to ucsd_occupancy_history.csv
[2026-07-11 07:15:03] Main Gym Fitness Gym: 1% (Closed) people=1 capacity=72 is_open=False hour_summary=closed
[2026-07-11 07:15:03] Outback Climbing Center: 6% (Closed) people=2 capacity=30 is_open=False hour_summary=closed
[2026-07-11 07:15:03] RIMAC Fitness Gym: 0% (Closed) people=0 capacity=150 is_open=False hour_summary=Closed until 8:00am
[2026-07-11 07:15:03] Triton Esports Center: 0% (Closed) people=0 capacity=35 is_open=False hour_summary=closed
[2026-07-11 07:15:03] === SCRAPE END OK ===
[2026-07-11 07:30:03] === SCRAPE START ===
[2026-07-11 07:30:03] Fetching https://waitz.io/live/ucsd-rec
[2026-07-11 07:30:04] Saved 4 rows to ucsd_occupancy_history.csv
[2026-07-11 07:30:04] Main Gym Fitness Gym: 1% (Closed) people=0 capacity=72 is_open=False hour_summary=closed
[2026-07-11 07:30:04] Outback Climbing Center: 7% (Closed) people=2 capacity=30 is_open=False hour_summary=closed
[2026-07-11 07:30:04] RIMAC Fitness Gym: 0% (Closed) people=0 capacity=150 is_open=False hour_summary=Closed until 8:00am
[2026-07-11 07:30:04] Triton Esports Center: 0% (Closed) people=0 capacity=35 is_open=False hour_summary=closed
[2026-07-11 07:30:04] === SCRAPE END OK ===
[2026-07-11 07:45:02] === SCRAPE START ===
[2026-07-11 07:45:02] Fetching https://waitz.io/live/ucsd-rec
[2026-07-11 07:45:03] Saved 4 rows to ucsd_occupancy_history.csv
[2026-07-11 07:45:03] Main Gym Fitness Gym: 1% (Closed) people=1 capacity=72 is_open=False hour_summary=closed
[2026-07-11 07:45:03] Outback Climbing Center: 9% (Closed) people=3 capacity=30 is_open=False hour_summary=closed
[2026-07-11 07:45:03] RIMAC Fitness Gym: 0% (Closed) people=0 capacity=150 is_open=False hour_summary=Closed until 8:00am
[2026-07-11 07:45:03] Triton Esports Center: 0% (Closed) people=0 capacity=35 is_open=False hour_summary=closed
[2026-07-11 07:45:03] === SCRAPE END OK ===
[2026-07-11 08:00:02] === SCRAPE START ===
[2026-07-11 08:00:02] Fetching https://waitz.io/live/ucsd-rec
[2026-07-11 08:00:03] Saved 4 rows to ucsd_occupancy_history.csv
[2026-07-11 08:00:03] Main Gym Fitness Gym: 1% (Closed) people=0 capacity=72 is_open=False hour_summary=closed
[2026-07-11 08:00:03] Outback Climbing Center: 7% (Closed) people=2 capacity=30 is_open=False hour_summary=closed
[2026-07-11 08:00:03] RIMAC Fitness Gym: 0% (Not Busy) people=0 capacity=150 is_open=True hour_summary=open
[2026-07-11 08:00:03] Triton Esports Center: 0% (Closed) people=0 capacity=35 is_open=False hour_summary=closed
[2026-07-11 08:00:03] === SCRAPE END OK ===
[2026-07-11 08:15:02] === SCRAPE START ===
[2026-07-11 08:15:02] Fetching https://waitz.io/live/ucsd-rec
[2026-07-11 08:15:03] Saved 4 rows to ucsd_occupancy_history.csv
[2026-07-11 08:15:03] Main Gym Fitness Gym: 1% (Closed) people=1 capacity=72 is_open=False hour_summary=closed
[2026-07-11 08:15:03] Outback Climbing Center: 9% (Closed) people=3 capacity=30 is_open=False hour_summary=closed
[2026-07-11 08:15:03] RIMAC Fitness Gym: 1% (Not Busy) people=2 capacity=150 is_open=True hour_summary=open
[2026-07-11 08:15:03] Triton Esports Center: 0% (Closed) people=0 capacity=35 is_open=False hour_summary=closed
[2026-07-11 08:15:03] === SCRAPE END OK ===
[2026-07-11 08:30:02] === SCRAPE START ===
[2026-07-11 08:30:02] Fetching https://waitz.io/live/ucsd-rec
[2026-07-11 08:30:04] Saved 4 rows to ucsd_occupancy_history.csv
[2026-07-11 08:30:04] Main Gym Fitness Gym: 1% (Closed) people=1 capacity=72 is_open=False hour_summary=closed
[2026-07-11 08:30:04] Outback Climbing Center: 13% (Closed) people=4 capacity=30 is_open=False hour_summary=closed
[2026-07-11 08:30:04] RIMAC Fitness Gym: 6% (Not Busy) people=10 capacity=150 is_open=True hour_summary=open
[2026-07-11 08:30:04] Triton Esports Center: 0% (Closed) people=0 capacity=35 is_open=False hour_summary=closed
[2026-07-11 08:30:04] === SCRAPE END OK ===
[2026-07-11 08:45:02] === SCRAPE START ===
[2026-07-11 08:45:02] Fetching https://waitz.io/live/ucsd-rec
[2026-07-11 08:45:03] Saved 4 rows to ucsd_occupancy_history.csv
[2026-07-11 08:45:03] Main Gym Fitness Gym: 1% (Closed) people=1 capacity=72 is_open=False hour_summary=closed
[2026-07-11 08:45:03] Outback Climbing Center: 10% (Closed) people=3 capacity=30 is_open=False hour_summary=closed
[2026-07-11 08:45:03] RIMAC Fitness Gym: 5% (Not Busy) people=7 capacity=150 is_open=True hour_summary=open
[2026-07-11 08:45:03] Triton Esports Center: 0% (Closed) people=0 capacity=35 is_open=False hour_summary=closed
[2026-07-11 08:45:03] === SCRAPE END OK ===
[2026-07-11 09:00:02] === SCRAPE START ===
[2026-07-11 09:00:02] Fetching https://waitz.io/live/ucsd-rec
[2026-07-11 09:00:04] Saved 4 rows to ucsd_occupancy_history.csv
[2026-07-11 09:00:04] Main Gym Fitness Gym: 2% (Closed) people=2 capacity=72 is_open=False hour_summary=closed
[2026-07-11 09:00:04] Outback Climbing Center: 9% (Closed) people=3 capacity=30 is_open=False hour_summary=closed
[2026-07-11 09:00:04] RIMAC Fitness Gym: 8% (Not Busy) people=11 capacity=150 is_open=True hour_summary=open
[2026-07-11 09:00:04] Triton Esports Center: 0% (Closed) people=0 capacity=35 is_open=False hour_summary=closed
[2026-07-11 09:00:04] === SCRAPE END OK ===
[2026-07-11 09:15:02] === SCRAPE START ===
[2026-07-11 09:15:02] Fetching https://waitz.io/live/ucsd-rec
[2026-07-11 09:15:03] Saved 4 rows to ucsd_occupancy_history.csv
[2026-07-11 09:15:03] Main Gym Fitness Gym: 12% (Closed) people=9 capacity=72 is_open=False hour_summary=closed
[2026-07-11 09:15:03] Outback Climbing Center: 7% (Closed) people=2 capacity=30 is_open=False hour_summary=closed
[2026-07-11 09:15:03] RIMAC Fitness Gym: 11% (Not Busy) people=17 capacity=150 is_open=True hour_summary=open
[2026-07-11 09:15:03] Triton Esports Center: 0% (Closed) people=0 capacity=35 is_open=False hour_summary=closed
[2026-07-11 09:15:03] === SCRAPE END OK ===
[2026-07-11 09:30:02] === SCRAPE START ===
[2026-07-11 09:30:02] Fetching https://waitz.io/live/ucsd-rec
[2026-07-11 09:30:04] Saved 4 rows to ucsd_occupancy_history.csv
[2026-07-11 09:30:04] Main Gym Fitness Gym: 20% (Closed) people=14 capacity=72 is_open=False hour_summary=closed
[2026-07-11 09:30:04] Outback Climbing Center: 12% (Closed) people=4 capacity=30 is_open=False hour_summary=closed
[2026-07-11 09:30:04] RIMAC Fitness Gym: 13% (Not Busy) people=19 capacity=150 is_open=True hour_summary=open
[2026-07-11 09:30:04] Triton Esports Center: 0% (Closed) people=0 capacity=35 is_open=False hour_summary=closed
[2026-07-11 09:30:04] === SCRAPE END OK ===
[2026-07-11 09:45:02] === SCRAPE START ===
[2026-07-11 09:45:02] Fetching https://waitz.io/live/ucsd-rec
[2026-07-11 09:45:03] Saved 4 rows to ucsd_occupancy_history.csv
[2026-07-11 09:45:03] Main Gym Fitness Gym: 19% (Closed) people=14 capacity=72 is_open=False hour_summary=closed
[2026-07-11 09:45:03] Outback Climbing Center: 11% (Closed) people=3 capacity=30 is_open=False hour_summary=closed
[2026-07-11 09:45:03] RIMAC Fitness Gym: 14% (Not Busy) people=20 capacity=150 is_open=True hour_summary=open
[2026-07-11 09:45:03] Triton Esports Center: 0% (Closed) people=0 capacity=35 is_open=False hour_summary=closed
[2026-07-11 09:45:03] === SCRAPE END OK ===
[2026-07-11 10:00:02] === SCRAPE START ===
[2026-07-11 10:00:02] Fetching https://waitz.io/live/ucsd-rec
[2026-07-11 10:00:04] Saved 4 rows to ucsd_occupancy_history.csv
[2026-07-11 10:00:04] Main Gym Fitness Gym: 32% (Closed) people=23 capacity=72 is_open=False hour_summary=closed
[2026-07-11 10:00:04] Outback Climbing Center: 7% (Closed) people=2 capacity=30 is_open=False hour_summary=closed
[2026-07-11 10:00:04] RIMAC Fitness Gym: 18% (Not Busy) people=27 capacity=150 is_open=True hour_summary=open
[2026-07-11 10:00:04] Triton Esports Center: 0% (Closed) people=0 capacity=35 is_open=False hour_summary=closed
[2026-07-11 10:00:04] === SCRAPE END OK ===
[2026-07-11 10:15:02] === SCRAPE START ===
[2026-07-11 10:15:02] Fetching https://waitz.io/live/ucsd-rec
[2026-07-11 10:15:03] Saved 4 rows to ucsd_occupancy_history.csv
[2026-07-11 10:15:03] Main Gym Fitness Gym: 40% (Closed) people=29 capacity=72 is_open=False hour_summary=closed
[2026-07-11 10:15:03] Outback Climbing Center: 8% (Closed) people=2 capacity=30 is_open=False hour_summary=closed
[2026-07-11 10:15:03] RIMAC Fitness Gym: 18% (Not Busy) people=27 capacity=150 is_open=True hour_summary=open
[2026-07-11 10:15:03] Triton Esports Center: 0% (Closed) people=0 capacity=35 is_open=False hour_summary=closed
[2026-07-11 10:15:03] === SCRAPE END OK ===
[2026-07-11 10:30:02] === SCRAPE START ===
[2026-07-11 10:30:02] Fetching https://waitz.io/live/ucsd-rec
[2026-07-11 10:30:04] Saved 4 rows to ucsd_occupancy_history.csv
[2026-07-11 10:30:04] Main Gym Fitness Gym: 51% (Closed) people=37 capacity=72 is_open=False hour_summary=closed
[2026-07-11 10:30:04] Outback Climbing Center: 13% (Closed) people=4 capacity=30 is_open=False hour_summary=closed
[2026-07-11 10:30:04] RIMAC Fitness Gym: 13% (Not Busy) people=20 capacity=150 is_open=True hour_summary=open
[2026-07-11 10:30:04] Triton Esports Center: 0% (Closed) people=0 capacity=35 is_open=False hour_summary=closed
[2026-07-11 10:30:04] === SCRAPE END OK ===
[2026-07-11 10:45:02] === SCRAPE START ===
[2026-07-11 10:45:02] Fetching https://waitz.io/live/ucsd-rec
[2026-07-11 10:45:03] Saved 4 rows to ucsd_occupancy_history.csv
[2026-07-11 10:45:03] Main Gym Fitness Gym: 47% (Closed) people=34 capacity=72 is_open=False hour_summary=closed
[2026-07-11 10:45:03] Outback Climbing Center: 6% (Closed) people=2 capacity=30 is_open=False hour_summary=closed
[2026-07-11 10:45:03] RIMAC Fitness Gym: 17% (Not Busy) people=26 capacity=150 is_open=True hour_summary=open
[2026-07-11 10:45:03] Triton Esports Center: 0% (Closed) people=0 capacity=35 is_open=False hour_summary=closed
[2026-07-11 10:45:03] === SCRAPE END OK ===
[2026-07-11 11:00:02] === SCRAPE START ===
[2026-07-11 11:00:02] Fetching https://waitz.io/live/ucsd-rec
[2026-07-11 11:00:04] Saved 4 rows to ucsd_occupancy_history.csv
[2026-07-11 11:00:04] Main Gym Fitness Gym: 46% (Closed) people=33 capacity=72 is_open=False hour_summary=closed
[2026-07-11 11:00:04] Outback Climbing Center: 10% (Closed) people=3 capacity=30 is_open=False hour_summary=closed
[2026-07-11 11:00:04] RIMAC Fitness Gym: 12% (Not Busy) people=18 capacity=150 is_open=True hour_summary=open
[2026-07-11 11:00:04] Triton Esports Center: 0% (Closed) people=0 capacity=35 is_open=False hour_summary=closed
[2026-07-11 11:00:04] === SCRAPE END OK ===
[2026-07-11 11:15:02] === SCRAPE START ===
[2026-07-11 11:15:02] Fetching https://waitz.io/live/ucsd-rec
[2026-07-11 11:15:03] Saved 4 rows to ucsd_occupancy_history.csv
[2026-07-11 11:15:03] Main Gym Fitness Gym: 44% (Closed) people=32 capacity=72 is_open=False hour_summary=closed
[2026-07-11 11:15:03] Outback Climbing Center: 6% (Closed) people=2 capacity=30 is_open=False hour_summary=closed
[2026-07-11 11:15:03] RIMAC Fitness Gym: 9% (Not Busy) people=14 capacity=150 is_open=True hour_summary=open
[2026-07-11 11:15:03] Triton Esports Center: 0% (Closed) people=0 capacity=35 is_open=False hour_summary=closed
[2026-07-11 11:15:03] === SCRAPE END OK ===
[2026-07-11 11:30:02] === SCRAPE START ===
[2026-07-11 11:30:02] Fetching https://waitz.io/live/ucsd-rec
[2026-07-11 11:30:04] Saved 4 rows to ucsd_occupancy_history.csv
[2026-07-11 11:30:04] Main Gym Fitness Gym: 35% (Closed) people=25 capacity=72 is_open=False hour_summary=closed
[2026-07-11 11:30:04] Outback Climbing Center: 8% (Closed) people=2 capacity=30 is_open=False hour_summary=closed
[2026-07-11 11:30:04] RIMAC Fitness Gym: 13% (Not Busy) people=20 capacity=150 is_open=True hour_summary=open
[2026-07-11 11:30:04] Triton Esports Center: 0% (Closed) people=0 capacity=35 is_open=False hour_summary=closed
[2026-07-11 11:30:04] === SCRAPE END OK ===
[2026-07-11 11:45:02] === SCRAPE START ===
[2026-07-11 11:45:02] Fetching https://waitz.io/live/ucsd-rec
[2026-07-11 11:45:03] Saved 4 rows to ucsd_occupancy_history.csv
[2026-07-11 11:45:03] Main Gym Fitness Gym: 37% (Closed) people=27 capacity=72 is_open=False hour_summary=closed
[2026-07-11 11:45:03] Outback Climbing Center: 10% (Closed) people=3 capacity=30 is_open=False hour_summary=closed
[2026-07-11 11:45:03] RIMAC Fitness Gym: 0% (Data Unavailable) people=0 capacity=150 is_open=True hour_summary=open
[2026-07-11 11:45:03] Triton Esports Center: 0% (Closed) people=0 capacity=35 is_open=False hour_summary=closed
[2026-07-11 11:45:03] === SCRAPE END OK ===
[2026-07-11 12:00:02] === SCRAPE START ===
[2026-07-11 12:00:02] Fetching https://waitz.io/live/ucsd-rec
[2026-07-11 12:00:04] Saved 4 rows to ucsd_occupancy_history.csv
[2026-07-11 12:00:04] Main Gym Fitness Gym: 40% (Closed) people=29 capacity=72 is_open=False hour_summary=closed
[2026-07-11 12:00:04] Outback Climbing Center: 7% (Closed) people=2 capacity=30 is_open=False hour_summary=closed
[2026-07-11 12:00:04] RIMAC Fitness Gym: 12% (Not Busy) people=18 capacity=150 is_open=True hour_summary=open
[2026-07-11 12:00:04] Triton Esports Center: 0% (Closed) people=0 capacity=35 is_open=False hour_summary=closed
[2026-07-11 12:00:04] === SCRAPE END OK ===
[2026-07-11 12:15:02] === SCRAPE START ===
[2026-07-11 12:15:02] Fetching https://waitz.io/live/ucsd-rec
[2026-07-11 12:15:03] Saved 4 rows to ucsd_occupancy_history.csv
[2026-07-11 12:15:03] Main Gym Fitness Gym: 31% (Closed) people=22 capacity=72 is_open=False hour_summary=closed
[2026-07-11 12:15:03] Outback Climbing Center: 8% (Closed) people=3 capacity=30 is_open=False hour_summary=closed
[2026-07-11 12:15:03] RIMAC Fitness Gym: 13% (Not Busy) people=20 capacity=150 is_open=True hour_summary=open
[2026-07-11 12:15:03] Triton Esports Center: 0% (Closed) people=0 capacity=35 is_open=False hour_summary=closed
[2026-07-11 12:15:03] === SCRAPE END OK ===
[2026-07-11 12:30:02] === SCRAPE START ===
[2026-07-11 12:30:02] Fetching https://waitz.io/live/ucsd-rec
[2026-07-11 12:30:04] Saved 4 rows to ucsd_occupancy_history.csv
[2026-07-11 12:30:04] Main Gym Fitness Gym: 25% (Closed) people=18 capacity=72 is_open=False hour_summary=closed
[2026-07-11 12:30:04] Outback Climbing Center: 8% (Closed) people=2 capacity=30 is_open=False hour_summary=closed
[2026-07-11 12:30:04] RIMAC Fitness Gym: 10% (Not Busy) people=15 capacity=150 is_open=True hour_summary=open
[2026-07-11 12:30:04] Triton Esports Center: 0% (Closed) people=0 capacity=35 is_open=False hour_summary=closed
[2026-07-11 12:30:04] === SCRAPE END OK ===
[2026-07-11 12:45:02] === SCRAPE START ===
[2026-07-11 12:45:02] Fetching https://waitz.io/live/ucsd-rec
[2026-07-11 12:45:03] Saved 4 rows to ucsd_occupancy_history.csv
[2026-07-11 12:45:03] Main Gym Fitness Gym: 29% (Closed) people=21 capacity=72 is_open=False hour_summary=closed
[2026-07-11 12:45:03] Outback Climbing Center: 4% (Closed) people=1 capacity=30 is_open=False hour_summary=closed
[2026-07-11 12:45:03] RIMAC Fitness Gym: 9% (Not Busy) people=13 capacity=150 is_open=True hour_summary=open
[2026-07-11 12:45:03] Triton Esports Center: 0% (Closed) people=0 capacity=35 is_open=False hour_summary=closed
[2026-07-11 12:45:03] === SCRAPE END OK ===
[2026-07-11 13:00:03] === SCRAPE START ===
[2026-07-11 13:00:03] Fetching https://waitz.io/live/ucsd-rec
[2026-07-11 13:00:04] Saved 4 rows to ucsd_occupancy_history.csv
[2026-07-11 13:00:04] Main Gym Fitness Gym: 22% (Closed) people=16 capacity=72 is_open=False hour_summary=closed
[2026-07-11 13:00:04] Outback Climbing Center: 7% (Closed) people=2 capacity=30 is_open=False hour_summary=closed
[2026-07-11 13:00:04] RIMAC Fitness Gym: 11% (Not Busy) people=16 capacity=150 is_open=True hour_summary=open
[2026-07-11 13:00:04] Triton Esports Center: 0% (Closed) people=0 capacity=35 is_open=False hour_summary=closed
[2026-07-11 13:00:04] === SCRAPE END OK ===
[2026-07-11 13:15:03] === SCRAPE START ===
[2026-07-11 13:15:03] Fetching https://waitz.io/live/ucsd-rec
[2026-07-11 13:15:04] Saved 4 rows to ucsd_occupancy_history.csv
[2026-07-11 13:15:04] Main Gym Fitness Gym: 12% (Closed) people=8 capacity=72 is_open=False hour_summary=closed
[2026-07-11 13:15:04] Outback Climbing Center: 10% (Closed) people=3 capacity=30 is_open=False hour_summary=closed
[2026-07-11 13:15:04] RIMAC Fitness Gym: 11% (Not Busy) people=16 capacity=150 is_open=True hour_summary=open
[2026-07-11 13:15:04] Triton Esports Center: 0% (Closed) people=0 capacity=35 is_open=False hour_summary=closed
[2026-07-11 13:15:04] === SCRAPE END OK ===
[2026-07-11 13:30:02] === SCRAPE START ===
[2026-07-11 13:30:02] Fetching https://waitz.io/live/ucsd-rec
[2026-07-11 13:30:35] HTTP ERROR: HTTPSConnectionPool(host='waitz.io', port=443): Read timed out. (read timeout=20)
[2026-07-11 13:45:02] === SCRAPE START ===
[2026-07-11 13:45:02] Fetching https://waitz.io/live/ucsd-rec
[2026-07-11 13:45:28] HTTP ERROR: HTTPSConnectionPool(host='waitz.io', port=443): Read timed out. (read timeout=20)
[2026-07-11 14:00:03] === SCRAPE START ===
[2026-07-11 14:00:03] Fetching https://waitz.io/live/ucsd-rec
[2026-07-11 14:00:13] Saved 4 rows to ucsd_occupancy_history.csv
[2026-07-11 14:00:13] Main Gym Fitness Gym: 0% (Closed) people=0 capacity=72 is_open=False hour_summary=closed
[2026-07-11 14:00:13] Outback Climbing Center: 9% (Closed) people=3 capacity=30 is_open=False hour_summary=closed
[2026-07-11 14:00:13] RIMAC Fitness Gym: 6% (Not Busy) people=10 capacity=150 is_open=True hour_summary=open
[2026-07-11 14:00:13] Triton Esports Center: 0% (Closed) people=0 capacity=35 is_open=False hour_summary=closed
[2026-07-11 14:00:13] === SCRAPE END OK ===
[2026-07-11 14:15:03] === SCRAPE START ===
[2026-07-11 14:15:03] Fetching https://waitz.io/live/ucsd-rec
[2026-07-11 14:15:04] Saved 4 rows to ucsd_occupancy_history.csv
[2026-07-11 14:15:04] Main Gym Fitness Gym: 13% (Closed) people=10 capacity=72 is_open=False hour_summary=closed
[2026-07-11 14:15:04] Outback Climbing Center: 4% (Closed) people=1 capacity=30 is_open=False hour_summary=closed
[2026-07-11 14:15:04] RIMAC Fitness Gym: 7% (Not Busy) people=10 capacity=150 is_open=True hour_summary=open
[2026-07-11 14:15:04] Triton Esports Center: 0% (Closed) people=0 capacity=35 is_open=False hour_summary=closed
[2026-07-11 14:15:04] === SCRAPE END OK ===
[2026-07-11 14:30:03] === SCRAPE START ===
[2026-07-11 14:30:03] Fetching https://waitz.io/live/ucsd-rec
[2026-07-11 14:30:04] Saved 4 rows to ucsd_occupancy_history.csv
[2026-07-11 14:30:04] Main Gym Fitness Gym: 4% (Closed) people=3 capacity=72 is_open=False hour_summary=closed
[2026-07-11 14:30:04] Outback Climbing Center: 7% (Closed) people=2 capacity=30 is_open=False hour_summary=closed
[2026-07-11 14:30:04] RIMAC Fitness Gym: 8% (Not Busy) people=12 capacity=150 is_open=True hour_summary=open
[2026-07-11 14:30:04] Triton Esports Center: 0% (Closed) people=0 capacity=35 is_open=False hour_summary=closed
[2026-07-11 14:30:04] === SCRAPE END OK ===
[2026-07-11 14:45:02] === SCRAPE START ===
[2026-07-11 14:45:02] Fetching https://waitz.io/live/ucsd-rec
[2026-07-11 14:45:12] Saved 4 rows to ucsd_occupancy_history.csv
[2026-07-11 14:45:12] Main Gym Fitness Gym: 4% (Closed) people=3 capacity=72 is_open=False hour_summary=closed
[2026-07-11 14:45:12] Outback Climbing Center: 7% (Closed) people=2 capacity=30 is_open=False hour_summary=closed
[2026-07-11 14:45:12] RIMAC Fitness Gym: 10% (Not Busy) people=14 capacity=150 is_open=True hour_summary=open
[2026-07-11 14:45:12] Triton Esports Center: 0% (Closed) people=0 capacity=35 is_open=False hour_summary=closed
[2026-07-11 14:45:12] === SCRAPE END OK ===
[2026-07-11 15:00:03] === SCRAPE START ===
[2026-07-11 15:00:03] Fetching https://waitz.io/live/ucsd-rec
[2026-07-11 15:00:04] Saved 4 rows to ucsd_occupancy_history.csv
[2026-07-11 15:00:04] Main Gym Fitness Gym: 5% (Closed) people=4 capacity=72 is_open=False hour_summary=closed
[2026-07-11 15:00:04] Outback Climbing Center: 13% (Closed) people=4 capacity=30 is_open=False hour_summary=closed
[2026-07-11 15:00:04] RIMAC Fitness Gym: 8% (Not Busy) people=11 capacity=150 is_open=True hour_summary=open
[2026-07-11 15:00:04] Triton Esports Center: 0% (Closed) people=0 capacity=35 is_open=False hour_summary=closed
[2026-07-11 15:00:04] === SCRAPE END OK ===
[2026-07-11 15:15:03] === SCRAPE START ===
[2026-07-11 15:15:03] Fetching https://waitz.io/live/ucsd-rec
[2026-07-11 15:15:04] Saved 4 rows to ucsd_occupancy_history.csv
[2026-07-11 15:15:04] Main Gym Fitness Gym: 7% (Closed) people=5 capacity=72 is_open=False hour_summary=closed
[2026-07-11 15:15:04] Outback Climbing Center: 13% (Closed) people=4 capacity=30 is_open=False hour_summary=closed
[2026-07-11 15:15:04] RIMAC Fitness Gym: 7% (Not Busy) people=10 capacity=150 is_open=True hour_summary=open
[2026-07-11 15:15:04] Triton Esports Center: 0% (Closed) people=0 capacity=35 is_open=False hour_summary=closed
[2026-07-11 15:15:04] === SCRAPE END OK ===
[2026-07-11 15:30:02] === SCRAPE START ===
[2026-07-11 15:30:02] Fetching https://waitz.io/live/ucsd-rec
[2026-07-11 15:30:04] Saved 4 rows to ucsd_occupancy_history.csv
[2026-07-11 15:30:04] Main Gym Fitness Gym: 1% (Closed) people=1 capacity=72 is_open=False hour_summary=closed
[2026-07-11 15:30:04] Outback Climbing Center: 12% (Closed) people=4 capacity=30 is_open=False hour_summary=closed
[2026-07-11 15:30:04] RIMAC Fitness Gym: 8% (Not Busy) people=12 capacity=150 is_open=True hour_summary=open
[2026-07-11 15:30:04] Triton Esports Center: 0% (Closed) people=0 capacity=35 is_open=False hour_summary=closed
[2026-07-11 15:30:04] === SCRAPE END OK ===
[2026-07-11 15:45:03] === SCRAPE START ===
[2026-07-11 15:45:03] Fetching https://waitz.io/live/ucsd-rec
[2026-07-11 15:45:05] Saved 4 rows to ucsd_occupancy_history.csv
[2026-07-11 15:45:05] Main Gym Fitness Gym: 2% (Closed) people=2 capacity=72 is_open=False hour_summary=closed
[2026-07-11 15:45:05] Outback Climbing Center: 12% (Closed) people=4 capacity=30 is_open=False hour_summary=closed
[2026-07-11 15:45:05] RIMAC Fitness Gym: 9% (Not Busy) people=13 capacity=150 is_open=True hour_summary=open
[2026-07-11 15:45:05] Triton Esports Center: 0% (Closed) people=0 capacity=35 is_open=False hour_summary=closed
[2026-07-11 15:45:05] === SCRAPE END OK ===
[2026-07-11 16:00:03] === SCRAPE START ===
[2026-07-11 16:00:03] Fetching https://waitz.io/live/ucsd-rec
[2026-07-11 16:00:04] Saved 4 rows to ucsd_occupancy_history.csv
[2026-07-11 16:00:04] Main Gym Fitness Gym: 1% (Closed) people=1 capacity=72 is_open=False hour_summary=closed
[2026-07-11 16:00:04] Outback Climbing Center: 9% (Closed) people=3 capacity=30 is_open=False hour_summary=closed
[2026-07-11 16:00:04] RIMAC Fitness Gym: 8% (Not Busy) people=12 capacity=150 is_open=True hour_summary=open
[2026-07-11 16:00:04] Triton Esports Center: 0% (Closed) people=0 capacity=35 is_open=False hour_summary=closed
[2026-07-11 16:00:04] === SCRAPE END OK ===
[2026-07-11 16:15:03] === SCRAPE START ===
[2026-07-11 16:15:03] Fetching https://waitz.io/live/ucsd-rec
[2026-07-11 16:15:09] Saved 4 rows to ucsd_occupancy_history.csv
[2026-07-11 16:15:09] Main Gym Fitness Gym: 2% (Closed) people=1 capacity=72 is_open=False hour_summary=closed
[2026-07-11 16:15:09] Outback Climbing Center: 5% (Closed) people=2 capacity=30 is_open=False hour_summary=closed
[2026-07-11 16:15:09] RIMAC Fitness Gym: 13% (Not Busy) people=20 capacity=150 is_open=True hour_summary=open
[2026-07-11 16:15:09] Triton Esports Center: 0% (Closed) people=0 capacity=35 is_open=False hour_summary=closed
[2026-07-11 16:15:09] === SCRAPE END OK ===
[2026-07-11 16:30:03] === SCRAPE START ===
[2026-07-11 16:30:03] Fetching https://waitz.io/live/ucsd-rec
[2026-07-11 16:30:04] Saved 4 rows to ucsd_occupancy_history.csv
[2026-07-11 16:30:04] Main Gym Fitness Gym: 2% (Closed) people=1 capacity=72 is_open=False hour_summary=closed
[2026-07-11 16:30:04] Outback Climbing Center: 10% (Closed) people=3 capacity=30 is_open=False hour_summary=closed
[2026-07-11 16:30:04] RIMAC Fitness Gym: 13% (Not Busy) people=20 capacity=150 is_open=True hour_summary=open
[2026-07-11 16:30:04] Triton Esports Center: 0% (Closed) people=0 capacity=35 is_open=False hour_summary=closed
[2026-07-11 16:30:04] === SCRAPE END OK ===
[2026-07-11 16:45:03] === SCRAPE START ===
[2026-07-11 16:45:03] Fetching https://waitz.io/live/ucsd-rec
[2026-07-11 16:45:05] Saved 4 rows to ucsd_occupancy_history.csv
[2026-07-11 16:45:05] Main Gym Fitness Gym: 1% (Closed) people=1 capacity=72 is_open=False hour_summary=closed
[2026-07-11 16:45:05] Outback Climbing Center: 6% (Closed) people=2 capacity=30 is_open=False hour_summary=closed
[2026-07-11 16:45:05] RIMAC Fitness Gym: 19% (Not Busy) people=29 capacity=150 is_open=True hour_summary=open
[2026-07-11 16:45:05] Triton Esports Center: 0% (Closed) people=0 capacity=35 is_open=False hour_summary=closed
[2026-07-11 16:45:05] === SCRAPE END OK ===
[2026-07-11 17:00:02] === SCRAPE START ===
[2026-07-11 17:00:02] Fetching https://waitz.io/live/ucsd-rec
[2026-07-11 17:00:04] Saved 4 rows to ucsd_occupancy_history.csv
[2026-07-11 17:00:04] Main Gym Fitness Gym: 2% (Closed) people=1 capacity=72 is_open=False hour_summary=closed
[2026-07-11 17:00:04] Outback Climbing Center: 15% (Closed) people=5 capacity=30 is_open=False hour_summary=closed
[2026-07-11 17:00:04] RIMAC Fitness Gym: 17% (Not Busy) people=26 capacity=150 is_open=True hour_summary=open
[2026-07-11 17:00:04] Triton Esports Center: 0% (Closed) people=0 capacity=35 is_open=False hour_summary=closed
[2026-07-11 17:00:04] === SCRAPE END OK ===
[2026-07-11 17:15:02] === SCRAPE START ===
[2026-07-11 17:15:02] Fetching https://waitz.io/live/ucsd-rec
[2026-07-11 17:15:04] Saved 4 rows to ucsd_occupancy_history.csv
[2026-07-11 17:15:04] Main Gym Fitness Gym: 2% (Closed) people=2 capacity=72 is_open=False hour_summary=closed
[2026-07-11 17:15:04] Outback Climbing Center: 13% (Closed) people=4 capacity=30 is_open=False hour_summary=closed
[2026-07-11 17:15:04] RIMAC Fitness Gym: 19% (Not Busy) people=28 capacity=150 is_open=True hour_summary=open
[2026-07-11 17:15:04] Triton Esports Center: 0% (Closed) people=0 capacity=35 is_open=False hour_summary=closed
[2026-07-11 17:15:04] === SCRAPE END OK ===
[2026-07-11 17:30:03] === SCRAPE START ===
[2026-07-11 17:30:03] Fetching https://waitz.io/live/ucsd-rec
[2026-07-11 17:30:04] Saved 4 rows to ucsd_occupancy_history.csv
[2026-07-11 17:30:04] Main Gym Fitness Gym: 1% (Closed) people=1 capacity=72 is_open=False hour_summary=closed
[2026-07-11 17:30:04] Outback Climbing Center: 9% (Closed) people=3 capacity=30 is_open=False hour_summary=closed
[2026-07-11 17:30:04] RIMAC Fitness Gym: 18% (Not Busy) people=27 capacity=150 is_open=True hour_summary=open
[2026-07-11 17:30:04] Triton Esports Center: 0% (Closed) people=0 capacity=35 is_open=False hour_summary=closed
[2026-07-11 17:30:04] === SCRAPE END OK ===
[2026-07-11 17:45:03] === SCRAPE START ===
[2026-07-11 17:45:03] Fetching https://waitz.io/live/ucsd-rec
[2026-07-11 17:45:04] Saved 4 rows to ucsd_occupancy_history.csv
[2026-07-11 17:45:04] Main Gym Fitness Gym: 2% (Closed) people=2 capacity=72 is_open=False hour_summary=closed
[2026-07-11 17:45:04] Outback Climbing Center: 10% (Closed) people=3 capacity=30 is_open=False hour_summary=closed
[2026-07-11 17:45:04] RIMAC Fitness Gym: 21% (Not Busy) people=31 capacity=150 is_open=True hour_summary=open
[2026-07-11 17:45:04] Triton Esports Center: 0% (Closed) people=0 capacity=35 is_open=False hour_summary=closed
[2026-07-11 17:45:04] === SCRAPE END OK ===
[2026-07-11 18:00:02] === SCRAPE START ===
[2026-07-11 18:00:02] Fetching https://waitz.io/live/ucsd-rec
[2026-07-11 18:00:04] Saved 4 rows to ucsd_occupancy_history.csv
[2026-07-11 18:00:04] Main Gym Fitness Gym: 2% (Closed) people=1 capacity=72 is_open=False hour_summary=closed
[2026-07-11 18:00:04] Outback Climbing Center: 11% (Closed) people=3 capacity=30 is_open=False hour_summary=closed
[2026-07-11 18:00:04] RIMAC Fitness Gym: 21% (Not Busy) people=31 capacity=150 is_open=True hour_summary=open
[2026-07-11 18:00:04] Triton Esports Center: 0% (Closed) people=0 capacity=35 is_open=False hour_summary=closed
[2026-07-11 18:00:04] === SCRAPE END OK ===
[2026-07-11 18:15:02] === SCRAPE START ===
[2026-07-11 18:15:02] Fetching https://waitz.io/live/ucsd-rec
[2026-07-11 18:15:03] Saved 4 rows to ucsd_occupancy_history.csv
[2026-07-11 18:15:03] Main Gym Fitness Gym: 3% (Closed) people=2 capacity=72 is_open=False hour_summary=closed
[2026-07-11 18:15:03] Outback Climbing Center: 8% (Closed) people=2 capacity=30 is_open=False hour_summary=closed
[2026-07-11 18:15:03] RIMAC Fitness Gym: 21% (Not Busy) people=32 capacity=150 is_open=True hour_summary=open
[2026-07-11 18:15:03] Triton Esports Center: 0% (Closed) people=0 capacity=35 is_open=False hour_summary=closed
[2026-07-11 18:15:03] === SCRAPE END OK ===
[2026-07-11 18:30:03] === SCRAPE START ===
[2026-07-11 18:30:03] Fetching https://waitz.io/live/ucsd-rec
[2026-07-11 18:30:04] Saved 4 rows to ucsd_occupancy_history.csv
[2026-07-11 18:30:04] Main Gym Fitness Gym: 1% (Closed) people=1 capacity=72 is_open=False hour_summary=closed
[2026-07-11 18:30:04] Outback Climbing Center: 9% (Closed) people=3 capacity=30 is_open=False hour_summary=closed
[2026-07-11 18:30:04] RIMAC Fitness Gym: 20% (Not Busy) people=30 capacity=150 is_open=True hour_summary=open
[2026-07-11 18:30:04] Triton Esports Center: 0% (Closed) people=0 capacity=35 is_open=False hour_summary=closed
[2026-07-11 18:30:04] === SCRAPE END OK ===
[2026-07-11 18:45:03] === SCRAPE START ===
[2026-07-11 18:45:03] Fetching https://waitz.io/live/ucsd-rec
[2026-07-11 18:45:04] Saved 4 rows to ucsd_occupancy_history.csv
[2026-07-11 18:45:04] Main Gym Fitness Gym: 2% (Closed) people=1 capacity=72 is_open=False hour_summary=closed
[2026-07-11 18:45:04] Outback Climbing Center: 10% (Closed) people=3 capacity=30 is_open=False hour_summary=closed
[2026-07-11 18:45:04] RIMAC Fitness Gym: 26% (Not Busy) people=39 capacity=150 is_open=True hour_summary=open
[2026-07-11 18:45:04] Triton Esports Center: 0% (Closed) people=0 capacity=35 is_open=False hour_summary=closed
[2026-07-11 18:45:04] === SCRAPE END OK ===
[2026-07-11 19:00:02] === SCRAPE START ===
[2026-07-11 19:00:02] Fetching https://waitz.io/live/ucsd-rec
[2026-07-11 19:00:04] Saved 4 rows to ucsd_occupancy_history.csv
[2026-07-11 19:00:04] Main Gym Fitness Gym: 1% (Closed) people=1 capacity=72 is_open=False hour_summary=closed
[2026-07-11 19:00:04] Outback Climbing Center: 4% (Closed) people=1 capacity=30 is_open=False hour_summary=closed
[2026-07-11 19:00:04] RIMAC Fitness Gym: 26% (Not Busy) people=40 capacity=150 is_open=True hour_summary=open
[2026-07-11 19:00:04] Triton Esports Center: 0% (Closed) people=0 capacity=35 is_open=False hour_summary=closed
[2026-07-11 19:00:04] === SCRAPE END OK ===
[2026-07-11 19:15:03] === SCRAPE START ===
[2026-07-11 19:15:03] Fetching https://waitz.io/live/ucsd-rec
[2026-07-11 19:15:04] Saved 4 rows to ucsd_occupancy_history.csv
[2026-07-11 19:15:04] Main Gym Fitness Gym: 3% (Closed) people=2 capacity=72 is_open=False hour_summary=closed
[2026-07-11 19:15:04] Outback Climbing Center: 9% (Closed) people=3 capacity=30 is_open=False hour_summary=closed
[2026-07-11 19:15:04] RIMAC Fitness Gym: 25% (Not Busy) people=38 capacity=150 is_open=True hour_summary=open
[2026-07-11 19:15:04] Triton Esports Center: 0% (Closed) people=0 capacity=35 is_open=False hour_summary=closed
[2026-07-11 19:15:04] === SCRAPE END OK ===
[2026-07-11 19:30:03] === SCRAPE START ===
[2026-07-11 19:30:03] Fetching https://waitz.io/live/ucsd-rec
[2026-07-11 19:30:04] Saved 4 rows to ucsd_occupancy_history.csv
[2026-07-11 19:30:04] Main Gym Fitness Gym: 2% (Closed) people=1 capacity=72 is_open=False hour_summary=closed
[2026-07-11 19:30:04] Outback Climbing Center: 8% (Closed) people=2 capacity=30 is_open=False hour_summary=closed
[2026-07-11 19:30:04] RIMAC Fitness Gym: 15% (Not Busy) people=22 capacity=150 is_open=True hour_summary=open
[2026-07-11 19:30:04] Triton Esports Center: 0% (Closed) people=0 capacity=35 is_open=False hour_summary=closed
[2026-07-11 19:30:04] === SCRAPE END OK ===
