[2026-04-21 00:00:01] === SCRAPE START ===
[2026-04-21 00:00:01] Fetching https://waitz.io/live/ucsd-rec
[2026-04-21 00:00:03] Saved 4 rows to ucsd_occupancy_history.csv
[2026-04-21 00:00:03] Main Gym Fitness Gym: 1% (Closed) people=1 capacity=72 is_open=False hour_summary=Closed until 6:00am
[2026-04-21 00:00:03] Outback Climbing Center: 3% (Closed) people=1 capacity=30 is_open=False hour_summary=Closed until 10:00am
[2026-04-21 00:00:03] RIMAC Fitness Gym: 10% (Closed) people=14 capacity=150 is_open=False hour_summary=Closed until 6:00am
[2026-04-21 00:00:03] Triton Esports Center: 0% (Closed) people=0 capacity=35 is_open=False hour_summary=Closed until 7:30am
[2026-04-21 00:00:03] === SCRAPE END OK ===
[2026-04-21 00:15:02] === SCRAPE START ===
[2026-04-21 00:15:02] Fetching https://waitz.io/live/ucsd-rec
[2026-04-21 00:15:03] Saved 4 rows to ucsd_occupancy_history.csv
[2026-04-21 00:15:03] Main Gym Fitness Gym: 2% (Closed) people=1 capacity=72 is_open=False hour_summary=Closed until 6:00am
[2026-04-21 00:15:03] Outback Climbing Center: 1% (Closed) people=0 capacity=30 is_open=False hour_summary=Closed until 10:00am
[2026-04-21 00:15:03] RIMAC Fitness Gym: 1% (Closed) people=1 capacity=150 is_open=False hour_summary=Closed until 6:00am
[2026-04-21 00:15:03] Triton Esports Center: 0% (Closed) people=0 capacity=35 is_open=False hour_summary=Closed until 7:30am
[2026-04-21 00:15:03] === SCRAPE END OK ===
[2026-04-21 00:30:02] === SCRAPE START ===
[2026-04-21 00:30:02] Fetching https://waitz.io/live/ucsd-rec
[2026-04-21 00:30:03] Saved 4 rows to ucsd_occupancy_history.csv
[2026-04-21 00:30:03] Main Gym Fitness Gym: 2% (Closed) people=1 capacity=72 is_open=False hour_summary=Closed until 6:00am
[2026-04-21 00:30:03] Outback Climbing Center: 1% (Closed) people=0 capacity=30 is_open=False hour_summary=Closed until 10:00am
[2026-04-21 00:30:03] RIMAC Fitness Gym: 1% (Closed) people=1 capacity=150 is_open=False hour_summary=Closed until 6:00am
[2026-04-21 00:30:03] Triton Esports Center: 0% (Closed) people=0 capacity=35 is_open=False hour_summary=Closed until 7:30am
[2026-04-21 00:30:03] === SCRAPE END OK ===
[2026-04-21 00:45:02] === SCRAPE START ===
[2026-04-21 00:45:02] Fetching https://waitz.io/live/ucsd-rec
[2026-04-21 00:45:04] Saved 4 rows to ucsd_occupancy_history.csv
[2026-04-21 00:45:04] Main Gym Fitness Gym: 1% (Closed) people=1 capacity=72 is_open=False hour_summary=Closed until 6:00am
[2026-04-21 00:45:04] Outback Climbing Center: 1% (Closed) people=0 capacity=30 is_open=False hour_summary=Closed until 10:00am
[2026-04-21 00:45:04] RIMAC Fitness Gym: 1% (Closed) people=1 capacity=150 is_open=False hour_summary=Closed until 6:00am
[2026-04-21 00:45:04] Triton Esports Center: 0% (Closed) people=0 capacity=35 is_open=False hour_summary=Closed until 7:30am
[2026-04-21 00:45:04] === SCRAPE END OK ===
[2026-04-21 01:00:02] === SCRAPE START ===
[2026-04-21 01:00:02] Fetching https://waitz.io/live/ucsd-rec
[2026-04-21 01:00:04] Saved 4 rows to ucsd_occupancy_history.csv
[2026-04-21 01:00:04] Main Gym Fitness Gym: 2% (Closed) people=1 capacity=72 is_open=False hour_summary=Closed until 6:00am
[2026-04-21 01:00:04] Outback Climbing Center: 1% (Closed) people=0 capacity=30 is_open=False hour_summary=Closed until 10:00am
[2026-04-21 01:00:04] RIMAC Fitness Gym: 0% (Closed) people=1 capacity=150 is_open=False hour_summary=Closed until 6:00am
[2026-04-21 01:00:04] Triton Esports Center: 0% (Closed) people=0 capacity=35 is_open=False hour_summary=Closed until 7:30am
[2026-04-21 01:00:04] === SCRAPE END OK ===
[2026-04-21 01:15:02] === SCRAPE START ===
[2026-04-21 01:15:02] Fetching https://waitz.io/live/ucsd-rec
[2026-04-21 01:15:03] Saved 4 rows to ucsd_occupancy_history.csv
[2026-04-21 01:15:03] Main Gym Fitness Gym: 2% (Closed) people=1 capacity=72 is_open=False hour_summary=Closed until 6:00am
[2026-04-21 01:15:03] Outback Climbing Center: 1% (Closed) people=0 capacity=30 is_open=False hour_summary=Closed until 10:00am
[2026-04-21 01:15:03] RIMAC Fitness Gym: 0% (Closed) people=1 capacity=150 is_open=False hour_summary=Closed until 6:00am
[2026-04-21 01:15:03] Triton Esports Center: 0% (Closed) people=0 capacity=35 is_open=False hour_summary=Closed until 7:30am
[2026-04-21 01:15:03] === SCRAPE END OK ===
[2026-04-21 01:30:02] === SCRAPE START ===
[2026-04-21 01:30:02] Fetching https://waitz.io/live/ucsd-rec
[2026-04-21 01:30:03] Saved 4 rows to ucsd_occupancy_history.csv
[2026-04-21 01:30:03] Main Gym Fitness Gym: 2% (Closed) people=1 capacity=72 is_open=False hour_summary=Closed until 6:00am
[2026-04-21 01:30:03] Outback Climbing Center: 2% (Closed) people=0 capacity=30 is_open=False hour_summary=Closed until 10:00am
[2026-04-21 01:30:03] RIMAC Fitness Gym: 0% (Closed) people=1 capacity=150 is_open=False hour_summary=Closed until 6:00am
[2026-04-21 01:30:03] Triton Esports Center: 0% (Closed) people=0 capacity=35 is_open=False hour_summary=Closed until 7:30am
[2026-04-21 01:30:03] === SCRAPE END OK ===
[2026-04-21 01:45:02] === SCRAPE START ===
[2026-04-21 01:45:02] Fetching https://waitz.io/live/ucsd-rec
[2026-04-21 01:45:03] Saved 4 rows to ucsd_occupancy_history.csv
[2026-04-21 01:45:03] Main Gym Fitness Gym: 1% (Closed) people=1 capacity=72 is_open=False hour_summary=Closed until 6:00am
[2026-04-21 01:45:03] Outback Climbing Center: 2% (Closed) people=1 capacity=30 is_open=False hour_summary=Closed until 10:00am
[2026-04-21 01:45:03] RIMAC Fitness Gym: 1% (Closed) people=1 capacity=150 is_open=False hour_summary=Closed until 6:00am
[2026-04-21 01:45:03] Triton Esports Center: 0% (Closed) people=0 capacity=35 is_open=False hour_summary=Closed until 7:30am
[2026-04-21 01:45:03] === SCRAPE END OK ===
[2026-04-21 02:00:02] === SCRAPE START ===
[2026-04-21 02:00:02] Fetching https://waitz.io/live/ucsd-rec
[2026-04-21 02:00:04] Saved 4 rows to ucsd_occupancy_history.csv
[2026-04-21 02:00:04] Main Gym Fitness Gym: 1% (Closed) people=1 capacity=72 is_open=False hour_summary=Closed until 6:00am
[2026-04-21 02:00:04] Outback Climbing Center: 2% (Closed) people=1 capacity=30 is_open=False hour_summary=Closed until 10:00am
[2026-04-21 02:00:04] RIMAC Fitness Gym: 1% (Closed) people=1 capacity=150 is_open=False hour_summary=Closed until 6:00am
[2026-04-21 02:00:04] Triton Esports Center: 0% (Closed) people=0 capacity=35 is_open=False hour_summary=Closed until 7:30am
[2026-04-21 02:00:04] === SCRAPE END OK ===
[2026-04-21 02:15:02] === SCRAPE START ===
[2026-04-21 02:15:02] Fetching https://waitz.io/live/ucsd-rec
[2026-04-21 02:15:03] Saved 4 rows to ucsd_occupancy_history.csv
[2026-04-21 02:15:03] Main Gym Fitness Gym: 1% (Closed) people=1 capacity=72 is_open=False hour_summary=Closed until 6:00am
[2026-04-21 02:15:03] Outback Climbing Center: 4% (Closed) people=1 capacity=30 is_open=False hour_summary=Closed until 10:00am
[2026-04-21 02:15:03] RIMAC Fitness Gym: 1% (Closed) people=1 capacity=150 is_open=False hour_summary=Closed until 6:00am
[2026-04-21 02:15:03] Triton Esports Center: 0% (Closed) people=0 capacity=35 is_open=False hour_summary=Closed until 7:30am
[2026-04-21 02:15:03] === SCRAPE END OK ===
[2026-04-21 02:30:02] === SCRAPE START ===
[2026-04-21 02:30:02] Fetching https://waitz.io/live/ucsd-rec
[2026-04-21 02:30:04] Saved 4 rows to ucsd_occupancy_history.csv
[2026-04-21 02:30:04] Main Gym Fitness Gym: 1% (Closed) people=1 capacity=72 is_open=False hour_summary=Closed until 6:00am
[2026-04-21 02:30:04] Outback Climbing Center: 1% (Closed) people=0 capacity=30 is_open=False hour_summary=Closed until 10:00am
[2026-04-21 02:30:04] RIMAC Fitness Gym: 0% (Closed) people=1 capacity=150 is_open=False hour_summary=Closed until 6:00am
[2026-04-21 02:30:04] Triton Esports Center: 0% (Closed) people=0 capacity=35 is_open=False hour_summary=Closed until 7:30am
[2026-04-21 02:30:04] === SCRAPE END OK ===
[2026-04-21 02:45:03] === SCRAPE START ===
[2026-04-21 02:45:03] Fetching https://waitz.io/live/ucsd-rec
[2026-04-21 02:45:04] Saved 4 rows to ucsd_occupancy_history.csv
[2026-04-21 02:45:04] Main Gym Fitness Gym: 2% (Closed) people=1 capacity=72 is_open=False hour_summary=Closed until 6:00am
[2026-04-21 02:45:04] Outback Climbing Center: 1% (Closed) people=0 capacity=30 is_open=False hour_summary=Closed until 10:00am
[2026-04-21 02:45:04] RIMAC Fitness Gym: 0% (Closed) people=1 capacity=150 is_open=False hour_summary=Closed until 6:00am
[2026-04-21 02:45:04] Triton Esports Center: 0% (Closed) people=0 capacity=35 is_open=False hour_summary=Closed until 7:30am
[2026-04-21 02:45:04] === SCRAPE END OK ===
[2026-04-21 03:00:02] === SCRAPE START ===
[2026-04-21 03:00:02] Fetching https://waitz.io/live/ucsd-rec
[2026-04-21 03:00:03] Saved 4 rows to ucsd_occupancy_history.csv
[2026-04-21 03:00:03] Main Gym Fitness Gym: 1% (Closed) people=1 capacity=72 is_open=False hour_summary=Closed until 6:00am
[2026-04-21 03:00:03] Outback Climbing Center: 1% (Closed) people=0 capacity=30 is_open=False hour_summary=Closed until 10:00am
[2026-04-21 03:00:03] RIMAC Fitness Gym: 1% (Closed) people=1 capacity=150 is_open=False hour_summary=Closed until 6:00am
[2026-04-21 03:00:03] Triton Esports Center: 0% (Closed) people=0 capacity=35 is_open=False hour_summary=Closed until 7:30am
[2026-04-21 03:00:03] === SCRAPE END OK ===
[2026-04-21 03:15:02] === SCRAPE START ===
[2026-04-21 03:15:02] Fetching https://waitz.io/live/ucsd-rec
[2026-04-21 03:15:03] Saved 4 rows to ucsd_occupancy_history.csv
[2026-04-21 03:15:03] Main Gym Fitness Gym: 2% (Closed) people=1 capacity=72 is_open=False hour_summary=Closed until 6:00am
[2026-04-21 03:15:03] Outback Climbing Center: 1% (Closed) people=0 capacity=30 is_open=False hour_summary=Closed until 10:00am
[2026-04-21 03:15:03] RIMAC Fitness Gym: 1% (Closed) people=1 capacity=150 is_open=False hour_summary=Closed until 6:00am
[2026-04-21 03:15:03] Triton Esports Center: 0% (Closed) people=0 capacity=35 is_open=False hour_summary=Closed until 7:30am
[2026-04-21 03:15:03] === SCRAPE END OK ===
[2026-04-21 03:30:02] === SCRAPE START ===
[2026-04-21 03:30:02] Fetching https://waitz.io/live/ucsd-rec
[2026-04-21 03:30:04] Saved 4 rows to ucsd_occupancy_history.csv
[2026-04-21 03:30:04] Main Gym Fitness Gym: 1% (Closed) people=1 capacity=72 is_open=False hour_summary=Closed until 6:00am
[2026-04-21 03:30:04] Outback Climbing Center: 1% (Closed) people=0 capacity=30 is_open=False hour_summary=Closed until 10:00am
[2026-04-21 03:30:04] RIMAC Fitness Gym: 1% (Closed) people=1 capacity=150 is_open=False hour_summary=Closed until 6:00am
[2026-04-21 03:30:04] Triton Esports Center: 0% (Closed) people=0 capacity=35 is_open=False hour_summary=Closed until 7:30am
[2026-04-21 03:30:04] === SCRAPE END OK ===
[2026-04-21 03:45:02] === SCRAPE START ===
[2026-04-21 03:45:02] Fetching https://waitz.io/live/ucsd-rec
[2026-04-21 03:45:03] Saved 4 rows to ucsd_occupancy_history.csv
[2026-04-21 03:45:03] Main Gym Fitness Gym: 1% (Closed) people=1 capacity=72 is_open=False hour_summary=Closed until 6:00am
[2026-04-21 03:45:03] Outback Climbing Center: 1% (Closed) people=0 capacity=30 is_open=False hour_summary=Closed until 10:00am
[2026-04-21 03:45:03] RIMAC Fitness Gym: 1% (Closed) people=1 capacity=150 is_open=False hour_summary=Closed until 6:00am
[2026-04-21 03:45:03] Triton Esports Center: 0% (Closed) people=0 capacity=35 is_open=False hour_summary=Closed until 7:30am
[2026-04-21 03:45:03] === SCRAPE END OK ===
[2026-04-21 04:00:02] === SCRAPE START ===
[2026-04-21 04:00:02] Fetching https://waitz.io/live/ucsd-rec
[2026-04-21 04:00:03] Saved 4 rows to ucsd_occupancy_history.csv
[2026-04-21 04:00:03] Main Gym Fitness Gym: 1% (Closed) people=1 capacity=72 is_open=False hour_summary=Closed until 6:00am
[2026-04-21 04:00:03] Outback Climbing Center: 1% (Closed) people=0 capacity=30 is_open=False hour_summary=Closed until 10:00am
[2026-04-21 04:00:03] RIMAC Fitness Gym: 0% (Closed) people=1 capacity=150 is_open=False hour_summary=Closed until 6:00am
[2026-04-21 04:00:03] Triton Esports Center: 0% (Closed) people=0 capacity=35 is_open=False hour_summary=Closed until 7:30am
[2026-04-21 04:00:03] === SCRAPE END OK ===
[2026-04-21 04:15:02] === SCRAPE START ===
[2026-04-21 04:15:02] Fetching https://waitz.io/live/ucsd-rec
[2026-04-21 04:15:03] Saved 4 rows to ucsd_occupancy_history.csv
[2026-04-21 04:15:03] Main Gym Fitness Gym: 1% (Closed) people=1 capacity=72 is_open=False hour_summary=Closed until 6:00am
[2026-04-21 04:15:03] Outback Climbing Center: 4% (Closed) people=1 capacity=30 is_open=False hour_summary=Closed until 10:00am
[2026-04-21 04:15:03] RIMAC Fitness Gym: 0% (Closed) people=1 capacity=150 is_open=False hour_summary=Closed until 6:00am
[2026-04-21 04:15:03] Triton Esports Center: 0% (Closed) people=0 capacity=35 is_open=False hour_summary=Closed until 7:30am
[2026-04-21 04:15:03] === SCRAPE END OK ===
[2026-04-21 04:30:02] === SCRAPE START ===
[2026-04-21 04:30:02] Fetching https://waitz.io/live/ucsd-rec
[2026-04-21 04:30:03] Saved 4 rows to ucsd_occupancy_history.csv
[2026-04-21 04:30:03] Main Gym Fitness Gym: 2% (Closed) people=1 capacity=72 is_open=False hour_summary=Closed until 6:00am
[2026-04-21 04:30:03] Outback Climbing Center: 2% (Closed) people=0 capacity=30 is_open=False hour_summary=Closed until 10:00am
[2026-04-21 04:30:03] RIMAC Fitness Gym: 1% (Closed) people=1 capacity=150 is_open=False hour_summary=Closed until 6:00am
[2026-04-21 04:30:03] Triton Esports Center: 0% (Closed) people=0 capacity=35 is_open=False hour_summary=Closed until 7:30am
[2026-04-21 04:30:03] === SCRAPE END OK ===
[2026-04-21 04:45:02] === SCRAPE START ===
[2026-04-21 04:45:02] Fetching https://waitz.io/live/ucsd-rec
[2026-04-21 04:45:03] Saved 4 rows to ucsd_occupancy_history.csv
[2026-04-21 04:45:03] Main Gym Fitness Gym: 1% (Closed) people=1 capacity=72 is_open=False hour_summary=Closed until 6:00am
[2026-04-21 04:45:03] Outback Climbing Center: 1% (Closed) people=0 capacity=30 is_open=False hour_summary=Closed until 10:00am
[2026-04-21 04:45:03] RIMAC Fitness Gym: 0% (Closed) people=0 capacity=150 is_open=False hour_summary=Closed until 6:00am
[2026-04-21 04:45:03] Triton Esports Center: 0% (Closed) people=0 capacity=35 is_open=False hour_summary=Closed until 7:30am
[2026-04-21 04:45:03] === SCRAPE END OK ===
[2026-04-21 05:00:02] === SCRAPE START ===
[2026-04-21 05:00:02] Fetching https://waitz.io/live/ucsd-rec
[2026-04-21 05:00:04] Saved 4 rows to ucsd_occupancy_history.csv
[2026-04-21 05:00:04] Main Gym Fitness Gym: 2% (Closed) people=1 capacity=72 is_open=False hour_summary=Closed until 6:00am
[2026-04-21 05:00:04] Outback Climbing Center: 1% (Closed) people=0 capacity=30 is_open=False hour_summary=Closed until 10:00am
[2026-04-21 05:00:04] RIMAC Fitness Gym: 1% (Closed) people=1 capacity=150 is_open=False hour_summary=Closed until 6:00am
[2026-04-21 05:00:04] Triton Esports Center: 0% (Closed) people=0 capacity=35 is_open=False hour_summary=Closed until 7:30am
[2026-04-21 05:00:04] === SCRAPE END OK ===
[2026-04-21 05:15:02] === SCRAPE START ===
[2026-04-21 05:15:02] Fetching https://waitz.io/live/ucsd-rec
[2026-04-21 05:15:03] Saved 4 rows to ucsd_occupancy_history.csv
[2026-04-21 05:15:03] Main Gym Fitness Gym: 1% (Closed) people=1 capacity=72 is_open=False hour_summary=Closed until 6:00am
[2026-04-21 05:15:03] Outback Climbing Center: 4% (Closed) people=1 capacity=30 is_open=False hour_summary=Closed until 10:00am
[2026-04-21 05:15:03] RIMAC Fitness Gym: 1% (Closed) people=1 capacity=150 is_open=False hour_summary=Closed until 6:00am
[2026-04-21 05:15:03] Triton Esports Center: 0% (Closed) people=0 capacity=35 is_open=False hour_summary=Closed until 7:30am
[2026-04-21 05:15:03] === SCRAPE END OK ===
[2026-04-21 05:30:02] === SCRAPE START ===
[2026-04-21 05:30:02] Fetching https://waitz.io/live/ucsd-rec
[2026-04-21 05:30:03] Saved 4 rows to ucsd_occupancy_history.csv
[2026-04-21 05:30:03] Main Gym Fitness Gym: 2% (Closed) people=1 capacity=72 is_open=False hour_summary=Closed until 6:00am
[2026-04-21 05:30:03] Outback Climbing Center: 3% (Closed) people=1 capacity=30 is_open=False hour_summary=Closed until 10:00am
[2026-04-21 05:30:03] RIMAC Fitness Gym: 1% (Closed) people=2 capacity=150 is_open=False hour_summary=Closed until 6:00am
[2026-04-21 05:30:03] Triton Esports Center: 0% (Closed) people=0 capacity=35 is_open=False hour_summary=Closed until 7:30am
[2026-04-21 05:30:03] === SCRAPE END OK ===
[2026-04-21 05:45:02] === SCRAPE START ===
[2026-04-21 05:45:02] Fetching https://waitz.io/live/ucsd-rec
[2026-04-21 05:45:03] Saved 4 rows to ucsd_occupancy_history.csv
[2026-04-21 05:45:03] Main Gym Fitness Gym: 2% (Closed) people=1 capacity=72 is_open=False hour_summary=Closed until 6:00am
[2026-04-21 05:45:03] Outback Climbing Center: 5% (Closed) people=1 capacity=30 is_open=False hour_summary=Closed until 10:00am
[2026-04-21 05:45:03] RIMAC Fitness Gym: 1% (Closed) people=1 capacity=150 is_open=False hour_summary=Closed until 6:00am
[2026-04-21 05:45:03] Triton Esports Center: 0% (Closed) people=0 capacity=35 is_open=False hour_summary=Closed until 7:30am
[2026-04-21 05:45:03] === SCRAPE END OK ===
[2026-04-21 06:00:02] === SCRAPE START ===
[2026-04-21 06:00:02] Fetching https://waitz.io/live/ucsd-rec
[2026-04-21 06:00:03] Saved 4 rows to ucsd_occupancy_history.csv
[2026-04-21 06:00:03] Main Gym Fitness Gym: 1% (Not Busy) people=1 capacity=72 is_open=True hour_summary=open
[2026-04-21 06:00:03] Outback Climbing Center: 3% (Closed) people=1 capacity=30 is_open=False hour_summary=Closed until 10:00am
[2026-04-21 06:00:03] RIMAC Fitness Gym: 5% (Not Busy) people=7 capacity=150 is_open=True hour_summary=open
[2026-04-21 06:00:03] Triton Esports Center: 0% (Closed) people=0 capacity=35 is_open=False hour_summary=Closed until 7:30am
[2026-04-21 06:00:03] === SCRAPE END OK ===
[2026-04-21 06:15:02] === SCRAPE START ===
[2026-04-21 06:15:02] Fetching https://waitz.io/live/ucsd-rec
[2026-04-21 06:15:03] Saved 4 rows to ucsd_occupancy_history.csv
[2026-04-21 06:15:03] Main Gym Fitness Gym: 16% (Not Busy) people=11 capacity=72 is_open=True hour_summary=open
[2026-04-21 06:15:03] Outback Climbing Center: 3% (Closed) people=1 capacity=30 is_open=False hour_summary=Closed until 10:00am
[2026-04-21 06:15:03] RIMAC Fitness Gym: 22% (Not Busy) people=33 capacity=150 is_open=True hour_summary=open
[2026-04-21 06:15:03] Triton Esports Center: 0% (Closed) people=0 capacity=35 is_open=False hour_summary=Closed until 7:30am
[2026-04-21 06:15:03] === SCRAPE END OK ===
[2026-04-21 06:30:02] === SCRAPE START ===
[2026-04-21 06:30:02] Fetching https://waitz.io/live/ucsd-rec
[2026-04-21 06:30:03] Saved 4 rows to ucsd_occupancy_history.csv
[2026-04-21 06:30:03] Main Gym Fitness Gym: 14% (Not Busy) people=10 capacity=72 is_open=True hour_summary=open
[2026-04-21 06:30:03] Outback Climbing Center: 2% (Closed) people=1 capacity=30 is_open=False hour_summary=Closed until 10:00am
[2026-04-21 06:30:03] RIMAC Fitness Gym: 30% (Not Busy) people=45 capacity=150 is_open=True hour_summary=open
[2026-04-21 06:30:03] Triton Esports Center: 0% (Closed) people=0 capacity=35 is_open=False hour_summary=Closed until 7:30am
[2026-04-21 06:30:03] === SCRAPE END OK ===
[2026-04-21 06:45:02] === SCRAPE START ===
[2026-04-21 06:45:02] Fetching https://waitz.io/live/ucsd-rec
[2026-04-21 06:45:03] Saved 4 rows to ucsd_occupancy_history.csv
[2026-04-21 06:45:03] Main Gym Fitness Gym: 5% (Not Busy) people=4 capacity=72 is_open=True hour_summary=open
[2026-04-21 06:45:03] Outback Climbing Center: 1% (Closed) people=0 capacity=30 is_open=False hour_summary=Closed until 10:00am
[2026-04-21 06:45:03] RIMAC Fitness Gym: 39% (Not Busy) people=59 capacity=150 is_open=True hour_summary=open
[2026-04-21 06:45:03] Triton Esports Center: 0% (Closed) people=0 capacity=35 is_open=False hour_summary=Closed until 7:30am
[2026-04-21 06:45:03] === SCRAPE END OK ===
[2026-04-21 07:00:02] === SCRAPE START ===
[2026-04-21 07:00:02] Fetching https://waitz.io/live/ucsd-rec
[2026-04-21 07:00:03] Saved 4 rows to ucsd_occupancy_history.csv
[2026-04-21 07:00:03] Main Gym Fitness Gym: 12% (Not Busy) people=9 capacity=72 is_open=True hour_summary=open
[2026-04-21 07:00:03] Outback Climbing Center: 6% (Closed) people=2 capacity=30 is_open=False hour_summary=Closed until 10:00am
[2026-04-21 07:00:03] RIMAC Fitness Gym: 40% (Not Busy) people=60 capacity=150 is_open=True hour_summary=open
[2026-04-21 07:00:03] Triton Esports Center: 0% (Closed) people=0 capacity=35 is_open=False hour_summary=Closed until 7:30am
[2026-04-21 07:00:03] === SCRAPE END OK ===
[2026-04-21 07:15:04] === SCRAPE START ===
[2026-04-21 07:15:04] Fetching https://waitz.io/live/ucsd-rec
[2026-04-21 07:15:05] Saved 4 rows to ucsd_occupancy_history.csv
[2026-04-21 07:15:05] Main Gym Fitness Gym: 12% (Not Busy) people=9 capacity=72 is_open=True hour_summary=open
[2026-04-21 07:15:05] Outback Climbing Center: 7% (Closed) people=2 capacity=30 is_open=False hour_summary=Closed until 10:00am
[2026-04-21 07:15:05] RIMAC Fitness Gym: 42% (Not Busy) people=63 capacity=150 is_open=True hour_summary=open
[2026-04-21 07:15:05] Triton Esports Center: 0% (Closed) people=0 capacity=35 is_open=False hour_summary=Closed until 7:30am
[2026-04-21 07:15:05] === SCRAPE END OK ===
[2026-04-21 07:30:02] === SCRAPE START ===
[2026-04-21 07:30:02] Fetching https://waitz.io/live/ucsd-rec
[2026-04-21 07:30:03] Saved 4 rows to ucsd_occupancy_history.csv
[2026-04-21 07:30:03] Main Gym Fitness Gym: 19% (Not Busy) people=14 capacity=72 is_open=True hour_summary=open
[2026-04-21 07:30:03] Outback Climbing Center: 2% (Closed) people=0 capacity=30 is_open=False hour_summary=Closed until 10:00am
[2026-04-21 07:30:03] RIMAC Fitness Gym: 42% (Not Busy) people=63 capacity=150 is_open=True hour_summary=open
[2026-04-21 07:30:03] Triton Esports Center: 0% (Not Busy) people=0 capacity=35 is_open=True hour_summary=open
[2026-04-21 07:30:03] === SCRAPE END OK ===
[2026-04-21 07:45:02] === SCRAPE START ===
[2026-04-21 07:45:02] Fetching https://waitz.io/live/ucsd-rec
[2026-04-21 07:45:03] Saved 4 rows to ucsd_occupancy_history.csv
[2026-04-21 07:45:03] Main Gym Fitness Gym: 18% (Not Busy) people=13 capacity=72 is_open=True hour_summary=open
[2026-04-21 07:45:03] Outback Climbing Center: 4% (Closed) people=1 capacity=30 is_open=False hour_summary=Closed until 10:00am
[2026-04-21 07:45:03] RIMAC Fitness Gym: 44% (Not Busy) people=66 capacity=150 is_open=True hour_summary=open
[2026-04-21 07:45:03] Triton Esports Center: 1% (Not Busy) people=0 capacity=35 is_open=True hour_summary=open
[2026-04-21 07:45:03] === SCRAPE END OK ===
[2026-04-21 08:00:02] === SCRAPE START ===
[2026-04-21 08:00:02] Fetching https://waitz.io/live/ucsd-rec
[2026-04-21 08:00:03] Saved 4 rows to ucsd_occupancy_history.csv
[2026-04-21 08:00:03] Main Gym Fitness Gym: 99% (Very Active) people=126 capacity=72 is_open=True hour_summary=open
[2026-04-21 08:00:03] Outback Climbing Center: 2% (Closed) people=1 capacity=30 is_open=False hour_summary=Closed until 10:00am
[2026-04-21 08:00:03] RIMAC Fitness Gym: 53% (Busy) people=79 capacity=150 is_open=True hour_summary=open
[2026-04-21 08:00:03] Triton Esports Center: 1% (Not Busy) people=0 capacity=35 is_open=True hour_summary=open
[2026-04-21 08:00:03] === SCRAPE END OK ===
