[2026-06-11 00:00:01] === SCRAPE START ===
[2026-06-11 00:00:01] Fetching https://waitz.io/live/ucsd-rec
[2026-06-11 00:00:02] Saved 4 rows to ucsd_occupancy_history.csv
[2026-06-11 00:00:02] Main Gym Fitness Gym: 2% (Closed) people=1 capacity=72 is_open=False hour_summary=Closed until 6:00am
[2026-06-11 00:00:02] Outback Climbing Center: 7% (Closed) people=2 capacity=30 is_open=False hour_summary=Closed until 10:00am
[2026-06-11 00:00:02] RIMAC Fitness Gym: 0% (Closed) people=1 capacity=150 is_open=False hour_summary=Closed until 6:00am
[2026-06-11 00:00:02] Triton Esports Center: 0% (Closed) people=0 capacity=35 is_open=False hour_summary=Closed until 7:30am
[2026-06-11 00:00:02] === SCRAPE END OK ===
[2026-06-11 00:15:02] === SCRAPE START ===
[2026-06-11 00:15:02] Fetching https://waitz.io/live/ucsd-rec
[2026-06-11 00:15:04] Saved 4 rows to ucsd_occupancy_history.csv
[2026-06-11 00:15:04] Main Gym Fitness Gym: 1% (Closed) people=1 capacity=72 is_open=False hour_summary=Closed until 6:00am
[2026-06-11 00:15:04] Outback Climbing Center: 7% (Closed) people=2 capacity=30 is_open=False hour_summary=Closed until 10:00am
[2026-06-11 00:15:04] RIMAC Fitness Gym: 0% (Closed) people=1 capacity=150 is_open=False hour_summary=Closed until 6:00am
[2026-06-11 00:15:04] Triton Esports Center: 0% (Closed) people=0 capacity=35 is_open=False hour_summary=Closed until 7:30am
[2026-06-11 00:15:04] === SCRAPE END OK ===
[2026-06-11 00:30:03] === SCRAPE START ===
[2026-06-11 00:30:03] Fetching https://waitz.io/live/ucsd-rec
[2026-06-11 00:30:04] Saved 4 rows to ucsd_occupancy_history.csv
[2026-06-11 00:30:04] Main Gym Fitness Gym: 1% (Closed) people=1 capacity=72 is_open=False hour_summary=Closed until 6:00am
[2026-06-11 00:30:04] Outback Climbing Center: 4% (Closed) people=1 capacity=30 is_open=False hour_summary=Closed until 10:00am
[2026-06-11 00:30:04] RIMAC Fitness Gym: 0% (Closed) people=1 capacity=150 is_open=False hour_summary=Closed until 6:00am
[2026-06-11 00:30:04] Triton Esports Center: 0% (Closed) people=0 capacity=35 is_open=False hour_summary=Closed until 7:30am
[2026-06-11 00:30:04] === SCRAPE END OK ===
[2026-06-11 00:45:02] === SCRAPE START ===
[2026-06-11 00:45:02] Fetching https://waitz.io/live/ucsd-rec
[2026-06-11 00:45:04] Saved 4 rows to ucsd_occupancy_history.csv
[2026-06-11 00:45:04] Main Gym Fitness Gym: 2% (Closed) people=1 capacity=72 is_open=False hour_summary=Closed until 6:00am
[2026-06-11 00:45:04] Outback Climbing Center: 6% (Closed) people=2 capacity=30 is_open=False hour_summary=Closed until 10:00am
[2026-06-11 00:45:04] RIMAC Fitness Gym: 1% (Closed) people=1 capacity=150 is_open=False hour_summary=Closed until 6:00am
[2026-06-11 00:45:04] Triton Esports Center: 0% (Closed) people=0 capacity=35 is_open=False hour_summary=Closed until 7:30am
[2026-06-11 00:45:04] === SCRAPE END OK ===
[2026-06-11 01:00:02] === SCRAPE START ===
[2026-06-11 01:00:02] Fetching https://waitz.io/live/ucsd-rec
[2026-06-11 01:00:04] Saved 4 rows to ucsd_occupancy_history.csv
[2026-06-11 01:00:04] Main Gym Fitness Gym: 2% (Closed) people=1 capacity=72 is_open=False hour_summary=Closed until 6:00am
[2026-06-11 01:00:04] Outback Climbing Center: 8% (Closed) people=3 capacity=30 is_open=False hour_summary=Closed until 10:00am
[2026-06-11 01:00:04] RIMAC Fitness Gym: 0% (Closed) people=1 capacity=150 is_open=False hour_summary=Closed until 6:00am
[2026-06-11 01:00:04] Triton Esports Center: 0% (Closed) people=0 capacity=35 is_open=False hour_summary=Closed until 7:30am
[2026-06-11 01:00:04] === SCRAPE END OK ===
[2026-06-11 01:15:02] === SCRAPE START ===
[2026-06-11 01:15:02] Fetching https://waitz.io/live/ucsd-rec
[2026-06-11 01:15:03] Saved 4 rows to ucsd_occupancy_history.csv
[2026-06-11 01:15:03] Main Gym Fitness Gym: 2% (Closed) people=1 capacity=72 is_open=False hour_summary=Closed until 6:00am
[2026-06-11 01:15:03] Outback Climbing Center: 10% (Closed) people=3 capacity=30 is_open=False hour_summary=Closed until 10:00am
[2026-06-11 01:15:03] RIMAC Fitness Gym: 0% (Closed) people=0 capacity=150 is_open=False hour_summary=Closed until 6:00am
[2026-06-11 01:15:03] Triton Esports Center: 0% (Closed) people=0 capacity=35 is_open=False hour_summary=Closed until 7:30am
[2026-06-11 01:15:03] === SCRAPE END OK ===
[2026-06-11 01:30:02] === SCRAPE START ===
[2026-06-11 01:30:02] Fetching https://waitz.io/live/ucsd-rec
[2026-06-11 01:30:04] Saved 4 rows to ucsd_occupancy_history.csv
[2026-06-11 01:30:04] Main Gym Fitness Gym: 1% (Closed) people=0 capacity=72 is_open=False hour_summary=Closed until 6:00am
[2026-06-11 01:30:04] Outback Climbing Center: 3% (Closed) people=1 capacity=30 is_open=False hour_summary=Closed until 10:00am
[2026-06-11 01:30:04] RIMAC Fitness Gym: 0% (Closed) people=0 capacity=150 is_open=False hour_summary=Closed until 6:00am
[2026-06-11 01:30:04] Triton Esports Center: 0% (Closed) people=0 capacity=35 is_open=False hour_summary=Closed until 7:30am
[2026-06-11 01:30:04] === SCRAPE END OK ===
[2026-06-11 01:45:02] === SCRAPE START ===
[2026-06-11 01:45:02] Fetching https://waitz.io/live/ucsd-rec
[2026-06-11 01:45:02] Saved 4 rows to ucsd_occupancy_history.csv
[2026-06-11 01:45:02] Main Gym Fitness Gym: 1% (Closed) people=1 capacity=72 is_open=False hour_summary=Closed until 6:00am
[2026-06-11 01:45:02] Outback Climbing Center: 7% (Closed) people=2 capacity=30 is_open=False hour_summary=Closed until 10:00am
[2026-06-11 01:45:02] RIMAC Fitness Gym: 0% (Closed) people=0 capacity=150 is_open=False hour_summary=Closed until 6:00am
[2026-06-11 01:45:02] Triton Esports Center: 0% (Closed) people=0 capacity=35 is_open=False hour_summary=Closed until 7:30am
[2026-06-11 01:45:02] === SCRAPE END OK ===
[2026-06-11 02:00:02] === SCRAPE START ===
[2026-06-11 02:00:02] Fetching https://waitz.io/live/ucsd-rec
[2026-06-11 02:00:04] Saved 4 rows to ucsd_occupancy_history.csv
[2026-06-11 02:00:04] Main Gym Fitness Gym: 1% (Closed) people=1 capacity=72 is_open=False hour_summary=Closed until 6:00am
[2026-06-11 02:00:04] Outback Climbing Center: 4% (Closed) people=1 capacity=30 is_open=False hour_summary=Closed until 10:00am
[2026-06-11 02:00:04] RIMAC Fitness Gym: 0% (Closed) people=0 capacity=150 is_open=False hour_summary=Closed until 6:00am
[2026-06-11 02:00:04] Triton Esports Center: 0% (Closed) people=0 capacity=35 is_open=False hour_summary=Closed until 7:30am
[2026-06-11 02:00:04] === SCRAPE END OK ===
[2026-06-11 02:15:02] === SCRAPE START ===
[2026-06-11 02:15:02] Fetching https://waitz.io/live/ucsd-rec
[2026-06-11 02:15:04] Saved 4 rows to ucsd_occupancy_history.csv
[2026-06-11 02:15:04] Main Gym Fitness Gym: 1% (Closed) people=1 capacity=72 is_open=False hour_summary=Closed until 6:00am
[2026-06-11 02:15:04] Outback Climbing Center: 11% (Closed) people=3 capacity=30 is_open=False hour_summary=Closed until 10:00am
[2026-06-11 02:15:04] RIMAC Fitness Gym: 0% (Closed) people=0 capacity=150 is_open=False hour_summary=Closed until 6:00am
[2026-06-11 02:15:04] Triton Esports Center: 0% (Closed) people=0 capacity=35 is_open=False hour_summary=Closed until 7:30am
[2026-06-11 02:15:04] === SCRAPE END OK ===
[2026-06-11 02:30:02] === SCRAPE START ===
[2026-06-11 02:30:02] Fetching https://waitz.io/live/ucsd-rec
[2026-06-11 02:30:04] Saved 4 rows to ucsd_occupancy_history.csv
[2026-06-11 02:30:04] Main Gym Fitness Gym: 2% (Closed) people=1 capacity=72 is_open=False hour_summary=Closed until 6:00am
[2026-06-11 02:30:04] Outback Climbing Center: 10% (Closed) people=3 capacity=30 is_open=False hour_summary=Closed until 10:00am
[2026-06-11 02:30:04] RIMAC Fitness Gym: 0% (Closed) people=1 capacity=150 is_open=False hour_summary=Closed until 6:00am
[2026-06-11 02:30:04] Triton Esports Center: 0% (Closed) people=0 capacity=35 is_open=False hour_summary=Closed until 7:30am
[2026-06-11 02:30:04] === SCRAPE END OK ===
[2026-06-11 02:45:02] === SCRAPE START ===
[2026-06-11 02:45:02] Fetching https://waitz.io/live/ucsd-rec
[2026-06-11 02:45:03] Saved 4 rows to ucsd_occupancy_history.csv
[2026-06-11 02:45:03] Main Gym Fitness Gym: 2% (Closed) people=1 capacity=72 is_open=False hour_summary=Closed until 6:00am
[2026-06-11 02:45:03] Outback Climbing Center: 8% (Closed) people=3 capacity=30 is_open=False hour_summary=Closed until 10:00am
[2026-06-11 02:45:03] RIMAC Fitness Gym: 0% (Closed) people=1 capacity=150 is_open=False hour_summary=Closed until 6:00am
[2026-06-11 02:45:03] Triton Esports Center: 0% (Closed) people=0 capacity=35 is_open=False hour_summary=Closed until 7:30am
[2026-06-11 02:45:03] === SCRAPE END OK ===
[2026-06-11 03:00:02] === SCRAPE START ===
[2026-06-11 03:00:02] Fetching https://waitz.io/live/ucsd-rec
[2026-06-11 03:00:04] Saved 4 rows to ucsd_occupancy_history.csv
[2026-06-11 03:00:04] Main Gym Fitness Gym: 1% (Closed) people=1 capacity=72 is_open=False hour_summary=Closed until 6:00am
[2026-06-11 03:00:04] Outback Climbing Center: 4% (Closed) people=1 capacity=30 is_open=False hour_summary=Closed until 10:00am
[2026-06-11 03:00:04] RIMAC Fitness Gym: 0% (Closed) people=0 capacity=150 is_open=False hour_summary=Closed until 6:00am
[2026-06-11 03:00:04] Triton Esports Center: 0% (Closed) people=0 capacity=35 is_open=False hour_summary=Closed until 7:30am
[2026-06-11 03:00:04] === SCRAPE END OK ===
[2026-06-11 03:15:02] === SCRAPE START ===
[2026-06-11 03:15:02] Fetching https://waitz.io/live/ucsd-rec
[2026-06-11 03:15:04] Saved 4 rows to ucsd_occupancy_history.csv
[2026-06-11 03:15:04] Main Gym Fitness Gym: 1% (Closed) people=1 capacity=72 is_open=False hour_summary=Closed until 6:00am
[2026-06-11 03:15:04] Outback Climbing Center: 8% (Closed) people=2 capacity=30 is_open=False hour_summary=Closed until 10:00am
[2026-06-11 03:15:04] RIMAC Fitness Gym: 0% (Closed) people=0 capacity=150 is_open=False hour_summary=Closed until 6:00am
[2026-06-11 03:15:04] Triton Esports Center: 0% (Closed) people=0 capacity=35 is_open=False hour_summary=Closed until 7:30am
[2026-06-11 03:15:04] === SCRAPE END OK ===
[2026-06-11 03:30:02] === SCRAPE START ===
[2026-06-11 03:30:02] Fetching https://waitz.io/live/ucsd-rec
[2026-06-11 03:30:03] Saved 4 rows to ucsd_occupancy_history.csv
[2026-06-11 03:30:03] Main Gym Fitness Gym: 1% (Closed) people=1 capacity=72 is_open=False hour_summary=Closed until 6:00am
[2026-06-11 03:30:03] Outback Climbing Center: 6% (Closed) people=2 capacity=30 is_open=False hour_summary=Closed until 10:00am
[2026-06-11 03:30:03] RIMAC Fitness Gym: 0% (Closed) people=0 capacity=150 is_open=False hour_summary=Closed until 6:00am
[2026-06-11 03:30:03] Triton Esports Center: 0% (Closed) people=0 capacity=35 is_open=False hour_summary=Closed until 7:30am
[2026-06-11 03:30:03] === SCRAPE END OK ===
[2026-06-11 03:45:02] === SCRAPE START ===
[2026-06-11 03:45:02] Fetching https://waitz.io/live/ucsd-rec
[2026-06-11 03:45:03] Saved 4 rows to ucsd_occupancy_history.csv
[2026-06-11 03:45:03] Main Gym Fitness Gym: 1% (Closed) people=1 capacity=72 is_open=False hour_summary=Closed until 6:00am
[2026-06-11 03:45:03] Outback Climbing Center: 10% (Closed) people=3 capacity=30 is_open=False hour_summary=Closed until 10:00am
[2026-06-11 03:45:03] RIMAC Fitness Gym: 0% (Closed) people=0 capacity=150 is_open=False hour_summary=Closed until 6:00am
[2026-06-11 03:45:03] Triton Esports Center: 0% (Closed) people=0 capacity=35 is_open=False hour_summary=Closed until 7:30am
[2026-06-11 03:45:03] === SCRAPE END OK ===
[2026-06-11 04:00:02] === SCRAPE START ===
[2026-06-11 04:00:02] Fetching https://waitz.io/live/ucsd-rec
[2026-06-11 04:00:04] Saved 4 rows to ucsd_occupancy_history.csv
[2026-06-11 04:00:04] Main Gym Fitness Gym: 1% (Closed) people=1 capacity=72 is_open=False hour_summary=Closed until 6:00am
[2026-06-11 04:00:04] Outback Climbing Center: 8% (Closed) people=2 capacity=30 is_open=False hour_summary=Closed until 10:00am
[2026-06-11 04:00:04] RIMAC Fitness Gym: 0% (Closed) people=0 capacity=150 is_open=False hour_summary=Closed until 6:00am
[2026-06-11 04:00:04] Triton Esports Center: 0% (Closed) people=0 capacity=35 is_open=False hour_summary=Closed until 7:30am
[2026-06-11 04:00:04] === SCRAPE END OK ===
[2026-06-11 04:15:03] === SCRAPE START ===
[2026-06-11 04:15:03] Fetching https://waitz.io/live/ucsd-rec
[2026-06-11 04:15:03] Saved 4 rows to ucsd_occupancy_history.csv
[2026-06-11 04:15:03] Main Gym Fitness Gym: 1% (Closed) people=1 capacity=72 is_open=False hour_summary=Closed until 6:00am
[2026-06-11 04:15:03] Outback Climbing Center: 6% (Closed) people=2 capacity=30 is_open=False hour_summary=Closed until 10:00am
[2026-06-11 04:15:03] RIMAC Fitness Gym: 1% (Closed) people=1 capacity=150 is_open=False hour_summary=Closed until 6:00am
[2026-06-11 04:15:03] Triton Esports Center: 0% (Closed) people=0 capacity=35 is_open=False hour_summary=Closed until 7:30am
[2026-06-11 04:15:03] === SCRAPE END OK ===
[2026-06-11 04:30:02] === SCRAPE START ===
[2026-06-11 04:30:02] Fetching https://waitz.io/live/ucsd-rec
[2026-06-11 04:30:04] Saved 4 rows to ucsd_occupancy_history.csv
[2026-06-11 04:30:04] Main Gym Fitness Gym: 1% (Closed) people=1 capacity=72 is_open=False hour_summary=Closed until 6:00am
[2026-06-11 04:30:04] Outback Climbing Center: 6% (Closed) people=2 capacity=30 is_open=False hour_summary=Closed until 10:00am
[2026-06-11 04:30:04] RIMAC Fitness Gym: 0% (Closed) people=0 capacity=150 is_open=False hour_summary=Closed until 6:00am
[2026-06-11 04:30:04] Triton Esports Center: 0% (Closed) people=0 capacity=35 is_open=False hour_summary=Closed until 7:30am
[2026-06-11 04:30:04] === SCRAPE END OK ===
[2026-06-11 04:45:02] === SCRAPE START ===
[2026-06-11 04:45:02] Fetching https://waitz.io/live/ucsd-rec
[2026-06-11 04:45:04] Saved 4 rows to ucsd_occupancy_history.csv
[2026-06-11 04:45:04] Main Gym Fitness Gym: 1% (Closed) people=1 capacity=72 is_open=False hour_summary=Closed until 6:00am
[2026-06-11 04:45:04] Outback Climbing Center: 11% (Closed) people=3 capacity=30 is_open=False hour_summary=Closed until 10:00am
[2026-06-11 04:45:04] RIMAC Fitness Gym: 0% (Closed) people=0 capacity=150 is_open=False hour_summary=Closed until 6:00am
[2026-06-11 04:45:04] Triton Esports Center: 0% (Closed) people=0 capacity=35 is_open=False hour_summary=Closed until 7:30am
[2026-06-11 04:45:04] === SCRAPE END OK ===
[2026-06-11 05:00:02] === SCRAPE START ===
[2026-06-11 05:00:02] Fetching https://waitz.io/live/ucsd-rec
[2026-06-11 05:00:03] Saved 4 rows to ucsd_occupancy_history.csv
[2026-06-11 05:00:03] Main Gym Fitness Gym: 1% (Closed) people=1 capacity=72 is_open=False hour_summary=Closed until 6:00am
[2026-06-11 05:00:03] Outback Climbing Center: 7% (Closed) people=2 capacity=30 is_open=False hour_summary=Closed until 10:00am
[2026-06-11 05:00:03] RIMAC Fitness Gym: 0% (Closed) people=1 capacity=150 is_open=False hour_summary=Closed until 6:00am
[2026-06-11 05:00:03] Triton Esports Center: 0% (Closed) people=0 capacity=35 is_open=False hour_summary=Closed until 7:30am
[2026-06-11 05:00:03] === SCRAPE END OK ===
[2026-06-11 05:15:02] === SCRAPE START ===
[2026-06-11 05:15:02] Fetching https://waitz.io/live/ucsd-rec
[2026-06-11 05:15:03] Saved 4 rows to ucsd_occupancy_history.csv
[2026-06-11 05:15:03] Main Gym Fitness Gym: 1% (Closed) people=1 capacity=72 is_open=False hour_summary=Closed until 6:00am
[2026-06-11 05:15:03] Outback Climbing Center: 8% (Closed) people=2 capacity=30 is_open=False hour_summary=Closed until 10:00am
[2026-06-11 05:15:03] RIMAC Fitness Gym: 0% (Closed) people=0 capacity=150 is_open=False hour_summary=Closed until 6:00am
[2026-06-11 05:15:03] Triton Esports Center: 0% (Closed) people=0 capacity=35 is_open=False hour_summary=Closed until 7:30am
[2026-06-11 05:15:03] === SCRAPE END OK ===
[2026-06-11 05:30:02] === SCRAPE START ===
[2026-06-11 05:30:02] Fetching https://waitz.io/live/ucsd-rec
[2026-06-11 05:30:04] Saved 4 rows to ucsd_occupancy_history.csv
[2026-06-11 05:30:04] Main Gym Fitness Gym: 1% (Closed) people=1 capacity=72 is_open=False hour_summary=Closed until 6:00am
[2026-06-11 05:30:04] Outback Climbing Center: 3% (Closed) people=1 capacity=30 is_open=False hour_summary=Closed until 10:00am
[2026-06-11 05:30:04] RIMAC Fitness Gym: 0% (Closed) people=1 capacity=150 is_open=False hour_summary=Closed until 6:00am
[2026-06-11 05:30:04] Triton Esports Center: 0% (Closed) people=0 capacity=35 is_open=False hour_summary=Closed until 7:30am
[2026-06-11 05:30:04] === SCRAPE END OK ===
[2026-06-11 05:45:02] === SCRAPE START ===
[2026-06-11 05:45:02] Fetching https://waitz.io/live/ucsd-rec
[2026-06-11 05:45:04] Saved 4 rows to ucsd_occupancy_history.csv
[2026-06-11 05:45:04] Main Gym Fitness Gym: 1% (Closed) people=1 capacity=72 is_open=False hour_summary=Closed until 6:00am
[2026-06-11 05:45:04] Outback Climbing Center: 7% (Closed) people=2 capacity=30 is_open=False hour_summary=Closed until 10:00am
[2026-06-11 05:45:04] RIMAC Fitness Gym: 0% (Closed) people=0 capacity=150 is_open=False hour_summary=Closed until 6:00am
[2026-06-11 05:45:04] Triton Esports Center: 0% (Closed) people=0 capacity=35 is_open=False hour_summary=Closed until 7:30am
[2026-06-11 05:45:04] === SCRAPE END OK ===
[2026-06-11 06:00:02] === SCRAPE START ===
[2026-06-11 06:00:02] Fetching https://waitz.io/live/ucsd-rec
[2026-06-11 06:00:03] Saved 4 rows to ucsd_occupancy_history.csv
[2026-06-11 06:00:03] Main Gym Fitness Gym: 1% (Not Busy) people=1 capacity=72 is_open=True hour_summary=open
[2026-06-11 06:00:03] Outback Climbing Center: 7% (Closed) people=2 capacity=30 is_open=False hour_summary=Closed until 10:00am
[2026-06-11 06:00:03] RIMAC Fitness Gym: 0% (Not Busy) people=1 capacity=150 is_open=True hour_summary=open
[2026-06-11 06:00:03] Triton Esports Center: 0% (Closed) people=0 capacity=35 is_open=False hour_summary=Closed until 7:30am
[2026-06-11 06:00:03] === SCRAPE END OK ===
[2026-06-11 06:15:02] === SCRAPE START ===
[2026-06-11 06:15:02] Fetching https://waitz.io/live/ucsd-rec
[2026-06-11 06:15:03] Saved 4 rows to ucsd_occupancy_history.csv
[2026-06-11 06:15:03] Main Gym Fitness Gym: 1% (Not Busy) people=1 capacity=72 is_open=True hour_summary=open
[2026-06-11 06:15:03] Outback Climbing Center: 7% (Closed) people=2 capacity=30 is_open=False hour_summary=Closed until 10:00am
[2026-06-11 06:15:03] RIMAC Fitness Gym: 7% (Not Busy) people=10 capacity=150 is_open=True hour_summary=open
[2026-06-11 06:15:03] Triton Esports Center: 0% (Closed) people=0 capacity=35 is_open=False hour_summary=Closed until 7:30am
[2026-06-11 06:15:03] === SCRAPE END OK ===
[2026-06-11 06:30:02] === SCRAPE START ===
[2026-06-11 06:30:02] Fetching https://waitz.io/live/ucsd-rec
[2026-06-11 06:30:03] Saved 4 rows to ucsd_occupancy_history.csv
[2026-06-11 06:30:03] Main Gym Fitness Gym: 12% (Not Busy) people=9 capacity=72 is_open=True hour_summary=open
[2026-06-11 06:30:03] Outback Climbing Center: 11% (Closed) people=3 capacity=30 is_open=False hour_summary=Closed until 10:00am
[2026-06-11 06:30:03] RIMAC Fitness Gym: 14% (Not Busy) people=21 capacity=150 is_open=True hour_summary=open
[2026-06-11 06:30:03] Triton Esports Center: 0% (Closed) people=0 capacity=35 is_open=False hour_summary=Closed until 7:30am
[2026-06-11 06:30:03] === SCRAPE END OK ===
[2026-06-11 06:45:02] === SCRAPE START ===
[2026-06-11 06:45:02] Fetching https://waitz.io/live/ucsd-rec
[2026-06-11 06:45:03] Saved 4 rows to ucsd_occupancy_history.csv
[2026-06-11 06:45:03] Main Gym Fitness Gym: 9% (Not Busy) people=6 capacity=72 is_open=True hour_summary=open
[2026-06-11 06:45:03] Outback Climbing Center: 5% (Closed) people=1 capacity=30 is_open=False hour_summary=Closed until 10:00am
[2026-06-11 06:45:03] RIMAC Fitness Gym: 13% (Not Busy) people=20 capacity=150 is_open=True hour_summary=open
[2026-06-11 06:45:03] Triton Esports Center: 0% (Closed) people=0 capacity=35 is_open=False hour_summary=Closed until 7:30am
[2026-06-11 06:45:03] === SCRAPE END OK ===
[2026-06-11 07:00:02] === SCRAPE START ===
[2026-06-11 07:00:02] Fetching https://waitz.io/live/ucsd-rec
[2026-06-11 07:00:03] Saved 4 rows to ucsd_occupancy_history.csv
[2026-06-11 07:00:03] Main Gym Fitness Gym: 2% (Not Busy) people=2 capacity=72 is_open=True hour_summary=open
[2026-06-11 07:00:03] Outback Climbing Center: 6% (Closed) people=2 capacity=30 is_open=False hour_summary=Closed until 10:00am
[2026-06-11 07:00:03] RIMAC Fitness Gym: 10% (Not Busy) people=15 capacity=150 is_open=True hour_summary=open
[2026-06-11 07:00:03] Triton Esports Center: 0% (Closed) people=0 capacity=35 is_open=False hour_summary=Closed until 7:30am
[2026-06-11 07:00:03] === SCRAPE END OK ===
[2026-06-11 07:15:02] === SCRAPE START ===
[2026-06-11 07:15:02] Fetching https://waitz.io/live/ucsd-rec
[2026-06-11 07:15:03] Saved 4 rows to ucsd_occupancy_history.csv
[2026-06-11 07:15:03] Main Gym Fitness Gym: 2% (Not Busy) people=2 capacity=72 is_open=True hour_summary=open
[2026-06-11 07:15:03] Outback Climbing Center: 10% (Closed) people=3 capacity=30 is_open=False hour_summary=Closed until 10:00am
[2026-06-11 07:15:03] RIMAC Fitness Gym: 15% (Not Busy) people=23 capacity=150 is_open=True hour_summary=open
[2026-06-11 07:15:03] Triton Esports Center: 0% (Closed) people=0 capacity=35 is_open=False hour_summary=Closed until 7:30am
[2026-06-11 07:15:03] === SCRAPE END OK ===
[2026-06-11 07:30:02] === SCRAPE START ===
[2026-06-11 07:30:02] Fetching https://waitz.io/live/ucsd-rec
[2026-06-11 07:30:03] Saved 4 rows to ucsd_occupancy_history.csv
[2026-06-11 07:30:03] Main Gym Fitness Gym: 6% (Not Busy) people=5 capacity=72 is_open=True hour_summary=open
[2026-06-11 07:30:03] Outback Climbing Center: 4% (Closed) people=1 capacity=30 is_open=False hour_summary=Closed until 10:00am
[2026-06-11 07:30:03] RIMAC Fitness Gym: 16% (Not Busy) people=25 capacity=150 is_open=True hour_summary=open
[2026-06-11 07:30:03] Triton Esports Center: 0% (Not Busy) people=0 capacity=35 is_open=True hour_summary=open
[2026-06-11 07:30:04] === SCRAPE END OK ===
[2026-06-11 07:45:02] === SCRAPE START ===
[2026-06-11 07:45:02] Fetching https://waitz.io/live/ucsd-rec
[2026-06-11 07:45:03] Saved 4 rows to ucsd_occupancy_history.csv
[2026-06-11 07:45:03] Main Gym Fitness Gym: 10% (Not Busy) people=7 capacity=72 is_open=True hour_summary=open
[2026-06-11 07:45:03] Outback Climbing Center: 11% (Closed) people=3 capacity=30 is_open=False hour_summary=Closed until 10:00am
[2026-06-11 07:45:03] RIMAC Fitness Gym: 17% (Not Busy) people=25 capacity=150 is_open=True hour_summary=open
[2026-06-11 07:45:03] Triton Esports Center: 13% (Not Busy) people=5 capacity=35 is_open=True hour_summary=open
[2026-06-11 07:45:03] === SCRAPE END OK ===
[2026-06-11 08:00:02] === SCRAPE START ===
[2026-06-11 08:00:02] Fetching https://waitz.io/live/ucsd-rec
[2026-06-11 08:00:04] Saved 4 rows to ucsd_occupancy_history.csv
[2026-06-11 08:00:04] Main Gym Fitness Gym: 1% (Not Busy) people=1 capacity=72 is_open=True hour_summary=open
[2026-06-11 08:00:04] Outback Climbing Center: 6% (Closed) people=2 capacity=30 is_open=False hour_summary=Closed until 10:00am
[2026-06-11 08:00:04] RIMAC Fitness Gym: 18% (Not Busy) people=27 capacity=150 is_open=True hour_summary=open
[2026-06-11 08:00:04] Triton Esports Center: 4% (Not Busy) people=1 capacity=35 is_open=True hour_summary=open
[2026-06-11 08:00:04] === SCRAPE END OK ===
[2026-06-11 08:15:02] === SCRAPE START ===
[2026-06-11 08:15:02] Fetching https://waitz.io/live/ucsd-rec
[2026-06-11 08:15:03] Saved 4 rows to ucsd_occupancy_history.csv
[2026-06-11 08:15:03] Main Gym Fitness Gym: 1% (Not Busy) people=1 capacity=72 is_open=True hour_summary=open
[2026-06-11 08:15:03] Outback Climbing Center: 13% (Closed) people=4 capacity=30 is_open=False hour_summary=Closed until 10:00am
[2026-06-11 08:15:03] RIMAC Fitness Gym: 8% (Not Busy) people=11 capacity=150 is_open=True hour_summary=open
[2026-06-11 08:15:03] Triton Esports Center: 2% (Not Busy) people=1 capacity=35 is_open=True hour_summary=open
[2026-06-11 08:15:03] === SCRAPE END OK ===
[2026-06-11 08:30:02] === SCRAPE START ===
[2026-06-11 08:30:02] Fetching https://waitz.io/live/ucsd-rec
[2026-06-11 08:30:03] Saved 4 rows to ucsd_occupancy_history.csv
[2026-06-11 08:30:03] Main Gym Fitness Gym: 11% (Not Busy) people=8 capacity=72 is_open=True hour_summary=open
[2026-06-11 08:30:03] Outback Climbing Center: 9% (Closed) people=3 capacity=30 is_open=False hour_summary=Closed until 10:00am
[2026-06-11 08:30:03] RIMAC Fitness Gym: 9% (Not Busy) people=14 capacity=150 is_open=True hour_summary=open
[2026-06-11 08:30:03] Triton Esports Center: 5% (Not Busy) people=2 capacity=35 is_open=True hour_summary=open
[2026-06-11 08:30:03] === SCRAPE END OK ===
[2026-06-11 08:45:02] === SCRAPE START ===
[2026-06-11 08:45:02] Fetching https://waitz.io/live/ucsd-rec
[2026-06-11 08:45:03] Saved 4 rows to ucsd_occupancy_history.csv
[2026-06-11 08:45:03] Main Gym Fitness Gym: 4% (Not Busy) people=3 capacity=72 is_open=True hour_summary=open
[2026-06-11 08:45:03] Outback Climbing Center: 8% (Closed) people=2 capacity=30 is_open=False hour_summary=Closed until 10:00am
[2026-06-11 08:45:03] RIMAC Fitness Gym: 12% (Not Busy) people=19 capacity=150 is_open=True hour_summary=open
[2026-06-11 08:45:03] Triton Esports Center: 8% (Not Busy) people=3 capacity=35 is_open=True hour_summary=open
[2026-06-11 08:45:03] === SCRAPE END OK ===
[2026-06-11 09:00:02] === SCRAPE START ===
[2026-06-11 09:00:02] Fetching https://waitz.io/live/ucsd-rec
[2026-06-11 09:00:03] Saved 4 rows to ucsd_occupancy_history.csv
[2026-06-11 09:00:03] Main Gym Fitness Gym: 2% (Not Busy) people=1 capacity=72 is_open=True hour_summary=open
[2026-06-11 09:00:03] Outback Climbing Center: 9% (Closed) people=3 capacity=30 is_open=False hour_summary=Closed until 10:00am
[2026-06-11 09:00:03] RIMAC Fitness Gym: 20% (Not Busy) people=29 capacity=150 is_open=True hour_summary=open
[2026-06-11 09:00:03] Triton Esports Center: 10% (Not Busy) people=3 capacity=35 is_open=True hour_summary=open
[2026-06-11 09:00:03] === SCRAPE END OK ===
[2026-06-11 09:15:02] === SCRAPE START ===
[2026-06-11 09:15:02] Fetching https://waitz.io/live/ucsd-rec
[2026-06-11 09:15:03] Saved 4 rows to ucsd_occupancy_history.csv
[2026-06-11 09:15:03] Main Gym Fitness Gym: 14% (Not Busy) people=10 capacity=72 is_open=True hour_summary=open
[2026-06-11 09:15:03] Outback Climbing Center: 6% (Closed) people=2 capacity=30 is_open=False hour_summary=Closed until 10:00am
[2026-06-11 09:15:03] RIMAC Fitness Gym: 17% (Not Busy) people=26 capacity=150 is_open=True hour_summary=open
[2026-06-11 09:15:03] Triton Esports Center: 11% (Not Busy) people=4 capacity=35 is_open=True hour_summary=open
[2026-06-11 09:15:03] === SCRAPE END OK ===
[2026-06-11 09:30:02] === SCRAPE START ===
[2026-06-11 09:30:02] Fetching https://waitz.io/live/ucsd-rec
[2026-06-11 09:30:04] Saved 4 rows to ucsd_occupancy_history.csv
[2026-06-11 09:30:04] Main Gym Fitness Gym: 20% (Not Busy) people=15 capacity=72 is_open=True hour_summary=open
[2026-06-11 09:30:04] Outback Climbing Center: 8% (Closed) people=2 capacity=30 is_open=False hour_summary=Closed until 10:00am
[2026-06-11 09:30:04] RIMAC Fitness Gym: 29% (Not Busy) people=43 capacity=150 is_open=True hour_summary=open
[2026-06-11 09:30:04] Triton Esports Center: 12% (Not Busy) people=4 capacity=35 is_open=True hour_summary=open
[2026-06-11 09:30:04] === SCRAPE END OK ===
[2026-06-11 10:30:03] === SCRAPE START ===
[2026-06-11 10:30:03] Fetching https://waitz.io/live/ucsd-rec
[2026-06-11 10:30:04] Saved 4 rows to ucsd_occupancy_history.csv
[2026-06-11 10:30:04] Main Gym Fitness Gym: 16% (Not Busy) people=12 capacity=72 is_open=True hour_summary=open
[2026-06-11 10:30:04] Outback Climbing Center: 63% (Busy) people=19 capacity=30 is_open=True hour_summary=open
[2026-06-11 10:30:04] RIMAC Fitness Gym: 19% (Not Busy) people=29 capacity=150 is_open=True hour_summary=open
[2026-06-11 10:30:04] Triton Esports Center: 27% (Not Busy) people=10 capacity=35 is_open=True hour_summary=open
[2026-06-11 10:30:04] === SCRAPE END OK ===
[2026-06-11 10:45:02] === SCRAPE START ===
[2026-06-11 10:45:02] Fetching https://waitz.io/live/ucsd-rec
[2026-06-11 10:45:03] Saved 4 rows to ucsd_occupancy_history.csv
[2026-06-11 10:45:03] Main Gym Fitness Gym: 20% (Not Busy) people=15 capacity=72 is_open=True hour_summary=open
[2026-06-11 10:45:03] Outback Climbing Center: 52% (Busy) people=16 capacity=30 is_open=True hour_summary=open
[2026-06-11 10:45:03] RIMAC Fitness Gym: 21% (Not Busy) people=31 capacity=150 is_open=True hour_summary=open
[2026-06-11 10:45:03] Triton Esports Center: 36% (Not Busy) people=12 capacity=35 is_open=True hour_summary=open
[2026-06-11 10:45:03] === SCRAPE END OK ===
[2026-06-11 11:00:02] === SCRAPE START ===
[2026-06-11 11:00:02] Fetching https://waitz.io/live/ucsd-rec
[2026-06-11 11:00:05] Saved 4 rows to ucsd_occupancy_history.csv
[2026-06-11 11:00:05] Main Gym Fitness Gym: 4% (Not Busy) people=3 capacity=72 is_open=True hour_summary=open
[2026-06-11 11:00:05] Outback Climbing Center: 99% (Very Active) people=40 capacity=30 is_open=True hour_summary=open
[2026-06-11 11:00:05] RIMAC Fitness Gym: 31% (Not Busy) people=46 capacity=150 is_open=True hour_summary=open
[2026-06-11 11:00:05] Triton Esports Center: 21% (Not Busy) people=7 capacity=35 is_open=True hour_summary=open
[2026-06-11 11:00:05] === SCRAPE END OK ===
[2026-06-11 11:15:02] === SCRAPE START ===
[2026-06-11 11:15:02] Fetching https://waitz.io/live/ucsd-rec
[2026-06-11 11:15:04] Saved 4 rows to ucsd_occupancy_history.csv
[2026-06-11 11:15:04] Main Gym Fitness Gym: 13% (Not Busy) people=9 capacity=72 is_open=True hour_summary=open
[2026-06-11 11:15:04] Outback Climbing Center: 86% (Very Active) people=26 capacity=30 is_open=True hour_summary=open
[2026-06-11 11:15:04] RIMAC Fitness Gym: 29% (Not Busy) people=44 capacity=150 is_open=True hour_summary=open
[2026-06-11 11:15:04] Triton Esports Center: 24% (Not Busy) people=8 capacity=35 is_open=True hour_summary=open
[2026-06-11 11:15:04] === SCRAPE END OK ===
[2026-06-11 11:30:02] === SCRAPE START ===
[2026-06-11 11:30:02] Fetching https://waitz.io/live/ucsd-rec
[2026-06-11 11:30:03] Saved 4 rows to ucsd_occupancy_history.csv
[2026-06-11 11:30:03] Main Gym Fitness Gym: 11% (Not Busy) people=8 capacity=72 is_open=True hour_summary=open
[2026-06-11 11:30:03] Outback Climbing Center: 99% (Very Active) people=39 capacity=30 is_open=True hour_summary=open
[2026-06-11 11:30:03] RIMAC Fitness Gym: 35% (Not Busy) people=52 capacity=150 is_open=True hour_summary=open
[2026-06-11 11:30:03] Triton Esports Center: 25% (Not Busy) people=9 capacity=35 is_open=True hour_summary=open
[2026-06-11 11:30:03] === SCRAPE END OK ===
[2026-06-11 11:45:02] === SCRAPE START ===
[2026-06-11 11:45:02] Fetching https://waitz.io/live/ucsd-rec
[2026-06-11 11:45:03] Saved 4 rows to ucsd_occupancy_history.csv
[2026-06-11 11:45:03] Main Gym Fitness Gym: 19% (Not Busy) people=14 capacity=72 is_open=True hour_summary=open
[2026-06-11 11:45:03] Outback Climbing Center: 99% (Very Active) people=31 capacity=30 is_open=True hour_summary=open
[2026-06-11 11:45:03] RIMAC Fitness Gym: 38% (Not Busy) people=58 capacity=150 is_open=True hour_summary=open
[2026-06-11 11:45:03] Triton Esports Center: 23% (Not Busy) people=8 capacity=35 is_open=True hour_summary=open
[2026-06-11 11:45:03] === SCRAPE END OK ===
[2026-06-11 12:00:02] === SCRAPE START ===
[2026-06-11 12:00:02] Fetching https://waitz.io/live/ucsd-rec
[2026-06-11 12:00:05] Saved 4 rows to ucsd_occupancy_history.csv
[2026-06-11 12:00:05] Main Gym Fitness Gym: 18% (Not Busy) people=13 capacity=72 is_open=True hour_summary=open
[2026-06-11 12:00:05] Outback Climbing Center: 86% (Very Active) people=26 capacity=30 is_open=True hour_summary=open
[2026-06-11 12:00:05] RIMAC Fitness Gym: 37% (Not Busy) people=55 capacity=150 is_open=True hour_summary=open
[2026-06-11 12:00:05] Triton Esports Center: 27% (Not Busy) people=10 capacity=35 is_open=True hour_summary=open
[2026-06-11 12:00:05] === SCRAPE END OK ===
[2026-06-11 12:15:02] === SCRAPE START ===
[2026-06-11 12:15:02] Fetching https://waitz.io/live/ucsd-rec
[2026-06-11 12:15:03] Saved 4 rows to ucsd_occupancy_history.csv
[2026-06-11 12:15:03] Main Gym Fitness Gym: 11% (Not Busy) people=8 capacity=72 is_open=True hour_summary=open
[2026-06-11 12:15:03] Outback Climbing Center: 64% (Busy) people=19 capacity=30 is_open=True hour_summary=open
[2026-06-11 12:15:03] RIMAC Fitness Gym: 33% (Not Busy) people=50 capacity=150 is_open=True hour_summary=open
[2026-06-11 12:15:03] Triton Esports Center: 28% (Not Busy) people=10 capacity=35 is_open=True hour_summary=open
[2026-06-11 12:15:03] === SCRAPE END OK ===
[2026-06-11 12:30:02] === SCRAPE START ===
[2026-06-11 12:30:02] Fetching https://waitz.io/live/ucsd-rec
[2026-06-11 12:30:04] Saved 4 rows to ucsd_occupancy_history.csv
[2026-06-11 12:30:04] Main Gym Fitness Gym: 20% (Not Busy) people=14 capacity=72 is_open=True hour_summary=open
[2026-06-11 12:30:04] Outback Climbing Center: 85% (Very Active) people=25 capacity=30 is_open=True hour_summary=open
[2026-06-11 12:30:04] RIMAC Fitness Gym: 39% (Not Busy) people=59 capacity=150 is_open=True hour_summary=open
[2026-06-11 12:30:04] Triton Esports Center: 23% (Not Busy) people=8 capacity=35 is_open=True hour_summary=open
[2026-06-11 12:30:04] === SCRAPE END OK ===
[2026-06-11 12:45:02] === SCRAPE START ===
[2026-06-11 12:45:02] Fetching https://waitz.io/live/ucsd-rec
[2026-06-11 12:45:04] Saved 4 rows to ucsd_occupancy_history.csv
[2026-06-11 12:45:04] Main Gym Fitness Gym: 7% (Not Busy) people=5 capacity=72 is_open=True hour_summary=open
[2026-06-11 12:45:04] Outback Climbing Center: 62% (Busy) people=19 capacity=30 is_open=True hour_summary=open
[2026-06-11 12:45:04] RIMAC Fitness Gym: 27% (Not Busy) people=40 capacity=150 is_open=True hour_summary=open
[2026-06-11 12:45:04] Triton Esports Center: 23% (Not Busy) people=8 capacity=35 is_open=True hour_summary=open
[2026-06-11 12:45:04] === SCRAPE END OK ===
[2026-06-11 13:00:02] === SCRAPE START ===
[2026-06-11 13:00:02] Fetching https://waitz.io/live/ucsd-rec
[2026-06-11 13:00:03] Saved 4 rows to ucsd_occupancy_history.csv
[2026-06-11 13:00:03] Main Gym Fitness Gym: 17% (Not Busy) people=12 capacity=72 is_open=True hour_summary=open
[2026-06-11 13:00:03] Outback Climbing Center: 82% (Very Active) people=25 capacity=30 is_open=True hour_summary=open
[2026-06-11 13:00:03] RIMAC Fitness Gym: 32% (Not Busy) people=48 capacity=150 is_open=True hour_summary=open
[2026-06-11 13:00:03] Triton Esports Center: 24% (Not Busy) people=8 capacity=35 is_open=True hour_summary=open
[2026-06-11 13:00:03] === SCRAPE END OK ===
[2026-06-11 13:15:02] === SCRAPE START ===
[2026-06-11 13:15:02] Fetching https://waitz.io/live/ucsd-rec
[2026-06-11 13:15:04] Saved 4 rows to ucsd_occupancy_history.csv
[2026-06-11 13:15:04] Main Gym Fitness Gym: 16% (Not Busy) people=12 capacity=72 is_open=True hour_summary=open
[2026-06-11 13:15:04] Outback Climbing Center: 92% (Very Active) people=28 capacity=30 is_open=True hour_summary=open
[2026-06-11 13:15:04] RIMAC Fitness Gym: 31% (Not Busy) people=46 capacity=150 is_open=True hour_summary=open
[2026-06-11 13:15:04] Triton Esports Center: 21% (Not Busy) people=7 capacity=35 is_open=True hour_summary=open
[2026-06-11 13:15:04] === SCRAPE END OK ===
[2026-06-11 13:30:02] === SCRAPE START ===
[2026-06-11 13:30:02] Fetching https://waitz.io/live/ucsd-rec
[2026-06-11 13:30:03] Saved 4 rows to ucsd_occupancy_history.csv
[2026-06-11 13:30:03] Main Gym Fitness Gym: 18% (Not Busy) people=13 capacity=72 is_open=True hour_summary=open
[2026-06-11 13:30:03] Outback Climbing Center: 81% (Very Active) people=24 capacity=30 is_open=True hour_summary=open
[2026-06-11 13:30:03] RIMAC Fitness Gym: 30% (Not Busy) people=45 capacity=150 is_open=True hour_summary=open
[2026-06-11 13:30:03] Triton Esports Center: 24% (Not Busy) people=8 capacity=35 is_open=True hour_summary=open
[2026-06-11 13:30:03] === SCRAPE END OK ===
[2026-06-11 13:45:02] === SCRAPE START ===
[2026-06-11 13:45:02] Fetching https://waitz.io/live/ucsd-rec
[2026-06-11 13:45:04] Saved 4 rows to ucsd_occupancy_history.csv
[2026-06-11 13:45:04] Main Gym Fitness Gym: 14% (Not Busy) people=10 capacity=72 is_open=True hour_summary=open
[2026-06-11 13:45:04] Outback Climbing Center: 53% (Busy) people=16 capacity=30 is_open=True hour_summary=open
[2026-06-11 13:45:04] RIMAC Fitness Gym: 21% (Not Busy) people=32 capacity=150 is_open=True hour_summary=open
[2026-06-11 13:45:04] Triton Esports Center: 24% (Not Busy) people=8 capacity=35 is_open=True hour_summary=open
[2026-06-11 13:45:04] === SCRAPE END OK ===
[2026-06-11 14:00:02] === SCRAPE START ===
[2026-06-11 14:00:02] Fetching https://waitz.io/live/ucsd-rec
[2026-06-11 14:00:03] Saved 4 rows to ucsd_occupancy_history.csv
[2026-06-11 14:00:03] Main Gym Fitness Gym: 22% (Not Busy) people=16 capacity=72 is_open=True hour_summary=open
[2026-06-11 14:00:03] Outback Climbing Center: 65% (Busy) people=19 capacity=30 is_open=True hour_summary=open
[2026-06-11 14:00:03] RIMAC Fitness Gym: 11% (Not Busy) people=16 capacity=150 is_open=True hour_summary=open
[2026-06-11 14:00:03] Triton Esports Center: 24% (Not Busy) people=8 capacity=35 is_open=True hour_summary=open
[2026-06-11 14:00:03] === SCRAPE END OK ===
[2026-06-11 14:15:02] === SCRAPE START ===
[2026-06-11 14:15:02] Fetching https://waitz.io/live/ucsd-rec
[2026-06-11 14:15:04] Saved 4 rows to ucsd_occupancy_history.csv
[2026-06-11 14:15:04] Main Gym Fitness Gym: 14% (Not Busy) people=10 capacity=72 is_open=True hour_summary=open
[2026-06-11 14:15:04] Outback Climbing Center: 70% (Busy) people=21 capacity=30 is_open=True hour_summary=open
[2026-06-11 14:15:04] RIMAC Fitness Gym: 1% (Not Busy) people=2 capacity=150 is_open=True hour_summary=open
[2026-06-11 14:15:04] Triton Esports Center: 19% (Not Busy) people=7 capacity=35 is_open=True hour_summary=open
[2026-06-11 14:15:04] === SCRAPE END OK ===
[2026-06-11 14:30:02] === SCRAPE START ===
[2026-06-11 14:30:02] Fetching https://waitz.io/live/ucsd-rec
[2026-06-11 14:30:03] Saved 4 rows to ucsd_occupancy_history.csv
[2026-06-11 14:30:03] Main Gym Fitness Gym: 15% (Not Busy) people=11 capacity=72 is_open=True hour_summary=open
[2026-06-11 14:30:03] Outback Climbing Center: 33% (Not Busy) people=10 capacity=30 is_open=True hour_summary=open
[2026-06-11 14:30:03] RIMAC Fitness Gym: 1% (Not Busy) people=1 capacity=150 is_open=True hour_summary=open
[2026-06-11 14:30:03] Triton Esports Center: 23% (Not Busy) people=8 capacity=35 is_open=True hour_summary=open
[2026-06-11 14:30:03] === SCRAPE END OK ===
[2026-06-11 14:45:02] === SCRAPE START ===
[2026-06-11 14:45:02] Fetching https://waitz.io/live/ucsd-rec
[2026-06-11 14:45:03] Saved 4 rows to ucsd_occupancy_history.csv
[2026-06-11 14:45:03] Main Gym Fitness Gym: 17% (Not Busy) people=12 capacity=72 is_open=True hour_summary=open
[2026-06-11 14:45:03] Outback Climbing Center: 27% (Not Busy) people=8 capacity=30 is_open=True hour_summary=open
[2026-06-11 14:45:03] RIMAC Fitness Gym: 1% (Not Busy) people=1 capacity=150 is_open=True hour_summary=open
[2026-06-11 14:45:03] Triton Esports Center: 24% (Not Busy) people=9 capacity=35 is_open=True hour_summary=open
[2026-06-11 14:45:03] === SCRAPE END OK ===
[2026-06-11 15:00:02] === SCRAPE START ===
[2026-06-11 15:00:02] Fetching https://waitz.io/live/ucsd-rec
[2026-06-11 15:00:04] Saved 4 rows to ucsd_occupancy_history.csv
[2026-06-11 15:00:04] Main Gym Fitness Gym: 17% (Not Busy) people=12 capacity=72 is_open=True hour_summary=open
[2026-06-11 15:00:04] Outback Climbing Center: 35% (Not Busy) people=11 capacity=30 is_open=True hour_summary=open
[2026-06-11 15:00:04] RIMAC Fitness Gym: 0% (Not Busy) people=1 capacity=150 is_open=True hour_summary=open
[2026-06-11 15:00:04] Triton Esports Center: 22% (Not Busy) people=8 capacity=35 is_open=True hour_summary=open
[2026-06-11 15:00:04] === SCRAPE END OK ===
[2026-06-11 15:15:02] === SCRAPE START ===
[2026-06-11 15:15:02] Fetching https://waitz.io/live/ucsd-rec
[2026-06-11 15:15:04] Saved 4 rows to ucsd_occupancy_history.csv
[2026-06-11 15:15:04] Main Gym Fitness Gym: 27% (Not Busy) people=20 capacity=72 is_open=True hour_summary=open
[2026-06-11 15:15:04] Outback Climbing Center: 69% (Busy) people=21 capacity=30 is_open=True hour_summary=open
[2026-06-11 15:15:04] RIMAC Fitness Gym: 0% (Not Busy) people=1 capacity=150 is_open=True hour_summary=open
[2026-06-11 15:15:04] Triton Esports Center: 25% (Not Busy) people=9 capacity=35 is_open=True hour_summary=open
[2026-06-11 15:15:04] === SCRAPE END OK ===
[2026-06-11 15:30:02] === SCRAPE START ===
[2026-06-11 15:30:02] Fetching https://waitz.io/live/ucsd-rec
[2026-06-11 15:30:04] Saved 4 rows to ucsd_occupancy_history.csv
[2026-06-11 15:30:04] Main Gym Fitness Gym: 28% (Not Busy) people=20 capacity=72 is_open=True hour_summary=open
[2026-06-11 15:30:04] Outback Climbing Center: 52% (Busy) people=16 capacity=30 is_open=True hour_summary=open
[2026-06-11 15:30:04] RIMAC Fitness Gym: 1% (Not Busy) people=1 capacity=150 is_open=True hour_summary=open
[2026-06-11 15:30:04] Triton Esports Center: 32% (Not Busy) people=11 capacity=35 is_open=True hour_summary=open
[2026-06-11 15:30:04] === SCRAPE END OK ===
[2026-06-11 15:45:02] === SCRAPE START ===
[2026-06-11 15:45:02] Fetching https://waitz.io/live/ucsd-rec
[2026-06-11 15:45:04] Saved 4 rows to ucsd_occupancy_history.csv
[2026-06-11 15:45:04] Main Gym Fitness Gym: 31% (Not Busy) people=22 capacity=72 is_open=True hour_summary=open
[2026-06-11 15:45:04] Outback Climbing Center: 45% (Not Busy) people=13 capacity=30 is_open=True hour_summary=open
[2026-06-11 15:45:04] RIMAC Fitness Gym: 1% (Not Busy) people=1 capacity=150 is_open=True hour_summary=open
[2026-06-11 15:45:04] Triton Esports Center: 35% (Not Busy) people=12 capacity=35 is_open=True hour_summary=open
[2026-06-11 15:45:04] === SCRAPE END OK ===
[2026-06-11 16:00:02] === SCRAPE START ===
[2026-06-11 16:00:02] Fetching https://waitz.io/live/ucsd-rec
[2026-06-11 16:00:03] Saved 4 rows to ucsd_occupancy_history.csv
[2026-06-11 16:00:03] Main Gym Fitness Gym: 35% (Not Busy) people=25 capacity=72 is_open=True hour_summary=open
[2026-06-11 16:00:03] Outback Climbing Center: 54% (Busy) people=16 capacity=30 is_open=True hour_summary=open
[2026-06-11 16:00:03] RIMAC Fitness Gym: 1% (Not Busy) people=1 capacity=150 is_open=True hour_summary=open
[2026-06-11 16:00:03] Triton Esports Center: 38% (Not Busy) people=13 capacity=35 is_open=True hour_summary=open
[2026-06-11 16:00:03] === SCRAPE END OK ===
[2026-06-11 16:15:02] === SCRAPE START ===
[2026-06-11 16:15:02] Fetching https://waitz.io/live/ucsd-rec
[2026-06-11 16:15:03] Saved 4 rows to ucsd_occupancy_history.csv
[2026-06-11 16:15:03] Main Gym Fitness Gym: 28% (Not Busy) people=20 capacity=72 is_open=True hour_summary=open
[2026-06-11 16:15:03] Outback Climbing Center: 81% (Very Active) people=24 capacity=30 is_open=True hour_summary=open
[2026-06-11 16:15:03] RIMAC Fitness Gym: 1% (Not Busy) people=1 capacity=150 is_open=True hour_summary=open
[2026-06-11 16:15:03] Triton Esports Center: 36% (Not Busy) people=12 capacity=35 is_open=True hour_summary=open
[2026-06-11 16:15:03] === SCRAPE END OK ===
[2026-06-11 16:30:02] === SCRAPE START ===
[2026-06-11 16:30:02] Fetching https://waitz.io/live/ucsd-rec
[2026-06-11 16:30:05] Saved 4 rows to ucsd_occupancy_history.csv
[2026-06-11 16:30:05] Main Gym Fitness Gym: 20% (Not Busy) people=15 capacity=72 is_open=True hour_summary=open
[2026-06-11 16:30:05] Outback Climbing Center: 50% (Busy) people=15 capacity=30 is_open=True hour_summary=open
[2026-06-11 16:30:05] RIMAC Fitness Gym: 0% (Not Busy) people=1 capacity=150 is_open=True hour_summary=open
[2026-06-11 16:30:05] Triton Esports Center: 31% (Not Busy) people=11 capacity=35 is_open=True hour_summary=open
[2026-06-11 16:30:05] === SCRAPE END OK ===
[2026-06-11 16:45:02] === SCRAPE START ===
[2026-06-11 16:45:02] Fetching https://waitz.io/live/ucsd-rec
[2026-06-11 16:45:03] Saved 4 rows to ucsd_occupancy_history.csv
[2026-06-11 16:45:03] Main Gym Fitness Gym: 37% (Not Busy) people=27 capacity=72 is_open=True hour_summary=open
[2026-06-11 16:45:03] Outback Climbing Center: 66% (Busy) people=20 capacity=30 is_open=True hour_summary=open
[2026-06-11 16:45:03] RIMAC Fitness Gym: 0% (Not Busy) people=0 capacity=150 is_open=True hour_summary=open
[2026-06-11 16:45:03] Triton Esports Center: 24% (Not Busy) people=8 capacity=35 is_open=True hour_summary=open
[2026-06-11 16:45:03] === SCRAPE END OK ===
[2026-06-11 17:00:02] === SCRAPE START ===
[2026-06-11 17:00:02] Fetching https://waitz.io/live/ucsd-rec
[2026-06-11 17:00:03] Saved 4 rows to ucsd_occupancy_history.csv
[2026-06-11 17:00:03] Main Gym Fitness Gym: 27% (Not Busy) people=19 capacity=72 is_open=True hour_summary=open
[2026-06-11 17:00:03] Outback Climbing Center: 60% (Busy) people=18 capacity=30 is_open=True hour_summary=open
[2026-06-11 17:00:03] RIMAC Fitness Gym: 0% (Not Busy) people=1 capacity=150 is_open=True hour_summary=open
[2026-06-11 17:00:03] Triton Esports Center: 21% (Not Busy) people=7 capacity=35 is_open=True hour_summary=open
[2026-06-11 17:00:03] === SCRAPE END OK ===
[2026-06-11 17:15:02] === SCRAPE START ===
[2026-06-11 17:15:02] Fetching https://waitz.io/live/ucsd-rec
[2026-06-11 17:15:03] Saved 4 rows to ucsd_occupancy_history.csv
[2026-06-11 17:15:03] Main Gym Fitness Gym: 20% (Not Busy) people=15 capacity=72 is_open=True hour_summary=open
[2026-06-11 17:15:03] Outback Climbing Center: 55% (Busy) people=17 capacity=30 is_open=True hour_summary=open
[2026-06-11 17:15:03] RIMAC Fitness Gym: 0% (Not Busy) people=0 capacity=150 is_open=True hour_summary=open
[2026-06-11 17:15:03] Triton Esports Center: 20% (Not Busy) people=7 capacity=35 is_open=True hour_summary=open
[2026-06-11 17:15:03] === SCRAPE END OK ===
[2026-06-11 17:30:02] === SCRAPE START ===
[2026-06-11 17:30:02] Fetching https://waitz.io/live/ucsd-rec
[2026-06-11 17:30:03] Saved 4 rows to ucsd_occupancy_history.csv
[2026-06-11 17:30:03] Main Gym Fitness Gym: 38% (Not Busy) people=27 capacity=72 is_open=True hour_summary=open
[2026-06-11 17:30:03] Outback Climbing Center: 85% (Very Active) people=26 capacity=30 is_open=True hour_summary=open
[2026-06-11 17:30:03] RIMAC Fitness Gym: 0% (Not Busy) people=0 capacity=150 is_open=True hour_summary=open
[2026-06-11 17:30:03] Triton Esports Center: 21% (Not Busy) people=7 capacity=35 is_open=True hour_summary=open
[2026-06-11 17:30:03] === SCRAPE END OK ===
[2026-06-11 17:45:02] === SCRAPE START ===
[2026-06-11 17:45:02] Fetching https://waitz.io/live/ucsd-rec
[2026-06-11 17:45:04] Saved 4 rows to ucsd_occupancy_history.csv
[2026-06-11 17:45:04] Main Gym Fitness Gym: 51% (Busy) people=37 capacity=72 is_open=True hour_summary=open
[2026-06-11 17:45:04] Outback Climbing Center: 75% (Busy) people=23 capacity=30 is_open=True hour_summary=open
[2026-06-11 17:45:04] RIMAC Fitness Gym: 1% (Not Busy) people=2 capacity=150 is_open=True hour_summary=open
[2026-06-11 17:45:04] Triton Esports Center: 21% (Not Busy) people=7 capacity=35 is_open=True hour_summary=open
[2026-06-11 17:45:04] === SCRAPE END OK ===
[2026-06-11 18:00:02] === SCRAPE START ===
[2026-06-11 18:00:02] Fetching https://waitz.io/live/ucsd-rec
[2026-06-11 18:00:03] Saved 4 rows to ucsd_occupancy_history.csv
[2026-06-11 18:00:03] Main Gym Fitness Gym: 37% (Not Busy) people=26 capacity=72 is_open=True hour_summary=open
[2026-06-11 18:00:03] Outback Climbing Center: 92% (Very Active) people=28 capacity=30 is_open=True hour_summary=open
[2026-06-11 18:00:03] RIMAC Fitness Gym: 1% (Not Busy) people=1 capacity=150 is_open=True hour_summary=open
[2026-06-11 18:00:03] Triton Esports Center: 17% (Not Busy) people=6 capacity=35 is_open=True hour_summary=open
[2026-06-11 18:00:03] === SCRAPE END OK ===
[2026-06-11 18:15:02] === SCRAPE START ===
[2026-06-11 18:15:02] Fetching https://waitz.io/live/ucsd-rec
[2026-06-11 18:15:03] Saved 4 rows to ucsd_occupancy_history.csv
[2026-06-11 18:15:03] Main Gym Fitness Gym: 40% (Not Busy) people=29 capacity=72 is_open=True hour_summary=open
[2026-06-11 18:15:03] Outback Climbing Center: 80% (Busy) people=24 capacity=30 is_open=True hour_summary=open
[2026-06-11 18:15:03] RIMAC Fitness Gym: 0% (Not Busy) people=1 capacity=150 is_open=True hour_summary=open
[2026-06-11 18:15:03] Triton Esports Center: 20% (Not Busy) people=7 capacity=35 is_open=True hour_summary=open
[2026-06-11 18:15:03] === SCRAPE END OK ===
[2026-06-11 18:30:02] === SCRAPE START ===
[2026-06-11 18:30:02] Fetching https://waitz.io/live/ucsd-rec
[2026-06-11 18:30:03] Saved 4 rows to ucsd_occupancy_history.csv
[2026-06-11 18:30:03] Main Gym Fitness Gym: 28% (Not Busy) people=20 capacity=72 is_open=True hour_summary=open
[2026-06-11 18:30:03] Outback Climbing Center: 72% (Busy) people=22 capacity=30 is_open=True hour_summary=open
[2026-06-11 18:30:03] RIMAC Fitness Gym: 1% (Not Busy) people=1 capacity=150 is_open=True hour_summary=open
[2026-06-11 18:30:03] Triton Esports Center: 16% (Not Busy) people=6 capacity=35 is_open=True hour_summary=open
[2026-06-11 18:30:03] === SCRAPE END OK ===
[2026-06-11 18:45:02] === SCRAPE START ===
[2026-06-11 18:45:02] Fetching https://waitz.io/live/ucsd-rec
[2026-06-11 18:45:03] Saved 4 rows to ucsd_occupancy_history.csv
[2026-06-11 18:45:03] Main Gym Fitness Gym: 32% (Not Busy) people=23 capacity=72 is_open=True hour_summary=open
[2026-06-11 18:45:03] Outback Climbing Center: 82% (Very Active) people=24 capacity=30 is_open=True hour_summary=open
[2026-06-11 18:45:03] RIMAC Fitness Gym: 1% (Not Busy) people=1 capacity=150 is_open=True hour_summary=open
[2026-06-11 18:45:03] Triton Esports Center: 15% (Not Busy) people=5 capacity=35 is_open=True hour_summary=open
[2026-06-11 18:45:03] === SCRAPE END OK ===
[2026-06-11 19:00:02] === SCRAPE START ===
[2026-06-11 19:00:02] Fetching https://waitz.io/live/ucsd-rec
[2026-06-11 19:00:04] Saved 4 rows to ucsd_occupancy_history.csv
[2026-06-11 19:00:04] Main Gym Fitness Gym: 29% (Not Busy) people=21 capacity=72 is_open=True hour_summary=open
[2026-06-11 19:00:04] Outback Climbing Center: 55% (Busy) people=17 capacity=30 is_open=True hour_summary=open
[2026-06-11 19:00:04] RIMAC Fitness Gym: 1% (Not Busy) people=1 capacity=150 is_open=True hour_summary=open
[2026-06-11 19:00:04] Triton Esports Center: 14% (Not Busy) people=5 capacity=35 is_open=True hour_summary=open
[2026-06-11 19:00:04] === SCRAPE END OK ===
[2026-06-11 19:15:02] === SCRAPE START ===
[2026-06-11 19:15:02] Fetching https://waitz.io/live/ucsd-rec
[2026-06-11 19:15:03] Saved 4 rows to ucsd_occupancy_history.csv
[2026-06-11 19:15:03] Main Gym Fitness Gym: 26% (Not Busy) people=19 capacity=72 is_open=True hour_summary=open
[2026-06-11 19:15:03] Outback Climbing Center: 99% (Very Active) people=31 capacity=30 is_open=True hour_summary=open
[2026-06-11 19:15:03] RIMAC Fitness Gym: 0% (Not Busy) people=1 capacity=150 is_open=True hour_summary=open
[2026-06-11 19:15:03] Triton Esports Center: 15% (Not Busy) people=5 capacity=35 is_open=True hour_summary=open
[2026-06-11 19:15:03] === SCRAPE END OK ===
[2026-06-11 19:30:02] === SCRAPE START ===
[2026-06-11 19:30:02] Fetching https://waitz.io/live/ucsd-rec
[2026-06-11 19:30:03] Saved 4 rows to ucsd_occupancy_history.csv
[2026-06-11 19:30:03] Main Gym Fitness Gym: 24% (Not Busy) people=17 capacity=72 is_open=True hour_summary=open
[2026-06-11 19:30:03] Outback Climbing Center: 99% (Very Active) people=42 capacity=30 is_open=True hour_summary=open
[2026-06-11 19:30:03] RIMAC Fitness Gym: 1% (Not Busy) people=1 capacity=150 is_open=True hour_summary=open
[2026-06-11 19:30:03] Triton Esports Center: 11% (Not Busy) people=4 capacity=35 is_open=True hour_summary=open
[2026-06-11 19:30:03] === SCRAPE END OK ===
[2026-06-11 19:45:02] === SCRAPE START ===
[2026-06-11 19:45:02] Fetching https://waitz.io/live/ucsd-rec
[2026-06-11 19:45:03] Saved 4 rows to ucsd_occupancy_history.csv
[2026-06-11 19:45:03] Main Gym Fitness Gym: 17% (Not Busy) people=12 capacity=72 is_open=True hour_summary=open
[2026-06-11 19:45:03] Outback Climbing Center: 99% (Very Active) people=42 capacity=30 is_open=True hour_summary=open
[2026-06-11 19:45:03] RIMAC Fitness Gym: 0% (Not Busy) people=0 capacity=150 is_open=True hour_summary=open
[2026-06-11 19:45:03] Triton Esports Center: 15% (Not Busy) people=5 capacity=35 is_open=True hour_summary=open
[2026-06-11 19:45:03] === SCRAPE END OK ===
[2026-06-11 20:00:02] === SCRAPE START ===
[2026-06-11 20:00:02] Fetching https://waitz.io/live/ucsd-rec
[2026-06-11 20:00:04] Saved 4 rows to ucsd_occupancy_history.csv
[2026-06-11 20:00:04] Main Gym Fitness Gym: 31% (Not Busy) people=22 capacity=72 is_open=True hour_summary=open
[2026-06-11 20:00:04] Outback Climbing Center: 99% (Very Active) people=37 capacity=30 is_open=True hour_summary=open
[2026-06-11 20:00:04] RIMAC Fitness Gym: 0% (Not Busy) people=1 capacity=150 is_open=True hour_summary=open
[2026-06-11 20:00:04] Triton Esports Center: 17% (Not Busy) people=6 capacity=35 is_open=True hour_summary=open
[2026-06-11 20:00:04] === SCRAPE END OK ===
[2026-06-11 20:15:02] === SCRAPE START ===
[2026-06-11 20:15:02] Fetching https://waitz.io/live/ucsd-rec
[2026-06-11 20:15:04] Saved 4 rows to ucsd_occupancy_history.csv
[2026-06-11 20:15:04] Main Gym Fitness Gym: 29% (Not Busy) people=21 capacity=72 is_open=True hour_summary=open
[2026-06-11 20:15:04] Outback Climbing Center: 99% (Very Active) people=32 capacity=30 is_open=True hour_summary=open
[2026-06-11 20:15:04] RIMAC Fitness Gym: 0% (Not Busy) people=1 capacity=150 is_open=True hour_summary=open
[2026-06-11 20:15:04] Triton Esports Center: 25% (Not Busy) people=9 capacity=35 is_open=True hour_summary=open
[2026-06-11 20:15:04] === SCRAPE END OK ===
[2026-06-11 20:30:02] === SCRAPE START ===
[2026-06-11 20:30:02] Fetching https://waitz.io/live/ucsd-rec
[2026-06-11 20:30:04] Saved 4 rows to ucsd_occupancy_history.csv
[2026-06-11 20:30:04] Main Gym Fitness Gym: 7% (Not Busy) people=5 capacity=72 is_open=True hour_summary=open
[2026-06-11 20:30:04] Outback Climbing Center: 99% (Very Active) people=32 capacity=30 is_open=True hour_summary=open
[2026-06-11 20:30:04] RIMAC Fitness Gym: 0% (Not Busy) people=0 capacity=150 is_open=True hour_summary=open
[2026-06-11 20:30:04] Triton Esports Center: 17% (Not Busy) people=6 capacity=35 is_open=True hour_summary=open
[2026-06-11 20:30:04] === SCRAPE END OK ===
[2026-06-11 20:45:02] === SCRAPE START ===
[2026-06-11 20:45:02] Fetching https://waitz.io/live/ucsd-rec
[2026-06-11 20:45:03] Saved 4 rows to ucsd_occupancy_history.csv
[2026-06-11 20:45:03] Main Gym Fitness Gym: 23% (Not Busy) people=16 capacity=72 is_open=True hour_summary=open
[2026-06-11 20:45:03] Outback Climbing Center: 99% (Very Active) people=35 capacity=30 is_open=True hour_summary=open
[2026-06-11 20:45:03] RIMAC Fitness Gym: 0% (Not Busy) people=1 capacity=150 is_open=True hour_summary=open
[2026-06-11 20:45:03] Triton Esports Center: 19% (Not Busy) people=7 capacity=35 is_open=True hour_summary=open
[2026-06-11 20:45:03] === SCRAPE END OK ===
[2026-06-11 21:00:02] === SCRAPE START ===
[2026-06-11 21:00:02] Fetching https://waitz.io/live/ucsd-rec
[2026-06-11 21:00:04] SCRAPER ERROR: 'int' object has no attribute 'get'
[2026-06-11 21:15:02] === SCRAPE START ===
[2026-06-11 21:15:02] Fetching https://waitz.io/live/ucsd-rec
[2026-06-11 21:15:03] Saved 4 rows to ucsd_occupancy_history.csv
[2026-06-11 21:15:03] Main Gym Fitness Gym: 20% (Not Busy) people=14 capacity=72 is_open=True hour_summary=open
[2026-06-11 21:15:03] Outback Climbing Center: 99% (Very Active) people=34 capacity=30 is_open=True hour_summary=open
[2026-06-11 21:15:03] RIMAC Fitness Gym: 1% (Not Busy) people=1 capacity=150 is_open=True hour_summary=open
[2026-06-11 21:15:03] Triton Esports Center: 19% (Not Busy) people=7 capacity=35 is_open=True hour_summary=open
[2026-06-11 21:15:03] === SCRAPE END OK ===
[2026-06-11 21:30:02] === SCRAPE START ===
[2026-06-11 21:30:02] Fetching https://waitz.io/live/ucsd-rec
[2026-06-11 21:30:04] Saved 4 rows to ucsd_occupancy_history.csv
[2026-06-11 21:30:04] Main Gym Fitness Gym: 12% (Not Busy) people=8 capacity=72 is_open=True hour_summary=open
[2026-06-11 21:30:04] Outback Climbing Center: 99% (Very Active) people=35 capacity=30 is_open=True hour_summary=open
[2026-06-11 21:30:04] RIMAC Fitness Gym: 2% (Not Busy) people=2 capacity=150 is_open=True hour_summary=open
[2026-06-11 21:30:04] Triton Esports Center: 13% (Not Busy) people=4 capacity=35 is_open=True hour_summary=open
[2026-06-11 21:30:04] === SCRAPE END OK ===
[2026-06-11 21:45:02] === SCRAPE START ===
[2026-06-11 21:45:02] Fetching https://waitz.io/live/ucsd-rec
[2026-06-11 21:45:04] Saved 4 rows to ucsd_occupancy_history.csv
[2026-06-11 21:45:04] Main Gym Fitness Gym: 19% (Not Busy) people=14 capacity=72 is_open=True hour_summary=open
[2026-06-11 21:45:04] Outback Climbing Center: 99% (Very Active) people=30 capacity=30 is_open=True hour_summary=open
[2026-06-11 21:45:04] RIMAC Fitness Gym: 1% (Not Busy) people=1 capacity=150 is_open=True hour_summary=open
[2026-06-11 21:45:04] Triton Esports Center: 5% (Not Busy) people=2 capacity=35 is_open=True hour_summary=open
[2026-06-11 21:45:04] === SCRAPE END OK ===
[2026-06-11 22:00:02] === SCRAPE START ===
[2026-06-11 22:00:02] Fetching https://waitz.io/live/ucsd-rec
[2026-06-11 22:00:03] Saved 4 rows to ucsd_occupancy_history.csv
[2026-06-11 22:00:03] Main Gym Fitness Gym: 45% (Not Busy) people=33 capacity=72 is_open=True hour_summary=open
[2026-06-11 22:00:03] Outback Climbing Center: 99% (Closed) people=39 capacity=30 is_open=False hour_summary=Closed until 10:00am
[2026-06-11 22:00:03] RIMAC Fitness Gym: 1% (Not Busy) people=1 capacity=150 is_open=True hour_summary=open
[2026-06-11 22:00:03] Triton Esports Center: 3% (Closed) people=1 capacity=35 is_open=False hour_summary=Closed until 7:30am
[2026-06-11 22:00:03] === SCRAPE END OK ===
[2026-06-11 22:15:02] === SCRAPE START ===
[2026-06-11 22:15:02] Fetching https://waitz.io/live/ucsd-rec
[2026-06-11 22:15:03] Saved 4 rows to ucsd_occupancy_history.csv
[2026-06-11 22:15:03] Main Gym Fitness Gym: 36% (Not Busy) people=26 capacity=72 is_open=True hour_summary=open
[2026-06-11 22:15:03] Outback Climbing Center: 4% (Closed) people=1 capacity=30 is_open=False hour_summary=Closed until 10:00am
[2026-06-11 22:15:03] RIMAC Fitness Gym: 1% (Not Busy) people=1 capacity=150 is_open=True hour_summary=open
[2026-06-11 22:15:03] Triton Esports Center: 0% (Closed) people=0 capacity=35 is_open=False hour_summary=Closed until 7:30am
[2026-06-11 22:15:03] === SCRAPE END OK ===
[2026-06-11 22:30:02] === SCRAPE START ===
[2026-06-11 22:30:02] Fetching https://waitz.io/live/ucsd-rec
[2026-06-11 22:30:03] Saved 4 rows to ucsd_occupancy_history.csv
[2026-06-11 22:30:03] Main Gym Fitness Gym: 34% (Not Busy) people=24 capacity=72 is_open=True hour_summary=open
[2026-06-11 22:30:03] Outback Climbing Center: 8% (Closed) people=3 capacity=30 is_open=False hour_summary=Closed until 10:00am
[2026-06-11 22:30:03] RIMAC Fitness Gym: 1% (Not Busy) people=1 capacity=150 is_open=True hour_summary=open
[2026-06-11 22:30:03] Triton Esports Center: 0% (Closed) people=0 capacity=35 is_open=False hour_summary=Closed until 7:30am
[2026-06-11 22:30:03] === SCRAPE END OK ===
[2026-06-11 22:45:03] === SCRAPE START ===
[2026-06-11 22:45:03] Fetching https://waitz.io/live/ucsd-rec
[2026-06-11 22:45:03] Saved 4 rows to ucsd_occupancy_history.csv
[2026-06-11 22:45:03] Main Gym Fitness Gym: 23% (Not Busy) people=17 capacity=72 is_open=True hour_summary=open
[2026-06-11 22:45:03] Outback Climbing Center: 7% (Closed) people=2 capacity=30 is_open=False hour_summary=Closed until 10:00am
[2026-06-11 22:45:03] RIMAC Fitness Gym: 0% (Not Busy) people=1 capacity=150 is_open=True hour_summary=open
[2026-06-11 22:45:03] Triton Esports Center: 0% (Closed) people=0 capacity=35 is_open=False hour_summary=Closed until 7:30am
[2026-06-11 22:45:03] === SCRAPE END OK ===
