[2026-04-26 00:00:01] === SCRAPE START ===
[2026-04-26 00:00:01] Fetching https://waitz.io/live/ucsd-rec
[2026-04-26 00:00:02] Saved 4 rows to ucsd_occupancy_history.csv
[2026-04-26 00:00:02] Main Gym Fitness Gym: 1% (Closed) people=1 capacity=72 is_open=False hour_summary=Closed until 8:00am
[2026-04-26 00:00:02] Outback Climbing Center: 1% (Closed) people=0 capacity=30 is_open=False hour_summary=Closed until 4:00pm
[2026-04-26 00:00:02] RIMAC Fitness Gym: 0% (Closed) people=0 capacity=150 is_open=False hour_summary=Closed until 8:00am
[2026-04-26 00:00:02] Triton Esports Center: 0% (Closed) people=0 capacity=35 is_open=False hour_summary=Closed until 11:00am
[2026-04-26 00:00:02] === SCRAPE END OK ===
[2026-04-26 00:15:02] === SCRAPE START ===
[2026-04-26 00:15:02] Fetching https://waitz.io/live/ucsd-rec
[2026-04-26 00:15:03] Saved 4 rows to ucsd_occupancy_history.csv
[2026-04-26 00:15:03] Main Gym Fitness Gym: 1% (Closed) people=1 capacity=72 is_open=False hour_summary=Closed until 8:00am
[2026-04-26 00:15:03] Outback Climbing Center: 2% (Closed) people=0 capacity=30 is_open=False hour_summary=Closed until 4:00pm
[2026-04-26 00:15:03] RIMAC Fitness Gym: 0% (Closed) people=0 capacity=150 is_open=False hour_summary=Closed until 8:00am
[2026-04-26 00:15:03] Triton Esports Center: 0% (Closed) people=0 capacity=35 is_open=False hour_summary=Closed until 11:00am
[2026-04-26 00:15:03] === SCRAPE END OK ===
[2026-04-26 00:30:02] === SCRAPE START ===
[2026-04-26 00:30:02] Fetching https://waitz.io/live/ucsd-rec
[2026-04-26 00:30:03] Saved 4 rows to ucsd_occupancy_history.csv
[2026-04-26 00:30:03] Main Gym Fitness Gym: 1% (Closed) people=1 capacity=72 is_open=False hour_summary=Closed until 8:00am
[2026-04-26 00:30:03] Outback Climbing Center: 1% (Closed) people=0 capacity=30 is_open=False hour_summary=Closed until 4:00pm
[2026-04-26 00:30:03] RIMAC Fitness Gym: 0% (Closed) people=0 capacity=150 is_open=False hour_summary=Closed until 8:00am
[2026-04-26 00:30:03] Triton Esports Center: 0% (Closed) people=0 capacity=35 is_open=False hour_summary=Closed until 11:00am
[2026-04-26 00:30:03] === SCRAPE END OK ===
[2026-04-26 00:45:02] === SCRAPE START ===
[2026-04-26 00:45:02] Fetching https://waitz.io/live/ucsd-rec
[2026-04-26 00:45:03] Saved 4 rows to ucsd_occupancy_history.csv
[2026-04-26 00:45:03] Main Gym Fitness Gym: 1% (Closed) people=1 capacity=72 is_open=False hour_summary=Closed until 8:00am
[2026-04-26 00:45:03] Outback Climbing Center: 1% (Closed) people=0 capacity=30 is_open=False hour_summary=Closed until 4:00pm
[2026-04-26 00:45:03] RIMAC Fitness Gym: 0% (Closed) people=0 capacity=150 is_open=False hour_summary=Closed until 8:00am
[2026-04-26 00:45:03] Triton Esports Center: 0% (Closed) people=0 capacity=35 is_open=False hour_summary=Closed until 11:00am
[2026-04-26 00:45:03] === SCRAPE END OK ===
[2026-04-26 01:00:02] === SCRAPE START ===
[2026-04-26 01:00:02] Fetching https://waitz.io/live/ucsd-rec
[2026-04-26 01:00:04] Saved 4 rows to ucsd_occupancy_history.csv
[2026-04-26 01:00:04] Main Gym Fitness Gym: 1% (Closed) people=1 capacity=72 is_open=False hour_summary=Closed until 8:00am
[2026-04-26 01:00:04] Outback Climbing Center: 2% (Closed) people=1 capacity=30 is_open=False hour_summary=Closed until 4:00pm
[2026-04-26 01:00:04] RIMAC Fitness Gym: 0% (Closed) people=0 capacity=150 is_open=False hour_summary=Closed until 8:00am
[2026-04-26 01:00:04] Triton Esports Center: 0% (Closed) people=0 capacity=35 is_open=False hour_summary=Closed until 11:00am
[2026-04-26 01:00:04] === SCRAPE END OK ===
[2026-04-26 01:15:02] === SCRAPE START ===
[2026-04-26 01:15:02] Fetching https://waitz.io/live/ucsd-rec
[2026-04-26 01:15:03] Saved 4 rows to ucsd_occupancy_history.csv
[2026-04-26 01:15:03] Main Gym Fitness Gym: 1% (Closed) people=1 capacity=72 is_open=False hour_summary=Closed until 8:00am
[2026-04-26 01:15:03] Outback Climbing Center: 2% (Closed) people=1 capacity=30 is_open=False hour_summary=Closed until 4:00pm
[2026-04-26 01:15:03] RIMAC Fitness Gym: 0% (Closed) people=0 capacity=150 is_open=False hour_summary=Closed until 8:00am
[2026-04-26 01:15:03] Triton Esports Center: 0% (Closed) people=0 capacity=35 is_open=False hour_summary=Closed until 11:00am
[2026-04-26 01:15:03] === SCRAPE END OK ===
[2026-04-26 01:30:02] === SCRAPE START ===
[2026-04-26 01:30:02] Fetching https://waitz.io/live/ucsd-rec
[2026-04-26 01:30:04] Saved 4 rows to ucsd_occupancy_history.csv
[2026-04-26 01:30:04] Main Gym Fitness Gym: 1% (Closed) people=0 capacity=72 is_open=False hour_summary=Closed until 8:00am
[2026-04-26 01:30:04] Outback Climbing Center: 2% (Closed) people=1 capacity=30 is_open=False hour_summary=Closed until 4:00pm
[2026-04-26 01:30:04] RIMAC Fitness Gym: 0% (Closed) people=0 capacity=150 is_open=False hour_summary=Closed until 8:00am
[2026-04-26 01:30:04] Triton Esports Center: 0% (Closed) people=0 capacity=35 is_open=False hour_summary=Closed until 11:00am
[2026-04-26 01:30:04] === SCRAPE END OK ===
[2026-04-26 01:45:02] === SCRAPE START ===
[2026-04-26 01:45:02] Fetching https://waitz.io/live/ucsd-rec
[2026-04-26 01:45:03] Saved 4 rows to ucsd_occupancy_history.csv
[2026-04-26 01:45:03] Main Gym Fitness Gym: 1% (Closed) people=1 capacity=72 is_open=False hour_summary=Closed until 8:00am
[2026-04-26 01:45:03] Outback Climbing Center: 3% (Closed) people=1 capacity=30 is_open=False hour_summary=Closed until 4:00pm
[2026-04-26 01:45:03] RIMAC Fitness Gym: 0% (Closed) people=0 capacity=150 is_open=False hour_summary=Closed until 8:00am
[2026-04-26 01:45:03] Triton Esports Center: 0% (Closed) people=0 capacity=35 is_open=False hour_summary=Closed until 11:00am
[2026-04-26 01:45:03] === SCRAPE END OK ===
[2026-04-26 02:00:02] === SCRAPE START ===
[2026-04-26 02:00:02] Fetching https://waitz.io/live/ucsd-rec
[2026-04-26 02:00:04] Saved 4 rows to ucsd_occupancy_history.csv
[2026-04-26 02:00:04] Main Gym Fitness Gym: 1% (Closed) people=1 capacity=72 is_open=False hour_summary=Closed until 8:00am
[2026-04-26 02:00:04] Outback Climbing Center: 1% (Closed) people=0 capacity=30 is_open=False hour_summary=Closed until 4:00pm
[2026-04-26 02:00:04] RIMAC Fitness Gym: 0% (Closed) people=0 capacity=150 is_open=False hour_summary=Closed until 8:00am
[2026-04-26 02:00:04] Triton Esports Center: 0% (Closed) people=0 capacity=35 is_open=False hour_summary=Closed until 11:00am
[2026-04-26 02:00:04] === SCRAPE END OK ===
[2026-04-26 02:15:02] === SCRAPE START ===
[2026-04-26 02:15:02] Fetching https://waitz.io/live/ucsd-rec
[2026-04-26 02:15:03] Saved 4 rows to ucsd_occupancy_history.csv
[2026-04-26 02:15:03] Main Gym Fitness Gym: 1% (Closed) people=1 capacity=72 is_open=False hour_summary=Closed until 8:00am
[2026-04-26 02:15:03] Outback Climbing Center: 3% (Closed) people=1 capacity=30 is_open=False hour_summary=Closed until 4:00pm
[2026-04-26 02:15:03] RIMAC Fitness Gym: 0% (Closed) people=0 capacity=150 is_open=False hour_summary=Closed until 8:00am
[2026-04-26 02:15:03] Triton Esports Center: 0% (Closed) people=0 capacity=35 is_open=False hour_summary=Closed until 11:00am
[2026-04-26 02:15:03] === SCRAPE END OK ===
[2026-04-26 02:30:02] === SCRAPE START ===
[2026-04-26 02:30:02] Fetching https://waitz.io/live/ucsd-rec
[2026-04-26 02:30:04] Saved 4 rows to ucsd_occupancy_history.csv
[2026-04-26 02:30:04] Main Gym Fitness Gym: 1% (Closed) people=1 capacity=72 is_open=False hour_summary=Closed until 8:00am
[2026-04-26 02:30:04] Outback Climbing Center: 2% (Closed) people=1 capacity=30 is_open=False hour_summary=Closed until 4:00pm
[2026-04-26 02:30:04] RIMAC Fitness Gym: 0% (Closed) people=0 capacity=150 is_open=False hour_summary=Closed until 8:00am
[2026-04-26 02:30:04] Triton Esports Center: 0% (Closed) people=0 capacity=35 is_open=False hour_summary=Closed until 11:00am
[2026-04-26 02:30:04] === SCRAPE END OK ===
[2026-04-26 02:45:02] === SCRAPE START ===
[2026-04-26 02:45:02] Fetching https://waitz.io/live/ucsd-rec
[2026-04-26 02:45:03] Saved 4 rows to ucsd_occupancy_history.csv
[2026-04-26 02:45:03] Main Gym Fitness Gym: 1% (Closed) people=1 capacity=72 is_open=False hour_summary=Closed until 8:00am
[2026-04-26 02:45:03] Outback Climbing Center: 2% (Closed) people=1 capacity=30 is_open=False hour_summary=Closed until 4:00pm
[2026-04-26 02:45:03] RIMAC Fitness Gym: 0% (Closed) people=0 capacity=150 is_open=False hour_summary=Closed until 8:00am
[2026-04-26 02:45:03] Triton Esports Center: 0% (Closed) people=0 capacity=35 is_open=False hour_summary=Closed until 11:00am
[2026-04-26 02:45:03] === SCRAPE END OK ===
[2026-04-26 03:00:02] === SCRAPE START ===
[2026-04-26 03:00:02] Fetching https://waitz.io/live/ucsd-rec
[2026-04-26 03:00:03] Saved 4 rows to ucsd_occupancy_history.csv
[2026-04-26 03:00:03] Main Gym Fitness Gym: 1% (Closed) people=1 capacity=72 is_open=False hour_summary=Closed until 8:00am
[2026-04-26 03:00:03] Outback Climbing Center: 2% (Closed) people=1 capacity=30 is_open=False hour_summary=Closed until 4:00pm
[2026-04-26 03:00:03] RIMAC Fitness Gym: 0% (Closed) people=0 capacity=150 is_open=False hour_summary=Closed until 8:00am
[2026-04-26 03:00:03] Triton Esports Center: 0% (Closed) people=0 capacity=35 is_open=False hour_summary=Closed until 11:00am
[2026-04-26 03:00:03] === SCRAPE END OK ===
[2026-04-26 03:15:02] === SCRAPE START ===
[2026-04-26 03:15:02] Fetching https://waitz.io/live/ucsd-rec
[2026-04-26 03:15:03] Saved 4 rows to ucsd_occupancy_history.csv
[2026-04-26 03:15:03] Main Gym Fitness Gym: 1% (Closed) people=1 capacity=72 is_open=False hour_summary=Closed until 8:00am
[2026-04-26 03:15:03] Outback Climbing Center: 4% (Closed) people=1 capacity=30 is_open=False hour_summary=Closed until 4:00pm
[2026-04-26 03:15:03] RIMAC Fitness Gym: 0% (Closed) people=0 capacity=150 is_open=False hour_summary=Closed until 8:00am
[2026-04-26 03:15:03] Triton Esports Center: 0% (Closed) people=0 capacity=35 is_open=False hour_summary=Closed until 11:00am
[2026-04-26 03:15:03] === SCRAPE END OK ===
[2026-04-26 03:30:02] === SCRAPE START ===
[2026-04-26 03:30:02] Fetching https://waitz.io/live/ucsd-rec
[2026-04-26 03:30:04] Saved 4 rows to ucsd_occupancy_history.csv
[2026-04-26 03:30:04] Main Gym Fitness Gym: 1% (Closed) people=1 capacity=72 is_open=False hour_summary=Closed until 8:00am
[2026-04-26 03:30:04] Outback Climbing Center: 1% (Closed) people=0 capacity=30 is_open=False hour_summary=Closed until 4:00pm
[2026-04-26 03:30:04] RIMAC Fitness Gym: 0% (Closed) people=0 capacity=150 is_open=False hour_summary=Closed until 8:00am
[2026-04-26 03:30:04] Triton Esports Center: 0% (Closed) people=0 capacity=35 is_open=False hour_summary=Closed until 11:00am
[2026-04-26 03:30:04] === SCRAPE END OK ===
[2026-04-26 03:45:02] === SCRAPE START ===
[2026-04-26 03:45:02] Fetching https://waitz.io/live/ucsd-rec
[2026-04-26 03:45:04] Saved 4 rows to ucsd_occupancy_history.csv
[2026-04-26 03:45:04] Main Gym Fitness Gym: 1% (Closed) people=1 capacity=72 is_open=False hour_summary=Closed until 8:00am
[2026-04-26 03:45:04] Outback Climbing Center: 3% (Closed) people=1 capacity=30 is_open=False hour_summary=Closed until 4:00pm
[2026-04-26 03:45:04] RIMAC Fitness Gym: 0% (Closed) people=0 capacity=150 is_open=False hour_summary=Closed until 8:00am
[2026-04-26 03:45:04] Triton Esports Center: 0% (Closed) people=0 capacity=35 is_open=False hour_summary=Closed until 11:00am
[2026-04-26 03:45:04] === SCRAPE END OK ===
[2026-04-26 04:00:02] === SCRAPE START ===
[2026-04-26 04:00:02] Fetching https://waitz.io/live/ucsd-rec
[2026-04-26 04:00:04] Saved 4 rows to ucsd_occupancy_history.csv
[2026-04-26 04:00:04] Main Gym Fitness Gym: 1% (Closed) people=1 capacity=72 is_open=False hour_summary=Closed until 8:00am
[2026-04-26 04:00:04] Outback Climbing Center: 1% (Closed) people=0 capacity=30 is_open=False hour_summary=Closed until 4:00pm
[2026-04-26 04:00:04] RIMAC Fitness Gym: 0% (Closed) people=0 capacity=150 is_open=False hour_summary=Closed until 8:00am
[2026-04-26 04:00:04] Triton Esports Center: 0% (Closed) people=0 capacity=35 is_open=False hour_summary=Closed until 11:00am
[2026-04-26 04:00:04] === SCRAPE END OK ===
[2026-04-26 04:15:02] === SCRAPE START ===
[2026-04-26 04:15:02] Fetching https://waitz.io/live/ucsd-rec
[2026-04-26 04:15:03] Saved 4 rows to ucsd_occupancy_history.csv
[2026-04-26 04:15:03] Main Gym Fitness Gym: 1% (Closed) people=1 capacity=72 is_open=False hour_summary=Closed until 8:00am
[2026-04-26 04:15:03] Outback Climbing Center: 2% (Closed) people=0 capacity=30 is_open=False hour_summary=Closed until 4:00pm
[2026-04-26 04:15:03] RIMAC Fitness Gym: 0% (Closed) people=0 capacity=150 is_open=False hour_summary=Closed until 8:00am
[2026-04-26 04:15:03] Triton Esports Center: 0% (Closed) people=0 capacity=35 is_open=False hour_summary=Closed until 11:00am
[2026-04-26 04:15:03] === SCRAPE END OK ===
[2026-04-26 04:30:02] === SCRAPE START ===
[2026-04-26 04:30:02] Fetching https://waitz.io/live/ucsd-rec
[2026-04-26 04:30:04] Saved 4 rows to ucsd_occupancy_history.csv
[2026-04-26 04:30:04] Main Gym Fitness Gym: 1% (Closed) people=1 capacity=72 is_open=False hour_summary=Closed until 8:00am
[2026-04-26 04:30:04] Outback Climbing Center: 2% (Closed) people=0 capacity=30 is_open=False hour_summary=Closed until 4:00pm
[2026-04-26 04:30:04] RIMAC Fitness Gym: 0% (Closed) people=0 capacity=150 is_open=False hour_summary=Closed until 8:00am
[2026-04-26 04:30:04] Triton Esports Center: 0% (Closed) people=0 capacity=35 is_open=False hour_summary=Closed until 11:00am
[2026-04-26 04:30:04] === SCRAPE END OK ===
[2026-04-26 04:45:02] === SCRAPE START ===
[2026-04-26 04:45:02] Fetching https://waitz.io/live/ucsd-rec
[2026-04-26 04:45:03] Saved 4 rows to ucsd_occupancy_history.csv
[2026-04-26 04:45:03] Main Gym Fitness Gym: 1% (Closed) people=1 capacity=72 is_open=False hour_summary=Closed until 8:00am
[2026-04-26 04:45:03] Outback Climbing Center: 1% (Closed) people=0 capacity=30 is_open=False hour_summary=Closed until 4:00pm
[2026-04-26 04:45:03] RIMAC Fitness Gym: 0% (Closed) people=0 capacity=150 is_open=False hour_summary=Closed until 8:00am
[2026-04-26 04:45:03] Triton Esports Center: 0% (Closed) people=0 capacity=35 is_open=False hour_summary=Closed until 11:00am
[2026-04-26 04:45:03] === SCRAPE END OK ===
[2026-04-26 05:00:02] === SCRAPE START ===
[2026-04-26 05:00:02] Fetching https://waitz.io/live/ucsd-rec
[2026-04-26 05:00:03] Saved 4 rows to ucsd_occupancy_history.csv
[2026-04-26 05:00:03] Main Gym Fitness Gym: 1% (Closed) people=1 capacity=72 is_open=False hour_summary=Closed until 8:00am
[2026-04-26 05:00:03] Outback Climbing Center: 2% (Closed) people=1 capacity=30 is_open=False hour_summary=Closed until 4:00pm
[2026-04-26 05:00:03] RIMAC Fitness Gym: 0% (Closed) people=0 capacity=150 is_open=False hour_summary=Closed until 8:00am
[2026-04-26 05:00:03] Triton Esports Center: 0% (Closed) people=0 capacity=35 is_open=False hour_summary=Closed until 11:00am
[2026-04-26 05:00:03] === SCRAPE END OK ===
[2026-04-26 05:15:02] === SCRAPE START ===
[2026-04-26 05:15:02] Fetching https://waitz.io/live/ucsd-rec
[2026-04-26 05:15:03] Saved 4 rows to ucsd_occupancy_history.csv
[2026-04-26 05:15:03] Main Gym Fitness Gym: 1% (Closed) people=1 capacity=72 is_open=False hour_summary=Closed until 8:00am
[2026-04-26 05:15:03] Outback Climbing Center: 1% (Closed) people=0 capacity=30 is_open=False hour_summary=Closed until 4:00pm
[2026-04-26 05:15:03] RIMAC Fitness Gym: 0% (Closed) people=0 capacity=150 is_open=False hour_summary=Closed until 8:00am
[2026-04-26 05:15:03] Triton Esports Center: 0% (Closed) people=0 capacity=35 is_open=False hour_summary=Closed until 11:00am
[2026-04-26 05:15:03] === SCRAPE END OK ===
[2026-04-26 05:30:02] === SCRAPE START ===
[2026-04-26 05:30:02] Fetching https://waitz.io/live/ucsd-rec
[2026-04-26 05:30:03] Saved 4 rows to ucsd_occupancy_history.csv
[2026-04-26 05:30:03] Main Gym Fitness Gym: 1% (Closed) people=1 capacity=72 is_open=False hour_summary=Closed until 8:00am
[2026-04-26 05:30:03] Outback Climbing Center: 1% (Closed) people=0 capacity=30 is_open=False hour_summary=Closed until 4:00pm
[2026-04-26 05:30:03] RIMAC Fitness Gym: 0% (Closed) people=1 capacity=150 is_open=False hour_summary=Closed until 8:00am
[2026-04-26 05:30:03] Triton Esports Center: 0% (Closed) people=0 capacity=35 is_open=False hour_summary=Closed until 11:00am
[2026-04-26 05:30:03] === SCRAPE END OK ===
[2026-04-26 05:45:02] === SCRAPE START ===
[2026-04-26 05:45:02] Fetching https://waitz.io/live/ucsd-rec
[2026-04-26 05:45:03] Saved 4 rows to ucsd_occupancy_history.csv
[2026-04-26 05:45:03] Main Gym Fitness Gym: 1% (Closed) people=1 capacity=72 is_open=False hour_summary=Closed until 8:00am
[2026-04-26 05:45:03] Outback Climbing Center: 1% (Closed) people=0 capacity=30 is_open=False hour_summary=Closed until 4:00pm
[2026-04-26 05:45:03] RIMAC Fitness Gym: 0% (Closed) people=0 capacity=150 is_open=False hour_summary=Closed until 8:00am
[2026-04-26 05:45:03] Triton Esports Center: 0% (Closed) people=0 capacity=35 is_open=False hour_summary=Closed until 11:00am
[2026-04-26 05:45:03] === SCRAPE END OK ===
[2026-04-26 06:00:02] === SCRAPE START ===
[2026-04-26 06:00:02] Fetching https://waitz.io/live/ucsd-rec
[2026-04-26 06:00:04] Saved 4 rows to ucsd_occupancy_history.csv
[2026-04-26 06:00:04] Main Gym Fitness Gym: 0% (Closed) people=0 capacity=72 is_open=False hour_summary=Closed until 8:00am
[2026-04-26 06:00:04] Outback Climbing Center: 2% (Closed) people=0 capacity=30 is_open=False hour_summary=Closed until 4:00pm
[2026-04-26 06:00:04] RIMAC Fitness Gym: 0% (Closed) people=0 capacity=150 is_open=False hour_summary=Closed until 8:00am
[2026-04-26 06:00:04] Triton Esports Center: 0% (Closed) people=0 capacity=35 is_open=False hour_summary=Closed until 11:00am
[2026-04-26 06:00:04] === SCRAPE END OK ===
[2026-04-26 06:15:02] === SCRAPE START ===
[2026-04-26 06:15:02] Fetching https://waitz.io/live/ucsd-rec
[2026-04-26 06:15:04] Saved 4 rows to ucsd_occupancy_history.csv
[2026-04-26 06:15:04] Main Gym Fitness Gym: 1% (Closed) people=1 capacity=72 is_open=False hour_summary=Closed until 8:00am
[2026-04-26 06:15:04] Outback Climbing Center: 1% (Closed) people=0 capacity=30 is_open=False hour_summary=Closed until 4:00pm
[2026-04-26 06:15:04] RIMAC Fitness Gym: 0% (Closed) people=0 capacity=150 is_open=False hour_summary=Closed until 8:00am
[2026-04-26 06:15:04] Triton Esports Center: 0% (Closed) people=0 capacity=35 is_open=False hour_summary=Closed until 11:00am
[2026-04-26 06:15:04] === SCRAPE END OK ===
[2026-04-26 06:30:02] === SCRAPE START ===
[2026-04-26 06:30:02] Fetching https://waitz.io/live/ucsd-rec
[2026-04-26 06:30:03] Saved 4 rows to ucsd_occupancy_history.csv
[2026-04-26 06:30:03] Main Gym Fitness Gym: 1% (Closed) people=1 capacity=72 is_open=False hour_summary=Closed until 8:00am
[2026-04-26 06:30:03] Outback Climbing Center: 2% (Closed) people=0 capacity=30 is_open=False hour_summary=Closed until 4:00pm
[2026-04-26 06:30:03] RIMAC Fitness Gym: 0% (Closed) people=0 capacity=150 is_open=False hour_summary=Closed until 8:00am
[2026-04-26 06:30:03] Triton Esports Center: 0% (Closed) people=0 capacity=35 is_open=False hour_summary=Closed until 11:00am
[2026-04-26 06:30:03] === SCRAPE END OK ===
[2026-04-26 06:45:02] === SCRAPE START ===
[2026-04-26 06:45:02] Fetching https://waitz.io/live/ucsd-rec
[2026-04-26 06:45:03] Saved 4 rows to ucsd_occupancy_history.csv
[2026-04-26 06:45:03] Main Gym Fitness Gym: 1% (Closed) people=1 capacity=72 is_open=False hour_summary=Closed until 8:00am
[2026-04-26 06:45:03] Outback Climbing Center: 1% (Closed) people=0 capacity=30 is_open=False hour_summary=Closed until 4:00pm
[2026-04-26 06:45:03] RIMAC Fitness Gym: 0% (Closed) people=0 capacity=150 is_open=False hour_summary=Closed until 8:00am
[2026-04-26 06:45:03] Triton Esports Center: 0% (Closed) people=0 capacity=35 is_open=False hour_summary=Closed until 11:00am
[2026-04-26 06:45:03] === SCRAPE END OK ===
[2026-04-26 07:00:02] === SCRAPE START ===
[2026-04-26 07:00:02] Fetching https://waitz.io/live/ucsd-rec
[2026-04-26 07:00:02] Saved 4 rows to ucsd_occupancy_history.csv
[2026-04-26 07:00:02] Main Gym Fitness Gym: 1% (Closed) people=1 capacity=72 is_open=False hour_summary=Closed until 8:00am
[2026-04-26 07:00:02] Outback Climbing Center: 1% (Closed) people=0 capacity=30 is_open=False hour_summary=Closed until 4:00pm
[2026-04-26 07:00:02] RIMAC Fitness Gym: 0% (Closed) people=0 capacity=150 is_open=False hour_summary=Closed until 8:00am
[2026-04-26 07:00:02] Triton Esports Center: 0% (Closed) people=0 capacity=35 is_open=False hour_summary=Closed until 11:00am
[2026-04-26 07:00:02] === SCRAPE END OK ===
[2026-04-26 07:15:02] === SCRAPE START ===
[2026-04-26 07:15:02] Fetching https://waitz.io/live/ucsd-rec
[2026-04-26 07:15:02] Saved 4 rows to ucsd_occupancy_history.csv
[2026-04-26 07:15:02] Main Gym Fitness Gym: 1% (Closed) people=1 capacity=72 is_open=False hour_summary=Closed until 8:00am
[2026-04-26 07:15:02] Outback Climbing Center: 1% (Closed) people=0 capacity=30 is_open=False hour_summary=Closed until 4:00pm
[2026-04-26 07:15:02] RIMAC Fitness Gym: 0% (Closed) people=0 capacity=150 is_open=False hour_summary=Closed until 8:00am
[2026-04-26 07:15:02] Triton Esports Center: 0% (Closed) people=0 capacity=35 is_open=False hour_summary=Closed until 11:00am
[2026-04-26 07:15:02] === SCRAPE END OK ===
[2026-04-26 07:30:02] === SCRAPE START ===
[2026-04-26 07:30:02] Fetching https://waitz.io/live/ucsd-rec
[2026-04-26 07:30:03] Saved 4 rows to ucsd_occupancy_history.csv
[2026-04-26 07:30:03] Main Gym Fitness Gym: 1% (Closed) people=1 capacity=72 is_open=False hour_summary=Closed until 8:00am
[2026-04-26 07:30:03] Outback Climbing Center: 4% (Closed) people=1 capacity=30 is_open=False hour_summary=Closed until 4:00pm
[2026-04-26 07:30:03] RIMAC Fitness Gym: 0% (Closed) people=0 capacity=150 is_open=False hour_summary=Closed until 8:00am
[2026-04-26 07:30:03] Triton Esports Center: 0% (Closed) people=0 capacity=35 is_open=False hour_summary=Closed until 11:00am
[2026-04-26 07:30:03] === SCRAPE END OK ===
[2026-04-26 07:45:02] === SCRAPE START ===
[2026-04-26 07:45:02] Fetching https://waitz.io/live/ucsd-rec
[2026-04-26 07:45:03] Saved 4 rows to ucsd_occupancy_history.csv
[2026-04-26 07:45:03] Main Gym Fitness Gym: 1% (Closed) people=1 capacity=72 is_open=False hour_summary=Closed until 8:00am
[2026-04-26 07:45:03] Outback Climbing Center: 1% (Closed) people=0 capacity=30 is_open=False hour_summary=Closed until 4:00pm
[2026-04-26 07:45:03] RIMAC Fitness Gym: 0% (Closed) people=0 capacity=150 is_open=False hour_summary=Closed until 8:00am
[2026-04-26 07:45:03] Triton Esports Center: 0% (Closed) people=0 capacity=35 is_open=False hour_summary=Closed until 11:00am
[2026-04-26 07:45:03] === SCRAPE END OK ===
[2026-04-26 08:00:02] === SCRAPE START ===
[2026-04-26 08:00:02] Fetching https://waitz.io/live/ucsd-rec
[2026-04-26 08:00:03] Saved 4 rows to ucsd_occupancy_history.csv
[2026-04-26 08:00:03] Main Gym Fitness Gym: 2% (Not Busy) people=1 capacity=72 is_open=True hour_summary=open
[2026-04-26 08:00:03] Outback Climbing Center: 2% (Closed) people=0 capacity=30 is_open=False hour_summary=Closed until 4:00pm
[2026-04-26 08:00:03] RIMAC Fitness Gym: 0% (Not Busy) people=1 capacity=150 is_open=True hour_summary=open
[2026-04-26 08:00:03] Triton Esports Center: 0% (Closed) people=0 capacity=35 is_open=False hour_summary=Closed until 11:00am
[2026-04-26 08:00:03] === SCRAPE END OK ===
[2026-04-26 08:15:02] === SCRAPE START ===
[2026-04-26 08:15:02] Fetching https://waitz.io/live/ucsd-rec
[2026-04-26 08:15:03] Saved 4 rows to ucsd_occupancy_history.csv
[2026-04-26 08:15:03] Main Gym Fitness Gym: 2% (Not Busy) people=1 capacity=72 is_open=True hour_summary=open
[2026-04-26 08:15:03] Outback Climbing Center: 2% (Closed) people=0 capacity=30 is_open=False hour_summary=Closed until 4:00pm
[2026-04-26 08:15:03] RIMAC Fitness Gym: 13% (Not Busy) people=20 capacity=150 is_open=True hour_summary=open
[2026-04-26 08:15:03] Triton Esports Center: 0% (Closed) people=0 capacity=35 is_open=False hour_summary=Closed until 11:00am
[2026-04-26 08:15:03] === SCRAPE END OK ===
[2026-04-26 08:30:02] === SCRAPE START ===
[2026-04-26 08:30:02] Fetching https://waitz.io/live/ucsd-rec
[2026-04-26 08:30:03] Saved 4 rows to ucsd_occupancy_history.csv
[2026-04-26 08:30:03] Main Gym Fitness Gym: 11% (Not Busy) people=8 capacity=72 is_open=True hour_summary=open
[2026-04-26 08:30:03] Outback Climbing Center: 1% (Closed) people=0 capacity=30 is_open=False hour_summary=Closed until 4:00pm
[2026-04-26 08:30:03] RIMAC Fitness Gym: 24% (Not Busy) people=36 capacity=150 is_open=True hour_summary=open
[2026-04-26 08:30:03] Triton Esports Center: 0% (Closed) people=0 capacity=35 is_open=False hour_summary=Closed until 11:00am
[2026-04-26 08:30:03] === SCRAPE END OK ===
[2026-04-26 08:45:02] === SCRAPE START ===
[2026-04-26 08:45:02] Fetching https://waitz.io/live/ucsd-rec
[2026-04-26 08:45:03] Saved 4 rows to ucsd_occupancy_history.csv
[2026-04-26 08:45:03] Main Gym Fitness Gym: 13% (Not Busy) people=9 capacity=72 is_open=True hour_summary=open
[2026-04-26 08:45:03] Outback Climbing Center: 1% (Closed) people=0 capacity=30 is_open=False hour_summary=Closed until 4:00pm
[2026-04-26 08:45:03] RIMAC Fitness Gym: 32% (Not Busy) people=48 capacity=150 is_open=True hour_summary=open
[2026-04-26 08:45:03] Triton Esports Center: 0% (Closed) people=0 capacity=35 is_open=False hour_summary=Closed until 11:00am
[2026-04-26 08:45:03] === SCRAPE END OK ===
[2026-04-26 09:00:02] === SCRAPE START ===
[2026-04-26 09:00:02] Fetching https://waitz.io/live/ucsd-rec
[2026-04-26 09:00:03] Saved 4 rows to ucsd_occupancy_history.csv
[2026-04-26 09:00:03] Main Gym Fitness Gym: 21% (Not Busy) people=15 capacity=72 is_open=True hour_summary=open
[2026-04-26 09:00:03] Outback Climbing Center: 2% (Closed) people=1 capacity=30 is_open=False hour_summary=Closed until 4:00pm
[2026-04-26 09:00:03] RIMAC Fitness Gym: 27% (Not Busy) people=40 capacity=150 is_open=True hour_summary=open
[2026-04-26 09:00:03] Triton Esports Center: 0% (Closed) people=0 capacity=35 is_open=False hour_summary=Closed until 11:00am
[2026-04-26 09:00:03] === SCRAPE END OK ===
[2026-04-26 09:15:02] === SCRAPE START ===
[2026-04-26 09:15:02] Fetching https://waitz.io/live/ucsd-rec
[2026-04-26 09:15:03] Saved 4 rows to ucsd_occupancy_history.csv
[2026-04-26 09:15:03] Main Gym Fitness Gym: 17% (Not Busy) people=12 capacity=72 is_open=True hour_summary=open
[2026-04-26 09:15:03] Outback Climbing Center: 2% (Closed) people=0 capacity=30 is_open=False hour_summary=Closed until 4:00pm
[2026-04-26 09:15:03] RIMAC Fitness Gym: 22% (Not Busy) people=34 capacity=150 is_open=True hour_summary=open
[2026-04-26 09:15:03] Triton Esports Center: 0% (Closed) people=0 capacity=35 is_open=False hour_summary=Closed until 11:00am
[2026-04-26 09:15:03] === SCRAPE END OK ===
[2026-04-26 09:30:02] === SCRAPE START ===
[2026-04-26 09:30:02] Fetching https://waitz.io/live/ucsd-rec
[2026-04-26 09:30:03] Saved 4 rows to ucsd_occupancy_history.csv
[2026-04-26 09:30:03] Main Gym Fitness Gym: 14% (Not Busy) people=10 capacity=72 is_open=True hour_summary=open
[2026-04-26 09:30:03] Outback Climbing Center: 1% (Closed) people=0 capacity=30 is_open=False hour_summary=Closed until 4:00pm
[2026-04-26 09:30:03] RIMAC Fitness Gym: 17% (Not Busy) people=26 capacity=150 is_open=True hour_summary=open
[2026-04-26 09:30:03] Triton Esports Center: 0% (Closed) people=0 capacity=35 is_open=False hour_summary=Closed until 11:00am
[2026-04-26 09:30:03] === SCRAPE END OK ===
