[2026-05-28 00:30:02] === SCRAPE START ===
[2026-05-28 00:30:02] Fetching https://waitz.io/live/ucsd-rec
[2026-05-28 00:30:04] Saved 4 rows to ucsd_occupancy_history.csv
[2026-05-28 00:30:04] Main Gym Fitness Gym: 1% (Closed) people=1 capacity=72 is_open=False hour_summary=Closed until 6:00am
[2026-05-28 00:30:04] Outback Climbing Center: 5% (Closed) people=2 capacity=30 is_open=False hour_summary=Closed until 10:00am
[2026-05-28 00:30:04] RIMAC Fitness Gym: 1% (Closed) people=2 capacity=150 is_open=False hour_summary=Closed until 6:00am
[2026-05-28 00:30:04] Triton Esports Center: 0% (Closed) people=0 capacity=35 is_open=False hour_summary=Closed until 7:30am
[2026-05-28 00:30:04] === SCRAPE END OK ===
[2026-05-28 00:45:02] === SCRAPE START ===
[2026-05-28 00:45:02] Fetching https://waitz.io/live/ucsd-rec
[2026-05-28 00:45:03] Saved 4 rows to ucsd_occupancy_history.csv
[2026-05-28 00:45:03] Main Gym Fitness Gym: 1% (Closed) people=1 capacity=72 is_open=False hour_summary=Closed until 6:00am
[2026-05-28 00:45:03] Outback Climbing Center: 1% (Closed) people=0 capacity=30 is_open=False hour_summary=Closed until 10:00am
[2026-05-28 00:45:03] RIMAC Fitness Gym: 1% (Closed) people=1 capacity=150 is_open=False hour_summary=Closed until 6:00am
[2026-05-28 00:45:03] Triton Esports Center: 0% (Closed) people=0 capacity=35 is_open=False hour_summary=Closed until 7:30am
[2026-05-28 00:45:03] === SCRAPE END OK ===
[2026-05-28 01:00:02] === SCRAPE START ===
[2026-05-28 01:00:02] Fetching https://waitz.io/live/ucsd-rec
[2026-05-28 01:00:03] Saved 4 rows to ucsd_occupancy_history.csv
[2026-05-28 01:00:03] Main Gym Fitness Gym: 1% (Closed) people=1 capacity=72 is_open=False hour_summary=Closed until 6:00am
[2026-05-28 01:00:03] Outback Climbing Center: 3% (Closed) people=1 capacity=30 is_open=False hour_summary=Closed until 10:00am
[2026-05-28 01:00:03] RIMAC Fitness Gym: 1% (Closed) people=1 capacity=150 is_open=False hour_summary=Closed until 6:00am
[2026-05-28 01:00:03] Triton Esports Center: 0% (Closed) people=0 capacity=35 is_open=False hour_summary=Closed until 7:30am
[2026-05-28 01:00:03] === SCRAPE END OK ===
[2026-05-28 01:15:02] === SCRAPE START ===
[2026-05-28 01:15:02] Fetching https://waitz.io/live/ucsd-rec
[2026-05-28 01:15:03] Saved 4 rows to ucsd_occupancy_history.csv
[2026-05-28 01:15:03] Main Gym Fitness Gym: 2% (Closed) people=1 capacity=72 is_open=False hour_summary=Closed until 6:00am
[2026-05-28 01:15:03] Outback Climbing Center: 1% (Closed) people=0 capacity=30 is_open=False hour_summary=Closed until 10:00am
[2026-05-28 01:15:03] RIMAC Fitness Gym: 1% (Closed) people=1 capacity=150 is_open=False hour_summary=Closed until 6:00am
[2026-05-28 01:15:03] Triton Esports Center: 0% (Closed) people=0 capacity=35 is_open=False hour_summary=Closed until 7:30am
[2026-05-28 01:15:03] === SCRAPE END OK ===
[2026-05-28 01:30:02] === SCRAPE START ===
[2026-05-28 01:30:02] Fetching https://waitz.io/live/ucsd-rec
[2026-05-28 01:30:03] Saved 4 rows to ucsd_occupancy_history.csv
[2026-05-28 01:30:03] Main Gym Fitness Gym: 1% (Closed) people=1 capacity=72 is_open=False hour_summary=Closed until 6:00am
[2026-05-28 01:30:03] Outback Climbing Center: 3% (Closed) people=1 capacity=30 is_open=False hour_summary=Closed until 10:00am
[2026-05-28 01:30:03] RIMAC Fitness Gym: 0% (Closed) people=0 capacity=150 is_open=False hour_summary=Closed until 6:00am
[2026-05-28 01:30:03] Triton Esports Center: 0% (Closed) people=0 capacity=35 is_open=False hour_summary=Closed until 7:30am
[2026-05-28 01:30:03] === SCRAPE END OK ===
[2026-05-28 01:45:02] === SCRAPE START ===
[2026-05-28 01:45:02] Fetching https://waitz.io/live/ucsd-rec
[2026-05-28 01:45:03] Saved 4 rows to ucsd_occupancy_history.csv
[2026-05-28 01:45:03] Main Gym Fitness Gym: 1% (Closed) people=1 capacity=72 is_open=False hour_summary=Closed until 6:00am
[2026-05-28 01:45:03] Outback Climbing Center: 2% (Closed) people=1 capacity=30 is_open=False hour_summary=Closed until 10:00am
[2026-05-28 01:45:03] RIMAC Fitness Gym: 0% (Closed) people=1 capacity=150 is_open=False hour_summary=Closed until 6:00am
[2026-05-28 01:45:03] Triton Esports Center: 0% (Closed) people=0 capacity=35 is_open=False hour_summary=Closed until 7:30am
[2026-05-28 01:45:03] === SCRAPE END OK ===
[2026-05-28 02:00:02] === SCRAPE START ===
[2026-05-28 02:00:02] Fetching https://waitz.io/live/ucsd-rec
[2026-05-28 02:00:03] Saved 4 rows to ucsd_occupancy_history.csv
[2026-05-28 02:00:03] Main Gym Fitness Gym: 1% (Closed) people=1 capacity=72 is_open=False hour_summary=Closed until 6:00am
[2026-05-28 02:00:03] Outback Climbing Center: 3% (Closed) people=1 capacity=30 is_open=False hour_summary=Closed until 10:00am
[2026-05-28 02:00:03] RIMAC Fitness Gym: 1% (Closed) people=1 capacity=150 is_open=False hour_summary=Closed until 6:00am
[2026-05-28 02:00:03] Triton Esports Center: 0% (Closed) people=0 capacity=35 is_open=False hour_summary=Closed until 7:30am
[2026-05-28 02:00:03] === SCRAPE END OK ===
[2026-05-28 02:15:02] === SCRAPE START ===
[2026-05-28 02:15:02] Fetching https://waitz.io/live/ucsd-rec
[2026-05-28 02:15:03] Saved 4 rows to ucsd_occupancy_history.csv
[2026-05-28 02:15:03] Main Gym Fitness Gym: 1% (Closed) people=1 capacity=72 is_open=False hour_summary=Closed until 6:00am
[2026-05-28 02:15:03] Outback Climbing Center: 1% (Closed) people=0 capacity=30 is_open=False hour_summary=Closed until 10:00am
[2026-05-28 02:15:03] RIMAC Fitness Gym: 0% (Closed) people=0 capacity=150 is_open=False hour_summary=Closed until 6:00am
[2026-05-28 02:15:03] Triton Esports Center: 0% (Closed) people=0 capacity=35 is_open=False hour_summary=Closed until 7:30am
[2026-05-28 02:15:03] === SCRAPE END OK ===
[2026-05-28 02:30:02] === SCRAPE START ===
[2026-05-28 02:30:02] Fetching https://waitz.io/live/ucsd-rec
[2026-05-28 02:30:03] Saved 4 rows to ucsd_occupancy_history.csv
[2026-05-28 02:30:03] Main Gym Fitness Gym: 1% (Closed) people=1 capacity=72 is_open=False hour_summary=Closed until 6:00am
[2026-05-28 02:30:03] Outback Climbing Center: 3% (Closed) people=1 capacity=30 is_open=False hour_summary=Closed until 10:00am
[2026-05-28 02:30:03] RIMAC Fitness Gym: 0% (Closed) people=0 capacity=150 is_open=False hour_summary=Closed until 6:00am
[2026-05-28 02:30:03] Triton Esports Center: 0% (Closed) people=0 capacity=35 is_open=False hour_summary=Closed until 7:30am
[2026-05-28 02:30:03] === SCRAPE END OK ===
[2026-05-28 02:45:02] === SCRAPE START ===
[2026-05-28 02:45:02] Fetching https://waitz.io/live/ucsd-rec
[2026-05-28 02:45:03] Saved 4 rows to ucsd_occupancy_history.csv
[2026-05-28 02:45:03] Main Gym Fitness Gym: 1% (Closed) people=1 capacity=72 is_open=False hour_summary=Closed until 6:00am
[2026-05-28 02:45:03] Outback Climbing Center: 4% (Closed) people=1 capacity=30 is_open=False hour_summary=Closed until 10:00am
[2026-05-28 02:45:03] RIMAC Fitness Gym: 1% (Closed) people=1 capacity=150 is_open=False hour_summary=Closed until 6:00am
[2026-05-28 02:45:03] Triton Esports Center: 0% (Closed) people=0 capacity=35 is_open=False hour_summary=Closed until 7:30am
[2026-05-28 02:45:03] === SCRAPE END OK ===
[2026-05-28 03:00:02] === SCRAPE START ===
[2026-05-28 03:00:02] Fetching https://waitz.io/live/ucsd-rec
[2026-05-28 03:00:03] Saved 4 rows to ucsd_occupancy_history.csv
[2026-05-28 03:00:03] Main Gym Fitness Gym: 1% (Closed) people=0 capacity=72 is_open=False hour_summary=Closed until 6:00am
[2026-05-28 03:00:03] Outback Climbing Center: 3% (Closed) people=1 capacity=30 is_open=False hour_summary=Closed until 10:00am
[2026-05-28 03:00:03] RIMAC Fitness Gym: 0% (Closed) people=0 capacity=150 is_open=False hour_summary=Closed until 6:00am
[2026-05-28 03:00:03] Triton Esports Center: 0% (Closed) people=0 capacity=35 is_open=False hour_summary=Closed until 7:30am
[2026-05-28 03:00:03] === SCRAPE END OK ===
[2026-05-28 03:15:02] === SCRAPE START ===
[2026-05-28 03:15:02] Fetching https://waitz.io/live/ucsd-rec
[2026-05-28 03:15:03] Saved 4 rows to ucsd_occupancy_history.csv
[2026-05-28 03:15:03] Main Gym Fitness Gym: 1% (Closed) people=1 capacity=72 is_open=False hour_summary=Closed until 6:00am
[2026-05-28 03:15:03] Outback Climbing Center: 8% (Closed) people=2 capacity=30 is_open=False hour_summary=Closed until 10:00am
[2026-05-28 03:15:03] RIMAC Fitness Gym: 0% (Closed) people=1 capacity=150 is_open=False hour_summary=Closed until 6:00am
[2026-05-28 03:15:03] Triton Esports Center: 0% (Closed) people=0 capacity=35 is_open=False hour_summary=Closed until 7:30am
[2026-05-28 03:15:03] === SCRAPE END OK ===
[2026-05-28 03:30:02] === SCRAPE START ===
[2026-05-28 03:30:02] Fetching https://waitz.io/live/ucsd-rec
[2026-05-28 03:30:03] Saved 4 rows to ucsd_occupancy_history.csv
[2026-05-28 03:30:03] Main Gym Fitness Gym: 1% (Closed) people=1 capacity=72 is_open=False hour_summary=Closed until 6:00am
[2026-05-28 03:30:03] Outback Climbing Center: 1% (Closed) people=0 capacity=30 is_open=False hour_summary=Closed until 10:00am
[2026-05-28 03:30:03] RIMAC Fitness Gym: 0% (Closed) people=1 capacity=150 is_open=False hour_summary=Closed until 6:00am
[2026-05-28 03:30:03] Triton Esports Center: 0% (Closed) people=0 capacity=35 is_open=False hour_summary=Closed until 7:30am
[2026-05-28 03:30:03] === SCRAPE END OK ===
[2026-05-28 03:45:02] === SCRAPE START ===
[2026-05-28 03:45:02] Fetching https://waitz.io/live/ucsd-rec
[2026-05-28 03:45:02] Saved 4 rows to ucsd_occupancy_history.csv
[2026-05-28 03:45:02] Main Gym Fitness Gym: 1% (Closed) people=1 capacity=72 is_open=False hour_summary=Closed until 6:00am
[2026-05-28 03:45:02] Outback Climbing Center: 2% (Closed) people=0 capacity=30 is_open=False hour_summary=Closed until 10:00am
[2026-05-28 03:45:02] RIMAC Fitness Gym: 1% (Closed) people=1 capacity=150 is_open=False hour_summary=Closed until 6:00am
[2026-05-28 03:45:02] Triton Esports Center: 0% (Closed) people=0 capacity=35 is_open=False hour_summary=Closed until 7:30am
[2026-05-28 03:45:02] === SCRAPE END OK ===
[2026-05-28 04:00:02] === SCRAPE START ===
[2026-05-28 04:00:02] Fetching https://waitz.io/live/ucsd-rec
[2026-05-28 04:00:03] Saved 4 rows to ucsd_occupancy_history.csv
[2026-05-28 04:00:03] Main Gym Fitness Gym: 1% (Closed) people=1 capacity=72 is_open=False hour_summary=Closed until 6:00am
[2026-05-28 04:00:03] Outback Climbing Center: 2% (Closed) people=1 capacity=30 is_open=False hour_summary=Closed until 10:00am
[2026-05-28 04:00:03] RIMAC Fitness Gym: 0% (Closed) people=1 capacity=150 is_open=False hour_summary=Closed until 6:00am
[2026-05-28 04:00:03] Triton Esports Center: 0% (Closed) people=0 capacity=35 is_open=False hour_summary=Closed until 7:30am
[2026-05-28 04:00:03] === SCRAPE END OK ===
[2026-05-28 04:15:02] === SCRAPE START ===
[2026-05-28 04:15:02] Fetching https://waitz.io/live/ucsd-rec
[2026-05-28 04:15:03] Saved 4 rows to ucsd_occupancy_history.csv
[2026-05-28 04:15:03] Main Gym Fitness Gym: 1% (Closed) people=1 capacity=72 is_open=False hour_summary=Closed until 6:00am
[2026-05-28 04:15:03] Outback Climbing Center: 2% (Closed) people=1 capacity=30 is_open=False hour_summary=Closed until 10:00am
[2026-05-28 04:15:03] RIMAC Fitness Gym: 1% (Closed) people=1 capacity=150 is_open=False hour_summary=Closed until 6:00am
[2026-05-28 04:15:03] Triton Esports Center: 0% (Closed) people=0 capacity=35 is_open=False hour_summary=Closed until 7:30am
[2026-05-28 04:15:03] === SCRAPE END OK ===
[2026-05-28 04:30:02] === SCRAPE START ===
[2026-05-28 04:30:02] Fetching https://waitz.io/live/ucsd-rec
[2026-05-28 04:30:03] Saved 4 rows to ucsd_occupancy_history.csv
[2026-05-28 04:30:03] Main Gym Fitness Gym: 1% (Closed) people=1 capacity=72 is_open=False hour_summary=Closed until 6:00am
[2026-05-28 04:30:03] Outback Climbing Center: 2% (Closed) people=1 capacity=30 is_open=False hour_summary=Closed until 10:00am
[2026-05-28 04:30:03] RIMAC Fitness Gym: 1% (Closed) people=1 capacity=150 is_open=False hour_summary=Closed until 6:00am
[2026-05-28 04:30:03] Triton Esports Center: 0% (Closed) people=0 capacity=35 is_open=False hour_summary=Closed until 7:30am
[2026-05-28 04:30:03] === SCRAPE END OK ===
[2026-05-28 04:45:03] === SCRAPE START ===
[2026-05-28 04:45:03] Fetching https://waitz.io/live/ucsd-rec
[2026-05-28 04:45:04] Saved 4 rows to ucsd_occupancy_history.csv
[2026-05-28 04:45:04] Main Gym Fitness Gym: 1% (Closed) people=1 capacity=72 is_open=False hour_summary=Closed until 6:00am
[2026-05-28 04:45:04] Outback Climbing Center: 3% (Closed) people=1 capacity=30 is_open=False hour_summary=Closed until 10:00am
[2026-05-28 04:45:04] RIMAC Fitness Gym: 1% (Closed) people=1 capacity=150 is_open=False hour_summary=Closed until 6:00am
[2026-05-28 04:45:04] Triton Esports Center: 0% (Closed) people=0 capacity=35 is_open=False hour_summary=Closed until 7:30am
[2026-05-28 04:45:04] === SCRAPE END OK ===
[2026-05-28 05:00:02] === SCRAPE START ===
[2026-05-28 05:00:02] Fetching https://waitz.io/live/ucsd-rec
[2026-05-28 05:00:04] Saved 4 rows to ucsd_occupancy_history.csv
[2026-05-28 05:00:04] Main Gym Fitness Gym: 2% (Closed) people=1 capacity=72 is_open=False hour_summary=Closed until 6:00am
[2026-05-28 05:00:04] Outback Climbing Center: 2% (Closed) people=1 capacity=30 is_open=False hour_summary=Closed until 10:00am
[2026-05-28 05:00:04] RIMAC Fitness Gym: 1% (Closed) people=1 capacity=150 is_open=False hour_summary=Closed until 6:00am
[2026-05-28 05:00:04] Triton Esports Center: 0% (Closed) people=0 capacity=35 is_open=False hour_summary=Closed until 7:30am
[2026-05-28 05:00:04] === SCRAPE END OK ===
[2026-05-28 05:15:02] === SCRAPE START ===
[2026-05-28 05:15:02] Fetching https://waitz.io/live/ucsd-rec
[2026-05-28 05:15:03] Saved 4 rows to ucsd_occupancy_history.csv
[2026-05-28 05:15:03] Main Gym Fitness Gym: 1% (Closed) people=1 capacity=72 is_open=False hour_summary=Closed until 6:00am
[2026-05-28 05:15:03] Outback Climbing Center: 1% (Closed) people=0 capacity=30 is_open=False hour_summary=Closed until 10:00am
[2026-05-28 05:15:03] RIMAC Fitness Gym: 1% (Closed) people=1 capacity=150 is_open=False hour_summary=Closed until 6:00am
[2026-05-28 05:15:03] Triton Esports Center: 0% (Closed) people=0 capacity=35 is_open=False hour_summary=Closed until 7:30am
[2026-05-28 05:15:03] === SCRAPE END OK ===
[2026-05-28 05:30:02] === SCRAPE START ===
[2026-05-28 05:30:02] Fetching https://waitz.io/live/ucsd-rec
[2026-05-28 05:30:03] Saved 4 rows to ucsd_occupancy_history.csv
[2026-05-28 05:30:03] Main Gym Fitness Gym: 1% (Closed) people=1 capacity=72 is_open=False hour_summary=Closed until 6:00am
[2026-05-28 05:30:03] Outback Climbing Center: 2% (Closed) people=0 capacity=30 is_open=False hour_summary=Closed until 10:00am
[2026-05-28 05:30:03] RIMAC Fitness Gym: 0% (Closed) people=0 capacity=150 is_open=False hour_summary=Closed until 6:00am
[2026-05-28 05:30:03] Triton Esports Center: 0% (Closed) people=0 capacity=35 is_open=False hour_summary=Closed until 7:30am
[2026-05-28 05:30:03] === SCRAPE END OK ===
[2026-05-28 05:45:02] === SCRAPE START ===
[2026-05-28 05:45:02] Fetching https://waitz.io/live/ucsd-rec
[2026-05-28 05:45:03] Saved 4 rows to ucsd_occupancy_history.csv
[2026-05-28 05:45:03] Main Gym Fitness Gym: 1% (Closed) people=1 capacity=72 is_open=False hour_summary=Closed until 6:00am
[2026-05-28 05:45:03] Outback Climbing Center: 2% (Closed) people=1 capacity=30 is_open=False hour_summary=Closed until 10:00am
[2026-05-28 05:45:03] RIMAC Fitness Gym: 1% (Closed) people=1 capacity=150 is_open=False hour_summary=Closed until 6:00am
[2026-05-28 05:45:03] Triton Esports Center: 0% (Closed) people=0 capacity=35 is_open=False hour_summary=Closed until 7:30am
[2026-05-28 05:45:03] === SCRAPE END OK ===
[2026-05-28 06:00:02] === SCRAPE START ===
[2026-05-28 06:00:02] Fetching https://waitz.io/live/ucsd-rec
[2026-05-28 06:00:03] Saved 4 rows to ucsd_occupancy_history.csv
[2026-05-28 06:00:03] Main Gym Fitness Gym: 1% (Not Busy) people=1 capacity=72 is_open=True hour_summary=open
[2026-05-28 06:00:03] Outback Climbing Center: 8% (Closed) people=2 capacity=30 is_open=False hour_summary=Closed until 10:00am
[2026-05-28 06:00:03] RIMAC Fitness Gym: 0% (Not Busy) people=1 capacity=150 is_open=True hour_summary=open
[2026-05-28 06:00:03] Triton Esports Center: 1% (Closed) people=0 capacity=35 is_open=False hour_summary=Closed until 7:30am
[2026-05-28 06:00:03] === SCRAPE END OK ===
[2026-05-28 06:15:02] === SCRAPE START ===
[2026-05-28 06:15:02] Fetching https://waitz.io/live/ucsd-rec
[2026-05-28 06:15:03] Saved 4 rows to ucsd_occupancy_history.csv
[2026-05-28 06:15:03] Main Gym Fitness Gym: 7% (Not Busy) people=5 capacity=72 is_open=True hour_summary=open
[2026-05-28 06:15:03] Outback Climbing Center: 12% (Closed) people=4 capacity=30 is_open=False hour_summary=Closed until 10:00am
[2026-05-28 06:15:03] RIMAC Fitness Gym: 12% (Not Busy) people=18 capacity=150 is_open=True hour_summary=open
[2026-05-28 06:15:03] Triton Esports Center: 0% (Closed) people=0 capacity=35 is_open=False hour_summary=Closed until 7:30am
[2026-05-28 06:15:03] === SCRAPE END OK ===
[2026-05-28 06:30:02] === SCRAPE START ===
[2026-05-28 06:30:02] Fetching https://waitz.io/live/ucsd-rec
[2026-05-28 06:30:03] Saved 4 rows to ucsd_occupancy_history.csv
[2026-05-28 06:30:03] Main Gym Fitness Gym: 4% (Not Busy) people=3 capacity=72 is_open=True hour_summary=open
[2026-05-28 06:30:03] Outback Climbing Center: 1% (Closed) people=0 capacity=30 is_open=False hour_summary=Closed until 10:00am
[2026-05-28 06:30:03] RIMAC Fitness Gym: 22% (Not Busy) people=33 capacity=150 is_open=True hour_summary=open
[2026-05-28 06:30:03] Triton Esports Center: 0% (Closed) people=0 capacity=35 is_open=False hour_summary=Closed until 7:30am
[2026-05-28 06:30:03] === SCRAPE END OK ===
[2026-05-28 06:45:02] === SCRAPE START ===
[2026-05-28 06:45:02] Fetching https://waitz.io/live/ucsd-rec
[2026-05-28 06:45:03] Saved 4 rows to ucsd_occupancy_history.csv
[2026-05-28 06:45:03] Main Gym Fitness Gym: 15% (Not Busy) people=11 capacity=72 is_open=True hour_summary=open
[2026-05-28 06:45:03] Outback Climbing Center: 4% (Closed) people=1 capacity=30 is_open=False hour_summary=Closed until 10:00am
[2026-05-28 06:45:03] RIMAC Fitness Gym: 23% (Not Busy) people=35 capacity=150 is_open=True hour_summary=open
[2026-05-28 06:45:03] Triton Esports Center: 0% (Closed) people=0 capacity=35 is_open=False hour_summary=Closed until 7:30am
[2026-05-28 06:45:03] === SCRAPE END OK ===
[2026-05-28 07:00:02] === SCRAPE START ===
[2026-05-28 07:00:02] Fetching https://waitz.io/live/ucsd-rec
[2026-05-28 07:00:03] Saved 4 rows to ucsd_occupancy_history.csv
[2026-05-28 07:00:03] Main Gym Fitness Gym: 31% (Not Busy) people=22 capacity=72 is_open=True hour_summary=open
[2026-05-28 07:00:03] Outback Climbing Center: 2% (Closed) people=1 capacity=30 is_open=False hour_summary=Closed until 10:00am
[2026-05-28 07:00:03] RIMAC Fitness Gym: 21% (Not Busy) people=32 capacity=150 is_open=True hour_summary=open
[2026-05-28 07:00:03] Triton Esports Center: 0% (Closed) people=0 capacity=35 is_open=False hour_summary=Closed until 7:30am
[2026-05-28 07:00:03] === SCRAPE END OK ===
[2026-05-28 07:15:02] === SCRAPE START ===
[2026-05-28 07:15:02] Fetching https://waitz.io/live/ucsd-rec
[2026-05-28 07:15:03] Saved 4 rows to ucsd_occupancy_history.csv
[2026-05-28 07:15:03] Main Gym Fitness Gym: 6% (Not Busy) people=4 capacity=72 is_open=True hour_summary=open
[2026-05-28 07:15:03] Outback Climbing Center: 2% (Closed) people=0 capacity=30 is_open=False hour_summary=Closed until 10:00am
[2026-05-28 07:15:03] RIMAC Fitness Gym: 24% (Not Busy) people=35 capacity=150 is_open=True hour_summary=open
[2026-05-28 07:15:03] Triton Esports Center: 0% (Closed) people=0 capacity=35 is_open=False hour_summary=Closed until 7:30am
[2026-05-28 07:15:03] === SCRAPE END OK ===
[2026-05-28 07:30:02] === SCRAPE START ===
[2026-05-28 07:30:02] Fetching https://waitz.io/live/ucsd-rec
[2026-05-28 07:30:03] Saved 4 rows to ucsd_occupancy_history.csv
[2026-05-28 07:30:03] Main Gym Fitness Gym: 11% (Not Busy) people=8 capacity=72 is_open=True hour_summary=open
[2026-05-28 07:30:03] Outback Climbing Center: 3% (Closed) people=1 capacity=30 is_open=False hour_summary=Closed until 10:00am
[2026-05-28 07:30:03] RIMAC Fitness Gym: 21% (Not Busy) people=31 capacity=150 is_open=True hour_summary=open
[2026-05-28 07:30:03] Triton Esports Center: 0% (Not Busy) people=0 capacity=35 is_open=True hour_summary=open
[2026-05-28 07:30:03] === SCRAPE END OK ===
[2026-05-28 07:45:02] === SCRAPE START ===
[2026-05-28 07:45:02] Fetching https://waitz.io/live/ucsd-rec
[2026-05-28 07:45:03] Saved 4 rows to ucsd_occupancy_history.csv
[2026-05-28 07:45:03] Main Gym Fitness Gym: 18% (Not Busy) people=13 capacity=72 is_open=True hour_summary=open
[2026-05-28 07:45:03] Outback Climbing Center: 4% (Closed) people=1 capacity=30 is_open=False hour_summary=Closed until 10:00am
[2026-05-28 07:45:03] RIMAC Fitness Gym: 23% (Not Busy) people=35 capacity=150 is_open=True hour_summary=open
[2026-05-28 07:45:03] Triton Esports Center: 0% (Not Busy) people=0 capacity=35 is_open=True hour_summary=open
[2026-05-28 07:45:03] === SCRAPE END OK ===
[2026-05-28 08:00:02] === SCRAPE START ===
[2026-05-28 08:00:02] Fetching https://waitz.io/live/ucsd-rec
[2026-05-28 08:00:03] Saved 4 rows to ucsd_occupancy_history.csv
[2026-05-28 08:00:03] Main Gym Fitness Gym: 15% (Not Busy) people=11 capacity=72 is_open=True hour_summary=open
[2026-05-28 08:00:03] Outback Climbing Center: 2% (Closed) people=0 capacity=30 is_open=False hour_summary=Closed until 10:00am
[2026-05-28 08:00:03] RIMAC Fitness Gym: 24% (Not Busy) people=36 capacity=150 is_open=True hour_summary=open
[2026-05-28 08:00:03] Triton Esports Center: 1% (Not Busy) people=0 capacity=35 is_open=True hour_summary=open
[2026-05-28 08:00:03] === SCRAPE END OK ===
[2026-05-28 08:15:02] === SCRAPE START ===
[2026-05-28 08:15:02] Fetching https://waitz.io/live/ucsd-rec
[2026-05-28 08:15:03] Saved 4 rows to ucsd_occupancy_history.csv
[2026-05-28 08:15:03] Main Gym Fitness Gym: 28% (Not Busy) people=20 capacity=72 is_open=True hour_summary=open
[2026-05-28 08:15:03] Outback Climbing Center: 2% (Closed) people=1 capacity=30 is_open=False hour_summary=Closed until 10:00am
[2026-05-28 08:15:03] RIMAC Fitness Gym: 31% (Not Busy) people=47 capacity=150 is_open=True hour_summary=open
[2026-05-28 08:15:03] Triton Esports Center: 3% (Not Busy) people=1 capacity=35 is_open=True hour_summary=open
[2026-05-28 08:15:03] === SCRAPE END OK ===
[2026-05-28 08:30:02] === SCRAPE START ===
[2026-05-28 08:30:02] Fetching https://waitz.io/live/ucsd-rec
[2026-05-28 08:30:03] Saved 4 rows to ucsd_occupancy_history.csv
[2026-05-28 08:30:03] Main Gym Fitness Gym: 10% (Not Busy) people=7 capacity=72 is_open=True hour_summary=open
[2026-05-28 08:30:03] Outback Climbing Center: 5% (Closed) people=2 capacity=30 is_open=False hour_summary=Closed until 10:00am
[2026-05-28 08:30:03] RIMAC Fitness Gym: 31% (Not Busy) people=47 capacity=150 is_open=True hour_summary=open
[2026-05-28 08:30:03] Triton Esports Center: 10% (Not Busy) people=3 capacity=35 is_open=True hour_summary=open
[2026-05-28 08:30:03] === SCRAPE END OK ===
[2026-05-28 08:45:02] === SCRAPE START ===
[2026-05-28 08:45:02] Fetching https://waitz.io/live/ucsd-rec
[2026-05-28 08:45:03] Saved 4 rows to ucsd_occupancy_history.csv
[2026-05-28 08:45:03] Main Gym Fitness Gym: 15% (Not Busy) people=11 capacity=72 is_open=True hour_summary=open
[2026-05-28 08:45:03] Outback Climbing Center: 1% (Closed) people=0 capacity=30 is_open=False hour_summary=Closed until 10:00am
[2026-05-28 08:45:03] RIMAC Fitness Gym: 39% (Not Busy) people=58 capacity=150 is_open=True hour_summary=open
[2026-05-28 08:45:03] Triton Esports Center: 16% (Not Busy) people=6 capacity=35 is_open=True hour_summary=open
[2026-05-28 08:45:03] === SCRAPE END OK ===
[2026-05-28 09:00:02] === SCRAPE START ===
[2026-05-28 09:00:02] Fetching https://waitz.io/live/ucsd-rec
[2026-05-28 09:00:03] Saved 4 rows to ucsd_occupancy_history.csv
[2026-05-28 09:00:03] Main Gym Fitness Gym: 31% (Not Busy) people=22 capacity=72 is_open=True hour_summary=open
[2026-05-28 09:00:03] Outback Climbing Center: 2% (Closed) people=1 capacity=30 is_open=False hour_summary=Closed until 10:00am
[2026-05-28 09:00:03] RIMAC Fitness Gym: 37% (Not Busy) people=55 capacity=150 is_open=True hour_summary=open
[2026-05-28 09:00:03] Triton Esports Center: 15% (Not Busy) people=5 capacity=35 is_open=True hour_summary=open
[2026-05-28 09:00:03] === SCRAPE END OK ===
[2026-05-28 09:15:02] === SCRAPE START ===
[2026-05-28 09:15:02] Fetching https://waitz.io/live/ucsd-rec
[2026-05-28 09:15:03] Saved 4 rows to ucsd_occupancy_history.csv
[2026-05-28 09:15:03] Main Gym Fitness Gym: 49% (Busy) people=36 capacity=72 is_open=True hour_summary=open
[2026-05-28 09:15:03] Outback Climbing Center: 3% (Closed) people=1 capacity=30 is_open=False hour_summary=Closed until 10:00am
[2026-05-28 09:15:03] RIMAC Fitness Gym: 36% (Not Busy) people=54 capacity=150 is_open=True hour_summary=open
[2026-05-28 09:15:03] Triton Esports Center: 17% (Not Busy) people=6 capacity=35 is_open=True hour_summary=open
[2026-05-28 09:15:03] === SCRAPE END OK ===
[2026-05-28 09:30:02] === SCRAPE START ===
[2026-05-28 09:30:02] Fetching https://waitz.io/live/ucsd-rec
[2026-05-28 09:30:03] Saved 4 rows to ucsd_occupancy_history.csv
[2026-05-28 09:30:03] Main Gym Fitness Gym: 17% (Not Busy) people=12 capacity=72 is_open=True hour_summary=open
[2026-05-28 09:30:03] Outback Climbing Center: 6% (Closed) people=2 capacity=30 is_open=False hour_summary=Closed until 10:00am
[2026-05-28 09:30:03] RIMAC Fitness Gym: 43% (Not Busy) people=65 capacity=150 is_open=True hour_summary=open
[2026-05-28 09:30:03] Triton Esports Center: 16% (Not Busy) people=6 capacity=35 is_open=True hour_summary=open
[2026-05-28 09:30:03] === SCRAPE END OK ===
[2026-05-28 09:45:02] === SCRAPE START ===
[2026-05-28 09:45:02] Fetching https://waitz.io/live/ucsd-rec
[2026-05-28 09:45:03] Saved 4 rows to ucsd_occupancy_history.csv
[2026-05-28 09:45:03] Main Gym Fitness Gym: 24% (Not Busy) people=17 capacity=72 is_open=True hour_summary=open
[2026-05-28 09:45:03] Outback Climbing Center: 8% (Closed) people=2 capacity=30 is_open=False hour_summary=Closed until 10:00am
[2026-05-28 09:45:03] RIMAC Fitness Gym: 47% (Busy) people=71 capacity=150 is_open=True hour_summary=open
[2026-05-28 09:45:03] Triton Esports Center: 24% (Not Busy) people=8 capacity=35 is_open=True hour_summary=open
[2026-05-28 09:45:03] === SCRAPE END OK ===
[2026-05-28 10:00:02] === SCRAPE START ===
[2026-05-28 10:00:02] Fetching https://waitz.io/live/ucsd-rec
[2026-05-28 10:00:04] Saved 4 rows to ucsd_occupancy_history.csv
[2026-05-28 10:00:04] Main Gym Fitness Gym: 26% (Not Busy) people=19 capacity=72 is_open=True hour_summary=open
[2026-05-28 10:00:04] Outback Climbing Center: 26% (Not Busy) people=8 capacity=30 is_open=True hour_summary=open
[2026-05-28 10:00:04] RIMAC Fitness Gym: 65% (Busy) people=98 capacity=150 is_open=True hour_summary=open
[2026-05-28 10:00:04] Triton Esports Center: 23% (Not Busy) people=8 capacity=35 is_open=True hour_summary=open
[2026-05-28 10:00:04] === SCRAPE END OK ===
[2026-05-28 10:15:02] === SCRAPE START ===
[2026-05-28 10:15:02] Fetching https://waitz.io/live/ucsd-rec
[2026-05-28 10:15:03] Saved 4 rows to ucsd_occupancy_history.csv
[2026-05-28 10:15:03] Main Gym Fitness Gym: 21% (Not Busy) people=15 capacity=72 is_open=True hour_summary=open
[2026-05-28 10:15:03] Outback Climbing Center: 50% (Busy) people=15 capacity=30 is_open=True hour_summary=open
[2026-05-28 10:15:03] RIMAC Fitness Gym: 47% (Busy) people=71 capacity=150 is_open=True hour_summary=open
[2026-05-28 10:15:03] Triton Esports Center: 24% (Not Busy) people=8 capacity=35 is_open=True hour_summary=open
[2026-05-28 10:15:03] === SCRAPE END OK ===
[2026-05-28 10:30:02] === SCRAPE START ===
[2026-05-28 10:30:02] Fetching https://waitz.io/live/ucsd-rec
[2026-05-28 10:30:04] Saved 4 rows to ucsd_occupancy_history.csv
[2026-05-28 10:30:04] Main Gym Fitness Gym: 49% (Busy) people=35 capacity=72 is_open=True hour_summary=open
[2026-05-28 10:30:04] Outback Climbing Center: 73% (Busy) people=22 capacity=30 is_open=True hour_summary=open
[2026-05-28 10:30:04] RIMAC Fitness Gym: 52% (Busy) people=78 capacity=150 is_open=True hour_summary=open
[2026-05-28 10:30:04] Triton Esports Center: 33% (Not Busy) people=11 capacity=35 is_open=True hour_summary=open
[2026-05-28 10:30:04] === SCRAPE END OK ===
[2026-05-28 10:45:02] === SCRAPE START ===
[2026-05-28 10:45:02] Fetching https://waitz.io/live/ucsd-rec
[2026-05-28 10:45:03] Saved 4 rows to ucsd_occupancy_history.csv
[2026-05-28 10:45:03] Main Gym Fitness Gym: 10% (Not Busy) people=8 capacity=72 is_open=True hour_summary=open
[2026-05-28 10:45:03] Outback Climbing Center: 99% (Very Active) people=37 capacity=30 is_open=True hour_summary=open
[2026-05-28 10:45:03] RIMAC Fitness Gym: 42% (Not Busy) people=63 capacity=150 is_open=True hour_summary=open
[2026-05-28 10:45:03] Triton Esports Center: 30% (Not Busy) people=11 capacity=35 is_open=True hour_summary=open
[2026-05-28 10:45:03] === SCRAPE END OK ===
[2026-05-28 11:00:02] === SCRAPE START ===
[2026-05-28 11:00:02] Fetching https://waitz.io/live/ucsd-rec
[2026-05-28 11:00:04] Saved 4 rows to ucsd_occupancy_history.csv
[2026-05-28 11:00:04] Main Gym Fitness Gym: 32% (Not Busy) people=23 capacity=72 is_open=True hour_summary=open
[2026-05-28 11:00:04] Outback Climbing Center: 99% (Very Active) people=32 capacity=30 is_open=True hour_summary=open
[2026-05-28 11:00:04] RIMAC Fitness Gym: 40% (Not Busy) people=60 capacity=150 is_open=True hour_summary=open
[2026-05-28 11:00:04] Triton Esports Center: 43% (Not Busy) people=15 capacity=35 is_open=True hour_summary=open
[2026-05-28 11:00:04] === SCRAPE END OK ===
[2026-05-28 11:15:02] === SCRAPE START ===
[2026-05-28 11:15:02] Fetching https://waitz.io/live/ucsd-rec
[2026-05-28 11:15:03] Saved 4 rows to ucsd_occupancy_history.csv
[2026-05-28 11:15:03] Main Gym Fitness Gym: 55% (Busy) people=39 capacity=72 is_open=True hour_summary=open
[2026-05-28 11:15:03] Outback Climbing Center: 99% (Very Active) people=42 capacity=30 is_open=True hour_summary=open
[2026-05-28 11:15:03] RIMAC Fitness Gym: 50% (Busy) people=75 capacity=150 is_open=True hour_summary=open
[2026-05-28 11:15:03] Triton Esports Center: 44% (Not Busy) people=15 capacity=35 is_open=True hour_summary=open
[2026-05-28 11:15:03] === SCRAPE END OK ===
[2026-05-28 11:30:02] === SCRAPE START ===
[2026-05-28 11:30:02] Fetching https://waitz.io/live/ucsd-rec
[2026-05-28 11:30:03] Saved 4 rows to ucsd_occupancy_history.csv
[2026-05-28 11:30:03] Main Gym Fitness Gym: 36% (Not Busy) people=26 capacity=72 is_open=True hour_summary=open
[2026-05-28 11:30:03] Outback Climbing Center: 99% (Very Active) people=42 capacity=30 is_open=True hour_summary=open
[2026-05-28 11:30:03] RIMAC Fitness Gym: 69% (Busy) people=103 capacity=150 is_open=True hour_summary=open
[2026-05-28 11:30:03] Triton Esports Center: 45% (Not Busy) people=16 capacity=35 is_open=True hour_summary=open
[2026-05-28 11:30:03] === SCRAPE END OK ===
[2026-05-28 11:45:02] === SCRAPE START ===
[2026-05-28 11:45:02] Fetching https://waitz.io/live/ucsd-rec
[2026-05-28 11:45:03] Saved 4 rows to ucsd_occupancy_history.csv
[2026-05-28 11:45:03] Main Gym Fitness Gym: 31% (Not Busy) people=22 capacity=72 is_open=True hour_summary=open
[2026-05-28 11:45:03] Outback Climbing Center: 99% (Very Active) people=38 capacity=30 is_open=True hour_summary=open
[2026-05-28 11:45:03] RIMAC Fitness Gym: 61% (Busy) people=92 capacity=150 is_open=True hour_summary=open
[2026-05-28 11:45:03] Triton Esports Center: 54% (Busy) people=19 capacity=35 is_open=True hour_summary=open
[2026-05-28 11:45:03] === SCRAPE END OK ===
[2026-05-28 12:00:02] === SCRAPE START ===
[2026-05-28 12:00:02] Fetching https://waitz.io/live/ucsd-rec
[2026-05-28 12:00:03] Saved 4 rows to ucsd_occupancy_history.csv
[2026-05-28 12:00:03] Main Gym Fitness Gym: 15% (Not Busy) people=11 capacity=72 is_open=True hour_summary=open
[2026-05-28 12:00:03] Outback Climbing Center: 99% (Very Active) people=42 capacity=30 is_open=True hour_summary=open
[2026-05-28 12:00:03] RIMAC Fitness Gym: 0% (Data Unavailable) people=0 capacity=150 is_open=True hour_summary=open
[2026-05-28 12:00:03] Triton Esports Center: 49% (Busy) people=17 capacity=35 is_open=True hour_summary=open
[2026-05-28 12:00:03] === SCRAPE END OK ===
[2026-05-28 12:15:02] === SCRAPE START ===
[2026-05-28 12:15:02] Fetching https://waitz.io/live/ucsd-rec
[2026-05-28 12:15:03] Saved 4 rows to ucsd_occupancy_history.csv
[2026-05-28 12:15:03] Main Gym Fitness Gym: 29% (Not Busy) people=21 capacity=72 is_open=True hour_summary=open
[2026-05-28 12:15:03] Outback Climbing Center: 99% (Very Active) people=38 capacity=30 is_open=True hour_summary=open
[2026-05-28 12:15:03] RIMAC Fitness Gym: 47% (Busy) people=71 capacity=150 is_open=True hour_summary=open
[2026-05-28 12:15:03] Triton Esports Center: 51% (Busy) people=18 capacity=35 is_open=True hour_summary=open
[2026-05-28 12:15:03] === SCRAPE END OK ===
[2026-05-28 12:30:02] === SCRAPE START ===
[2026-05-28 12:30:02] Fetching https://waitz.io/live/ucsd-rec
[2026-05-28 12:30:03] Saved 4 rows to ucsd_occupancy_history.csv
[2026-05-28 12:30:03] Main Gym Fitness Gym: 21% (Not Busy) people=15 capacity=72 is_open=True hour_summary=open
[2026-05-28 12:30:03] Outback Climbing Center: 99% (Very Active) people=35 capacity=30 is_open=True hour_summary=open
[2026-05-28 12:30:03] RIMAC Fitness Gym: 54% (Busy) people=81 capacity=150 is_open=True hour_summary=open
[2026-05-28 12:30:03] Triton Esports Center: 43% (Not Busy) people=15 capacity=35 is_open=True hour_summary=open
[2026-05-28 12:30:03] === SCRAPE END OK ===
[2026-05-28 12:45:02] === SCRAPE START ===
[2026-05-28 12:45:02] Fetching https://waitz.io/live/ucsd-rec
[2026-05-28 12:45:02] Saved 4 rows to ucsd_occupancy_history.csv
[2026-05-28 12:45:02] Main Gym Fitness Gym: 41% (Not Busy) people=29 capacity=72 is_open=True hour_summary=open
[2026-05-28 12:45:02] Outback Climbing Center: 83% (Very Active) people=25 capacity=30 is_open=True hour_summary=open
[2026-05-28 12:45:02] RIMAC Fitness Gym: 55% (Busy) people=82 capacity=150 is_open=True hour_summary=open
[2026-05-28 12:45:02] Triton Esports Center: 35% (Not Busy) people=12 capacity=35 is_open=True hour_summary=open
[2026-05-28 12:45:02] === SCRAPE END OK ===
[2026-05-28 13:00:02] === SCRAPE START ===
[2026-05-28 13:00:02] Fetching https://waitz.io/live/ucsd-rec
[2026-05-28 13:00:14] Saved 4 rows to ucsd_occupancy_history.csv
[2026-05-28 13:00:14] Main Gym Fitness Gym: 40% (Not Busy) people=29 capacity=72 is_open=True hour_summary=open
[2026-05-28 13:00:14] Outback Climbing Center: 79% (Busy) people=24 capacity=30 is_open=True hour_summary=open
[2026-05-28 13:00:14] RIMAC Fitness Gym: 60% (Busy) people=90 capacity=150 is_open=True hour_summary=open
[2026-05-28 13:00:14] Triton Esports Center: 34% (Not Busy) people=12 capacity=35 is_open=True hour_summary=open
[2026-05-28 13:00:14] === SCRAPE END OK ===
[2026-05-28 13:15:02] === SCRAPE START ===
[2026-05-28 13:15:02] Fetching https://waitz.io/live/ucsd-rec
[2026-05-28 13:15:03] Saved 4 rows to ucsd_occupancy_history.csv
[2026-05-28 13:15:03] Main Gym Fitness Gym: 21% (Not Busy) people=15 capacity=72 is_open=True hour_summary=open
[2026-05-28 13:15:03] Outback Climbing Center: 99% (Very Active) people=37 capacity=30 is_open=True hour_summary=open
[2026-05-28 13:15:03] RIMAC Fitness Gym: 69% (Busy) people=103 capacity=150 is_open=True hour_summary=open
[2026-05-28 13:15:03] Triton Esports Center: 35% (Not Busy) people=12 capacity=35 is_open=True hour_summary=open
[2026-05-28 13:15:03] === SCRAPE END OK ===
[2026-05-28 13:30:02] === SCRAPE START ===
[2026-05-28 13:30:02] Fetching https://waitz.io/live/ucsd-rec
[2026-05-28 13:30:03] Saved 4 rows to ucsd_occupancy_history.csv
[2026-05-28 13:30:03] Main Gym Fitness Gym: 22% (Not Busy) people=16 capacity=72 is_open=True hour_summary=open
[2026-05-28 13:30:03] Outback Climbing Center: 83% (Very Active) people=25 capacity=30 is_open=True hour_summary=open
[2026-05-28 13:30:03] RIMAC Fitness Gym: 67% (Busy) people=100 capacity=150 is_open=True hour_summary=open
[2026-05-28 13:30:03] Triton Esports Center: 28% (Not Busy) people=10 capacity=35 is_open=True hour_summary=open
[2026-05-28 13:30:03] === SCRAPE END OK ===
[2026-05-28 13:45:02] === SCRAPE START ===
[2026-05-28 13:45:02] Fetching https://waitz.io/live/ucsd-rec
[2026-05-28 13:45:03] Saved 4 rows to ucsd_occupancy_history.csv
[2026-05-28 13:45:03] Main Gym Fitness Gym: 13% (Not Busy) people=9 capacity=72 is_open=True hour_summary=open
[2026-05-28 13:45:03] Outback Climbing Center: 94% (Very Active) people=28 capacity=30 is_open=True hour_summary=open
[2026-05-28 13:45:03] RIMAC Fitness Gym: 65% (Busy) people=97 capacity=150 is_open=True hour_summary=open
[2026-05-28 13:45:03] Triton Esports Center: 33% (Not Busy) people=11 capacity=35 is_open=True hour_summary=open
[2026-05-28 13:45:03] === SCRAPE END OK ===
[2026-05-28 14:00:02] === SCRAPE START ===
[2026-05-28 14:00:02] Fetching https://waitz.io/live/ucsd-rec
[2026-05-28 14:00:03] Saved 4 rows to ucsd_occupancy_history.csv
[2026-05-28 14:00:03] Main Gym Fitness Gym: 40% (Not Busy) people=29 capacity=72 is_open=True hour_summary=open
[2026-05-28 14:00:03] Outback Climbing Center: 60% (Busy) people=18 capacity=30 is_open=True hour_summary=open
[2026-05-28 14:00:03] RIMAC Fitness Gym: 62% (Busy) people=94 capacity=150 is_open=True hour_summary=open
[2026-05-28 14:00:03] Triton Esports Center: 26% (Not Busy) people=9 capacity=35 is_open=True hour_summary=open
[2026-05-28 14:00:03] === SCRAPE END OK ===
[2026-05-28 14:15:02] === SCRAPE START ===
[2026-05-28 14:15:02] Fetching https://waitz.io/live/ucsd-rec
[2026-05-28 14:15:03] Saved 4 rows to ucsd_occupancy_history.csv
[2026-05-28 14:15:03] Main Gym Fitness Gym: 32% (Not Busy) people=23 capacity=72 is_open=True hour_summary=open
[2026-05-28 14:15:03] Outback Climbing Center: 66% (Busy) people=20 capacity=30 is_open=True hour_summary=open
[2026-05-28 14:15:03] RIMAC Fitness Gym: 66% (Busy) people=99 capacity=150 is_open=True hour_summary=open
[2026-05-28 14:15:03] Triton Esports Center: 42% (Not Busy) people=15 capacity=35 is_open=True hour_summary=open
[2026-05-28 14:15:03] === SCRAPE END OK ===
[2026-05-28 14:30:02] === SCRAPE START ===
[2026-05-28 14:30:02] Fetching https://waitz.io/live/ucsd-rec
[2026-05-28 14:30:03] Saved 4 rows to ucsd_occupancy_history.csv
[2026-05-28 14:30:03] Main Gym Fitness Gym: 37% (Not Busy) people=26 capacity=72 is_open=True hour_summary=open
[2026-05-28 14:30:03] Outback Climbing Center: 99% (Very Active) people=34 capacity=30 is_open=True hour_summary=open
[2026-05-28 14:30:03] RIMAC Fitness Gym: 73% (Busy) people=109 capacity=150 is_open=True hour_summary=open
[2026-05-28 14:30:03] Triton Esports Center: 32% (Not Busy) people=11 capacity=35 is_open=True hour_summary=open
[2026-05-28 14:30:03] === SCRAPE END OK ===
[2026-05-28 14:45:02] === SCRAPE START ===
[2026-05-28 14:45:02] Fetching https://waitz.io/live/ucsd-rec
[2026-05-28 14:45:03] Saved 4 rows to ucsd_occupancy_history.csv
[2026-05-28 14:45:03] Main Gym Fitness Gym: 31% (Not Busy) people=22 capacity=72 is_open=True hour_summary=open
[2026-05-28 14:45:03] Outback Climbing Center: 99% (Very Active) people=33 capacity=30 is_open=True hour_summary=open
[2026-05-28 14:45:03] RIMAC Fitness Gym: 69% (Busy) people=104 capacity=150 is_open=True hour_summary=open
[2026-05-28 14:45:03] Triton Esports Center: 47% (Busy) people=17 capacity=35 is_open=True hour_summary=open
[2026-05-28 14:45:03] === SCRAPE END OK ===
[2026-05-28 15:00:02] === SCRAPE START ===
[2026-05-28 15:00:02] Fetching https://waitz.io/live/ucsd-rec
[2026-05-28 15:00:03] Saved 4 rows to ucsd_occupancy_history.csv
[2026-05-28 15:00:03] Main Gym Fitness Gym: 99% (Very Active) people=158 capacity=72 is_open=True hour_summary=open
[2026-05-28 15:00:03] Outback Climbing Center: 99% (Very Active) people=52 capacity=30 is_open=True hour_summary=open
[2026-05-28 15:00:03] RIMAC Fitness Gym: 77% (Busy) people=115 capacity=150 is_open=True hour_summary=open
[2026-05-28 15:00:03] Triton Esports Center: 51% (Busy) people=18 capacity=35 is_open=True hour_summary=open
[2026-05-28 15:00:03] === SCRAPE END OK ===
[2026-05-28 15:15:02] === SCRAPE START ===
[2026-05-28 15:15:02] Fetching https://waitz.io/live/ucsd-rec
[2026-05-28 15:15:03] Saved 4 rows to ucsd_occupancy_history.csv
[2026-05-28 15:15:03] Main Gym Fitness Gym: 42% (Not Busy) people=31 capacity=72 is_open=True hour_summary=open
[2026-05-28 15:15:03] Outback Climbing Center: 99% (Very Active) people=52 capacity=30 is_open=True hour_summary=open
[2026-05-28 15:15:03] RIMAC Fitness Gym: 57% (Busy) people=85 capacity=150 is_open=True hour_summary=open
[2026-05-28 15:15:03] Triton Esports Center: 54% (Busy) people=19 capacity=35 is_open=True hour_summary=open
[2026-05-28 15:15:03] === SCRAPE END OK ===
[2026-05-28 15:30:02] === SCRAPE START ===
[2026-05-28 15:30:02] Fetching https://waitz.io/live/ucsd-rec
[2026-05-28 15:30:03] Saved 4 rows to ucsd_occupancy_history.csv
[2026-05-28 15:30:03] Main Gym Fitness Gym: 40% (Not Busy) people=29 capacity=72 is_open=True hour_summary=open
[2026-05-28 15:30:03] Outback Climbing Center: 99% (Very Active) people=58 capacity=30 is_open=True hour_summary=open
[2026-05-28 15:30:03] RIMAC Fitness Gym: 52% (Busy) people=78 capacity=150 is_open=True hour_summary=open
[2026-05-28 15:30:03] Triton Esports Center: 45% (Not Busy) people=16 capacity=35 is_open=True hour_summary=open
[2026-05-28 15:30:03] === SCRAPE END OK ===
[2026-05-28 15:45:02] === SCRAPE START ===
[2026-05-28 15:45:02] Fetching https://waitz.io/live/ucsd-rec
[2026-05-28 15:45:03] Saved 4 rows to ucsd_occupancy_history.csv
[2026-05-28 15:45:03] Main Gym Fitness Gym: 35% (Not Busy) people=26 capacity=72 is_open=True hour_summary=open
[2026-05-28 15:45:03] Outback Climbing Center: 99% (Very Active) people=52 capacity=30 is_open=True hour_summary=open
[2026-05-28 15:45:03] RIMAC Fitness Gym: 57% (Busy) people=86 capacity=150 is_open=True hour_summary=open
[2026-05-28 15:45:03] Triton Esports Center: 45% (Not Busy) people=16 capacity=35 is_open=True hour_summary=open
[2026-05-28 15:45:03] === SCRAPE END OK ===
[2026-05-28 16:00:02] === SCRAPE START ===
[2026-05-28 16:00:02] Fetching https://waitz.io/live/ucsd-rec
[2026-05-28 16:00:03] Saved 4 rows to ucsd_occupancy_history.csv
[2026-05-28 16:00:03] Main Gym Fitness Gym: 39% (Not Busy) people=28 capacity=72 is_open=True hour_summary=open
[2026-05-28 16:00:03] Outback Climbing Center: 99% (Very Active) people=54 capacity=30 is_open=True hour_summary=open
[2026-05-28 16:00:03] RIMAC Fitness Gym: 62% (Busy) people=93 capacity=150 is_open=True hour_summary=open
[2026-05-28 16:00:03] Triton Esports Center: 46% (Busy) people=16 capacity=35 is_open=True hour_summary=open
[2026-05-28 16:00:03] === SCRAPE END OK ===
[2026-05-28 16:15:02] === SCRAPE START ===
[2026-05-28 16:15:02] Fetching https://waitz.io/live/ucsd-rec
[2026-05-28 16:15:03] Saved 4 rows to ucsd_occupancy_history.csv
[2026-05-28 16:15:03] Main Gym Fitness Gym: 32% (Not Busy) people=23 capacity=72 is_open=True hour_summary=open
[2026-05-28 16:15:03] Outback Climbing Center: 99% (Very Active) people=62 capacity=30 is_open=True hour_summary=open
[2026-05-28 16:15:03] RIMAC Fitness Gym: 64% (Busy) people=96 capacity=150 is_open=True hour_summary=open
[2026-05-28 16:15:03] Triton Esports Center: 36% (Not Busy) people=12 capacity=35 is_open=True hour_summary=open
[2026-05-28 16:15:03] === SCRAPE END OK ===
[2026-05-28 16:30:02] === SCRAPE START ===
[2026-05-28 16:30:02] Fetching https://waitz.io/live/ucsd-rec
[2026-05-28 16:30:03] Saved 4 rows to ucsd_occupancy_history.csv
[2026-05-28 16:30:03] Main Gym Fitness Gym: 30% (Not Busy) people=22 capacity=72 is_open=True hour_summary=open
[2026-05-28 16:30:03] Outback Climbing Center: 99% (Very Active) people=68 capacity=30 is_open=True hour_summary=open
[2026-05-28 16:30:03] RIMAC Fitness Gym: 67% (Busy) people=101 capacity=150 is_open=True hour_summary=open
[2026-05-28 16:30:03] Triton Esports Center: 28% (Not Busy) people=10 capacity=35 is_open=True hour_summary=open
[2026-05-28 16:30:03] === SCRAPE END OK ===
[2026-05-28 16:45:02] === SCRAPE START ===
[2026-05-28 16:45:02] Fetching https://waitz.io/live/ucsd-rec
[2026-05-28 16:45:03] Saved 4 rows to ucsd_occupancy_history.csv
[2026-05-28 16:45:03] Main Gym Fitness Gym: 31% (Not Busy) people=22 capacity=72 is_open=True hour_summary=open
[2026-05-28 16:45:03] Outback Climbing Center: 99% (Very Active) people=69 capacity=30 is_open=True hour_summary=open
[2026-05-28 16:45:03] RIMAC Fitness Gym: 71% (Busy) people=107 capacity=150 is_open=True hour_summary=open
[2026-05-28 16:45:03] Triton Esports Center: 31% (Not Busy) people=11 capacity=35 is_open=True hour_summary=open
[2026-05-28 16:45:03] === SCRAPE END OK ===
[2026-05-28 17:00:02] === SCRAPE START ===
[2026-05-28 17:00:02] Fetching https://waitz.io/live/ucsd-rec
[2026-05-28 17:00:03] Saved 4 rows to ucsd_occupancy_history.csv
[2026-05-28 17:00:03] Main Gym Fitness Gym: 40% (Not Busy) people=29 capacity=72 is_open=True hour_summary=open
[2026-05-28 17:00:03] Outback Climbing Center: 99% (Very Active) people=62 capacity=30 is_open=True hour_summary=open
[2026-05-28 17:00:03] RIMAC Fitness Gym: 53% (Busy) people=80 capacity=150 is_open=True hour_summary=open
[2026-05-28 17:00:03] Triton Esports Center: 38% (Not Busy) people=13 capacity=35 is_open=True hour_summary=open
[2026-05-28 17:00:03] === SCRAPE END OK ===
