[2026-07-20 00:00:01] === SCRAPE START ===
[2026-07-20 00:00:01] Fetching https://waitz.io/live/ucsd-rec
[2026-07-20 00:00:02] Saved 4 rows to ucsd_occupancy_history.csv
[2026-07-20 00:00:02] Main Gym Fitness Gym: 1% (Closed) people=1 capacity=72 is_open=False hour_summary=closed
[2026-07-20 00:00:02] Outback Climbing Center: 3% (Closed) people=1 capacity=30 is_open=False hour_summary=Closed until 2:00pm
[2026-07-20 00:00:02] RIMAC Fitness Gym: 0% (Closed) people=0 capacity=150 is_open=False hour_summary=Closed until 6:00am
[2026-07-20 00:00:02] Triton Esports Center: 0% (Closed) people=0 capacity=35 is_open=False hour_summary=closed
[2026-07-20 00:00:02] === SCRAPE END OK ===
[2026-07-20 00:15:02] === SCRAPE START ===
[2026-07-20 00:15:02] Fetching https://waitz.io/live/ucsd-rec
[2026-07-20 00:15:03] Saved 4 rows to ucsd_occupancy_history.csv
[2026-07-20 00:15:03] Main Gym Fitness Gym: 1% (Closed) people=1 capacity=72 is_open=False hour_summary=closed
[2026-07-20 00:15:03] Outback Climbing Center: 3% (Closed) people=1 capacity=30 is_open=False hour_summary=Closed until 2:00pm
[2026-07-20 00:15:03] RIMAC Fitness Gym: 0% (Closed) people=0 capacity=150 is_open=False hour_summary=Closed until 6:00am
[2026-07-20 00:15:03] Triton Esports Center: 0% (Closed) people=0 capacity=35 is_open=False hour_summary=closed
[2026-07-20 00:15:03] === SCRAPE END OK ===
[2026-07-20 00:30:02] === SCRAPE START ===
[2026-07-20 00:30:02] Fetching https://waitz.io/live/ucsd-rec
[2026-07-20 00:30:04] Saved 4 rows to ucsd_occupancy_history.csv
[2026-07-20 00:30:04] Main Gym Fitness Gym: 1% (Closed) people=1 capacity=72 is_open=False hour_summary=closed
[2026-07-20 00:30:04] Outback Climbing Center: 0% (Closed) people=0 capacity=30 is_open=False hour_summary=Closed until 2:00pm
[2026-07-20 00:30:04] RIMAC Fitness Gym: 0% (Closed) people=0 capacity=150 is_open=False hour_summary=Closed until 6:00am
[2026-07-20 00:30:04] Triton Esports Center: 0% (Closed) people=0 capacity=35 is_open=False hour_summary=closed
[2026-07-20 00:30:04] === SCRAPE END OK ===
[2026-07-20 00:45:02] === SCRAPE START ===
[2026-07-20 00:45:02] Fetching https://waitz.io/live/ucsd-rec
[2026-07-20 00:45:03] Saved 4 rows to ucsd_occupancy_history.csv
[2026-07-20 00:45:03] Main Gym Fitness Gym: 1% (Closed) people=1 capacity=72 is_open=False hour_summary=closed
[2026-07-20 00:45:03] Outback Climbing Center: 3% (Closed) people=1 capacity=30 is_open=False hour_summary=Closed until 2:00pm
[2026-07-20 00:45:03] RIMAC Fitness Gym: 0% (Closed) people=0 capacity=150 is_open=False hour_summary=Closed until 6:00am
[2026-07-20 00:45:03] Triton Esports Center: 0% (Closed) people=0 capacity=35 is_open=False hour_summary=closed
[2026-07-20 00:45:03] === SCRAPE END OK ===
[2026-07-20 01:00:02] === SCRAPE START ===
[2026-07-20 01:00:02] Fetching https://waitz.io/live/ucsd-rec
[2026-07-20 01:00:05] Saved 4 rows to ucsd_occupancy_history.csv
[2026-07-20 01:00:05] Main Gym Fitness Gym: 1% (Closed) people=1 capacity=72 is_open=False hour_summary=closed
[2026-07-20 01:00:05] Outback Climbing Center: 0% (Closed) people=0 capacity=30 is_open=False hour_summary=Closed until 2:00pm
[2026-07-20 01:00:05] RIMAC Fitness Gym: 0% (Closed) people=0 capacity=150 is_open=False hour_summary=Closed until 6:00am
[2026-07-20 01:00:05] Triton Esports Center: 0% (Closed) people=0 capacity=35 is_open=False hour_summary=closed
[2026-07-20 01:00:05] === SCRAPE END OK ===
[2026-07-20 01:15:02] === SCRAPE START ===
[2026-07-20 01:15:02] Fetching https://waitz.io/live/ucsd-rec
[2026-07-20 01:15:03] Saved 4 rows to ucsd_occupancy_history.csv
[2026-07-20 01:15:03] Main Gym Fitness Gym: 1% (Closed) people=1 capacity=72 is_open=False hour_summary=closed
[2026-07-20 01:15:03] Outback Climbing Center: 3% (Closed) people=1 capacity=30 is_open=False hour_summary=Closed until 2:00pm
[2026-07-20 01:15:03] RIMAC Fitness Gym: 0% (Closed) people=0 capacity=150 is_open=False hour_summary=Closed until 6:00am
[2026-07-20 01:15:03] Triton Esports Center: 0% (Closed) people=0 capacity=35 is_open=False hour_summary=closed
[2026-07-20 01:15:03] === SCRAPE END OK ===
[2026-07-20 01:30:02] === SCRAPE START ===
[2026-07-20 01:30:02] Fetching https://waitz.io/live/ucsd-rec
[2026-07-20 01:30:03] Saved 4 rows to ucsd_occupancy_history.csv
[2026-07-20 01:30:03] Main Gym Fitness Gym: 0% (Closed) people=0 capacity=72 is_open=False hour_summary=closed
[2026-07-20 01:30:03] Outback Climbing Center: 3% (Closed) people=1 capacity=30 is_open=False hour_summary=Closed until 2:00pm
[2026-07-20 01:30:03] RIMAC Fitness Gym: 0% (Closed) people=0 capacity=150 is_open=False hour_summary=Closed until 6:00am
[2026-07-20 01:30:03] Triton Esports Center: 0% (Closed) people=0 capacity=35 is_open=False hour_summary=closed
[2026-07-20 01:30:03] === SCRAPE END OK ===
[2026-07-20 01:45:02] === SCRAPE START ===
[2026-07-20 01:45:02] Fetching https://waitz.io/live/ucsd-rec
[2026-07-20 01:45:03] Saved 4 rows to ucsd_occupancy_history.csv
[2026-07-20 01:45:03] Main Gym Fitness Gym: 1% (Closed) people=1 capacity=72 is_open=False hour_summary=closed
[2026-07-20 01:45:03] Outback Climbing Center: 3% (Closed) people=1 capacity=30 is_open=False hour_summary=Closed until 2:00pm
[2026-07-20 01:45:03] RIMAC Fitness Gym: 0% (Closed) people=0 capacity=150 is_open=False hour_summary=Closed until 6:00am
[2026-07-20 01:45:03] Triton Esports Center: 0% (Closed) people=0 capacity=35 is_open=False hour_summary=closed
[2026-07-20 01:45:03] === SCRAPE END OK ===
[2026-07-20 02:00:02] === SCRAPE START ===
[2026-07-20 02:00:02] Fetching https://waitz.io/live/ucsd-rec
[2026-07-20 02:00:04] Saved 4 rows to ucsd_occupancy_history.csv
[2026-07-20 02:00:04] Main Gym Fitness Gym: 1% (Closed) people=1 capacity=72 is_open=False hour_summary=closed
[2026-07-20 02:00:04] Outback Climbing Center: 3% (Closed) people=1 capacity=30 is_open=False hour_summary=Closed until 2:00pm
[2026-07-20 02:00:04] RIMAC Fitness Gym: 0% (Closed) people=0 capacity=150 is_open=False hour_summary=Closed until 6:00am
[2026-07-20 02:00:04] Triton Esports Center: 0% (Closed) people=0 capacity=35 is_open=False hour_summary=closed
[2026-07-20 02:00:04] === SCRAPE END OK ===
[2026-07-20 02:15:02] === SCRAPE START ===
[2026-07-20 02:15:02] Fetching https://waitz.io/live/ucsd-rec
[2026-07-20 02:15:03] Saved 4 rows to ucsd_occupancy_history.csv
[2026-07-20 02:15:03] Main Gym Fitness Gym: 1% (Closed) people=1 capacity=72 is_open=False hour_summary=closed
[2026-07-20 02:15:03] Outback Climbing Center: 3% (Closed) people=1 capacity=30 is_open=False hour_summary=Closed until 2:00pm
[2026-07-20 02:15:03] RIMAC Fitness Gym: 0% (Closed) people=0 capacity=150 is_open=False hour_summary=Closed until 6:00am
[2026-07-20 02:15:03] Triton Esports Center: 0% (Closed) people=0 capacity=35 is_open=False hour_summary=closed
[2026-07-20 02:15:03] === SCRAPE END OK ===
[2026-07-20 02:30:02] === SCRAPE START ===
[2026-07-20 02:30:02] Fetching https://waitz.io/live/ucsd-rec
[2026-07-20 02:30:03] Saved 4 rows to ucsd_occupancy_history.csv
[2026-07-20 02:30:03] Main Gym Fitness Gym: 1% (Closed) people=1 capacity=72 is_open=False hour_summary=closed
[2026-07-20 02:30:03] Outback Climbing Center: 3% (Closed) people=1 capacity=30 is_open=False hour_summary=Closed until 2:00pm
[2026-07-20 02:30:03] RIMAC Fitness Gym: 0% (Closed) people=0 capacity=150 is_open=False hour_summary=Closed until 6:00am
[2026-07-20 02:30:03] Triton Esports Center: 0% (Closed) people=0 capacity=35 is_open=False hour_summary=closed
[2026-07-20 02:30:03] === SCRAPE END OK ===
[2026-07-20 02:46:49] === SCRAPE START ===
[2026-07-20 02:46:49] Fetching https://waitz.io/live/ucsd-rec
[2026-07-20 02:47:03] Saved 4 rows to ucsd_occupancy_history.csv
[2026-07-20 02:47:03] Main Gym Fitness Gym: 1% (Closed) people=1 capacity=72 is_open=False hour_summary=closed
[2026-07-20 02:47:03] Outback Climbing Center: 0% (Closed) people=0 capacity=30 is_open=False hour_summary=Closed until 2:00pm
[2026-07-20 02:47:03] RIMAC Fitness Gym: 0% (Closed) people=0 capacity=150 is_open=False hour_summary=Closed until 6:00am
[2026-07-20 02:47:03] Triton Esports Center: 0% (Closed) people=0 capacity=35 is_open=False hour_summary=closed
[2026-07-20 02:47:03] === SCRAPE END OK ===
[2026-07-20 03:00:02] === SCRAPE START ===
[2026-07-20 03:00:02] Fetching https://waitz.io/live/ucsd-rec
[2026-07-20 03:00:03] Saved 4 rows to ucsd_occupancy_history.csv
[2026-07-20 03:00:03] Main Gym Fitness Gym: 1% (Closed) people=1 capacity=72 is_open=False hour_summary=closed
[2026-07-20 03:00:03] Outback Climbing Center: 3% (Closed) people=1 capacity=30 is_open=False hour_summary=Closed until 2:00pm
[2026-07-20 03:00:03] RIMAC Fitness Gym: 0% (Closed) people=0 capacity=150 is_open=False hour_summary=Closed until 6:00am
[2026-07-20 03:00:03] Triton Esports Center: 0% (Closed) people=0 capacity=35 is_open=False hour_summary=closed
[2026-07-20 03:00:03] === SCRAPE END OK ===
[2026-07-20 03:15:02] === SCRAPE START ===
[2026-07-20 03:15:02] Fetching https://waitz.io/live/ucsd-rec
[2026-07-20 03:15:03] Saved 4 rows to ucsd_occupancy_history.csv
[2026-07-20 03:15:03] Main Gym Fitness Gym: 1% (Closed) people=1 capacity=72 is_open=False hour_summary=closed
[2026-07-20 03:15:03] Outback Climbing Center: 3% (Closed) people=1 capacity=30 is_open=False hour_summary=Closed until 2:00pm
[2026-07-20 03:15:03] RIMAC Fitness Gym: 0% (Closed) people=0 capacity=150 is_open=False hour_summary=Closed until 6:00am
[2026-07-20 03:15:03] Triton Esports Center: 0% (Closed) people=0 capacity=35 is_open=False hour_summary=closed
[2026-07-20 03:15:03] === SCRAPE END OK ===
[2026-07-20 03:30:02] === SCRAPE START ===
[2026-07-20 03:30:02] Fetching https://waitz.io/live/ucsd-rec
[2026-07-20 03:30:04] Saved 4 rows to ucsd_occupancy_history.csv
[2026-07-20 03:30:04] Main Gym Fitness Gym: 1% (Closed) people=1 capacity=72 is_open=False hour_summary=closed
[2026-07-20 03:30:04] Outback Climbing Center: 3% (Closed) people=1 capacity=30 is_open=False hour_summary=Closed until 2:00pm
[2026-07-20 03:30:04] RIMAC Fitness Gym: 0% (Closed) people=0 capacity=150 is_open=False hour_summary=Closed until 6:00am
[2026-07-20 03:30:04] Triton Esports Center: 0% (Closed) people=0 capacity=35 is_open=False hour_summary=closed
[2026-07-20 03:30:04] === SCRAPE END OK ===
[2026-07-20 03:45:02] === SCRAPE START ===
[2026-07-20 03:45:02] Fetching https://waitz.io/live/ucsd-rec
[2026-07-20 03:45:03] Saved 4 rows to ucsd_occupancy_history.csv
[2026-07-20 03:45:03] Main Gym Fitness Gym: 0% (Closed) people=0 capacity=72 is_open=False hour_summary=closed
[2026-07-20 03:45:03] Outback Climbing Center: 3% (Closed) people=1 capacity=30 is_open=False hour_summary=Closed until 2:00pm
[2026-07-20 03:45:03] RIMAC Fitness Gym: 0% (Closed) people=0 capacity=150 is_open=False hour_summary=Closed until 6:00am
[2026-07-20 03:45:03] Triton Esports Center: 0% (Closed) people=0 capacity=35 is_open=False hour_summary=closed
[2026-07-20 03:45:03] === SCRAPE END OK ===
[2026-07-20 04:00:03] === SCRAPE START ===
[2026-07-20 04:00:03] Fetching https://waitz.io/live/ucsd-rec
[2026-07-20 04:00:04] Saved 4 rows to ucsd_occupancy_history.csv
[2026-07-20 04:00:04] Main Gym Fitness Gym: 1% (Closed) people=1 capacity=72 is_open=False hour_summary=closed
[2026-07-20 04:00:04] Outback Climbing Center: 3% (Closed) people=1 capacity=30 is_open=False hour_summary=Closed until 2:00pm
[2026-07-20 04:00:04] RIMAC Fitness Gym: 0% (Closed) people=0 capacity=150 is_open=False hour_summary=Closed until 6:00am
[2026-07-20 04:00:04] Triton Esports Center: 0% (Closed) people=0 capacity=35 is_open=False hour_summary=closed
[2026-07-20 04:00:04] === SCRAPE END OK ===
[2026-07-20 04:15:02] === SCRAPE START ===
[2026-07-20 04:15:02] Fetching https://waitz.io/live/ucsd-rec
[2026-07-20 04:15:03] Saved 4 rows to ucsd_occupancy_history.csv
[2026-07-20 04:15:03] Main Gym Fitness Gym: 1% (Closed) people=1 capacity=72 is_open=False hour_summary=closed
[2026-07-20 04:15:03] Outback Climbing Center: 0% (Closed) people=0 capacity=30 is_open=False hour_summary=Closed until 2:00pm
[2026-07-20 04:15:03] RIMAC Fitness Gym: 0% (Closed) people=0 capacity=150 is_open=False hour_summary=Closed until 6:00am
[2026-07-20 04:15:03] Triton Esports Center: 0% (Closed) people=0 capacity=35 is_open=False hour_summary=closed
[2026-07-20 04:15:03] === SCRAPE END OK ===
[2026-07-20 04:30:02] === SCRAPE START ===
[2026-07-20 04:30:02] Fetching https://waitz.io/live/ucsd-rec
[2026-07-20 04:30:03] Saved 4 rows to ucsd_occupancy_history.csv
[2026-07-20 04:30:03] Main Gym Fitness Gym: 1% (Closed) people=1 capacity=72 is_open=False hour_summary=closed
[2026-07-20 04:30:03] Outback Climbing Center: 3% (Closed) people=1 capacity=30 is_open=False hour_summary=Closed until 2:00pm
[2026-07-20 04:30:03] RIMAC Fitness Gym: 0% (Closed) people=0 capacity=150 is_open=False hour_summary=Closed until 6:00am
[2026-07-20 04:30:03] Triton Esports Center: 0% (Closed) people=0 capacity=35 is_open=False hour_summary=closed
[2026-07-20 04:30:03] === SCRAPE END OK ===
[2026-07-20 04:45:03] === SCRAPE START ===
[2026-07-20 04:45:03] Fetching https://waitz.io/live/ucsd-rec
[2026-07-20 04:45:04] Saved 4 rows to ucsd_occupancy_history.csv
[2026-07-20 04:45:04] Main Gym Fitness Gym: 1% (Closed) people=1 capacity=72 is_open=False hour_summary=closed
[2026-07-20 04:45:04] Outback Climbing Center: 3% (Closed) people=1 capacity=30 is_open=False hour_summary=Closed until 2:00pm
[2026-07-20 04:45:04] RIMAC Fitness Gym: 0% (Closed) people=0 capacity=150 is_open=False hour_summary=Closed until 6:00am
[2026-07-20 04:45:04] Triton Esports Center: 0% (Closed) people=0 capacity=35 is_open=False hour_summary=closed
[2026-07-20 04:45:04] === SCRAPE END OK ===
[2026-07-20 05:00:02] === SCRAPE START ===
[2026-07-20 05:00:02] Fetching https://waitz.io/live/ucsd-rec
[2026-07-20 05:00:03] Saved 4 rows to ucsd_occupancy_history.csv
[2026-07-20 05:00:03] Main Gym Fitness Gym: 1% (Closed) people=1 capacity=72 is_open=False hour_summary=closed
[2026-07-20 05:00:03] Outback Climbing Center: 3% (Closed) people=1 capacity=30 is_open=False hour_summary=Closed until 2:00pm
[2026-07-20 05:00:03] RIMAC Fitness Gym: 1% (Closed) people=2 capacity=150 is_open=False hour_summary=Closed until 6:00am
[2026-07-20 05:00:03] Triton Esports Center: 0% (Closed) people=0 capacity=35 is_open=False hour_summary=closed
[2026-07-20 05:00:03] === SCRAPE END OK ===
[2026-07-20 05:15:02] === SCRAPE START ===
[2026-07-20 05:15:02] Fetching https://waitz.io/live/ucsd-rec
[2026-07-20 05:15:03] Saved 4 rows to ucsd_occupancy_history.csv
[2026-07-20 05:15:03] Main Gym Fitness Gym: 0% (Closed) people=0 capacity=72 is_open=False hour_summary=closed
[2026-07-20 05:15:03] Outback Climbing Center: 3% (Closed) people=1 capacity=30 is_open=False hour_summary=Closed until 2:00pm
[2026-07-20 05:15:03] RIMAC Fitness Gym: 0% (Closed) people=0 capacity=150 is_open=False hour_summary=Closed until 6:00am
[2026-07-20 05:15:03] Triton Esports Center: 0% (Closed) people=0 capacity=35 is_open=False hour_summary=closed
[2026-07-20 05:15:03] === SCRAPE END OK ===
[2026-07-20 05:30:02] === SCRAPE START ===
[2026-07-20 05:30:02] Fetching https://waitz.io/live/ucsd-rec
[2026-07-20 05:30:03] Saved 4 rows to ucsd_occupancy_history.csv
[2026-07-20 05:30:03] Main Gym Fitness Gym: 1% (Closed) people=1 capacity=72 is_open=False hour_summary=closed
[2026-07-20 05:30:03] Outback Climbing Center: 3% (Closed) people=1 capacity=30 is_open=False hour_summary=Closed until 2:00pm
[2026-07-20 05:30:03] RIMAC Fitness Gym: 1% (Closed) people=2 capacity=150 is_open=False hour_summary=Closed until 6:00am
[2026-07-20 05:30:03] Triton Esports Center: 0% (Closed) people=0 capacity=35 is_open=False hour_summary=closed
[2026-07-20 05:30:03] === SCRAPE END OK ===
[2026-07-20 05:45:02] === SCRAPE START ===
[2026-07-20 05:45:02] Fetching https://waitz.io/live/ucsd-rec
[2026-07-20 05:45:03] Saved 4 rows to ucsd_occupancy_history.csv
[2026-07-20 05:45:03] Main Gym Fitness Gym: 1% (Closed) people=1 capacity=72 is_open=False hour_summary=closed
[2026-07-20 05:45:03] Outback Climbing Center: 3% (Closed) people=1 capacity=30 is_open=False hour_summary=Closed until 2:00pm
[2026-07-20 05:45:03] RIMAC Fitness Gym: 1% (Closed) people=2 capacity=150 is_open=False hour_summary=Closed until 6:00am
[2026-07-20 05:45:03] Triton Esports Center: 0% (Closed) people=0 capacity=35 is_open=False hour_summary=closed
[2026-07-20 05:45:03] === SCRAPE END OK ===
[2026-07-20 06:00:02] === SCRAPE START ===
[2026-07-20 06:00:02] Fetching https://waitz.io/live/ucsd-rec
[2026-07-20 06:00:03] Saved 4 rows to ucsd_occupancy_history.csv
[2026-07-20 06:00:03] Main Gym Fitness Gym: 1% (Closed) people=1 capacity=72 is_open=False hour_summary=closed
[2026-07-20 06:00:03] Outback Climbing Center: 3% (Closed) people=1 capacity=30 is_open=False hour_summary=Closed until 2:00pm
[2026-07-20 06:00:03] RIMAC Fitness Gym: 1% (Not Busy) people=2 capacity=150 is_open=True hour_summary=open
[2026-07-20 06:00:03] Triton Esports Center: 0% (Closed) people=0 capacity=35 is_open=False hour_summary=closed
[2026-07-20 06:00:03] === SCRAPE END OK ===
[2026-07-20 06:15:02] === SCRAPE START ===
[2026-07-20 06:15:02] Fetching https://waitz.io/live/ucsd-rec
[2026-07-20 06:15:03] Saved 4 rows to ucsd_occupancy_history.csv
[2026-07-20 06:15:03] Main Gym Fitness Gym: 1% (Closed) people=1 capacity=72 is_open=False hour_summary=closed
[2026-07-20 06:15:03] Outback Climbing Center: 0% (Closed) people=0 capacity=30 is_open=False hour_summary=Closed until 2:00pm
[2026-07-20 06:15:03] RIMAC Fitness Gym: 7% (Not Busy) people=11 capacity=150 is_open=True hour_summary=open
[2026-07-20 06:15:03] Triton Esports Center: 0% (Closed) people=0 capacity=35 is_open=False hour_summary=closed
[2026-07-20 06:15:03] === SCRAPE END OK ===
[2026-07-20 06:30:02] === SCRAPE START ===
[2026-07-20 06:30:02] Fetching https://waitz.io/live/ucsd-rec
[2026-07-20 06:30:03] Saved 4 rows to ucsd_occupancy_history.csv
[2026-07-20 06:30:03] Main Gym Fitness Gym: 1% (Closed) people=1 capacity=72 is_open=False hour_summary=closed
[2026-07-20 06:30:03] Outback Climbing Center: 3% (Closed) people=1 capacity=30 is_open=False hour_summary=Closed until 2:00pm
[2026-07-20 06:30:03] RIMAC Fitness Gym: 9% (Not Busy) people=14 capacity=150 is_open=True hour_summary=open
[2026-07-20 06:30:03] Triton Esports Center: 0% (Closed) people=0 capacity=35 is_open=False hour_summary=closed
[2026-07-20 06:30:03] === SCRAPE END OK ===
[2026-07-20 06:45:02] === SCRAPE START ===
[2026-07-20 06:45:02] Fetching https://waitz.io/live/ucsd-rec
[2026-07-20 06:45:03] Saved 4 rows to ucsd_occupancy_history.csv
[2026-07-20 06:45:03] Main Gym Fitness Gym: 1% (Closed) people=1 capacity=72 is_open=False hour_summary=closed
[2026-07-20 06:45:03] Outback Climbing Center: 0% (Closed) people=0 capacity=30 is_open=False hour_summary=Closed until 2:00pm
[2026-07-20 06:45:03] RIMAC Fitness Gym: 12% (Not Busy) people=18 capacity=150 is_open=True hour_summary=open
[2026-07-20 06:45:03] Triton Esports Center: 0% (Closed) people=0 capacity=35 is_open=False hour_summary=closed
[2026-07-20 06:45:03] === SCRAPE END OK ===
[2026-07-20 07:00:02] === SCRAPE START ===
[2026-07-20 07:00:02] Fetching https://waitz.io/live/ucsd-rec
[2026-07-20 07:00:05] Saved 4 rows to ucsd_occupancy_history.csv
[2026-07-20 07:00:05] Main Gym Fitness Gym: 1% (Closed) people=1 capacity=72 is_open=False hour_summary=closed
[2026-07-20 07:00:05] Outback Climbing Center: 3% (Closed) people=1 capacity=30 is_open=False hour_summary=Closed until 2:00pm
[2026-07-20 07:00:05] RIMAC Fitness Gym: 10% (Not Busy) people=15 capacity=150 is_open=True hour_summary=open
[2026-07-20 07:00:05] Triton Esports Center: 0% (Closed) people=0 capacity=35 is_open=False hour_summary=closed
[2026-07-20 07:00:05] === SCRAPE END OK ===
[2026-07-20 07:15:02] === SCRAPE START ===
[2026-07-20 07:15:02] Fetching https://waitz.io/live/ucsd-rec
[2026-07-20 07:15:04] Saved 4 rows to ucsd_occupancy_history.csv
[2026-07-20 07:15:04] Main Gym Fitness Gym: 3% (Closed) people=2 capacity=72 is_open=False hour_summary=closed
[2026-07-20 07:15:04] Outback Climbing Center: 0% (Closed) people=0 capacity=30 is_open=False hour_summary=Closed until 2:00pm
[2026-07-20 07:15:04] RIMAC Fitness Gym: 11% (Not Busy) people=17 capacity=150 is_open=True hour_summary=open
[2026-07-20 07:15:04] Triton Esports Center: 0% (Closed) people=0 capacity=35 is_open=False hour_summary=closed
[2026-07-20 07:15:04] === SCRAPE END OK ===
[2026-07-20 07:30:02] === SCRAPE START ===
[2026-07-20 07:30:02] Fetching https://waitz.io/live/ucsd-rec
[2026-07-20 07:30:05] Saved 4 rows to ucsd_occupancy_history.csv
[2026-07-20 07:30:05] Main Gym Fitness Gym: 3% (Closed) people=2 capacity=72 is_open=False hour_summary=closed
[2026-07-20 07:30:05] Outback Climbing Center: 0% (Closed) people=0 capacity=30 is_open=False hour_summary=Closed until 2:00pm
[2026-07-20 07:30:05] RIMAC Fitness Gym: 9% (Not Busy) people=14 capacity=150 is_open=True hour_summary=open
[2026-07-20 07:30:05] Triton Esports Center: 0% (Closed) people=0 capacity=35 is_open=False hour_summary=closed
[2026-07-20 07:30:05] === SCRAPE END OK ===
[2026-07-20 07:45:02] === SCRAPE START ===
[2026-07-20 07:45:02] Fetching https://waitz.io/live/ucsd-rec
[2026-07-20 07:45:03] Saved 4 rows to ucsd_occupancy_history.csv
[2026-07-20 07:45:03] Main Gym Fitness Gym: 4% (Closed) people=3 capacity=72 is_open=False hour_summary=closed
[2026-07-20 07:45:03] Outback Climbing Center: 3% (Closed) people=1 capacity=30 is_open=False hour_summary=Closed until 2:00pm
[2026-07-20 07:45:03] RIMAC Fitness Gym: 9% (Not Busy) people=14 capacity=150 is_open=True hour_summary=open
[2026-07-20 07:45:03] Triton Esports Center: 0% (Closed) people=0 capacity=35 is_open=False hour_summary=closed
[2026-07-20 07:45:03] === SCRAPE END OK ===
[2026-07-20 08:00:03] === SCRAPE START ===
[2026-07-20 08:00:03] Fetching https://waitz.io/live/ucsd-rec
[2026-07-20 08:00:06] Saved 4 rows to ucsd_occupancy_history.csv
[2026-07-20 08:00:06] Main Gym Fitness Gym: 7% (Closed) people=5 capacity=72 is_open=False hour_summary=closed
[2026-07-20 08:00:06] Outback Climbing Center: 3% (Closed) people=1 capacity=30 is_open=False hour_summary=Closed until 2:00pm
[2026-07-20 08:00:06] RIMAC Fitness Gym: 10% (Not Busy) people=15 capacity=150 is_open=True hour_summary=open
[2026-07-20 08:00:06] Triton Esports Center: 0% (Closed) people=0 capacity=35 is_open=False hour_summary=closed
[2026-07-20 08:00:06] === SCRAPE END OK ===
[2026-07-20 08:15:02] === SCRAPE START ===
[2026-07-20 08:15:02] Fetching https://waitz.io/live/ucsd-rec
[2026-07-20 08:15:04] Saved 4 rows to ucsd_occupancy_history.csv
[2026-07-20 08:15:04] Main Gym Fitness Gym: 1% (Closed) people=1 capacity=72 is_open=False hour_summary=closed
[2026-07-20 08:15:04] Outback Climbing Center: 0% (Closed) people=0 capacity=30 is_open=False hour_summary=Closed until 2:00pm
[2026-07-20 08:15:04] RIMAC Fitness Gym: 11% (Not Busy) people=17 capacity=150 is_open=True hour_summary=open
[2026-07-20 08:15:04] Triton Esports Center: 0% (Closed) people=0 capacity=35 is_open=False hour_summary=closed
[2026-07-20 08:15:04] === SCRAPE END OK ===
[2026-07-20 08:30:02] === SCRAPE START ===
[2026-07-20 08:30:02] Fetching https://waitz.io/live/ucsd-rec
[2026-07-20 08:30:03] Saved 4 rows to ucsd_occupancy_history.csv
[2026-07-20 08:30:03] Main Gym Fitness Gym: 8% (Closed) people=6 capacity=72 is_open=False hour_summary=closed
[2026-07-20 08:30:03] Outback Climbing Center: 0% (Closed) people=0 capacity=30 is_open=False hour_summary=Closed until 2:00pm
[2026-07-20 08:30:03] RIMAC Fitness Gym: 10% (Not Busy) people=15 capacity=150 is_open=True hour_summary=open
[2026-07-20 08:30:04] Triton Esports Center: 0% (Closed) people=0 capacity=35 is_open=False hour_summary=closed
[2026-07-20 08:30:04] === SCRAPE END OK ===
[2026-07-20 08:45:02] === SCRAPE START ===
[2026-07-20 08:45:02] Fetching https://waitz.io/live/ucsd-rec
[2026-07-20 08:45:03] Saved 4 rows to ucsd_occupancy_history.csv
[2026-07-20 08:45:03] Main Gym Fitness Gym: 13% (Closed) people=9 capacity=72 is_open=False hour_summary=closed
[2026-07-20 08:45:03] Outback Climbing Center: 7% (Closed) people=2 capacity=30 is_open=False hour_summary=Closed until 2:00pm
[2026-07-20 08:45:03] RIMAC Fitness Gym: 11% (Not Busy) people=17 capacity=150 is_open=True hour_summary=open
[2026-07-20 08:45:03] Triton Esports Center: 0% (Closed) people=0 capacity=35 is_open=False hour_summary=closed
[2026-07-20 08:45:03] === SCRAPE END OK ===
[2026-07-20 09:00:02] === SCRAPE START ===
[2026-07-20 09:00:02] Fetching https://waitz.io/live/ucsd-rec
[2026-07-20 09:00:05] Saved 4 rows to ucsd_occupancy_history.csv
[2026-07-20 09:00:05] Main Gym Fitness Gym: 14% (Closed) people=10 capacity=72 is_open=False hour_summary=closed
[2026-07-20 09:00:05] Outback Climbing Center: 3% (Closed) people=1 capacity=30 is_open=False hour_summary=Closed until 2:00pm
[2026-07-20 09:00:05] RIMAC Fitness Gym: 9% (Not Busy) people=14 capacity=150 is_open=True hour_summary=open
[2026-07-20 09:00:05] Triton Esports Center: 0% (Closed) people=0 capacity=35 is_open=False hour_summary=closed
[2026-07-20 09:00:05] === SCRAPE END OK ===
[2026-07-20 09:15:02] === SCRAPE START ===
[2026-07-20 09:15:02] Fetching https://waitz.io/live/ucsd-rec
[2026-07-20 09:15:04] Saved 4 rows to ucsd_occupancy_history.csv
[2026-07-20 09:15:04] Main Gym Fitness Gym: 33% (Closed) people=24 capacity=72 is_open=False hour_summary=closed
[2026-07-20 09:15:04] Outback Climbing Center: 7% (Closed) people=2 capacity=30 is_open=False hour_summary=Closed until 2:00pm
[2026-07-20 09:15:04] RIMAC Fitness Gym: 6% (Not Busy) people=9 capacity=150 is_open=True hour_summary=open
[2026-07-20 09:15:04] Triton Esports Center: 0% (Closed) people=0 capacity=35 is_open=False hour_summary=closed
[2026-07-20 09:15:04] === SCRAPE END OK ===
[2026-07-20 09:30:02] === SCRAPE START ===
[2026-07-20 09:30:02] Fetching https://waitz.io/live/ucsd-rec
[2026-07-20 09:30:04] Saved 4 rows to ucsd_occupancy_history.csv
[2026-07-20 09:30:04] Main Gym Fitness Gym: 56% (Closed) people=40 capacity=72 is_open=False hour_summary=closed
[2026-07-20 09:30:04] Outback Climbing Center: 0% (Closed) people=0 capacity=30 is_open=False hour_summary=Closed until 2:00pm
[2026-07-20 09:30:04] RIMAC Fitness Gym: 9% (Not Busy) people=14 capacity=150 is_open=True hour_summary=open
[2026-07-20 09:30:04] Triton Esports Center: 0% (Closed) people=0 capacity=35 is_open=False hour_summary=closed
[2026-07-20 09:30:04] === SCRAPE END OK ===
[2026-07-20 09:45:02] === SCRAPE START ===
[2026-07-20 09:45:02] Fetching https://waitz.io/live/ucsd-rec
[2026-07-20 09:45:03] Saved 4 rows to ucsd_occupancy_history.csv
[2026-07-20 09:45:03] Main Gym Fitness Gym: 29% (Closed) people=21 capacity=72 is_open=False hour_summary=closed
[2026-07-20 09:45:03] Outback Climbing Center: 3% (Closed) people=1 capacity=30 is_open=False hour_summary=Closed until 2:00pm
[2026-07-20 09:45:03] RIMAC Fitness Gym: 7% (Not Busy) people=11 capacity=150 is_open=True hour_summary=open
[2026-07-20 09:45:03] Triton Esports Center: 0% (Closed) people=0 capacity=35 is_open=False hour_summary=closed
[2026-07-20 09:45:03] === SCRAPE END OK ===
[2026-07-20 10:00:02] === SCRAPE START ===
[2026-07-20 10:00:02] Fetching https://waitz.io/live/ucsd-rec
[2026-07-20 10:00:03] Saved 4 rows to ucsd_occupancy_history.csv
[2026-07-20 10:00:03] Main Gym Fitness Gym: 25% (Closed) people=18 capacity=72 is_open=False hour_summary=closed
[2026-07-20 10:00:03] Outback Climbing Center: 3% (Closed) people=1 capacity=30 is_open=False hour_summary=Closed until 2:00pm
[2026-07-20 10:00:03] RIMAC Fitness Gym: 9% (Not Busy) people=14 capacity=150 is_open=True hour_summary=open
[2026-07-20 10:00:03] Triton Esports Center: 0% (Closed) people=0 capacity=35 is_open=False hour_summary=closed
[2026-07-20 10:00:03] === SCRAPE END OK ===
[2026-07-20 10:15:02] === SCRAPE START ===
[2026-07-20 10:15:02] Fetching https://waitz.io/live/ucsd-rec
[2026-07-20 10:15:03] Saved 4 rows to ucsd_occupancy_history.csv
[2026-07-20 10:15:03] Main Gym Fitness Gym: 36% (Closed) people=26 capacity=72 is_open=False hour_summary=closed
[2026-07-20 10:15:03] Outback Climbing Center: 3% (Closed) people=1 capacity=30 is_open=False hour_summary=Closed until 2:00pm
[2026-07-20 10:15:03] RIMAC Fitness Gym: 15% (Not Busy) people=23 capacity=150 is_open=True hour_summary=open
[2026-07-20 10:15:03] Triton Esports Center: 0% (Closed) people=0 capacity=35 is_open=False hour_summary=closed
[2026-07-20 10:15:03] === SCRAPE END OK ===
[2026-07-20 10:30:02] === SCRAPE START ===
[2026-07-20 10:30:02] Fetching https://waitz.io/live/ucsd-rec
[2026-07-20 10:30:04] Saved 4 rows to ucsd_occupancy_history.csv
[2026-07-20 10:30:04] Main Gym Fitness Gym: 32% (Closed) people=23 capacity=72 is_open=False hour_summary=closed
[2026-07-20 10:30:04] Outback Climbing Center: 0% (Closed) people=0 capacity=30 is_open=False hour_summary=Closed until 2:00pm
[2026-07-20 10:30:04] RIMAC Fitness Gym: 21% (Not Busy) people=32 capacity=150 is_open=True hour_summary=open
[2026-07-20 10:30:04] Triton Esports Center: 0% (Closed) people=0 capacity=35 is_open=False hour_summary=closed
[2026-07-20 10:30:04] === SCRAPE END OK ===
[2026-07-20 10:45:02] === SCRAPE START ===
[2026-07-20 10:45:02] Fetching https://waitz.io/live/ucsd-rec
[2026-07-20 10:45:03] Saved 4 rows to ucsd_occupancy_history.csv
[2026-07-20 10:45:03] Main Gym Fitness Gym: 38% (Closed) people=27 capacity=72 is_open=False hour_summary=closed
[2026-07-20 10:45:03] Outback Climbing Center: 3% (Closed) people=1 capacity=30 is_open=False hour_summary=Closed until 2:00pm
[2026-07-20 10:45:03] RIMAC Fitness Gym: 19% (Not Busy) people=29 capacity=150 is_open=True hour_summary=open
[2026-07-20 10:45:03] Triton Esports Center: 0% (Closed) people=0 capacity=35 is_open=False hour_summary=closed
[2026-07-20 10:45:03] === SCRAPE END OK ===
[2026-07-20 11:00:02] === SCRAPE START ===
[2026-07-20 11:00:02] Fetching https://waitz.io/live/ucsd-rec
[2026-07-20 11:00:03] Saved 4 rows to ucsd_occupancy_history.csv
[2026-07-20 11:00:03] Main Gym Fitness Gym: 36% (Closed) people=26 capacity=72 is_open=False hour_summary=closed
[2026-07-20 11:00:03] Outback Climbing Center: 0% (Closed) people=0 capacity=30 is_open=False hour_summary=Closed until 2:00pm
[2026-07-20 11:00:03] RIMAC Fitness Gym: 17% (Not Busy) people=26 capacity=150 is_open=True hour_summary=open
[2026-07-20 11:00:03] Triton Esports Center: 0% (Closed) people=0 capacity=35 is_open=False hour_summary=closed
[2026-07-20 11:00:03] === SCRAPE END OK ===
[2026-07-20 11:15:02] === SCRAPE START ===
[2026-07-20 11:15:02] Fetching https://waitz.io/live/ucsd-rec
[2026-07-20 11:15:04] Saved 4 rows to ucsd_occupancy_history.csv
[2026-07-20 11:15:04] Main Gym Fitness Gym: 32% (Closed) people=23 capacity=72 is_open=False hour_summary=closed
[2026-07-20 11:15:04] Outback Climbing Center: 3% (Closed) people=1 capacity=30 is_open=False hour_summary=Closed until 2:00pm
[2026-07-20 11:15:04] RIMAC Fitness Gym: 16% (Not Busy) people=24 capacity=150 is_open=True hour_summary=open
[2026-07-20 11:15:04] Triton Esports Center: 0% (Closed) people=0 capacity=35 is_open=False hour_summary=closed
[2026-07-20 11:15:04] === SCRAPE END OK ===
[2026-07-20 11:30:02] === SCRAPE START ===
[2026-07-20 11:30:02] Fetching https://waitz.io/live/ucsd-rec
[2026-07-20 11:30:03] Saved 4 rows to ucsd_occupancy_history.csv
[2026-07-20 11:30:03] Main Gym Fitness Gym: 38% (Closed) people=27 capacity=72 is_open=False hour_summary=closed
[2026-07-20 11:30:03] Outback Climbing Center: 3% (Closed) people=1 capacity=30 is_open=False hour_summary=Closed until 2:00pm
[2026-07-20 11:30:03] RIMAC Fitness Gym: 15% (Not Busy) people=23 capacity=150 is_open=True hour_summary=open
[2026-07-20 11:30:03] Triton Esports Center: 0% (Closed) people=0 capacity=35 is_open=False hour_summary=closed
[2026-07-20 11:30:03] === SCRAPE END OK ===
[2026-07-20 11:45:02] === SCRAPE START ===
[2026-07-20 11:45:02] Fetching https://waitz.io/live/ucsd-rec
[2026-07-20 11:45:03] Saved 4 rows to ucsd_occupancy_history.csv
[2026-07-20 11:45:03] Main Gym Fitness Gym: 40% (Closed) people=29 capacity=72 is_open=False hour_summary=closed
[2026-07-20 11:45:03] Outback Climbing Center: 10% (Closed) people=3 capacity=30 is_open=False hour_summary=Closed until 2:00pm
[2026-07-20 11:45:03] RIMAC Fitness Gym: 21% (Not Busy) people=32 capacity=150 is_open=True hour_summary=open
[2026-07-20 11:45:03] Triton Esports Center: 0% (Closed) people=0 capacity=35 is_open=False hour_summary=closed
[2026-07-20 11:45:03] === SCRAPE END OK ===
[2026-07-20 12:00:02] === SCRAPE START ===
[2026-07-20 12:00:02] Fetching https://waitz.io/live/ucsd-rec
[2026-07-20 12:00:03] Saved 4 rows to ucsd_occupancy_history.csv
[2026-07-20 12:00:03] Main Gym Fitness Gym: 21% (Closed) people=15 capacity=72 is_open=False hour_summary=closed
[2026-07-20 12:00:03] Outback Climbing Center: 10% (Closed) people=3 capacity=30 is_open=False hour_summary=Closed until 2:00pm
[2026-07-20 12:00:03] RIMAC Fitness Gym: 15% (Not Busy) people=23 capacity=150 is_open=True hour_summary=open
[2026-07-20 12:00:03] Triton Esports Center: 0% (Closed) people=0 capacity=35 is_open=False hour_summary=closed
[2026-07-20 12:00:03] === SCRAPE END OK ===
[2026-07-20 12:15:02] === SCRAPE START ===
[2026-07-20 12:15:02] Fetching https://waitz.io/live/ucsd-rec
[2026-07-20 12:15:03] Saved 4 rows to ucsd_occupancy_history.csv
[2026-07-20 12:15:03] Main Gym Fitness Gym: 11% (Closed) people=8 capacity=72 is_open=False hour_summary=closed
[2026-07-20 12:15:03] Outback Climbing Center: 7% (Closed) people=2 capacity=30 is_open=False hour_summary=Closed until 2:00pm
[2026-07-20 12:15:03] RIMAC Fitness Gym: 14% (Not Busy) people=21 capacity=150 is_open=True hour_summary=open
[2026-07-20 12:15:03] Triton Esports Center: 0% (Closed) people=0 capacity=35 is_open=False hour_summary=closed
[2026-07-20 12:15:03] === SCRAPE END OK ===
[2026-07-20 12:30:02] === SCRAPE START ===
[2026-07-20 12:30:02] Fetching https://waitz.io/live/ucsd-rec
[2026-07-20 12:30:03] Saved 4 rows to ucsd_occupancy_history.csv
[2026-07-20 12:30:03] Main Gym Fitness Gym: 7% (Closed) people=5 capacity=72 is_open=False hour_summary=closed
[2026-07-20 12:30:03] Outback Climbing Center: 3% (Closed) people=1 capacity=30 is_open=False hour_summary=Closed until 2:00pm
[2026-07-20 12:30:03] RIMAC Fitness Gym: 10% (Not Busy) people=15 capacity=150 is_open=True hour_summary=open
[2026-07-20 12:30:03] Triton Esports Center: 0% (Closed) people=0 capacity=35 is_open=False hour_summary=closed
[2026-07-20 12:30:03] === SCRAPE END OK ===
[2026-07-20 12:45:02] === SCRAPE START ===
[2026-07-20 12:45:02] Fetching https://waitz.io/live/ucsd-rec
[2026-07-20 12:45:03] Saved 4 rows to ucsd_occupancy_history.csv
[2026-07-20 12:45:03] Main Gym Fitness Gym: 1% (Closed) people=1 capacity=72 is_open=False hour_summary=closed
[2026-07-20 12:45:03] Outback Climbing Center: 10% (Closed) people=3 capacity=30 is_open=False hour_summary=Closed until 2:00pm
[2026-07-20 12:45:03] RIMAC Fitness Gym: 17% (Not Busy) people=26 capacity=150 is_open=True hour_summary=open
[2026-07-20 12:45:03] Triton Esports Center: 0% (Closed) people=0 capacity=35 is_open=False hour_summary=closed
[2026-07-20 12:45:03] === SCRAPE END OK ===
