[2026-06-26 00:00:01] === SCRAPE START ===
[2026-06-26 00:00:01] Fetching https://waitz.io/live/ucsd-rec
[2026-06-26 00:00:03] Saved 4 rows to ucsd_occupancy_history.csv
[2026-06-26 00:00:03] Main Gym Fitness Gym: 1% (Closed) people=1 capacity=72 is_open=False hour_summary=closed
[2026-06-26 00:00:03] Outback Climbing Center: 11% (Closed) people=3 capacity=30 is_open=False hour_summary=closed
[2026-06-26 00:00:03] RIMAC Fitness Gym: 0% (Closed) people=0 capacity=150 is_open=False hour_summary=Closed until 6:00am
[2026-06-26 00:00:03] Triton Esports Center: 0% (Closed) people=0 capacity=35 is_open=False hour_summary=closed
[2026-06-26 00:00:03] === SCRAPE END OK ===
[2026-06-26 00:15:02] === SCRAPE START ===
[2026-06-26 00:15:02] Fetching https://waitz.io/live/ucsd-rec
[2026-06-26 00:15:03] Saved 4 rows to ucsd_occupancy_history.csv
[2026-06-26 00:15:03] Main Gym Fitness Gym: 1% (Closed) people=0 capacity=72 is_open=False hour_summary=closed
[2026-06-26 00:15:03] Outback Climbing Center: 13% (Closed) people=4 capacity=30 is_open=False hour_summary=closed
[2026-06-26 00:15:03] RIMAC Fitness Gym: 0% (Closed) people=1 capacity=150 is_open=False hour_summary=Closed until 6:00am
[2026-06-26 00:15:03] Triton Esports Center: 0% (Closed) people=0 capacity=35 is_open=False hour_summary=closed
[2026-06-26 00:15:03] === SCRAPE END OK ===
[2026-06-26 00:30:02] === SCRAPE START ===
[2026-06-26 00:30:02] Fetching https://waitz.io/live/ucsd-rec
[2026-06-26 00:30:04] Saved 4 rows to ucsd_occupancy_history.csv
[2026-06-26 00:30:04] Main Gym Fitness Gym: 1% (Closed) people=1 capacity=72 is_open=False hour_summary=closed
[2026-06-26 00:30:04] Outback Climbing Center: 9% (Closed) people=3 capacity=30 is_open=False hour_summary=closed
[2026-06-26 00:30:04] RIMAC Fitness Gym: 0% (Closed) people=0 capacity=150 is_open=False hour_summary=Closed until 6:00am
[2026-06-26 00:30:04] Triton Esports Center: 0% (Closed) people=0 capacity=35 is_open=False hour_summary=closed
[2026-06-26 00:30:04] === SCRAPE END OK ===
[2026-06-26 00:45:02] === SCRAPE START ===
[2026-06-26 00:45:02] Fetching https://waitz.io/live/ucsd-rec
[2026-06-26 00:45:03] Saved 4 rows to ucsd_occupancy_history.csv
[2026-06-26 00:45:03] Main Gym Fitness Gym: 1% (Closed) people=1 capacity=72 is_open=False hour_summary=closed
[2026-06-26 00:45:03] Outback Climbing Center: 10% (Closed) people=3 capacity=30 is_open=False hour_summary=closed
[2026-06-26 00:45:03] RIMAC Fitness Gym: 1% (Closed) people=1 capacity=150 is_open=False hour_summary=Closed until 6:00am
[2026-06-26 00:45:03] Triton Esports Center: 0% (Closed) people=0 capacity=35 is_open=False hour_summary=closed
[2026-06-26 00:45:03] === SCRAPE END OK ===
[2026-06-26 01:00:02] === SCRAPE START ===
[2026-06-26 01:00:02] Fetching https://waitz.io/live/ucsd-rec
[2026-06-26 01:00:04] Saved 4 rows to ucsd_occupancy_history.csv
[2026-06-26 01:00:04] Main Gym Fitness Gym: 1% (Closed) people=1 capacity=72 is_open=False hour_summary=closed
[2026-06-26 01:00:04] Outback Climbing Center: 4% (Closed) people=1 capacity=30 is_open=False hour_summary=closed
[2026-06-26 01:00:04] RIMAC Fitness Gym: 0% (Closed) people=1 capacity=150 is_open=False hour_summary=Closed until 6:00am
[2026-06-26 01:00:04] Triton Esports Center: 0% (Closed) people=0 capacity=35 is_open=False hour_summary=closed
[2026-06-26 01:00:04] === SCRAPE END OK ===
[2026-06-26 01:15:02] === SCRAPE START ===
[2026-06-26 01:15:02] Fetching https://waitz.io/live/ucsd-rec
[2026-06-26 01:15:03] Saved 4 rows to ucsd_occupancy_history.csv
[2026-06-26 01:15:03] Main Gym Fitness Gym: 3% (Closed) people=2 capacity=72 is_open=False hour_summary=closed
[2026-06-26 01:15:03] Outback Climbing Center: 8% (Closed) people=2 capacity=30 is_open=False hour_summary=closed
[2026-06-26 01:15:03] RIMAC Fitness Gym: 0% (Closed) people=0 capacity=150 is_open=False hour_summary=Closed until 6:00am
[2026-06-26 01:15:03] Triton Esports Center: 0% (Closed) people=0 capacity=35 is_open=False hour_summary=closed
[2026-06-26 01:15:03] === SCRAPE END OK ===
[2026-06-26 01:30:02] === SCRAPE START ===
[2026-06-26 01:30:02] Fetching https://waitz.io/live/ucsd-rec
[2026-06-26 01:30:04] Saved 4 rows to ucsd_occupancy_history.csv
[2026-06-26 01:30:04] Main Gym Fitness Gym: 2% (Closed) people=2 capacity=72 is_open=False hour_summary=closed
[2026-06-26 01:30:04] Outback Climbing Center: 8% (Closed) people=2 capacity=30 is_open=False hour_summary=closed
[2026-06-26 01:30:04] RIMAC Fitness Gym: 1% (Closed) people=1 capacity=150 is_open=False hour_summary=Closed until 6:00am
[2026-06-26 01:30:04] Triton Esports Center: 0% (Closed) people=0 capacity=35 is_open=False hour_summary=closed
[2026-06-26 01:30:04] === SCRAPE END OK ===
[2026-06-26 01:45:02] === SCRAPE START ===
[2026-06-26 01:45:02] Fetching https://waitz.io/live/ucsd-rec
[2026-06-26 01:45:03] Saved 4 rows to ucsd_occupancy_history.csv
[2026-06-26 01:45:03] Main Gym Fitness Gym: 1% (Closed) people=1 capacity=72 is_open=False hour_summary=closed
[2026-06-26 01:45:03] Outback Climbing Center: 9% (Closed) people=3 capacity=30 is_open=False hour_summary=closed
[2026-06-26 01:45:03] RIMAC Fitness Gym: 1% (Closed) people=1 capacity=150 is_open=False hour_summary=Closed until 6:00am
[2026-06-26 01:45:03] Triton Esports Center: 0% (Closed) people=0 capacity=35 is_open=False hour_summary=closed
[2026-06-26 01:45:03] === SCRAPE END OK ===
[2026-06-26 02:00:02] === SCRAPE START ===
[2026-06-26 02:00:02] Fetching https://waitz.io/live/ucsd-rec
[2026-06-26 02:00:04] Saved 4 rows to ucsd_occupancy_history.csv
[2026-06-26 02:00:04] Main Gym Fitness Gym: 1% (Closed) people=1 capacity=72 is_open=False hour_summary=closed
[2026-06-26 02:00:04] Outback Climbing Center: 7% (Closed) people=2 capacity=30 is_open=False hour_summary=closed
[2026-06-26 02:00:04] RIMAC Fitness Gym: 0% (Closed) people=1 capacity=150 is_open=False hour_summary=Closed until 6:00am
[2026-06-26 02:00:04] Triton Esports Center: 0% (Closed) people=0 capacity=35 is_open=False hour_summary=closed
[2026-06-26 02:00:04] === SCRAPE END OK ===
[2026-06-26 02:15:02] === SCRAPE START ===
[2026-06-26 02:15:02] Fetching https://waitz.io/live/ucsd-rec
[2026-06-26 02:15:03] Saved 4 rows to ucsd_occupancy_history.csv
[2026-06-26 02:15:03] Main Gym Fitness Gym: 1% (Closed) people=1 capacity=72 is_open=False hour_summary=closed
[2026-06-26 02:15:03] Outback Climbing Center: 8% (Closed) people=2 capacity=30 is_open=False hour_summary=closed
[2026-06-26 02:15:03] RIMAC Fitness Gym: 0% (Closed) people=0 capacity=150 is_open=False hour_summary=Closed until 6:00am
[2026-06-26 02:15:03] Triton Esports Center: 0% (Closed) people=0 capacity=35 is_open=False hour_summary=closed
[2026-06-26 02:15:03] === SCRAPE END OK ===
[2026-06-26 02:30:02] === SCRAPE START ===
[2026-06-26 02:30:02] Fetching https://waitz.io/live/ucsd-rec
[2026-06-26 02:30:04] Saved 4 rows to ucsd_occupancy_history.csv
[2026-06-26 02:30:04] Main Gym Fitness Gym: 1% (Closed) people=1 capacity=72 is_open=False hour_summary=closed
[2026-06-26 02:30:04] Outback Climbing Center: 7% (Closed) people=2 capacity=30 is_open=False hour_summary=closed
[2026-06-26 02:30:04] RIMAC Fitness Gym: 0% (Closed) people=1 capacity=150 is_open=False hour_summary=Closed until 6:00am
[2026-06-26 02:30:04] Triton Esports Center: 0% (Closed) people=0 capacity=35 is_open=False hour_summary=closed
[2026-06-26 02:30:04] === SCRAPE END OK ===
[2026-06-26 02:45:03] === SCRAPE START ===
[2026-06-26 02:45:03] Fetching https://waitz.io/live/ucsd-rec
[2026-06-26 02:45:04] Saved 4 rows to ucsd_occupancy_history.csv
[2026-06-26 02:45:04] Main Gym Fitness Gym: 1% (Closed) people=0 capacity=72 is_open=False hour_summary=closed
[2026-06-26 02:45:04] Outback Climbing Center: 10% (Closed) people=3 capacity=30 is_open=False hour_summary=closed
[2026-06-26 02:45:04] RIMAC Fitness Gym: 0% (Closed) people=1 capacity=150 is_open=False hour_summary=Closed until 6:00am
[2026-06-26 02:45:04] Triton Esports Center: 0% (Closed) people=0 capacity=35 is_open=False hour_summary=closed
[2026-06-26 02:45:04] === SCRAPE END OK ===
[2026-06-26 03:00:02] === SCRAPE START ===
[2026-06-26 03:00:02] Fetching https://waitz.io/live/ucsd-rec
[2026-06-26 03:00:04] Saved 4 rows to ucsd_occupancy_history.csv
[2026-06-26 03:00:04] Main Gym Fitness Gym: 1% (Closed) people=1 capacity=72 is_open=False hour_summary=closed
[2026-06-26 03:00:04] Outback Climbing Center: 14% (Closed) people=4 capacity=30 is_open=False hour_summary=closed
[2026-06-26 03:00:04] RIMAC Fitness Gym: 0% (Closed) people=0 capacity=150 is_open=False hour_summary=Closed until 6:00am
[2026-06-26 03:00:04] Triton Esports Center: 0% (Closed) people=0 capacity=35 is_open=False hour_summary=closed
[2026-06-26 03:00:04] === SCRAPE END OK ===
[2026-06-26 03:15:02] === SCRAPE START ===
[2026-06-26 03:15:02] Fetching https://waitz.io/live/ucsd-rec
[2026-06-26 03:15:03] Saved 4 rows to ucsd_occupancy_history.csv
[2026-06-26 03:15:03] Main Gym Fitness Gym: 0% (Closed) people=0 capacity=72 is_open=False hour_summary=closed
[2026-06-26 03:15:03] Outback Climbing Center: 6% (Closed) people=2 capacity=30 is_open=False hour_summary=closed
[2026-06-26 03:15:03] RIMAC Fitness Gym: 0% (Closed) people=1 capacity=150 is_open=False hour_summary=Closed until 6:00am
[2026-06-26 03:15:03] Triton Esports Center: 0% (Closed) people=0 capacity=35 is_open=False hour_summary=closed
[2026-06-26 03:15:03] === SCRAPE END OK ===
[2026-06-26 03:30:02] === SCRAPE START ===
[2026-06-26 03:30:02] Fetching https://waitz.io/live/ucsd-rec
[2026-06-26 03:30:04] Saved 4 rows to ucsd_occupancy_history.csv
[2026-06-26 03:30:04] Main Gym Fitness Gym: 1% (Closed) people=1 capacity=72 is_open=False hour_summary=closed
[2026-06-26 03:30:04] Outback Climbing Center: 9% (Closed) people=3 capacity=30 is_open=False hour_summary=closed
[2026-06-26 03:30:04] RIMAC Fitness Gym: 1% (Closed) people=1 capacity=150 is_open=False hour_summary=Closed until 6:00am
[2026-06-26 03:30:04] Triton Esports Center: 0% (Closed) people=0 capacity=35 is_open=False hour_summary=closed
[2026-06-26 03:30:04] === SCRAPE END OK ===
[2026-06-26 03:45:02] === SCRAPE START ===
[2026-06-26 03:45:02] Fetching https://waitz.io/live/ucsd-rec
[2026-06-26 03:45:03] Saved 4 rows to ucsd_occupancy_history.csv
[2026-06-26 03:45:03] Main Gym Fitness Gym: 1% (Closed) people=1 capacity=72 is_open=False hour_summary=closed
[2026-06-26 03:45:03] Outback Climbing Center: 13% (Closed) people=4 capacity=30 is_open=False hour_summary=closed
[2026-06-26 03:45:03] RIMAC Fitness Gym: 0% (Closed) people=1 capacity=150 is_open=False hour_summary=Closed until 6:00am
[2026-06-26 03:45:03] Triton Esports Center: 0% (Closed) people=0 capacity=35 is_open=False hour_summary=closed
[2026-06-26 03:45:03] === SCRAPE END OK ===
[2026-06-26 04:00:02] === SCRAPE START ===
[2026-06-26 04:00:02] Fetching https://waitz.io/live/ucsd-rec
[2026-06-26 04:00:04] Saved 4 rows to ucsd_occupancy_history.csv
[2026-06-26 04:00:04] Main Gym Fitness Gym: 1% (Closed) people=1 capacity=72 is_open=False hour_summary=closed
[2026-06-26 04:00:04] Outback Climbing Center: 10% (Closed) people=3 capacity=30 is_open=False hour_summary=closed
[2026-06-26 04:00:04] RIMAC Fitness Gym: 0% (Closed) people=1 capacity=150 is_open=False hour_summary=Closed until 6:00am
[2026-06-26 04:00:04] Triton Esports Center: 0% (Closed) people=0 capacity=35 is_open=False hour_summary=closed
[2026-06-26 04:00:04] === SCRAPE END OK ===
[2026-06-26 04:15:02] === SCRAPE START ===
[2026-06-26 04:15:02] Fetching https://waitz.io/live/ucsd-rec
[2026-06-26 04:15:03] Saved 4 rows to ucsd_occupancy_history.csv
[2026-06-26 04:15:03] Main Gym Fitness Gym: 1% (Closed) people=1 capacity=72 is_open=False hour_summary=closed
[2026-06-26 04:15:03] Outback Climbing Center: 10% (Closed) people=3 capacity=30 is_open=False hour_summary=closed
[2026-06-26 04:15:03] RIMAC Fitness Gym: 0% (Closed) people=1 capacity=150 is_open=False hour_summary=Closed until 6:00am
[2026-06-26 04:15:03] Triton Esports Center: 0% (Closed) people=0 capacity=35 is_open=False hour_summary=closed
[2026-06-26 04:15:03] === SCRAPE END OK ===
[2026-06-26 04:30:02] === SCRAPE START ===
[2026-06-26 04:30:02] Fetching https://waitz.io/live/ucsd-rec
[2026-06-26 04:30:04] Saved 4 rows to ucsd_occupancy_history.csv
[2026-06-26 04:30:04] Main Gym Fitness Gym: 1% (Closed) people=0 capacity=72 is_open=False hour_summary=closed
[2026-06-26 04:30:04] Outback Climbing Center: 11% (Closed) people=3 capacity=30 is_open=False hour_summary=closed
[2026-06-26 04:30:04] RIMAC Fitness Gym: 0% (Closed) people=1 capacity=150 is_open=False hour_summary=Closed until 6:00am
[2026-06-26 04:30:04] Triton Esports Center: 0% (Closed) people=0 capacity=35 is_open=False hour_summary=closed
[2026-06-26 04:30:04] === SCRAPE END OK ===
[2026-06-26 04:45:03] === SCRAPE START ===
[2026-06-26 04:45:03] Fetching https://waitz.io/live/ucsd-rec
[2026-06-26 04:45:03] Saved 4 rows to ucsd_occupancy_history.csv
[2026-06-26 04:45:03] Main Gym Fitness Gym: 1% (Closed) people=1 capacity=72 is_open=False hour_summary=closed
[2026-06-26 04:45:03] Outback Climbing Center: 4% (Closed) people=1 capacity=30 is_open=False hour_summary=closed
[2026-06-26 04:45:03] RIMAC Fitness Gym: 0% (Closed) people=0 capacity=150 is_open=False hour_summary=Closed until 6:00am
[2026-06-26 04:45:03] Triton Esports Center: 0% (Closed) people=0 capacity=35 is_open=False hour_summary=closed
[2026-06-26 04:45:03] === SCRAPE END OK ===
[2026-06-26 05:00:02] === SCRAPE START ===
[2026-06-26 05:00:02] Fetching https://waitz.io/live/ucsd-rec
[2026-06-26 05:00:04] Saved 4 rows to ucsd_occupancy_history.csv
[2026-06-26 05:00:04] Main Gym Fitness Gym: 1% (Closed) people=1 capacity=72 is_open=False hour_summary=closed
[2026-06-26 05:00:04] Outback Climbing Center: 7% (Closed) people=2 capacity=30 is_open=False hour_summary=closed
[2026-06-26 05:00:04] RIMAC Fitness Gym: 0% (Closed) people=1 capacity=150 is_open=False hour_summary=Closed until 6:00am
[2026-06-26 05:00:04] Triton Esports Center: 0% (Closed) people=0 capacity=35 is_open=False hour_summary=closed
[2026-06-26 05:00:04] === SCRAPE END OK ===
[2026-06-26 05:15:02] === SCRAPE START ===
[2026-06-26 05:15:02] Fetching https://waitz.io/live/ucsd-rec
[2026-06-26 05:15:03] Saved 4 rows to ucsd_occupancy_history.csv
[2026-06-26 05:15:03] Main Gym Fitness Gym: 1% (Closed) people=1 capacity=72 is_open=False hour_summary=closed
[2026-06-26 05:15:03] Outback Climbing Center: 16% (Closed) people=5 capacity=30 is_open=False hour_summary=closed
[2026-06-26 05:15:03] RIMAC Fitness Gym: 0% (Closed) people=1 capacity=150 is_open=False hour_summary=Closed until 6:00am
[2026-06-26 05:15:03] Triton Esports Center: 0% (Closed) people=0 capacity=35 is_open=False hour_summary=closed
[2026-06-26 05:15:03] === SCRAPE END OK ===
[2026-06-26 05:30:02] === SCRAPE START ===
[2026-06-26 05:30:02] Fetching https://waitz.io/live/ucsd-rec
[2026-06-26 05:30:04] Saved 4 rows to ucsd_occupancy_history.csv
[2026-06-26 05:30:04] Main Gym Fitness Gym: 1% (Closed) people=1 capacity=72 is_open=False hour_summary=closed
[2026-06-26 05:30:04] Outback Climbing Center: 9% (Closed) people=3 capacity=30 is_open=False hour_summary=closed
[2026-06-26 05:30:04] RIMAC Fitness Gym: 0% (Closed) people=1 capacity=150 is_open=False hour_summary=Closed until 6:00am
[2026-06-26 05:30:04] Triton Esports Center: 0% (Closed) people=0 capacity=35 is_open=False hour_summary=closed
[2026-06-26 05:30:04] === SCRAPE END OK ===
[2026-06-26 05:45:02] === SCRAPE START ===
[2026-06-26 05:45:02] Fetching https://waitz.io/live/ucsd-rec
[2026-06-26 05:45:03] Saved 4 rows to ucsd_occupancy_history.csv
[2026-06-26 05:45:03] Main Gym Fitness Gym: 0% (Closed) people=0 capacity=72 is_open=False hour_summary=closed
[2026-06-26 05:45:03] Outback Climbing Center: 9% (Closed) people=3 capacity=30 is_open=False hour_summary=closed
[2026-06-26 05:45:03] RIMAC Fitness Gym: 1% (Closed) people=1 capacity=150 is_open=False hour_summary=Closed until 6:00am
[2026-06-26 05:45:03] Triton Esports Center: 0% (Closed) people=0 capacity=35 is_open=False hour_summary=closed
[2026-06-26 05:45:03] === SCRAPE END OK ===
[2026-06-26 06:00:02] === SCRAPE START ===
[2026-06-26 06:00:02] Fetching https://waitz.io/live/ucsd-rec
[2026-06-26 06:00:04] Saved 4 rows to ucsd_occupancy_history.csv
[2026-06-26 06:00:04] Main Gym Fitness Gym: 1% (Closed) people=1 capacity=72 is_open=False hour_summary=closed
[2026-06-26 06:00:04] Outback Climbing Center: 12% (Closed) people=4 capacity=30 is_open=False hour_summary=closed
[2026-06-26 06:00:04] RIMAC Fitness Gym: 1% (Not Busy) people=1 capacity=150 is_open=True hour_summary=open
[2026-06-26 06:00:04] Triton Esports Center: 0% (Closed) people=0 capacity=35 is_open=False hour_summary=closed
[2026-06-26 06:00:04] === SCRAPE END OK ===
[2026-06-26 06:15:02] === SCRAPE START ===
[2026-06-26 06:15:02] Fetching https://waitz.io/live/ucsd-rec
[2026-06-26 06:15:03] Saved 4 rows to ucsd_occupancy_history.csv
[2026-06-26 06:15:03] Main Gym Fitness Gym: 1% (Closed) people=1 capacity=72 is_open=False hour_summary=closed
[2026-06-26 06:15:03] Outback Climbing Center: 10% (Closed) people=3 capacity=30 is_open=False hour_summary=closed
[2026-06-26 06:15:03] RIMAC Fitness Gym: 5% (Not Busy) people=7 capacity=150 is_open=True hour_summary=open
[2026-06-26 06:15:03] Triton Esports Center: 0% (Closed) people=0 capacity=35 is_open=False hour_summary=closed
[2026-06-26 06:15:03] === SCRAPE END OK ===
[2026-06-26 06:30:02] === SCRAPE START ===
[2026-06-26 06:30:02] Fetching https://waitz.io/live/ucsd-rec
[2026-06-26 06:30:04] Saved 4 rows to ucsd_occupancy_history.csv
[2026-06-26 06:30:04] Main Gym Fitness Gym: 1% (Closed) people=1 capacity=72 is_open=False hour_summary=closed
[2026-06-26 06:30:04] Outback Climbing Center: 11% (Closed) people=3 capacity=30 is_open=False hour_summary=closed
[2026-06-26 06:30:04] RIMAC Fitness Gym: 8% (Not Busy) people=12 capacity=150 is_open=True hour_summary=open
[2026-06-26 06:30:04] Triton Esports Center: 0% (Closed) people=0 capacity=35 is_open=False hour_summary=closed
[2026-06-26 06:30:04] === SCRAPE END OK ===
[2026-06-26 06:45:02] === SCRAPE START ===
[2026-06-26 06:45:02] Fetching https://waitz.io/live/ucsd-rec
[2026-06-26 06:45:03] Saved 4 rows to ucsd_occupancy_history.csv
[2026-06-26 06:45:03] Main Gym Fitness Gym: 1% (Closed) people=1 capacity=72 is_open=False hour_summary=closed
[2026-06-26 06:45:03] Outback Climbing Center: 11% (Closed) people=3 capacity=30 is_open=False hour_summary=closed
[2026-06-26 06:45:03] RIMAC Fitness Gym: 7% (Not Busy) people=11 capacity=150 is_open=True hour_summary=open
[2026-06-26 06:45:03] Triton Esports Center: 0% (Closed) people=0 capacity=35 is_open=False hour_summary=closed
[2026-06-26 06:45:03] === SCRAPE END OK ===
[2026-06-26 07:00:02] === SCRAPE START ===
[2026-06-26 07:00:02] Fetching https://waitz.io/live/ucsd-rec
[2026-06-26 07:00:04] Saved 4 rows to ucsd_occupancy_history.csv
[2026-06-26 07:00:04] Main Gym Fitness Gym: 2% (Closed) people=2 capacity=72 is_open=False hour_summary=closed
[2026-06-26 07:00:04] Outback Climbing Center: 10% (Closed) people=3 capacity=30 is_open=False hour_summary=closed
[2026-06-26 07:00:04] RIMAC Fitness Gym: 8% (Not Busy) people=12 capacity=150 is_open=True hour_summary=open
[2026-06-26 07:00:04] Triton Esports Center: 0% (Closed) people=0 capacity=35 is_open=False hour_summary=closed
[2026-06-26 07:00:04] === SCRAPE END OK ===
[2026-06-26 07:15:02] === SCRAPE START ===
[2026-06-26 07:15:02] Fetching https://waitz.io/live/ucsd-rec
[2026-06-26 07:15:03] Saved 4 rows to ucsd_occupancy_history.csv
[2026-06-26 07:15:03] Main Gym Fitness Gym: 2% (Closed) people=1 capacity=72 is_open=False hour_summary=closed
[2026-06-26 07:15:03] Outback Climbing Center: 12% (Closed) people=4 capacity=30 is_open=False hour_summary=closed
[2026-06-26 07:15:03] RIMAC Fitness Gym: 12% (Not Busy) people=18 capacity=150 is_open=True hour_summary=open
[2026-06-26 07:15:03] Triton Esports Center: 0% (Closed) people=0 capacity=35 is_open=False hour_summary=closed
[2026-06-26 07:15:03] === SCRAPE END OK ===
[2026-06-26 07:30:02] === SCRAPE START ===
[2026-06-26 07:30:02] Fetching https://waitz.io/live/ucsd-rec
[2026-06-26 07:30:04] Saved 4 rows to ucsd_occupancy_history.csv
[2026-06-26 07:30:04] Main Gym Fitness Gym: 3% (Closed) people=2 capacity=72 is_open=False hour_summary=closed
[2026-06-26 07:30:04] Outback Climbing Center: 10% (Closed) people=3 capacity=30 is_open=False hour_summary=closed
[2026-06-26 07:30:04] RIMAC Fitness Gym: 12% (Not Busy) people=18 capacity=150 is_open=True hour_summary=open
[2026-06-26 07:30:04] Triton Esports Center: 0% (Closed) people=0 capacity=35 is_open=False hour_summary=closed
[2026-06-26 07:30:04] === SCRAPE END OK ===
[2026-06-26 07:45:02] === SCRAPE START ===
[2026-06-26 07:45:02] Fetching https://waitz.io/live/ucsd-rec
[2026-06-26 07:45:03] Saved 4 rows to ucsd_occupancy_history.csv
[2026-06-26 07:45:03] Main Gym Fitness Gym: 6% (Closed) people=5 capacity=72 is_open=False hour_summary=closed
[2026-06-26 07:45:03] Outback Climbing Center: 12% (Closed) people=4 capacity=30 is_open=False hour_summary=closed
[2026-06-26 07:45:03] RIMAC Fitness Gym: 14% (Not Busy) people=21 capacity=150 is_open=True hour_summary=open
[2026-06-26 07:45:03] Triton Esports Center: 0% (Closed) people=0 capacity=35 is_open=False hour_summary=closed
[2026-06-26 07:45:03] === SCRAPE END OK ===
[2026-06-26 08:00:02] === SCRAPE START ===
[2026-06-26 08:00:02] Fetching https://waitz.io/live/ucsd-rec
[2026-06-26 08:00:03] Saved 4 rows to ucsd_occupancy_history.csv
[2026-06-26 08:00:03] Main Gym Fitness Gym: 8% (Closed) people=5 capacity=72 is_open=False hour_summary=closed
[2026-06-26 08:00:03] Outback Climbing Center: 14% (Closed) people=4 capacity=30 is_open=False hour_summary=closed
[2026-06-26 08:00:03] RIMAC Fitness Gym: 10% (Not Busy) people=15 capacity=150 is_open=True hour_summary=open
[2026-06-26 08:00:03] Triton Esports Center: 0% (Closed) people=0 capacity=35 is_open=False hour_summary=closed
[2026-06-26 08:00:03] === SCRAPE END OK ===
[2026-06-26 08:15:02] === SCRAPE START ===
[2026-06-26 08:15:02] Fetching https://waitz.io/live/ucsd-rec
[2026-06-26 08:15:03] Saved 4 rows to ucsd_occupancy_history.csv
[2026-06-26 08:15:03] Main Gym Fitness Gym: 11% (Closed) people=8 capacity=72 is_open=False hour_summary=closed
[2026-06-26 08:15:03] Outback Climbing Center: 11% (Closed) people=3 capacity=30 is_open=False hour_summary=closed
[2026-06-26 08:15:03] RIMAC Fitness Gym: 3% (Not Busy) people=4 capacity=150 is_open=True hour_summary=open
[2026-06-26 08:15:03] Triton Esports Center: 0% (Closed) people=0 capacity=35 is_open=False hour_summary=closed
[2026-06-26 08:15:03] === SCRAPE END OK ===
[2026-06-26 08:30:02] === SCRAPE START ===
[2026-06-26 08:30:02] Fetching https://waitz.io/live/ucsd-rec
[2026-06-26 08:30:04] Saved 4 rows to ucsd_occupancy_history.csv
[2026-06-26 08:30:04] Main Gym Fitness Gym: 3% (Closed) people=2 capacity=72 is_open=False hour_summary=closed
[2026-06-26 08:30:04] Outback Climbing Center: 12% (Closed) people=4 capacity=30 is_open=False hour_summary=closed
[2026-06-26 08:30:04] RIMAC Fitness Gym: 8% (Not Busy) people=13 capacity=150 is_open=True hour_summary=open
[2026-06-26 08:30:04] Triton Esports Center: 0% (Closed) people=0 capacity=35 is_open=False hour_summary=closed
[2026-06-26 08:30:04] === SCRAPE END OK ===
[2026-06-26 08:45:02] === SCRAPE START ===
[2026-06-26 08:45:02] Fetching https://waitz.io/live/ucsd-rec
[2026-06-26 08:45:03] Saved 4 rows to ucsd_occupancy_history.csv
[2026-06-26 08:45:03] Main Gym Fitness Gym: 11% (Closed) people=8 capacity=72 is_open=False hour_summary=closed
[2026-06-26 08:45:03] Outback Climbing Center: 18% (Closed) people=6 capacity=30 is_open=False hour_summary=closed
[2026-06-26 08:45:03] RIMAC Fitness Gym: 8% (Not Busy) people=12 capacity=150 is_open=True hour_summary=open
[2026-06-26 08:45:03] Triton Esports Center: 0% (Closed) people=0 capacity=35 is_open=False hour_summary=closed
[2026-06-26 08:45:03] === SCRAPE END OK ===
[2026-06-26 09:00:02] === SCRAPE START ===
[2026-06-26 09:00:02] Fetching https://waitz.io/live/ucsd-rec
[2026-06-26 09:00:04] Saved 4 rows to ucsd_occupancy_history.csv
[2026-06-26 09:00:04] Main Gym Fitness Gym: 11% (Closed) people=8 capacity=72 is_open=False hour_summary=closed
[2026-06-26 09:00:04] Outback Climbing Center: 16% (Closed) people=5 capacity=30 is_open=False hour_summary=closed
[2026-06-26 09:00:04] RIMAC Fitness Gym: 8% (Not Busy) people=12 capacity=150 is_open=True hour_summary=open
[2026-06-26 09:00:04] Triton Esports Center: 0% (Closed) people=0 capacity=35 is_open=False hour_summary=closed
[2026-06-26 09:00:04] === SCRAPE END OK ===
[2026-06-26 09:15:02] === SCRAPE START ===
[2026-06-26 09:15:02] Fetching https://waitz.io/live/ucsd-rec
[2026-06-26 09:15:03] Saved 4 rows to ucsd_occupancy_history.csv
[2026-06-26 09:15:03] Main Gym Fitness Gym: 16% (Closed) people=12 capacity=72 is_open=False hour_summary=closed
[2026-06-26 09:15:03] Outback Climbing Center: 20% (Closed) people=6 capacity=30 is_open=False hour_summary=closed
[2026-06-26 09:15:03] RIMAC Fitness Gym: 13% (Not Busy) people=20 capacity=150 is_open=True hour_summary=open
[2026-06-26 09:15:03] Triton Esports Center: 0% (Closed) people=0 capacity=35 is_open=False hour_summary=closed
[2026-06-26 09:15:03] === SCRAPE END OK ===
[2026-06-26 09:30:02] === SCRAPE START ===
[2026-06-26 09:30:02] Fetching https://waitz.io/live/ucsd-rec
[2026-06-26 09:30:04] Saved 4 rows to ucsd_occupancy_history.csv
[2026-06-26 09:30:04] Main Gym Fitness Gym: 19% (Closed) people=14 capacity=72 is_open=False hour_summary=closed
[2026-06-26 09:30:04] Outback Climbing Center: 20% (Closed) people=6 capacity=30 is_open=False hour_summary=closed
[2026-06-26 09:30:04] RIMAC Fitness Gym: 12% (Not Busy) people=18 capacity=150 is_open=True hour_summary=open
[2026-06-26 09:30:04] Triton Esports Center: 0% (Closed) people=0 capacity=35 is_open=False hour_summary=closed
[2026-06-26 09:30:04] === SCRAPE END OK ===
[2026-06-26 09:45:02] === SCRAPE START ===
[2026-06-26 09:45:02] Fetching https://waitz.io/live/ucsd-rec
[2026-06-26 09:45:03] Saved 4 rows to ucsd_occupancy_history.csv
[2026-06-26 09:45:03] Main Gym Fitness Gym: 30% (Closed) people=22 capacity=72 is_open=False hour_summary=closed
[2026-06-26 09:45:03] Outback Climbing Center: 20% (Closed) people=6 capacity=30 is_open=False hour_summary=closed
[2026-06-26 09:45:03] RIMAC Fitness Gym: 11% (Not Busy) people=17 capacity=150 is_open=True hour_summary=open
[2026-06-26 09:45:03] Triton Esports Center: 0% (Closed) people=0 capacity=35 is_open=False hour_summary=closed
[2026-06-26 09:45:03] === SCRAPE END OK ===
[2026-06-26 10:00:02] === SCRAPE START ===
[2026-06-26 10:00:02] Fetching https://waitz.io/live/ucsd-rec
[2026-06-26 10:00:04] Saved 4 rows to ucsd_occupancy_history.csv
[2026-06-26 10:00:04] Main Gym Fitness Gym: 26% (Closed) people=19 capacity=72 is_open=False hour_summary=closed
[2026-06-26 10:00:04] Outback Climbing Center: 19% (Closed) people=6 capacity=30 is_open=False hour_summary=closed
[2026-06-26 10:00:04] RIMAC Fitness Gym: 14% (Not Busy) people=20 capacity=150 is_open=True hour_summary=open
[2026-06-26 10:00:04] Triton Esports Center: 0% (Closed) people=0 capacity=35 is_open=False hour_summary=closed
[2026-06-26 10:00:04] === SCRAPE END OK ===
[2026-06-26 10:15:02] === SCRAPE START ===
[2026-06-26 10:15:02] Fetching https://waitz.io/live/ucsd-rec
[2026-06-26 10:15:04] Saved 4 rows to ucsd_occupancy_history.csv
[2026-06-26 10:15:04] Main Gym Fitness Gym: 32% (Closed) people=23 capacity=72 is_open=False hour_summary=closed
[2026-06-26 10:15:04] Outback Climbing Center: 21% (Closed) people=6 capacity=30 is_open=False hour_summary=closed
[2026-06-26 10:15:04] RIMAC Fitness Gym: 10% (Not Busy) people=15 capacity=150 is_open=True hour_summary=open
[2026-06-26 10:15:04] Triton Esports Center: 0% (Closed) people=0 capacity=35 is_open=False hour_summary=closed
[2026-06-26 10:15:04] === SCRAPE END OK ===
[2026-06-26 10:30:02] === SCRAPE START ===
[2026-06-26 10:30:02] Fetching https://waitz.io/live/ucsd-rec
[2026-06-26 10:30:04] Saved 4 rows to ucsd_occupancy_history.csv
[2026-06-26 10:30:04] Main Gym Fitness Gym: 37% (Closed) people=26 capacity=72 is_open=False hour_summary=closed
[2026-06-26 10:30:04] Outback Climbing Center: 18% (Closed) people=5 capacity=30 is_open=False hour_summary=closed
[2026-06-26 10:30:04] RIMAC Fitness Gym: 11% (Not Busy) people=17 capacity=150 is_open=True hour_summary=open
[2026-06-26 10:30:04] Triton Esports Center: 0% (Closed) people=0 capacity=35 is_open=False hour_summary=closed
[2026-06-26 10:30:04] === SCRAPE END OK ===
[2026-06-26 10:45:02] === SCRAPE START ===
[2026-06-26 10:45:02] Fetching https://waitz.io/live/ucsd-rec
[2026-06-26 10:45:03] Saved 4 rows to ucsd_occupancy_history.csv
[2026-06-26 10:45:03] Main Gym Fitness Gym: 23% (Closed) people=16 capacity=72 is_open=False hour_summary=closed
[2026-06-26 10:45:03] Outback Climbing Center: 19% (Closed) people=6 capacity=30 is_open=False hour_summary=closed
[2026-06-26 10:45:03] RIMAC Fitness Gym: 12% (Not Busy) people=18 capacity=150 is_open=True hour_summary=open
[2026-06-26 10:45:03] Triton Esports Center: 0% (Closed) people=0 capacity=35 is_open=False hour_summary=closed
[2026-06-26 10:45:03] === SCRAPE END OK ===
[2026-06-26 11:00:02] === SCRAPE START ===
[2026-06-26 11:00:02] Fetching https://waitz.io/live/ucsd-rec
[2026-06-26 11:00:04] Saved 4 rows to ucsd_occupancy_history.csv
[2026-06-26 11:00:04] Main Gym Fitness Gym: 29% (Closed) people=21 capacity=72 is_open=False hour_summary=closed
[2026-06-26 11:00:04] Outback Climbing Center: 20% (Closed) people=6 capacity=30 is_open=False hour_summary=closed
[2026-06-26 11:00:04] RIMAC Fitness Gym: 9% (Not Busy) people=14 capacity=150 is_open=True hour_summary=open
[2026-06-26 11:00:04] Triton Esports Center: 0% (Closed) people=0 capacity=35 is_open=False hour_summary=closed
[2026-06-26 11:00:04] === SCRAPE END OK ===
[2026-06-26 11:15:02] === SCRAPE START ===
[2026-06-26 11:15:02] Fetching https://waitz.io/live/ucsd-rec
[2026-06-26 11:15:03] Saved 4 rows to ucsd_occupancy_history.csv
[2026-06-26 11:15:03] Main Gym Fitness Gym: 12% (Closed) people=8 capacity=72 is_open=False hour_summary=closed
[2026-06-26 11:15:03] Outback Climbing Center: 21% (Closed) people=6 capacity=30 is_open=False hour_summary=closed
[2026-06-26 11:15:03] RIMAC Fitness Gym: 11% (Not Busy) people=16 capacity=150 is_open=True hour_summary=open
[2026-06-26 11:15:03] Triton Esports Center: 0% (Closed) people=0 capacity=35 is_open=False hour_summary=closed
[2026-06-26 11:15:03] === SCRAPE END OK ===
[2026-06-26 11:30:02] === SCRAPE START ===
[2026-06-26 11:30:02] Fetching https://waitz.io/live/ucsd-rec
[2026-06-26 11:30:04] Saved 4 rows to ucsd_occupancy_history.csv
[2026-06-26 11:30:04] Main Gym Fitness Gym: 27% (Closed) people=20 capacity=72 is_open=False hour_summary=closed
[2026-06-26 11:30:04] Outback Climbing Center: 18% (Closed) people=5 capacity=30 is_open=False hour_summary=closed
[2026-06-26 11:30:04] RIMAC Fitness Gym: 16% (Not Busy) people=23 capacity=150 is_open=True hour_summary=open
[2026-06-26 11:30:04] Triton Esports Center: 0% (Closed) people=0 capacity=35 is_open=False hour_summary=closed
[2026-06-26 11:30:04] === SCRAPE END OK ===
[2026-06-26 11:45:02] === SCRAPE START ===
[2026-06-26 11:45:02] Fetching https://waitz.io/live/ucsd-rec
[2026-06-26 11:45:03] Saved 4 rows to ucsd_occupancy_history.csv
[2026-06-26 11:45:03] Main Gym Fitness Gym: 23% (Closed) people=17 capacity=72 is_open=False hour_summary=closed
[2026-06-26 11:45:03] Outback Climbing Center: 17% (Closed) people=5 capacity=30 is_open=False hour_summary=closed
[2026-06-26 11:45:03] RIMAC Fitness Gym: 13% (Not Busy) people=19 capacity=150 is_open=True hour_summary=open
[2026-06-26 11:45:03] Triton Esports Center: 0% (Closed) people=0 capacity=35 is_open=False hour_summary=closed
[2026-06-26 11:45:03] === SCRAPE END OK ===
[2026-06-26 12:00:02] === SCRAPE START ===
[2026-06-26 12:00:02] Fetching https://waitz.io/live/ucsd-rec
[2026-06-26 12:00:05] Saved 4 rows to ucsd_occupancy_history.csv
[2026-06-26 12:00:05] Main Gym Fitness Gym: 27% (Closed) people=19 capacity=72 is_open=False hour_summary=closed
[2026-06-26 12:00:05] Outback Climbing Center: 18% (Closed) people=5 capacity=30 is_open=False hour_summary=closed
[2026-06-26 12:00:05] RIMAC Fitness Gym: 16% (Not Busy) people=24 capacity=150 is_open=True hour_summary=open
[2026-06-26 12:00:05] Triton Esports Center: 0% (Closed) people=0 capacity=35 is_open=False hour_summary=closed
[2026-06-26 12:00:05] === SCRAPE END OK ===
