[2026-07-13 00:00:01] === SCRAPE START ===
[2026-07-13 00:00:01] Fetching https://waitz.io/live/ucsd-rec
[2026-07-13 00:00:03] Saved 4 rows to ucsd_occupancy_history.csv
[2026-07-13 00:00:03] Main Gym Fitness Gym: 1% (Closed) people=0 capacity=72 is_open=False hour_summary=closed
[2026-07-13 00:00:03] Outback Climbing Center: 9% (Closed) people=3 capacity=30 is_open=False hour_summary=closed
[2026-07-13 00:00:03] RIMAC Fitness Gym: 0% (Closed) people=0 capacity=150 is_open=False hour_summary=Closed until 6:00am
[2026-07-13 00:00:03] Triton Esports Center: 0% (Closed) people=0 capacity=35 is_open=False hour_summary=closed
[2026-07-13 00:00:03] === SCRAPE END OK ===
[2026-07-13 00:15:02] === SCRAPE START ===
[2026-07-13 00:15:02] Fetching https://waitz.io/live/ucsd-rec
[2026-07-13 00:15:03] Saved 4 rows to ucsd_occupancy_history.csv
[2026-07-13 00:15:03] Main Gym Fitness Gym: 1% (Closed) people=1 capacity=72 is_open=False hour_summary=closed
[2026-07-13 00:15:03] Outback Climbing Center: 8% (Closed) people=2 capacity=30 is_open=False hour_summary=closed
[2026-07-13 00:15:03] RIMAC Fitness Gym: 0% (Closed) people=0 capacity=150 is_open=False hour_summary=Closed until 6:00am
[2026-07-13 00:15:03] Triton Esports Center: 0% (Closed) people=0 capacity=35 is_open=False hour_summary=closed
[2026-07-13 00:15:03] === SCRAPE END OK ===
[2026-07-13 00:30:02] === SCRAPE START ===
[2026-07-13 00:30:02] Fetching https://waitz.io/live/ucsd-rec
[2026-07-13 00:30:04] Saved 4 rows to ucsd_occupancy_history.csv
[2026-07-13 00:30:04] Main Gym Fitness Gym: 0% (Closed) people=0 capacity=72 is_open=False hour_summary=closed
[2026-07-13 00:30:04] Outback Climbing Center: 6% (Closed) people=2 capacity=30 is_open=False hour_summary=closed
[2026-07-13 00:30:04] RIMAC Fitness Gym: 0% (Closed) people=0 capacity=150 is_open=False hour_summary=Closed until 6:00am
[2026-07-13 00:30:04] Triton Esports Center: 0% (Closed) people=0 capacity=35 is_open=False hour_summary=closed
[2026-07-13 00:30:04] === SCRAPE END OK ===
[2026-07-13 00:45:02] === SCRAPE START ===
[2026-07-13 00:45:02] Fetching https://waitz.io/live/ucsd-rec
[2026-07-13 00:45:03] Saved 4 rows to ucsd_occupancy_history.csv
[2026-07-13 00:45:03] Main Gym Fitness Gym: 1% (Closed) people=0 capacity=72 is_open=False hour_summary=closed
[2026-07-13 00:45:03] Outback Climbing Center: 8% (Closed) people=2 capacity=30 is_open=False hour_summary=closed
[2026-07-13 00:45:03] RIMAC Fitness Gym: 0% (Closed) people=0 capacity=150 is_open=False hour_summary=Closed until 6:00am
[2026-07-13 00:45:03] Triton Esports Center: 0% (Closed) people=0 capacity=35 is_open=False hour_summary=closed
[2026-07-13 00:45:03] === SCRAPE END OK ===
[2026-07-13 01:00:02] === SCRAPE START ===
[2026-07-13 01:00:02] Fetching https://waitz.io/live/ucsd-rec
[2026-07-13 01:00:04] Saved 4 rows to ucsd_occupancy_history.csv
[2026-07-13 01:00:04] Main Gym Fitness Gym: 1% (Closed) people=1 capacity=72 is_open=False hour_summary=closed
[2026-07-13 01:00:04] Outback Climbing Center: 6% (Closed) people=2 capacity=30 is_open=False hour_summary=closed
[2026-07-13 01:00:04] RIMAC Fitness Gym: 0% (Closed) people=0 capacity=150 is_open=False hour_summary=Closed until 6:00am
[2026-07-13 01:00:04] Triton Esports Center: 0% (Closed) people=0 capacity=35 is_open=False hour_summary=closed
[2026-07-13 01:00:04] === SCRAPE END OK ===
[2026-07-13 01:15:02] === SCRAPE START ===
[2026-07-13 01:15:02] Fetching https://waitz.io/live/ucsd-rec
[2026-07-13 01:15:03] Saved 4 rows to ucsd_occupancy_history.csv
[2026-07-13 01:15:03] Main Gym Fitness Gym: 1% (Closed) people=0 capacity=72 is_open=False hour_summary=closed
[2026-07-13 01:15:03] Outback Climbing Center: 7% (Closed) people=2 capacity=30 is_open=False hour_summary=closed
[2026-07-13 01:15:03] RIMAC Fitness Gym: 0% (Closed) people=0 capacity=150 is_open=False hour_summary=Closed until 6:00am
[2026-07-13 01:15:03] Triton Esports Center: 0% (Closed) people=0 capacity=35 is_open=False hour_summary=closed
[2026-07-13 01:15:03] === SCRAPE END OK ===
[2026-07-13 01:30:02] === SCRAPE START ===
[2026-07-13 01:30:02] Fetching https://waitz.io/live/ucsd-rec
[2026-07-13 01:30:04] Saved 4 rows to ucsd_occupancy_history.csv
[2026-07-13 01:30:04] Main Gym Fitness Gym: 0% (Closed) people=0 capacity=72 is_open=False hour_summary=closed
[2026-07-13 01:30:04] Outback Climbing Center: 7% (Closed) people=2 capacity=30 is_open=False hour_summary=closed
[2026-07-13 01:30:04] RIMAC Fitness Gym: 0% (Closed) people=0 capacity=150 is_open=False hour_summary=Closed until 6:00am
[2026-07-13 01:30:04] Triton Esports Center: 0% (Closed) people=0 capacity=35 is_open=False hour_summary=closed
[2026-07-13 01:30:04] === SCRAPE END OK ===
[2026-07-13 01:45:02] === SCRAPE START ===
[2026-07-13 01:45:02] Fetching https://waitz.io/live/ucsd-rec
[2026-07-13 01:45:03] Saved 4 rows to ucsd_occupancy_history.csv
[2026-07-13 01:45:03] Main Gym Fitness Gym: 0% (Closed) people=0 capacity=72 is_open=False hour_summary=closed
[2026-07-13 01:45:03] Outback Climbing Center: 9% (Closed) people=3 capacity=30 is_open=False hour_summary=closed
[2026-07-13 01:45:03] RIMAC Fitness Gym: 0% (Closed) people=0 capacity=150 is_open=False hour_summary=Closed until 6:00am
[2026-07-13 01:45:03] Triton Esports Center: 0% (Closed) people=0 capacity=35 is_open=False hour_summary=closed
[2026-07-13 01:45:03] === SCRAPE END OK ===
[2026-07-13 02:00:02] === SCRAPE START ===
[2026-07-13 02:00:02] Fetching https://waitz.io/live/ucsd-rec
[2026-07-13 02:00:04] Saved 4 rows to ucsd_occupancy_history.csv
[2026-07-13 02:00:04] Main Gym Fitness Gym: 1% (Closed) people=0 capacity=72 is_open=False hour_summary=closed
[2026-07-13 02:00:04] Outback Climbing Center: 6% (Closed) people=2 capacity=30 is_open=False hour_summary=closed
[2026-07-13 02:00:04] RIMAC Fitness Gym: 0% (Closed) people=0 capacity=150 is_open=False hour_summary=Closed until 6:00am
[2026-07-13 02:00:04] Triton Esports Center: 0% (Closed) people=0 capacity=35 is_open=False hour_summary=closed
[2026-07-13 02:00:04] === SCRAPE END OK ===
[2026-07-13 02:15:02] === SCRAPE START ===
[2026-07-13 02:15:02] Fetching https://waitz.io/live/ucsd-rec
[2026-07-13 02:15:03] Saved 4 rows to ucsd_occupancy_history.csv
[2026-07-13 02:15:03] Main Gym Fitness Gym: 1% (Closed) people=0 capacity=72 is_open=False hour_summary=closed
[2026-07-13 02:15:03] Outback Climbing Center: 6% (Closed) people=2 capacity=30 is_open=False hour_summary=closed
[2026-07-13 02:15:03] RIMAC Fitness Gym: 0% (Closed) people=0 capacity=150 is_open=False hour_summary=Closed until 6:00am
[2026-07-13 02:15:03] Triton Esports Center: 0% (Closed) people=0 capacity=35 is_open=False hour_summary=closed
[2026-07-13 02:15:03] === SCRAPE END OK ===
[2026-07-13 02:30:02] === SCRAPE START ===
[2026-07-13 02:30:02] Fetching https://waitz.io/live/ucsd-rec
[2026-07-13 02:30:04] Saved 4 rows to ucsd_occupancy_history.csv
[2026-07-13 02:30:04] Main Gym Fitness Gym: 0% (Closed) people=0 capacity=72 is_open=False hour_summary=closed
[2026-07-13 02:30:04] Outback Climbing Center: 4% (Closed) people=1 capacity=30 is_open=False hour_summary=closed
[2026-07-13 02:30:04] RIMAC Fitness Gym: 0% (Closed) people=0 capacity=150 is_open=False hour_summary=Closed until 6:00am
[2026-07-13 02:30:04] Triton Esports Center: 0% (Closed) people=0 capacity=35 is_open=False hour_summary=closed
[2026-07-13 02:30:04] === SCRAPE END OK ===
[2026-07-13 02:45:02] === SCRAPE START ===
[2026-07-13 02:45:02] Fetching https://waitz.io/live/ucsd-rec
[2026-07-13 02:45:03] Saved 4 rows to ucsd_occupancy_history.csv
[2026-07-13 02:45:03] Main Gym Fitness Gym: 1% (Closed) people=1 capacity=72 is_open=False hour_summary=closed
[2026-07-13 02:45:03] Outback Climbing Center: 8% (Closed) people=2 capacity=30 is_open=False hour_summary=closed
[2026-07-13 02:45:03] RIMAC Fitness Gym: 0% (Closed) people=0 capacity=150 is_open=False hour_summary=Closed until 6:00am
[2026-07-13 02:45:03] Triton Esports Center: 0% (Closed) people=0 capacity=35 is_open=False hour_summary=closed
[2026-07-13 02:45:03] === SCRAPE END OK ===
[2026-07-13 03:00:02] === SCRAPE START ===
[2026-07-13 03:00:02] Fetching https://waitz.io/live/ucsd-rec
[2026-07-13 03:00:03] Saved 4 rows to ucsd_occupancy_history.csv
[2026-07-13 03:00:03] Main Gym Fitness Gym: 1% (Closed) people=0 capacity=72 is_open=False hour_summary=closed
[2026-07-13 03:00:03] Outback Climbing Center: 9% (Closed) people=3 capacity=30 is_open=False hour_summary=closed
[2026-07-13 03:00:03] RIMAC Fitness Gym: 0% (Closed) people=0 capacity=150 is_open=False hour_summary=Closed until 6:00am
[2026-07-13 03:00:03] Triton Esports Center: 0% (Closed) people=0 capacity=35 is_open=False hour_summary=closed
[2026-07-13 03:00:03] === SCRAPE END OK ===
[2026-07-13 03:15:02] === SCRAPE START ===
[2026-07-13 03:15:02] Fetching https://waitz.io/live/ucsd-rec
[2026-07-13 03:15:03] Saved 4 rows to ucsd_occupancy_history.csv
[2026-07-13 03:15:03] Main Gym Fitness Gym: 1% (Closed) people=1 capacity=72 is_open=False hour_summary=closed
[2026-07-13 03:15:03] Outback Climbing Center: 6% (Closed) people=2 capacity=30 is_open=False hour_summary=closed
[2026-07-13 03:15:03] RIMAC Fitness Gym: 0% (Closed) people=0 capacity=150 is_open=False hour_summary=Closed until 6:00am
[2026-07-13 03:15:03] Triton Esports Center: 0% (Closed) people=0 capacity=35 is_open=False hour_summary=closed
[2026-07-13 03:15:03] === SCRAPE END OK ===
[2026-07-13 03:30:02] === SCRAPE START ===
[2026-07-13 03:30:02] Fetching https://waitz.io/live/ucsd-rec
[2026-07-13 03:30:04] Saved 4 rows to ucsd_occupancy_history.csv
[2026-07-13 03:30:04] Main Gym Fitness Gym: 1% (Closed) people=1 capacity=72 is_open=False hour_summary=closed
[2026-07-13 03:30:04] Outback Climbing Center: 8% (Closed) people=2 capacity=30 is_open=False hour_summary=closed
[2026-07-13 03:30:04] RIMAC Fitness Gym: 0% (Closed) people=0 capacity=150 is_open=False hour_summary=Closed until 6:00am
[2026-07-13 03:30:04] Triton Esports Center: 0% (Closed) people=0 capacity=35 is_open=False hour_summary=closed
[2026-07-13 03:30:04] === SCRAPE END OK ===
[2026-07-13 03:45:02] === SCRAPE START ===
[2026-07-13 03:45:02] Fetching https://waitz.io/live/ucsd-rec
[2026-07-13 03:45:03] Saved 4 rows to ucsd_occupancy_history.csv
[2026-07-13 03:45:03] Main Gym Fitness Gym: 1% (Closed) people=1 capacity=72 is_open=False hour_summary=closed
[2026-07-13 03:45:03] Outback Climbing Center: 9% (Closed) people=3 capacity=30 is_open=False hour_summary=closed
[2026-07-13 03:45:03] RIMAC Fitness Gym: 0% (Closed) people=0 capacity=150 is_open=False hour_summary=Closed until 6:00am
[2026-07-13 03:45:03] Triton Esports Center: 0% (Closed) people=0 capacity=35 is_open=False hour_summary=closed
[2026-07-13 03:45:03] === SCRAPE END OK ===
[2026-07-13 04:00:02] === SCRAPE START ===
[2026-07-13 04:00:02] Fetching https://waitz.io/live/ucsd-rec
[2026-07-13 04:00:04] Saved 4 rows to ucsd_occupancy_history.csv
[2026-07-13 04:00:04] Main Gym Fitness Gym: 1% (Closed) people=0 capacity=72 is_open=False hour_summary=closed
[2026-07-13 04:00:04] Outback Climbing Center: 6% (Closed) people=2 capacity=30 is_open=False hour_summary=closed
[2026-07-13 04:00:04] RIMAC Fitness Gym: 0% (Closed) people=0 capacity=150 is_open=False hour_summary=Closed until 6:00am
[2026-07-13 04:00:04] Triton Esports Center: 0% (Closed) people=0 capacity=35 is_open=False hour_summary=closed
[2026-07-13 04:00:04] === SCRAPE END OK ===
[2026-07-13 04:15:02] === SCRAPE START ===
[2026-07-13 04:15:02] Fetching https://waitz.io/live/ucsd-rec
[2026-07-13 04:15:03] Saved 4 rows to ucsd_occupancy_history.csv
[2026-07-13 04:15:03] Main Gym Fitness Gym: 1% (Closed) people=1 capacity=72 is_open=False hour_summary=closed
[2026-07-13 04:15:03] Outback Climbing Center: 12% (Closed) people=4 capacity=30 is_open=False hour_summary=closed
[2026-07-13 04:15:03] RIMAC Fitness Gym: 0% (Closed) people=0 capacity=150 is_open=False hour_summary=Closed until 6:00am
[2026-07-13 04:15:03] Triton Esports Center: 0% (Closed) people=0 capacity=35 is_open=False hour_summary=closed
[2026-07-13 04:15:03] === SCRAPE END OK ===
[2026-07-13 04:30:02] === SCRAPE START ===
[2026-07-13 04:30:02] Fetching https://waitz.io/live/ucsd-rec
[2026-07-13 04:30:04] Saved 4 rows to ucsd_occupancy_history.csv
[2026-07-13 04:30:04] Main Gym Fitness Gym: 0% (Closed) people=0 capacity=72 is_open=False hour_summary=closed
[2026-07-13 04:30:04] Outback Climbing Center: 4% (Closed) people=1 capacity=30 is_open=False hour_summary=closed
[2026-07-13 04:30:04] RIMAC Fitness Gym: 0% (Closed) people=0 capacity=150 is_open=False hour_summary=Closed until 6:00am
[2026-07-13 04:30:04] Triton Esports Center: 0% (Closed) people=0 capacity=35 is_open=False hour_summary=closed
[2026-07-13 04:30:04] === SCRAPE END OK ===
[2026-07-13 04:45:02] === SCRAPE START ===
[2026-07-13 04:45:02] Fetching https://waitz.io/live/ucsd-rec
[2026-07-13 04:45:03] Saved 4 rows to ucsd_occupancy_history.csv
[2026-07-13 04:45:03] Main Gym Fitness Gym: 1% (Closed) people=0 capacity=72 is_open=False hour_summary=closed
[2026-07-13 04:45:03] Outback Climbing Center: 9% (Closed) people=3 capacity=30 is_open=False hour_summary=closed
[2026-07-13 04:45:03] RIMAC Fitness Gym: 0% (Closed) people=0 capacity=150 is_open=False hour_summary=Closed until 6:00am
[2026-07-13 04:45:03] Triton Esports Center: 0% (Closed) people=0 capacity=35 is_open=False hour_summary=closed
[2026-07-13 04:45:03] === SCRAPE END OK ===
[2026-07-13 05:00:02] === SCRAPE START ===
[2026-07-13 05:00:02] Fetching https://waitz.io/live/ucsd-rec
[2026-07-13 05:00:04] Saved 4 rows to ucsd_occupancy_history.csv
[2026-07-13 05:00:04] Main Gym Fitness Gym: 1% (Closed) people=1 capacity=72 is_open=False hour_summary=closed
[2026-07-13 05:00:04] Outback Climbing Center: 5% (Closed) people=2 capacity=30 is_open=False hour_summary=closed
[2026-07-13 05:00:04] RIMAC Fitness Gym: 1% (Closed) people=1 capacity=150 is_open=False hour_summary=Closed until 6:00am
[2026-07-13 05:00:04] Triton Esports Center: 0% (Closed) people=0 capacity=35 is_open=False hour_summary=closed
[2026-07-13 05:00:04] === SCRAPE END OK ===
[2026-07-13 05:15:03] === SCRAPE START ===
[2026-07-13 05:15:03] Fetching https://waitz.io/live/ucsd-rec
[2026-07-13 05:15:04] Saved 4 rows to ucsd_occupancy_history.csv
[2026-07-13 05:15:04] Main Gym Fitness Gym: 1% (Closed) people=0 capacity=72 is_open=False hour_summary=closed
[2026-07-13 05:15:04] Outback Climbing Center: 8% (Closed) people=2 capacity=30 is_open=False hour_summary=closed
[2026-07-13 05:15:04] RIMAC Fitness Gym: 1% (Closed) people=1 capacity=150 is_open=False hour_summary=Closed until 6:00am
[2026-07-13 05:15:04] Triton Esports Center: 0% (Closed) people=0 capacity=35 is_open=False hour_summary=closed
[2026-07-13 05:15:04] === SCRAPE END OK ===
[2026-07-13 05:30:02] === SCRAPE START ===
[2026-07-13 05:30:02] Fetching https://waitz.io/live/ucsd-rec
[2026-07-13 05:30:04] Saved 4 rows to ucsd_occupancy_history.csv
[2026-07-13 05:30:04] Main Gym Fitness Gym: 1% (Closed) people=0 capacity=72 is_open=False hour_summary=closed
[2026-07-13 05:30:04] Outback Climbing Center: 7% (Closed) people=2 capacity=30 is_open=False hour_summary=closed
[2026-07-13 05:30:04] RIMAC Fitness Gym: 0% (Closed) people=1 capacity=150 is_open=False hour_summary=Closed until 6:00am
[2026-07-13 05:30:04] Triton Esports Center: 0% (Closed) people=0 capacity=35 is_open=False hour_summary=closed
[2026-07-13 05:30:04] === SCRAPE END OK ===
[2026-07-13 05:45:02] === SCRAPE START ===
[2026-07-13 05:45:02] Fetching https://waitz.io/live/ucsd-rec
[2026-07-13 05:45:03] Saved 4 rows to ucsd_occupancy_history.csv
[2026-07-13 05:45:03] Main Gym Fitness Gym: 1% (Closed) people=0 capacity=72 is_open=False hour_summary=closed
[2026-07-13 05:45:03] Outback Climbing Center: 6% (Closed) people=2 capacity=30 is_open=False hour_summary=closed
[2026-07-13 05:45:03] RIMAC Fitness Gym: 1% (Closed) people=1 capacity=150 is_open=False hour_summary=Closed until 6:00am
[2026-07-13 05:45:03] Triton Esports Center: 0% (Closed) people=0 capacity=35 is_open=False hour_summary=closed
[2026-07-13 05:45:03] === SCRAPE END OK ===
[2026-07-13 06:00:02] === SCRAPE START ===
[2026-07-13 06:00:02] Fetching https://waitz.io/live/ucsd-rec
[2026-07-13 06:00:04] Saved 4 rows to ucsd_occupancy_history.csv
[2026-07-13 06:00:04] Main Gym Fitness Gym: 1% (Closed) people=0 capacity=72 is_open=False hour_summary=closed
[2026-07-13 06:00:04] Outback Climbing Center: 9% (Closed) people=3 capacity=30 is_open=False hour_summary=closed
[2026-07-13 06:00:04] RIMAC Fitness Gym: 1% (Not Busy) people=1 capacity=150 is_open=True hour_summary=open
[2026-07-13 06:00:04] Triton Esports Center: 0% (Closed) people=0 capacity=35 is_open=False hour_summary=closed
[2026-07-13 06:00:04] === SCRAPE END OK ===
[2026-07-13 06:15:02] === SCRAPE START ===
[2026-07-13 06:15:02] Fetching https://waitz.io/live/ucsd-rec
[2026-07-13 06:15:03] Saved 4 rows to ucsd_occupancy_history.csv
[2026-07-13 06:15:03] Main Gym Fitness Gym: 1% (Closed) people=1 capacity=72 is_open=False hour_summary=closed
[2026-07-13 06:15:03] Outback Climbing Center: 7% (Closed) people=2 capacity=30 is_open=False hour_summary=closed
[2026-07-13 06:15:03] RIMAC Fitness Gym: 2% (Not Busy) people=2 capacity=150 is_open=True hour_summary=open
[2026-07-13 06:15:03] Triton Esports Center: 0% (Closed) people=0 capacity=35 is_open=False hour_summary=closed
[2026-07-13 06:15:03] === SCRAPE END OK ===
[2026-07-13 06:30:02] === SCRAPE START ===
[2026-07-13 06:30:02] Fetching https://waitz.io/live/ucsd-rec
[2026-07-13 06:30:04] Saved 4 rows to ucsd_occupancy_history.csv
[2026-07-13 06:30:04] Main Gym Fitness Gym: 1% (Closed) people=0 capacity=72 is_open=False hour_summary=closed
[2026-07-13 06:30:04] Outback Climbing Center: 8% (Closed) people=2 capacity=30 is_open=False hour_summary=closed
[2026-07-13 06:30:04] RIMAC Fitness Gym: 11% (Not Busy) people=16 capacity=150 is_open=True hour_summary=open
[2026-07-13 06:30:04] Triton Esports Center: 0% (Closed) people=0 capacity=35 is_open=False hour_summary=closed
[2026-07-13 06:30:04] === SCRAPE END OK ===
[2026-07-13 06:45:02] === SCRAPE START ===
[2026-07-13 06:45:02] Fetching https://waitz.io/live/ucsd-rec
[2026-07-13 06:45:03] Saved 4 rows to ucsd_occupancy_history.csv
[2026-07-13 06:45:03] Main Gym Fitness Gym: 1% (Closed) people=0 capacity=72 is_open=False hour_summary=closed
[2026-07-13 06:45:03] Outback Climbing Center: 4% (Closed) people=1 capacity=30 is_open=False hour_summary=closed
[2026-07-13 06:45:03] RIMAC Fitness Gym: 15% (Not Busy) people=23 capacity=150 is_open=True hour_summary=open
[2026-07-13 06:45:03] Triton Esports Center: 0% (Closed) people=0 capacity=35 is_open=False hour_summary=closed
[2026-07-13 06:45:03] === SCRAPE END OK ===
[2026-07-13 07:00:02] === SCRAPE START ===
[2026-07-13 07:00:02] Fetching https://waitz.io/live/ucsd-rec
[2026-07-13 07:00:04] Saved 4 rows to ucsd_occupancy_history.csv
[2026-07-13 07:00:04] Main Gym Fitness Gym: 1% (Closed) people=1 capacity=72 is_open=False hour_summary=closed
[2026-07-13 07:00:04] Outback Climbing Center: 7% (Closed) people=2 capacity=30 is_open=False hour_summary=closed
[2026-07-13 07:00:04] RIMAC Fitness Gym: 13% (Not Busy) people=20 capacity=150 is_open=True hour_summary=open
[2026-07-13 07:00:04] Triton Esports Center: 0% (Closed) people=0 capacity=35 is_open=False hour_summary=closed
[2026-07-13 07:00:04] === SCRAPE END OK ===
[2026-07-13 07:15:02] === SCRAPE START ===
[2026-07-13 07:15:02] Fetching https://waitz.io/live/ucsd-rec
[2026-07-13 07:15:03] Saved 4 rows to ucsd_occupancy_history.csv
[2026-07-13 07:15:03] Main Gym Fitness Gym: 1% (Closed) people=1 capacity=72 is_open=False hour_summary=closed
[2026-07-13 07:15:03] Outback Climbing Center: 9% (Closed) people=3 capacity=30 is_open=False hour_summary=closed
[2026-07-13 07:15:03] RIMAC Fitness Gym: 11% (Not Busy) people=16 capacity=150 is_open=True hour_summary=open
[2026-07-13 07:15:03] Triton Esports Center: 0% (Closed) people=0 capacity=35 is_open=False hour_summary=closed
[2026-07-13 07:15:03] === SCRAPE END OK ===
[2026-07-13 07:30:02] === SCRAPE START ===
[2026-07-13 07:30:02] Fetching https://waitz.io/live/ucsd-rec
[2026-07-13 07:30:04] Saved 4 rows to ucsd_occupancy_history.csv
[2026-07-13 07:30:04] Main Gym Fitness Gym: 8% (Closed) people=6 capacity=72 is_open=False hour_summary=closed
[2026-07-13 07:30:04] Outback Climbing Center: 9% (Closed) people=3 capacity=30 is_open=False hour_summary=closed
[2026-07-13 07:30:04] RIMAC Fitness Gym: 16% (Not Busy) people=23 capacity=150 is_open=True hour_summary=open
[2026-07-13 07:30:04] Triton Esports Center: 0% (Closed) people=0 capacity=35 is_open=False hour_summary=closed
[2026-07-13 07:30:04] === SCRAPE END OK ===
[2026-07-13 07:45:02] === SCRAPE START ===
[2026-07-13 07:45:02] Fetching https://waitz.io/live/ucsd-rec
[2026-07-13 07:45:03] Saved 4 rows to ucsd_occupancy_history.csv
[2026-07-13 07:45:03] Main Gym Fitness Gym: 11% (Closed) people=8 capacity=72 is_open=False hour_summary=closed
[2026-07-13 07:45:03] Outback Climbing Center: 10% (Closed) people=3 capacity=30 is_open=False hour_summary=closed
[2026-07-13 07:45:03] RIMAC Fitness Gym: 10% (Not Busy) people=14 capacity=150 is_open=True hour_summary=open
[2026-07-13 07:45:03] Triton Esports Center: 0% (Closed) people=0 capacity=35 is_open=False hour_summary=closed
[2026-07-13 07:45:03] === SCRAPE END OK ===
[2026-07-13 08:00:02] === SCRAPE START ===
[2026-07-13 08:00:02] Fetching https://waitz.io/live/ucsd-rec
[2026-07-13 08:00:04] Saved 4 rows to ucsd_occupancy_history.csv
[2026-07-13 08:00:04] Main Gym Fitness Gym: 14% (Closed) people=10 capacity=72 is_open=False hour_summary=closed
[2026-07-13 08:00:04] Outback Climbing Center: 10% (Closed) people=3 capacity=30 is_open=False hour_summary=closed
[2026-07-13 08:00:04] RIMAC Fitness Gym: 9% (Not Busy) people=13 capacity=150 is_open=True hour_summary=open
[2026-07-13 08:00:04] Triton Esports Center: 0% (Closed) people=0 capacity=35 is_open=False hour_summary=closed
[2026-07-13 08:00:04] === SCRAPE END OK ===
[2026-07-13 08:15:02] === SCRAPE START ===
[2026-07-13 08:15:02] Fetching https://waitz.io/live/ucsd-rec
[2026-07-13 08:15:03] Saved 4 rows to ucsd_occupancy_history.csv
[2026-07-13 08:15:03] Main Gym Fitness Gym: 6% (Closed) people=4 capacity=72 is_open=False hour_summary=closed
[2026-07-13 08:15:03] Outback Climbing Center: 12% (Closed) people=4 capacity=30 is_open=False hour_summary=closed
[2026-07-13 08:15:03] RIMAC Fitness Gym: 7% (Not Busy) people=11 capacity=150 is_open=True hour_summary=open
[2026-07-13 08:15:03] Triton Esports Center: 0% (Closed) people=0 capacity=35 is_open=False hour_summary=closed
[2026-07-13 08:15:03] === SCRAPE END OK ===
[2026-07-13 08:30:02] === SCRAPE START ===
[2026-07-13 08:30:02] Fetching https://waitz.io/live/ucsd-rec
[2026-07-13 08:30:04] Saved 4 rows to ucsd_occupancy_history.csv
[2026-07-13 08:30:04] Main Gym Fitness Gym: 9% (Closed) people=7 capacity=72 is_open=False hour_summary=closed
[2026-07-13 08:30:04] Outback Climbing Center: 12% (Closed) people=3 capacity=30 is_open=False hour_summary=closed
[2026-07-13 08:30:04] RIMAC Fitness Gym: 11% (Not Busy) people=17 capacity=150 is_open=True hour_summary=open
[2026-07-13 08:30:04] Triton Esports Center: 0% (Closed) people=0 capacity=35 is_open=False hour_summary=closed
[2026-07-13 08:30:04] === SCRAPE END OK ===
[2026-07-13 08:45:02] === SCRAPE START ===
[2026-07-13 08:45:02] Fetching https://waitz.io/live/ucsd-rec
[2026-07-13 08:45:03] Saved 4 rows to ucsd_occupancy_history.csv
[2026-07-13 08:45:03] Main Gym Fitness Gym: 15% (Closed) people=11 capacity=72 is_open=False hour_summary=closed
[2026-07-13 08:45:03] Outback Climbing Center: 5% (Closed) people=2 capacity=30 is_open=False hour_summary=closed
[2026-07-13 08:45:03] RIMAC Fitness Gym: 11% (Not Busy) people=17 capacity=150 is_open=True hour_summary=open
[2026-07-13 08:45:03] Triton Esports Center: 0% (Closed) people=0 capacity=35 is_open=False hour_summary=closed
[2026-07-13 08:45:03] === SCRAPE END OK ===
[2026-07-13 09:00:02] === SCRAPE START ===
[2026-07-13 09:00:02] Fetching https://waitz.io/live/ucsd-rec
[2026-07-13 09:00:04] Saved 4 rows to ucsd_occupancy_history.csv
[2026-07-13 09:00:04] Main Gym Fitness Gym: 13% (Closed) people=9 capacity=72 is_open=False hour_summary=closed
[2026-07-13 09:00:04] Outback Climbing Center: 10% (Closed) people=3 capacity=30 is_open=False hour_summary=closed
[2026-07-13 09:00:04] RIMAC Fitness Gym: 10% (Not Busy) people=15 capacity=150 is_open=True hour_summary=open
[2026-07-13 09:00:04] Triton Esports Center: 0% (Closed) people=0 capacity=35 is_open=False hour_summary=closed
[2026-07-13 09:00:04] === SCRAPE END OK ===
[2026-07-13 09:15:02] === SCRAPE START ===
[2026-07-13 09:15:02] Fetching https://waitz.io/live/ucsd-rec
[2026-07-13 09:15:03] Saved 4 rows to ucsd_occupancy_history.csv
[2026-07-13 09:15:03] Main Gym Fitness Gym: 33% (Closed) people=24 capacity=72 is_open=False hour_summary=closed
[2026-07-13 09:15:03] Outback Climbing Center: 12% (Closed) people=4 capacity=30 is_open=False hour_summary=closed
[2026-07-13 09:15:03] RIMAC Fitness Gym: 8% (Not Busy) people=12 capacity=150 is_open=True hour_summary=open
[2026-07-13 09:15:03] Triton Esports Center: 0% (Closed) people=0 capacity=35 is_open=False hour_summary=closed
[2026-07-13 09:15:03] === SCRAPE END OK ===
[2026-07-13 09:30:03] === SCRAPE START ===
[2026-07-13 09:30:03] Fetching https://waitz.io/live/ucsd-rec
[2026-07-13 09:30:04] Saved 4 rows to ucsd_occupancy_history.csv
[2026-07-13 09:30:04] Main Gym Fitness Gym: 34% (Closed) people=24 capacity=72 is_open=False hour_summary=closed
[2026-07-13 09:30:04] Outback Climbing Center: 7% (Closed) people=2 capacity=30 is_open=False hour_summary=closed
[2026-07-13 09:30:04] RIMAC Fitness Gym: 6% (Not Busy) people=10 capacity=150 is_open=True hour_summary=open
[2026-07-13 09:30:04] Triton Esports Center: 0% (Closed) people=0 capacity=35 is_open=False hour_summary=closed
[2026-07-13 09:30:04] === SCRAPE END OK ===
[2026-07-13 09:45:02] === SCRAPE START ===
[2026-07-13 09:45:02] Fetching https://waitz.io/live/ucsd-rec
[2026-07-13 09:45:03] Saved 4 rows to ucsd_occupancy_history.csv
[2026-07-13 09:45:03] Main Gym Fitness Gym: 49% (Closed) people=35 capacity=72 is_open=False hour_summary=closed
[2026-07-13 09:45:03] Outback Climbing Center: 6% (Closed) people=2 capacity=30 is_open=False hour_summary=closed
[2026-07-13 09:45:03] RIMAC Fitness Gym: 6% (Not Busy) people=10 capacity=150 is_open=True hour_summary=open
[2026-07-13 09:45:03] Triton Esports Center: 0% (Closed) people=0 capacity=35 is_open=False hour_summary=closed
[2026-07-13 09:45:03] === SCRAPE END OK ===
[2026-07-13 10:00:02] === SCRAPE START ===
[2026-07-13 10:00:02] Fetching https://waitz.io/live/ucsd-rec
[2026-07-13 10:00:04] Saved 4 rows to ucsd_occupancy_history.csv
[2026-07-13 10:00:04] Main Gym Fitness Gym: 0% (Closed) people=0 capacity=72 is_open=False hour_summary=closed
[2026-07-13 10:00:04] Outback Climbing Center: 6% (Closed) people=2 capacity=30 is_open=False hour_summary=closed
[2026-07-13 10:00:04] RIMAC Fitness Gym: 10% (Not Busy) people=15 capacity=150 is_open=True hour_summary=open
[2026-07-13 10:00:04] Triton Esports Center: 0% (Closed) people=0 capacity=35 is_open=False hour_summary=closed
[2026-07-13 10:00:04] === SCRAPE END OK ===
[2026-07-13 10:15:02] === SCRAPE START ===
[2026-07-13 10:15:02] Fetching https://waitz.io/live/ucsd-rec
[2026-07-13 10:15:03] Saved 4 rows to ucsd_occupancy_history.csv
[2026-07-13 10:15:03] Main Gym Fitness Gym: 36% (Closed) people=26 capacity=72 is_open=False hour_summary=closed
[2026-07-13 10:15:03] Outback Climbing Center: 14% (Closed) people=4 capacity=30 is_open=False hour_summary=closed
[2026-07-13 10:15:03] RIMAC Fitness Gym: 16% (Not Busy) people=24 capacity=150 is_open=True hour_summary=open
[2026-07-13 10:15:03] Triton Esports Center: 0% (Closed) people=0 capacity=35 is_open=False hour_summary=closed
[2026-07-13 10:15:03] === SCRAPE END OK ===
[2026-07-13 10:30:02] === SCRAPE START ===
[2026-07-13 10:30:02] Fetching https://waitz.io/live/ucsd-rec
[2026-07-13 10:30:04] Saved 4 rows to ucsd_occupancy_history.csv
[2026-07-13 10:30:04] Main Gym Fitness Gym: 39% (Closed) people=28 capacity=72 is_open=False hour_summary=closed
[2026-07-13 10:30:04] Outback Climbing Center: 16% (Closed) people=5 capacity=30 is_open=False hour_summary=closed
[2026-07-13 10:30:04] RIMAC Fitness Gym: 21% (Not Busy) people=31 capacity=150 is_open=True hour_summary=open
[2026-07-13 10:30:04] Triton Esports Center: 0% (Closed) people=0 capacity=35 is_open=False hour_summary=closed
[2026-07-13 10:30:04] === SCRAPE END OK ===
[2026-07-13 10:45:02] === SCRAPE START ===
[2026-07-13 10:45:02] Fetching https://waitz.io/live/ucsd-rec
[2026-07-13 10:45:03] Saved 4 rows to ucsd_occupancy_history.csv
[2026-07-13 10:45:03] Main Gym Fitness Gym: 43% (Closed) people=31 capacity=72 is_open=False hour_summary=closed
[2026-07-13 10:45:03] Outback Climbing Center: 9% (Closed) people=3 capacity=30 is_open=False hour_summary=closed
[2026-07-13 10:45:03] RIMAC Fitness Gym: 20% (Not Busy) people=30 capacity=150 is_open=True hour_summary=open
[2026-07-13 10:45:03] Triton Esports Center: 0% (Closed) people=0 capacity=35 is_open=False hour_summary=closed
[2026-07-13 10:45:03] === SCRAPE END OK ===
[2026-07-13 11:00:02] === SCRAPE START ===
[2026-07-13 11:00:02] Fetching https://waitz.io/live/ucsd-rec
[2026-07-13 11:00:04] Saved 4 rows to ucsd_occupancy_history.csv
[2026-07-13 11:00:04] Main Gym Fitness Gym: 37% (Closed) people=27 capacity=72 is_open=False hour_summary=closed
[2026-07-13 11:00:04] Outback Climbing Center: 12% (Closed) people=4 capacity=30 is_open=False hour_summary=closed
[2026-07-13 11:00:04] RIMAC Fitness Gym: 12% (Not Busy) people=19 capacity=150 is_open=True hour_summary=open
[2026-07-13 11:00:04] Triton Esports Center: 0% (Closed) people=0 capacity=35 is_open=False hour_summary=closed
[2026-07-13 11:00:04] === SCRAPE END OK ===
[2026-07-13 11:15:02] === SCRAPE START ===
[2026-07-13 11:15:02] Fetching https://waitz.io/live/ucsd-rec
[2026-07-13 11:15:04] Saved 4 rows to ucsd_occupancy_history.csv
[2026-07-13 11:15:04] Main Gym Fitness Gym: 24% (Closed) people=17 capacity=72 is_open=False hour_summary=closed
[2026-07-13 11:15:04] Outback Climbing Center: 10% (Closed) people=3 capacity=30 is_open=False hour_summary=closed
[2026-07-13 11:15:04] RIMAC Fitness Gym: 12% (Not Busy) people=19 capacity=150 is_open=True hour_summary=open
[2026-07-13 11:15:04] Triton Esports Center: 0% (Closed) people=0 capacity=35 is_open=False hour_summary=closed
[2026-07-13 11:15:04] === SCRAPE END OK ===
[2026-07-13 11:30:02] === SCRAPE START ===
[2026-07-13 11:30:02] Fetching https://waitz.io/live/ucsd-rec
[2026-07-13 11:30:04] Saved 4 rows to ucsd_occupancy_history.csv
[2026-07-13 11:30:04] Main Gym Fitness Gym: 27% (Closed) people=20 capacity=72 is_open=False hour_summary=closed
[2026-07-13 11:30:04] Outback Climbing Center: 8% (Closed) people=3 capacity=30 is_open=False hour_summary=closed
[2026-07-13 11:30:04] RIMAC Fitness Gym: 15% (Not Busy) people=23 capacity=150 is_open=True hour_summary=open
[2026-07-13 11:30:04] Triton Esports Center: 0% (Closed) people=0 capacity=35 is_open=False hour_summary=closed
[2026-07-13 11:30:04] === SCRAPE END OK ===
[2026-07-13 11:45:02] === SCRAPE START ===
[2026-07-13 11:45:02] Fetching https://waitz.io/live/ucsd-rec
[2026-07-13 11:45:03] Saved 4 rows to ucsd_occupancy_history.csv
[2026-07-13 11:45:03] Main Gym Fitness Gym: 27% (Closed) people=19 capacity=72 is_open=False hour_summary=closed
[2026-07-13 11:45:03] Outback Climbing Center: 9% (Closed) people=3 capacity=30 is_open=False hour_summary=closed
[2026-07-13 11:45:03] RIMAC Fitness Gym: 13% (Not Busy) people=20 capacity=150 is_open=True hour_summary=open
[2026-07-13 11:45:03] Triton Esports Center: 0% (Closed) people=0 capacity=35 is_open=False hour_summary=closed
[2026-07-13 11:45:03] === SCRAPE END OK ===
[2026-07-13 12:00:02] === SCRAPE START ===
[2026-07-13 12:00:02] Fetching https://waitz.io/live/ucsd-rec
[2026-07-13 12:00:04] Saved 4 rows to ucsd_occupancy_history.csv
[2026-07-13 12:00:04] Main Gym Fitness Gym: 21% (Closed) people=15 capacity=72 is_open=False hour_summary=closed
[2026-07-13 12:00:04] Outback Climbing Center: 12% (Closed) people=4 capacity=30 is_open=False hour_summary=closed
[2026-07-13 12:00:04] RIMAC Fitness Gym: 16% (Not Busy) people=24 capacity=150 is_open=True hour_summary=open
[2026-07-13 12:00:04] Triton Esports Center: 0% (Closed) people=0 capacity=35 is_open=False hour_summary=closed
[2026-07-13 12:00:04] === SCRAPE END OK ===
[2026-07-13 12:15:02] === SCRAPE START ===
[2026-07-13 12:15:02] Fetching https://waitz.io/live/ucsd-rec
[2026-07-13 12:15:03] Saved 4 rows to ucsd_occupancy_history.csv
[2026-07-13 12:15:03] Main Gym Fitness Gym: 13% (Closed) people=9 capacity=72 is_open=False hour_summary=closed
[2026-07-13 12:15:03] Outback Climbing Center: 9% (Closed) people=3 capacity=30 is_open=False hour_summary=closed
[2026-07-13 12:15:03] RIMAC Fitness Gym: 16% (Not Busy) people=25 capacity=150 is_open=True hour_summary=open
[2026-07-13 12:15:03] Triton Esports Center: 0% (Closed) people=0 capacity=35 is_open=False hour_summary=closed
[2026-07-13 12:15:03] === SCRAPE END OK ===
[2026-07-13 12:30:02] === SCRAPE START ===
[2026-07-13 12:30:02] Fetching https://waitz.io/live/ucsd-rec
[2026-07-13 12:30:04] Saved 4 rows to ucsd_occupancy_history.csv
[2026-07-13 12:30:04] Main Gym Fitness Gym: 16% (Closed) people=12 capacity=72 is_open=False hour_summary=closed
[2026-07-13 12:30:04] Outback Climbing Center: 9% (Closed) people=3 capacity=30 is_open=False hour_summary=closed
[2026-07-13 12:30:04] RIMAC Fitness Gym: 24% (Not Busy) people=37 capacity=150 is_open=True hour_summary=open
[2026-07-13 12:30:04] Triton Esports Center: 0% (Closed) people=0 capacity=35 is_open=False hour_summary=closed
[2026-07-13 12:30:04] === SCRAPE END OK ===
[2026-07-13 12:45:02] === SCRAPE START ===
[2026-07-13 12:45:02] Fetching https://waitz.io/live/ucsd-rec
[2026-07-13 12:45:04] Saved 4 rows to ucsd_occupancy_history.csv
[2026-07-13 12:45:04] Main Gym Fitness Gym: 7% (Closed) people=5 capacity=72 is_open=False hour_summary=closed
[2026-07-13 12:45:04] Outback Climbing Center: 12% (Closed) people=4 capacity=30 is_open=False hour_summary=closed
[2026-07-13 12:45:04] RIMAC Fitness Gym: 23% (Not Busy) people=34 capacity=150 is_open=True hour_summary=open
[2026-07-13 12:45:04] Triton Esports Center: 0% (Closed) people=0 capacity=35 is_open=False hour_summary=closed
[2026-07-13 12:45:04] === SCRAPE END OK ===
[2026-07-13 13:00:02] === SCRAPE START ===
[2026-07-13 13:00:02] Fetching https://waitz.io/live/ucsd-rec
[2026-07-13 13:00:04] Saved 4 rows to ucsd_occupancy_history.csv
[2026-07-13 13:00:04] Main Gym Fitness Gym: 13% (Closed) people=10 capacity=72 is_open=False hour_summary=closed
[2026-07-13 13:00:04] Outback Climbing Center: 5% (Closed) people=2 capacity=30 is_open=False hour_summary=closed
[2026-07-13 13:00:04] RIMAC Fitness Gym: 25% (Not Busy) people=37 capacity=150 is_open=True hour_summary=open
[2026-07-13 13:00:04] Triton Esports Center: 0% (Closed) people=0 capacity=35 is_open=False hour_summary=closed
[2026-07-13 13:00:04] === SCRAPE END OK ===
[2026-07-13 13:15:02] === SCRAPE START ===
[2026-07-13 13:15:02] Fetching https://waitz.io/live/ucsd-rec
[2026-07-13 13:15:03] Saved 4 rows to ucsd_occupancy_history.csv
[2026-07-13 13:15:03] Main Gym Fitness Gym: 11% (Closed) people=8 capacity=72 is_open=False hour_summary=closed
[2026-07-13 13:15:03] Outback Climbing Center: 7% (Closed) people=2 capacity=30 is_open=False hour_summary=closed
[2026-07-13 13:15:03] RIMAC Fitness Gym: 32% (Not Busy) people=49 capacity=150 is_open=True hour_summary=open
[2026-07-13 13:15:03] Triton Esports Center: 0% (Closed) people=0 capacity=35 is_open=False hour_summary=closed
[2026-07-13 13:15:03] === SCRAPE END OK ===
[2026-07-13 13:30:02] === SCRAPE START ===
[2026-07-13 13:30:02] Fetching https://waitz.io/live/ucsd-rec
[2026-07-13 13:30:04] Saved 4 rows to ucsd_occupancy_history.csv
[2026-07-13 13:30:04] Main Gym Fitness Gym: 14% (Closed) people=10 capacity=72 is_open=False hour_summary=closed
[2026-07-13 13:30:04] Outback Climbing Center: 10% (Closed) people=3 capacity=30 is_open=False hour_summary=closed
[2026-07-13 13:30:04] RIMAC Fitness Gym: 24% (Not Busy) people=36 capacity=150 is_open=True hour_summary=open
[2026-07-13 13:30:04] Triton Esports Center: 0% (Closed) people=0 capacity=35 is_open=False hour_summary=closed
[2026-07-13 13:30:04] === SCRAPE END OK ===
[2026-07-13 13:45:02] === SCRAPE START ===
[2026-07-13 13:45:02] Fetching https://waitz.io/live/ucsd-rec
[2026-07-13 13:45:03] Saved 4 rows to ucsd_occupancy_history.csv
[2026-07-13 13:45:03] Main Gym Fitness Gym: 18% (Closed) people=13 capacity=72 is_open=False hour_summary=closed
[2026-07-13 13:45:03] Outback Climbing Center: 8% (Closed) people=2 capacity=30 is_open=False hour_summary=closed
[2026-07-13 13:45:03] RIMAC Fitness Gym: 21% (Not Busy) people=31 capacity=150 is_open=True hour_summary=open
[2026-07-13 13:45:03] Triton Esports Center: 0% (Closed) people=0 capacity=35 is_open=False hour_summary=closed
[2026-07-13 13:45:03] === SCRAPE END OK ===
[2026-07-13 14:00:02] === SCRAPE START ===
[2026-07-13 14:00:02] Fetching https://waitz.io/live/ucsd-rec
[2026-07-13 14:00:04] Saved 4 rows to ucsd_occupancy_history.csv
[2026-07-13 14:00:04] Main Gym Fitness Gym: 0% (Closed) people=0 capacity=72 is_open=False hour_summary=closed
[2026-07-13 14:00:04] Outback Climbing Center: 13% (Closed) people=4 capacity=30 is_open=False hour_summary=closed
[2026-07-13 14:00:04] RIMAC Fitness Gym: 19% (Not Busy) people=29 capacity=150 is_open=True hour_summary=open
[2026-07-13 14:00:04] Triton Esports Center: 0% (Closed) people=0 capacity=35 is_open=False hour_summary=closed
[2026-07-13 14:00:04] === SCRAPE END OK ===
[2026-07-13 14:15:02] === SCRAPE START ===
[2026-07-13 14:15:02] Fetching https://waitz.io/live/ucsd-rec
[2026-07-13 14:15:03] Saved 4 rows to ucsd_occupancy_history.csv
[2026-07-13 14:15:03] Main Gym Fitness Gym: 18% (Closed) people=13 capacity=72 is_open=False hour_summary=closed
[2026-07-13 14:15:03] Outback Climbing Center: 42% (Closed) people=13 capacity=30 is_open=False hour_summary=closed
[2026-07-13 14:15:03] RIMAC Fitness Gym: 19% (Not Busy) people=28 capacity=150 is_open=True hour_summary=open
[2026-07-13 14:15:03] Triton Esports Center: 0% (Closed) people=0 capacity=35 is_open=False hour_summary=closed
[2026-07-13 14:15:03] === SCRAPE END OK ===
[2026-07-13 14:30:02] === SCRAPE START ===
[2026-07-13 14:30:02] Fetching https://waitz.io/live/ucsd-rec
[2026-07-13 14:30:04] Saved 4 rows to ucsd_occupancy_history.csv
[2026-07-13 14:30:04] Main Gym Fitness Gym: 23% (Closed) people=17 capacity=72 is_open=False hour_summary=closed
[2026-07-13 14:30:04] Outback Climbing Center: 52% (Closed) people=16 capacity=30 is_open=False hour_summary=closed
[2026-07-13 14:30:04] RIMAC Fitness Gym: 21% (Not Busy) people=31 capacity=150 is_open=True hour_summary=open
[2026-07-13 14:30:04] Triton Esports Center: 0% (Closed) people=0 capacity=35 is_open=False hour_summary=closed
[2026-07-13 14:30:04] === SCRAPE END OK ===
[2026-07-13 14:45:02] === SCRAPE START ===
[2026-07-13 14:45:02] Fetching https://waitz.io/live/ucsd-rec
[2026-07-13 14:45:03] Saved 4 rows to ucsd_occupancy_history.csv
[2026-07-13 14:45:03] Main Gym Fitness Gym: 15% (Closed) people=11 capacity=72 is_open=False hour_summary=closed
[2026-07-13 14:45:03] Outback Climbing Center: 47% (Closed) people=14 capacity=30 is_open=False hour_summary=closed
[2026-07-13 14:45:03] RIMAC Fitness Gym: 20% (Not Busy) people=30 capacity=150 is_open=True hour_summary=open
[2026-07-13 14:45:03] Triton Esports Center: 0% (Closed) people=0 capacity=35 is_open=False hour_summary=closed
[2026-07-13 14:45:03] === SCRAPE END OK ===
[2026-07-13 15:00:02] === SCRAPE START ===
[2026-07-13 15:00:02] Fetching https://waitz.io/live/ucsd-rec
[2026-07-13 15:00:04] Saved 4 rows to ucsd_occupancy_history.csv
[2026-07-13 15:00:04] Main Gym Fitness Gym: 24% (Closed) people=17 capacity=72 is_open=False hour_summary=closed
[2026-07-13 15:00:04] Outback Climbing Center: 45% (Closed) people=13 capacity=30 is_open=False hour_summary=closed
[2026-07-13 15:00:04] RIMAC Fitness Gym: 20% (Not Busy) people=30 capacity=150 is_open=True hour_summary=open
[2026-07-13 15:00:04] Triton Esports Center: 0% (Closed) people=0 capacity=35 is_open=False hour_summary=closed
[2026-07-13 15:00:04] === SCRAPE END OK ===
[2026-07-13 15:15:03] === SCRAPE START ===
[2026-07-13 15:15:03] Fetching https://waitz.io/live/ucsd-rec
[2026-07-13 15:15:04] Saved 4 rows to ucsd_occupancy_history.csv
[2026-07-13 15:15:04] Main Gym Fitness Gym: 24% (Closed) people=17 capacity=72 is_open=False hour_summary=closed
[2026-07-13 15:15:04] Outback Climbing Center: 51% (Closed) people=15 capacity=30 is_open=False hour_summary=closed
[2026-07-13 15:15:04] RIMAC Fitness Gym: 20% (Not Busy) people=31 capacity=150 is_open=True hour_summary=open
[2026-07-13 15:15:04] Triton Esports Center: 0% (Closed) people=0 capacity=35 is_open=False hour_summary=closed
[2026-07-13 15:15:04] === SCRAPE END OK ===
[2026-07-13 15:30:02] === SCRAPE START ===
[2026-07-13 15:30:02] Fetching https://waitz.io/live/ucsd-rec
[2026-07-13 15:30:04] Saved 4 rows to ucsd_occupancy_history.csv
[2026-07-13 15:30:04] Main Gym Fitness Gym: 17% (Closed) people=12 capacity=72 is_open=False hour_summary=closed
[2026-07-13 15:30:04] Outback Climbing Center: 52% (Closed) people=16 capacity=30 is_open=False hour_summary=closed
[2026-07-13 15:30:04] RIMAC Fitness Gym: 23% (Not Busy) people=35 capacity=150 is_open=True hour_summary=open
[2026-07-13 15:30:04] Triton Esports Center: 0% (Closed) people=0 capacity=35 is_open=False hour_summary=closed
[2026-07-13 15:30:04] === SCRAPE END OK ===
[2026-07-13 15:45:02] === SCRAPE START ===
[2026-07-13 15:45:02] Fetching https://waitz.io/live/ucsd-rec
[2026-07-13 15:45:03] Saved 4 rows to ucsd_occupancy_history.csv
[2026-07-13 15:45:03] Main Gym Fitness Gym: 22% (Closed) people=16 capacity=72 is_open=False hour_summary=closed
[2026-07-13 15:45:03] Outback Climbing Center: 50% (Busy) people=15 capacity=30 is_open=True hour_summary=open
[2026-07-13 15:45:03] RIMAC Fitness Gym: 23% (Not Busy) people=34 capacity=150 is_open=True hour_summary=open
[2026-07-13 15:45:03] Triton Esports Center: 0% (Closed) people=0 capacity=35 is_open=False hour_summary=closed
[2026-07-13 15:45:03] === SCRAPE END OK ===
[2026-07-13 16:00:02] === SCRAPE START ===
[2026-07-13 16:00:02] Fetching https://waitz.io/live/ucsd-rec
[2026-07-13 16:00:04] Saved 4 rows to ucsd_occupancy_history.csv
[2026-07-13 16:00:04] Main Gym Fitness Gym: 19% (Closed) people=14 capacity=72 is_open=False hour_summary=closed
[2026-07-13 16:00:04] Outback Climbing Center: 58% (Busy) people=18 capacity=30 is_open=True hour_summary=open
[2026-07-13 16:00:04] RIMAC Fitness Gym: 29% (Not Busy) people=44 capacity=150 is_open=True hour_summary=open
[2026-07-13 16:00:04] Triton Esports Center: 0% (Closed) people=0 capacity=35 is_open=False hour_summary=closed
[2026-07-13 16:00:04] === SCRAPE END OK ===
[2026-07-13 16:15:02] === SCRAPE START ===
[2026-07-13 16:15:02] Fetching https://waitz.io/live/ucsd-rec
[2026-07-13 16:15:03] Saved 4 rows to ucsd_occupancy_history.csv
[2026-07-13 16:15:03] Main Gym Fitness Gym: 20% (Closed) people=14 capacity=72 is_open=False hour_summary=closed
[2026-07-13 16:15:03] Outback Climbing Center: 45% (Not Busy) people=13 capacity=30 is_open=True hour_summary=open
[2026-07-13 16:15:03] RIMAC Fitness Gym: 30% (Not Busy) people=45 capacity=150 is_open=True hour_summary=open
[2026-07-13 16:15:03] Triton Esports Center: 0% (Closed) people=0 capacity=35 is_open=False hour_summary=closed
[2026-07-13 16:15:03] === SCRAPE END OK ===
[2026-07-13 16:30:02] === SCRAPE START ===
[2026-07-13 16:30:02] Fetching https://waitz.io/live/ucsd-rec
[2026-07-13 16:30:04] Saved 4 rows to ucsd_occupancy_history.csv
[2026-07-13 16:30:04] Main Gym Fitness Gym: 24% (Closed) people=17 capacity=72 is_open=False hour_summary=closed
[2026-07-13 16:30:04] Outback Climbing Center: 81% (Very Active) people=24 capacity=30 is_open=True hour_summary=open
[2026-07-13 16:30:04] RIMAC Fitness Gym: 33% (Not Busy) people=49 capacity=150 is_open=True hour_summary=open
[2026-07-13 16:30:04] Triton Esports Center: 0% (Closed) people=0 capacity=35 is_open=False hour_summary=closed
[2026-07-13 16:30:04] === SCRAPE END OK ===
[2026-07-13 16:45:02] === SCRAPE START ===
[2026-07-13 16:45:02] Fetching https://waitz.io/live/ucsd-rec
[2026-07-13 16:45:03] Saved 4 rows to ucsd_occupancy_history.csv
[2026-07-13 16:45:03] Main Gym Fitness Gym: 31% (Closed) people=22 capacity=72 is_open=False hour_summary=closed
[2026-07-13 16:45:03] Outback Climbing Center: 85% (Very Active) people=25 capacity=30 is_open=True hour_summary=open
[2026-07-13 16:45:03] RIMAC Fitness Gym: 26% (Not Busy) people=39 capacity=150 is_open=True hour_summary=open
[2026-07-13 16:45:03] Triton Esports Center: 0% (Closed) people=0 capacity=35 is_open=False hour_summary=closed
[2026-07-13 16:45:03] === SCRAPE END OK ===
[2026-07-13 17:00:02] === SCRAPE START ===
[2026-07-13 17:00:02] Fetching https://waitz.io/live/ucsd-rec
[2026-07-13 17:00:04] Saved 4 rows to ucsd_occupancy_history.csv
[2026-07-13 17:00:04] Main Gym Fitness Gym: 21% (Closed) people=15 capacity=72 is_open=False hour_summary=closed
[2026-07-13 17:00:04] Outback Climbing Center: 99% (Very Active) people=33 capacity=30 is_open=True hour_summary=open
[2026-07-13 17:00:04] RIMAC Fitness Gym: 35% (Not Busy) people=53 capacity=150 is_open=True hour_summary=open
[2026-07-13 17:00:04] Triton Esports Center: 0% (Closed) people=0 capacity=35 is_open=False hour_summary=closed
[2026-07-13 17:00:04] === SCRAPE END OK ===
[2026-07-13 17:15:02] === SCRAPE START ===
[2026-07-13 17:15:02] Fetching https://waitz.io/live/ucsd-rec
[2026-07-13 17:15:03] Saved 4 rows to ucsd_occupancy_history.csv
[2026-07-13 17:15:03] Main Gym Fitness Gym: 24% (Closed) people=17 capacity=72 is_open=False hour_summary=closed
[2026-07-13 17:15:03] Outback Climbing Center: 99% (Very Active) people=33 capacity=30 is_open=True hour_summary=open
[2026-07-13 17:15:03] RIMAC Fitness Gym: 34% (Not Busy) people=51 capacity=150 is_open=True hour_summary=open
[2026-07-13 17:15:03] Triton Esports Center: 0% (Closed) people=0 capacity=35 is_open=False hour_summary=closed
[2026-07-13 17:15:03] === SCRAPE END OK ===
[2026-07-13 17:30:02] === SCRAPE START ===
[2026-07-13 17:30:02] Fetching https://waitz.io/live/ucsd-rec
[2026-07-13 17:30:04] Saved 4 rows to ucsd_occupancy_history.csv
[2026-07-13 17:30:04] Main Gym Fitness Gym: 27% (Closed) people=19 capacity=72 is_open=False hour_summary=closed
[2026-07-13 17:30:04] Outback Climbing Center: 99% (Very Active) people=35 capacity=30 is_open=True hour_summary=open
[2026-07-13 17:30:04] RIMAC Fitness Gym: 42% (Not Busy) people=63 capacity=150 is_open=True hour_summary=open
[2026-07-13 17:30:04] Triton Esports Center: 0% (Closed) people=0 capacity=35 is_open=False hour_summary=closed
[2026-07-13 17:30:04] === SCRAPE END OK ===
[2026-07-13 17:45:02] === SCRAPE START ===
[2026-07-13 17:45:02] Fetching https://waitz.io/live/ucsd-rec
[2026-07-13 17:45:03] Saved 4 rows to ucsd_occupancy_history.csv
[2026-07-13 17:45:03] Main Gym Fitness Gym: 26% (Closed) people=19 capacity=72 is_open=False hour_summary=closed
[2026-07-13 17:45:03] Outback Climbing Center: 99% (Very Active) people=32 capacity=30 is_open=True hour_summary=open
[2026-07-13 17:45:03] RIMAC Fitness Gym: 37% (Not Busy) people=56 capacity=150 is_open=True hour_summary=open
[2026-07-13 17:45:03] Triton Esports Center: 0% (Closed) people=0 capacity=35 is_open=False hour_summary=closed
[2026-07-13 17:45:03] === SCRAPE END OK ===
[2026-07-13 18:00:02] === SCRAPE START ===
[2026-07-13 18:00:02] Fetching https://waitz.io/live/ucsd-rec
[2026-07-13 18:00:04] Saved 4 rows to ucsd_occupancy_history.csv
[2026-07-13 18:00:04] Main Gym Fitness Gym: 0% (Closed) people=0 capacity=72 is_open=False hour_summary=closed
[2026-07-13 18:00:04] Outback Climbing Center: 99% (Very Active) people=37 capacity=30 is_open=True hour_summary=open
[2026-07-13 18:00:04] RIMAC Fitness Gym: 30% (Not Busy) people=46 capacity=150 is_open=True hour_summary=open
[2026-07-13 18:00:04] Triton Esports Center: 0% (Closed) people=0 capacity=35 is_open=False hour_summary=closed
[2026-07-13 18:00:04] === SCRAPE END OK ===
[2026-07-13 18:15:02] === SCRAPE START ===
[2026-07-13 18:15:02] Fetching https://waitz.io/live/ucsd-rec
[2026-07-13 18:15:03] Saved 4 rows to ucsd_occupancy_history.csv
[2026-07-13 18:15:03] Main Gym Fitness Gym: 47% (Closed) people=34 capacity=72 is_open=False hour_summary=closed
[2026-07-13 18:15:03] Outback Climbing Center: 99% (Very Active) people=36 capacity=30 is_open=True hour_summary=open
[2026-07-13 18:15:03] RIMAC Fitness Gym: 29% (Not Busy) people=43 capacity=150 is_open=True hour_summary=open
[2026-07-13 18:15:03] Triton Esports Center: 0% (Closed) people=0 capacity=35 is_open=False hour_summary=closed
[2026-07-13 18:15:03] === SCRAPE END OK ===
[2026-07-13 18:30:02] === SCRAPE START ===
[2026-07-13 18:30:02] Fetching https://waitz.io/live/ucsd-rec
[2026-07-13 18:30:04] Saved 4 rows to ucsd_occupancy_history.csv
[2026-07-13 18:30:04] Main Gym Fitness Gym: 39% (Closed) people=28 capacity=72 is_open=False hour_summary=closed
[2026-07-13 18:30:04] Outback Climbing Center: 99% (Very Active) people=35 capacity=30 is_open=True hour_summary=open
[2026-07-13 18:30:04] RIMAC Fitness Gym: 33% (Not Busy) people=49 capacity=150 is_open=True hour_summary=open
[2026-07-13 18:30:04] Triton Esports Center: 0% (Closed) people=0 capacity=35 is_open=False hour_summary=closed
[2026-07-13 18:30:04] === SCRAPE END OK ===
[2026-07-13 18:45:02] === SCRAPE START ===
[2026-07-13 18:45:02] Fetching https://waitz.io/live/ucsd-rec
[2026-07-13 18:45:03] Saved 4 rows to ucsd_occupancy_history.csv
[2026-07-13 18:45:03] Main Gym Fitness Gym: 43% (Closed) people=31 capacity=72 is_open=False hour_summary=closed
[2026-07-13 18:45:03] Outback Climbing Center: 73% (Busy) people=22 capacity=30 is_open=True hour_summary=open
[2026-07-13 18:45:03] RIMAC Fitness Gym: 34% (Not Busy) people=51 capacity=150 is_open=True hour_summary=open
[2026-07-13 18:45:03] Triton Esports Center: 0% (Closed) people=0 capacity=35 is_open=False hour_summary=closed
[2026-07-13 18:45:03] === SCRAPE END OK ===
[2026-07-13 19:00:02] === SCRAPE START ===
[2026-07-13 19:00:02] Fetching https://waitz.io/live/ucsd-rec
[2026-07-13 19:00:04] Saved 4 rows to ucsd_occupancy_history.csv
[2026-07-13 19:00:04] Main Gym Fitness Gym: 39% (Closed) people=28 capacity=72 is_open=False hour_summary=closed
[2026-07-13 19:00:04] Outback Climbing Center: 94% (Very Active) people=28 capacity=30 is_open=True hour_summary=open
[2026-07-13 19:00:04] RIMAC Fitness Gym: 38% (Not Busy) people=57 capacity=150 is_open=True hour_summary=open
[2026-07-13 19:00:04] Triton Esports Center: 0% (Closed) people=0 capacity=35 is_open=False hour_summary=closed
[2026-07-13 19:00:04] === SCRAPE END OK ===
[2026-07-13 19:15:02] === SCRAPE START ===
[2026-07-13 19:15:02] Fetching https://waitz.io/live/ucsd-rec
[2026-07-13 19:15:03] Saved 4 rows to ucsd_occupancy_history.csv
[2026-07-13 19:15:03] Main Gym Fitness Gym: 29% (Closed) people=21 capacity=72 is_open=False hour_summary=closed
[2026-07-13 19:15:03] Outback Climbing Center: 97% (Very Active) people=29 capacity=30 is_open=True hour_summary=open
[2026-07-13 19:15:03] RIMAC Fitness Gym: 36% (Not Busy) people=54 capacity=150 is_open=True hour_summary=open
[2026-07-13 19:15:03] Triton Esports Center: 0% (Closed) people=0 capacity=35 is_open=False hour_summary=closed
[2026-07-13 19:15:03] === SCRAPE END OK ===
[2026-07-13 19:30:02] === SCRAPE START ===
[2026-07-13 19:30:02] Fetching https://waitz.io/live/ucsd-rec
[2026-07-13 19:30:04] Saved 4 rows to ucsd_occupancy_history.csv
[2026-07-13 19:30:04] Main Gym Fitness Gym: 35% (Closed) people=25 capacity=72 is_open=False hour_summary=closed
[2026-07-13 19:30:04] Outback Climbing Center: 81% (Very Active) people=24 capacity=30 is_open=True hour_summary=open
[2026-07-13 19:30:04] RIMAC Fitness Gym: 39% (Not Busy) people=59 capacity=150 is_open=True hour_summary=open
[2026-07-13 19:30:04] Triton Esports Center: 0% (Closed) people=0 capacity=35 is_open=False hour_summary=closed
[2026-07-13 19:30:04] === SCRAPE END OK ===
[2026-07-13 19:45:02] === SCRAPE START ===
[2026-07-13 19:45:02] Fetching https://waitz.io/live/ucsd-rec
[2026-07-13 19:45:03] Saved 4 rows to ucsd_occupancy_history.csv
[2026-07-13 19:45:03] Main Gym Fitness Gym: 32% (Closed) people=23 capacity=72 is_open=False hour_summary=closed
[2026-07-13 19:45:03] Outback Climbing Center: 85% (Very Active) people=26 capacity=30 is_open=True hour_summary=open
[2026-07-13 19:45:03] RIMAC Fitness Gym: 35% (Not Busy) people=52 capacity=150 is_open=True hour_summary=open
[2026-07-13 19:45:03] Triton Esports Center: 0% (Closed) people=0 capacity=35 is_open=False hour_summary=closed
[2026-07-13 19:45:03] === SCRAPE END OK ===
