[2026-05-06 00:00:01] === SCRAPE START ===
[2026-05-06 00:00:01] Fetching https://waitz.io/live/ucsd-rec
[2026-05-06 00:00:03] Saved 4 rows to ucsd_occupancy_history.csv
[2026-05-06 00:00:03] Main Gym Fitness Gym: 1% (Closed) people=1 capacity=72 is_open=False hour_summary=Closed until 6:00am
[2026-05-06 00:00:03] Outback Climbing Center: 7% (Closed) people=2 capacity=30 is_open=False hour_summary=Closed until 10:00am
[2026-05-06 00:00:03] RIMAC Fitness Gym: 1% (Closed) people=1 capacity=150 is_open=False hour_summary=Closed until 6:00am
[2026-05-06 00:00:03] Triton Esports Center: 0% (Closed) people=0 capacity=35 is_open=False hour_summary=Closed until 7:30am
[2026-05-06 00:00:03] === SCRAPE END OK ===
[2026-05-06 00:15:02] === SCRAPE START ===
[2026-05-06 00:15:02] Fetching https://waitz.io/live/ucsd-rec
[2026-05-06 00:15:03] Saved 4 rows to ucsd_occupancy_history.csv
[2026-05-06 00:15:03] Main Gym Fitness Gym: 1% (Closed) people=1 capacity=72 is_open=False hour_summary=Closed until 6:00am
[2026-05-06 00:15:03] Outback Climbing Center: 11% (Closed) people=3 capacity=30 is_open=False hour_summary=Closed until 10:00am
[2026-05-06 00:15:03] RIMAC Fitness Gym: 0% (Closed) people=0 capacity=150 is_open=False hour_summary=Closed until 6:00am
[2026-05-06 00:15:03] Triton Esports Center: 0% (Closed) people=0 capacity=35 is_open=False hour_summary=Closed until 7:30am
[2026-05-06 00:15:03] === SCRAPE END OK ===
[2026-05-06 00:30:02] === SCRAPE START ===
[2026-05-06 00:30:02] Fetching https://waitz.io/live/ucsd-rec
[2026-05-06 00:30:04] Saved 4 rows to ucsd_occupancy_history.csv
[2026-05-06 00:30:04] Main Gym Fitness Gym: 2% (Closed) people=1 capacity=72 is_open=False hour_summary=Closed until 6:00am
[2026-05-06 00:30:04] Outback Climbing Center: 5% (Closed) people=1 capacity=30 is_open=False hour_summary=Closed until 10:00am
[2026-05-06 00:30:04] RIMAC Fitness Gym: 0% (Closed) people=0 capacity=150 is_open=False hour_summary=Closed until 6:00am
[2026-05-06 00:30:04] Triton Esports Center: 0% (Closed) people=0 capacity=35 is_open=False hour_summary=Closed until 7:30am
[2026-05-06 00:30:04] === SCRAPE END OK ===
[2026-05-06 00:45:02] === SCRAPE START ===
[2026-05-06 00:45:02] Fetching https://waitz.io/live/ucsd-rec
[2026-05-06 00:45:03] Saved 4 rows to ucsd_occupancy_history.csv
[2026-05-06 00:45:03] Main Gym Fitness Gym: 13% (Closed) people=10 capacity=72 is_open=False hour_summary=Closed until 6:00am
[2026-05-06 00:45:03] Outback Climbing Center: 1% (Closed) people=0 capacity=30 is_open=False hour_summary=Closed until 10:00am
[2026-05-06 00:45:03] RIMAC Fitness Gym: 0% (Closed) people=0 capacity=150 is_open=False hour_summary=Closed until 6:00am
[2026-05-06 00:45:03] Triton Esports Center: 0% (Closed) people=0 capacity=35 is_open=False hour_summary=Closed until 7:30am
[2026-05-06 00:45:03] === SCRAPE END OK ===
[2026-05-06 01:00:02] === SCRAPE START ===
[2026-05-06 01:00:02] Fetching https://waitz.io/live/ucsd-rec
[2026-05-06 01:00:03] Saved 4 rows to ucsd_occupancy_history.csv
[2026-05-06 01:00:03] Main Gym Fitness Gym: 1% (Closed) people=1 capacity=72 is_open=False hour_summary=Closed until 6:00am
[2026-05-06 01:00:03] Outback Climbing Center: 2% (Closed) people=0 capacity=30 is_open=False hour_summary=Closed until 10:00am
[2026-05-06 01:00:03] RIMAC Fitness Gym: 0% (Closed) people=0 capacity=150 is_open=False hour_summary=Closed until 6:00am
[2026-05-06 01:00:03] Triton Esports Center: 0% (Closed) people=0 capacity=35 is_open=False hour_summary=Closed until 7:30am
[2026-05-06 01:00:03] === SCRAPE END OK ===
[2026-05-06 01:15:02] === SCRAPE START ===
[2026-05-06 01:15:02] Fetching https://waitz.io/live/ucsd-rec
[2026-05-06 01:15:03] Saved 4 rows to ucsd_occupancy_history.csv
[2026-05-06 01:15:03] Main Gym Fitness Gym: 2% (Closed) people=1 capacity=72 is_open=False hour_summary=Closed until 6:00am
[2026-05-06 01:15:03] Outback Climbing Center: 6% (Closed) people=2 capacity=30 is_open=False hour_summary=Closed until 10:00am
[2026-05-06 01:15:03] RIMAC Fitness Gym: 0% (Closed) people=0 capacity=150 is_open=False hour_summary=Closed until 6:00am
[2026-05-06 01:15:03] Triton Esports Center: 0% (Closed) people=0 capacity=35 is_open=False hour_summary=Closed until 7:30am
[2026-05-06 01:15:03] === SCRAPE END OK ===
[2026-05-06 01:30:02] === SCRAPE START ===
[2026-05-06 01:30:02] Fetching https://waitz.io/live/ucsd-rec
[2026-05-06 01:30:03] Saved 4 rows to ucsd_occupancy_history.csv
[2026-05-06 01:30:03] Main Gym Fitness Gym: 2% (Closed) people=2 capacity=72 is_open=False hour_summary=Closed until 6:00am
[2026-05-06 01:30:03] Outback Climbing Center: 1% (Closed) people=0 capacity=30 is_open=False hour_summary=Closed until 10:00am
[2026-05-06 01:30:03] RIMAC Fitness Gym: 0% (Closed) people=0 capacity=150 is_open=False hour_summary=Closed until 6:00am
[2026-05-06 01:30:03] Triton Esports Center: 0% (Closed) people=0 capacity=35 is_open=False hour_summary=Closed until 7:30am
[2026-05-06 01:30:03] === SCRAPE END OK ===
[2026-05-06 01:45:02] === SCRAPE START ===
[2026-05-06 01:45:02] Fetching https://waitz.io/live/ucsd-rec
[2026-05-06 01:45:03] Saved 4 rows to ucsd_occupancy_history.csv
[2026-05-06 01:45:03] Main Gym Fitness Gym: 1% (Closed) people=1 capacity=72 is_open=False hour_summary=Closed until 6:00am
[2026-05-06 01:45:03] Outback Climbing Center: 4% (Closed) people=1 capacity=30 is_open=False hour_summary=Closed until 10:00am
[2026-05-06 01:45:03] RIMAC Fitness Gym: 0% (Closed) people=0 capacity=150 is_open=False hour_summary=Closed until 6:00am
[2026-05-06 01:45:03] Triton Esports Center: 0% (Closed) people=0 capacity=35 is_open=False hour_summary=Closed until 7:30am
[2026-05-06 01:45:03] === SCRAPE END OK ===
[2026-05-06 02:00:02] === SCRAPE START ===
[2026-05-06 02:00:02] Fetching https://waitz.io/live/ucsd-rec
[2026-05-06 02:00:03] Saved 4 rows to ucsd_occupancy_history.csv
[2026-05-06 02:00:03] Main Gym Fitness Gym: 2% (Closed) people=1 capacity=72 is_open=False hour_summary=Closed until 6:00am
[2026-05-06 02:00:03] Outback Climbing Center: 6% (Closed) people=2 capacity=30 is_open=False hour_summary=Closed until 10:00am
[2026-05-06 02:00:03] RIMAC Fitness Gym: 0% (Closed) people=0 capacity=150 is_open=False hour_summary=Closed until 6:00am
[2026-05-06 02:00:03] Triton Esports Center: 0% (Closed) people=0 capacity=35 is_open=False hour_summary=Closed until 7:30am
[2026-05-06 02:00:03] === SCRAPE END OK ===
[2026-05-06 02:15:02] === SCRAPE START ===
[2026-05-06 02:15:02] Fetching https://waitz.io/live/ucsd-rec
[2026-05-06 02:15:03] Saved 4 rows to ucsd_occupancy_history.csv
[2026-05-06 02:15:03] Main Gym Fitness Gym: 1% (Closed) people=1 capacity=72 is_open=False hour_summary=Closed until 6:00am
[2026-05-06 02:15:03] Outback Climbing Center: 3% (Closed) people=1 capacity=30 is_open=False hour_summary=Closed until 10:00am
[2026-05-06 02:15:03] RIMAC Fitness Gym: 0% (Closed) people=0 capacity=150 is_open=False hour_summary=Closed until 6:00am
[2026-05-06 02:15:03] Triton Esports Center: 0% (Closed) people=0 capacity=35 is_open=False hour_summary=Closed until 7:30am
[2026-05-06 02:15:03] === SCRAPE END OK ===
[2026-05-06 02:30:02] === SCRAPE START ===
[2026-05-06 02:30:02] Fetching https://waitz.io/live/ucsd-rec
[2026-05-06 02:30:03] Saved 4 rows to ucsd_occupancy_history.csv
[2026-05-06 02:30:03] Main Gym Fitness Gym: 2% (Closed) people=1 capacity=72 is_open=False hour_summary=Closed until 6:00am
[2026-05-06 02:30:03] Outback Climbing Center: 5% (Closed) people=1 capacity=30 is_open=False hour_summary=Closed until 10:00am
[2026-05-06 02:30:03] RIMAC Fitness Gym: 0% (Closed) people=0 capacity=150 is_open=False hour_summary=Closed until 6:00am
[2026-05-06 02:30:03] Triton Esports Center: 0% (Closed) people=0 capacity=35 is_open=False hour_summary=Closed until 7:30am
[2026-05-06 02:30:03] === SCRAPE END OK ===
[2026-05-06 02:45:03] === SCRAPE START ===
[2026-05-06 02:45:03] Fetching https://waitz.io/live/ucsd-rec
[2026-05-06 02:45:03] Saved 4 rows to ucsd_occupancy_history.csv
[2026-05-06 02:45:03] Main Gym Fitness Gym: 2% (Closed) people=2 capacity=72 is_open=False hour_summary=Closed until 6:00am
[2026-05-06 02:45:03] Outback Climbing Center: 5% (Closed) people=1 capacity=30 is_open=False hour_summary=Closed until 10:00am
[2026-05-06 02:45:03] RIMAC Fitness Gym: 0% (Closed) people=1 capacity=150 is_open=False hour_summary=Closed until 6:00am
[2026-05-06 02:45:03] Triton Esports Center: 0% (Closed) people=0 capacity=35 is_open=False hour_summary=Closed until 7:30am
[2026-05-06 02:45:03] === SCRAPE END OK ===
[2026-05-06 03:00:02] === SCRAPE START ===
[2026-05-06 03:00:02] Fetching https://waitz.io/live/ucsd-rec
[2026-05-06 03:00:03] Saved 4 rows to ucsd_occupancy_history.csv
[2026-05-06 03:00:03] Main Gym Fitness Gym: 8% (Closed) people=6 capacity=72 is_open=False hour_summary=Closed until 6:00am
[2026-05-06 03:00:03] Outback Climbing Center: 6% (Closed) people=2 capacity=30 is_open=False hour_summary=Closed until 10:00am
[2026-05-06 03:00:03] RIMAC Fitness Gym: 0% (Closed) people=0 capacity=150 is_open=False hour_summary=Closed until 6:00am
[2026-05-06 03:00:03] Triton Esports Center: 0% (Closed) people=0 capacity=35 is_open=False hour_summary=Closed until 7:30am
[2026-05-06 03:00:03] === SCRAPE END OK ===
[2026-05-06 03:15:02] === SCRAPE START ===
[2026-05-06 03:15:02] Fetching https://waitz.io/live/ucsd-rec
[2026-05-06 03:15:03] Saved 4 rows to ucsd_occupancy_history.csv
[2026-05-06 03:15:03] Main Gym Fitness Gym: 3% (Closed) people=2 capacity=72 is_open=False hour_summary=Closed until 6:00am
[2026-05-06 03:15:03] Outback Climbing Center: 7% (Closed) people=2 capacity=30 is_open=False hour_summary=Closed until 10:00am
[2026-05-06 03:15:03] RIMAC Fitness Gym: 0% (Closed) people=0 capacity=150 is_open=False hour_summary=Closed until 6:00am
[2026-05-06 03:15:03] Triton Esports Center: 0% (Closed) people=0 capacity=35 is_open=False hour_summary=Closed until 7:30am
[2026-05-06 03:15:03] === SCRAPE END OK ===
[2026-05-06 03:30:02] === SCRAPE START ===
[2026-05-06 03:30:02] Fetching https://waitz.io/live/ucsd-rec
[2026-05-06 03:30:03] Saved 4 rows to ucsd_occupancy_history.csv
[2026-05-06 03:30:03] Main Gym Fitness Gym: 3% (Closed) people=2 capacity=72 is_open=False hour_summary=Closed until 6:00am
[2026-05-06 03:30:03] Outback Climbing Center: 5% (Closed) people=2 capacity=30 is_open=False hour_summary=Closed until 10:00am
[2026-05-06 03:30:03] RIMAC Fitness Gym: 0% (Closed) people=0 capacity=150 is_open=False hour_summary=Closed until 6:00am
[2026-05-06 03:30:03] Triton Esports Center: 0% (Closed) people=0 capacity=35 is_open=False hour_summary=Closed until 7:30am
[2026-05-06 03:30:03] === SCRAPE END OK ===
[2026-05-06 03:45:02] === SCRAPE START ===
[2026-05-06 03:45:02] Fetching https://waitz.io/live/ucsd-rec
[2026-05-06 03:45:03] Saved 4 rows to ucsd_occupancy_history.csv
[2026-05-06 03:45:03] Main Gym Fitness Gym: 1% (Closed) people=1 capacity=72 is_open=False hour_summary=Closed until 6:00am
[2026-05-06 03:45:03] Outback Climbing Center: 2% (Closed) people=1 capacity=30 is_open=False hour_summary=Closed until 10:00am
[2026-05-06 03:45:03] RIMAC Fitness Gym: 0% (Closed) people=0 capacity=150 is_open=False hour_summary=Closed until 6:00am
[2026-05-06 03:45:03] Triton Esports Center: 0% (Closed) people=0 capacity=35 is_open=False hour_summary=Closed until 7:30am
[2026-05-06 03:45:03] === SCRAPE END OK ===
[2026-05-06 04:00:02] === SCRAPE START ===
[2026-05-06 04:00:02] Fetching https://waitz.io/live/ucsd-rec
[2026-05-06 04:00:03] Saved 4 rows to ucsd_occupancy_history.csv
[2026-05-06 04:00:03] Main Gym Fitness Gym: 2% (Closed) people=1 capacity=72 is_open=False hour_summary=Closed until 6:00am
[2026-05-06 04:00:03] Outback Climbing Center: 3% (Closed) people=1 capacity=30 is_open=False hour_summary=Closed until 10:00am
[2026-05-06 04:00:03] RIMAC Fitness Gym: 0% (Closed) people=0 capacity=150 is_open=False hour_summary=Closed until 6:00am
[2026-05-06 04:00:03] Triton Esports Center: 0% (Closed) people=0 capacity=35 is_open=False hour_summary=Closed until 7:30am
[2026-05-06 04:00:03] === SCRAPE END OK ===
[2026-05-06 04:15:02] === SCRAPE START ===
[2026-05-06 04:15:02] Fetching https://waitz.io/live/ucsd-rec
[2026-05-06 04:15:03] Saved 4 rows to ucsd_occupancy_history.csv
[2026-05-06 04:15:03] Main Gym Fitness Gym: 2% (Closed) people=1 capacity=72 is_open=False hour_summary=Closed until 6:00am
[2026-05-06 04:15:03] Outback Climbing Center: 7% (Closed) people=2 capacity=30 is_open=False hour_summary=Closed until 10:00am
[2026-05-06 04:15:03] RIMAC Fitness Gym: 0% (Closed) people=0 capacity=150 is_open=False hour_summary=Closed until 6:00am
[2026-05-06 04:15:03] Triton Esports Center: 0% (Closed) people=0 capacity=35 is_open=False hour_summary=Closed until 7:30am
[2026-05-06 04:15:03] === SCRAPE END OK ===
[2026-05-06 04:30:02] === SCRAPE START ===
[2026-05-06 04:30:02] Fetching https://waitz.io/live/ucsd-rec
[2026-05-06 04:30:03] Saved 4 rows to ucsd_occupancy_history.csv
[2026-05-06 04:30:03] Main Gym Fitness Gym: 6% (Closed) people=4 capacity=72 is_open=False hour_summary=Closed until 6:00am
[2026-05-06 04:30:03] Outback Climbing Center: 6% (Closed) people=2 capacity=30 is_open=False hour_summary=Closed until 10:00am
[2026-05-06 04:30:03] RIMAC Fitness Gym: 0% (Closed) people=0 capacity=150 is_open=False hour_summary=Closed until 6:00am
[2026-05-06 04:30:03] Triton Esports Center: 0% (Closed) people=0 capacity=35 is_open=False hour_summary=Closed until 7:30am
[2026-05-06 04:30:03] === SCRAPE END OK ===
[2026-05-06 04:45:02] === SCRAPE START ===
[2026-05-06 04:45:02] Fetching https://waitz.io/live/ucsd-rec
[2026-05-06 04:45:03] Saved 4 rows to ucsd_occupancy_history.csv
[2026-05-06 04:45:03] Main Gym Fitness Gym: 2% (Closed) people=1 capacity=72 is_open=False hour_summary=Closed until 6:00am
[2026-05-06 04:45:03] Outback Climbing Center: 3% (Closed) people=1 capacity=30 is_open=False hour_summary=Closed until 10:00am
[2026-05-06 04:45:03] RIMAC Fitness Gym: 0% (Closed) people=0 capacity=150 is_open=False hour_summary=Closed until 6:00am
[2026-05-06 04:45:03] Triton Esports Center: 0% (Closed) people=0 capacity=35 is_open=False hour_summary=Closed until 7:30am
[2026-05-06 04:45:03] === SCRAPE END OK ===
[2026-05-06 05:00:02] === SCRAPE START ===
[2026-05-06 05:00:02] Fetching https://waitz.io/live/ucsd-rec
[2026-05-06 05:00:04] Saved 4 rows to ucsd_occupancy_history.csv
[2026-05-06 05:00:04] Main Gym Fitness Gym: 1% (Closed) people=1 capacity=72 is_open=False hour_summary=Closed until 6:00am
[2026-05-06 05:00:04] Outback Climbing Center: 3% (Closed) people=1 capacity=30 is_open=False hour_summary=Closed until 10:00am
[2026-05-06 05:00:04] RIMAC Fitness Gym: 0% (Closed) people=0 capacity=150 is_open=False hour_summary=Closed until 6:00am
[2026-05-06 05:00:04] Triton Esports Center: 0% (Closed) people=0 capacity=35 is_open=False hour_summary=Closed until 7:30am
[2026-05-06 05:00:04] === SCRAPE END OK ===
[2026-05-06 05:15:02] === SCRAPE START ===
[2026-05-06 05:15:02] Fetching https://waitz.io/live/ucsd-rec
[2026-05-06 05:15:03] Saved 4 rows to ucsd_occupancy_history.csv
[2026-05-06 05:15:03] Main Gym Fitness Gym: 2% (Closed) people=1 capacity=72 is_open=False hour_summary=Closed until 6:00am
[2026-05-06 05:15:03] Outback Climbing Center: 1% (Closed) people=0 capacity=30 is_open=False hour_summary=Closed until 10:00am
[2026-05-06 05:15:03] RIMAC Fitness Gym: 0% (Closed) people=0 capacity=150 is_open=False hour_summary=Closed until 6:00am
[2026-05-06 05:15:03] Triton Esports Center: 0% (Closed) people=0 capacity=35 is_open=False hour_summary=Closed until 7:30am
[2026-05-06 05:15:03] === SCRAPE END OK ===
[2026-05-06 05:30:02] === SCRAPE START ===
[2026-05-06 05:30:02] Fetching https://waitz.io/live/ucsd-rec
[2026-05-06 05:30:03] Saved 4 rows to ucsd_occupancy_history.csv
[2026-05-06 05:30:03] Main Gym Fitness Gym: 2% (Closed) people=2 capacity=72 is_open=False hour_summary=Closed until 6:00am
[2026-05-06 05:30:03] Outback Climbing Center: 5% (Closed) people=2 capacity=30 is_open=False hour_summary=Closed until 10:00am
[2026-05-06 05:30:03] RIMAC Fitness Gym: 0% (Closed) people=0 capacity=150 is_open=False hour_summary=Closed until 6:00am
[2026-05-06 05:30:03] Triton Esports Center: 0% (Closed) people=0 capacity=35 is_open=False hour_summary=Closed until 7:30am
[2026-05-06 05:30:03] === SCRAPE END OK ===
[2026-05-06 05:45:02] === SCRAPE START ===
[2026-05-06 05:45:02] Fetching https://waitz.io/live/ucsd-rec
[2026-05-06 05:45:03] Saved 4 rows to ucsd_occupancy_history.csv
[2026-05-06 05:45:03] Main Gym Fitness Gym: 3% (Closed) people=2 capacity=72 is_open=False hour_summary=Closed until 6:00am
[2026-05-06 05:45:03] Outback Climbing Center: 2% (Closed) people=1 capacity=30 is_open=False hour_summary=Closed until 10:00am
[2026-05-06 05:45:03] RIMAC Fitness Gym: 0% (Closed) people=0 capacity=150 is_open=False hour_summary=Closed until 6:00am
[2026-05-06 05:45:03] Triton Esports Center: 0% (Closed) people=0 capacity=35 is_open=False hour_summary=Closed until 7:30am
[2026-05-06 05:45:03] === SCRAPE END OK ===
[2026-05-06 06:00:02] === SCRAPE START ===
[2026-05-06 06:00:02] Fetching https://waitz.io/live/ucsd-rec
[2026-05-06 06:00:03] Saved 4 rows to ucsd_occupancy_history.csv
[2026-05-06 06:00:03] Main Gym Fitness Gym: 3% (Not Busy) people=3 capacity=72 is_open=True hour_summary=open
[2026-05-06 06:00:03] Outback Climbing Center: 4% (Closed) people=1 capacity=30 is_open=False hour_summary=Closed until 10:00am
[2026-05-06 06:00:03] RIMAC Fitness Gym: 1% (Not Busy) people=1 capacity=150 is_open=True hour_summary=open
[2026-05-06 06:00:03] Triton Esports Center: 0% (Closed) people=0 capacity=35 is_open=False hour_summary=Closed until 7:30am
[2026-05-06 06:00:03] === SCRAPE END OK ===
[2026-05-06 06:15:02] === SCRAPE START ===
[2026-05-06 06:15:02] Fetching https://waitz.io/live/ucsd-rec
[2026-05-06 06:15:03] Saved 4 rows to ucsd_occupancy_history.csv
[2026-05-06 06:15:03] Main Gym Fitness Gym: 7% (Not Busy) people=5 capacity=72 is_open=True hour_summary=open
[2026-05-06 06:15:03] Outback Climbing Center: 4% (Closed) people=1 capacity=30 is_open=False hour_summary=Closed until 10:00am
[2026-05-06 06:15:03] RIMAC Fitness Gym: 9% (Not Busy) people=14 capacity=150 is_open=True hour_summary=open
[2026-05-06 06:15:03] Triton Esports Center: 0% (Closed) people=0 capacity=35 is_open=False hour_summary=Closed until 7:30am
[2026-05-06 06:15:03] === SCRAPE END OK ===
[2026-05-06 06:30:02] === SCRAPE START ===
[2026-05-06 06:30:02] Fetching https://waitz.io/live/ucsd-rec
[2026-05-06 06:30:03] Saved 4 rows to ucsd_occupancy_history.csv
[2026-05-06 06:30:03] Main Gym Fitness Gym: 19% (Not Busy) people=14 capacity=72 is_open=True hour_summary=open
[2026-05-06 06:30:03] Outback Climbing Center: 2% (Closed) people=0 capacity=30 is_open=False hour_summary=Closed until 10:00am
[2026-05-06 06:30:03] RIMAC Fitness Gym: 15% (Not Busy) people=23 capacity=150 is_open=True hour_summary=open
[2026-05-06 06:30:03] Triton Esports Center: 0% (Closed) people=0 capacity=35 is_open=False hour_summary=Closed until 7:30am
[2026-05-06 06:30:03] === SCRAPE END OK ===
[2026-05-06 06:45:02] === SCRAPE START ===
[2026-05-06 06:45:02] Fetching https://waitz.io/live/ucsd-rec
[2026-05-06 06:45:03] Saved 4 rows to ucsd_occupancy_history.csv
[2026-05-06 06:45:03] Main Gym Fitness Gym: 12% (Not Busy) people=9 capacity=72 is_open=True hour_summary=open
[2026-05-06 06:45:03] Outback Climbing Center: 3% (Closed) people=1 capacity=30 is_open=False hour_summary=Closed until 10:00am
[2026-05-06 06:45:03] RIMAC Fitness Gym: 22% (Not Busy) people=33 capacity=150 is_open=True hour_summary=open
[2026-05-06 06:45:03] Triton Esports Center: 0% (Closed) people=0 capacity=35 is_open=False hour_summary=Closed until 7:30am
[2026-05-06 06:45:03] === SCRAPE END OK ===
[2026-05-06 07:00:02] === SCRAPE START ===
[2026-05-06 07:00:02] Fetching https://waitz.io/live/ucsd-rec
[2026-05-06 07:00:04] Saved 4 rows to ucsd_occupancy_history.csv
[2026-05-06 07:00:04] Main Gym Fitness Gym: 2% (Not Busy) people=1 capacity=72 is_open=True hour_summary=open
[2026-05-06 07:00:04] Outback Climbing Center: 1% (Closed) people=0 capacity=30 is_open=False hour_summary=Closed until 10:00am
[2026-05-06 07:00:04] RIMAC Fitness Gym: 28% (Not Busy) people=43 capacity=150 is_open=True hour_summary=open
[2026-05-06 07:00:04] Triton Esports Center: 0% (Closed) people=0 capacity=35 is_open=False hour_summary=Closed until 7:30am
[2026-05-06 07:00:04] === SCRAPE END OK ===
[2026-05-06 07:15:02] === SCRAPE START ===
[2026-05-06 07:15:02] Fetching https://waitz.io/live/ucsd-rec
[2026-05-06 07:15:03] Saved 4 rows to ucsd_occupancy_history.csv
[2026-05-06 07:15:03] Main Gym Fitness Gym: 11% (Not Busy) people=8 capacity=72 is_open=True hour_summary=open
[2026-05-06 07:15:03] Outback Climbing Center: 8% (Closed) people=2 capacity=30 is_open=False hour_summary=Closed until 10:00am
[2026-05-06 07:15:03] RIMAC Fitness Gym: 42% (Not Busy) people=63 capacity=150 is_open=True hour_summary=open
[2026-05-06 07:15:03] Triton Esports Center: 0% (Closed) people=0 capacity=35 is_open=False hour_summary=Closed until 7:30am
[2026-05-06 07:15:03] === SCRAPE END OK ===
[2026-05-06 07:30:02] === SCRAPE START ===
[2026-05-06 07:30:02] Fetching https://waitz.io/live/ucsd-rec
[2026-05-06 07:30:04] Saved 4 rows to ucsd_occupancy_history.csv
[2026-05-06 07:30:04] Main Gym Fitness Gym: 29% (Not Busy) people=21 capacity=72 is_open=True hour_summary=open
[2026-05-06 07:30:04] Outback Climbing Center: 4% (Closed) people=1 capacity=30 is_open=False hour_summary=Closed until 10:00am
[2026-05-06 07:30:04] RIMAC Fitness Gym: 42% (Not Busy) people=63 capacity=150 is_open=True hour_summary=open
[2026-05-06 07:30:04] Triton Esports Center: 0% (Not Busy) people=0 capacity=35 is_open=True hour_summary=open
[2026-05-06 07:30:04] === SCRAPE END OK ===
[2026-05-06 07:45:02] === SCRAPE START ===
[2026-05-06 07:45:02] Fetching https://waitz.io/live/ucsd-rec
[2026-05-06 07:45:03] Saved 4 rows to ucsd_occupancy_history.csv
[2026-05-06 07:45:03] Main Gym Fitness Gym: 18% (Not Busy) people=13 capacity=72 is_open=True hour_summary=open
[2026-05-06 07:45:03] Outback Climbing Center: 4% (Closed) people=1 capacity=30 is_open=False hour_summary=Closed until 10:00am
[2026-05-06 07:45:03] RIMAC Fitness Gym: 35% (Not Busy) people=52 capacity=150 is_open=True hour_summary=open
[2026-05-06 07:45:03] Triton Esports Center: 0% (Not Busy) people=0 capacity=35 is_open=True hour_summary=open
[2026-05-06 07:45:03] === SCRAPE END OK ===
[2026-05-06 08:00:02] === SCRAPE START ===
[2026-05-06 08:00:02] Fetching https://waitz.io/live/ucsd-rec
[2026-05-06 08:00:04] Saved 4 rows to ucsd_occupancy_history.csv
[2026-05-06 08:00:04] Main Gym Fitness Gym: 23% (Not Busy) people=17 capacity=72 is_open=True hour_summary=open
[2026-05-06 08:00:04] Outback Climbing Center: 6% (Closed) people=2 capacity=30 is_open=False hour_summary=Closed until 10:00am
[2026-05-06 08:00:04] RIMAC Fitness Gym: 32% (Not Busy) people=48 capacity=150 is_open=True hour_summary=open
[2026-05-06 08:00:04] Triton Esports Center: 0% (Not Busy) people=0 capacity=35 is_open=True hour_summary=open
[2026-05-06 08:00:04] === SCRAPE END OK ===
[2026-05-06 08:15:02] === SCRAPE START ===
[2026-05-06 08:15:02] Fetching https://waitz.io/live/ucsd-rec
[2026-05-06 08:15:03] Saved 4 rows to ucsd_occupancy_history.csv
[2026-05-06 08:15:03] Main Gym Fitness Gym: 11% (Not Busy) people=8 capacity=72 is_open=True hour_summary=open
[2026-05-06 08:15:03] Outback Climbing Center: 2% (Closed) people=1 capacity=30 is_open=False hour_summary=Closed until 10:00am
[2026-05-06 08:15:03] RIMAC Fitness Gym: 31% (Not Busy) people=47 capacity=150 is_open=True hour_summary=open
[2026-05-06 08:15:03] Triton Esports Center: 0% (Not Busy) people=0 capacity=35 is_open=True hour_summary=open
[2026-05-06 08:15:03] === SCRAPE END OK ===
[2026-05-06 08:30:02] === SCRAPE START ===
[2026-05-06 08:30:02] Fetching https://waitz.io/live/ucsd-rec
[2026-05-06 08:30:04] Saved 4 rows to ucsd_occupancy_history.csv
[2026-05-06 08:30:04] Main Gym Fitness Gym: 15% (Not Busy) people=10 capacity=72 is_open=True hour_summary=open
[2026-05-06 08:30:04] Outback Climbing Center: 6% (Closed) people=2 capacity=30 is_open=False hour_summary=Closed until 10:00am
[2026-05-06 08:30:04] RIMAC Fitness Gym: 31% (Not Busy) people=46 capacity=150 is_open=True hour_summary=open
[2026-05-06 08:30:04] Triton Esports Center: 9% (Not Busy) people=3 capacity=35 is_open=True hour_summary=open
[2026-05-06 08:30:04] === SCRAPE END OK ===
[2026-05-06 08:45:02] === SCRAPE START ===
[2026-05-06 08:45:02] Fetching https://waitz.io/live/ucsd-rec
[2026-05-06 08:45:03] Saved 4 rows to ucsd_occupancy_history.csv
[2026-05-06 08:45:03] Main Gym Fitness Gym: 18% (Not Busy) people=13 capacity=72 is_open=True hour_summary=open
[2026-05-06 08:45:03] Outback Climbing Center: 3% (Closed) people=1 capacity=30 is_open=False hour_summary=Closed until 10:00am
[2026-05-06 08:45:03] RIMAC Fitness Gym: 39% (Not Busy) people=58 capacity=150 is_open=True hour_summary=open
[2026-05-06 08:45:03] Triton Esports Center: 15% (Not Busy) people=5 capacity=35 is_open=True hour_summary=open
[2026-05-06 08:45:03] === SCRAPE END OK ===
[2026-05-06 09:00:02] === SCRAPE START ===
[2026-05-06 09:00:02] Fetching https://waitz.io/live/ucsd-rec
[2026-05-06 09:00:04] Saved 4 rows to ucsd_occupancy_history.csv
[2026-05-06 09:00:04] Main Gym Fitness Gym: 31% (Not Busy) people=22 capacity=72 is_open=True hour_summary=open
[2026-05-06 09:00:04] Outback Climbing Center: 7% (Closed) people=2 capacity=30 is_open=False hour_summary=Closed until 10:00am
[2026-05-06 09:00:04] RIMAC Fitness Gym: 43% (Not Busy) people=64 capacity=150 is_open=True hour_summary=open
[2026-05-06 09:00:04] Triton Esports Center: 13% (Not Busy) people=4 capacity=35 is_open=True hour_summary=open
[2026-05-06 09:00:04] === SCRAPE END OK ===
[2026-05-06 09:15:02] === SCRAPE START ===
[2026-05-06 09:15:02] Fetching https://waitz.io/live/ucsd-rec
[2026-05-06 09:15:03] Saved 4 rows to ucsd_occupancy_history.csv
[2026-05-06 09:15:03] Main Gym Fitness Gym: 21% (Not Busy) people=15 capacity=72 is_open=True hour_summary=open
[2026-05-06 09:15:03] Outback Climbing Center: 13% (Closed) people=4 capacity=30 is_open=False hour_summary=Closed until 10:00am
[2026-05-06 09:15:03] RIMAC Fitness Gym: 41% (Not Busy) people=61 capacity=150 is_open=True hour_summary=open
[2026-05-06 09:15:03] Triton Esports Center: 18% (Not Busy) people=6 capacity=35 is_open=True hour_summary=open
[2026-05-06 09:15:03] === SCRAPE END OK ===
[2026-05-06 09:30:02] === SCRAPE START ===
[2026-05-06 09:30:02] Fetching https://waitz.io/live/ucsd-rec
[2026-05-06 09:30:03] Saved 4 rows to ucsd_occupancy_history.csv
[2026-05-06 09:30:03] Main Gym Fitness Gym: 20% (Not Busy) people=14 capacity=72 is_open=True hour_summary=open
[2026-05-06 09:30:03] Outback Climbing Center: 1% (Closed) people=0 capacity=30 is_open=False hour_summary=Closed until 10:00am
[2026-05-06 09:30:03] RIMAC Fitness Gym: 46% (Busy) people=68 capacity=150 is_open=True hour_summary=open
[2026-05-06 09:30:03] Triton Esports Center: 10% (Not Busy) people=3 capacity=35 is_open=True hour_summary=open
[2026-05-06 09:30:03] === SCRAPE END OK ===
[2026-05-06 09:45:02] === SCRAPE START ===
[2026-05-06 09:45:02] Fetching https://waitz.io/live/ucsd-rec
[2026-05-06 09:45:02] Saved 4 rows to ucsd_occupancy_history.csv
[2026-05-06 09:45:02] Main Gym Fitness Gym: 26% (Not Busy) people=19 capacity=72 is_open=True hour_summary=open
[2026-05-06 09:45:02] Outback Climbing Center: 5% (Closed) people=1 capacity=30 is_open=False hour_summary=Closed until 10:00am
[2026-05-06 09:45:02] RIMAC Fitness Gym: 44% (Not Busy) people=65 capacity=150 is_open=True hour_summary=open
[2026-05-06 09:45:02] Triton Esports Center: 13% (Not Busy) people=5 capacity=35 is_open=True hour_summary=open
[2026-05-06 09:45:02] === SCRAPE END OK ===
[2026-05-06 10:00:02] === SCRAPE START ===
[2026-05-06 10:00:02] Fetching https://waitz.io/live/ucsd-rec
[2026-05-06 10:00:03] Saved 4 rows to ucsd_occupancy_history.csv
[2026-05-06 10:00:03] Main Gym Fitness Gym: 45% (Not Busy) people=32 capacity=72 is_open=True hour_summary=open
[2026-05-06 10:00:03] Outback Climbing Center: 6% (Not Busy) people=2 capacity=30 is_open=True hour_summary=open
[2026-05-06 10:00:03] RIMAC Fitness Gym: 32% (Not Busy) people=48 capacity=150 is_open=True hour_summary=open
[2026-05-06 10:00:03] Triton Esports Center: 6% (Not Busy) people=2 capacity=35 is_open=True hour_summary=open
[2026-05-06 10:00:03] === SCRAPE END OK ===
[2026-05-06 10:15:02] === SCRAPE START ===
[2026-05-06 10:15:02] Fetching https://waitz.io/live/ucsd-rec
[2026-05-06 10:15:03] Saved 4 rows to ucsd_occupancy_history.csv
[2026-05-06 10:15:03] Main Gym Fitness Gym: 30% (Not Busy) people=21 capacity=72 is_open=True hour_summary=open
[2026-05-06 10:15:03] Outback Climbing Center: 67% (Busy) people=20 capacity=30 is_open=True hour_summary=open
[2026-05-06 10:15:03] RIMAC Fitness Gym: 45% (Not Busy) people=67 capacity=150 is_open=True hour_summary=open
[2026-05-06 10:15:03] Triton Esports Center: 10% (Not Busy) people=3 capacity=35 is_open=True hour_summary=open
[2026-05-06 10:15:03] === SCRAPE END OK ===
[2026-05-06 10:30:02] === SCRAPE START ===
[2026-05-06 10:30:02] Fetching https://waitz.io/live/ucsd-rec
[2026-05-06 10:30:03] Saved 4 rows to ucsd_occupancy_history.csv
[2026-05-06 10:30:03] Main Gym Fitness Gym: 32% (Not Busy) people=23 capacity=72 is_open=True hour_summary=open
[2026-05-06 10:30:03] Outback Climbing Center: 92% (Very Active) people=28 capacity=30 is_open=True hour_summary=open
[2026-05-06 10:30:03] RIMAC Fitness Gym: 50% (Busy) people=74 capacity=150 is_open=True hour_summary=open
[2026-05-06 10:30:03] Triton Esports Center: 17% (Not Busy) people=6 capacity=35 is_open=True hour_summary=open
[2026-05-06 10:30:03] === SCRAPE END OK ===
[2026-05-06 10:45:02] === SCRAPE START ===
[2026-05-06 10:45:02] Fetching https://waitz.io/live/ucsd-rec
[2026-05-06 10:45:03] Saved 4 rows to ucsd_occupancy_history.csv
[2026-05-06 10:45:03] Main Gym Fitness Gym: 32% (Not Busy) people=23 capacity=72 is_open=True hour_summary=open
[2026-05-06 10:45:03] Outback Climbing Center: 73% (Busy) people=22 capacity=30 is_open=True hour_summary=open
[2026-05-06 10:45:03] RIMAC Fitness Gym: 49% (Busy) people=74 capacity=150 is_open=True hour_summary=open
[2026-05-06 10:45:03] Triton Esports Center: 26% (Not Busy) people=9 capacity=35 is_open=True hour_summary=open
[2026-05-06 10:45:03] === SCRAPE END OK ===
