[2026-06-09 00:00:01] === SCRAPE START ===
[2026-06-09 00:00:01] Fetching https://waitz.io/live/ucsd-rec
[2026-06-09 00:00:02] Saved 4 rows to ucsd_occupancy_history.csv
[2026-06-09 00:00:02] Main Gym Fitness Gym: 1% (Closed) people=1 capacity=72 is_open=False hour_summary=Closed until 6:00am
[2026-06-09 00:00:02] Outback Climbing Center: 8% (Closed) people=2 capacity=30 is_open=False hour_summary=Closed until 10:00am
[2026-06-09 00:00:02] RIMAC Fitness Gym: 0% (Closed) people=0 capacity=150 is_open=False hour_summary=Closed until 6:00am
[2026-06-09 00:00:02] Triton Esports Center: 0% (Closed) people=0 capacity=35 is_open=False hour_summary=Closed until 7:30am
[2026-06-09 00:00:02] === SCRAPE END OK ===
[2026-06-09 00:15:02] === SCRAPE START ===
[2026-06-09 00:15:02] Fetching https://waitz.io/live/ucsd-rec
[2026-06-09 00:15:04] Saved 4 rows to ucsd_occupancy_history.csv
[2026-06-09 00:15:04] Main Gym Fitness Gym: 2% (Closed) people=1 capacity=72 is_open=False hour_summary=Closed until 6:00am
[2026-06-09 00:15:04] Outback Climbing Center: 10% (Closed) people=3 capacity=30 is_open=False hour_summary=Closed until 10:00am
[2026-06-09 00:15:04] RIMAC Fitness Gym: 0% (Closed) people=1 capacity=150 is_open=False hour_summary=Closed until 6:00am
[2026-06-09 00:15:04] Triton Esports Center: 0% (Closed) people=0 capacity=35 is_open=False hour_summary=Closed until 7:30am
[2026-06-09 00:15:04] === SCRAPE END OK ===
[2026-06-09 00:30:02] === SCRAPE START ===
[2026-06-09 00:30:02] Fetching https://waitz.io/live/ucsd-rec
[2026-06-09 00:30:03] Saved 4 rows to ucsd_occupancy_history.csv
[2026-06-09 00:30:03] Main Gym Fitness Gym: 1% (Closed) people=1 capacity=72 is_open=False hour_summary=Closed until 6:00am
[2026-06-09 00:30:03] Outback Climbing Center: 4% (Closed) people=1 capacity=30 is_open=False hour_summary=Closed until 10:00am
[2026-06-09 00:30:03] RIMAC Fitness Gym: 0% (Closed) people=0 capacity=150 is_open=False hour_summary=Closed until 6:00am
[2026-06-09 00:30:03] Triton Esports Center: 0% (Closed) people=0 capacity=35 is_open=False hour_summary=Closed until 7:30am
[2026-06-09 00:30:03] === SCRAPE END OK ===
[2026-06-09 00:45:02] === SCRAPE START ===
[2026-06-09 00:45:02] Fetching https://waitz.io/live/ucsd-rec
[2026-06-09 00:45:03] Saved 4 rows to ucsd_occupancy_history.csv
[2026-06-09 00:45:03] Main Gym Fitness Gym: 3% (Closed) people=2 capacity=72 is_open=False hour_summary=Closed until 6:00am
[2026-06-09 00:45:03] Outback Climbing Center: 5% (Closed) people=2 capacity=30 is_open=False hour_summary=Closed until 10:00am
[2026-06-09 00:45:03] RIMAC Fitness Gym: 0% (Closed) people=0 capacity=150 is_open=False hour_summary=Closed until 6:00am
[2026-06-09 00:45:03] Triton Esports Center: 0% (Closed) people=0 capacity=35 is_open=False hour_summary=Closed until 7:30am
[2026-06-09 00:45:03] === SCRAPE END OK ===
[2026-06-09 01:00:02] === SCRAPE START ===
[2026-06-09 01:00:02] Fetching https://waitz.io/live/ucsd-rec
[2026-06-09 01:00:03] Saved 4 rows to ucsd_occupancy_history.csv
[2026-06-09 01:00:03] Main Gym Fitness Gym: 2% (Closed) people=1 capacity=72 is_open=False hour_summary=Closed until 6:00am
[2026-06-09 01:00:03] Outback Climbing Center: 7% (Closed) people=2 capacity=30 is_open=False hour_summary=Closed until 10:00am
[2026-06-09 01:00:03] RIMAC Fitness Gym: 0% (Closed) people=0 capacity=150 is_open=False hour_summary=Closed until 6:00am
[2026-06-09 01:00:03] Triton Esports Center: 0% (Closed) people=0 capacity=35 is_open=False hour_summary=Closed until 7:30am
[2026-06-09 01:00:03] === SCRAPE END OK ===
[2026-06-09 01:15:02] === SCRAPE START ===
[2026-06-09 01:15:02] Fetching https://waitz.io/live/ucsd-rec
[2026-06-09 01:15:03] Saved 4 rows to ucsd_occupancy_history.csv
[2026-06-09 01:15:03] Main Gym Fitness Gym: 2% (Closed) people=1 capacity=72 is_open=False hour_summary=Closed until 6:00am
[2026-06-09 01:15:03] Outback Climbing Center: 6% (Closed) people=2 capacity=30 is_open=False hour_summary=Closed until 10:00am
[2026-06-09 01:15:03] RIMAC Fitness Gym: 0% (Closed) people=1 capacity=150 is_open=False hour_summary=Closed until 6:00am
[2026-06-09 01:15:03] Triton Esports Center: 0% (Closed) people=0 capacity=35 is_open=False hour_summary=Closed until 7:30am
[2026-06-09 01:15:03] === SCRAPE END OK ===
[2026-06-09 01:30:02] === SCRAPE START ===
[2026-06-09 01:30:02] Fetching https://waitz.io/live/ucsd-rec
[2026-06-09 01:30:03] Saved 4 rows to ucsd_occupancy_history.csv
[2026-06-09 01:30:03] Main Gym Fitness Gym: 1% (Closed) people=1 capacity=72 is_open=False hour_summary=Closed until 6:00am
[2026-06-09 01:30:03] Outback Climbing Center: 6% (Closed) people=2 capacity=30 is_open=False hour_summary=Closed until 10:00am
[2026-06-09 01:30:03] RIMAC Fitness Gym: 0% (Closed) people=0 capacity=150 is_open=False hour_summary=Closed until 6:00am
[2026-06-09 01:30:03] Triton Esports Center: 0% (Closed) people=0 capacity=35 is_open=False hour_summary=Closed until 7:30am
[2026-06-09 01:30:03] === SCRAPE END OK ===
[2026-06-09 01:45:02] === SCRAPE START ===
[2026-06-09 01:45:02] Fetching https://waitz.io/live/ucsd-rec
[2026-06-09 01:45:03] Saved 4 rows to ucsd_occupancy_history.csv
[2026-06-09 01:45:03] Main Gym Fitness Gym: 2% (Closed) people=1 capacity=72 is_open=False hour_summary=Closed until 6:00am
[2026-06-09 01:45:03] Outback Climbing Center: 6% (Closed) people=2 capacity=30 is_open=False hour_summary=Closed until 10:00am
[2026-06-09 01:45:03] RIMAC Fitness Gym: 0% (Closed) people=1 capacity=150 is_open=False hour_summary=Closed until 6:00am
[2026-06-09 01:45:03] Triton Esports Center: 0% (Closed) people=0 capacity=35 is_open=False hour_summary=Closed until 7:30am
[2026-06-09 01:45:03] === SCRAPE END OK ===
[2026-06-09 02:00:02] === SCRAPE START ===
[2026-06-09 02:00:02] Fetching https://waitz.io/live/ucsd-rec
[2026-06-09 02:00:04] Saved 4 rows to ucsd_occupancy_history.csv
[2026-06-09 02:00:04] Main Gym Fitness Gym: 1% (Closed) people=1 capacity=72 is_open=False hour_summary=Closed until 6:00am
[2026-06-09 02:00:04] Outback Climbing Center: 6% (Closed) people=2 capacity=30 is_open=False hour_summary=Closed until 10:00am
[2026-06-09 02:00:04] RIMAC Fitness Gym: 0% (Closed) people=0 capacity=150 is_open=False hour_summary=Closed until 6:00am
[2026-06-09 02:00:04] Triton Esports Center: 0% (Closed) people=0 capacity=35 is_open=False hour_summary=Closed until 7:30am
[2026-06-09 02:00:04] === SCRAPE END OK ===
[2026-06-09 02:15:02] === SCRAPE START ===
[2026-06-09 02:15:02] Fetching https://waitz.io/live/ucsd-rec
[2026-06-09 02:15:03] Saved 4 rows to ucsd_occupancy_history.csv
[2026-06-09 02:15:03] Main Gym Fitness Gym: 1% (Closed) people=1 capacity=72 is_open=False hour_summary=Closed until 6:00am
[2026-06-09 02:15:03] Outback Climbing Center: 13% (Closed) people=4 capacity=30 is_open=False hour_summary=Closed until 10:00am
[2026-06-09 02:15:03] RIMAC Fitness Gym: 0% (Closed) people=0 capacity=150 is_open=False hour_summary=Closed until 6:00am
[2026-06-09 02:15:03] Triton Esports Center: 0% (Closed) people=0 capacity=35 is_open=False hour_summary=Closed until 7:30am
[2026-06-09 02:15:03] === SCRAPE END OK ===
[2026-06-09 02:30:02] === SCRAPE START ===
[2026-06-09 02:30:02] Fetching https://waitz.io/live/ucsd-rec
[2026-06-09 02:30:04] Saved 4 rows to ucsd_occupancy_history.csv
[2026-06-09 02:30:04] Main Gym Fitness Gym: 1% (Closed) people=1 capacity=72 is_open=False hour_summary=Closed until 6:00am
[2026-06-09 02:30:04] Outback Climbing Center: 9% (Closed) people=3 capacity=30 is_open=False hour_summary=Closed until 10:00am
[2026-06-09 02:30:04] RIMAC Fitness Gym: 0% (Closed) people=0 capacity=150 is_open=False hour_summary=Closed until 6:00am
[2026-06-09 02:30:04] Triton Esports Center: 0% (Closed) people=0 capacity=35 is_open=False hour_summary=Closed until 7:30am
[2026-06-09 02:30:04] === SCRAPE END OK ===
[2026-06-09 02:45:02] === SCRAPE START ===
[2026-06-09 02:45:02] Fetching https://waitz.io/live/ucsd-rec
[2026-06-09 02:45:03] Saved 4 rows to ucsd_occupancy_history.csv
[2026-06-09 02:45:03] Main Gym Fitness Gym: 1% (Closed) people=1 capacity=72 is_open=False hour_summary=Closed until 6:00am
[2026-06-09 02:45:03] Outback Climbing Center: 10% (Closed) people=3 capacity=30 is_open=False hour_summary=Closed until 10:00am
[2026-06-09 02:45:03] RIMAC Fitness Gym: 0% (Closed) people=0 capacity=150 is_open=False hour_summary=Closed until 6:00am
[2026-06-09 02:45:03] Triton Esports Center: 0% (Closed) people=0 capacity=35 is_open=False hour_summary=Closed until 7:30am
[2026-06-09 02:45:03] === SCRAPE END OK ===
[2026-06-09 03:00:02] === SCRAPE START ===
[2026-06-09 03:00:02] Fetching https://waitz.io/live/ucsd-rec
[2026-06-09 03:00:03] Saved 4 rows to ucsd_occupancy_history.csv
[2026-06-09 03:00:03] Main Gym Fitness Gym: 1% (Closed) people=1 capacity=72 is_open=False hour_summary=Closed until 6:00am
[2026-06-09 03:00:03] Outback Climbing Center: 11% (Closed) people=3 capacity=30 is_open=False hour_summary=Closed until 10:00am
[2026-06-09 03:00:03] RIMAC Fitness Gym: 0% (Closed) people=0 capacity=150 is_open=False hour_summary=Closed until 6:00am
[2026-06-09 03:00:03] Triton Esports Center: 0% (Closed) people=0 capacity=35 is_open=False hour_summary=Closed until 7:30am
[2026-06-09 03:00:03] === SCRAPE END OK ===
[2026-06-09 03:15:02] === SCRAPE START ===
[2026-06-09 03:15:02] Fetching https://waitz.io/live/ucsd-rec
[2026-06-09 03:15:03] Saved 4 rows to ucsd_occupancy_history.csv
[2026-06-09 03:15:03] Main Gym Fitness Gym: 1% (Closed) people=1 capacity=72 is_open=False hour_summary=Closed until 6:00am
[2026-06-09 03:15:03] Outback Climbing Center: 9% (Closed) people=3 capacity=30 is_open=False hour_summary=Closed until 10:00am
[2026-06-09 03:15:03] RIMAC Fitness Gym: 0% (Closed) people=0 capacity=150 is_open=False hour_summary=Closed until 6:00am
[2026-06-09 03:15:03] Triton Esports Center: 0% (Closed) people=0 capacity=35 is_open=False hour_summary=Closed until 7:30am
[2026-06-09 03:15:03] === SCRAPE END OK ===
[2026-06-09 03:30:02] === SCRAPE START ===
[2026-06-09 03:30:02] Fetching https://waitz.io/live/ucsd-rec
[2026-06-09 03:30:03] Saved 4 rows to ucsd_occupancy_history.csv
[2026-06-09 03:30:03] Main Gym Fitness Gym: 2% (Closed) people=1 capacity=72 is_open=False hour_summary=Closed until 6:00am
[2026-06-09 03:30:03] Outback Climbing Center: 11% (Closed) people=3 capacity=30 is_open=False hour_summary=Closed until 10:00am
[2026-06-09 03:30:03] RIMAC Fitness Gym: 0% (Closed) people=0 capacity=150 is_open=False hour_summary=Closed until 6:00am
[2026-06-09 03:30:03] Triton Esports Center: 0% (Closed) people=0 capacity=35 is_open=False hour_summary=Closed until 7:30am
[2026-06-09 03:30:03] === SCRAPE END OK ===
[2026-06-09 03:45:02] === SCRAPE START ===
[2026-06-09 03:45:02] Fetching https://waitz.io/live/ucsd-rec
[2026-06-09 03:45:03] Saved 4 rows to ucsd_occupancy_history.csv
[2026-06-09 03:45:03] Main Gym Fitness Gym: 1% (Closed) people=1 capacity=72 is_open=False hour_summary=Closed until 6:00am
[2026-06-09 03:45:03] Outback Climbing Center: 10% (Closed) people=3 capacity=30 is_open=False hour_summary=Closed until 10:00am
[2026-06-09 03:45:03] RIMAC Fitness Gym: 0% (Closed) people=1 capacity=150 is_open=False hour_summary=Closed until 6:00am
[2026-06-09 03:45:03] Triton Esports Center: 0% (Closed) people=0 capacity=35 is_open=False hour_summary=Closed until 7:30am
[2026-06-09 03:45:03] === SCRAPE END OK ===
[2026-06-09 04:00:02] === SCRAPE START ===
[2026-06-09 04:00:02] Fetching https://waitz.io/live/ucsd-rec
[2026-06-09 04:00:04] Saved 4 rows to ucsd_occupancy_history.csv
[2026-06-09 04:00:04] Main Gym Fitness Gym: 1% (Closed) people=1 capacity=72 is_open=False hour_summary=Closed until 6:00am
[2026-06-09 04:00:04] Outback Climbing Center: 9% (Closed) people=3 capacity=30 is_open=False hour_summary=Closed until 10:00am
[2026-06-09 04:00:04] RIMAC Fitness Gym: 0% (Closed) people=0 capacity=150 is_open=False hour_summary=Closed until 6:00am
[2026-06-09 04:00:04] Triton Esports Center: 0% (Closed) people=0 capacity=35 is_open=False hour_summary=Closed until 7:30am
[2026-06-09 04:00:04] === SCRAPE END OK ===
[2026-06-09 04:15:02] === SCRAPE START ===
[2026-06-09 04:15:02] Fetching https://waitz.io/live/ucsd-rec
[2026-06-09 04:15:04] Saved 4 rows to ucsd_occupancy_history.csv
[2026-06-09 04:15:04] Main Gym Fitness Gym: 1% (Closed) people=1 capacity=72 is_open=False hour_summary=Closed until 6:00am
[2026-06-09 04:15:04] Outback Climbing Center: 9% (Closed) people=3 capacity=30 is_open=False hour_summary=Closed until 10:00am
[2026-06-09 04:15:04] RIMAC Fitness Gym: 0% (Closed) people=0 capacity=150 is_open=False hour_summary=Closed until 6:00am
[2026-06-09 04:15:04] Triton Esports Center: 0% (Closed) people=0 capacity=35 is_open=False hour_summary=Closed until 7:30am
[2026-06-09 04:15:04] === SCRAPE END OK ===
[2026-06-09 04:30:02] === SCRAPE START ===
[2026-06-09 04:30:02] Fetching https://waitz.io/live/ucsd-rec
[2026-06-09 04:30:04] Saved 4 rows to ucsd_occupancy_history.csv
[2026-06-09 04:30:04] Main Gym Fitness Gym: 1% (Closed) people=1 capacity=72 is_open=False hour_summary=Closed until 6:00am
[2026-06-09 04:30:04] Outback Climbing Center: 12% (Closed) people=4 capacity=30 is_open=False hour_summary=Closed until 10:00am
[2026-06-09 04:30:04] RIMAC Fitness Gym: 0% (Closed) people=0 capacity=150 is_open=False hour_summary=Closed until 6:00am
[2026-06-09 04:30:04] Triton Esports Center: 0% (Closed) people=0 capacity=35 is_open=False hour_summary=Closed until 7:30am
[2026-06-09 04:30:04] === SCRAPE END OK ===
[2026-06-09 04:45:02] === SCRAPE START ===
[2026-06-09 04:45:02] Fetching https://waitz.io/live/ucsd-rec
[2026-06-09 04:45:04] Saved 4 rows to ucsd_occupancy_history.csv
[2026-06-09 04:45:04] Main Gym Fitness Gym: 1% (Closed) people=1 capacity=72 is_open=False hour_summary=Closed until 6:00am
[2026-06-09 04:45:04] Outback Climbing Center: 8% (Closed) people=3 capacity=30 is_open=False hour_summary=Closed until 10:00am
[2026-06-09 04:45:04] RIMAC Fitness Gym: 0% (Closed) people=0 capacity=150 is_open=False hour_summary=Closed until 6:00am
[2026-06-09 04:45:04] Triton Esports Center: 0% (Closed) people=0 capacity=35 is_open=False hour_summary=Closed until 7:30am
[2026-06-09 04:45:04] === SCRAPE END OK ===
[2026-06-09 05:00:02] === SCRAPE START ===
[2026-06-09 05:00:02] Fetching https://waitz.io/live/ucsd-rec
[2026-06-09 05:00:03] Saved 4 rows to ucsd_occupancy_history.csv
[2026-06-09 05:00:03] Main Gym Fitness Gym: 1% (Closed) people=1 capacity=72 is_open=False hour_summary=Closed until 6:00am
[2026-06-09 05:00:03] Outback Climbing Center: 13% (Closed) people=4 capacity=30 is_open=False hour_summary=Closed until 10:00am
[2026-06-09 05:00:03] RIMAC Fitness Gym: 0% (Closed) people=1 capacity=150 is_open=False hour_summary=Closed until 6:00am
[2026-06-09 05:00:03] Triton Esports Center: 0% (Closed) people=0 capacity=35 is_open=False hour_summary=Closed until 7:30am
[2026-06-09 05:00:03] === SCRAPE END OK ===
[2026-06-09 05:15:02] === SCRAPE START ===
[2026-06-09 05:15:02] Fetching https://waitz.io/live/ucsd-rec
[2026-06-09 05:15:04] Saved 4 rows to ucsd_occupancy_history.csv
[2026-06-09 05:15:04] Main Gym Fitness Gym: 2% (Closed) people=1 capacity=72 is_open=False hour_summary=Closed until 6:00am
[2026-06-09 05:15:04] Outback Climbing Center: 13% (Closed) people=4 capacity=30 is_open=False hour_summary=Closed until 10:00am
[2026-06-09 05:15:04] RIMAC Fitness Gym: 0% (Closed) people=0 capacity=150 is_open=False hour_summary=Closed until 6:00am
[2026-06-09 05:15:04] Triton Esports Center: 0% (Closed) people=0 capacity=35 is_open=False hour_summary=Closed until 7:30am
[2026-06-09 05:15:04] === SCRAPE END OK ===
[2026-06-09 05:30:02] === SCRAPE START ===
[2026-06-09 05:30:02] Fetching https://waitz.io/live/ucsd-rec
[2026-06-09 05:30:03] Saved 4 rows to ucsd_occupancy_history.csv
[2026-06-09 05:30:03] Main Gym Fitness Gym: 1% (Closed) people=1 capacity=72 is_open=False hour_summary=Closed until 6:00am
[2026-06-09 05:30:03] Outback Climbing Center: 15% (Closed) people=5 capacity=30 is_open=False hour_summary=Closed until 10:00am
[2026-06-09 05:30:03] RIMAC Fitness Gym: 0% (Closed) people=0 capacity=150 is_open=False hour_summary=Closed until 6:00am
[2026-06-09 05:30:03] Triton Esports Center: 0% (Closed) people=0 capacity=35 is_open=False hour_summary=Closed until 7:30am
[2026-06-09 05:30:03] === SCRAPE END OK ===
[2026-06-09 05:45:02] === SCRAPE START ===
[2026-06-09 05:45:02] Fetching https://waitz.io/live/ucsd-rec
[2026-06-09 05:45:04] Saved 4 rows to ucsd_occupancy_history.csv
[2026-06-09 05:45:04] Main Gym Fitness Gym: 1% (Closed) people=1 capacity=72 is_open=False hour_summary=Closed until 6:00am
[2026-06-09 05:45:04] Outback Climbing Center: 13% (Closed) people=4 capacity=30 is_open=False hour_summary=Closed until 10:00am
[2026-06-09 05:45:04] RIMAC Fitness Gym: 1% (Closed) people=1 capacity=150 is_open=False hour_summary=Closed until 6:00am
[2026-06-09 05:45:04] Triton Esports Center: 0% (Closed) people=0 capacity=35 is_open=False hour_summary=Closed until 7:30am
[2026-06-09 05:45:04] === SCRAPE END OK ===
[2026-06-09 06:00:02] === SCRAPE START ===
[2026-06-09 06:00:02] Fetching https://waitz.io/live/ucsd-rec
[2026-06-09 06:00:03] Saved 4 rows to ucsd_occupancy_history.csv
[2026-06-09 06:00:03] Main Gym Fitness Gym: 1% (Not Busy) people=1 capacity=72 is_open=True hour_summary=open
[2026-06-09 06:00:03] Outback Climbing Center: 10% (Closed) people=3 capacity=30 is_open=False hour_summary=Closed until 10:00am
[2026-06-09 06:00:03] RIMAC Fitness Gym: 1% (Not Busy) people=2 capacity=150 is_open=True hour_summary=open
[2026-06-09 06:00:03] Triton Esports Center: 0% (Closed) people=0 capacity=35 is_open=False hour_summary=Closed until 7:30am
[2026-06-09 06:00:03] === SCRAPE END OK ===
[2026-06-09 06:15:02] === SCRAPE START ===
[2026-06-09 06:15:02] Fetching https://waitz.io/live/ucsd-rec
[2026-06-09 06:15:03] Saved 4 rows to ucsd_occupancy_history.csv
[2026-06-09 06:15:03] Main Gym Fitness Gym: 5% (Not Busy) people=4 capacity=72 is_open=True hour_summary=open
[2026-06-09 06:15:03] Outback Climbing Center: 8% (Closed) people=2 capacity=30 is_open=False hour_summary=Closed until 10:00am
[2026-06-09 06:15:03] RIMAC Fitness Gym: 7% (Not Busy) people=10 capacity=150 is_open=True hour_summary=open
[2026-06-09 06:15:03] Triton Esports Center: 0% (Closed) people=0 capacity=35 is_open=False hour_summary=Closed until 7:30am
[2026-06-09 06:15:03] === SCRAPE END OK ===
[2026-06-09 06:30:02] === SCRAPE START ===
[2026-06-09 06:30:02] Fetching https://waitz.io/live/ucsd-rec
[2026-06-09 06:30:04] Saved 4 rows to ucsd_occupancy_history.csv
[2026-06-09 06:30:04] Main Gym Fitness Gym: 1% (Not Busy) people=1 capacity=72 is_open=True hour_summary=open
[2026-06-09 06:30:04] Outback Climbing Center: 7% (Closed) people=2 capacity=30 is_open=False hour_summary=Closed until 10:00am
[2026-06-09 06:30:04] RIMAC Fitness Gym: 12% (Not Busy) people=18 capacity=150 is_open=True hour_summary=open
[2026-06-09 06:30:04] Triton Esports Center: 0% (Closed) people=0 capacity=35 is_open=False hour_summary=Closed until 7:30am
[2026-06-09 06:30:04] === SCRAPE END OK ===
[2026-06-09 06:45:02] === SCRAPE START ===
[2026-06-09 06:45:02] Fetching https://waitz.io/live/ucsd-rec
[2026-06-09 06:45:04] Saved 4 rows to ucsd_occupancy_history.csv
[2026-06-09 06:45:04] Main Gym Fitness Gym: 14% (Not Busy) people=10 capacity=72 is_open=True hour_summary=open
[2026-06-09 06:45:04] Outback Climbing Center: 11% (Closed) people=3 capacity=30 is_open=False hour_summary=Closed until 10:00am
[2026-06-09 06:45:04] RIMAC Fitness Gym: 11% (Not Busy) people=17 capacity=150 is_open=True hour_summary=open
[2026-06-09 06:45:04] Triton Esports Center: 0% (Closed) people=0 capacity=35 is_open=False hour_summary=Closed until 7:30am
[2026-06-09 06:45:04] === SCRAPE END OK ===
[2026-06-09 07:00:02] === SCRAPE START ===
[2026-06-09 07:00:02] Fetching https://waitz.io/live/ucsd-rec
[2026-06-09 07:00:04] Saved 4 rows to ucsd_occupancy_history.csv
[2026-06-09 07:00:04] Main Gym Fitness Gym: 2% (Not Busy) people=1 capacity=72 is_open=True hour_summary=open
[2026-06-09 07:00:04] Outback Climbing Center: 8% (Closed) people=2 capacity=30 is_open=False hour_summary=Closed until 10:00am
[2026-06-09 07:00:04] RIMAC Fitness Gym: 13% (Not Busy) people=20 capacity=150 is_open=True hour_summary=open
[2026-06-09 07:00:04] Triton Esports Center: 0% (Closed) people=0 capacity=35 is_open=False hour_summary=Closed until 7:30am
[2026-06-09 07:00:04] === SCRAPE END OK ===
[2026-06-09 07:15:02] === SCRAPE START ===
[2026-06-09 07:15:02] Fetching https://waitz.io/live/ucsd-rec
[2026-06-09 07:15:03] Saved 4 rows to ucsd_occupancy_history.csv
[2026-06-09 07:15:03] Main Gym Fitness Gym: 1% (Not Busy) people=1 capacity=72 is_open=True hour_summary=open
[2026-06-09 07:15:03] Outback Climbing Center: 14% (Closed) people=4 capacity=30 is_open=False hour_summary=Closed until 10:00am
[2026-06-09 07:15:03] RIMAC Fitness Gym: 14% (Not Busy) people=21 capacity=150 is_open=True hour_summary=open
[2026-06-09 07:15:03] Triton Esports Center: 0% (Closed) people=0 capacity=35 is_open=False hour_summary=Closed until 7:30am
[2026-06-09 07:15:03] === SCRAPE END OK ===
[2026-06-09 07:30:02] === SCRAPE START ===
[2026-06-09 07:30:02] Fetching https://waitz.io/live/ucsd-rec
[2026-06-09 07:30:03] Saved 4 rows to ucsd_occupancy_history.csv
[2026-06-09 07:30:03] Main Gym Fitness Gym: 13% (Not Busy) people=10 capacity=72 is_open=True hour_summary=open
[2026-06-09 07:30:03] Outback Climbing Center: 15% (Closed) people=4 capacity=30 is_open=False hour_summary=Closed until 10:00am
[2026-06-09 07:30:03] RIMAC Fitness Gym: 14% (Not Busy) people=21 capacity=150 is_open=True hour_summary=open
[2026-06-09 07:30:03] Triton Esports Center: 0% (Not Busy) people=0 capacity=35 is_open=True hour_summary=open
[2026-06-09 07:30:03] === SCRAPE END OK ===
[2026-06-09 07:45:02] === SCRAPE START ===
[2026-06-09 07:45:02] Fetching https://waitz.io/live/ucsd-rec
[2026-06-09 07:45:03] Saved 4 rows to ucsd_occupancy_history.csv
[2026-06-09 07:45:03] Main Gym Fitness Gym: 15% (Not Busy) people=11 capacity=72 is_open=True hour_summary=open
[2026-06-09 07:45:03] Outback Climbing Center: 16% (Closed) people=5 capacity=30 is_open=False hour_summary=Closed until 10:00am
[2026-06-09 07:45:03] RIMAC Fitness Gym: 17% (Not Busy) people=25 capacity=150 is_open=True hour_summary=open
[2026-06-09 07:45:03] Triton Esports Center: 0% (Not Busy) people=0 capacity=35 is_open=True hour_summary=open
[2026-06-09 07:45:03] === SCRAPE END OK ===
[2026-06-09 08:00:02] === SCRAPE START ===
[2026-06-09 08:00:02] Fetching https://waitz.io/live/ucsd-rec
[2026-06-09 08:00:04] Saved 4 rows to ucsd_occupancy_history.csv
[2026-06-09 08:00:04] Main Gym Fitness Gym: 17% (Not Busy) people=13 capacity=72 is_open=True hour_summary=open
[2026-06-09 08:00:04] Outback Climbing Center: 21% (Closed) people=6 capacity=30 is_open=False hour_summary=Closed until 10:00am
[2026-06-09 08:00:04] RIMAC Fitness Gym: 19% (Not Busy) people=28 capacity=150 is_open=True hour_summary=open
[2026-06-09 08:00:04] Triton Esports Center: 1% (Not Busy) people=0 capacity=35 is_open=True hour_summary=open
[2026-06-09 08:00:04] === SCRAPE END OK ===
[2026-06-09 08:15:02] === SCRAPE START ===
[2026-06-09 08:15:02] Fetching https://waitz.io/live/ucsd-rec
[2026-06-09 08:15:03] Saved 4 rows to ucsd_occupancy_history.csv
[2026-06-09 08:15:03] Main Gym Fitness Gym: 19% (Not Busy) people=13 capacity=72 is_open=True hour_summary=open
[2026-06-09 08:15:03] Outback Climbing Center: 9% (Closed) people=3 capacity=30 is_open=False hour_summary=Closed until 10:00am
[2026-06-09 08:15:03] RIMAC Fitness Gym: 24% (Not Busy) people=36 capacity=150 is_open=True hour_summary=open
[2026-06-09 08:15:03] Triton Esports Center: 2% (Not Busy) people=1 capacity=35 is_open=True hour_summary=open
[2026-06-09 08:15:03] === SCRAPE END OK ===
[2026-06-09 08:30:02] === SCRAPE START ===
[2026-06-09 08:30:02] Fetching https://waitz.io/live/ucsd-rec
[2026-06-09 08:30:03] Saved 4 rows to ucsd_occupancy_history.csv
[2026-06-09 08:30:03] Main Gym Fitness Gym: 8% (Not Busy) people=5 capacity=72 is_open=True hour_summary=open
[2026-06-09 08:30:03] Outback Climbing Center: 12% (Closed) people=4 capacity=30 is_open=False hour_summary=Closed until 10:00am
[2026-06-09 08:30:03] RIMAC Fitness Gym: 23% (Not Busy) people=34 capacity=150 is_open=True hour_summary=open
[2026-06-09 08:30:03] Triton Esports Center: 7% (Not Busy) people=2 capacity=35 is_open=True hour_summary=open
[2026-06-09 08:30:03] === SCRAPE END OK ===
[2026-06-09 08:45:02] === SCRAPE START ===
[2026-06-09 08:45:02] Fetching https://waitz.io/live/ucsd-rec
[2026-06-09 08:45:03] Saved 4 rows to ucsd_occupancy_history.csv
[2026-06-09 08:45:03] Main Gym Fitness Gym: 12% (Not Busy) people=8 capacity=72 is_open=True hour_summary=open
[2026-06-09 08:45:03] Outback Climbing Center: 9% (Closed) people=3 capacity=30 is_open=False hour_summary=Closed until 10:00am
[2026-06-09 08:45:03] RIMAC Fitness Gym: 20% (Not Busy) people=30 capacity=150 is_open=True hour_summary=open
[2026-06-09 08:45:03] Triton Esports Center: 3% (Not Busy) people=1 capacity=35 is_open=True hour_summary=open
[2026-06-09 08:45:03] === SCRAPE END OK ===
[2026-06-09 09:00:02] === SCRAPE START ===
[2026-06-09 09:00:02] Fetching https://waitz.io/live/ucsd-rec
[2026-06-09 09:00:03] Saved 4 rows to ucsd_occupancy_history.csv
[2026-06-09 09:00:03] Main Gym Fitness Gym: 7% (Not Busy) people=5 capacity=72 is_open=True hour_summary=open
[2026-06-09 09:00:03] Outback Climbing Center: 11% (Closed) people=3 capacity=30 is_open=False hour_summary=Closed until 10:00am
[2026-06-09 09:00:03] RIMAC Fitness Gym: 22% (Not Busy) people=34 capacity=150 is_open=True hour_summary=open
[2026-06-09 09:00:03] Triton Esports Center: 5% (Not Busy) people=2 capacity=35 is_open=True hour_summary=open
[2026-06-09 09:00:03] === SCRAPE END OK ===
[2026-06-09 09:15:02] === SCRAPE START ===
[2026-06-09 09:15:02] Fetching https://waitz.io/live/ucsd-rec
[2026-06-09 09:15:03] Saved 4 rows to ucsd_occupancy_history.csv
[2026-06-09 09:15:03] Main Gym Fitness Gym: 0% (Data Unavailable) people=0 capacity=72 is_open=True hour_summary=open
[2026-06-09 09:15:03] Outback Climbing Center: 17% (Closed) people=5 capacity=30 is_open=False hour_summary=Closed until 10:00am
[2026-06-09 09:15:03] RIMAC Fitness Gym: 25% (Not Busy) people=37 capacity=150 is_open=True hour_summary=open
[2026-06-09 09:15:03] Triton Esports Center: 4% (Not Busy) people=1 capacity=35 is_open=True hour_summary=open
[2026-06-09 09:15:03] === SCRAPE END OK ===
[2026-06-09 09:30:02] === SCRAPE START ===
[2026-06-09 09:30:02] Fetching https://waitz.io/live/ucsd-rec
[2026-06-09 09:30:03] Saved 4 rows to ucsd_occupancy_history.csv
[2026-06-09 09:30:03] Main Gym Fitness Gym: 8% (Not Busy) people=6 capacity=72 is_open=True hour_summary=open
[2026-06-09 09:30:03] Outback Climbing Center: 12% (Closed) people=4 capacity=30 is_open=False hour_summary=Closed until 10:00am
[2026-06-09 09:30:03] RIMAC Fitness Gym: 31% (Not Busy) people=46 capacity=150 is_open=True hour_summary=open
[2026-06-09 09:30:03] Triton Esports Center: 10% (Not Busy) people=3 capacity=35 is_open=True hour_summary=open
[2026-06-09 09:30:03] === SCRAPE END OK ===
[2026-06-09 09:45:02] === SCRAPE START ===
[2026-06-09 09:45:02] Fetching https://waitz.io/live/ucsd-rec
[2026-06-09 09:45:04] Saved 4 rows to ucsd_occupancy_history.csv
[2026-06-09 09:45:04] Main Gym Fitness Gym: 17% (Not Busy) people=12 capacity=72 is_open=True hour_summary=open
[2026-06-09 09:45:04] Outback Climbing Center: 22% (Closed) people=7 capacity=30 is_open=False hour_summary=Closed until 10:00am
[2026-06-09 09:45:04] RIMAC Fitness Gym: 31% (Not Busy) people=47 capacity=150 is_open=True hour_summary=open
[2026-06-09 09:45:04] Triton Esports Center: 19% (Not Busy) people=7 capacity=35 is_open=True hour_summary=open
[2026-06-09 09:45:04] === SCRAPE END OK ===
[2026-06-09 10:00:02] === SCRAPE START ===
[2026-06-09 10:00:02] Fetching https://waitz.io/live/ucsd-rec
[2026-06-09 10:00:03] Saved 4 rows to ucsd_occupancy_history.csv
[2026-06-09 10:00:03] Main Gym Fitness Gym: 25% (Not Busy) people=18 capacity=72 is_open=True hour_summary=open
[2026-06-09 10:00:03] Outback Climbing Center: 9% (Not Busy) people=3 capacity=30 is_open=True hour_summary=open
[2026-06-09 10:00:03] RIMAC Fitness Gym: 35% (Not Busy) people=53 capacity=150 is_open=True hour_summary=open
[2026-06-09 10:00:03] Triton Esports Center: 28% (Not Busy) people=10 capacity=35 is_open=True hour_summary=open
[2026-06-09 10:00:03] === SCRAPE END OK ===
[2026-06-09 10:15:02] === SCRAPE START ===
[2026-06-09 10:15:02] Fetching https://waitz.io/live/ucsd-rec
[2026-06-09 10:15:03] Saved 4 rows to ucsd_occupancy_history.csv
[2026-06-09 10:15:03] Main Gym Fitness Gym: 7% (Not Busy) people=5 capacity=72 is_open=True hour_summary=open
[2026-06-09 10:15:03] Outback Climbing Center: 81% (Very Active) people=24 capacity=30 is_open=True hour_summary=open
[2026-06-09 10:15:03] RIMAC Fitness Gym: 37% (Not Busy) people=55 capacity=150 is_open=True hour_summary=open
[2026-06-09 10:15:03] Triton Esports Center: 25% (Not Busy) people=9 capacity=35 is_open=True hour_summary=open
[2026-06-09 10:15:03] === SCRAPE END OK ===
[2026-06-09 10:30:02] === SCRAPE START ===
[2026-06-09 10:30:02] Fetching https://waitz.io/live/ucsd-rec
[2026-06-09 10:30:04] Saved 4 rows to ucsd_occupancy_history.csv
[2026-06-09 10:30:04] Main Gym Fitness Gym: 14% (Not Busy) people=10 capacity=72 is_open=True hour_summary=open
[2026-06-09 10:30:04] Outback Climbing Center: 71% (Busy) people=21 capacity=30 is_open=True hour_summary=open
[2026-06-09 10:30:04] RIMAC Fitness Gym: 27% (Not Busy) people=40 capacity=150 is_open=True hour_summary=open
[2026-06-09 10:30:04] Triton Esports Center: 39% (Not Busy) people=14 capacity=35 is_open=True hour_summary=open
[2026-06-09 10:30:04] === SCRAPE END OK ===
[2026-06-09 10:45:02] === SCRAPE START ===
[2026-06-09 10:45:02] Fetching https://waitz.io/live/ucsd-rec
[2026-06-09 10:45:04] Saved 4 rows to ucsd_occupancy_history.csv
[2026-06-09 10:45:04] Main Gym Fitness Gym: 2% (Not Busy) people=1 capacity=72 is_open=True hour_summary=open
[2026-06-09 10:45:04] Outback Climbing Center: 91% (Very Active) people=27 capacity=30 is_open=True hour_summary=open
[2026-06-09 10:45:04] RIMAC Fitness Gym: 38% (Not Busy) people=56 capacity=150 is_open=True hour_summary=open
[2026-06-09 10:45:04] Triton Esports Center: 43% (Not Busy) people=15 capacity=35 is_open=True hour_summary=open
[2026-06-09 10:45:04] === SCRAPE END OK ===
[2026-06-09 11:00:02] === SCRAPE START ===
[2026-06-09 11:00:02] Fetching https://waitz.io/live/ucsd-rec
[2026-06-09 11:00:03] Saved 4 rows to ucsd_occupancy_history.csv
[2026-06-09 11:00:03] Main Gym Fitness Gym: 11% (Not Busy) people=8 capacity=72 is_open=True hour_summary=open
[2026-06-09 11:00:03] Outback Climbing Center: 80% (Busy) people=24 capacity=30 is_open=True hour_summary=open
[2026-06-09 11:00:03] RIMAC Fitness Gym: 42% (Not Busy) people=64 capacity=150 is_open=True hour_summary=open
[2026-06-09 11:00:03] Triton Esports Center: 35% (Not Busy) people=12 capacity=35 is_open=True hour_summary=open
[2026-06-09 11:00:03] === SCRAPE END OK ===
[2026-06-09 11:15:02] === SCRAPE START ===
[2026-06-09 11:15:02] Fetching https://waitz.io/live/ucsd-rec
[2026-06-09 11:15:03] Saved 4 rows to ucsd_occupancy_history.csv
[2026-06-09 11:15:03] Main Gym Fitness Gym: 18% (Not Busy) people=13 capacity=72 is_open=True hour_summary=open
[2026-06-09 11:15:03] Outback Climbing Center: 99% (Very Active) people=32 capacity=30 is_open=True hour_summary=open
[2026-06-09 11:15:03] RIMAC Fitness Gym: 30% (Not Busy) people=46 capacity=150 is_open=True hour_summary=open
[2026-06-09 11:15:03] Triton Esports Center: 37% (Not Busy) people=13 capacity=35 is_open=True hour_summary=open
[2026-06-09 11:15:03] === SCRAPE END OK ===
[2026-06-09 11:30:02] === SCRAPE START ===
[2026-06-09 11:30:02] Fetching https://waitz.io/live/ucsd-rec
[2026-06-09 11:30:04] Saved 4 rows to ucsd_occupancy_history.csv
[2026-06-09 11:30:04] Main Gym Fitness Gym: 13% (Not Busy) people=10 capacity=72 is_open=True hour_summary=open
[2026-06-09 11:30:04] Outback Climbing Center: 68% (Busy) people=20 capacity=30 is_open=True hour_summary=open
[2026-06-09 11:30:04] RIMAC Fitness Gym: 30% (Not Busy) people=45 capacity=150 is_open=True hour_summary=open
[2026-06-09 11:30:04] Triton Esports Center: 27% (Not Busy) people=9 capacity=35 is_open=True hour_summary=open
[2026-06-09 11:30:04] === SCRAPE END OK ===
[2026-06-09 11:45:02] === SCRAPE START ===
[2026-06-09 11:45:02] Fetching https://waitz.io/live/ucsd-rec
[2026-06-09 11:45:04] Saved 4 rows to ucsd_occupancy_history.csv
[2026-06-09 11:45:04] Main Gym Fitness Gym: 4% (Not Busy) people=3 capacity=72 is_open=True hour_summary=open
[2026-06-09 11:45:04] Outback Climbing Center: 73% (Busy) people=22 capacity=30 is_open=True hour_summary=open
[2026-06-09 11:45:04] RIMAC Fitness Gym: 32% (Not Busy) people=48 capacity=150 is_open=True hour_summary=open
[2026-06-09 11:45:04] Triton Esports Center: 21% (Not Busy) people=7 capacity=35 is_open=True hour_summary=open
[2026-06-09 11:45:04] === SCRAPE END OK ===
[2026-06-09 12:00:02] === SCRAPE START ===
[2026-06-09 12:00:02] Fetching https://waitz.io/live/ucsd-rec
[2026-06-09 12:00:03] Saved 4 rows to ucsd_occupancy_history.csv
[2026-06-09 12:00:03] Main Gym Fitness Gym: 10% (Not Busy) people=7 capacity=72 is_open=True hour_summary=open
[2026-06-09 12:00:03] Outback Climbing Center: 69% (Busy) people=21 capacity=30 is_open=True hour_summary=open
[2026-06-09 12:00:03] RIMAC Fitness Gym: 38% (Not Busy) people=57 capacity=150 is_open=True hour_summary=open
[2026-06-09 12:00:03] Triton Esports Center: 22% (Not Busy) people=8 capacity=35 is_open=True hour_summary=open
[2026-06-09 12:00:03] === SCRAPE END OK ===
[2026-06-09 12:15:02] === SCRAPE START ===
[2026-06-09 12:15:02] Fetching https://waitz.io/live/ucsd-rec
[2026-06-09 12:15:04] Saved 4 rows to ucsd_occupancy_history.csv
[2026-06-09 12:15:04] Main Gym Fitness Gym: 13% (Not Busy) people=9 capacity=72 is_open=True hour_summary=open
[2026-06-09 12:15:04] Outback Climbing Center: 88% (Very Active) people=26 capacity=30 is_open=True hour_summary=open
[2026-06-09 12:15:04] RIMAC Fitness Gym: 37% (Not Busy) people=56 capacity=150 is_open=True hour_summary=open
[2026-06-09 12:15:04] Triton Esports Center: 31% (Not Busy) people=11 capacity=35 is_open=True hour_summary=open
[2026-06-09 12:15:04] === SCRAPE END OK ===
[2026-06-09 12:30:02] === SCRAPE START ===
[2026-06-09 12:30:02] Fetching https://waitz.io/live/ucsd-rec
[2026-06-09 12:30:04] Saved 4 rows to ucsd_occupancy_history.csv
[2026-06-09 12:30:04] Main Gym Fitness Gym: 12% (Not Busy) people=8 capacity=72 is_open=True hour_summary=open
[2026-06-09 12:30:04] Outback Climbing Center: 84% (Very Active) people=25 capacity=30 is_open=True hour_summary=open
[2026-06-09 12:30:04] RIMAC Fitness Gym: 40% (Not Busy) people=61 capacity=150 is_open=True hour_summary=open
[2026-06-09 12:30:04] Triton Esports Center: 32% (Not Busy) people=11 capacity=35 is_open=True hour_summary=open
[2026-06-09 12:30:04] === SCRAPE END OK ===
[2026-06-09 12:45:02] === SCRAPE START ===
[2026-06-09 12:45:02] Fetching https://waitz.io/live/ucsd-rec
[2026-06-09 12:45:04] Saved 4 rows to ucsd_occupancy_history.csv
[2026-06-09 12:45:04] Main Gym Fitness Gym: 6% (Not Busy) people=4 capacity=72 is_open=True hour_summary=open
[2026-06-09 12:45:04] Outback Climbing Center: 91% (Very Active) people=27 capacity=30 is_open=True hour_summary=open
[2026-06-09 12:45:04] RIMAC Fitness Gym: 39% (Not Busy) people=59 capacity=150 is_open=True hour_summary=open
[2026-06-09 12:45:04] Triton Esports Center: 28% (Not Busy) people=10 capacity=35 is_open=True hour_summary=open
[2026-06-09 12:45:04] === SCRAPE END OK ===
[2026-06-09 13:00:02] === SCRAPE START ===
[2026-06-09 13:00:02] Fetching https://waitz.io/live/ucsd-rec
[2026-06-09 13:00:04] Saved 4 rows to ucsd_occupancy_history.csv
[2026-06-09 13:00:04] Main Gym Fitness Gym: 7% (Not Busy) people=5 capacity=72 is_open=True hour_summary=open
[2026-06-09 13:00:04] Outback Climbing Center: 99% (Very Active) people=39 capacity=30 is_open=True hour_summary=open
[2026-06-09 13:00:04] RIMAC Fitness Gym: 38% (Not Busy) people=56 capacity=150 is_open=True hour_summary=open
[2026-06-09 13:00:04] Triton Esports Center: 33% (Not Busy) people=12 capacity=35 is_open=True hour_summary=open
[2026-06-09 13:00:04] === SCRAPE END OK ===
[2026-06-09 13:15:02] === SCRAPE START ===
[2026-06-09 13:15:02] Fetching https://waitz.io/live/ucsd-rec
[2026-06-09 13:15:04] Saved 4 rows to ucsd_occupancy_history.csv
[2026-06-09 13:15:04] Main Gym Fitness Gym: 23% (Not Busy) people=17 capacity=72 is_open=True hour_summary=open
[2026-06-09 13:15:04] Outback Climbing Center: 83% (Very Active) people=25 capacity=30 is_open=True hour_summary=open
[2026-06-09 13:15:04] RIMAC Fitness Gym: 27% (Not Busy) people=41 capacity=150 is_open=True hour_summary=open
[2026-06-09 13:15:04] Triton Esports Center: 46% (Busy) people=16 capacity=35 is_open=True hour_summary=open
[2026-06-09 13:15:04] === SCRAPE END OK ===
[2026-06-09 13:30:02] === SCRAPE START ===
[2026-06-09 13:30:02] Fetching https://waitz.io/live/ucsd-rec
[2026-06-09 13:30:04] Saved 4 rows to ucsd_occupancy_history.csv
[2026-06-09 13:30:04] Main Gym Fitness Gym: 15% (Not Busy) people=11 capacity=72 is_open=True hour_summary=open
[2026-06-09 13:30:04] Outback Climbing Center: 99% (Very Active) people=31 capacity=30 is_open=True hour_summary=open
[2026-06-09 13:30:04] RIMAC Fitness Gym: 34% (Not Busy) people=51 capacity=150 is_open=True hour_summary=open
[2026-06-09 13:30:04] Triton Esports Center: 51% (Busy) people=18 capacity=35 is_open=True hour_summary=open
[2026-06-09 13:30:04] === SCRAPE END OK ===
[2026-06-09 13:45:02] === SCRAPE START ===
[2026-06-09 13:45:02] Fetching https://waitz.io/live/ucsd-rec
[2026-06-09 13:45:04] Saved 4 rows to ucsd_occupancy_history.csv
[2026-06-09 13:45:04] Main Gym Fitness Gym: 24% (Not Busy) people=18 capacity=72 is_open=True hour_summary=open
[2026-06-09 13:45:04] Outback Climbing Center: 79% (Busy) people=24 capacity=30 is_open=True hour_summary=open
[2026-06-09 13:45:04] RIMAC Fitness Gym: 30% (Not Busy) people=45 capacity=150 is_open=True hour_summary=open
[2026-06-09 13:45:04] Triton Esports Center: 58% (Busy) people=20 capacity=35 is_open=True hour_summary=open
[2026-06-09 13:45:04] === SCRAPE END OK ===
[2026-06-09 14:00:02] === SCRAPE START ===
[2026-06-09 14:00:02] Fetching https://waitz.io/live/ucsd-rec
[2026-06-09 14:00:03] Saved 4 rows to ucsd_occupancy_history.csv
[2026-06-09 14:00:03] Main Gym Fitness Gym: 22% (Not Busy) people=16 capacity=72 is_open=True hour_summary=open
[2026-06-09 14:00:03] Outback Climbing Center: 66% (Busy) people=20 capacity=30 is_open=True hour_summary=open
[2026-06-09 14:00:03] RIMAC Fitness Gym: 37% (Not Busy) people=56 capacity=150 is_open=True hour_summary=open
[2026-06-09 14:00:03] Triton Esports Center: 54% (Busy) people=19 capacity=35 is_open=True hour_summary=open
[2026-06-09 14:00:03] === SCRAPE END OK ===
[2026-06-09 14:15:02] === SCRAPE START ===
[2026-06-09 14:15:02] Fetching https://waitz.io/live/ucsd-rec
[2026-06-09 14:15:03] Saved 4 rows to ucsd_occupancy_history.csv
[2026-06-09 14:15:03] Main Gym Fitness Gym: 34% (Not Busy) people=24 capacity=72 is_open=True hour_summary=open
[2026-06-09 14:15:03] Outback Climbing Center: 76% (Busy) people=23 capacity=30 is_open=True hour_summary=open
[2026-06-09 14:15:03] RIMAC Fitness Gym: 41% (Not Busy) people=61 capacity=150 is_open=True hour_summary=open
[2026-06-09 14:15:03] Triton Esports Center: 52% (Busy) people=18 capacity=35 is_open=True hour_summary=open
[2026-06-09 14:15:03] === SCRAPE END OK ===
[2026-06-09 14:30:02] === SCRAPE START ===
[2026-06-09 14:30:02] Fetching https://waitz.io/live/ucsd-rec
[2026-06-09 14:30:04] Saved 4 rows to ucsd_occupancy_history.csv
[2026-06-09 14:30:04] Main Gym Fitness Gym: 28% (Not Busy) people=20 capacity=72 is_open=True hour_summary=open
[2026-06-09 14:30:04] Outback Climbing Center: 78% (Busy) people=23 capacity=30 is_open=True hour_summary=open
[2026-06-09 14:30:04] RIMAC Fitness Gym: 37% (Not Busy) people=55 capacity=150 is_open=True hour_summary=open
[2026-06-09 14:30:04] Triton Esports Center: 59% (Busy) people=21 capacity=35 is_open=True hour_summary=open
[2026-06-09 14:30:04] === SCRAPE END OK ===
[2026-06-09 14:45:02] === SCRAPE START ===
[2026-06-09 14:45:02] Fetching https://waitz.io/live/ucsd-rec
[2026-06-09 14:45:03] Saved 4 rows to ucsd_occupancy_history.csv
[2026-06-09 14:45:03] Main Gym Fitness Gym: 36% (Not Busy) people=26 capacity=72 is_open=True hour_summary=open
[2026-06-09 14:45:03] Outback Climbing Center: 67% (Busy) people=20 capacity=30 is_open=True hour_summary=open
[2026-06-09 14:45:03] RIMAC Fitness Gym: 42% (Not Busy) people=63 capacity=150 is_open=True hour_summary=open
[2026-06-09 14:45:03] Triton Esports Center: 55% (Busy) people=19 capacity=35 is_open=True hour_summary=open
[2026-06-09 14:45:03] === SCRAPE END OK ===
[2026-06-09 15:00:02] === SCRAPE START ===
[2026-06-09 15:00:02] Fetching https://waitz.io/live/ucsd-rec
[2026-06-09 15:00:03] Saved 4 rows to ucsd_occupancy_history.csv
[2026-06-09 15:00:03] Main Gym Fitness Gym: 18% (Not Busy) people=13 capacity=72 is_open=True hour_summary=open
[2026-06-09 15:00:03] Outback Climbing Center: 83% (Very Active) people=25 capacity=30 is_open=True hour_summary=open
[2026-06-09 15:00:03] RIMAC Fitness Gym: 30% (Not Busy) people=45 capacity=150 is_open=True hour_summary=open
[2026-06-09 15:00:03] Triton Esports Center: 55% (Busy) people=19 capacity=35 is_open=True hour_summary=open
[2026-06-09 15:00:03] === SCRAPE END OK ===
[2026-06-09 15:15:02] === SCRAPE START ===
[2026-06-09 15:15:02] Fetching https://waitz.io/live/ucsd-rec
[2026-06-09 15:15:03] Saved 4 rows to ucsd_occupancy_history.csv
[2026-06-09 15:15:03] Main Gym Fitness Gym: 11% (Not Busy) people=8 capacity=72 is_open=True hour_summary=open
[2026-06-09 15:15:03] Outback Climbing Center: 76% (Busy) people=23 capacity=30 is_open=True hour_summary=open
[2026-06-09 15:15:03] RIMAC Fitness Gym: 25% (Not Busy) people=38 capacity=150 is_open=True hour_summary=open
[2026-06-09 15:15:03] Triton Esports Center: 55% (Busy) people=19 capacity=35 is_open=True hour_summary=open
[2026-06-09 15:15:03] === SCRAPE END OK ===
[2026-06-09 15:30:02] === SCRAPE START ===
[2026-06-09 15:30:02] Fetching https://waitz.io/live/ucsd-rec
[2026-06-09 15:30:04] Saved 4 rows to ucsd_occupancy_history.csv
[2026-06-09 15:30:04] Main Gym Fitness Gym: 32% (Not Busy) people=23 capacity=72 is_open=True hour_summary=open
[2026-06-09 15:30:04] Outback Climbing Center: 90% (Very Active) people=27 capacity=30 is_open=True hour_summary=open
[2026-06-09 15:30:04] RIMAC Fitness Gym: 37% (Not Busy) people=56 capacity=150 is_open=True hour_summary=open
[2026-06-09 15:30:04] Triton Esports Center: 50% (Busy) people=17 capacity=35 is_open=True hour_summary=open
[2026-06-09 15:30:04] === SCRAPE END OK ===
[2026-06-09 15:45:02] === SCRAPE START ===
[2026-06-09 15:45:02] Fetching https://waitz.io/live/ucsd-rec
[2026-06-09 15:45:03] Saved 4 rows to ucsd_occupancy_history.csv
[2026-06-09 15:45:03] Main Gym Fitness Gym: 24% (Not Busy) people=17 capacity=72 is_open=True hour_summary=open
[2026-06-09 15:45:03] Outback Climbing Center: 99% (Very Active) people=31 capacity=30 is_open=True hour_summary=open
[2026-06-09 15:45:03] RIMAC Fitness Gym: 38% (Not Busy) people=57 capacity=150 is_open=True hour_summary=open
[2026-06-09 15:45:03] Triton Esports Center: 42% (Not Busy) people=15 capacity=35 is_open=True hour_summary=open
[2026-06-09 15:45:03] === SCRAPE END OK ===
[2026-06-09 16:00:02] === SCRAPE START ===
[2026-06-09 16:00:02] Fetching https://waitz.io/live/ucsd-rec
[2026-06-09 16:00:05] Saved 4 rows to ucsd_occupancy_history.csv
[2026-06-09 16:00:05] Main Gym Fitness Gym: 18% (Not Busy) people=13 capacity=72 is_open=True hour_summary=open
[2026-06-09 16:00:05] Outback Climbing Center: 99% (Very Active) people=39 capacity=30 is_open=True hour_summary=open
[2026-06-09 16:00:05] RIMAC Fitness Gym: 38% (Not Busy) people=56 capacity=150 is_open=True hour_summary=open
[2026-06-09 16:00:05] Triton Esports Center: 41% (Not Busy) people=14 capacity=35 is_open=True hour_summary=open
[2026-06-09 16:00:05] === SCRAPE END OK ===
[2026-06-09 16:15:03] === SCRAPE START ===
[2026-06-09 16:15:03] Fetching https://waitz.io/live/ucsd-rec
[2026-06-09 16:15:04] Saved 4 rows to ucsd_occupancy_history.csv
[2026-06-09 16:15:04] Main Gym Fitness Gym: 29% (Not Busy) people=21 capacity=72 is_open=True hour_summary=open
[2026-06-09 16:15:04] Outback Climbing Center: 99% (Very Active) people=31 capacity=30 is_open=True hour_summary=open
[2026-06-09 16:15:04] RIMAC Fitness Gym: 44% (Not Busy) people=66 capacity=150 is_open=True hour_summary=open
[2026-06-09 16:15:04] Triton Esports Center: 34% (Not Busy) people=12 capacity=35 is_open=True hour_summary=open
[2026-06-09 16:15:04] === SCRAPE END OK ===
[2026-06-09 16:30:02] === SCRAPE START ===
[2026-06-09 16:30:02] Fetching https://waitz.io/live/ucsd-rec
[2026-06-09 16:30:05] Saved 4 rows to ucsd_occupancy_history.csv
[2026-06-09 16:30:05] Main Gym Fitness Gym: 27% (Not Busy) people=20 capacity=72 is_open=True hour_summary=open
[2026-06-09 16:30:05] Outback Climbing Center: 96% (Very Active) people=29 capacity=30 is_open=True hour_summary=open
[2026-06-09 16:30:05] RIMAC Fitness Gym: 44% (Not Busy) people=65 capacity=150 is_open=True hour_summary=open
[2026-06-09 16:30:05] Triton Esports Center: 43% (Not Busy) people=15 capacity=35 is_open=True hour_summary=open
[2026-06-09 16:30:05] === SCRAPE END OK ===
[2026-06-09 16:45:02] === SCRAPE START ===
[2026-06-09 16:45:02] Fetching https://waitz.io/live/ucsd-rec
[2026-06-09 16:45:03] Saved 4 rows to ucsd_occupancy_history.csv
[2026-06-09 16:45:03] Main Gym Fitness Gym: 14% (Not Busy) people=10 capacity=72 is_open=True hour_summary=open
[2026-06-09 16:45:03] Outback Climbing Center: 78% (Busy) people=23 capacity=30 is_open=True hour_summary=open
[2026-06-09 16:45:03] RIMAC Fitness Gym: 44% (Not Busy) people=66 capacity=150 is_open=True hour_summary=open
[2026-06-09 16:45:03] Triton Esports Center: 36% (Not Busy) people=13 capacity=35 is_open=True hour_summary=open
[2026-06-09 16:45:03] === SCRAPE END OK ===
[2026-06-09 17:00:02] === SCRAPE START ===
[2026-06-09 17:00:02] Fetching https://waitz.io/live/ucsd-rec
[2026-06-09 17:00:03] Saved 4 rows to ucsd_occupancy_history.csv
[2026-06-09 17:00:03] Main Gym Fitness Gym: 29% (Not Busy) people=21 capacity=72 is_open=True hour_summary=open
[2026-06-09 17:00:03] Outback Climbing Center: 98% (Very Active) people=29 capacity=30 is_open=True hour_summary=open
[2026-06-09 17:00:03] RIMAC Fitness Gym: 38% (Not Busy) people=57 capacity=150 is_open=True hour_summary=open
[2026-06-09 17:00:03] Triton Esports Center: 32% (Not Busy) people=11 capacity=35 is_open=True hour_summary=open
[2026-06-09 17:00:03] === SCRAPE END OK ===
[2026-06-09 17:15:02] === SCRAPE START ===
[2026-06-09 17:15:02] Fetching https://waitz.io/live/ucsd-rec
[2026-06-09 17:15:04] Saved 4 rows to ucsd_occupancy_history.csv
[2026-06-09 17:15:04] Main Gym Fitness Gym: 32% (Not Busy) people=23 capacity=72 is_open=True hour_summary=open
[2026-06-09 17:15:04] Outback Climbing Center: 87% (Very Active) people=26 capacity=30 is_open=True hour_summary=open
[2026-06-09 17:15:04] RIMAC Fitness Gym: 51% (Busy) people=77 capacity=150 is_open=True hour_summary=open
[2026-06-09 17:15:04] Triton Esports Center: 32% (Not Busy) people=11 capacity=35 is_open=True hour_summary=open
[2026-06-09 17:15:04] === SCRAPE END OK ===
[2026-06-09 17:30:02] === SCRAPE START ===
[2026-06-09 17:30:02] Fetching https://waitz.io/live/ucsd-rec
[2026-06-09 17:30:03] Saved 4 rows to ucsd_occupancy_history.csv
[2026-06-09 17:30:03] Main Gym Fitness Gym: 31% (Not Busy) people=22 capacity=72 is_open=True hour_summary=open
[2026-06-09 17:30:03] Outback Climbing Center: 95% (Very Active) people=28 capacity=30 is_open=True hour_summary=open
[2026-06-09 17:30:03] RIMAC Fitness Gym: 52% (Busy) people=77 capacity=150 is_open=True hour_summary=open
[2026-06-09 17:30:03] Triton Esports Center: 31% (Not Busy) people=11 capacity=35 is_open=True hour_summary=open
[2026-06-09 17:30:03] === SCRAPE END OK ===
[2026-06-09 17:45:02] === SCRAPE START ===
[2026-06-09 17:45:02] Fetching https://waitz.io/live/ucsd-rec
[2026-06-09 17:45:03] Saved 4 rows to ucsd_occupancy_history.csv
[2026-06-09 17:45:03] Main Gym Fitness Gym: 23% (Not Busy) people=17 capacity=72 is_open=True hour_summary=open
[2026-06-09 17:45:03] Outback Climbing Center: 99% (Very Active) people=33 capacity=30 is_open=True hour_summary=open
[2026-06-09 17:45:03] RIMAC Fitness Gym: 55% (Busy) people=82 capacity=150 is_open=True hour_summary=open
[2026-06-09 17:45:03] Triton Esports Center: 34% (Not Busy) people=12 capacity=35 is_open=True hour_summary=open
[2026-06-09 17:45:03] === SCRAPE END OK ===
