[2026-04-12 00:00:02] === SCRAPE START ===
[2026-04-12 00:00:02] Fetching https://waitz.io/live/ucsd-rec
[2026-04-12 00:00:03] Saved 4 rows to ucsd_occupancy_history.csv
[2026-04-12 00:00:03] Main Gym Fitness Gym: 1% (Closed) people=1 capacity=72 is_open=False hour_summary=Closed until 8:00am
[2026-04-12 00:00:03] Outback Climbing Center: 2% (Closed) people=0 capacity=30 is_open=False hour_summary=Closed until 4:00pm
[2026-04-12 00:00:03] RIMAC Fitness Gym: 9% (Closed) people=14 capacity=150 is_open=False hour_summary=Closed until 8:00am
[2026-04-12 00:00:03] Triton Esports Center: 0% (Closed) people=0 capacity=35 is_open=False hour_summary=Closed until 11:00am
[2026-04-12 00:00:03] === SCRAPE END OK ===
[2026-04-12 00:15:03] === SCRAPE START ===
[2026-04-12 00:15:03] Fetching https://waitz.io/live/ucsd-rec
[2026-04-12 00:15:04] Saved 4 rows to ucsd_occupancy_history.csv
[2026-04-12 00:15:04] Main Gym Fitness Gym: 1% (Closed) people=1 capacity=72 is_open=False hour_summary=Closed until 8:00am
[2026-04-12 00:15:04] Outback Climbing Center: 2% (Closed) people=1 capacity=30 is_open=False hour_summary=Closed until 4:00pm
[2026-04-12 00:15:04] RIMAC Fitness Gym: 1% (Closed) people=1 capacity=150 is_open=False hour_summary=Closed until 8:00am
[2026-04-12 00:15:04] Triton Esports Center: 0% (Closed) people=0 capacity=35 is_open=False hour_summary=Closed until 11:00am
[2026-04-12 00:15:04] === SCRAPE END OK ===
[2026-04-12 00:30:03] === SCRAPE START ===
[2026-04-12 00:30:03] Fetching https://waitz.io/live/ucsd-rec
[2026-04-12 00:30:04] Saved 4 rows to ucsd_occupancy_history.csv
[2026-04-12 00:30:04] Main Gym Fitness Gym: 1% (Closed) people=1 capacity=72 is_open=False hour_summary=Closed until 8:00am
[2026-04-12 00:30:04] Outback Climbing Center: 5% (Closed) people=1 capacity=30 is_open=False hour_summary=Closed until 4:00pm
[2026-04-12 00:30:04] RIMAC Fitness Gym: 1% (Closed) people=1 capacity=150 is_open=False hour_summary=Closed until 8:00am
[2026-04-12 00:30:04] Triton Esports Center: 0% (Closed) people=0 capacity=35 is_open=False hour_summary=Closed until 11:00am
[2026-04-12 00:30:04] === SCRAPE END OK ===
[2026-04-12 00:45:03] === SCRAPE START ===
[2026-04-12 00:45:03] Fetching https://waitz.io/live/ucsd-rec
[2026-04-12 00:45:04] Saved 4 rows to ucsd_occupancy_history.csv
[2026-04-12 00:45:04] Main Gym Fitness Gym: 1% (Closed) people=1 capacity=72 is_open=False hour_summary=Closed until 8:00am
[2026-04-12 00:45:04] Outback Climbing Center: 2% (Closed) people=1 capacity=30 is_open=False hour_summary=Closed until 4:00pm
[2026-04-12 00:45:04] RIMAC Fitness Gym: 1% (Closed) people=1 capacity=150 is_open=False hour_summary=Closed until 8:00am
[2026-04-12 00:45:04] Triton Esports Center: 0% (Closed) people=0 capacity=35 is_open=False hour_summary=Closed until 11:00am
[2026-04-12 00:45:04] === SCRAPE END OK ===
[2026-04-12 01:00:03] === SCRAPE START ===
[2026-04-12 01:00:03] Fetching https://waitz.io/live/ucsd-rec
[2026-04-12 01:00:04] Saved 4 rows to ucsd_occupancy_history.csv
[2026-04-12 01:00:04] Main Gym Fitness Gym: 1% (Closed) people=1 capacity=72 is_open=False hour_summary=Closed until 8:00am
[2026-04-12 01:00:04] Outback Climbing Center: 2% (Closed) people=1 capacity=30 is_open=False hour_summary=Closed until 4:00pm
[2026-04-12 01:00:04] RIMAC Fitness Gym: 1% (Closed) people=1 capacity=150 is_open=False hour_summary=Closed until 8:00am
[2026-04-12 01:00:04] Triton Esports Center: 0% (Closed) people=0 capacity=35 is_open=False hour_summary=Closed until 11:00am
[2026-04-12 01:00:04] === SCRAPE END OK ===
[2026-04-12 01:15:03] === SCRAPE START ===
[2026-04-12 01:15:03] Fetching https://waitz.io/live/ucsd-rec
[2026-04-12 01:15:03] Saved 4 rows to ucsd_occupancy_history.csv
[2026-04-12 01:15:03] Main Gym Fitness Gym: 1% (Closed) people=1 capacity=72 is_open=False hour_summary=Closed until 8:00am
[2026-04-12 01:15:03] Outback Climbing Center: 6% (Closed) people=2 capacity=30 is_open=False hour_summary=Closed until 4:00pm
[2026-04-12 01:15:03] RIMAC Fitness Gym: 1% (Closed) people=1 capacity=150 is_open=False hour_summary=Closed until 8:00am
[2026-04-12 01:15:03] Triton Esports Center: 0% (Closed) people=0 capacity=35 is_open=False hour_summary=Closed until 11:00am
[2026-04-12 01:15:03] === SCRAPE END OK ===
[2026-04-12 01:30:03] === SCRAPE START ===
[2026-04-12 01:30:03] Fetching https://waitz.io/live/ucsd-rec
[2026-04-12 01:30:04] Saved 4 rows to ucsd_occupancy_history.csv
[2026-04-12 01:30:04] Main Gym Fitness Gym: 1% (Closed) people=1 capacity=72 is_open=False hour_summary=Closed until 8:00am
[2026-04-12 01:30:04] Outback Climbing Center: 4% (Closed) people=1 capacity=30 is_open=False hour_summary=Closed until 4:00pm
[2026-04-12 01:30:04] RIMAC Fitness Gym: 1% (Closed) people=1 capacity=150 is_open=False hour_summary=Closed until 8:00am
[2026-04-12 01:30:04] Triton Esports Center: 0% (Closed) people=0 capacity=35 is_open=False hour_summary=Closed until 11:00am
[2026-04-12 01:30:04] === SCRAPE END OK ===
[2026-04-12 01:45:03] === SCRAPE START ===
[2026-04-12 01:45:03] Fetching https://waitz.io/live/ucsd-rec
[2026-04-12 01:45:04] Saved 4 rows to ucsd_occupancy_history.csv
[2026-04-12 01:45:04] Main Gym Fitness Gym: 1% (Closed) people=1 capacity=72 is_open=False hour_summary=Closed until 8:00am
[2026-04-12 01:45:04] Outback Climbing Center: 7% (Closed) people=2 capacity=30 is_open=False hour_summary=Closed until 4:00pm
[2026-04-12 01:45:04] RIMAC Fitness Gym: 1% (Closed) people=1 capacity=150 is_open=False hour_summary=Closed until 8:00am
[2026-04-12 01:45:04] Triton Esports Center: 0% (Closed) people=0 capacity=35 is_open=False hour_summary=Closed until 11:00am
[2026-04-12 01:45:04] === SCRAPE END OK ===
[2026-04-12 02:00:03] === SCRAPE START ===
[2026-04-12 02:00:03] Fetching https://waitz.io/live/ucsd-rec
[2026-04-12 02:00:04] Saved 4 rows to ucsd_occupancy_history.csv
[2026-04-12 02:00:04] Main Gym Fitness Gym: 1% (Closed) people=1 capacity=72 is_open=False hour_summary=Closed until 8:00am
[2026-04-12 02:00:04] Outback Climbing Center: 2% (Closed) people=1 capacity=30 is_open=False hour_summary=Closed until 4:00pm
[2026-04-12 02:00:04] RIMAC Fitness Gym: 1% (Closed) people=1 capacity=150 is_open=False hour_summary=Closed until 8:00am
[2026-04-12 02:00:04] Triton Esports Center: 0% (Closed) people=0 capacity=35 is_open=False hour_summary=Closed until 11:00am
[2026-04-12 02:00:04] === SCRAPE END OK ===
[2026-04-12 02:15:03] === SCRAPE START ===
[2026-04-12 02:15:03] Fetching https://waitz.io/live/ucsd-rec
[2026-04-12 02:15:04] Saved 4 rows to ucsd_occupancy_history.csv
[2026-04-12 02:15:04] Main Gym Fitness Gym: 1% (Closed) people=1 capacity=72 is_open=False hour_summary=Closed until 8:00am
[2026-04-12 02:15:04] Outback Climbing Center: 4% (Closed) people=1 capacity=30 is_open=False hour_summary=Closed until 4:00pm
[2026-04-12 02:15:04] RIMAC Fitness Gym: 1% (Closed) people=1 capacity=150 is_open=False hour_summary=Closed until 8:00am
[2026-04-12 02:15:04] Triton Esports Center: 0% (Closed) people=0 capacity=35 is_open=False hour_summary=Closed until 11:00am
[2026-04-12 02:15:04] === SCRAPE END OK ===
[2026-04-12 02:30:02] === SCRAPE START ===
[2026-04-12 02:30:02] Fetching https://waitz.io/live/ucsd-rec
[2026-04-12 02:30:04] Saved 4 rows to ucsd_occupancy_history.csv
[2026-04-12 02:30:04] Main Gym Fitness Gym: 1% (Closed) people=1 capacity=72 is_open=False hour_summary=Closed until 8:00am
[2026-04-12 02:30:04] Outback Climbing Center: 3% (Closed) people=1 capacity=30 is_open=False hour_summary=Closed until 4:00pm
[2026-04-12 02:30:04] RIMAC Fitness Gym: 0% (Closed) people=1 capacity=150 is_open=False hour_summary=Closed until 8:00am
[2026-04-12 02:30:04] Triton Esports Center: 0% (Closed) people=0 capacity=35 is_open=False hour_summary=Closed until 11:00am
[2026-04-12 02:30:04] === SCRAPE END OK ===
[2026-04-12 02:45:02] === SCRAPE START ===
[2026-04-12 02:45:02] Fetching https://waitz.io/live/ucsd-rec
[2026-04-12 02:45:04] Saved 4 rows to ucsd_occupancy_history.csv
[2026-04-12 02:45:04] Main Gym Fitness Gym: 1% (Closed) people=1 capacity=72 is_open=False hour_summary=Closed until 8:00am
[2026-04-12 02:45:04] Outback Climbing Center: 1% (Closed) people=0 capacity=30 is_open=False hour_summary=Closed until 4:00pm
[2026-04-12 02:45:04] RIMAC Fitness Gym: 1% (Closed) people=1 capacity=150 is_open=False hour_summary=Closed until 8:00am
[2026-04-12 02:45:04] Triton Esports Center: 0% (Closed) people=0 capacity=35 is_open=False hour_summary=Closed until 11:00am
[2026-04-12 02:45:04] === SCRAPE END OK ===
[2026-04-12 03:00:02] === SCRAPE START ===
[2026-04-12 03:00:02] Fetching https://waitz.io/live/ucsd-rec
[2026-04-12 03:00:04] Saved 4 rows to ucsd_occupancy_history.csv
[2026-04-12 03:00:04] Main Gym Fitness Gym: 1% (Closed) people=1 capacity=72 is_open=False hour_summary=Closed until 8:00am
[2026-04-12 03:00:04] Outback Climbing Center: 7% (Closed) people=2 capacity=30 is_open=False hour_summary=Closed until 4:00pm
[2026-04-12 03:00:04] RIMAC Fitness Gym: 1% (Closed) people=1 capacity=150 is_open=False hour_summary=Closed until 8:00am
[2026-04-12 03:00:04] Triton Esports Center: 0% (Closed) people=0 capacity=35 is_open=False hour_summary=Closed until 11:00am
[2026-04-12 03:00:04] === SCRAPE END OK ===
[2026-04-12 03:15:02] === SCRAPE START ===
[2026-04-12 03:15:02] Fetching https://waitz.io/live/ucsd-rec
[2026-04-12 03:15:04] Saved 4 rows to ucsd_occupancy_history.csv
[2026-04-12 03:15:04] Main Gym Fitness Gym: 1% (Closed) people=1 capacity=72 is_open=False hour_summary=Closed until 8:00am
[2026-04-12 03:15:04] Outback Climbing Center: 2% (Closed) people=1 capacity=30 is_open=False hour_summary=Closed until 4:00pm
[2026-04-12 03:15:04] RIMAC Fitness Gym: 1% (Closed) people=1 capacity=150 is_open=False hour_summary=Closed until 8:00am
[2026-04-12 03:15:04] Triton Esports Center: 0% (Closed) people=0 capacity=35 is_open=False hour_summary=Closed until 11:00am
[2026-04-12 03:15:04] === SCRAPE END OK ===
[2026-04-12 03:30:02] === SCRAPE START ===
[2026-04-12 03:30:02] Fetching https://waitz.io/live/ucsd-rec
[2026-04-12 03:30:03] Saved 4 rows to ucsd_occupancy_history.csv
[2026-04-12 03:30:03] Main Gym Fitness Gym: 0% (Closed) people=0 capacity=72 is_open=False hour_summary=Closed until 8:00am
[2026-04-12 03:30:03] Outback Climbing Center: 4% (Closed) people=1 capacity=30 is_open=False hour_summary=Closed until 4:00pm
[2026-04-12 03:30:03] RIMAC Fitness Gym: 1% (Closed) people=1 capacity=150 is_open=False hour_summary=Closed until 8:00am
[2026-04-12 03:30:03] Triton Esports Center: 0% (Closed) people=0 capacity=35 is_open=False hour_summary=Closed until 11:00am
[2026-04-12 03:30:03] === SCRAPE END OK ===
[2026-04-12 03:45:02] === SCRAPE START ===
[2026-04-12 03:45:02] Fetching https://waitz.io/live/ucsd-rec
[2026-04-12 03:45:03] Saved 4 rows to ucsd_occupancy_history.csv
[2026-04-12 03:45:03] Main Gym Fitness Gym: 1% (Closed) people=1 capacity=72 is_open=False hour_summary=Closed until 8:00am
[2026-04-12 03:45:03] Outback Climbing Center: 1% (Closed) people=0 capacity=30 is_open=False hour_summary=Closed until 4:00pm
[2026-04-12 03:45:03] RIMAC Fitness Gym: 0% (Closed) people=1 capacity=150 is_open=False hour_summary=Closed until 8:00am
[2026-04-12 03:45:03] Triton Esports Center: 0% (Closed) people=0 capacity=35 is_open=False hour_summary=Closed until 11:00am
[2026-04-12 03:45:03] === SCRAPE END OK ===
[2026-04-12 04:00:02] === SCRAPE START ===
[2026-04-12 04:00:02] Fetching https://waitz.io/live/ucsd-rec
[2026-04-12 04:00:04] Saved 4 rows to ucsd_occupancy_history.csv
[2026-04-12 04:00:04] Main Gym Fitness Gym: 1% (Closed) people=1 capacity=72 is_open=False hour_summary=Closed until 8:00am
[2026-04-12 04:00:04] Outback Climbing Center: 3% (Closed) people=1 capacity=30 is_open=False hour_summary=Closed until 4:00pm
[2026-04-12 04:00:04] RIMAC Fitness Gym: 9% (Closed) people=14 capacity=150 is_open=False hour_summary=Closed until 8:00am
[2026-04-12 04:00:04] Triton Esports Center: 0% (Closed) people=0 capacity=35 is_open=False hour_summary=Closed until 11:00am
[2026-04-12 04:00:04] === SCRAPE END OK ===
[2026-04-12 04:15:02] === SCRAPE START ===
[2026-04-12 04:15:02] Fetching https://waitz.io/live/ucsd-rec
[2026-04-12 04:15:03] Saved 4 rows to ucsd_occupancy_history.csv
[2026-04-12 04:15:03] Main Gym Fitness Gym: 1% (Closed) people=1 capacity=72 is_open=False hour_summary=Closed until 8:00am
[2026-04-12 04:15:03] Outback Climbing Center: 5% (Closed) people=2 capacity=30 is_open=False hour_summary=Closed until 4:00pm
[2026-04-12 04:15:03] RIMAC Fitness Gym: 1% (Closed) people=1 capacity=150 is_open=False hour_summary=Closed until 8:00am
[2026-04-12 04:15:03] Triton Esports Center: 0% (Closed) people=0 capacity=35 is_open=False hour_summary=Closed until 11:00am
[2026-04-12 04:15:03] === SCRAPE END OK ===
[2026-04-12 04:30:02] === SCRAPE START ===
[2026-04-12 04:30:02] Fetching https://waitz.io/live/ucsd-rec
[2026-04-12 04:30:03] Saved 4 rows to ucsd_occupancy_history.csv
[2026-04-12 04:30:03] Main Gym Fitness Gym: 1% (Closed) people=1 capacity=72 is_open=False hour_summary=Closed until 8:00am
[2026-04-12 04:30:03] Outback Climbing Center: 1% (Closed) people=0 capacity=30 is_open=False hour_summary=Closed until 4:00pm
[2026-04-12 04:30:03] RIMAC Fitness Gym: 1% (Closed) people=1 capacity=150 is_open=False hour_summary=Closed until 8:00am
[2026-04-12 04:30:03] Triton Esports Center: 0% (Closed) people=0 capacity=35 is_open=False hour_summary=Closed until 11:00am
[2026-04-12 04:30:03] === SCRAPE END OK ===
[2026-04-12 04:45:02] === SCRAPE START ===
[2026-04-12 04:45:02] Fetching https://waitz.io/live/ucsd-rec
[2026-04-12 04:45:03] Saved 4 rows to ucsd_occupancy_history.csv
[2026-04-12 04:45:03] Main Gym Fitness Gym: 2% (Closed) people=1 capacity=72 is_open=False hour_summary=Closed until 8:00am
[2026-04-12 04:45:03] Outback Climbing Center: 1% (Closed) people=0 capacity=30 is_open=False hour_summary=Closed until 4:00pm
[2026-04-12 04:45:03] RIMAC Fitness Gym: 0% (Closed) people=1 capacity=150 is_open=False hour_summary=Closed until 8:00am
[2026-04-12 04:45:03] Triton Esports Center: 0% (Closed) people=0 capacity=35 is_open=False hour_summary=Closed until 11:00am
[2026-04-12 04:45:03] === SCRAPE END OK ===
[2026-04-12 05:00:02] === SCRAPE START ===
[2026-04-12 05:00:02] Fetching https://waitz.io/live/ucsd-rec
[2026-04-12 05:00:03] Saved 4 rows to ucsd_occupancy_history.csv
[2026-04-12 05:00:03] Main Gym Fitness Gym: 1% (Closed) people=1 capacity=72 is_open=False hour_summary=Closed until 8:00am
[2026-04-12 05:00:03] Outback Climbing Center: 1% (Closed) people=0 capacity=30 is_open=False hour_summary=Closed until 4:00pm
[2026-04-12 05:00:03] RIMAC Fitness Gym: 1% (Closed) people=1 capacity=150 is_open=False hour_summary=Closed until 8:00am
[2026-04-12 05:00:03] Triton Esports Center: 0% (Closed) people=0 capacity=35 is_open=False hour_summary=Closed until 11:00am
[2026-04-12 05:00:03] === SCRAPE END OK ===
