[2026-06-10 00:15:07] === SCRAPE START ===
[2026-06-10 00:15:07] Fetching https://waitz.io/live/ucsd-rec
[2026-06-10 00:15:08] Saved 4 rows to ucsd_occupancy_history.csv
[2026-06-10 00:15:08] Main Gym Fitness Gym: 2% (Closed) people=1 capacity=72 is_open=False hour_summary=Closed until 6:00am
[2026-06-10 00:15:08] Outback Climbing Center: 6% (Closed) people=2 capacity=30 is_open=False hour_summary=Closed until 10:00am
[2026-06-10 00:15:08] RIMAC Fitness Gym: 0% (Closed) people=1 capacity=150 is_open=False hour_summary=Closed until 6:00am
[2026-06-10 00:15:08] Triton Esports Center: 0% (Closed) people=0 capacity=35 is_open=False hour_summary=Closed until 7:30am
[2026-06-10 00:15:08] === SCRAPE END OK ===
[2026-06-10 00:30:06] === SCRAPE START ===
[2026-06-10 00:30:06] Fetching https://waitz.io/live/ucsd-rec
[2026-06-10 00:30:07] Saved 4 rows to ucsd_occupancy_history.csv
[2026-06-10 00:30:07] Main Gym Fitness Gym: 2% (Closed) people=1 capacity=72 is_open=False hour_summary=Closed until 6:00am
[2026-06-10 00:30:07] Outback Climbing Center: 6% (Closed) people=2 capacity=30 is_open=False hour_summary=Closed until 10:00am
[2026-06-10 00:30:07] RIMAC Fitness Gym: 0% (Closed) people=0 capacity=150 is_open=False hour_summary=Closed until 6:00am
[2026-06-10 00:30:07] Triton Esports Center: 0% (Closed) people=0 capacity=35 is_open=False hour_summary=Closed until 7:30am
[2026-06-10 00:30:07] === SCRAPE END OK ===
[2026-06-10 00:45:03] === SCRAPE START ===
[2026-06-10 00:45:03] Fetching https://waitz.io/live/ucsd-rec
[2026-06-10 00:45:03] Saved 4 rows to ucsd_occupancy_history.csv
[2026-06-10 00:45:03] Main Gym Fitness Gym: 1% (Closed) people=1 capacity=72 is_open=False hour_summary=Closed until 6:00am
[2026-06-10 00:45:03] Outback Climbing Center: 7% (Closed) people=2 capacity=30 is_open=False hour_summary=Closed until 10:00am
[2026-06-10 00:45:03] RIMAC Fitness Gym: 0% (Closed) people=1 capacity=150 is_open=False hour_summary=Closed until 6:00am
[2026-06-10 00:45:03] Triton Esports Center: 0% (Closed) people=0 capacity=35 is_open=False hour_summary=Closed until 7:30am
[2026-06-10 00:45:03] === SCRAPE END OK ===
[2026-06-10 01:00:03] === SCRAPE START ===
[2026-06-10 01:00:03] Fetching https://waitz.io/live/ucsd-rec
[2026-06-10 01:00:04] Saved 4 rows to ucsd_occupancy_history.csv
[2026-06-10 01:00:04] Main Gym Fitness Gym: 2% (Closed) people=2 capacity=72 is_open=False hour_summary=Closed until 6:00am
[2026-06-10 01:00:04] Outback Climbing Center: 12% (Closed) people=4 capacity=30 is_open=False hour_summary=Closed until 10:00am
[2026-06-10 01:00:04] RIMAC Fitness Gym: 0% (Closed) people=0 capacity=150 is_open=False hour_summary=Closed until 6:00am
[2026-06-10 01:00:04] Triton Esports Center: 0% (Closed) people=0 capacity=35 is_open=False hour_summary=Closed until 7:30am
[2026-06-10 01:00:04] === SCRAPE END OK ===
[2026-06-10 01:15:03] === SCRAPE START ===
[2026-06-10 01:15:03] Fetching https://waitz.io/live/ucsd-rec
[2026-06-10 01:15:03] Saved 4 rows to ucsd_occupancy_history.csv
[2026-06-10 01:15:03] Main Gym Fitness Gym: 1% (Closed) people=1 capacity=72 is_open=False hour_summary=Closed until 6:00am
[2026-06-10 01:15:03] Outback Climbing Center: 8% (Closed) people=3 capacity=30 is_open=False hour_summary=Closed until 10:00am
[2026-06-10 01:15:03] RIMAC Fitness Gym: 0% (Closed) people=0 capacity=150 is_open=False hour_summary=Closed until 6:00am
[2026-06-10 01:15:03] Triton Esports Center: 0% (Closed) people=0 capacity=35 is_open=False hour_summary=Closed until 7:30am
[2026-06-10 01:15:03] === SCRAPE END OK ===
[2026-06-10 01:30:03] === SCRAPE START ===
[2026-06-10 01:30:03] Fetching https://waitz.io/live/ucsd-rec
[2026-06-10 01:30:04] Saved 4 rows to ucsd_occupancy_history.csv
[2026-06-10 01:30:04] Main Gym Fitness Gym: 0% (Closed) people=0 capacity=72 is_open=False hour_summary=Closed until 6:00am
[2026-06-10 01:30:04] Outback Climbing Center: 6% (Closed) people=2 capacity=30 is_open=False hour_summary=Closed until 10:00am
[2026-06-10 01:30:04] RIMAC Fitness Gym: 0% (Closed) people=0 capacity=150 is_open=False hour_summary=Closed until 6:00am
[2026-06-10 01:30:04] Triton Esports Center: 0% (Closed) people=0 capacity=35 is_open=False hour_summary=Closed until 7:30am
[2026-06-10 01:30:04] === SCRAPE END OK ===
