[2026-06-04 00:00:01] === SCRAPE START ===
[2026-06-04 00:00:01] Fetching https://waitz.io/live/ucsd-rec
[2026-06-04 00:00:03] Saved 4 rows to ucsd_occupancy_history.csv
[2026-06-04 00:00:03] Main Gym Fitness Gym: 1% (Closed) people=1 capacity=72 is_open=False hour_summary=Closed until 6:00am
[2026-06-04 00:00:03] Outback Climbing Center: 2% (Closed) people=1 capacity=30 is_open=False hour_summary=Closed until 10:00am
[2026-06-04 00:00:03] RIMAC Fitness Gym: 0% (Closed) people=0 capacity=150 is_open=False hour_summary=Closed until 6:00am
[2026-06-04 00:00:03] Triton Esports Center: 0% (Closed) people=0 capacity=35 is_open=False hour_summary=Closed until 7:30am
[2026-06-04 00:00:03] === SCRAPE END OK ===
[2026-06-04 00:15:02] === SCRAPE START ===
[2026-06-04 00:15:02] Fetching https://waitz.io/live/ucsd-rec
[2026-06-04 00:15:03] Saved 4 rows to ucsd_occupancy_history.csv
[2026-06-04 00:15:03] Main Gym Fitness Gym: 1% (Closed) people=1 capacity=72 is_open=False hour_summary=Closed until 6:00am
[2026-06-04 00:15:03] Outback Climbing Center: 1% (Closed) people=0 capacity=30 is_open=False hour_summary=Closed until 10:00am
[2026-06-04 00:15:03] RIMAC Fitness Gym: 0% (Closed) people=0 capacity=150 is_open=False hour_summary=Closed until 6:00am
[2026-06-04 00:15:03] Triton Esports Center: 0% (Closed) people=0 capacity=35 is_open=False hour_summary=Closed until 7:30am
[2026-06-04 00:15:03] === SCRAPE END OK ===
[2026-06-04 00:30:02] === SCRAPE START ===
[2026-06-04 00:30:02] Fetching https://waitz.io/live/ucsd-rec
[2026-06-04 00:30:03] Saved 4 rows to ucsd_occupancy_history.csv
[2026-06-04 00:30:03] Main Gym Fitness Gym: 1% (Closed) people=1 capacity=72 is_open=False hour_summary=Closed until 6:00am
[2026-06-04 00:30:03] Outback Climbing Center: 1% (Closed) people=0 capacity=30 is_open=False hour_summary=Closed until 10:00am
[2026-06-04 00:30:03] RIMAC Fitness Gym: 0% (Closed) people=1 capacity=150 is_open=False hour_summary=Closed until 6:00am
[2026-06-04 00:30:03] Triton Esports Center: 0% (Closed) people=0 capacity=35 is_open=False hour_summary=Closed until 7:30am
[2026-06-04 00:30:03] === SCRAPE END OK ===
[2026-06-04 00:45:02] === SCRAPE START ===
[2026-06-04 00:45:02] Fetching https://waitz.io/live/ucsd-rec
[2026-06-04 00:45:02] Saved 4 rows to ucsd_occupancy_history.csv
[2026-06-04 00:45:02] Main Gym Fitness Gym: 1% (Closed) people=1 capacity=72 is_open=False hour_summary=Closed until 6:00am
[2026-06-04 00:45:02] Outback Climbing Center: 2% (Closed) people=1 capacity=30 is_open=False hour_summary=Closed until 10:00am
[2026-06-04 00:45:02] RIMAC Fitness Gym: 0% (Closed) people=1 capacity=150 is_open=False hour_summary=Closed until 6:00am
[2026-06-04 00:45:02] Triton Esports Center: 0% (Closed) people=0 capacity=35 is_open=False hour_summary=Closed until 7:30am
[2026-06-04 00:45:02] === SCRAPE END OK ===
[2026-06-04 01:00:02] === SCRAPE START ===
[2026-06-04 01:00:02] Fetching https://waitz.io/live/ucsd-rec
[2026-06-04 01:00:04] Saved 4 rows to ucsd_occupancy_history.csv
[2026-06-04 01:00:04] Main Gym Fitness Gym: 2% (Closed) people=2 capacity=72 is_open=False hour_summary=Closed until 6:00am
[2026-06-04 01:00:04] Outback Climbing Center: 1% (Closed) people=0 capacity=30 is_open=False hour_summary=Closed until 10:00am
[2026-06-04 01:00:04] RIMAC Fitness Gym: 0% (Closed) people=1 capacity=150 is_open=False hour_summary=Closed until 6:00am
[2026-06-04 01:00:04] Triton Esports Center: 0% (Closed) people=0 capacity=35 is_open=False hour_summary=Closed until 7:30am
[2026-06-04 01:00:04] === SCRAPE END OK ===
[2026-06-04 01:15:02] === SCRAPE START ===
[2026-06-04 01:15:02] Fetching https://waitz.io/live/ucsd-rec
[2026-06-04 01:15:04] Saved 4 rows to ucsd_occupancy_history.csv
[2026-06-04 01:15:04] Main Gym Fitness Gym: 1% (Closed) people=1 capacity=72 is_open=False hour_summary=Closed until 6:00am
[2026-06-04 01:15:04] Outback Climbing Center: 1% (Closed) people=0 capacity=30 is_open=False hour_summary=Closed until 10:00am
[2026-06-04 01:15:04] RIMAC Fitness Gym: 0% (Closed) people=0 capacity=150 is_open=False hour_summary=Closed until 6:00am
[2026-06-04 01:15:04] Triton Esports Center: 0% (Closed) people=0 capacity=35 is_open=False hour_summary=Closed until 7:30am
[2026-06-04 01:15:04] === SCRAPE END OK ===
[2026-06-04 01:30:02] === SCRAPE START ===
[2026-06-04 01:30:02] Fetching https://waitz.io/live/ucsd-rec
[2026-06-04 01:30:04] Saved 4 rows to ucsd_occupancy_history.csv
[2026-06-04 01:30:04] Main Gym Fitness Gym: 1% (Closed) people=1 capacity=72 is_open=False hour_summary=Closed until 6:00am
[2026-06-04 01:30:04] Outback Climbing Center: 1% (Closed) people=0 capacity=30 is_open=False hour_summary=Closed until 10:00am
[2026-06-04 01:30:04] RIMAC Fitness Gym: 0% (Closed) people=1 capacity=150 is_open=False hour_summary=Closed until 6:00am
[2026-06-04 01:30:04] Triton Esports Center: 0% (Closed) people=0 capacity=35 is_open=False hour_summary=Closed until 7:30am
[2026-06-04 01:30:04] === SCRAPE END OK ===
[2026-06-04 01:45:02] === SCRAPE START ===
[2026-06-04 01:45:02] Fetching https://waitz.io/live/ucsd-rec
[2026-06-04 01:45:03] Saved 4 rows to ucsd_occupancy_history.csv
[2026-06-04 01:45:03] Main Gym Fitness Gym: 1% (Closed) people=1 capacity=72 is_open=False hour_summary=Closed until 6:00am
[2026-06-04 01:45:03] Outback Climbing Center: 1% (Closed) people=0 capacity=30 is_open=False hour_summary=Closed until 10:00am
[2026-06-04 01:45:03] RIMAC Fitness Gym: 0% (Closed) people=0 capacity=150 is_open=False hour_summary=Closed until 6:00am
[2026-06-04 01:45:03] Triton Esports Center: 0% (Closed) people=0 capacity=35 is_open=False hour_summary=Closed until 7:30am
[2026-06-04 01:45:03] === SCRAPE END OK ===
[2026-06-04 02:00:02] === SCRAPE START ===
[2026-06-04 02:00:02] Fetching https://waitz.io/live/ucsd-rec
[2026-06-04 02:00:03] Saved 4 rows to ucsd_occupancy_history.csv
[2026-06-04 02:00:03] Main Gym Fitness Gym: 1% (Closed) people=1 capacity=72 is_open=False hour_summary=Closed until 6:00am
[2026-06-04 02:00:03] Outback Climbing Center: 2% (Closed) people=1 capacity=30 is_open=False hour_summary=Closed until 10:00am
[2026-06-04 02:00:03] RIMAC Fitness Gym: 0% (Closed) people=0 capacity=150 is_open=False hour_summary=Closed until 6:00am
[2026-06-04 02:00:03] Triton Esports Center: 0% (Closed) people=0 capacity=35 is_open=False hour_summary=Closed until 7:30am
[2026-06-04 02:00:03] === SCRAPE END OK ===
[2026-06-04 02:15:02] === SCRAPE START ===
[2026-06-04 02:15:02] Fetching https://waitz.io/live/ucsd-rec
[2026-06-04 02:15:03] Saved 4 rows to ucsd_occupancy_history.csv
[2026-06-04 02:15:03] Main Gym Fitness Gym: 2% (Closed) people=1 capacity=72 is_open=False hour_summary=Closed until 6:00am
[2026-06-04 02:15:03] Outback Climbing Center: 1% (Closed) people=0 capacity=30 is_open=False hour_summary=Closed until 10:00am
[2026-06-04 02:15:03] RIMAC Fitness Gym: 0% (Closed) people=0 capacity=150 is_open=False hour_summary=Closed until 6:00am
[2026-06-04 02:15:03] Triton Esports Center: 0% (Closed) people=0 capacity=35 is_open=False hour_summary=Closed until 7:30am
[2026-06-04 02:15:03] === SCRAPE END OK ===
[2026-06-04 02:30:02] === SCRAPE START ===
[2026-06-04 02:30:02] Fetching https://waitz.io/live/ucsd-rec
[2026-06-04 02:30:04] Saved 4 rows to ucsd_occupancy_history.csv
[2026-06-04 02:30:04] Main Gym Fitness Gym: 1% (Closed) people=1 capacity=72 is_open=False hour_summary=Closed until 6:00am
[2026-06-04 02:30:04] Outback Climbing Center: 1% (Closed) people=0 capacity=30 is_open=False hour_summary=Closed until 10:00am
[2026-06-04 02:30:04] RIMAC Fitness Gym: 0% (Closed) people=1 capacity=150 is_open=False hour_summary=Closed until 6:00am
[2026-06-04 02:30:04] Triton Esports Center: 0% (Closed) people=0 capacity=35 is_open=False hour_summary=Closed until 7:30am
[2026-06-04 02:30:04] === SCRAPE END OK ===
[2026-06-04 02:45:02] === SCRAPE START ===
[2026-06-04 02:45:02] Fetching https://waitz.io/live/ucsd-rec
[2026-06-04 02:45:03] Saved 4 rows to ucsd_occupancy_history.csv
[2026-06-04 02:45:03] Main Gym Fitness Gym: 1% (Closed) people=1 capacity=72 is_open=False hour_summary=Closed until 6:00am
[2026-06-04 02:45:03] Outback Climbing Center: 1% (Closed) people=0 capacity=30 is_open=False hour_summary=Closed until 10:00am
[2026-06-04 02:45:03] RIMAC Fitness Gym: 0% (Closed) people=0 capacity=150 is_open=False hour_summary=Closed until 6:00am
[2026-06-04 02:45:03] Triton Esports Center: 0% (Closed) people=0 capacity=35 is_open=False hour_summary=Closed until 7:30am
[2026-06-04 02:45:03] === SCRAPE END OK ===
[2026-06-04 03:00:02] === SCRAPE START ===
[2026-06-04 03:00:02] Fetching https://waitz.io/live/ucsd-rec
[2026-06-04 03:00:04] Saved 4 rows to ucsd_occupancy_history.csv
[2026-06-04 03:00:04] Main Gym Fitness Gym: 1% (Closed) people=1 capacity=72 is_open=False hour_summary=Closed until 6:00am
[2026-06-04 03:00:04] Outback Climbing Center: 1% (Closed) people=0 capacity=30 is_open=False hour_summary=Closed until 10:00am
[2026-06-04 03:00:04] RIMAC Fitness Gym: 0% (Closed) people=0 capacity=150 is_open=False hour_summary=Closed until 6:00am
[2026-06-04 03:00:04] Triton Esports Center: 0% (Closed) people=0 capacity=35 is_open=False hour_summary=Closed until 7:30am
[2026-06-04 03:00:04] === SCRAPE END OK ===
[2026-06-04 03:15:02] === SCRAPE START ===
[2026-06-04 03:15:02] Fetching https://waitz.io/live/ucsd-rec
[2026-06-04 03:15:03] Saved 4 rows to ucsd_occupancy_history.csv
[2026-06-04 03:15:03] Main Gym Fitness Gym: 1% (Closed) people=1 capacity=72 is_open=False hour_summary=Closed until 6:00am
[2026-06-04 03:15:03] Outback Climbing Center: 1% (Closed) people=0 capacity=30 is_open=False hour_summary=Closed until 10:00am
[2026-06-04 03:15:03] RIMAC Fitness Gym: 0% (Closed) people=1 capacity=150 is_open=False hour_summary=Closed until 6:00am
[2026-06-04 03:15:03] Triton Esports Center: 0% (Closed) people=0 capacity=35 is_open=False hour_summary=Closed until 7:30am
[2026-06-04 03:15:03] === SCRAPE END OK ===
[2026-06-04 03:30:02] === SCRAPE START ===
[2026-06-04 03:30:02] Fetching https://waitz.io/live/ucsd-rec
[2026-06-04 03:30:04] Saved 4 rows to ucsd_occupancy_history.csv
[2026-06-04 03:30:04] Main Gym Fitness Gym: 1% (Closed) people=1 capacity=72 is_open=False hour_summary=Closed until 6:00am
[2026-06-04 03:30:04] Outback Climbing Center: 1% (Closed) people=0 capacity=30 is_open=False hour_summary=Closed until 10:00am
[2026-06-04 03:30:04] RIMAC Fitness Gym: 0% (Closed) people=1 capacity=150 is_open=False hour_summary=Closed until 6:00am
[2026-06-04 03:30:04] Triton Esports Center: 0% (Closed) people=0 capacity=35 is_open=False hour_summary=Closed until 7:30am
[2026-06-04 03:30:04] === SCRAPE END OK ===
[2026-06-04 03:45:02] === SCRAPE START ===
[2026-06-04 03:45:02] Fetching https://waitz.io/live/ucsd-rec
[2026-06-04 03:45:03] Saved 4 rows to ucsd_occupancy_history.csv
[2026-06-04 03:45:03] Main Gym Fitness Gym: 1% (Closed) people=1 capacity=72 is_open=False hour_summary=Closed until 6:00am
[2026-06-04 03:45:03] Outback Climbing Center: 1% (Closed) people=0 capacity=30 is_open=False hour_summary=Closed until 10:00am
[2026-06-04 03:45:03] RIMAC Fitness Gym: 0% (Closed) people=1 capacity=150 is_open=False hour_summary=Closed until 6:00am
[2026-06-04 03:45:03] Triton Esports Center: 0% (Closed) people=0 capacity=35 is_open=False hour_summary=Closed until 7:30am
[2026-06-04 03:45:03] === SCRAPE END OK ===
[2026-06-04 04:00:02] === SCRAPE START ===
[2026-06-04 04:00:02] Fetching https://waitz.io/live/ucsd-rec
[2026-06-04 04:00:04] Saved 4 rows to ucsd_occupancy_history.csv
[2026-06-04 04:00:04] Main Gym Fitness Gym: 1% (Closed) people=1 capacity=72 is_open=False hour_summary=Closed until 6:00am
[2026-06-04 04:00:04] Outback Climbing Center: 2% (Closed) people=1 capacity=30 is_open=False hour_summary=Closed until 10:00am
[2026-06-04 04:00:04] RIMAC Fitness Gym: 0% (Closed) people=1 capacity=150 is_open=False hour_summary=Closed until 6:00am
[2026-06-04 04:00:04] Triton Esports Center: 0% (Closed) people=0 capacity=35 is_open=False hour_summary=Closed until 7:30am
[2026-06-04 04:00:04] === SCRAPE END OK ===
[2026-06-04 04:15:02] === SCRAPE START ===
[2026-06-04 04:15:02] Fetching https://waitz.io/live/ucsd-rec
[2026-06-04 04:15:03] Saved 4 rows to ucsd_occupancy_history.csv
[2026-06-04 04:15:03] Main Gym Fitness Gym: 1% (Closed) people=1 capacity=72 is_open=False hour_summary=Closed until 6:00am
[2026-06-04 04:15:03] Outback Climbing Center: 1% (Closed) people=0 capacity=30 is_open=False hour_summary=Closed until 10:00am
[2026-06-04 04:15:03] RIMAC Fitness Gym: 0% (Closed) people=0 capacity=150 is_open=False hour_summary=Closed until 6:00am
[2026-06-04 04:15:03] Triton Esports Center: 0% (Closed) people=0 capacity=35 is_open=False hour_summary=Closed until 7:30am
[2026-06-04 04:15:03] === SCRAPE END OK ===
[2026-06-04 04:30:02] === SCRAPE START ===
[2026-06-04 04:30:02] Fetching https://waitz.io/live/ucsd-rec
[2026-06-04 04:30:04] Saved 4 rows to ucsd_occupancy_history.csv
[2026-06-04 04:30:04] Main Gym Fitness Gym: 1% (Closed) people=1 capacity=72 is_open=False hour_summary=Closed until 6:00am
[2026-06-04 04:30:04] Outback Climbing Center: 1% (Closed) people=0 capacity=30 is_open=False hour_summary=Closed until 10:00am
[2026-06-04 04:30:04] RIMAC Fitness Gym: 0% (Closed) people=0 capacity=150 is_open=False hour_summary=Closed until 6:00am
[2026-06-04 04:30:04] Triton Esports Center: 0% (Closed) people=0 capacity=35 is_open=False hour_summary=Closed until 7:30am
[2026-06-04 04:30:04] === SCRAPE END OK ===
[2026-06-04 04:45:02] === SCRAPE START ===
[2026-06-04 04:45:02] Fetching https://waitz.io/live/ucsd-rec
[2026-06-04 04:45:03] Saved 4 rows to ucsd_occupancy_history.csv
[2026-06-04 04:45:03] Main Gym Fitness Gym: 1% (Closed) people=1 capacity=72 is_open=False hour_summary=Closed until 6:00am
[2026-06-04 04:45:03] Outback Climbing Center: 4% (Closed) people=1 capacity=30 is_open=False hour_summary=Closed until 10:00am
[2026-06-04 04:45:03] RIMAC Fitness Gym: 0% (Closed) people=1 capacity=150 is_open=False hour_summary=Closed until 6:00am
[2026-06-04 04:45:03] Triton Esports Center: 0% (Closed) people=0 capacity=35 is_open=False hour_summary=Closed until 7:30am
[2026-06-04 04:45:03] === SCRAPE END OK ===
[2026-06-04 05:00:02] === SCRAPE START ===
[2026-06-04 05:00:02] Fetching https://waitz.io/live/ucsd-rec
[2026-06-04 05:00:04] Saved 4 rows to ucsd_occupancy_history.csv
[2026-06-04 05:00:04] Main Gym Fitness Gym: 1% (Closed) people=1 capacity=72 is_open=False hour_summary=Closed until 6:00am
[2026-06-04 05:00:04] Outback Climbing Center: 1% (Closed) people=0 capacity=30 is_open=False hour_summary=Closed until 10:00am
[2026-06-04 05:00:04] RIMAC Fitness Gym: 0% (Closed) people=1 capacity=150 is_open=False hour_summary=Closed until 6:00am
[2026-06-04 05:00:04] Triton Esports Center: 0% (Closed) people=0 capacity=35 is_open=False hour_summary=Closed until 7:30am
[2026-06-04 05:00:04] === SCRAPE END OK ===
[2026-06-04 05:15:02] === SCRAPE START ===
[2026-06-04 05:15:02] Fetching https://waitz.io/live/ucsd-rec
[2026-06-04 05:15:03] Saved 4 rows to ucsd_occupancy_history.csv
[2026-06-04 05:15:03] Main Gym Fitness Gym: 2% (Closed) people=1 capacity=72 is_open=False hour_summary=Closed until 6:00am
[2026-06-04 05:15:03] Outback Climbing Center: 1% (Closed) people=0 capacity=30 is_open=False hour_summary=Closed until 10:00am
[2026-06-04 05:15:03] RIMAC Fitness Gym: 0% (Closed) people=0 capacity=150 is_open=False hour_summary=Closed until 6:00am
[2026-06-04 05:15:03] Triton Esports Center: 0% (Closed) people=0 capacity=35 is_open=False hour_summary=Closed until 7:30am
[2026-06-04 05:15:03] === SCRAPE END OK ===
[2026-06-04 05:30:02] === SCRAPE START ===
[2026-06-04 05:30:02] Fetching https://waitz.io/live/ucsd-rec
[2026-06-04 05:30:04] Saved 4 rows to ucsd_occupancy_history.csv
[2026-06-04 05:30:04] Main Gym Fitness Gym: 1% (Closed) people=1 capacity=72 is_open=False hour_summary=Closed until 6:00am
[2026-06-04 05:30:04] Outback Climbing Center: 2% (Closed) people=1 capacity=30 is_open=False hour_summary=Closed until 10:00am
[2026-06-04 05:30:04] RIMAC Fitness Gym: 1% (Closed) people=1 capacity=150 is_open=False hour_summary=Closed until 6:00am
[2026-06-04 05:30:04] Triton Esports Center: 0% (Closed) people=0 capacity=35 is_open=False hour_summary=Closed until 7:30am
[2026-06-04 05:30:04] === SCRAPE END OK ===
[2026-06-04 05:45:03] === SCRAPE START ===
[2026-06-04 05:45:03] Fetching https://waitz.io/live/ucsd-rec
[2026-06-04 05:45:04] Saved 4 rows to ucsd_occupancy_history.csv
[2026-06-04 05:45:04] Main Gym Fitness Gym: 1% (Closed) people=1 capacity=72 is_open=False hour_summary=Closed until 6:00am
[2026-06-04 05:45:04] Outback Climbing Center: 2% (Closed) people=1 capacity=30 is_open=False hour_summary=Closed until 10:00am
[2026-06-04 05:45:04] RIMAC Fitness Gym: 1% (Closed) people=1 capacity=150 is_open=False hour_summary=Closed until 6:00am
[2026-06-04 05:45:04] Triton Esports Center: 0% (Closed) people=0 capacity=35 is_open=False hour_summary=Closed until 7:30am
[2026-06-04 05:45:04] === SCRAPE END OK ===
[2026-06-04 06:00:02] === SCRAPE START ===
[2026-06-04 06:00:02] Fetching https://waitz.io/live/ucsd-rec
[2026-06-04 06:00:03] Saved 4 rows to ucsd_occupancy_history.csv
[2026-06-04 06:00:03] Main Gym Fitness Gym: 1% (Not Busy) people=1 capacity=72 is_open=True hour_summary=open
[2026-06-04 06:00:03] Outback Climbing Center: 1% (Closed) people=0 capacity=30 is_open=False hour_summary=Closed until 10:00am
[2026-06-04 06:00:03] RIMAC Fitness Gym: 0% (Not Busy) people=0 capacity=150 is_open=True hour_summary=open
[2026-06-04 06:00:03] Triton Esports Center: 0% (Closed) people=0 capacity=35 is_open=False hour_summary=Closed until 7:30am
[2026-06-04 06:00:03] === SCRAPE END OK ===
[2026-06-04 06:15:02] === SCRAPE START ===
[2026-06-04 06:15:02] Fetching https://waitz.io/live/ucsd-rec
[2026-06-04 06:15:04] Saved 4 rows to ucsd_occupancy_history.csv
[2026-06-04 06:15:04] Main Gym Fitness Gym: 1% (Not Busy) people=1 capacity=72 is_open=True hour_summary=open
[2026-06-04 06:15:04] Outback Climbing Center: 2% (Closed) people=1 capacity=30 is_open=False hour_summary=Closed until 10:00am
[2026-06-04 06:15:04] RIMAC Fitness Gym: 5% (Not Busy) people=8 capacity=150 is_open=True hour_summary=open
[2026-06-04 06:15:04] Triton Esports Center: 0% (Closed) people=0 capacity=35 is_open=False hour_summary=Closed until 7:30am
[2026-06-04 06:15:04] === SCRAPE END OK ===
[2026-06-04 06:30:02] === SCRAPE START ===
[2026-06-04 06:30:02] Fetching https://waitz.io/live/ucsd-rec
[2026-06-04 06:30:04] Saved 4 rows to ucsd_occupancy_history.csv
[2026-06-04 06:30:04] Main Gym Fitness Gym: 8% (Not Busy) people=6 capacity=72 is_open=True hour_summary=open
[2026-06-04 06:30:04] Outback Climbing Center: 1% (Closed) people=0 capacity=30 is_open=False hour_summary=Closed until 10:00am
[2026-06-04 06:30:04] RIMAC Fitness Gym: 11% (Not Busy) people=16 capacity=150 is_open=True hour_summary=open
[2026-06-04 06:30:04] Triton Esports Center: 0% (Closed) people=0 capacity=35 is_open=False hour_summary=Closed until 7:30am
[2026-06-04 06:30:04] === SCRAPE END OK ===
[2026-06-04 06:45:02] === SCRAPE START ===
[2026-06-04 06:45:02] Fetching https://waitz.io/live/ucsd-rec
[2026-06-04 06:45:03] Saved 4 rows to ucsd_occupancy_history.csv
[2026-06-04 06:45:03] Main Gym Fitness Gym: 10% (Not Busy) people=7 capacity=72 is_open=True hour_summary=open
[2026-06-04 06:45:03] Outback Climbing Center: 2% (Closed) people=1 capacity=30 is_open=False hour_summary=Closed until 10:00am
[2026-06-04 06:45:03] RIMAC Fitness Gym: 15% (Not Busy) people=23 capacity=150 is_open=True hour_summary=open
[2026-06-04 06:45:03] Triton Esports Center: 0% (Closed) people=0 capacity=35 is_open=False hour_summary=Closed until 7:30am
[2026-06-04 06:45:03] === SCRAPE END OK ===
[2026-06-04 07:00:02] === SCRAPE START ===
[2026-06-04 07:00:02] Fetching https://waitz.io/live/ucsd-rec
[2026-06-04 07:00:03] Saved 4 rows to ucsd_occupancy_history.csv
[2026-06-04 07:00:03] Main Gym Fitness Gym: 1% (Not Busy) people=1 capacity=72 is_open=True hour_summary=open
[2026-06-04 07:00:03] Outback Climbing Center: 1% (Closed) people=0 capacity=30 is_open=False hour_summary=Closed until 10:00am
[2026-06-04 07:00:03] RIMAC Fitness Gym: 16% (Not Busy) people=24 capacity=150 is_open=True hour_summary=open
[2026-06-04 07:00:03] Triton Esports Center: 0% (Closed) people=0 capacity=35 is_open=False hour_summary=Closed until 7:30am
[2026-06-04 07:00:03] === SCRAPE END OK ===
[2026-06-04 07:15:02] === SCRAPE START ===
[2026-06-04 07:15:02] Fetching https://waitz.io/live/ucsd-rec
[2026-06-04 07:15:03] Saved 4 rows to ucsd_occupancy_history.csv
[2026-06-04 07:15:03] Main Gym Fitness Gym: 18% (Not Busy) people=13 capacity=72 is_open=True hour_summary=open
[2026-06-04 07:15:03] Outback Climbing Center: 19% (Closed) people=6 capacity=30 is_open=False hour_summary=Closed until 10:00am
[2026-06-04 07:15:03] RIMAC Fitness Gym: 20% (Not Busy) people=30 capacity=150 is_open=True hour_summary=open
[2026-06-04 07:15:03] Triton Esports Center: 0% (Closed) people=0 capacity=35 is_open=False hour_summary=Closed until 7:30am
[2026-06-04 07:15:03] === SCRAPE END OK ===
[2026-06-04 07:30:02] === SCRAPE START ===
[2026-06-04 07:30:02] Fetching https://waitz.io/live/ucsd-rec
[2026-06-04 07:30:04] Saved 4 rows to ucsd_occupancy_history.csv
[2026-06-04 07:30:04] Main Gym Fitness Gym: 7% (Not Busy) people=5 capacity=72 is_open=True hour_summary=open
[2026-06-04 07:30:04] Outback Climbing Center: 2% (Closed) people=0 capacity=30 is_open=False hour_summary=Closed until 10:00am
[2026-06-04 07:30:04] RIMAC Fitness Gym: 25% (Not Busy) people=38 capacity=150 is_open=True hour_summary=open
[2026-06-04 07:30:04] Triton Esports Center: 0% (Not Busy) people=0 capacity=35 is_open=True hour_summary=open
[2026-06-04 07:30:04] === SCRAPE END OK ===
[2026-06-04 07:45:02] === SCRAPE START ===
[2026-06-04 07:45:02] Fetching https://waitz.io/live/ucsd-rec
[2026-06-04 07:45:03] Saved 4 rows to ucsd_occupancy_history.csv
[2026-06-04 07:45:03] Main Gym Fitness Gym: 10% (Not Busy) people=7 capacity=72 is_open=True hour_summary=open
[2026-06-04 07:45:03] Outback Climbing Center: 1% (Closed) people=0 capacity=30 is_open=False hour_summary=Closed until 10:00am
[2026-06-04 07:45:03] RIMAC Fitness Gym: 23% (Not Busy) people=34 capacity=150 is_open=True hour_summary=open
[2026-06-04 07:45:03] Triton Esports Center: 0% (Not Busy) people=0 capacity=35 is_open=True hour_summary=open
[2026-06-04 07:45:03] === SCRAPE END OK ===
[2026-06-04 08:00:02] === SCRAPE START ===
[2026-06-04 08:00:02] Fetching https://waitz.io/live/ucsd-rec
[2026-06-04 08:00:04] Saved 4 rows to ucsd_occupancy_history.csv
[2026-06-04 08:00:04] Main Gym Fitness Gym: 10% (Not Busy) people=7 capacity=72 is_open=True hour_summary=open
[2026-06-04 08:00:04] Outback Climbing Center: 1% (Closed) people=0 capacity=30 is_open=False hour_summary=Closed until 10:00am
[2026-06-04 08:00:04] RIMAC Fitness Gym: 31% (Not Busy) people=46 capacity=150 is_open=True hour_summary=open
[2026-06-04 08:00:04] Triton Esports Center: 0% (Not Busy) people=0 capacity=35 is_open=True hour_summary=open
[2026-06-04 08:00:04] === SCRAPE END OK ===
[2026-06-04 08:15:02] === SCRAPE START ===
[2026-06-04 08:15:02] Fetching https://waitz.io/live/ucsd-rec
[2026-06-04 08:15:04] Saved 4 rows to ucsd_occupancy_history.csv
[2026-06-04 08:15:04] Main Gym Fitness Gym: 8% (Not Busy) people=6 capacity=72 is_open=True hour_summary=open
[2026-06-04 08:15:04] Outback Climbing Center: 8% (Closed) people=2 capacity=30 is_open=False hour_summary=Closed until 10:00am
[2026-06-04 08:15:04] RIMAC Fitness Gym: 31% (Not Busy) people=47 capacity=150 is_open=True hour_summary=open
[2026-06-04 08:15:04] Triton Esports Center: 8% (Not Busy) people=3 capacity=35 is_open=True hour_summary=open
[2026-06-04 08:15:04] === SCRAPE END OK ===
[2026-06-04 08:30:02] === SCRAPE START ===
[2026-06-04 08:30:02] Fetching https://waitz.io/live/ucsd-rec
[2026-06-04 08:30:04] Saved 4 rows to ucsd_occupancy_history.csv
[2026-06-04 08:30:04] Main Gym Fitness Gym: 12% (Not Busy) people=9 capacity=72 is_open=True hour_summary=open
[2026-06-04 08:30:04] Outback Climbing Center: 5% (Closed) people=2 capacity=30 is_open=False hour_summary=Closed until 10:00am
[2026-06-04 08:30:04] RIMAC Fitness Gym: 34% (Not Busy) people=51 capacity=150 is_open=True hour_summary=open
[2026-06-04 08:30:04] Triton Esports Center: 12% (Not Busy) people=4 capacity=35 is_open=True hour_summary=open
[2026-06-04 08:30:04] === SCRAPE END OK ===
[2026-06-04 08:45:02] === SCRAPE START ===
[2026-06-04 08:45:02] Fetching https://waitz.io/live/ucsd-rec
[2026-06-04 08:45:03] Saved 4 rows to ucsd_occupancy_history.csv
[2026-06-04 08:45:03] Main Gym Fitness Gym: 23% (Not Busy) people=17 capacity=72 is_open=True hour_summary=open
[2026-06-04 08:45:03] Outback Climbing Center: 5% (Closed) people=1 capacity=30 is_open=False hour_summary=Closed until 10:00am
[2026-06-04 08:45:03] RIMAC Fitness Gym: 30% (Not Busy) people=45 capacity=150 is_open=True hour_summary=open
[2026-06-04 08:45:03] Triton Esports Center: 12% (Not Busy) people=4 capacity=35 is_open=True hour_summary=open
[2026-06-04 08:45:03] === SCRAPE END OK ===
