[2026-06-05 00:00:01] === SCRAPE START ===
[2026-06-05 00:00:01] Fetching https://waitz.io/live/ucsd-rec
[2026-06-05 00:00:02] Saved 4 rows to ucsd_occupancy_history.csv
[2026-06-05 00:00:02] Main Gym Fitness Gym: 3% (Closed) people=2 capacity=72 is_open=False hour_summary=Closed until 6:00am
[2026-06-05 00:00:02] Outback Climbing Center: 0% (Closed) people=0 capacity=30 is_open=False hour_summary=Closed until 10:00am
[2026-06-05 00:00:02] RIMAC Fitness Gym: 0% (Closed) people=0 capacity=150 is_open=False hour_summary=Closed until 6:00am
[2026-06-05 00:00:02] Triton Esports Center: 0% (Closed) people=0 capacity=35 is_open=False hour_summary=Closed until 7:30am
[2026-06-05 00:00:02] === SCRAPE END OK ===
[2026-06-05 00:15:02] === SCRAPE START ===
[2026-06-05 00:15:02] Fetching https://waitz.io/live/ucsd-rec
[2026-06-05 00:15:03] Saved 4 rows to ucsd_occupancy_history.csv
[2026-06-05 00:15:03] Main Gym Fitness Gym: 2% (Closed) people=1 capacity=72 is_open=False hour_summary=Closed until 6:00am
[2026-06-05 00:15:03] Outback Climbing Center: 0% (Closed) people=0 capacity=30 is_open=False hour_summary=Closed until 10:00am
[2026-06-05 00:15:03] RIMAC Fitness Gym: 0% (Closed) people=0 capacity=150 is_open=False hour_summary=Closed until 6:00am
[2026-06-05 00:15:03] Triton Esports Center: 0% (Closed) people=0 capacity=35 is_open=False hour_summary=Closed until 7:30am
[2026-06-05 00:15:03] === SCRAPE END OK ===
[2026-06-05 00:30:02] === SCRAPE START ===
[2026-06-05 00:30:02] Fetching https://waitz.io/live/ucsd-rec
[2026-06-05 00:30:04] Saved 4 rows to ucsd_occupancy_history.csv
[2026-06-05 00:30:04] Main Gym Fitness Gym: 1% (Closed) people=1 capacity=72 is_open=False hour_summary=Closed until 6:00am
[2026-06-05 00:30:04] Outback Climbing Center: 0% (Closed) people=0 capacity=30 is_open=False hour_summary=Closed until 10:00am
[2026-06-05 00:30:04] RIMAC Fitness Gym: 0% (Closed) people=0 capacity=150 is_open=False hour_summary=Closed until 6:00am
[2026-06-05 00:30:04] Triton Esports Center: 0% (Closed) people=0 capacity=35 is_open=False hour_summary=Closed until 7:30am
[2026-06-05 00:30:04] === SCRAPE END OK ===
[2026-06-05 00:45:02] === SCRAPE START ===
[2026-06-05 00:45:02] Fetching https://waitz.io/live/ucsd-rec
[2026-06-05 00:45:03] Saved 4 rows to ucsd_occupancy_history.csv
[2026-06-05 00:45:03] Main Gym Fitness Gym: 1% (Closed) people=1 capacity=72 is_open=False hour_summary=Closed until 6:00am
[2026-06-05 00:45:03] Outback Climbing Center: 0% (Closed) people=0 capacity=30 is_open=False hour_summary=Closed until 10:00am
[2026-06-05 00:45:03] RIMAC Fitness Gym: 0% (Closed) people=0 capacity=150 is_open=False hour_summary=Closed until 6:00am
[2026-06-05 00:45:03] Triton Esports Center: 0% (Closed) people=0 capacity=35 is_open=False hour_summary=Closed until 7:30am
[2026-06-05 00:45:03] === SCRAPE END OK ===
[2026-06-05 01:00:02] === SCRAPE START ===
[2026-06-05 01:00:02] Fetching https://waitz.io/live/ucsd-rec
[2026-06-05 01:00:05] Saved 4 rows to ucsd_occupancy_history.csv
[2026-06-05 01:00:05] Main Gym Fitness Gym: 2% (Closed) people=2 capacity=72 is_open=False hour_summary=Closed until 6:00am
[2026-06-05 01:00:05] Outback Climbing Center: 0% (Closed) people=0 capacity=30 is_open=False hour_summary=Closed until 10:00am
[2026-06-05 01:00:05] RIMAC Fitness Gym: 0% (Closed) people=0 capacity=150 is_open=False hour_summary=Closed until 6:00am
[2026-06-05 01:00:05] Triton Esports Center: 0% (Closed) people=0 capacity=35 is_open=False hour_summary=Closed until 7:30am
[2026-06-05 01:00:05] === SCRAPE END OK ===
[2026-06-05 01:15:02] === SCRAPE START ===
[2026-06-05 01:15:02] Fetching https://waitz.io/live/ucsd-rec
[2026-06-05 01:15:03] Saved 4 rows to ucsd_occupancy_history.csv
[2026-06-05 01:15:03] Main Gym Fitness Gym: 1% (Closed) people=1 capacity=72 is_open=False hour_summary=Closed until 6:00am
[2026-06-05 01:15:03] Outback Climbing Center: 0% (Closed) people=0 capacity=30 is_open=False hour_summary=Closed until 10:00am
[2026-06-05 01:15:03] RIMAC Fitness Gym: 0% (Closed) people=0 capacity=150 is_open=False hour_summary=Closed until 6:00am
[2026-06-05 01:15:03] Triton Esports Center: 0% (Closed) people=0 capacity=35 is_open=False hour_summary=Closed until 7:30am
[2026-06-05 01:15:03] === SCRAPE END OK ===
[2026-06-05 01:30:02] === SCRAPE START ===
[2026-06-05 01:30:02] Fetching https://waitz.io/live/ucsd-rec
[2026-06-05 01:30:04] Saved 4 rows to ucsd_occupancy_history.csv
[2026-06-05 01:30:04] Main Gym Fitness Gym: 1% (Closed) people=1 capacity=72 is_open=False hour_summary=Closed until 6:00am
[2026-06-05 01:30:04] Outback Climbing Center: 0% (Closed) people=0 capacity=30 is_open=False hour_summary=Closed until 10:00am
[2026-06-05 01:30:04] RIMAC Fitness Gym: 0% (Closed) people=0 capacity=150 is_open=False hour_summary=Closed until 6:00am
[2026-06-05 01:30:04] Triton Esports Center: 0% (Closed) people=0 capacity=35 is_open=False hour_summary=Closed until 7:30am
[2026-06-05 01:30:04] === SCRAPE END OK ===
[2026-06-05 01:45:02] === SCRAPE START ===
[2026-06-05 01:45:02] Fetching https://waitz.io/live/ucsd-rec
[2026-06-05 01:45:03] Saved 4 rows to ucsd_occupancy_history.csv
[2026-06-05 01:45:03] Main Gym Fitness Gym: 1% (Closed) people=1 capacity=72 is_open=False hour_summary=Closed until 6:00am
[2026-06-05 01:45:03] Outback Climbing Center: 0% (Closed) people=0 capacity=30 is_open=False hour_summary=Closed until 10:00am
[2026-06-05 01:45:03] RIMAC Fitness Gym: 0% (Closed) people=0 capacity=150 is_open=False hour_summary=Closed until 6:00am
[2026-06-05 01:45:03] Triton Esports Center: 0% (Closed) people=0 capacity=35 is_open=False hour_summary=Closed until 7:30am
[2026-06-05 01:45:03] === SCRAPE END OK ===
[2026-06-05 02:00:02] === SCRAPE START ===
[2026-06-05 02:00:02] Fetching https://waitz.io/live/ucsd-rec
[2026-06-05 02:00:03] Saved 4 rows to ucsd_occupancy_history.csv
[2026-06-05 02:00:03] Main Gym Fitness Gym: 1% (Closed) people=1 capacity=72 is_open=False hour_summary=Closed until 6:00am
[2026-06-05 02:00:03] Outback Climbing Center: 0% (Closed) people=0 capacity=30 is_open=False hour_summary=Closed until 10:00am
[2026-06-05 02:00:03] RIMAC Fitness Gym: 0% (Closed) people=0 capacity=150 is_open=False hour_summary=Closed until 6:00am
[2026-06-05 02:00:03] Triton Esports Center: 0% (Closed) people=0 capacity=35 is_open=False hour_summary=Closed until 7:30am
[2026-06-05 02:00:03] === SCRAPE END OK ===
[2026-06-05 02:15:02] === SCRAPE START ===
[2026-06-05 02:15:02] Fetching https://waitz.io/live/ucsd-rec
[2026-06-05 02:15:03] Saved 4 rows to ucsd_occupancy_history.csv
[2026-06-05 02:15:03] Main Gym Fitness Gym: 1% (Closed) people=1 capacity=72 is_open=False hour_summary=Closed until 6:00am
[2026-06-05 02:15:03] Outback Climbing Center: 0% (Closed) people=0 capacity=30 is_open=False hour_summary=Closed until 10:00am
[2026-06-05 02:15:03] RIMAC Fitness Gym: 0% (Closed) people=0 capacity=150 is_open=False hour_summary=Closed until 6:00am
[2026-06-05 02:15:03] Triton Esports Center: 0% (Closed) people=0 capacity=35 is_open=False hour_summary=Closed until 7:30am
[2026-06-05 02:15:03] === SCRAPE END OK ===
[2026-06-05 02:30:02] === SCRAPE START ===
[2026-06-05 02:30:02] Fetching https://waitz.io/live/ucsd-rec
[2026-06-05 02:30:03] Saved 4 rows to ucsd_occupancy_history.csv
[2026-06-05 02:30:03] Main Gym Fitness Gym: 1% (Closed) people=1 capacity=72 is_open=False hour_summary=Closed until 6:00am
[2026-06-05 02:30:03] Outback Climbing Center: 0% (Closed) people=0 capacity=30 is_open=False hour_summary=Closed until 10:00am
[2026-06-05 02:30:03] RIMAC Fitness Gym: 0% (Closed) people=0 capacity=150 is_open=False hour_summary=Closed until 6:00am
[2026-06-05 02:30:03] Triton Esports Center: 0% (Closed) people=0 capacity=35 is_open=False hour_summary=Closed until 7:30am
[2026-06-05 02:30:03] === SCRAPE END OK ===
[2026-06-05 02:45:02] === SCRAPE START ===
[2026-06-05 02:45:02] Fetching https://waitz.io/live/ucsd-rec
[2026-06-05 02:45:03] Saved 4 rows to ucsd_occupancy_history.csv
[2026-06-05 02:45:03] Main Gym Fitness Gym: 1% (Closed) people=1 capacity=72 is_open=False hour_summary=Closed until 6:00am
[2026-06-05 02:45:03] Outback Climbing Center: 0% (Closed) people=0 capacity=30 is_open=False hour_summary=Closed until 10:00am
[2026-06-05 02:45:03] RIMAC Fitness Gym: 0% (Closed) people=0 capacity=150 is_open=False hour_summary=Closed until 6:00am
[2026-06-05 02:45:03] Triton Esports Center: 0% (Closed) people=0 capacity=35 is_open=False hour_summary=Closed until 7:30am
[2026-06-05 02:45:03] === SCRAPE END OK ===
[2026-06-05 03:00:02] === SCRAPE START ===
[2026-06-05 03:00:02] Fetching https://waitz.io/live/ucsd-rec
[2026-06-05 03:00:03] Saved 4 rows to ucsd_occupancy_history.csv
[2026-06-05 03:00:03] Main Gym Fitness Gym: 1% (Closed) people=1 capacity=72 is_open=False hour_summary=Closed until 6:00am
[2026-06-05 03:00:03] Outback Climbing Center: 0% (Closed) people=0 capacity=30 is_open=False hour_summary=Closed until 10:00am
[2026-06-05 03:00:03] RIMAC Fitness Gym: 0% (Closed) people=0 capacity=150 is_open=False hour_summary=Closed until 6:00am
[2026-06-05 03:00:03] Triton Esports Center: 0% (Closed) people=0 capacity=35 is_open=False hour_summary=Closed until 7:30am
[2026-06-05 03:00:03] === SCRAPE END OK ===
[2026-06-05 03:15:02] === SCRAPE START ===
[2026-06-05 03:15:02] Fetching https://waitz.io/live/ucsd-rec
[2026-06-05 03:15:03] Saved 4 rows to ucsd_occupancy_history.csv
[2026-06-05 03:15:03] Main Gym Fitness Gym: 2% (Closed) people=1 capacity=72 is_open=False hour_summary=Closed until 6:00am
[2026-06-05 03:15:03] Outback Climbing Center: 0% (Closed) people=0 capacity=30 is_open=False hour_summary=Closed until 10:00am
[2026-06-05 03:15:03] RIMAC Fitness Gym: 0% (Closed) people=0 capacity=150 is_open=False hour_summary=Closed until 6:00am
[2026-06-05 03:15:03] Triton Esports Center: 0% (Closed) people=0 capacity=35 is_open=False hour_summary=Closed until 7:30am
[2026-06-05 03:15:03] === SCRAPE END OK ===
[2026-06-05 03:30:02] === SCRAPE START ===
[2026-06-05 03:30:02] Fetching https://waitz.io/live/ucsd-rec
[2026-06-05 03:30:03] Saved 4 rows to ucsd_occupancy_history.csv
[2026-06-05 03:30:03] Main Gym Fitness Gym: 1% (Closed) people=1 capacity=72 is_open=False hour_summary=Closed until 6:00am
[2026-06-05 03:30:03] Outback Climbing Center: 0% (Closed) people=0 capacity=30 is_open=False hour_summary=Closed until 10:00am
[2026-06-05 03:30:03] RIMAC Fitness Gym: 0% (Closed) people=0 capacity=150 is_open=False hour_summary=Closed until 6:00am
[2026-06-05 03:30:03] Triton Esports Center: 0% (Closed) people=0 capacity=35 is_open=False hour_summary=Closed until 7:30am
[2026-06-05 03:30:03] === SCRAPE END OK ===
[2026-06-05 03:45:02] === SCRAPE START ===
[2026-06-05 03:45:02] Fetching https://waitz.io/live/ucsd-rec
[2026-06-05 03:45:03] Saved 4 rows to ucsd_occupancy_history.csv
[2026-06-05 03:45:03] Main Gym Fitness Gym: 1% (Closed) people=1 capacity=72 is_open=False hour_summary=Closed until 6:00am
[2026-06-05 03:45:03] Outback Climbing Center: 0% (Closed) people=0 capacity=30 is_open=False hour_summary=Closed until 10:00am
[2026-06-05 03:45:03] RIMAC Fitness Gym: 0% (Closed) people=0 capacity=150 is_open=False hour_summary=Closed until 6:00am
[2026-06-05 03:45:03] Triton Esports Center: 0% (Closed) people=0 capacity=35 is_open=False hour_summary=Closed until 7:30am
[2026-06-05 03:45:03] === SCRAPE END OK ===
[2026-06-05 04:00:02] === SCRAPE START ===
[2026-06-05 04:00:02] Fetching https://waitz.io/live/ucsd-rec
[2026-06-05 04:00:04] Saved 4 rows to ucsd_occupancy_history.csv
[2026-06-05 04:00:04] Main Gym Fitness Gym: 1% (Closed) people=1 capacity=72 is_open=False hour_summary=Closed until 6:00am
[2026-06-05 04:00:04] Outback Climbing Center: 0% (Closed) people=0 capacity=30 is_open=False hour_summary=Closed until 10:00am
[2026-06-05 04:00:04] RIMAC Fitness Gym: 0% (Closed) people=0 capacity=150 is_open=False hour_summary=Closed until 6:00am
[2026-06-05 04:00:04] Triton Esports Center: 0% (Closed) people=0 capacity=35 is_open=False hour_summary=Closed until 7:30am
[2026-06-05 04:00:04] === SCRAPE END OK ===
[2026-06-05 04:15:02] === SCRAPE START ===
[2026-06-05 04:15:02] Fetching https://waitz.io/live/ucsd-rec
[2026-06-05 04:15:04] Saved 4 rows to ucsd_occupancy_history.csv
[2026-06-05 04:15:04] Main Gym Fitness Gym: 1% (Closed) people=1 capacity=72 is_open=False hour_summary=Closed until 6:00am
[2026-06-05 04:15:04] Outback Climbing Center: 0% (Closed) people=0 capacity=30 is_open=False hour_summary=Closed until 10:00am
[2026-06-05 04:15:04] RIMAC Fitness Gym: 0% (Closed) people=0 capacity=150 is_open=False hour_summary=Closed until 6:00am
[2026-06-05 04:15:04] Triton Esports Center: 0% (Closed) people=0 capacity=35 is_open=False hour_summary=Closed until 7:30am
[2026-06-05 04:15:04] === SCRAPE END OK ===
[2026-06-05 04:30:02] === SCRAPE START ===
[2026-06-05 04:30:02] Fetching https://waitz.io/live/ucsd-rec
[2026-06-05 04:30:03] Saved 4 rows to ucsd_occupancy_history.csv
[2026-06-05 04:30:03] Main Gym Fitness Gym: 1% (Closed) people=1 capacity=72 is_open=False hour_summary=Closed until 6:00am
[2026-06-05 04:30:03] Outback Climbing Center: 0% (Closed) people=0 capacity=30 is_open=False hour_summary=Closed until 10:00am
[2026-06-05 04:30:03] RIMAC Fitness Gym: 0% (Closed) people=0 capacity=150 is_open=False hour_summary=Closed until 6:00am
[2026-06-05 04:30:03] Triton Esports Center: 0% (Closed) people=0 capacity=35 is_open=False hour_summary=Closed until 7:30am
[2026-06-05 04:30:03] === SCRAPE END OK ===
[2026-06-05 04:45:02] === SCRAPE START ===
[2026-06-05 04:45:02] Fetching https://waitz.io/live/ucsd-rec
[2026-06-05 04:45:03] Saved 4 rows to ucsd_occupancy_history.csv
[2026-06-05 04:45:03] Main Gym Fitness Gym: 1% (Closed) people=1 capacity=72 is_open=False hour_summary=Closed until 6:00am
[2026-06-05 04:45:03] Outback Climbing Center: 0% (Closed) people=0 capacity=30 is_open=False hour_summary=Closed until 10:00am
[2026-06-05 04:45:03] RIMAC Fitness Gym: 0% (Closed) people=0 capacity=150 is_open=False hour_summary=Closed until 6:00am
[2026-06-05 04:45:03] Triton Esports Center: 0% (Closed) people=0 capacity=35 is_open=False hour_summary=Closed until 7:30am
[2026-06-05 04:45:03] === SCRAPE END OK ===
[2026-06-05 05:00:02] === SCRAPE START ===
[2026-06-05 05:00:02] Fetching https://waitz.io/live/ucsd-rec
[2026-06-05 05:00:04] Saved 4 rows to ucsd_occupancy_history.csv
[2026-06-05 05:00:04] Main Gym Fitness Gym: 1% (Closed) people=1 capacity=72 is_open=False hour_summary=Closed until 6:00am
[2026-06-05 05:00:04] Outback Climbing Center: 0% (Closed) people=0 capacity=30 is_open=False hour_summary=Closed until 10:00am
[2026-06-05 05:00:04] RIMAC Fitness Gym: 0% (Closed) people=0 capacity=150 is_open=False hour_summary=Closed until 6:00am
[2026-06-05 05:00:04] Triton Esports Center: 0% (Closed) people=0 capacity=35 is_open=False hour_summary=Closed until 7:30am
[2026-06-05 05:00:04] === SCRAPE END OK ===
[2026-06-05 05:15:02] === SCRAPE START ===
[2026-06-05 05:15:02] Fetching https://waitz.io/live/ucsd-rec
[2026-06-05 05:15:04] Saved 4 rows to ucsd_occupancy_history.csv
[2026-06-05 05:15:04] Main Gym Fitness Gym: 1% (Closed) people=1 capacity=72 is_open=False hour_summary=Closed until 6:00am
[2026-06-05 05:15:04] Outback Climbing Center: 6% (Closed) people=2 capacity=30 is_open=False hour_summary=Closed until 10:00am
[2026-06-05 05:15:04] RIMAC Fitness Gym: 0% (Closed) people=0 capacity=150 is_open=False hour_summary=Closed until 6:00am
[2026-06-05 05:15:04] Triton Esports Center: 0% (Closed) people=0 capacity=35 is_open=False hour_summary=Closed until 7:30am
[2026-06-05 05:15:04] === SCRAPE END OK ===
[2026-06-05 05:30:02] === SCRAPE START ===
[2026-06-05 05:30:02] Fetching https://waitz.io/live/ucsd-rec
[2026-06-05 05:30:03] Saved 4 rows to ucsd_occupancy_history.csv
[2026-06-05 05:30:03] Main Gym Fitness Gym: 1% (Closed) people=1 capacity=72 is_open=False hour_summary=Closed until 6:00am
[2026-06-05 05:30:03] Outback Climbing Center: 4% (Closed) people=1 capacity=30 is_open=False hour_summary=Closed until 10:00am
[2026-06-05 05:30:03] RIMAC Fitness Gym: 0% (Closed) people=0 capacity=150 is_open=False hour_summary=Closed until 6:00am
[2026-06-05 05:30:03] Triton Esports Center: 0% (Closed) people=0 capacity=35 is_open=False hour_summary=Closed until 7:30am
[2026-06-05 05:30:03] === SCRAPE END OK ===
[2026-06-05 05:45:02] === SCRAPE START ===
[2026-06-05 05:45:02] Fetching https://waitz.io/live/ucsd-rec
[2026-06-05 05:45:03] Saved 4 rows to ucsd_occupancy_history.csv
[2026-06-05 05:45:03] Main Gym Fitness Gym: 1% (Closed) people=1 capacity=72 is_open=False hour_summary=Closed until 6:00am
[2026-06-05 05:45:03] Outback Climbing Center: 4% (Closed) people=1 capacity=30 is_open=False hour_summary=Closed until 10:00am
[2026-06-05 05:45:03] RIMAC Fitness Gym: 0% (Closed) people=0 capacity=150 is_open=False hour_summary=Closed until 6:00am
[2026-06-05 05:45:03] Triton Esports Center: 0% (Closed) people=0 capacity=35 is_open=False hour_summary=Closed until 7:30am
[2026-06-05 05:45:03] === SCRAPE END OK ===
[2026-06-05 06:00:02] === SCRAPE START ===
[2026-06-05 06:00:02] Fetching https://waitz.io/live/ucsd-rec
[2026-06-05 06:00:03] Saved 4 rows to ucsd_occupancy_history.csv
[2026-06-05 06:00:03] Main Gym Fitness Gym: 1% (Not Busy) people=1 capacity=72 is_open=True hour_summary=open
[2026-06-05 06:00:03] Outback Climbing Center: 2% (Closed) people=1 capacity=30 is_open=False hour_summary=Closed until 10:00am
[2026-06-05 06:00:03] RIMAC Fitness Gym: 0% (Not Busy) people=0 capacity=150 is_open=True hour_summary=open
[2026-06-05 06:00:03] Triton Esports Center: 0% (Closed) people=0 capacity=35 is_open=False hour_summary=Closed until 7:30am
[2026-06-05 06:00:03] === SCRAPE END OK ===
[2026-06-05 06:15:03] === SCRAPE START ===
[2026-06-05 06:15:03] Fetching https://waitz.io/live/ucsd-rec
[2026-06-05 06:15:04] Saved 4 rows to ucsd_occupancy_history.csv
[2026-06-05 06:15:04] Main Gym Fitness Gym: 1% (Not Busy) people=1 capacity=72 is_open=True hour_summary=open
[2026-06-05 06:15:04] Outback Climbing Center: 5% (Closed) people=2 capacity=30 is_open=False hour_summary=Closed until 10:00am
[2026-06-05 06:15:04] RIMAC Fitness Gym: 8% (Not Busy) people=12 capacity=150 is_open=True hour_summary=open
[2026-06-05 06:15:04] Triton Esports Center: 0% (Closed) people=0 capacity=35 is_open=False hour_summary=Closed until 7:30am
[2026-06-05 06:15:04] === SCRAPE END OK ===
[2026-06-05 06:30:02] === SCRAPE START ===
[2026-06-05 06:30:02] Fetching https://waitz.io/live/ucsd-rec
[2026-06-05 06:30:04] Saved 4 rows to ucsd_occupancy_history.csv
[2026-06-05 06:30:04] Main Gym Fitness Gym: 1% (Not Busy) people=1 capacity=72 is_open=True hour_summary=open
[2026-06-05 06:30:04] Outback Climbing Center: 4% (Closed) people=1 capacity=30 is_open=False hour_summary=Closed until 10:00am
[2026-06-05 06:30:04] RIMAC Fitness Gym: 15% (Not Busy) people=23 capacity=150 is_open=True hour_summary=open
[2026-06-05 06:30:04] Triton Esports Center: 0% (Closed) people=0 capacity=35 is_open=False hour_summary=Closed until 7:30am
[2026-06-05 06:30:04] === SCRAPE END OK ===
[2026-06-05 06:45:02] === SCRAPE START ===
[2026-06-05 06:45:02] Fetching https://waitz.io/live/ucsd-rec
[2026-06-05 06:45:03] Saved 4 rows to ucsd_occupancy_history.csv
[2026-06-05 06:45:03] Main Gym Fitness Gym: 4% (Not Busy) people=3 capacity=72 is_open=True hour_summary=open
[2026-06-05 06:45:03] Outback Climbing Center: 3% (Closed) people=1 capacity=30 is_open=False hour_summary=Closed until 10:00am
[2026-06-05 06:45:03] RIMAC Fitness Gym: 24% (Not Busy) people=36 capacity=150 is_open=True hour_summary=open
[2026-06-05 06:45:03] Triton Esports Center: 0% (Closed) people=0 capacity=35 is_open=False hour_summary=Closed until 7:30am
[2026-06-05 06:45:03] === SCRAPE END OK ===
[2026-06-05 07:00:02] === SCRAPE START ===
[2026-06-05 07:00:02] Fetching https://waitz.io/live/ucsd-rec
[2026-06-05 07:00:04] Saved 4 rows to ucsd_occupancy_history.csv
[2026-06-05 07:00:04] Main Gym Fitness Gym: 24% (Not Busy) people=17 capacity=72 is_open=True hour_summary=open
[2026-06-05 07:00:04] Outback Climbing Center: 0% (Closed) people=0 capacity=30 is_open=False hour_summary=Closed until 10:00am
[2026-06-05 07:00:04] RIMAC Fitness Gym: 24% (Not Busy) people=36 capacity=150 is_open=True hour_summary=open
[2026-06-05 07:00:04] Triton Esports Center: 0% (Closed) people=0 capacity=35 is_open=False hour_summary=Closed until 7:30am
[2026-06-05 07:00:04] === SCRAPE END OK ===
[2026-06-05 07:15:02] === SCRAPE START ===
[2026-06-05 07:15:02] Fetching https://waitz.io/live/ucsd-rec
[2026-06-05 07:15:03] Saved 4 rows to ucsd_occupancy_history.csv
[2026-06-05 07:15:03] Main Gym Fitness Gym: 14% (Not Busy) people=10 capacity=72 is_open=True hour_summary=open
[2026-06-05 07:15:03] Outback Climbing Center: 1% (Closed) people=0 capacity=30 is_open=False hour_summary=Closed until 10:00am
[2026-06-05 07:15:03] RIMAC Fitness Gym: 21% (Not Busy) people=32 capacity=150 is_open=True hour_summary=open
[2026-06-05 07:15:03] Triton Esports Center: 0% (Closed) people=0 capacity=35 is_open=False hour_summary=Closed until 7:30am
[2026-06-05 07:15:03] === SCRAPE END OK ===
[2026-06-05 07:30:02] === SCRAPE START ===
[2026-06-05 07:30:02] Fetching https://waitz.io/live/ucsd-rec
[2026-06-05 07:30:04] Saved 4 rows to ucsd_occupancy_history.csv
[2026-06-05 07:30:04] Main Gym Fitness Gym: 18% (Not Busy) people=13 capacity=72 is_open=True hour_summary=open
[2026-06-05 07:30:04] Outback Climbing Center: 0% (Closed) people=0 capacity=30 is_open=False hour_summary=Closed until 10:00am
[2026-06-05 07:30:04] RIMAC Fitness Gym: 26% (Not Busy) people=38 capacity=150 is_open=True hour_summary=open
[2026-06-05 07:30:04] Triton Esports Center: 0% (Not Busy) people=0 capacity=35 is_open=True hour_summary=open
[2026-06-05 07:30:04] === SCRAPE END OK ===
[2026-06-05 07:45:02] === SCRAPE START ===
[2026-06-05 07:45:02] Fetching https://waitz.io/live/ucsd-rec
[2026-06-05 07:45:03] Saved 4 rows to ucsd_occupancy_history.csv
[2026-06-05 07:45:03] Main Gym Fitness Gym: 28% (Not Busy) people=20 capacity=72 is_open=True hour_summary=open
[2026-06-05 07:45:03] Outback Climbing Center: 2% (Closed) people=1 capacity=30 is_open=False hour_summary=Closed until 10:00am
[2026-06-05 07:45:03] RIMAC Fitness Gym: 25% (Not Busy) people=38 capacity=150 is_open=True hour_summary=open
[2026-06-05 07:45:03] Triton Esports Center: 0% (Not Busy) people=0 capacity=35 is_open=True hour_summary=open
[2026-06-05 07:45:03] === SCRAPE END OK ===
[2026-06-05 08:00:02] === SCRAPE START ===
[2026-06-05 08:00:02] Fetching https://waitz.io/live/ucsd-rec
[2026-06-05 08:00:03] Saved 4 rows to ucsd_occupancy_history.csv
[2026-06-05 08:00:03] Main Gym Fitness Gym: 8% (Not Busy) people=6 capacity=72 is_open=True hour_summary=open
[2026-06-05 08:00:03] Outback Climbing Center: 1% (Closed) people=0 capacity=30 is_open=False hour_summary=Closed until 10:00am
[2026-06-05 08:00:03] RIMAC Fitness Gym: 29% (Not Busy) people=44 capacity=150 is_open=True hour_summary=open
[2026-06-05 08:00:03] Triton Esports Center: 0% (Not Busy) people=0 capacity=35 is_open=True hour_summary=open
[2026-06-05 08:00:03] === SCRAPE END OK ===
[2026-06-05 08:15:02] === SCRAPE START ===
[2026-06-05 08:15:02] Fetching https://waitz.io/live/ucsd-rec
[2026-06-05 08:15:03] Saved 4 rows to ucsd_occupancy_history.csv
[2026-06-05 08:15:03] Main Gym Fitness Gym: 13% (Not Busy) people=9 capacity=72 is_open=True hour_summary=open
[2026-06-05 08:15:03] Outback Climbing Center: 0% (Closed) people=0 capacity=30 is_open=False hour_summary=Closed until 10:00am
[2026-06-05 08:15:03] RIMAC Fitness Gym: 20% (Not Busy) people=29 capacity=150 is_open=True hour_summary=open
[2026-06-05 08:15:03] Triton Esports Center: 0% (Not Busy) people=0 capacity=35 is_open=True hour_summary=open
[2026-06-05 08:15:03] === SCRAPE END OK ===
[2026-06-05 08:30:02] === SCRAPE START ===
[2026-06-05 08:30:02] Fetching https://waitz.io/live/ucsd-rec
[2026-06-05 08:30:03] Saved 4 rows to ucsd_occupancy_history.csv
[2026-06-05 08:30:03] Main Gym Fitness Gym: 10% (Not Busy) people=7 capacity=72 is_open=True hour_summary=open
[2026-06-05 08:30:03] Outback Climbing Center: 3% (Closed) people=1 capacity=30 is_open=False hour_summary=Closed until 10:00am
[2026-06-05 08:30:03] RIMAC Fitness Gym: 19% (Not Busy) people=28 capacity=150 is_open=True hour_summary=open
[2026-06-05 08:30:03] Triton Esports Center: 0% (Not Busy) people=0 capacity=35 is_open=True hour_summary=open
[2026-06-05 08:30:03] === SCRAPE END OK ===
[2026-06-05 08:45:02] === SCRAPE START ===
[2026-06-05 08:45:02] Fetching https://waitz.io/live/ucsd-rec
[2026-06-05 08:45:02] Saved 4 rows to ucsd_occupancy_history.csv
[2026-06-05 08:45:02] Main Gym Fitness Gym: 13% (Not Busy) people=9 capacity=72 is_open=True hour_summary=open
[2026-06-05 08:45:02] Outback Climbing Center: 1% (Closed) people=0 capacity=30 is_open=False hour_summary=Closed until 10:00am
[2026-06-05 08:45:02] RIMAC Fitness Gym: 16% (Not Busy) people=25 capacity=150 is_open=True hour_summary=open
[2026-06-05 08:45:02] Triton Esports Center: 2% (Not Busy) people=1 capacity=35 is_open=True hour_summary=open
[2026-06-05 08:45:02] === SCRAPE END OK ===
[2026-06-05 09:00:02] === SCRAPE START ===
[2026-06-05 09:00:02] Fetching https://waitz.io/live/ucsd-rec
[2026-06-05 09:00:04] Saved 4 rows to ucsd_occupancy_history.csv
[2026-06-05 09:00:04] Main Gym Fitness Gym: 22% (Not Busy) people=16 capacity=72 is_open=True hour_summary=open
[2026-06-05 09:00:04] Outback Climbing Center: 0% (Closed) people=0 capacity=30 is_open=False hour_summary=Closed until 10:00am
[2026-06-05 09:00:04] RIMAC Fitness Gym: 23% (Not Busy) people=34 capacity=150 is_open=True hour_summary=open
[2026-06-05 09:00:04] Triton Esports Center: 0% (Not Busy) people=0 capacity=35 is_open=True hour_summary=open
[2026-06-05 09:00:04] === SCRAPE END OK ===
[2026-06-05 09:15:02] === SCRAPE START ===
[2026-06-05 09:15:02] Fetching https://waitz.io/live/ucsd-rec
[2026-06-05 09:15:04] Saved 4 rows to ucsd_occupancy_history.csv
[2026-06-05 09:15:04] Main Gym Fitness Gym: 18% (Not Busy) people=13 capacity=72 is_open=True hour_summary=open
[2026-06-05 09:15:04] Outback Climbing Center: 5% (Closed) people=1 capacity=30 is_open=False hour_summary=Closed until 10:00am
[2026-06-05 09:15:04] RIMAC Fitness Gym: 29% (Not Busy) people=44 capacity=150 is_open=True hour_summary=open
[2026-06-05 09:15:04] Triton Esports Center: 1% (Not Busy) people=0 capacity=35 is_open=True hour_summary=open
[2026-06-05 09:15:04] === SCRAPE END OK ===
[2026-06-05 09:30:02] === SCRAPE START ===
[2026-06-05 09:30:02] Fetching https://waitz.io/live/ucsd-rec
[2026-06-05 09:30:04] Saved 4 rows to ucsd_occupancy_history.csv
[2026-06-05 09:30:04] Main Gym Fitness Gym: 9% (Not Busy) people=7 capacity=72 is_open=True hour_summary=open
[2026-06-05 09:30:04] Outback Climbing Center: 10% (Closed) people=3 capacity=30 is_open=False hour_summary=Closed until 10:00am
[2026-06-05 09:30:04] RIMAC Fitness Gym: 31% (Not Busy) people=47 capacity=150 is_open=True hour_summary=open
[2026-06-05 09:30:04] Triton Esports Center: 6% (Not Busy) people=2 capacity=35 is_open=True hour_summary=open
[2026-06-05 09:30:04] === SCRAPE END OK ===
[2026-06-05 09:45:02] === SCRAPE START ===
[2026-06-05 09:45:02] Fetching https://waitz.io/live/ucsd-rec
[2026-06-05 09:45:03] Saved 4 rows to ucsd_occupancy_history.csv
[2026-06-05 09:45:03] Main Gym Fitness Gym: 28% (Not Busy) people=20 capacity=72 is_open=True hour_summary=open
[2026-06-05 09:45:03] Outback Climbing Center: 4% (Closed) people=1 capacity=30 is_open=False hour_summary=Closed until 10:00am
[2026-06-05 09:45:03] RIMAC Fitness Gym: 35% (Not Busy) people=52 capacity=150 is_open=True hour_summary=open
[2026-06-05 09:45:03] Triton Esports Center: 4% (Not Busy) people=1 capacity=35 is_open=True hour_summary=open
[2026-06-05 09:45:03] === SCRAPE END OK ===
[2026-06-05 10:00:02] === SCRAPE START ===
[2026-06-05 10:00:02] Fetching https://waitz.io/live/ucsd-rec
[2026-06-05 10:00:03] Saved 4 rows to ucsd_occupancy_history.csv
[2026-06-05 10:00:03] Main Gym Fitness Gym: 23% (Not Busy) people=16 capacity=72 is_open=True hour_summary=open
[2026-06-05 10:00:03] Outback Climbing Center: 25% (Not Busy) people=7 capacity=30 is_open=True hour_summary=open
[2026-06-05 10:00:03] RIMAC Fitness Gym: 29% (Not Busy) people=43 capacity=150 is_open=True hour_summary=open
[2026-06-05 10:00:03] Triton Esports Center: 2% (Not Busy) people=1 capacity=35 is_open=True hour_summary=open
[2026-06-05 10:00:03] === SCRAPE END OK ===
[2026-06-05 10:15:02] === SCRAPE START ===
[2026-06-05 10:15:02] Fetching https://waitz.io/live/ucsd-rec
[2026-06-05 10:15:04] Saved 4 rows to ucsd_occupancy_history.csv
[2026-06-05 10:15:04] Main Gym Fitness Gym: 22% (Not Busy) people=16 capacity=72 is_open=True hour_summary=open
[2026-06-05 10:15:04] Outback Climbing Center: 81% (Very Active) people=24 capacity=30 is_open=True hour_summary=open
[2026-06-05 10:15:04] RIMAC Fitness Gym: 37% (Not Busy) people=56 capacity=150 is_open=True hour_summary=open
[2026-06-05 10:15:04] Triton Esports Center: 9% (Not Busy) people=3 capacity=35 is_open=True hour_summary=open
[2026-06-05 10:15:04] === SCRAPE END OK ===
[2026-06-05 10:30:02] === SCRAPE START ===
[2026-06-05 10:30:02] Fetching https://waitz.io/live/ucsd-rec
[2026-06-05 10:30:04] Saved 4 rows to ucsd_occupancy_history.csv
[2026-06-05 10:30:04] Main Gym Fitness Gym: 35% (Not Busy) people=26 capacity=72 is_open=True hour_summary=open
[2026-06-05 10:30:04] Outback Climbing Center: 99% (Very Active) people=31 capacity=30 is_open=True hour_summary=open
[2026-06-05 10:30:04] RIMAC Fitness Gym: 42% (Not Busy) people=63 capacity=150 is_open=True hour_summary=open
[2026-06-05 10:30:04] Triton Esports Center: 9% (Not Busy) people=3 capacity=35 is_open=True hour_summary=open
[2026-06-05 10:30:04] === SCRAPE END OK ===
[2026-06-05 10:45:02] === SCRAPE START ===
[2026-06-05 10:45:02] Fetching https://waitz.io/live/ucsd-rec
[2026-06-05 10:45:02] Saved 4 rows to ucsd_occupancy_history.csv
[2026-06-05 10:45:02] Main Gym Fitness Gym: 17% (Not Busy) people=12 capacity=72 is_open=True hour_summary=open
[2026-06-05 10:45:02] Outback Climbing Center: 93% (Very Active) people=28 capacity=30 is_open=True hour_summary=open
[2026-06-05 10:45:02] RIMAC Fitness Gym: 32% (Not Busy) people=49 capacity=150 is_open=True hour_summary=open
[2026-06-05 10:45:02] Triton Esports Center: 19% (Not Busy) people=7 capacity=35 is_open=True hour_summary=open
[2026-06-05 10:45:02] === SCRAPE END OK ===
[2026-06-05 11:00:02] === SCRAPE START ===
[2026-06-05 11:00:02] Fetching https://waitz.io/live/ucsd-rec
[2026-06-05 11:00:03] Saved 4 rows to ucsd_occupancy_history.csv
[2026-06-05 11:00:03] Main Gym Fitness Gym: 35% (Not Busy) people=25 capacity=72 is_open=True hour_summary=open
[2026-06-05 11:00:03] Outback Climbing Center: 99% (Very Active) people=41 capacity=30 is_open=True hour_summary=open
[2026-06-05 11:00:03] RIMAC Fitness Gym: 33% (Not Busy) people=49 capacity=150 is_open=True hour_summary=open
[2026-06-05 11:00:03] Triton Esports Center: 36% (Not Busy) people=13 capacity=35 is_open=True hour_summary=open
[2026-06-05 11:00:03] === SCRAPE END OK ===
[2026-06-05 11:15:02] === SCRAPE START ===
[2026-06-05 11:15:02] Fetching https://waitz.io/live/ucsd-rec
[2026-06-05 11:15:04] Saved 4 rows to ucsd_occupancy_history.csv
[2026-06-05 11:15:04] Main Gym Fitness Gym: 29% (Not Busy) people=21 capacity=72 is_open=True hour_summary=open
[2026-06-05 11:15:04] Outback Climbing Center: 99% (Very Active) people=35 capacity=30 is_open=True hour_summary=open
[2026-06-05 11:15:04] RIMAC Fitness Gym: 34% (Not Busy) people=51 capacity=150 is_open=True hour_summary=open
[2026-06-05 11:15:04] Triton Esports Center: 32% (Not Busy) people=11 capacity=35 is_open=True hour_summary=open
[2026-06-05 11:15:04] === SCRAPE END OK ===
[2026-06-05 11:30:02] === SCRAPE START ===
[2026-06-05 11:30:02] Fetching https://waitz.io/live/ucsd-rec
[2026-06-05 11:30:04] Saved 4 rows to ucsd_occupancy_history.csv
[2026-06-05 11:30:04] Main Gym Fitness Gym: 20% (Not Busy) people=14 capacity=72 is_open=True hour_summary=open
[2026-06-05 11:30:04] Outback Climbing Center: 85% (Very Active) people=25 capacity=30 is_open=True hour_summary=open
[2026-06-05 11:30:04] RIMAC Fitness Gym: 40% (Not Busy) people=60 capacity=150 is_open=True hour_summary=open
[2026-06-05 11:30:04] Triton Esports Center: 58% (Busy) people=20 capacity=35 is_open=True hour_summary=open
[2026-06-05 11:30:04] === SCRAPE END OK ===
[2026-06-05 11:45:02] === SCRAPE START ===
[2026-06-05 11:45:02] Fetching https://waitz.io/live/ucsd-rec
[2026-06-05 11:45:04] Saved 4 rows to ucsd_occupancy_history.csv
[2026-06-05 11:45:04] Main Gym Fitness Gym: 11% (Not Busy) people=8 capacity=72 is_open=True hour_summary=open
[2026-06-05 11:45:04] Outback Climbing Center: 99% (Very Active) people=41 capacity=30 is_open=True hour_summary=open
[2026-06-05 11:45:04] RIMAC Fitness Gym: 42% (Not Busy) people=62 capacity=150 is_open=True hour_summary=open
[2026-06-05 11:45:04] Triton Esports Center: 63% (Busy) people=22 capacity=35 is_open=True hour_summary=open
[2026-06-05 11:45:04] === SCRAPE END OK ===
[2026-06-05 12:00:03] === SCRAPE START ===
[2026-06-05 12:00:03] Fetching https://waitz.io/live/ucsd-rec
[2026-06-05 12:00:05] Saved 4 rows to ucsd_occupancy_history.csv
[2026-06-05 12:00:05] Main Gym Fitness Gym: 33% (Not Busy) people=24 capacity=72 is_open=True hour_summary=open
[2026-06-05 12:00:05] Outback Climbing Center: 99% (Very Active) people=40 capacity=30 is_open=True hour_summary=open
[2026-06-05 12:00:05] RIMAC Fitness Gym: 42% (Not Busy) people=63 capacity=150 is_open=True hour_summary=open
[2026-06-05 12:00:05] Triton Esports Center: 55% (Busy) people=19 capacity=35 is_open=True hour_summary=open
[2026-06-05 12:00:05] === SCRAPE END OK ===
[2026-06-05 12:15:02] === SCRAPE START ===
[2026-06-05 12:15:02] Fetching https://waitz.io/live/ucsd-rec
[2026-06-05 12:15:04] Saved 4 rows to ucsd_occupancy_history.csv
[2026-06-05 12:15:04] Main Gym Fitness Gym: 27% (Not Busy) people=19 capacity=72 is_open=True hour_summary=open
[2026-06-05 12:15:04] Outback Climbing Center: 99% (Very Active) people=35 capacity=30 is_open=True hour_summary=open
[2026-06-05 12:15:04] RIMAC Fitness Gym: 39% (Not Busy) people=59 capacity=150 is_open=True hour_summary=open
[2026-06-05 12:15:04] Triton Esports Center: 60% (Busy) people=21 capacity=35 is_open=True hour_summary=open
[2026-06-05 12:15:04] === SCRAPE END OK ===
[2026-06-05 12:30:02] === SCRAPE START ===
[2026-06-05 12:30:02] Fetching https://waitz.io/live/ucsd-rec
[2026-06-05 12:30:04] Saved 4 rows to ucsd_occupancy_history.csv
[2026-06-05 12:30:04] Main Gym Fitness Gym: 16% (Not Busy) people=11 capacity=72 is_open=True hour_summary=open
[2026-06-05 12:30:04] Outback Climbing Center: 89% (Very Active) people=27 capacity=30 is_open=True hour_summary=open
[2026-06-05 12:30:04] RIMAC Fitness Gym: 51% (Busy) people=77 capacity=150 is_open=True hour_summary=open
[2026-06-05 12:30:04] Triton Esports Center: 46% (Busy) people=16 capacity=35 is_open=True hour_summary=open
[2026-06-05 12:30:04] === SCRAPE END OK ===
[2026-06-05 12:45:02] === SCRAPE START ===
[2026-06-05 12:45:02] Fetching https://waitz.io/live/ucsd-rec
[2026-06-05 12:45:02] Saved 4 rows to ucsd_occupancy_history.csv
[2026-06-05 12:45:02] Main Gym Fitness Gym: 22% (Not Busy) people=16 capacity=72 is_open=True hour_summary=open
[2026-06-05 12:45:02] Outback Climbing Center: 98% (Very Active) people=29 capacity=30 is_open=True hour_summary=open
[2026-06-05 12:45:02] RIMAC Fitness Gym: 52% (Busy) people=77 capacity=150 is_open=True hour_summary=open
[2026-06-05 12:45:02] Triton Esports Center: 59% (Busy) people=21 capacity=35 is_open=True hour_summary=open
[2026-06-05 12:45:02] === SCRAPE END OK ===
[2026-06-05 13:00:02] === SCRAPE START ===
[2026-06-05 13:00:02] Fetching https://waitz.io/live/ucsd-rec
[2026-06-05 13:00:04] Saved 4 rows to ucsd_occupancy_history.csv
[2026-06-05 13:00:04] Main Gym Fitness Gym: 99% (Very Active) people=79 capacity=72 is_open=True hour_summary=open
[2026-06-05 13:00:04] Outback Climbing Center: 99% (Very Active) people=31 capacity=30 is_open=True hour_summary=open
[2026-06-05 13:00:04] RIMAC Fitness Gym: 43% (Not Busy) people=65 capacity=150 is_open=True hour_summary=open
[2026-06-05 13:00:04] Triton Esports Center: 48% (Busy) people=17 capacity=35 is_open=True hour_summary=open
[2026-06-05 13:00:04] === SCRAPE END OK ===
[2026-06-05 13:15:02] === SCRAPE START ===
[2026-06-05 13:15:02] Fetching https://waitz.io/live/ucsd-rec
[2026-06-05 13:15:03] Saved 4 rows to ucsd_occupancy_history.csv
[2026-06-05 13:15:03] Main Gym Fitness Gym: 21% (Not Busy) people=15 capacity=72 is_open=True hour_summary=open
[2026-06-05 13:15:03] Outback Climbing Center: 78% (Busy) people=23 capacity=30 is_open=True hour_summary=open
[2026-06-05 13:15:03] RIMAC Fitness Gym: 52% (Busy) people=78 capacity=150 is_open=True hour_summary=open
[2026-06-05 13:15:03] Triton Esports Center: 42% (Not Busy) people=15 capacity=35 is_open=True hour_summary=open
[2026-06-05 13:15:03] === SCRAPE END OK ===
[2026-06-05 13:30:02] === SCRAPE START ===
[2026-06-05 13:30:02] Fetching https://waitz.io/live/ucsd-rec
[2026-06-05 13:30:04] Saved 4 rows to ucsd_occupancy_history.csv
[2026-06-05 13:30:04] Main Gym Fitness Gym: 2% (Not Busy) people=2 capacity=72 is_open=True hour_summary=open
[2026-06-05 13:30:04] Outback Climbing Center: 99% (Very Active) people=32 capacity=30 is_open=True hour_summary=open
[2026-06-05 13:30:04] RIMAC Fitness Gym: 44% (Not Busy) people=66 capacity=150 is_open=True hour_summary=open
[2026-06-05 13:30:04] Triton Esports Center: 37% (Not Busy) people=13 capacity=35 is_open=True hour_summary=open
[2026-06-05 13:30:04] === SCRAPE END OK ===
[2026-06-05 13:45:02] === SCRAPE START ===
[2026-06-05 13:45:02] Fetching https://waitz.io/live/ucsd-rec
[2026-06-05 13:45:03] Saved 4 rows to ucsd_occupancy_history.csv
[2026-06-05 13:45:03] Main Gym Fitness Gym: 17% (Not Busy) people=12 capacity=72 is_open=True hour_summary=open
[2026-06-05 13:45:03] Outback Climbing Center: 86% (Very Active) people=26 capacity=30 is_open=True hour_summary=open
[2026-06-05 13:45:03] RIMAC Fitness Gym: 42% (Not Busy) people=63 capacity=150 is_open=True hour_summary=open
[2026-06-05 13:45:03] Triton Esports Center: 53% (Busy) people=19 capacity=35 is_open=True hour_summary=open
[2026-06-05 13:45:03] === SCRAPE END OK ===
[2026-06-05 14:00:02] === SCRAPE START ===
[2026-06-05 14:00:02] Fetching https://waitz.io/live/ucsd-rec
[2026-06-05 14:00:04] Saved 4 rows to ucsd_occupancy_history.csv
[2026-06-05 14:00:04] Main Gym Fitness Gym: 58% (Busy) people=42 capacity=72 is_open=True hour_summary=open
[2026-06-05 14:00:04] Outback Climbing Center: 79% (Busy) people=24 capacity=30 is_open=True hour_summary=open
[2026-06-05 14:00:04] RIMAC Fitness Gym: 40% (Not Busy) people=60 capacity=150 is_open=True hour_summary=open
[2026-06-05 14:00:04] Triton Esports Center: 40% (Not Busy) people=14 capacity=35 is_open=True hour_summary=open
[2026-06-05 14:00:04] === SCRAPE END OK ===
[2026-06-05 14:15:02] === SCRAPE START ===
[2026-06-05 14:15:02] Fetching https://waitz.io/live/ucsd-rec
[2026-06-05 14:15:03] Saved 4 rows to ucsd_occupancy_history.csv
[2026-06-05 14:15:03] Main Gym Fitness Gym: 14% (Not Busy) people=10 capacity=72 is_open=True hour_summary=open
[2026-06-05 14:15:03] Outback Climbing Center: 97% (Very Active) people=29 capacity=30 is_open=True hour_summary=open
[2026-06-05 14:15:03] RIMAC Fitness Gym: 45% (Not Busy) people=67 capacity=150 is_open=True hour_summary=open
[2026-06-05 14:15:03] Triton Esports Center: 35% (Not Busy) people=12 capacity=35 is_open=True hour_summary=open
[2026-06-05 14:15:03] === SCRAPE END OK ===
[2026-06-05 14:30:02] === SCRAPE START ===
[2026-06-05 14:30:02] Fetching https://waitz.io/live/ucsd-rec
[2026-06-05 14:30:03] Saved 4 rows to ucsd_occupancy_history.csv
[2026-06-05 14:30:03] Main Gym Fitness Gym: 15% (Not Busy) people=11 capacity=72 is_open=True hour_summary=open
[2026-06-05 14:30:03] Outback Climbing Center: 84% (Very Active) people=25 capacity=30 is_open=True hour_summary=open
[2026-06-05 14:30:03] RIMAC Fitness Gym: 35% (Not Busy) people=52 capacity=150 is_open=True hour_summary=open
[2026-06-05 14:30:03] Triton Esports Center: 44% (Not Busy) people=15 capacity=35 is_open=True hour_summary=open
[2026-06-05 14:30:03] === SCRAPE END OK ===
[2026-06-05 14:45:02] === SCRAPE START ===
[2026-06-05 14:45:02] Fetching https://waitz.io/live/ucsd-rec
[2026-06-05 14:45:03] Saved 4 rows to ucsd_occupancy_history.csv
[2026-06-05 14:45:03] Main Gym Fitness Gym: 26% (Not Busy) people=19 capacity=72 is_open=True hour_summary=open
[2026-06-05 14:45:03] Outback Climbing Center: 99% (Very Active) people=34 capacity=30 is_open=True hour_summary=open
[2026-06-05 14:45:03] RIMAC Fitness Gym: 41% (Not Busy) people=62 capacity=150 is_open=True hour_summary=open
[2026-06-05 14:45:03] Triton Esports Center: 36% (Not Busy) people=13 capacity=35 is_open=True hour_summary=open
[2026-06-05 14:45:03] === SCRAPE END OK ===
[2026-06-05 15:00:02] === SCRAPE START ===
[2026-06-05 15:00:02] Fetching https://waitz.io/live/ucsd-rec
[2026-06-05 15:00:03] Saved 4 rows to ucsd_occupancy_history.csv
[2026-06-05 15:00:03] Main Gym Fitness Gym: 39% (Not Busy) people=28 capacity=72 is_open=True hour_summary=open
[2026-06-05 15:00:03] Outback Climbing Center: 99% (Very Active) people=37 capacity=30 is_open=True hour_summary=open
[2026-06-05 15:00:03] RIMAC Fitness Gym: 34% (Not Busy) people=51 capacity=150 is_open=True hour_summary=open
[2026-06-05 15:00:03] Triton Esports Center: 59% (Busy) people=21 capacity=35 is_open=True hour_summary=open
[2026-06-05 15:00:03] === SCRAPE END OK ===
[2026-06-05 15:15:02] === SCRAPE START ===
[2026-06-05 15:15:02] Fetching https://waitz.io/live/ucsd-rec
[2026-06-05 15:15:03] Saved 4 rows to ucsd_occupancy_history.csv
[2026-06-05 15:15:03] Main Gym Fitness Gym: 9% (Not Busy) people=7 capacity=72 is_open=True hour_summary=open
[2026-06-05 15:15:03] Outback Climbing Center: 86% (Very Active) people=26 capacity=30 is_open=True hour_summary=open
[2026-06-05 15:15:03] RIMAC Fitness Gym: 34% (Not Busy) people=51 capacity=150 is_open=True hour_summary=open
[2026-06-05 15:15:03] Triton Esports Center: 43% (Not Busy) people=15 capacity=35 is_open=True hour_summary=open
[2026-06-05 15:15:03] === SCRAPE END OK ===
[2026-06-05 15:30:02] === SCRAPE START ===
[2026-06-05 15:30:02] Fetching https://waitz.io/live/ucsd-rec
[2026-06-05 15:30:03] Saved 4 rows to ucsd_occupancy_history.csv
[2026-06-05 15:30:03] Main Gym Fitness Gym: 22% (Not Busy) people=16 capacity=72 is_open=True hour_summary=open
[2026-06-05 15:30:03] Outback Climbing Center: 99% (Very Active) people=37 capacity=30 is_open=True hour_summary=open
[2026-06-05 15:30:03] RIMAC Fitness Gym: 33% (Not Busy) people=50 capacity=150 is_open=True hour_summary=open
[2026-06-05 15:30:03] Triton Esports Center: 39% (Not Busy) people=14 capacity=35 is_open=True hour_summary=open
[2026-06-05 15:30:03] === SCRAPE END OK ===
[2026-06-05 15:45:02] === SCRAPE START ===
[2026-06-05 15:45:02] Fetching https://waitz.io/live/ucsd-rec
[2026-06-05 15:45:03] Saved 4 rows to ucsd_occupancy_history.csv
[2026-06-05 15:45:03] Main Gym Fitness Gym: 27% (Not Busy) people=19 capacity=72 is_open=True hour_summary=open
[2026-06-05 15:45:03] Outback Climbing Center: 99% (Very Active) people=38 capacity=30 is_open=True hour_summary=open
[2026-06-05 15:45:03] RIMAC Fitness Gym: 29% (Not Busy) people=44 capacity=150 is_open=True hour_summary=open
[2026-06-05 15:45:03] Triton Esports Center: 35% (Not Busy) people=12 capacity=35 is_open=True hour_summary=open
[2026-06-05 15:45:03] === SCRAPE END OK ===
[2026-06-05 16:00:02] === SCRAPE START ===
[2026-06-05 16:00:02] Fetching https://waitz.io/live/ucsd-rec
[2026-06-05 16:00:03] Saved 4 rows to ucsd_occupancy_history.csv
[2026-06-05 16:00:03] Main Gym Fitness Gym: 8% (Not Busy) people=6 capacity=72 is_open=True hour_summary=open
[2026-06-05 16:00:03] Outback Climbing Center: 99% (Very Active) people=55 capacity=30 is_open=True hour_summary=open
[2026-06-05 16:00:03] RIMAC Fitness Gym: 30% (Not Busy) people=45 capacity=150 is_open=True hour_summary=open
[2026-06-05 16:00:03] Triton Esports Center: 39% (Not Busy) people=14 capacity=35 is_open=True hour_summary=open
[2026-06-05 16:00:03] === SCRAPE END OK ===
[2026-06-05 16:15:02] === SCRAPE START ===
[2026-06-05 16:15:02] Fetching https://waitz.io/live/ucsd-rec
[2026-06-05 16:15:03] Saved 4 rows to ucsd_occupancy_history.csv
[2026-06-05 16:15:03] Main Gym Fitness Gym: 22% (Not Busy) people=16 capacity=72 is_open=True hour_summary=open
[2026-06-05 16:15:03] Outback Climbing Center: 99% (Very Active) people=42 capacity=30 is_open=True hour_summary=open
[2026-06-05 16:15:03] RIMAC Fitness Gym: 42% (Not Busy) people=62 capacity=150 is_open=True hour_summary=open
[2026-06-05 16:15:03] Triton Esports Center: 32% (Not Busy) people=11 capacity=35 is_open=True hour_summary=open
[2026-06-05 16:15:03] === SCRAPE END OK ===
[2026-06-05 16:30:02] === SCRAPE START ===
[2026-06-05 16:30:02] Fetching https://waitz.io/live/ucsd-rec
[2026-06-05 16:30:04] Saved 4 rows to ucsd_occupancy_history.csv
[2026-06-05 16:30:04] Main Gym Fitness Gym: 12% (Not Busy) people=9 capacity=72 is_open=True hour_summary=open
[2026-06-05 16:30:04] Outback Climbing Center: 99% (Very Active) people=51 capacity=30 is_open=True hour_summary=open
[2026-06-05 16:30:04] RIMAC Fitness Gym: 45% (Not Busy) people=68 capacity=150 is_open=True hour_summary=open
[2026-06-05 16:30:04] Triton Esports Center: 37% (Not Busy) people=13 capacity=35 is_open=True hour_summary=open
[2026-06-05 16:30:04] === SCRAPE END OK ===
[2026-06-05 16:45:02] === SCRAPE START ===
[2026-06-05 16:45:02] Fetching https://waitz.io/live/ucsd-rec
[2026-06-05 16:45:03] Saved 4 rows to ucsd_occupancy_history.csv
[2026-06-05 16:45:03] Main Gym Fitness Gym: 20% (Not Busy) people=15 capacity=72 is_open=True hour_summary=open
[2026-06-05 16:45:03] Outback Climbing Center: 99% (Very Active) people=48 capacity=30 is_open=True hour_summary=open
[2026-06-05 16:45:03] RIMAC Fitness Gym: 46% (Busy) people=69 capacity=150 is_open=True hour_summary=open
[2026-06-05 16:45:03] Triton Esports Center: 22% (Not Busy) people=8 capacity=35 is_open=True hour_summary=open
[2026-06-05 16:45:03] === SCRAPE END OK ===
[2026-06-05 17:00:02] === SCRAPE START ===
[2026-06-05 17:00:02] Fetching https://waitz.io/live/ucsd-rec
[2026-06-05 17:00:04] Saved 4 rows to ucsd_occupancy_history.csv
[2026-06-05 17:00:04] Main Gym Fitness Gym: 99% (Very Active) people=87 capacity=72 is_open=True hour_summary=open
[2026-06-05 17:00:04] Outback Climbing Center: 99% (Very Active) people=83 capacity=30 is_open=True hour_summary=open
[2026-06-05 17:00:04] RIMAC Fitness Gym: 48% (Busy) people=73 capacity=150 is_open=True hour_summary=open
[2026-06-05 17:00:04] Triton Esports Center: 26% (Not Busy) people=9 capacity=35 is_open=True hour_summary=open
[2026-06-05 17:00:04] === SCRAPE END OK ===
[2026-06-05 17:15:02] === SCRAPE START ===
[2026-06-05 17:15:02] Fetching https://waitz.io/live/ucsd-rec
[2026-06-05 17:15:03] Saved 4 rows to ucsd_occupancy_history.csv
[2026-06-05 17:15:03] Main Gym Fitness Gym: 11% (Not Busy) people=8 capacity=72 is_open=True hour_summary=open
[2026-06-05 17:15:03] Outback Climbing Center: 99% (Very Active) people=79 capacity=30 is_open=True hour_summary=open
[2026-06-05 17:15:03] RIMAC Fitness Gym: 49% (Busy) people=74 capacity=150 is_open=True hour_summary=open
[2026-06-05 17:15:03] Triton Esports Center: 24% (Not Busy) people=8 capacity=35 is_open=True hour_summary=open
[2026-06-05 17:15:03] === SCRAPE END OK ===
[2026-06-05 17:30:02] === SCRAPE START ===
[2026-06-05 17:30:02] Fetching https://waitz.io/live/ucsd-rec
[2026-06-05 17:30:04] Saved 4 rows to ucsd_occupancy_history.csv
[2026-06-05 17:30:04] Main Gym Fitness Gym: 12% (Not Busy) people=9 capacity=72 is_open=True hour_summary=open
[2026-06-05 17:30:04] Outback Climbing Center: 99% (Very Active) people=59 capacity=30 is_open=True hour_summary=open
[2026-06-05 17:30:04] RIMAC Fitness Gym: 50% (Busy) people=76 capacity=150 is_open=True hour_summary=open
[2026-06-05 17:30:04] Triton Esports Center: 23% (Not Busy) people=8 capacity=35 is_open=True hour_summary=open
[2026-06-05 17:30:04] === SCRAPE END OK ===
[2026-06-05 17:45:02] === SCRAPE START ===
[2026-06-05 17:45:02] Fetching https://waitz.io/live/ucsd-rec
[2026-06-05 17:45:02] Saved 4 rows to ucsd_occupancy_history.csv
[2026-06-05 17:45:02] Main Gym Fitness Gym: 25% (Not Busy) people=18 capacity=72 is_open=True hour_summary=open
[2026-06-05 17:45:02] Outback Climbing Center: 99% (Very Active) people=77 capacity=30 is_open=True hour_summary=open
[2026-06-05 17:45:02] RIMAC Fitness Gym: 48% (Busy) people=72 capacity=150 is_open=True hour_summary=open
[2026-06-05 17:45:02] Triton Esports Center: 34% (Not Busy) people=12 capacity=35 is_open=True hour_summary=open
[2026-06-05 17:45:02] === SCRAPE END OK ===
[2026-06-05 18:00:01] === SCRAPE START ===
[2026-06-05 18:00:01] Fetching https://waitz.io/live/ucsd-rec
[2026-06-05 18:00:04] Saved 4 rows to ucsd_occupancy_history.csv
[2026-06-05 18:00:04] Main Gym Fitness Gym: 32% (Not Busy) people=23 capacity=72 is_open=True hour_summary=open
[2026-06-05 18:00:04] Outback Climbing Center: 99% (Very Active) people=76 capacity=30 is_open=True hour_summary=open
[2026-06-05 18:00:04] RIMAC Fitness Gym: 32% (Not Busy) people=48 capacity=150 is_open=True hour_summary=open
[2026-06-05 18:00:04] Triton Esports Center: 37% (Not Busy) people=13 capacity=35 is_open=True hour_summary=open
[2026-06-05 18:00:04] === SCRAPE END OK ===
[2026-06-05 18:15:02] === SCRAPE START ===
[2026-06-05 18:15:02] Fetching https://waitz.io/live/ucsd-rec
[2026-06-05 18:15:03] Saved 4 rows to ucsd_occupancy_history.csv
[2026-06-05 18:15:03] Main Gym Fitness Gym: 32% (Not Busy) people=23 capacity=72 is_open=True hour_summary=open
[2026-06-05 18:15:03] Outback Climbing Center: 99% (Very Active) people=58 capacity=30 is_open=True hour_summary=open
[2026-06-05 18:15:03] RIMAC Fitness Gym: 28% (Not Busy) people=42 capacity=150 is_open=True hour_summary=open
[2026-06-05 18:15:03] Triton Esports Center: 36% (Not Busy) people=13 capacity=35 is_open=True hour_summary=open
[2026-06-05 18:15:03] === SCRAPE END OK ===
[2026-06-05 18:30:02] === SCRAPE START ===
[2026-06-05 18:30:02] Fetching https://waitz.io/live/ucsd-rec
[2026-06-05 18:30:03] Saved 4 rows to ucsd_occupancy_history.csv
[2026-06-05 18:30:03] Main Gym Fitness Gym: 36% (Not Busy) people=26 capacity=72 is_open=True hour_summary=open
[2026-06-05 18:30:03] Outback Climbing Center: 99% (Very Active) people=55 capacity=30 is_open=True hour_summary=open
[2026-06-05 18:30:03] RIMAC Fitness Gym: 35% (Not Busy) people=52 capacity=150 is_open=True hour_summary=open
[2026-06-05 18:30:03] Triton Esports Center: 40% (Not Busy) people=14 capacity=35 is_open=True hour_summary=open
[2026-06-05 18:30:03] === SCRAPE END OK ===
[2026-06-05 18:45:02] === SCRAPE START ===
[2026-06-05 18:45:02] Fetching https://waitz.io/live/ucsd-rec
[2026-06-05 18:45:03] Saved 4 rows to ucsd_occupancy_history.csv
[2026-06-05 18:45:03] Main Gym Fitness Gym: 31% (Not Busy) people=22 capacity=72 is_open=True hour_summary=open
[2026-06-05 18:45:03] Outback Climbing Center: 99% (Very Active) people=45 capacity=30 is_open=True hour_summary=open
[2026-06-05 18:45:03] RIMAC Fitness Gym: 37% (Not Busy) people=56 capacity=150 is_open=True hour_summary=open
[2026-06-05 18:45:03] Triton Esports Center: 45% (Not Busy) people=16 capacity=35 is_open=True hour_summary=open
[2026-06-05 18:45:03] === SCRAPE END OK ===
[2026-06-05 19:00:02] === SCRAPE START ===
[2026-06-05 19:00:02] Fetching https://waitz.io/live/ucsd-rec
[2026-06-05 19:00:04] Saved 4 rows to ucsd_occupancy_history.csv
[2026-06-05 19:00:04] Main Gym Fitness Gym: 24% (Not Busy) people=17 capacity=72 is_open=True hour_summary=open
[2026-06-05 19:00:04] Outback Climbing Center: 99% (Very Active) people=45 capacity=30 is_open=True hour_summary=open
[2026-06-05 19:00:04] RIMAC Fitness Gym: 43% (Not Busy) people=65 capacity=150 is_open=True hour_summary=open
[2026-06-05 19:00:04] Triton Esports Center: 54% (Busy) people=19 capacity=35 is_open=True hour_summary=open
[2026-06-05 19:00:04] === SCRAPE END OK ===
[2026-06-05 19:15:02] === SCRAPE START ===
[2026-06-05 19:15:02] Fetching https://waitz.io/live/ucsd-rec
[2026-06-05 19:15:03] Saved 4 rows to ucsd_occupancy_history.csv
[2026-06-05 19:15:03] Main Gym Fitness Gym: 18% (Not Busy) people=13 capacity=72 is_open=True hour_summary=open
[2026-06-05 19:15:03] Outback Climbing Center: 99% (Very Active) people=51 capacity=30 is_open=True hour_summary=open
[2026-06-05 19:15:03] RIMAC Fitness Gym: 37% (Not Busy) people=56 capacity=150 is_open=True hour_summary=open
[2026-06-05 19:15:03] Triton Esports Center: 50% (Busy) people=18 capacity=35 is_open=True hour_summary=open
[2026-06-05 19:15:03] === SCRAPE END OK ===
[2026-06-05 19:30:02] === SCRAPE START ===
[2026-06-05 19:30:02] Fetching https://waitz.io/live/ucsd-rec
[2026-06-05 19:30:03] Saved 4 rows to ucsd_occupancy_history.csv
[2026-06-05 19:30:03] Main Gym Fitness Gym: 24% (Not Busy) people=17 capacity=72 is_open=True hour_summary=open
[2026-06-05 19:30:03] Outback Climbing Center: 99% (Very Active) people=48 capacity=30 is_open=True hour_summary=open
[2026-06-05 19:30:03] RIMAC Fitness Gym: 30% (Not Busy) people=46 capacity=150 is_open=True hour_summary=open
[2026-06-05 19:30:03] Triton Esports Center: 40% (Not Busy) people=14 capacity=35 is_open=True hour_summary=open
[2026-06-05 19:30:03] === SCRAPE END OK ===
