[2026-04-15 00:00:01] === SCRAPE START ===
[2026-04-15 00:00:01] Fetching https://waitz.io/live/ucsd-rec
[2026-04-15 00:00:04] Saved 4 rows to ucsd_occupancy_history.csv
[2026-04-15 00:00:04] Main Gym Fitness Gym: 1% (Closed) people=1 capacity=72 is_open=False hour_summary=Closed until 6:00am
[2026-04-15 00:00:04] Outback Climbing Center: 1% (Closed) people=0 capacity=30 is_open=False hour_summary=Closed until 10:00am
[2026-04-15 00:00:04] RIMAC Fitness Gym: 0% (Closed) people=1 capacity=150 is_open=False hour_summary=Closed until 6:00am
[2026-04-15 00:00:04] Triton Esports Center: 0% (Closed) people=0 capacity=35 is_open=False hour_summary=Closed until 7:30am
[2026-04-15 00:00:04] === SCRAPE END OK ===
[2026-04-15 00:15:02] === SCRAPE START ===
[2026-04-15 00:15:02] Fetching https://waitz.io/live/ucsd-rec
[2026-04-15 00:15:03] Saved 4 rows to ucsd_occupancy_history.csv
[2026-04-15 00:15:03] Main Gym Fitness Gym: 1% (Closed) people=1 capacity=72 is_open=False hour_summary=Closed until 6:00am
[2026-04-15 00:15:03] Outback Climbing Center: 1% (Closed) people=0 capacity=30 is_open=False hour_summary=Closed until 10:00am
[2026-04-15 00:15:03] RIMAC Fitness Gym: 0% (Closed) people=0 capacity=150 is_open=False hour_summary=Closed until 6:00am
[2026-04-15 00:15:03] Triton Esports Center: 0% (Closed) people=0 capacity=35 is_open=False hour_summary=Closed until 7:30am
[2026-04-15 00:15:03] === SCRAPE END OK ===
[2026-04-15 00:30:03] === SCRAPE START ===
[2026-04-15 00:30:03] Fetching https://waitz.io/live/ucsd-rec
[2026-04-15 00:30:04] Saved 4 rows to ucsd_occupancy_history.csv
[2026-04-15 00:30:04] Main Gym Fitness Gym: 1% (Closed) people=1 capacity=72 is_open=False hour_summary=Closed until 6:00am
[2026-04-15 00:30:04] Outback Climbing Center: 1% (Closed) people=0 capacity=30 is_open=False hour_summary=Closed until 10:00am
[2026-04-15 00:30:04] RIMAC Fitness Gym: 0% (Closed) people=0 capacity=150 is_open=False hour_summary=Closed until 6:00am
[2026-04-15 00:30:04] Triton Esports Center: 0% (Closed) people=0 capacity=35 is_open=False hour_summary=Closed until 7:30am
[2026-04-15 00:30:04] === SCRAPE END OK ===
[2026-04-15 00:45:02] === SCRAPE START ===
[2026-04-15 00:45:02] Fetching https://waitz.io/live/ucsd-rec
[2026-04-15 00:45:03] Saved 4 rows to ucsd_occupancy_history.csv
[2026-04-15 00:45:03] Main Gym Fitness Gym: 1% (Closed) people=1 capacity=72 is_open=False hour_summary=Closed until 6:00am
[2026-04-15 00:45:03] Outback Climbing Center: 1% (Closed) people=0 capacity=30 is_open=False hour_summary=Closed until 10:00am
[2026-04-15 00:45:03] RIMAC Fitness Gym: 0% (Closed) people=0 capacity=150 is_open=False hour_summary=Closed until 6:00am
[2026-04-15 00:45:03] Triton Esports Center: 0% (Closed) people=0 capacity=35 is_open=False hour_summary=Closed until 7:30am
[2026-04-15 00:45:03] === SCRAPE END OK ===
[2026-04-15 01:00:03] === SCRAPE START ===
[2026-04-15 01:00:03] Fetching https://waitz.io/live/ucsd-rec
[2026-04-15 01:00:04] Saved 4 rows to ucsd_occupancy_history.csv
[2026-04-15 01:00:04] Main Gym Fitness Gym: 1% (Closed) people=1 capacity=72 is_open=False hour_summary=Closed until 6:00am
[2026-04-15 01:00:04] Outback Climbing Center: 2% (Closed) people=0 capacity=30 is_open=False hour_summary=Closed until 10:00am
[2026-04-15 01:00:04] RIMAC Fitness Gym: 0% (Closed) people=0 capacity=150 is_open=False hour_summary=Closed until 6:00am
[2026-04-15 01:00:04] Triton Esports Center: 0% (Closed) people=0 capacity=35 is_open=False hour_summary=Closed until 7:30am
[2026-04-15 01:00:04] === SCRAPE END OK ===
[2026-04-15 01:15:02] === SCRAPE START ===
[2026-04-15 01:15:02] Fetching https://waitz.io/live/ucsd-rec
[2026-04-15 01:15:03] Saved 4 rows to ucsd_occupancy_history.csv
[2026-04-15 01:15:03] Main Gym Fitness Gym: 1% (Closed) people=1 capacity=72 is_open=False hour_summary=Closed until 6:00am
[2026-04-15 01:15:03] Outback Climbing Center: 1% (Closed) people=0 capacity=30 is_open=False hour_summary=Closed until 10:00am
[2026-04-15 01:15:03] RIMAC Fitness Gym: 1% (Closed) people=1 capacity=150 is_open=False hour_summary=Closed until 6:00am
[2026-04-15 01:15:03] Triton Esports Center: 0% (Closed) people=0 capacity=35 is_open=False hour_summary=Closed until 7:30am
[2026-04-15 01:15:03] === SCRAPE END OK ===
[2026-04-15 01:30:02] === SCRAPE START ===
[2026-04-15 01:30:02] Fetching https://waitz.io/live/ucsd-rec
[2026-04-15 01:30:03] Saved 4 rows to ucsd_occupancy_history.csv
[2026-04-15 01:30:03] Main Gym Fitness Gym: 1% (Closed) people=1 capacity=72 is_open=False hour_summary=Closed until 6:00am
[2026-04-15 01:30:03] Outback Climbing Center: 1% (Closed) people=0 capacity=30 is_open=False hour_summary=Closed until 10:00am
[2026-04-15 01:30:03] RIMAC Fitness Gym: 0% (Closed) people=0 capacity=150 is_open=False hour_summary=Closed until 6:00am
[2026-04-15 01:30:03] Triton Esports Center: 0% (Closed) people=0 capacity=35 is_open=False hour_summary=Closed until 7:30am
[2026-04-15 01:30:03] === SCRAPE END OK ===
[2026-04-15 01:45:03] === SCRAPE START ===
[2026-04-15 01:45:03] Fetching https://waitz.io/live/ucsd-rec
[2026-04-15 01:45:04] Saved 4 rows to ucsd_occupancy_history.csv
[2026-04-15 01:45:04] Main Gym Fitness Gym: 1% (Closed) people=1 capacity=72 is_open=False hour_summary=Closed until 6:00am
[2026-04-15 01:45:04] Outback Climbing Center: 2% (Closed) people=0 capacity=30 is_open=False hour_summary=Closed until 10:00am
[2026-04-15 01:45:04] RIMAC Fitness Gym: 0% (Closed) people=0 capacity=150 is_open=False hour_summary=Closed until 6:00am
[2026-04-15 01:45:04] Triton Esports Center: 0% (Closed) people=0 capacity=35 is_open=False hour_summary=Closed until 7:30am
[2026-04-15 01:45:04] === SCRAPE END OK ===
[2026-04-15 02:00:02] === SCRAPE START ===
[2026-04-15 02:00:02] Fetching https://waitz.io/live/ucsd-rec
[2026-04-15 02:00:03] Saved 4 rows to ucsd_occupancy_history.csv
[2026-04-15 02:00:03] Main Gym Fitness Gym: 1% (Closed) people=1 capacity=72 is_open=False hour_summary=Closed until 6:00am
[2026-04-15 02:00:03] Outback Climbing Center: 2% (Closed) people=1 capacity=30 is_open=False hour_summary=Closed until 10:00am
[2026-04-15 02:00:03] RIMAC Fitness Gym: 0% (Closed) people=0 capacity=150 is_open=False hour_summary=Closed until 6:00am
[2026-04-15 02:00:03] Triton Esports Center: 0% (Closed) people=0 capacity=35 is_open=False hour_summary=Closed until 7:30am
[2026-04-15 02:00:03] === SCRAPE END OK ===
[2026-04-15 02:15:02] === SCRAPE START ===
[2026-04-15 02:15:02] Fetching https://waitz.io/live/ucsd-rec
[2026-04-15 02:15:03] Saved 4 rows to ucsd_occupancy_history.csv
[2026-04-15 02:15:03] Main Gym Fitness Gym: 1% (Closed) people=1 capacity=72 is_open=False hour_summary=Closed until 6:00am
[2026-04-15 02:15:03] Outback Climbing Center: 1% (Closed) people=0 capacity=30 is_open=False hour_summary=Closed until 10:00am
[2026-04-15 02:15:03] RIMAC Fitness Gym: 0% (Closed) people=1 capacity=150 is_open=False hour_summary=Closed until 6:00am
[2026-04-15 02:15:03] Triton Esports Center: 0% (Closed) people=0 capacity=35 is_open=False hour_summary=Closed until 7:30am
[2026-04-15 02:15:03] === SCRAPE END OK ===
[2026-04-15 03:00:05] === SCRAPE START ===
[2026-04-15 03:00:05] Fetching https://waitz.io/live/ucsd-rec
[2026-04-15 03:00:06] Saved 4 rows to ucsd_occupancy_history.csv
[2026-04-15 03:00:06] Main Gym Fitness Gym: 1% (Closed) people=1 capacity=72 is_open=False hour_summary=Closed until 6:00am
[2026-04-15 03:00:06] Outback Climbing Center: 2% (Closed) people=1 capacity=30 is_open=False hour_summary=Closed until 10:00am
[2026-04-15 03:00:06] RIMAC Fitness Gym: 0% (Closed) people=0 capacity=150 is_open=False hour_summary=Closed until 6:00am
[2026-04-15 03:00:06] Triton Esports Center: 0% (Closed) people=0 capacity=35 is_open=False hour_summary=Closed until 7:30am
[2026-04-15 03:00:06] === SCRAPE END OK ===
[2026-04-15 03:15:03] === SCRAPE START ===
[2026-04-15 03:15:03] Fetching https://waitz.io/live/ucsd-rec
[2026-04-15 03:15:04] Saved 4 rows to ucsd_occupancy_history.csv
[2026-04-15 03:15:04] Main Gym Fitness Gym: 1% (Closed) people=1 capacity=72 is_open=False hour_summary=Closed until 6:00am
[2026-04-15 03:15:04] Outback Climbing Center: 1% (Closed) people=0 capacity=30 is_open=False hour_summary=Closed until 10:00am
[2026-04-15 03:15:04] RIMAC Fitness Gym: 0% (Closed) people=0 capacity=150 is_open=False hour_summary=Closed until 6:00am
[2026-04-15 03:15:04] Triton Esports Center: 0% (Closed) people=0 capacity=35 is_open=False hour_summary=Closed until 7:30am
[2026-04-15 03:15:04] === SCRAPE END OK ===
[2026-04-15 03:30:02] === SCRAPE START ===
[2026-04-15 03:30:02] Fetching https://waitz.io/live/ucsd-rec
[2026-04-15 03:30:04] Saved 4 rows to ucsd_occupancy_history.csv
[2026-04-15 03:30:04] Main Gym Fitness Gym: 1% (Closed) people=1 capacity=72 is_open=False hour_summary=Closed until 6:00am
[2026-04-15 03:30:04] Outback Climbing Center: 1% (Closed) people=0 capacity=30 is_open=False hour_summary=Closed until 10:00am
[2026-04-15 03:30:04] RIMAC Fitness Gym: 0% (Closed) people=0 capacity=150 is_open=False hour_summary=Closed until 6:00am
[2026-04-15 03:30:04] Triton Esports Center: 0% (Closed) people=0 capacity=35 is_open=False hour_summary=Closed until 7:30am
[2026-04-15 03:30:04] === SCRAPE END OK ===
[2026-04-15 03:45:03] === SCRAPE START ===
[2026-04-15 03:45:03] Fetching https://waitz.io/live/ucsd-rec
[2026-04-15 03:45:04] Saved 4 rows to ucsd_occupancy_history.csv
[2026-04-15 03:45:04] Main Gym Fitness Gym: 0% (Closed) people=0 capacity=72 is_open=False hour_summary=Closed until 6:00am
[2026-04-15 03:45:04] Outback Climbing Center: 1% (Closed) people=0 capacity=30 is_open=False hour_summary=Closed until 10:00am
[2026-04-15 03:45:04] RIMAC Fitness Gym: 0% (Closed) people=0 capacity=150 is_open=False hour_summary=Closed until 6:00am
[2026-04-15 03:45:04] Triton Esports Center: 0% (Closed) people=0 capacity=35 is_open=False hour_summary=Closed until 7:30am
[2026-04-15 03:45:04] === SCRAPE END OK ===
[2026-04-15 04:00:02] === SCRAPE START ===
[2026-04-15 04:00:02] Fetching https://waitz.io/live/ucsd-rec
[2026-04-15 04:00:04] Saved 4 rows to ucsd_occupancy_history.csv
[2026-04-15 04:00:04] Main Gym Fitness Gym: 1% (Closed) people=1 capacity=72 is_open=False hour_summary=Closed until 6:00am
[2026-04-15 04:00:04] Outback Climbing Center: 1% (Closed) people=0 capacity=30 is_open=False hour_summary=Closed until 10:00am
[2026-04-15 04:00:04] RIMAC Fitness Gym: 0% (Closed) people=0 capacity=150 is_open=False hour_summary=Closed until 6:00am
[2026-04-15 04:00:04] Triton Esports Center: 0% (Closed) people=0 capacity=35 is_open=False hour_summary=Closed until 7:30am
[2026-04-15 04:00:04] === SCRAPE END OK ===
[2026-04-15 04:15:02] === SCRAPE START ===
[2026-04-15 04:15:02] Fetching https://waitz.io/live/ucsd-rec
[2026-04-15 04:15:03] Saved 4 rows to ucsd_occupancy_history.csv
[2026-04-15 04:15:03] Main Gym Fitness Gym: 1% (Closed) people=1 capacity=72 is_open=False hour_summary=Closed until 6:00am
[2026-04-15 04:15:03] Outback Climbing Center: 1% (Closed) people=0 capacity=30 is_open=False hour_summary=Closed until 10:00am
[2026-04-15 04:15:03] RIMAC Fitness Gym: 0% (Closed) people=0 capacity=150 is_open=False hour_summary=Closed until 6:00am
[2026-04-15 04:15:03] Triton Esports Center: 0% (Closed) people=0 capacity=35 is_open=False hour_summary=Closed until 7:30am
[2026-04-15 04:15:03] === SCRAPE END OK ===
[2026-04-15 04:30:02] === SCRAPE START ===
[2026-04-15 04:30:02] Fetching https://waitz.io/live/ucsd-rec
[2026-04-15 04:30:03] Saved 4 rows to ucsd_occupancy_history.csv
[2026-04-15 04:30:03] Main Gym Fitness Gym: 1% (Closed) people=1 capacity=72 is_open=False hour_summary=Closed until 6:00am
[2026-04-15 04:30:03] Outback Climbing Center: 1% (Closed) people=0 capacity=30 is_open=False hour_summary=Closed until 10:00am
[2026-04-15 04:30:03] RIMAC Fitness Gym: 0% (Closed) people=1 capacity=150 is_open=False hour_summary=Closed until 6:00am
[2026-04-15 04:30:03] Triton Esports Center: 0% (Closed) people=0 capacity=35 is_open=False hour_summary=Closed until 7:30am
[2026-04-15 04:30:03] === SCRAPE END OK ===
[2026-04-15 04:45:02] === SCRAPE START ===
[2026-04-15 04:45:02] Fetching https://waitz.io/live/ucsd-rec
[2026-04-15 04:45:03] Saved 4 rows to ucsd_occupancy_history.csv
[2026-04-15 04:45:03] Main Gym Fitness Gym: 1% (Closed) people=1 capacity=72 is_open=False hour_summary=Closed until 6:00am
[2026-04-15 04:45:03] Outback Climbing Center: 1% (Closed) people=0 capacity=30 is_open=False hour_summary=Closed until 10:00am
[2026-04-15 04:45:03] RIMAC Fitness Gym: 0% (Closed) people=0 capacity=150 is_open=False hour_summary=Closed until 6:00am
[2026-04-15 04:45:03] Triton Esports Center: 0% (Closed) people=0 capacity=35 is_open=False hour_summary=Closed until 7:30am
[2026-04-15 04:45:03] === SCRAPE END OK ===
[2026-04-15 05:00:02] === SCRAPE START ===
[2026-04-15 05:00:02] Fetching https://waitz.io/live/ucsd-rec
[2026-04-15 05:00:03] Saved 4 rows to ucsd_occupancy_history.csv
[2026-04-15 05:00:03] Main Gym Fitness Gym: 1% (Closed) people=1 capacity=72 is_open=False hour_summary=Closed until 6:00am
[2026-04-15 05:00:03] Outback Climbing Center: 4% (Closed) people=1 capacity=30 is_open=False hour_summary=Closed until 10:00am
[2026-04-15 05:00:03] RIMAC Fitness Gym: 0% (Closed) people=1 capacity=150 is_open=False hour_summary=Closed until 6:00am
[2026-04-15 05:00:03] Triton Esports Center: 0% (Closed) people=0 capacity=35 is_open=False hour_summary=Closed until 7:30am
[2026-04-15 05:00:03] === SCRAPE END OK ===
[2026-04-15 05:15:02] === SCRAPE START ===
[2026-04-15 05:15:02] Fetching https://waitz.io/live/ucsd-rec
[2026-04-15 05:15:03] Saved 4 rows to ucsd_occupancy_history.csv
[2026-04-15 05:15:03] Main Gym Fitness Gym: 1% (Closed) people=1 capacity=72 is_open=False hour_summary=Closed until 6:00am
[2026-04-15 05:15:03] Outback Climbing Center: 3% (Closed) people=1 capacity=30 is_open=False hour_summary=Closed until 10:00am
[2026-04-15 05:15:03] RIMAC Fitness Gym: 0% (Closed) people=0 capacity=150 is_open=False hour_summary=Closed until 6:00am
[2026-04-15 05:15:03] Triton Esports Center: 0% (Closed) people=0 capacity=35 is_open=False hour_summary=Closed until 7:30am
[2026-04-15 05:15:03] === SCRAPE END OK ===
[2026-04-15 05:30:02] === SCRAPE START ===
[2026-04-15 05:30:02] Fetching https://waitz.io/live/ucsd-rec
[2026-04-15 05:30:04] Saved 4 rows to ucsd_occupancy_history.csv
[2026-04-15 05:30:04] Main Gym Fitness Gym: 1% (Closed) people=1 capacity=72 is_open=False hour_summary=Closed until 6:00am
[2026-04-15 05:30:04] Outback Climbing Center: 1% (Closed) people=0 capacity=30 is_open=False hour_summary=Closed until 10:00am
[2026-04-15 05:30:04] RIMAC Fitness Gym: 0% (Closed) people=0 capacity=150 is_open=False hour_summary=Closed until 6:00am
[2026-04-15 05:30:04] Triton Esports Center: 0% (Closed) people=0 capacity=35 is_open=False hour_summary=Closed until 7:30am
[2026-04-15 05:30:04] === SCRAPE END OK ===
[2026-04-15 05:45:02] === SCRAPE START ===
[2026-04-15 05:45:02] Fetching https://waitz.io/live/ucsd-rec
[2026-04-15 05:45:03] Saved 4 rows to ucsd_occupancy_history.csv
[2026-04-15 05:45:03] Main Gym Fitness Gym: 1% (Closed) people=1 capacity=72 is_open=False hour_summary=Closed until 6:00am
[2026-04-15 05:45:03] Outback Climbing Center: 1% (Closed) people=0 capacity=30 is_open=False hour_summary=Closed until 10:00am
[2026-04-15 05:45:03] RIMAC Fitness Gym: 0% (Closed) people=0 capacity=150 is_open=False hour_summary=Closed until 6:00am
[2026-04-15 05:45:03] Triton Esports Center: 0% (Closed) people=0 capacity=35 is_open=False hour_summary=Closed until 7:30am
[2026-04-15 05:45:03] === SCRAPE END OK ===
[2026-04-15 06:00:02] === SCRAPE START ===
[2026-04-15 06:00:02] Fetching https://waitz.io/live/ucsd-rec
[2026-04-15 06:00:03] Saved 4 rows to ucsd_occupancy_history.csv
[2026-04-15 06:00:03] Main Gym Fitness Gym: 2% (Not Busy) people=2 capacity=72 is_open=True hour_summary=open
[2026-04-15 06:00:03] Outback Climbing Center: 3% (Closed) people=1 capacity=30 is_open=False hour_summary=Closed until 10:00am
[2026-04-15 06:00:03] RIMAC Fitness Gym: 0% (Not Busy) people=1 capacity=150 is_open=True hour_summary=open
[2026-04-15 06:00:03] Triton Esports Center: 0% (Closed) people=0 capacity=35 is_open=False hour_summary=Closed until 7:30am
[2026-04-15 06:00:03] === SCRAPE END OK ===
[2026-04-15 06:15:02] === SCRAPE START ===
[2026-04-15 06:15:02] Fetching https://waitz.io/live/ucsd-rec
[2026-04-15 06:15:03] Saved 4 rows to ucsd_occupancy_history.csv
[2026-04-15 06:15:03] Main Gym Fitness Gym: 9% (Not Busy) people=6 capacity=72 is_open=True hour_summary=open
[2026-04-15 06:15:03] Outback Climbing Center: 2% (Closed) people=0 capacity=30 is_open=False hour_summary=Closed until 10:00am
[2026-04-15 06:15:03] RIMAC Fitness Gym: 11% (Not Busy) people=16 capacity=150 is_open=True hour_summary=open
[2026-04-15 06:15:03] Triton Esports Center: 0% (Closed) people=0 capacity=35 is_open=False hour_summary=Closed until 7:30am
[2026-04-15 06:15:03] === SCRAPE END OK ===
[2026-04-15 06:30:02] === SCRAPE START ===
[2026-04-15 06:30:02] Fetching https://waitz.io/live/ucsd-rec
[2026-04-15 06:30:04] Saved 4 rows to ucsd_occupancy_history.csv
[2026-04-15 06:30:04] Main Gym Fitness Gym: 15% (Not Busy) people=11 capacity=72 is_open=True hour_summary=open
[2026-04-15 06:30:04] Outback Climbing Center: 2% (Closed) people=1 capacity=30 is_open=False hour_summary=Closed until 10:00am
[2026-04-15 06:30:04] RIMAC Fitness Gym: 25% (Not Busy) people=37 capacity=150 is_open=True hour_summary=open
[2026-04-15 06:30:04] Triton Esports Center: 0% (Closed) people=0 capacity=35 is_open=False hour_summary=Closed until 7:30am
[2026-04-15 06:30:04] === SCRAPE END OK ===
[2026-04-15 06:45:02] === SCRAPE START ===
[2026-04-15 06:45:02] Fetching https://waitz.io/live/ucsd-rec
[2026-04-15 06:45:03] Saved 4 rows to ucsd_occupancy_history.csv
[2026-04-15 06:45:03] Main Gym Fitness Gym: 7% (Not Busy) people=5 capacity=72 is_open=True hour_summary=open
[2026-04-15 06:45:03] Outback Climbing Center: 2% (Closed) people=0 capacity=30 is_open=False hour_summary=Closed until 10:00am
[2026-04-15 06:45:03] RIMAC Fitness Gym: 43% (Not Busy) people=64 capacity=150 is_open=True hour_summary=open
[2026-04-15 06:45:03] Triton Esports Center: 0% (Closed) people=0 capacity=35 is_open=False hour_summary=Closed until 7:30am
[2026-04-15 06:45:03] === SCRAPE END OK ===
[2026-04-15 07:00:02] === SCRAPE START ===
[2026-04-15 07:00:02] Fetching https://waitz.io/live/ucsd-rec
[2026-04-15 07:00:04] Saved 4 rows to ucsd_occupancy_history.csv
[2026-04-15 07:00:04] Main Gym Fitness Gym: 6% (Not Busy) people=4 capacity=72 is_open=True hour_summary=open
[2026-04-15 07:00:04] Outback Climbing Center: 2% (Closed) people=1 capacity=30 is_open=False hour_summary=Closed until 10:00am
[2026-04-15 07:00:04] RIMAC Fitness Gym: 45% (Not Busy) people=68 capacity=150 is_open=True hour_summary=open
[2026-04-15 07:00:04] Triton Esports Center: 0% (Closed) people=0 capacity=35 is_open=False hour_summary=Closed until 7:30am
[2026-04-15 07:00:04] === SCRAPE END OK ===
[2026-04-15 07:15:02] === SCRAPE START ===
[2026-04-15 07:15:02] Fetching https://waitz.io/live/ucsd-rec
[2026-04-15 07:15:03] Saved 4 rows to ucsd_occupancy_history.csv
[2026-04-15 07:15:03] Main Gym Fitness Gym: 11% (Not Busy) people=8 capacity=72 is_open=True hour_summary=open
[2026-04-15 07:15:03] Outback Climbing Center: 2% (Closed) people=1 capacity=30 is_open=False hour_summary=Closed until 10:00am
[2026-04-15 07:15:03] RIMAC Fitness Gym: 36% (Not Busy) people=54 capacity=150 is_open=True hour_summary=open
[2026-04-15 07:15:03] Triton Esports Center: 0% (Closed) people=0 capacity=35 is_open=False hour_summary=Closed until 7:30am
[2026-04-15 07:15:03] === SCRAPE END OK ===
[2026-04-15 07:30:02] === SCRAPE START ===
[2026-04-15 07:30:02] Fetching https://waitz.io/live/ucsd-rec
[2026-04-15 07:30:03] Saved 4 rows to ucsd_occupancy_history.csv
[2026-04-15 07:30:03] Main Gym Fitness Gym: 10% (Not Busy) people=7 capacity=72 is_open=True hour_summary=open
[2026-04-15 07:30:03] Outback Climbing Center: 3% (Closed) people=1 capacity=30 is_open=False hour_summary=Closed until 10:00am
[2026-04-15 07:30:03] RIMAC Fitness Gym: 49% (Busy) people=73 capacity=150 is_open=True hour_summary=open
[2026-04-15 07:30:03] Triton Esports Center: 0% (Not Busy) people=0 capacity=35 is_open=True hour_summary=open
[2026-04-15 07:30:03] === SCRAPE END OK ===
[2026-04-15 07:45:02] === SCRAPE START ===
[2026-04-15 07:45:02] Fetching https://waitz.io/live/ucsd-rec
[2026-04-15 07:45:03] Saved 4 rows to ucsd_occupancy_history.csv
[2026-04-15 07:45:03] Main Gym Fitness Gym: 64% (Busy) people=46 capacity=72 is_open=True hour_summary=open
[2026-04-15 07:45:03] Outback Climbing Center: 4% (Closed) people=1 capacity=30 is_open=False hour_summary=Closed until 10:00am
[2026-04-15 07:45:03] RIMAC Fitness Gym: 54% (Busy) people=81 capacity=150 is_open=True hour_summary=open
[2026-04-15 07:45:03] Triton Esports Center: 0% (Not Busy) people=0 capacity=35 is_open=True hour_summary=open
[2026-04-15 07:45:03] === SCRAPE END OK ===
[2026-04-15 08:00:02] === SCRAPE START ===
[2026-04-15 08:00:02] Fetching https://waitz.io/live/ucsd-rec
[2026-04-15 08:00:04] Saved 4 rows to ucsd_occupancy_history.csv
[2026-04-15 08:00:04] Main Gym Fitness Gym: 18% (Not Busy) people=13 capacity=72 is_open=True hour_summary=open
[2026-04-15 08:00:04] Outback Climbing Center: 10% (Closed) people=3 capacity=30 is_open=False hour_summary=Closed until 10:00am
[2026-04-15 08:00:04] RIMAC Fitness Gym: 50% (Busy) people=75 capacity=150 is_open=True hour_summary=open
[2026-04-15 08:00:04] Triton Esports Center: 3% (Not Busy) people=1 capacity=35 is_open=True hour_summary=open
[2026-04-15 08:00:04] === SCRAPE END OK ===
[2026-04-15 08:15:02] === SCRAPE START ===
[2026-04-15 08:15:02] Fetching https://waitz.io/live/ucsd-rec
[2026-04-15 08:15:04] Saved 4 rows to ucsd_occupancy_history.csv
[2026-04-15 08:15:04] Main Gym Fitness Gym: 18% (Not Busy) people=13 capacity=72 is_open=True hour_summary=open
[2026-04-15 08:15:04] Outback Climbing Center: 2% (Closed) people=1 capacity=30 is_open=False hour_summary=Closed until 10:00am
[2026-04-15 08:15:04] RIMAC Fitness Gym: 57% (Busy) people=86 capacity=150 is_open=True hour_summary=open
[2026-04-15 08:15:04] Triton Esports Center: 0% (Not Busy) people=0 capacity=35 is_open=True hour_summary=open
[2026-04-15 08:15:04] === SCRAPE END OK ===
[2026-04-15 08:30:02] === SCRAPE START ===
[2026-04-15 08:30:02] Fetching https://waitz.io/live/ucsd-rec
[2026-04-15 08:30:03] Saved 4 rows to ucsd_occupancy_history.csv
[2026-04-15 08:30:03] Main Gym Fitness Gym: 30% (Not Busy) people=21 capacity=72 is_open=True hour_summary=open
[2026-04-15 08:30:03] Outback Climbing Center: 7% (Closed) people=2 capacity=30 is_open=False hour_summary=Closed until 10:00am
[2026-04-15 08:30:03] RIMAC Fitness Gym: 51% (Busy) people=77 capacity=150 is_open=True hour_summary=open
[2026-04-15 08:30:03] Triton Esports Center: 1% (Not Busy) people=0 capacity=35 is_open=True hour_summary=open
[2026-04-15 08:30:03] === SCRAPE END OK ===
[2026-04-15 08:45:02] === SCRAPE START ===
[2026-04-15 08:45:02] Fetching https://waitz.io/live/ucsd-rec
[2026-04-15 08:45:03] Saved 4 rows to ucsd_occupancy_history.csv
[2026-04-15 08:45:03] Main Gym Fitness Gym: 20% (Not Busy) people=15 capacity=72 is_open=True hour_summary=open
[2026-04-15 08:45:03] Outback Climbing Center: 15% (Closed) people=5 capacity=30 is_open=False hour_summary=Closed until 10:00am
[2026-04-15 08:45:03] RIMAC Fitness Gym: 51% (Busy) people=76 capacity=150 is_open=True hour_summary=open
[2026-04-15 08:45:03] Triton Esports Center: 5% (Not Busy) people=2 capacity=35 is_open=True hour_summary=open
[2026-04-15 08:45:03] === SCRAPE END OK ===
[2026-04-15 09:00:02] === SCRAPE START ===
[2026-04-15 09:00:02] Fetching https://waitz.io/live/ucsd-rec
[2026-04-15 09:00:03] Saved 4 rows to ucsd_occupancy_history.csv
[2026-04-15 09:00:03] Main Gym Fitness Gym: 12% (Not Busy) people=8 capacity=72 is_open=True hour_summary=open
[2026-04-15 09:00:03] Outback Climbing Center: 12% (Closed) people=4 capacity=30 is_open=False hour_summary=Closed until 10:00am
[2026-04-15 09:00:03] RIMAC Fitness Gym: 59% (Busy) people=88 capacity=150 is_open=True hour_summary=open
[2026-04-15 09:00:03] Triton Esports Center: 1% (Not Busy) people=0 capacity=35 is_open=True hour_summary=open
[2026-04-15 09:00:03] === SCRAPE END OK ===
[2026-04-15 09:15:02] === SCRAPE START ===
[2026-04-15 09:15:02] Fetching https://waitz.io/live/ucsd-rec
[2026-04-15 09:15:03] Saved 4 rows to ucsd_occupancy_history.csv
[2026-04-15 09:15:03] Main Gym Fitness Gym: 16% (Not Busy) people=11 capacity=72 is_open=True hour_summary=open
[2026-04-15 09:15:03] Outback Climbing Center: 2% (Closed) people=1 capacity=30 is_open=False hour_summary=Closed until 10:00am
[2026-04-15 09:15:03] RIMAC Fitness Gym: 70% (Busy) people=105 capacity=150 is_open=True hour_summary=open
[2026-04-15 09:15:03] Triton Esports Center: 13% (Not Busy) people=4 capacity=35 is_open=True hour_summary=open
[2026-04-15 09:15:03] === SCRAPE END OK ===
[2026-04-15 09:30:02] === SCRAPE START ===
[2026-04-15 09:30:02] Fetching https://waitz.io/live/ucsd-rec
[2026-04-15 09:30:03] Saved 4 rows to ucsd_occupancy_history.csv
[2026-04-15 09:30:03] Main Gym Fitness Gym: 32% (Not Busy) people=23 capacity=72 is_open=True hour_summary=open
[2026-04-15 09:30:03] Outback Climbing Center: 4% (Closed) people=1 capacity=30 is_open=False hour_summary=Closed until 10:00am
[2026-04-15 09:30:03] RIMAC Fitness Gym: 65% (Busy) people=97 capacity=150 is_open=True hour_summary=open
[2026-04-15 09:30:03] Triton Esports Center: 14% (Not Busy) people=5 capacity=35 is_open=True hour_summary=open
[2026-04-15 09:30:03] === SCRAPE END OK ===
[2026-04-15 09:45:02] === SCRAPE START ===
[2026-04-15 09:45:02] Fetching https://waitz.io/live/ucsd-rec
[2026-04-15 09:45:03] Saved 4 rows to ucsd_occupancy_history.csv
[2026-04-15 09:45:03] Main Gym Fitness Gym: 30% (Not Busy) people=22 capacity=72 is_open=True hour_summary=open
[2026-04-15 09:45:03] Outback Climbing Center: 7% (Closed) people=2 capacity=30 is_open=False hour_summary=Closed until 10:00am
[2026-04-15 09:45:03] RIMAC Fitness Gym: 54% (Busy) people=82 capacity=150 is_open=True hour_summary=open
[2026-04-15 09:45:03] Triton Esports Center: 20% (Not Busy) people=7 capacity=35 is_open=True hour_summary=open
[2026-04-15 09:45:03] === SCRAPE END OK ===
[2026-04-15 10:00:02] === SCRAPE START ===
[2026-04-15 10:00:02] Fetching https://waitz.io/live/ucsd-rec
[2026-04-15 10:00:04] Saved 4 rows to ucsd_occupancy_history.csv
[2026-04-15 10:00:04] Main Gym Fitness Gym: 55% (Busy) people=40 capacity=72 is_open=True hour_summary=open
[2026-04-15 10:00:04] Outback Climbing Center: 5% (Not Busy) people=2 capacity=30 is_open=True hour_summary=open
[2026-04-15 10:00:04] RIMAC Fitness Gym: 46% (Busy) people=69 capacity=150 is_open=True hour_summary=open
[2026-04-15 10:00:04] Triton Esports Center: 32% (Not Busy) people=11 capacity=35 is_open=True hour_summary=open
[2026-04-15 10:00:04] === SCRAPE END OK ===
[2026-04-15 10:15:02] === SCRAPE START ===
[2026-04-15 10:15:02] Fetching https://waitz.io/live/ucsd-rec
[2026-04-15 10:15:03] Saved 4 rows to ucsd_occupancy_history.csv
[2026-04-15 10:15:03] Main Gym Fitness Gym: 21% (Not Busy) people=15 capacity=72 is_open=True hour_summary=open
[2026-04-15 10:15:03] Outback Climbing Center: 62% (Busy) people=19 capacity=30 is_open=True hour_summary=open
[2026-04-15 10:15:03] RIMAC Fitness Gym: 50% (Busy) people=76 capacity=150 is_open=True hour_summary=open
[2026-04-15 10:15:03] Triton Esports Center: 22% (Not Busy) people=8 capacity=35 is_open=True hour_summary=open
[2026-04-15 10:15:03] === SCRAPE END OK ===
[2026-04-15 10:30:02] === SCRAPE START ===
[2026-04-15 10:30:02] Fetching https://waitz.io/live/ucsd-rec
[2026-04-15 10:30:03] Saved 4 rows to ucsd_occupancy_history.csv
[2026-04-15 10:30:03] Main Gym Fitness Gym: 23% (Not Busy) people=17 capacity=72 is_open=True hour_summary=open
[2026-04-15 10:30:03] Outback Climbing Center: 61% (Busy) people=18 capacity=30 is_open=True hour_summary=open
[2026-04-15 10:30:03] RIMAC Fitness Gym: 46% (Busy) people=69 capacity=150 is_open=True hour_summary=open
[2026-04-15 10:30:03] Triton Esports Center: 48% (Busy) people=17 capacity=35 is_open=True hour_summary=open
[2026-04-15 10:30:03] === SCRAPE END OK ===
[2026-04-15 10:45:03] === SCRAPE START ===
[2026-04-15 10:45:03] Fetching https://waitz.io/live/ucsd-rec
[2026-04-15 10:45:04] Saved 4 rows to ucsd_occupancy_history.csv
[2026-04-15 10:45:04] Main Gym Fitness Gym: 27% (Not Busy) people=19 capacity=72 is_open=True hour_summary=open
[2026-04-15 10:45:04] Outback Climbing Center: 96% (Very Active) people=29 capacity=30 is_open=True hour_summary=open
[2026-04-15 10:45:04] RIMAC Fitness Gym: 51% (Busy) people=77 capacity=150 is_open=True hour_summary=open
[2026-04-15 10:45:04] Triton Esports Center: 31% (Not Busy) people=11 capacity=35 is_open=True hour_summary=open
[2026-04-15 10:45:04] === SCRAPE END OK ===
[2026-04-15 11:00:03] === SCRAPE START ===
[2026-04-15 11:00:03] Fetching https://waitz.io/live/ucsd-rec
[2026-04-15 11:00:04] Saved 4 rows to ucsd_occupancy_history.csv
[2026-04-15 11:00:04] Main Gym Fitness Gym: 38% (Not Busy) people=27 capacity=72 is_open=True hour_summary=open
[2026-04-15 11:00:04] Outback Climbing Center: 99% (Very Active) people=47 capacity=30 is_open=True hour_summary=open
[2026-04-15 11:00:04] RIMAC Fitness Gym: 48% (Busy) people=72 capacity=150 is_open=True hour_summary=open
[2026-04-15 11:00:04] Triton Esports Center: 37% (Not Busy) people=13 capacity=35 is_open=True hour_summary=open
[2026-04-15 11:00:04] === SCRAPE END OK ===
[2026-04-15 11:15:02] === SCRAPE START ===
[2026-04-15 11:15:02] Fetching https://waitz.io/live/ucsd-rec
[2026-04-15 11:15:03] Saved 4 rows to ucsd_occupancy_history.csv
[2026-04-15 11:15:03] Main Gym Fitness Gym: 28% (Not Busy) people=20 capacity=72 is_open=True hour_summary=open
[2026-04-15 11:15:03] Outback Climbing Center: 99% (Very Active) people=39 capacity=30 is_open=True hour_summary=open
[2026-04-15 11:15:03] RIMAC Fitness Gym: 50% (Busy) people=76 capacity=150 is_open=True hour_summary=open
[2026-04-15 11:15:03] Triton Esports Center: 36% (Not Busy) people=13 capacity=35 is_open=True hour_summary=open
[2026-04-15 11:15:03] === SCRAPE END OK ===
[2026-04-15 11:30:02] === SCRAPE START ===
[2026-04-15 11:30:02] Fetching https://waitz.io/live/ucsd-rec
[2026-04-15 11:30:03] Saved 4 rows to ucsd_occupancy_history.csv
[2026-04-15 11:30:03] Main Gym Fitness Gym: 43% (Not Busy) people=31 capacity=72 is_open=True hour_summary=open
[2026-04-15 11:30:03] Outback Climbing Center: 81% (Very Active) people=24 capacity=30 is_open=True hour_summary=open
[2026-04-15 11:30:03] RIMAC Fitness Gym: 60% (Busy) people=89 capacity=150 is_open=True hour_summary=open
[2026-04-15 11:30:03] Triton Esports Center: 48% (Busy) people=17 capacity=35 is_open=True hour_summary=open
[2026-04-15 11:30:03] === SCRAPE END OK ===
[2026-04-15 11:45:02] === SCRAPE START ===
[2026-04-15 11:45:02] Fetching https://waitz.io/live/ucsd-rec
[2026-04-15 11:45:04] Saved 4 rows to ucsd_occupancy_history.csv
[2026-04-15 11:45:04] Main Gym Fitness Gym: 20% (Not Busy) people=15 capacity=72 is_open=True hour_summary=open
[2026-04-15 11:45:04] Outback Climbing Center: 45% (Not Busy) people=14 capacity=30 is_open=True hour_summary=open
[2026-04-15 11:45:04] RIMAC Fitness Gym: 0% (Data Unavailable) people=0 capacity=150 is_open=True hour_summary=open
[2026-04-15 11:45:04] Triton Esports Center: 53% (Busy) people=19 capacity=35 is_open=True hour_summary=open
[2026-04-15 11:45:04] === SCRAPE END OK ===
[2026-04-15 12:00:02] === SCRAPE START ===
[2026-04-15 12:00:02] Fetching https://waitz.io/live/ucsd-rec
[2026-04-15 12:00:03] Saved 4 rows to ucsd_occupancy_history.csv
[2026-04-15 12:00:03] Main Gym Fitness Gym: 24% (Not Busy) people=17 capacity=72 is_open=True hour_summary=open
[2026-04-15 12:00:03] Outback Climbing Center: 91% (Very Active) people=27 capacity=30 is_open=True hour_summary=open
[2026-04-15 12:00:03] RIMAC Fitness Gym: 54% (Busy) people=80 capacity=150 is_open=True hour_summary=open
[2026-04-15 12:00:03] Triton Esports Center: 47% (Busy) people=17 capacity=35 is_open=True hour_summary=open
[2026-04-15 12:00:03] === SCRAPE END OK ===
[2026-04-15 12:15:02] === SCRAPE START ===
[2026-04-15 12:15:02] Fetching https://waitz.io/live/ucsd-rec
[2026-04-15 12:15:03] Saved 4 rows to ucsd_occupancy_history.csv
[2026-04-15 12:15:03] Main Gym Fitness Gym: 34% (Not Busy) people=25 capacity=72 is_open=True hour_summary=open
[2026-04-15 12:15:03] Outback Climbing Center: 62% (Busy) people=19 capacity=30 is_open=True hour_summary=open
[2026-04-15 12:15:03] RIMAC Fitness Gym: 60% (Busy) people=90 capacity=150 is_open=True hour_summary=open
[2026-04-15 12:15:03] Triton Esports Center: 72% (Busy) people=25 capacity=35 is_open=True hour_summary=open
[2026-04-15 12:15:03] === SCRAPE END OK ===
[2026-04-15 12:30:02] === SCRAPE START ===
[2026-04-15 12:30:02] Fetching https://waitz.io/live/ucsd-rec
[2026-04-15 12:30:04] Saved 4 rows to ucsd_occupancy_history.csv
[2026-04-15 12:30:04] Main Gym Fitness Gym: 99% (Very Active) people=74 capacity=72 is_open=True hour_summary=open
[2026-04-15 12:30:04] Outback Climbing Center: 59% (Busy) people=18 capacity=30 is_open=True hour_summary=open
[2026-04-15 12:30:04] RIMAC Fitness Gym: 62% (Busy) people=92 capacity=150 is_open=True hour_summary=open
[2026-04-15 12:30:04] Triton Esports Center: 68% (Busy) people=24 capacity=35 is_open=True hour_summary=open
[2026-04-15 12:30:04] === SCRAPE END OK ===
[2026-04-15 12:45:02] === SCRAPE START ===
[2026-04-15 12:45:02] Fetching https://waitz.io/live/ucsd-rec
[2026-04-15 12:45:03] Saved 4 rows to ucsd_occupancy_history.csv
[2026-04-15 12:45:03] Main Gym Fitness Gym: 24% (Not Busy) people=18 capacity=72 is_open=True hour_summary=open
[2026-04-15 12:45:03] Outback Climbing Center: 82% (Very Active) people=24 capacity=30 is_open=True hour_summary=open
[2026-04-15 12:45:03] RIMAC Fitness Gym: 61% (Busy) people=91 capacity=150 is_open=True hour_summary=open
[2026-04-15 12:45:03] Triton Esports Center: 51% (Busy) people=18 capacity=35 is_open=True hour_summary=open
[2026-04-15 12:45:03] === SCRAPE END OK ===
