[2026-06-07 00:00:01] === SCRAPE START ===
[2026-06-07 00:00:01] Fetching https://waitz.io/live/ucsd-rec
[2026-06-07 00:00:03] Saved 4 rows to ucsd_occupancy_history.csv
[2026-06-07 00:00:03] Main Gym Fitness Gym: 4% (Closed) people=3 capacity=72 is_open=False hour_summary=Closed until 8:00am
[2026-06-07 00:00:03] Outback Climbing Center: 5% (Closed) people=2 capacity=30 is_open=False hour_summary=Closed until 4:00pm
[2026-06-07 00:00:03] RIMAC Fitness Gym: 0% (Closed) people=0 capacity=150 is_open=False hour_summary=Closed until 8:00am
[2026-06-07 00:00:03] Triton Esports Center: 0% (Closed) people=0 capacity=35 is_open=False hour_summary=Closed until 11:00am
[2026-06-07 00:00:03] === SCRAPE END OK ===
[2026-06-07 00:15:02] === SCRAPE START ===
[2026-06-07 00:15:02] Fetching https://waitz.io/live/ucsd-rec
[2026-06-07 00:15:03] Saved 4 rows to ucsd_occupancy_history.csv
[2026-06-07 00:15:03] Main Gym Fitness Gym: 6% (Closed) people=4 capacity=72 is_open=False hour_summary=Closed until 8:00am
[2026-06-07 00:15:03] Outback Climbing Center: 10% (Closed) people=3 capacity=30 is_open=False hour_summary=Closed until 4:00pm
[2026-06-07 00:15:03] RIMAC Fitness Gym: 0% (Closed) people=0 capacity=150 is_open=False hour_summary=Closed until 8:00am
[2026-06-07 00:15:03] Triton Esports Center: 0% (Closed) people=0 capacity=35 is_open=False hour_summary=Closed until 11:00am
[2026-06-07 00:15:03] === SCRAPE END OK ===
[2026-06-07 00:30:02] === SCRAPE START ===
[2026-06-07 00:30:02] Fetching https://waitz.io/live/ucsd-rec
[2026-06-07 00:30:04] Saved 4 rows to ucsd_occupancy_history.csv
[2026-06-07 00:30:04] Main Gym Fitness Gym: 1% (Closed) people=1 capacity=72 is_open=False hour_summary=Closed until 8:00am
[2026-06-07 00:30:04] Outback Climbing Center: 9% (Closed) people=3 capacity=30 is_open=False hour_summary=Closed until 4:00pm
[2026-06-07 00:30:04] RIMAC Fitness Gym: 0% (Closed) people=0 capacity=150 is_open=False hour_summary=Closed until 8:00am
[2026-06-07 00:30:04] Triton Esports Center: 0% (Closed) people=0 capacity=35 is_open=False hour_summary=Closed until 11:00am
[2026-06-07 00:30:04] === SCRAPE END OK ===
[2026-06-07 00:45:02] === SCRAPE START ===
[2026-06-07 00:45:02] Fetching https://waitz.io/live/ucsd-rec
[2026-06-07 00:45:03] Saved 4 rows to ucsd_occupancy_history.csv
[2026-06-07 00:45:03] Main Gym Fitness Gym: 1% (Closed) people=1 capacity=72 is_open=False hour_summary=Closed until 8:00am
[2026-06-07 00:45:03] Outback Climbing Center: 9% (Closed) people=3 capacity=30 is_open=False hour_summary=Closed until 4:00pm
[2026-06-07 00:45:03] RIMAC Fitness Gym: 0% (Closed) people=0 capacity=150 is_open=False hour_summary=Closed until 8:00am
[2026-06-07 00:45:03] Triton Esports Center: 0% (Closed) people=0 capacity=35 is_open=False hour_summary=Closed until 11:00am
[2026-06-07 00:45:03] === SCRAPE END OK ===
[2026-06-07 01:00:02] === SCRAPE START ===
[2026-06-07 01:00:02] Fetching https://waitz.io/live/ucsd-rec
[2026-06-07 01:00:03] Saved 4 rows to ucsd_occupancy_history.csv
[2026-06-07 01:00:03] Main Gym Fitness Gym: 1% (Closed) people=0 capacity=72 is_open=False hour_summary=Closed until 8:00am
[2026-06-07 01:00:03] Outback Climbing Center: 6% (Closed) people=2 capacity=30 is_open=False hour_summary=Closed until 4:00pm
[2026-06-07 01:00:03] RIMAC Fitness Gym: 0% (Closed) people=0 capacity=150 is_open=False hour_summary=Closed until 8:00am
[2026-06-07 01:00:03] Triton Esports Center: 0% (Closed) people=0 capacity=35 is_open=False hour_summary=Closed until 11:00am
[2026-06-07 01:00:03] === SCRAPE END OK ===
[2026-06-07 01:15:02] === SCRAPE START ===
[2026-06-07 01:15:02] Fetching https://waitz.io/live/ucsd-rec
[2026-06-07 01:15:03] Saved 4 rows to ucsd_occupancy_history.csv
[2026-06-07 01:15:03] Main Gym Fitness Gym: 1% (Closed) people=1 capacity=72 is_open=False hour_summary=Closed until 8:00am
[2026-06-07 01:15:03] Outback Climbing Center: 10% (Closed) people=3 capacity=30 is_open=False hour_summary=Closed until 4:00pm
[2026-06-07 01:15:03] RIMAC Fitness Gym: 0% (Closed) people=0 capacity=150 is_open=False hour_summary=Closed until 8:00am
[2026-06-07 01:15:03] Triton Esports Center: 0% (Closed) people=0 capacity=35 is_open=False hour_summary=Closed until 11:00am
[2026-06-07 01:15:03] === SCRAPE END OK ===
[2026-06-07 01:30:02] === SCRAPE START ===
[2026-06-07 01:30:02] Fetching https://waitz.io/live/ucsd-rec
[2026-06-07 01:30:04] Saved 4 rows to ucsd_occupancy_history.csv
[2026-06-07 01:30:04] Main Gym Fitness Gym: 4% (Closed) people=3 capacity=72 is_open=False hour_summary=Closed until 8:00am
[2026-06-07 01:30:04] Outback Climbing Center: 9% (Closed) people=3 capacity=30 is_open=False hour_summary=Closed until 4:00pm
[2026-06-07 01:30:04] RIMAC Fitness Gym: 0% (Closed) people=0 capacity=150 is_open=False hour_summary=Closed until 8:00am
[2026-06-07 01:30:04] Triton Esports Center: 0% (Closed) people=0 capacity=35 is_open=False hour_summary=Closed until 11:00am
[2026-06-07 01:30:04] === SCRAPE END OK ===
[2026-06-07 01:45:02] === SCRAPE START ===
[2026-06-07 01:45:02] Fetching https://waitz.io/live/ucsd-rec
[2026-06-07 01:45:03] Saved 4 rows to ucsd_occupancy_history.csv
[2026-06-07 01:45:03] Main Gym Fitness Gym: 1% (Closed) people=1 capacity=72 is_open=False hour_summary=Closed until 8:00am
[2026-06-07 01:45:03] Outback Climbing Center: 10% (Closed) people=3 capacity=30 is_open=False hour_summary=Closed until 4:00pm
[2026-06-07 01:45:03] RIMAC Fitness Gym: 0% (Closed) people=0 capacity=150 is_open=False hour_summary=Closed until 8:00am
[2026-06-07 01:45:03] Triton Esports Center: 0% (Closed) people=0 capacity=35 is_open=False hour_summary=Closed until 11:00am
[2026-06-07 01:45:03] === SCRAPE END OK ===
[2026-06-07 02:00:02] === SCRAPE START ===
[2026-06-07 02:00:02] Fetching https://waitz.io/live/ucsd-rec
[2026-06-07 02:00:04] Saved 4 rows to ucsd_occupancy_history.csv
[2026-06-07 02:00:04] Main Gym Fitness Gym: 2% (Closed) people=1 capacity=72 is_open=False hour_summary=Closed until 8:00am
[2026-06-07 02:00:04] Outback Climbing Center: 5% (Closed) people=2 capacity=30 is_open=False hour_summary=Closed until 4:00pm
[2026-06-07 02:00:04] RIMAC Fitness Gym: 0% (Closed) people=0 capacity=150 is_open=False hour_summary=Closed until 8:00am
[2026-06-07 02:00:04] Triton Esports Center: 0% (Closed) people=0 capacity=35 is_open=False hour_summary=Closed until 11:00am
[2026-06-07 02:00:04] === SCRAPE END OK ===
[2026-06-07 02:15:02] === SCRAPE START ===
[2026-06-07 02:15:02] Fetching https://waitz.io/live/ucsd-rec
[2026-06-07 02:15:03] Saved 4 rows to ucsd_occupancy_history.csv
[2026-06-07 02:15:03] Main Gym Fitness Gym: 2% (Closed) people=1 capacity=72 is_open=False hour_summary=Closed until 8:00am
[2026-06-07 02:15:03] Outback Climbing Center: 7% (Closed) people=2 capacity=30 is_open=False hour_summary=Closed until 4:00pm
[2026-06-07 02:15:03] RIMAC Fitness Gym: 0% (Closed) people=0 capacity=150 is_open=False hour_summary=Closed until 8:00am
[2026-06-07 02:15:03] Triton Esports Center: 0% (Closed) people=0 capacity=35 is_open=False hour_summary=Closed until 11:00am
[2026-06-07 02:15:03] === SCRAPE END OK ===
[2026-06-07 02:30:02] === SCRAPE START ===
[2026-06-07 02:30:02] Fetching https://waitz.io/live/ucsd-rec
[2026-06-07 02:30:03] Saved 4 rows to ucsd_occupancy_history.csv
[2026-06-07 02:30:03] Main Gym Fitness Gym: 1% (Closed) people=1 capacity=72 is_open=False hour_summary=Closed until 8:00am
[2026-06-07 02:30:03] Outback Climbing Center: 10% (Closed) people=3 capacity=30 is_open=False hour_summary=Closed until 4:00pm
[2026-06-07 02:30:03] RIMAC Fitness Gym: 0% (Closed) people=0 capacity=150 is_open=False hour_summary=Closed until 8:00am
[2026-06-07 02:30:03] Triton Esports Center: 0% (Closed) people=0 capacity=35 is_open=False hour_summary=Closed until 11:00am
[2026-06-07 02:30:03] === SCRAPE END OK ===
[2026-06-07 02:45:02] === SCRAPE START ===
[2026-06-07 02:45:02] Fetching https://waitz.io/live/ucsd-rec
[2026-06-07 02:45:03] Saved 4 rows to ucsd_occupancy_history.csv
[2026-06-07 02:45:03] Main Gym Fitness Gym: 2% (Closed) people=2 capacity=72 is_open=False hour_summary=Closed until 8:00am
[2026-06-07 02:45:03] Outback Climbing Center: 9% (Closed) people=3 capacity=30 is_open=False hour_summary=Closed until 4:00pm
[2026-06-07 02:45:03] RIMAC Fitness Gym: 0% (Closed) people=0 capacity=150 is_open=False hour_summary=Closed until 8:00am
[2026-06-07 02:45:03] Triton Esports Center: 0% (Closed) people=0 capacity=35 is_open=False hour_summary=Closed until 11:00am
[2026-06-07 02:45:03] === SCRAPE END OK ===
[2026-06-07 03:00:02] === SCRAPE START ===
[2026-06-07 03:00:02] Fetching https://waitz.io/live/ucsd-rec
[2026-06-07 03:00:04] Saved 4 rows to ucsd_occupancy_history.csv
[2026-06-07 03:00:04] Main Gym Fitness Gym: 3% (Closed) people=2 capacity=72 is_open=False hour_summary=Closed until 8:00am
[2026-06-07 03:00:04] Outback Climbing Center: 4% (Closed) people=1 capacity=30 is_open=False hour_summary=Closed until 4:00pm
[2026-06-07 03:00:04] RIMAC Fitness Gym: 0% (Closed) people=0 capacity=150 is_open=False hour_summary=Closed until 8:00am
[2026-06-07 03:00:04] Triton Esports Center: 0% (Closed) people=0 capacity=35 is_open=False hour_summary=Closed until 11:00am
[2026-06-07 03:00:04] === SCRAPE END OK ===
[2026-06-07 03:15:02] === SCRAPE START ===
[2026-06-07 03:15:02] Fetching https://waitz.io/live/ucsd-rec
[2026-06-07 03:15:03] Saved 4 rows to ucsd_occupancy_history.csv
[2026-06-07 03:15:03] Main Gym Fitness Gym: 1% (Closed) people=1 capacity=72 is_open=False hour_summary=Closed until 8:00am
[2026-06-07 03:15:03] Outback Climbing Center: 10% (Closed) people=3 capacity=30 is_open=False hour_summary=Closed until 4:00pm
[2026-06-07 03:15:03] RIMAC Fitness Gym: 0% (Closed) people=0 capacity=150 is_open=False hour_summary=Closed until 8:00am
[2026-06-07 03:15:03] Triton Esports Center: 0% (Closed) people=0 capacity=35 is_open=False hour_summary=Closed until 11:00am
[2026-06-07 03:15:03] === SCRAPE END OK ===
[2026-06-07 03:30:02] === SCRAPE START ===
[2026-06-07 03:30:02] Fetching https://waitz.io/live/ucsd-rec
[2026-06-07 03:30:04] Saved 4 rows to ucsd_occupancy_history.csv
[2026-06-07 03:30:04] Main Gym Fitness Gym: 1% (Closed) people=1 capacity=72 is_open=False hour_summary=Closed until 8:00am
[2026-06-07 03:30:04] Outback Climbing Center: 4% (Closed) people=1 capacity=30 is_open=False hour_summary=Closed until 4:00pm
[2026-06-07 03:30:04] RIMAC Fitness Gym: 0% (Closed) people=0 capacity=150 is_open=False hour_summary=Closed until 8:00am
[2026-06-07 03:30:04] Triton Esports Center: 0% (Closed) people=0 capacity=35 is_open=False hour_summary=Closed until 11:00am
[2026-06-07 03:30:04] === SCRAPE END OK ===
[2026-06-07 03:45:02] === SCRAPE START ===
[2026-06-07 03:45:02] Fetching https://waitz.io/live/ucsd-rec
[2026-06-07 03:45:03] Saved 4 rows to ucsd_occupancy_history.csv
[2026-06-07 03:45:03] Main Gym Fitness Gym: 1% (Closed) people=1 capacity=72 is_open=False hour_summary=Closed until 8:00am
[2026-06-07 03:45:03] Outback Climbing Center: 6% (Closed) people=2 capacity=30 is_open=False hour_summary=Closed until 4:00pm
[2026-06-07 03:45:03] RIMAC Fitness Gym: 0% (Closed) people=0 capacity=150 is_open=False hour_summary=Closed until 8:00am
[2026-06-07 03:45:03] Triton Esports Center: 0% (Closed) people=0 capacity=35 is_open=False hour_summary=Closed until 11:00am
[2026-06-07 03:45:03] === SCRAPE END OK ===
[2026-06-07 04:00:02] === SCRAPE START ===
[2026-06-07 04:00:02] Fetching https://waitz.io/live/ucsd-rec
[2026-06-07 04:00:04] Saved 4 rows to ucsd_occupancy_history.csv
[2026-06-07 04:00:04] Main Gym Fitness Gym: 1% (Closed) people=1 capacity=72 is_open=False hour_summary=Closed until 8:00am
[2026-06-07 04:00:04] Outback Climbing Center: 6% (Closed) people=2 capacity=30 is_open=False hour_summary=Closed until 4:00pm
[2026-06-07 04:00:04] RIMAC Fitness Gym: 0% (Closed) people=0 capacity=150 is_open=False hour_summary=Closed until 8:00am
[2026-06-07 04:00:04] Triton Esports Center: 0% (Closed) people=0 capacity=35 is_open=False hour_summary=Closed until 11:00am
[2026-06-07 04:00:04] === SCRAPE END OK ===
[2026-06-07 04:15:02] === SCRAPE START ===
[2026-06-07 04:15:02] Fetching https://waitz.io/live/ucsd-rec
[2026-06-07 04:15:03] Saved 4 rows to ucsd_occupancy_history.csv
[2026-06-07 04:15:03] Main Gym Fitness Gym: 1% (Closed) people=1 capacity=72 is_open=False hour_summary=Closed until 8:00am
[2026-06-07 04:15:03] Outback Climbing Center: 8% (Closed) people=2 capacity=30 is_open=False hour_summary=Closed until 4:00pm
[2026-06-07 04:15:03] RIMAC Fitness Gym: 0% (Closed) people=0 capacity=150 is_open=False hour_summary=Closed until 8:00am
[2026-06-07 04:15:03] Triton Esports Center: 0% (Closed) people=0 capacity=35 is_open=False hour_summary=Closed until 11:00am
[2026-06-07 04:15:03] === SCRAPE END OK ===
[2026-06-07 04:30:02] === SCRAPE START ===
[2026-06-07 04:30:02] Fetching https://waitz.io/live/ucsd-rec
[2026-06-07 04:30:03] Saved 4 rows to ucsd_occupancy_history.csv
[2026-06-07 04:30:03] Main Gym Fitness Gym: 2% (Closed) people=2 capacity=72 is_open=False hour_summary=Closed until 8:00am
[2026-06-07 04:30:03] Outback Climbing Center: 9% (Closed) people=3 capacity=30 is_open=False hour_summary=Closed until 4:00pm
[2026-06-07 04:30:03] RIMAC Fitness Gym: 0% (Closed) people=0 capacity=150 is_open=False hour_summary=Closed until 8:00am
[2026-06-07 04:30:03] Triton Esports Center: 0% (Closed) people=0 capacity=35 is_open=False hour_summary=Closed until 11:00am
[2026-06-07 04:30:03] === SCRAPE END OK ===
[2026-06-07 04:45:02] === SCRAPE START ===
[2026-06-07 04:45:02] Fetching https://waitz.io/live/ucsd-rec
[2026-06-07 04:45:03] Saved 4 rows to ucsd_occupancy_history.csv
[2026-06-07 04:45:03] Main Gym Fitness Gym: 3% (Closed) people=2 capacity=72 is_open=False hour_summary=Closed until 8:00am
[2026-06-07 04:45:03] Outback Climbing Center: 6% (Closed) people=2 capacity=30 is_open=False hour_summary=Closed until 4:00pm
[2026-06-07 04:45:03] RIMAC Fitness Gym: 0% (Closed) people=0 capacity=150 is_open=False hour_summary=Closed until 8:00am
[2026-06-07 04:45:03] Triton Esports Center: 0% (Closed) people=0 capacity=35 is_open=False hour_summary=Closed until 11:00am
[2026-06-07 04:45:03] === SCRAPE END OK ===
[2026-06-07 05:00:02] === SCRAPE START ===
[2026-06-07 05:00:02] Fetching https://waitz.io/live/ucsd-rec
[2026-06-07 05:00:04] Saved 4 rows to ucsd_occupancy_history.csv
[2026-06-07 05:00:04] Main Gym Fitness Gym: 1% (Closed) people=1 capacity=72 is_open=False hour_summary=Closed until 8:00am
[2026-06-07 05:00:04] Outback Climbing Center: 9% (Closed) people=3 capacity=30 is_open=False hour_summary=Closed until 4:00pm
[2026-06-07 05:00:04] RIMAC Fitness Gym: 0% (Closed) people=0 capacity=150 is_open=False hour_summary=Closed until 8:00am
[2026-06-07 05:00:04] Triton Esports Center: 0% (Closed) people=0 capacity=35 is_open=False hour_summary=Closed until 11:00am
[2026-06-07 05:00:04] === SCRAPE END OK ===
[2026-06-07 05:15:02] === SCRAPE START ===
[2026-06-07 05:15:02] Fetching https://waitz.io/live/ucsd-rec
[2026-06-07 05:15:03] Saved 4 rows to ucsd_occupancy_history.csv
[2026-06-07 05:15:03] Main Gym Fitness Gym: 1% (Closed) people=1 capacity=72 is_open=False hour_summary=Closed until 8:00am
[2026-06-07 05:15:03] Outback Climbing Center: 4% (Closed) people=1 capacity=30 is_open=False hour_summary=Closed until 4:00pm
[2026-06-07 05:15:03] RIMAC Fitness Gym: 0% (Closed) people=0 capacity=150 is_open=False hour_summary=Closed until 8:00am
[2026-06-07 05:15:03] Triton Esports Center: 0% (Closed) people=0 capacity=35 is_open=False hour_summary=Closed until 11:00am
[2026-06-07 05:15:03] === SCRAPE END OK ===
[2026-06-07 05:30:02] === SCRAPE START ===
[2026-06-07 05:30:02] Fetching https://waitz.io/live/ucsd-rec
[2026-06-07 05:30:04] Saved 4 rows to ucsd_occupancy_history.csv
[2026-06-07 05:30:04] Main Gym Fitness Gym: 1% (Closed) people=1 capacity=72 is_open=False hour_summary=Closed until 8:00am
[2026-06-07 05:30:04] Outback Climbing Center: 10% (Closed) people=3 capacity=30 is_open=False hour_summary=Closed until 4:00pm
[2026-06-07 05:30:04] RIMAC Fitness Gym: 0% (Closed) people=0 capacity=150 is_open=False hour_summary=Closed until 8:00am
[2026-06-07 05:30:04] Triton Esports Center: 0% (Closed) people=0 capacity=35 is_open=False hour_summary=Closed until 11:00am
[2026-06-07 05:30:04] === SCRAPE END OK ===
[2026-06-07 05:45:02] === SCRAPE START ===
[2026-06-07 05:45:02] Fetching https://waitz.io/live/ucsd-rec
[2026-06-07 05:45:04] Saved 4 rows to ucsd_occupancy_history.csv
[2026-06-07 05:45:04] Main Gym Fitness Gym: 2% (Closed) people=1 capacity=72 is_open=False hour_summary=Closed until 8:00am
[2026-06-07 05:45:04] Outback Climbing Center: 9% (Closed) people=3 capacity=30 is_open=False hour_summary=Closed until 4:00pm
[2026-06-07 05:45:04] RIMAC Fitness Gym: 0% (Closed) people=0 capacity=150 is_open=False hour_summary=Closed until 8:00am
[2026-06-07 05:45:04] Triton Esports Center: 0% (Closed) people=0 capacity=35 is_open=False hour_summary=Closed until 11:00am
[2026-06-07 05:45:04] === SCRAPE END OK ===
[2026-06-07 06:00:02] === SCRAPE START ===
[2026-06-07 06:00:02] Fetching https://waitz.io/live/ucsd-rec
[2026-06-07 06:00:03] Saved 4 rows to ucsd_occupancy_history.csv
[2026-06-07 06:00:03] Main Gym Fitness Gym: 1% (Closed) people=1 capacity=72 is_open=False hour_summary=Closed until 8:00am
[2026-06-07 06:00:03] Outback Climbing Center: 6% (Closed) people=2 capacity=30 is_open=False hour_summary=Closed until 4:00pm
[2026-06-07 06:00:03] RIMAC Fitness Gym: 0% (Closed) people=0 capacity=150 is_open=False hour_summary=Closed until 8:00am
[2026-06-07 06:00:03] Triton Esports Center: 0% (Closed) people=0 capacity=35 is_open=False hour_summary=Closed until 11:00am
[2026-06-07 06:00:03] === SCRAPE END OK ===
[2026-06-07 06:15:02] === SCRAPE START ===
[2026-06-07 06:15:02] Fetching https://waitz.io/live/ucsd-rec
[2026-06-07 06:15:03] Saved 4 rows to ucsd_occupancy_history.csv
[2026-06-07 06:15:03] Main Gym Fitness Gym: 2% (Closed) people=1 capacity=72 is_open=False hour_summary=Closed until 8:00am
[2026-06-07 06:15:03] Outback Climbing Center: 7% (Closed) people=2 capacity=30 is_open=False hour_summary=Closed until 4:00pm
[2026-06-07 06:15:03] RIMAC Fitness Gym: 0% (Closed) people=0 capacity=150 is_open=False hour_summary=Closed until 8:00am
[2026-06-07 06:15:03] Triton Esports Center: 0% (Closed) people=0 capacity=35 is_open=False hour_summary=Closed until 11:00am
[2026-06-07 06:15:03] === SCRAPE END OK ===
[2026-06-07 06:30:02] === SCRAPE START ===
[2026-06-07 06:30:02] Fetching https://waitz.io/live/ucsd-rec
[2026-06-07 06:30:03] Saved 4 rows to ucsd_occupancy_history.csv
[2026-06-07 06:30:03] Main Gym Fitness Gym: 1% (Closed) people=1 capacity=72 is_open=False hour_summary=Closed until 8:00am
[2026-06-07 06:30:03] Outback Climbing Center: 9% (Closed) people=3 capacity=30 is_open=False hour_summary=Closed until 4:00pm
[2026-06-07 06:30:03] RIMAC Fitness Gym: 0% (Closed) people=0 capacity=150 is_open=False hour_summary=Closed until 8:00am
[2026-06-07 06:30:03] Triton Esports Center: 0% (Closed) people=0 capacity=35 is_open=False hour_summary=Closed until 11:00am
[2026-06-07 06:30:03] === SCRAPE END OK ===
[2026-06-07 06:45:02] === SCRAPE START ===
[2026-06-07 06:45:02] Fetching https://waitz.io/live/ucsd-rec
[2026-06-07 06:45:03] Saved 4 rows to ucsd_occupancy_history.csv
[2026-06-07 06:45:03] Main Gym Fitness Gym: 1% (Closed) people=1 capacity=72 is_open=False hour_summary=Closed until 8:00am
[2026-06-07 06:45:03] Outback Climbing Center: 9% (Closed) people=3 capacity=30 is_open=False hour_summary=Closed until 4:00pm
[2026-06-07 06:45:03] RIMAC Fitness Gym: 0% (Closed) people=0 capacity=150 is_open=False hour_summary=Closed until 8:00am
[2026-06-07 06:45:03] Triton Esports Center: 0% (Closed) people=0 capacity=35 is_open=False hour_summary=Closed until 11:00am
[2026-06-07 06:45:03] === SCRAPE END OK ===
[2026-06-07 07:00:02] === SCRAPE START ===
[2026-06-07 07:00:02] Fetching https://waitz.io/live/ucsd-rec
[2026-06-07 07:00:03] Saved 4 rows to ucsd_occupancy_history.csv
[2026-06-07 07:00:03] Main Gym Fitness Gym: 1% (Closed) people=1 capacity=72 is_open=False hour_summary=Closed until 8:00am
[2026-06-07 07:00:03] Outback Climbing Center: 7% (Closed) people=2 capacity=30 is_open=False hour_summary=Closed until 4:00pm
[2026-06-07 07:00:03] RIMAC Fitness Gym: 0% (Closed) people=0 capacity=150 is_open=False hour_summary=Closed until 8:00am
[2026-06-07 07:00:03] Triton Esports Center: 0% (Closed) people=0 capacity=35 is_open=False hour_summary=Closed until 11:00am
[2026-06-07 07:00:03] === SCRAPE END OK ===
[2026-06-07 07:15:03] === SCRAPE START ===
[2026-06-07 07:15:03] Fetching https://waitz.io/live/ucsd-rec
[2026-06-07 07:15:04] Saved 4 rows to ucsd_occupancy_history.csv
[2026-06-07 07:15:04] Main Gym Fitness Gym: 1% (Closed) people=1 capacity=72 is_open=False hour_summary=Closed until 8:00am
[2026-06-07 07:15:04] Outback Climbing Center: 7% (Closed) people=2 capacity=30 is_open=False hour_summary=Closed until 4:00pm
[2026-06-07 07:15:04] RIMAC Fitness Gym: 0% (Closed) people=0 capacity=150 is_open=False hour_summary=Closed until 8:00am
[2026-06-07 07:15:04] Triton Esports Center: 0% (Closed) people=0 capacity=35 is_open=False hour_summary=Closed until 11:00am
[2026-06-07 07:15:04] === SCRAPE END OK ===
[2026-06-07 07:30:02] === SCRAPE START ===
[2026-06-07 07:30:02] Fetching https://waitz.io/live/ucsd-rec
[2026-06-07 07:30:03] Saved 4 rows to ucsd_occupancy_history.csv
[2026-06-07 07:30:03] Main Gym Fitness Gym: 1% (Closed) people=1 capacity=72 is_open=False hour_summary=Closed until 8:00am
[2026-06-07 07:30:03] Outback Climbing Center: 7% (Closed) people=2 capacity=30 is_open=False hour_summary=Closed until 4:00pm
[2026-06-07 07:30:03] RIMAC Fitness Gym: 0% (Closed) people=0 capacity=150 is_open=False hour_summary=Closed until 8:00am
[2026-06-07 07:30:03] Triton Esports Center: 0% (Closed) people=0 capacity=35 is_open=False hour_summary=Closed until 11:00am
[2026-06-07 07:30:03] === SCRAPE END OK ===
[2026-06-07 07:45:02] === SCRAPE START ===
[2026-06-07 07:45:02] Fetching https://waitz.io/live/ucsd-rec
[2026-06-07 07:45:03] Saved 4 rows to ucsd_occupancy_history.csv
[2026-06-07 07:45:03] Main Gym Fitness Gym: 1% (Closed) people=1 capacity=72 is_open=False hour_summary=Closed until 8:00am
[2026-06-07 07:45:03] Outback Climbing Center: 10% (Closed) people=3 capacity=30 is_open=False hour_summary=Closed until 4:00pm
[2026-06-07 07:45:03] RIMAC Fitness Gym: 0% (Closed) people=0 capacity=150 is_open=False hour_summary=Closed until 8:00am
[2026-06-07 07:45:03] Triton Esports Center: 0% (Closed) people=0 capacity=35 is_open=False hour_summary=Closed until 11:00am
[2026-06-07 07:45:03] === SCRAPE END OK ===
[2026-06-07 08:00:02] === SCRAPE START ===
[2026-06-07 08:00:02] Fetching https://waitz.io/live/ucsd-rec
[2026-06-07 08:00:03] Saved 4 rows to ucsd_occupancy_history.csv
[2026-06-07 08:00:03] Main Gym Fitness Gym: 2% (Not Busy) people=1 capacity=72 is_open=True hour_summary=open
[2026-06-07 08:00:03] Outback Climbing Center: 10% (Closed) people=3 capacity=30 is_open=False hour_summary=Closed until 4:00pm
[2026-06-07 08:00:03] RIMAC Fitness Gym: 0% (Not Busy) people=1 capacity=150 is_open=True hour_summary=open
[2026-06-07 08:00:03] Triton Esports Center: 0% (Closed) people=0 capacity=35 is_open=False hour_summary=Closed until 11:00am
[2026-06-07 08:00:03] === SCRAPE END OK ===
[2026-06-07 08:15:02] === SCRAPE START ===
[2026-06-07 08:15:02] Fetching https://waitz.io/live/ucsd-rec
[2026-06-07 08:15:03] Saved 4 rows to ucsd_occupancy_history.csv
[2026-06-07 08:15:03] Main Gym Fitness Gym: 11% (Not Busy) people=8 capacity=72 is_open=True hour_summary=open
[2026-06-07 08:15:03] Outback Climbing Center: 6% (Closed) people=2 capacity=30 is_open=False hour_summary=Closed until 4:00pm
[2026-06-07 08:15:03] RIMAC Fitness Gym: 9% (Not Busy) people=13 capacity=150 is_open=True hour_summary=open
[2026-06-07 08:15:03] Triton Esports Center: 0% (Closed) people=0 capacity=35 is_open=False hour_summary=Closed until 11:00am
[2026-06-07 08:15:03] === SCRAPE END OK ===
[2026-06-07 08:30:02] === SCRAPE START ===
[2026-06-07 08:30:02] Fetching https://waitz.io/live/ucsd-rec
[2026-06-07 08:30:04] Saved 4 rows to ucsd_occupancy_history.csv
[2026-06-07 08:30:04] Main Gym Fitness Gym: 4% (Not Busy) people=3 capacity=72 is_open=True hour_summary=open
[2026-06-07 08:30:04] Outback Climbing Center: 4% (Closed) people=1 capacity=30 is_open=False hour_summary=Closed until 4:00pm
[2026-06-07 08:30:04] RIMAC Fitness Gym: 14% (Not Busy) people=21 capacity=150 is_open=True hour_summary=open
[2026-06-07 08:30:04] Triton Esports Center: 0% (Closed) people=0 capacity=35 is_open=False hour_summary=Closed until 11:00am
[2026-06-07 08:30:04] === SCRAPE END OK ===
[2026-06-07 08:45:02] === SCRAPE START ===
[2026-06-07 08:45:02] Fetching https://waitz.io/live/ucsd-rec
[2026-06-07 08:45:04] Saved 4 rows to ucsd_occupancy_history.csv
[2026-06-07 08:45:04] Main Gym Fitness Gym: 19% (Not Busy) people=13 capacity=72 is_open=True hour_summary=open
[2026-06-07 08:45:04] Outback Climbing Center: 5% (Closed) people=2 capacity=30 is_open=False hour_summary=Closed until 4:00pm
[2026-06-07 08:45:04] RIMAC Fitness Gym: 18% (Not Busy) people=27 capacity=150 is_open=True hour_summary=open
[2026-06-07 08:45:04] Triton Esports Center: 0% (Closed) people=0 capacity=35 is_open=False hour_summary=Closed until 11:00am
[2026-06-07 08:45:04] === SCRAPE END OK ===
[2026-06-07 09:00:02] === SCRAPE START ===
[2026-06-07 09:00:02] Fetching https://waitz.io/live/ucsd-rec
[2026-06-07 09:00:04] Saved 4 rows to ucsd_occupancy_history.csv
[2026-06-07 09:00:04] Main Gym Fitness Gym: 1% (Not Busy) people=1 capacity=72 is_open=True hour_summary=open
[2026-06-07 09:00:04] Outback Climbing Center: 12% (Closed) people=4 capacity=30 is_open=False hour_summary=Closed until 4:00pm
[2026-06-07 09:00:04] RIMAC Fitness Gym: 22% (Not Busy) people=34 capacity=150 is_open=True hour_summary=open
[2026-06-07 09:00:04] Triton Esports Center: 0% (Closed) people=0 capacity=35 is_open=False hour_summary=Closed until 11:00am
[2026-06-07 09:00:04] === SCRAPE END OK ===
[2026-06-07 09:15:02] === SCRAPE START ===
[2026-06-07 09:15:02] Fetching https://waitz.io/live/ucsd-rec
[2026-06-07 09:15:03] Saved 4 rows to ucsd_occupancy_history.csv
[2026-06-07 09:15:03] Main Gym Fitness Gym: 8% (Not Busy) people=6 capacity=72 is_open=True hour_summary=open
[2026-06-07 09:15:03] Outback Climbing Center: 12% (Closed) people=3 capacity=30 is_open=False hour_summary=Closed until 4:00pm
[2026-06-07 09:15:03] RIMAC Fitness Gym: 26% (Not Busy) people=39 capacity=150 is_open=True hour_summary=open
[2026-06-07 09:15:03] Triton Esports Center: 0% (Closed) people=0 capacity=35 is_open=False hour_summary=Closed until 11:00am
[2026-06-07 09:15:03] === SCRAPE END OK ===
[2026-06-07 09:30:02] === SCRAPE START ===
[2026-06-07 09:30:02] Fetching https://waitz.io/live/ucsd-rec
[2026-06-07 09:30:04] Saved 4 rows to ucsd_occupancy_history.csv
[2026-06-07 09:30:04] Main Gym Fitness Gym: 5% (Not Busy) people=4 capacity=72 is_open=True hour_summary=open
[2026-06-07 09:30:04] Outback Climbing Center: 10% (Closed) people=3 capacity=30 is_open=False hour_summary=Closed until 4:00pm
[2026-06-07 09:30:04] RIMAC Fitness Gym: 23% (Not Busy) people=34 capacity=150 is_open=True hour_summary=open
[2026-06-07 09:30:04] Triton Esports Center: 0% (Closed) people=0 capacity=35 is_open=False hour_summary=Closed until 11:00am
[2026-06-07 09:30:04] === SCRAPE END OK ===
[2026-06-07 09:45:02] === SCRAPE START ===
[2026-06-07 09:45:02] Fetching https://waitz.io/live/ucsd-rec
[2026-06-07 09:45:03] Saved 4 rows to ucsd_occupancy_history.csv
[2026-06-07 09:45:03] Main Gym Fitness Gym: 4% (Not Busy) people=3 capacity=72 is_open=True hour_summary=open
[2026-06-07 09:45:03] Outback Climbing Center: 13% (Closed) people=4 capacity=30 is_open=False hour_summary=Closed until 4:00pm
[2026-06-07 09:45:03] RIMAC Fitness Gym: 24% (Not Busy) people=36 capacity=150 is_open=True hour_summary=open
[2026-06-07 09:45:03] Triton Esports Center: 0% (Closed) people=0 capacity=35 is_open=False hour_summary=Closed until 11:00am
[2026-06-07 09:45:03] === SCRAPE END OK ===
[2026-06-07 10:00:02] === SCRAPE START ===
[2026-06-07 10:00:02] Fetching https://waitz.io/live/ucsd-rec
[2026-06-07 10:00:03] Saved 4 rows to ucsd_occupancy_history.csv
[2026-06-07 10:00:03] Main Gym Fitness Gym: 12% (Not Busy) people=9 capacity=72 is_open=True hour_summary=open
[2026-06-07 10:00:03] Outback Climbing Center: 14% (Closed) people=4 capacity=30 is_open=False hour_summary=Closed until 4:00pm
[2026-06-07 10:00:03] RIMAC Fitness Gym: 24% (Not Busy) people=36 capacity=150 is_open=True hour_summary=open
[2026-06-07 10:00:03] Triton Esports Center: 0% (Closed) people=0 capacity=35 is_open=False hour_summary=Closed until 11:00am
[2026-06-07 10:00:03] === SCRAPE END OK ===
[2026-06-07 10:15:02] === SCRAPE START ===
[2026-06-07 10:15:02] Fetching https://waitz.io/live/ucsd-rec
[2026-06-07 10:15:03] Saved 4 rows to ucsd_occupancy_history.csv
[2026-06-07 10:15:03] Main Gym Fitness Gym: 10% (Not Busy) people=7 capacity=72 is_open=True hour_summary=open
[2026-06-07 10:15:03] Outback Climbing Center: 8% (Closed) people=2 capacity=30 is_open=False hour_summary=Closed until 4:00pm
[2026-06-07 10:15:03] RIMAC Fitness Gym: 20% (Not Busy) people=30 capacity=150 is_open=True hour_summary=open
[2026-06-07 10:15:03] Triton Esports Center: 0% (Closed) people=0 capacity=35 is_open=False hour_summary=Closed until 11:00am
[2026-06-07 10:15:03] === SCRAPE END OK ===
[2026-06-07 10:30:02] === SCRAPE START ===
[2026-06-07 10:30:02] Fetching https://waitz.io/live/ucsd-rec
[2026-06-07 10:30:04] Saved 4 rows to ucsd_occupancy_history.csv
[2026-06-07 10:30:04] Main Gym Fitness Gym: 12% (Not Busy) people=9 capacity=72 is_open=True hour_summary=open
[2026-06-07 10:30:04] Outback Climbing Center: 11% (Closed) people=3 capacity=30 is_open=False hour_summary=Closed until 4:00pm
[2026-06-07 10:30:04] RIMAC Fitness Gym: 20% (Not Busy) people=30 capacity=150 is_open=True hour_summary=open
[2026-06-07 10:30:04] Triton Esports Center: 0% (Closed) people=0 capacity=35 is_open=False hour_summary=Closed until 11:00am
[2026-06-07 10:30:04] === SCRAPE END OK ===
[2026-06-07 10:45:02] === SCRAPE START ===
[2026-06-07 10:45:02] Fetching https://waitz.io/live/ucsd-rec
[2026-06-07 10:45:03] Saved 4 rows to ucsd_occupancy_history.csv
[2026-06-07 10:45:03] Main Gym Fitness Gym: 12% (Not Busy) people=9 capacity=72 is_open=True hour_summary=open
[2026-06-07 10:45:03] Outback Climbing Center: 10% (Closed) people=3 capacity=30 is_open=False hour_summary=Closed until 4:00pm
[2026-06-07 10:45:03] RIMAC Fitness Gym: 26% (Not Busy) people=39 capacity=150 is_open=True hour_summary=open
[2026-06-07 10:45:03] Triton Esports Center: 0% (Closed) people=0 capacity=35 is_open=False hour_summary=Closed until 11:00am
[2026-06-07 10:45:03] === SCRAPE END OK ===
[2026-06-07 11:00:02] === SCRAPE START ===
[2026-06-07 11:00:02] Fetching https://waitz.io/live/ucsd-rec
[2026-06-07 11:00:04] Saved 4 rows to ucsd_occupancy_history.csv
[2026-06-07 11:00:04] Main Gym Fitness Gym: 9% (Not Busy) people=7 capacity=72 is_open=True hour_summary=open
[2026-06-07 11:00:04] Outback Climbing Center: 2% (Closed) people=1 capacity=30 is_open=False hour_summary=Closed until 4:00pm
[2026-06-07 11:00:04] RIMAC Fitness Gym: 29% (Not Busy) people=44 capacity=150 is_open=True hour_summary=open
[2026-06-07 11:00:04] Triton Esports Center: 0% (Not Busy) people=0 capacity=35 is_open=True hour_summary=open
[2026-06-07 11:00:04] === SCRAPE END OK ===
[2026-06-07 11:15:02] === SCRAPE START ===
[2026-06-07 11:15:02] Fetching https://waitz.io/live/ucsd-rec
[2026-06-07 11:15:03] Saved 4 rows to ucsd_occupancy_history.csv
[2026-06-07 11:15:03] Main Gym Fitness Gym: 24% (Not Busy) people=17 capacity=72 is_open=True hour_summary=open
[2026-06-07 11:15:03] Outback Climbing Center: 12% (Closed) people=4 capacity=30 is_open=False hour_summary=Closed until 4:00pm
[2026-06-07 11:15:03] RIMAC Fitness Gym: 38% (Not Busy) people=57 capacity=150 is_open=True hour_summary=open
[2026-06-07 11:15:03] Triton Esports Center: 0% (Not Busy) people=0 capacity=35 is_open=True hour_summary=open
[2026-06-07 11:15:03] === SCRAPE END OK ===
[2026-06-07 11:30:02] === SCRAPE START ===
[2026-06-07 11:30:02] Fetching https://waitz.io/live/ucsd-rec
[2026-06-07 11:30:04] Saved 4 rows to ucsd_occupancy_history.csv
[2026-06-07 11:30:04] Main Gym Fitness Gym: 16% (Not Busy) people=11 capacity=72 is_open=True hour_summary=open
[2026-06-07 11:30:04] Outback Climbing Center: 7% (Closed) people=2 capacity=30 is_open=False hour_summary=Closed until 4:00pm
[2026-06-07 11:30:04] RIMAC Fitness Gym: 30% (Not Busy) people=45 capacity=150 is_open=True hour_summary=open
[2026-06-07 11:30:04] Triton Esports Center: 0% (Not Busy) people=0 capacity=35 is_open=True hour_summary=open
[2026-06-07 11:30:04] === SCRAPE END OK ===
[2026-06-07 11:45:02] === SCRAPE START ===
[2026-06-07 11:45:02] Fetching https://waitz.io/live/ucsd-rec
[2026-06-07 11:45:03] Saved 4 rows to ucsd_occupancy_history.csv
[2026-06-07 11:45:03] Main Gym Fitness Gym: 16% (Not Busy) people=12 capacity=72 is_open=True hour_summary=open
[2026-06-07 11:45:03] Outback Climbing Center: 2% (Closed) people=0 capacity=30 is_open=False hour_summary=Closed until 4:00pm
[2026-06-07 11:45:03] RIMAC Fitness Gym: 37% (Not Busy) people=56 capacity=150 is_open=True hour_summary=open
[2026-06-07 11:45:03] Triton Esports Center: 0% (Not Busy) people=0 capacity=35 is_open=True hour_summary=open
[2026-06-07 11:45:03] === SCRAPE END OK ===
[2026-06-07 13:30:02] === SCRAPE START ===
[2026-06-07 13:30:02] Fetching https://waitz.io/live/ucsd-rec
[2026-06-07 13:30:03] Saved 4 rows to ucsd_occupancy_history.csv
[2026-06-07 13:30:03] Main Gym Fitness Gym: 14% (Not Busy) people=10 capacity=72 is_open=True hour_summary=open
[2026-06-07 13:30:03] Outback Climbing Center: 5% (Closed) people=1 capacity=30 is_open=False hour_summary=Closed until 4:00pm
[2026-06-07 13:30:03] RIMAC Fitness Gym: 27% (Not Busy) people=41 capacity=150 is_open=True hour_summary=open
[2026-06-07 13:30:03] Triton Esports Center: 13% (Not Busy) people=5 capacity=35 is_open=True hour_summary=open
[2026-06-07 13:30:03] === SCRAPE END OK ===
[2026-06-07 13:45:02] === SCRAPE START ===
[2026-06-07 13:45:02] Fetching https://waitz.io/live/ucsd-rec
[2026-06-07 13:45:03] Saved 4 rows to ucsd_occupancy_history.csv
[2026-06-07 13:45:03] Main Gym Fitness Gym: 21% (Not Busy) people=15 capacity=72 is_open=True hour_summary=open
[2026-06-07 13:45:03] Outback Climbing Center: 1% (Closed) people=0 capacity=30 is_open=False hour_summary=Closed until 4:00pm
[2026-06-07 13:45:03] RIMAC Fitness Gym: 30% (Not Busy) people=45 capacity=150 is_open=True hour_summary=open
[2026-06-07 13:45:03] Triton Esports Center: 22% (Not Busy) people=8 capacity=35 is_open=True hour_summary=open
[2026-06-07 13:45:03] === SCRAPE END OK ===
[2026-06-07 14:00:02] === SCRAPE START ===
[2026-06-07 14:00:02] Fetching https://waitz.io/live/ucsd-rec
[2026-06-07 14:00:03] Saved 4 rows to ucsd_occupancy_history.csv
[2026-06-07 14:00:03] Main Gym Fitness Gym: 21% (Not Busy) people=15 capacity=72 is_open=True hour_summary=open
[2026-06-07 14:00:03] Outback Climbing Center: 1% (Closed) people=0 capacity=30 is_open=False hour_summary=Closed until 4:00pm
[2026-06-07 14:00:03] RIMAC Fitness Gym: 26% (Not Busy) people=39 capacity=150 is_open=True hour_summary=open
[2026-06-07 14:00:03] Triton Esports Center: 18% (Not Busy) people=6 capacity=35 is_open=True hour_summary=open
[2026-06-07 14:00:03] === SCRAPE END OK ===
[2026-06-07 14:15:02] === SCRAPE START ===
[2026-06-07 14:15:02] Fetching https://waitz.io/live/ucsd-rec
[2026-06-07 14:15:03] Saved 4 rows to ucsd_occupancy_history.csv
[2026-06-07 14:15:03] Main Gym Fitness Gym: 24% (Not Busy) people=17 capacity=72 is_open=True hour_summary=open
[2026-06-07 14:15:03] Outback Climbing Center: 15% (Closed) people=5 capacity=30 is_open=False hour_summary=Closed until 4:00pm
[2026-06-07 14:15:03] RIMAC Fitness Gym: 31% (Not Busy) people=46 capacity=150 is_open=True hour_summary=open
[2026-06-07 14:15:03] Triton Esports Center: 21% (Not Busy) people=7 capacity=35 is_open=True hour_summary=open
[2026-06-07 14:15:03] === SCRAPE END OK ===
[2026-06-07 14:30:03] === SCRAPE START ===
[2026-06-07 14:30:03] Fetching https://waitz.io/live/ucsd-rec
[2026-06-07 14:30:04] Saved 4 rows to ucsd_occupancy_history.csv
[2026-06-07 14:30:04] Main Gym Fitness Gym: 18% (Not Busy) people=13 capacity=72 is_open=True hour_summary=open
[2026-06-07 14:30:04] Outback Climbing Center: 1% (Closed) people=0 capacity=30 is_open=False hour_summary=Closed until 4:00pm
[2026-06-07 14:30:04] RIMAC Fitness Gym: 30% (Not Busy) people=45 capacity=150 is_open=True hour_summary=open
[2026-06-07 14:30:04] Triton Esports Center: 22% (Not Busy) people=8 capacity=35 is_open=True hour_summary=open
[2026-06-07 14:30:04] === SCRAPE END OK ===
[2026-06-07 14:45:02] === SCRAPE START ===
[2026-06-07 14:45:02] Fetching https://waitz.io/live/ucsd-rec
[2026-06-07 14:45:04] Saved 4 rows to ucsd_occupancy_history.csv
[2026-06-07 14:45:04] Main Gym Fitness Gym: 6% (Not Busy) people=4 capacity=72 is_open=True hour_summary=open
[2026-06-07 14:45:04] Outback Climbing Center: 12% (Closed) people=4 capacity=30 is_open=False hour_summary=Closed until 4:00pm
[2026-06-07 14:45:04] RIMAC Fitness Gym: 47% (Busy) people=71 capacity=150 is_open=True hour_summary=open
[2026-06-07 14:45:04] Triton Esports Center: 25% (Not Busy) people=9 capacity=35 is_open=True hour_summary=open
[2026-06-07 14:45:04] === SCRAPE END OK ===
[2026-06-07 15:00:02] === SCRAPE START ===
[2026-06-07 15:00:02] Fetching https://waitz.io/live/ucsd-rec
[2026-06-07 15:00:04] Saved 4 rows to ucsd_occupancy_history.csv
[2026-06-07 15:00:04] Main Gym Fitness Gym: 8% (Not Busy) people=6 capacity=72 is_open=True hour_summary=open
[2026-06-07 15:00:04] Outback Climbing Center: 11% (Closed) people=3 capacity=30 is_open=False hour_summary=Closed until 4:00pm
[2026-06-07 15:00:04] RIMAC Fitness Gym: 30% (Not Busy) people=45 capacity=150 is_open=True hour_summary=open
[2026-06-07 15:00:04] Triton Esports Center: 29% (Not Busy) people=10 capacity=35 is_open=True hour_summary=open
[2026-06-07 15:00:04] === SCRAPE END OK ===
[2026-06-07 15:15:03] === SCRAPE START ===
[2026-06-07 15:15:03] Fetching https://waitz.io/live/ucsd-rec
[2026-06-07 15:15:04] Saved 4 rows to ucsd_occupancy_history.csv
[2026-06-07 15:15:04] Main Gym Fitness Gym: 10% (Not Busy) people=7 capacity=72 is_open=True hour_summary=open
[2026-06-07 15:15:04] Outback Climbing Center: 4% (Closed) people=1 capacity=30 is_open=False hour_summary=Closed until 4:00pm
[2026-06-07 15:15:04] RIMAC Fitness Gym: 25% (Not Busy) people=38 capacity=150 is_open=True hour_summary=open
[2026-06-07 15:15:04] Triton Esports Center: 24% (Not Busy) people=8 capacity=35 is_open=True hour_summary=open
[2026-06-07 15:15:04] === SCRAPE END OK ===
[2026-06-07 15:30:03] === SCRAPE START ===
[2026-06-07 15:30:03] Fetching https://waitz.io/live/ucsd-rec
[2026-06-07 15:30:04] Saved 4 rows to ucsd_occupancy_history.csv
[2026-06-07 15:30:04] Main Gym Fitness Gym: 17% (Not Busy) people=12 capacity=72 is_open=True hour_summary=open
[2026-06-07 15:30:04] Outback Climbing Center: 10% (Closed) people=3 capacity=30 is_open=False hour_summary=Closed until 4:00pm
[2026-06-07 15:30:04] RIMAC Fitness Gym: 18% (Not Busy) people=27 capacity=150 is_open=True hour_summary=open
[2026-06-07 15:30:04] Triton Esports Center: 27% (Not Busy) people=10 capacity=35 is_open=True hour_summary=open
[2026-06-07 15:30:04] === SCRAPE END OK ===
[2026-06-07 15:45:03] === SCRAPE START ===
[2026-06-07 15:45:03] Fetching https://waitz.io/live/ucsd-rec
[2026-06-07 15:45:04] Saved 4 rows to ucsd_occupancy_history.csv
[2026-06-07 15:45:04] Main Gym Fitness Gym: 9% (Not Busy) people=7 capacity=72 is_open=True hour_summary=open
[2026-06-07 15:45:04] Outback Climbing Center: 3% (Closed) people=1 capacity=30 is_open=False hour_summary=Closed until 4:00pm
[2026-06-07 15:45:04] RIMAC Fitness Gym: 18% (Not Busy) people=27 capacity=150 is_open=True hour_summary=open
[2026-06-07 15:45:04] Triton Esports Center: 31% (Not Busy) people=11 capacity=35 is_open=True hour_summary=open
[2026-06-07 15:45:04] === SCRAPE END OK ===
[2026-06-07 16:00:03] === SCRAPE START ===
[2026-06-07 16:00:03] Fetching https://waitz.io/live/ucsd-rec
[2026-06-07 16:00:04] Saved 4 rows to ucsd_occupancy_history.csv
[2026-06-07 16:00:04] Main Gym Fitness Gym: 23% (Not Busy) people=17 capacity=72 is_open=True hour_summary=open
[2026-06-07 16:00:04] Outback Climbing Center: 23% (Not Busy) people=7 capacity=30 is_open=True hour_summary=open
[2026-06-07 16:00:04] RIMAC Fitness Gym: 26% (Not Busy) people=39 capacity=150 is_open=True hour_summary=open
[2026-06-07 16:00:04] Triton Esports Center: 30% (Not Busy) people=10 capacity=35 is_open=True hour_summary=open
[2026-06-07 16:00:04] === SCRAPE END OK ===
[2026-06-07 16:15:02] === SCRAPE START ===
[2026-06-07 16:15:02] Fetching https://waitz.io/live/ucsd-rec
[2026-06-07 16:15:04] Saved 4 rows to ucsd_occupancy_history.csv
[2026-06-07 16:15:04] Main Gym Fitness Gym: 12% (Not Busy) people=9 capacity=72 is_open=True hour_summary=open
[2026-06-07 16:15:04] Outback Climbing Center: 88% (Very Active) people=26 capacity=30 is_open=True hour_summary=open
[2026-06-07 16:15:04] RIMAC Fitness Gym: 24% (Not Busy) people=36 capacity=150 is_open=True hour_summary=open
[2026-06-07 16:15:04] Triton Esports Center: 31% (Not Busy) people=11 capacity=35 is_open=True hour_summary=open
[2026-06-07 16:15:04] === SCRAPE END OK ===
[2026-06-07 16:30:02] === SCRAPE START ===
[2026-06-07 16:30:02] Fetching https://waitz.io/live/ucsd-rec
[2026-06-07 16:30:03] Saved 4 rows to ucsd_occupancy_history.csv
[2026-06-07 16:30:03] Main Gym Fitness Gym: 19% (Not Busy) people=14 capacity=72 is_open=True hour_summary=open
[2026-06-07 16:30:03] Outback Climbing Center: 86% (Very Active) people=26 capacity=30 is_open=True hour_summary=open
[2026-06-07 16:30:03] RIMAC Fitness Gym: 32% (Not Busy) people=48 capacity=150 is_open=True hour_summary=open
[2026-06-07 16:30:03] Triton Esports Center: 32% (Not Busy) people=11 capacity=35 is_open=True hour_summary=open
[2026-06-07 16:30:03] === SCRAPE END OK ===
[2026-06-07 16:45:04] === SCRAPE START ===
[2026-06-07 16:45:04] Fetching https://waitz.io/live/ucsd-rec
[2026-06-07 16:45:05] Saved 4 rows to ucsd_occupancy_history.csv
[2026-06-07 16:45:05] Main Gym Fitness Gym: 13% (Not Busy) people=9 capacity=72 is_open=True hour_summary=open
[2026-06-07 16:45:05] Outback Climbing Center: 83% (Very Active) people=25 capacity=30 is_open=True hour_summary=open
[2026-06-07 16:45:05] RIMAC Fitness Gym: 27% (Not Busy) people=41 capacity=150 is_open=True hour_summary=open
[2026-06-07 16:45:05] Triton Esports Center: 30% (Not Busy) people=10 capacity=35 is_open=True hour_summary=open
[2026-06-07 16:45:05] === SCRAPE END OK ===
[2026-06-07 17:00:02] === SCRAPE START ===
[2026-06-07 17:00:02] Fetching https://waitz.io/live/ucsd-rec
[2026-06-07 17:00:03] Saved 4 rows to ucsd_occupancy_history.csv
[2026-06-07 17:00:03] Main Gym Fitness Gym: 19% (Not Busy) people=13 capacity=72 is_open=True hour_summary=open
[2026-06-07 17:00:03] Outback Climbing Center: 76% (Busy) people=23 capacity=30 is_open=True hour_summary=open
[2026-06-07 17:00:03] RIMAC Fitness Gym: 31% (Not Busy) people=47 capacity=150 is_open=True hour_summary=open
[2026-06-07 17:00:03] Triton Esports Center: 31% (Not Busy) people=11 capacity=35 is_open=True hour_summary=open
[2026-06-07 17:00:03] === SCRAPE END OK ===
[2026-06-07 17:15:02] === SCRAPE START ===
[2026-06-07 17:15:02] Fetching https://waitz.io/live/ucsd-rec
[2026-06-07 17:15:03] Saved 4 rows to ucsd_occupancy_history.csv
[2026-06-07 17:15:03] Main Gym Fitness Gym: 6% (Not Busy) people=4 capacity=72 is_open=True hour_summary=open
[2026-06-07 17:15:03] Outback Climbing Center: 87% (Very Active) people=26 capacity=30 is_open=True hour_summary=open
[2026-06-07 17:15:03] RIMAC Fitness Gym: 37% (Not Busy) people=55 capacity=150 is_open=True hour_summary=open
[2026-06-07 17:15:03] Triton Esports Center: 28% (Not Busy) people=10 capacity=35 is_open=True hour_summary=open
[2026-06-07 17:15:03] === SCRAPE END OK ===
[2026-06-07 17:30:02] === SCRAPE START ===
[2026-06-07 17:30:02] Fetching https://waitz.io/live/ucsd-rec
[2026-06-07 17:30:03] Saved 4 rows to ucsd_occupancy_history.csv
[2026-06-07 17:30:03] Main Gym Fitness Gym: 16% (Not Busy) people=11 capacity=72 is_open=True hour_summary=open
[2026-06-07 17:30:03] Outback Climbing Center: 90% (Very Active) people=27 capacity=30 is_open=True hour_summary=open
[2026-06-07 17:30:03] RIMAC Fitness Gym: 30% (Not Busy) people=45 capacity=150 is_open=True hour_summary=open
[2026-06-07 17:30:03] Triton Esports Center: 27% (Not Busy) people=9 capacity=35 is_open=True hour_summary=open
[2026-06-07 17:30:03] === SCRAPE END OK ===
[2026-06-07 17:45:02] === SCRAPE START ===
[2026-06-07 17:45:02] Fetching https://waitz.io/live/ucsd-rec
[2026-06-07 17:45:02] Saved 4 rows to ucsd_occupancy_history.csv
[2026-06-07 17:45:02] Main Gym Fitness Gym: 23% (Not Busy) people=16 capacity=72 is_open=True hour_summary=open
[2026-06-07 17:45:02] Outback Climbing Center: 82% (Very Active) people=25 capacity=30 is_open=True hour_summary=open
[2026-06-07 17:45:02] RIMAC Fitness Gym: 26% (Not Busy) people=39 capacity=150 is_open=True hour_summary=open
[2026-06-07 17:45:02] Triton Esports Center: 33% (Not Busy) people=12 capacity=35 is_open=True hour_summary=open
[2026-06-07 17:45:02] === SCRAPE END OK ===
[2026-06-07 18:00:02] === SCRAPE START ===
[2026-06-07 18:00:02] Fetching https://waitz.io/live/ucsd-rec
[2026-06-07 18:00:03] Saved 4 rows to ucsd_occupancy_history.csv
[2026-06-07 18:00:03] Main Gym Fitness Gym: 11% (Not Busy) people=8 capacity=72 is_open=True hour_summary=open
[2026-06-07 18:00:03] Outback Climbing Center: 87% (Very Active) people=26 capacity=30 is_open=True hour_summary=open
[2026-06-07 18:00:03] RIMAC Fitness Gym: 25% (Not Busy) people=38 capacity=150 is_open=True hour_summary=open
[2026-06-07 18:00:03] Triton Esports Center: 34% (Not Busy) people=12 capacity=35 is_open=True hour_summary=open
[2026-06-07 18:00:03] === SCRAPE END OK ===
[2026-06-07 18:15:02] === SCRAPE START ===
[2026-06-07 18:15:02] Fetching https://waitz.io/live/ucsd-rec
[2026-06-07 18:15:03] Saved 4 rows to ucsd_occupancy_history.csv
[2026-06-07 18:15:03] Main Gym Fitness Gym: 20% (Not Busy) people=14 capacity=72 is_open=True hour_summary=open
[2026-06-07 18:15:03] Outback Climbing Center: 84% (Very Active) people=25 capacity=30 is_open=True hour_summary=open
[2026-06-07 18:15:03] RIMAC Fitness Gym: 22% (Not Busy) people=33 capacity=150 is_open=True hour_summary=open
[2026-06-07 18:15:03] Triton Esports Center: 39% (Not Busy) people=14 capacity=35 is_open=True hour_summary=open
[2026-06-07 18:15:03] === SCRAPE END OK ===
[2026-06-07 18:30:02] === SCRAPE START ===
[2026-06-07 18:30:02] Fetching https://waitz.io/live/ucsd-rec
[2026-06-07 18:30:03] Saved 4 rows to ucsd_occupancy_history.csv
[2026-06-07 18:30:03] Main Gym Fitness Gym: 12% (Not Busy) people=9 capacity=72 is_open=True hour_summary=open
[2026-06-07 18:30:03] Outback Climbing Center: 85% (Very Active) people=26 capacity=30 is_open=True hour_summary=open
[2026-06-07 18:30:03] RIMAC Fitness Gym: 22% (Not Busy) people=32 capacity=150 is_open=True hour_summary=open
[2026-06-07 18:30:03] Triton Esports Center: 39% (Not Busy) people=14 capacity=35 is_open=True hour_summary=open
[2026-06-07 18:30:03] === SCRAPE END OK ===
[2026-06-07 18:45:02] === SCRAPE START ===
[2026-06-07 18:45:02] Fetching https://waitz.io/live/ucsd-rec
[2026-06-07 18:45:03] Saved 4 rows to ucsd_occupancy_history.csv
[2026-06-07 18:45:03] Main Gym Fitness Gym: 17% (Not Busy) people=12 capacity=72 is_open=True hour_summary=open
[2026-06-07 18:45:03] Outback Climbing Center: 72% (Busy) people=22 capacity=30 is_open=True hour_summary=open
[2026-06-07 18:45:03] RIMAC Fitness Gym: 24% (Not Busy) people=36 capacity=150 is_open=True hour_summary=open
[2026-06-07 18:45:03] Triton Esports Center: 20% (Not Busy) people=7 capacity=35 is_open=True hour_summary=open
[2026-06-07 18:45:03] === SCRAPE END OK ===
[2026-06-07 19:00:02] === SCRAPE START ===
[2026-06-07 19:00:02] Fetching https://waitz.io/live/ucsd-rec
[2026-06-07 19:00:03] Saved 4 rows to ucsd_occupancy_history.csv
[2026-06-07 19:00:03] Main Gym Fitness Gym: 9% (Not Busy) people=7 capacity=72 is_open=True hour_summary=open
[2026-06-07 19:00:03] Outback Climbing Center: 67% (Busy) people=20 capacity=30 is_open=True hour_summary=open
[2026-06-07 19:00:03] RIMAC Fitness Gym: 32% (Not Busy) people=48 capacity=150 is_open=True hour_summary=open
[2026-06-07 19:00:03] Triton Esports Center: 10% (Not Busy) people=4 capacity=35 is_open=True hour_summary=open
[2026-06-07 19:00:03] === SCRAPE END OK ===
[2026-06-07 19:15:02] === SCRAPE START ===
[2026-06-07 19:15:02] Fetching https://waitz.io/live/ucsd-rec
[2026-06-07 19:15:03] Saved 4 rows to ucsd_occupancy_history.csv
[2026-06-07 19:15:03] Main Gym Fitness Gym: 19% (Not Busy) people=13 capacity=72 is_open=True hour_summary=open
[2026-06-07 19:15:03] Outback Climbing Center: 85% (Very Active) people=26 capacity=30 is_open=True hour_summary=open
[2026-06-07 19:15:03] RIMAC Fitness Gym: 38% (Not Busy) people=57 capacity=150 is_open=True hour_summary=open
[2026-06-07 19:15:03] Triton Esports Center: 12% (Not Busy) people=4 capacity=35 is_open=True hour_summary=open
[2026-06-07 19:15:03] === SCRAPE END OK ===
[2026-06-07 19:30:02] === SCRAPE START ===
[2026-06-07 19:30:02] Fetching https://waitz.io/live/ucsd-rec
[2026-06-07 19:30:03] Saved 4 rows to ucsd_occupancy_history.csv
[2026-06-07 19:30:03] Main Gym Fitness Gym: 13% (Not Busy) people=10 capacity=72 is_open=True hour_summary=open
[2026-06-07 19:30:03] Outback Climbing Center: 92% (Very Active) people=28 capacity=30 is_open=True hour_summary=open
[2026-06-07 19:30:03] RIMAC Fitness Gym: 29% (Not Busy) people=43 capacity=150 is_open=True hour_summary=open
[2026-06-07 19:30:03] Triton Esports Center: 7% (Not Busy) people=2 capacity=35 is_open=True hour_summary=open
[2026-06-07 19:30:03] === SCRAPE END OK ===
[2026-06-07 19:45:02] === SCRAPE START ===
[2026-06-07 19:45:02] Fetching https://waitz.io/live/ucsd-rec
[2026-06-07 19:45:03] Saved 4 rows to ucsd_occupancy_history.csv
[2026-06-07 19:45:03] Main Gym Fitness Gym: 13% (Not Busy) people=10 capacity=72 is_open=True hour_summary=open
[2026-06-07 19:45:03] Outback Climbing Center: 85% (Very Active) people=25 capacity=30 is_open=True hour_summary=open
[2026-06-07 19:45:03] RIMAC Fitness Gym: 22% (Not Busy) people=34 capacity=150 is_open=True hour_summary=open
[2026-06-07 19:45:03] Triton Esports Center: 9% (Not Busy) people=3 capacity=35 is_open=True hour_summary=open
[2026-06-07 19:45:03] === SCRAPE END OK ===
[2026-06-07 20:00:02] === SCRAPE START ===
[2026-06-07 20:00:02] Fetching https://waitz.io/live/ucsd-rec
[2026-06-07 20:00:04] Saved 4 rows to ucsd_occupancy_history.csv
[2026-06-07 20:00:04] Main Gym Fitness Gym: 17% (Not Busy) people=12 capacity=72 is_open=True hour_summary=open
[2026-06-07 20:00:04] Outback Climbing Center: 74% (Busy) people=22 capacity=30 is_open=True hour_summary=open
[2026-06-07 20:00:04] RIMAC Fitness Gym: 23% (Not Busy) people=34 capacity=150 is_open=True hour_summary=open
[2026-06-07 20:00:04] Triton Esports Center: 4% (Not Busy) people=1 capacity=35 is_open=True hour_summary=open
[2026-06-07 20:00:04] === SCRAPE END OK ===
[2026-06-07 20:15:02] === SCRAPE START ===
[2026-06-07 20:15:02] Fetching https://waitz.io/live/ucsd-rec
[2026-06-07 20:15:04] Saved 4 rows to ucsd_occupancy_history.csv
[2026-06-07 20:15:04] Main Gym Fitness Gym: 11% (Not Busy) people=8 capacity=72 is_open=True hour_summary=open
[2026-06-07 20:15:04] Outback Climbing Center: 99% (Very Active) people=37 capacity=30 is_open=True hour_summary=open
[2026-06-07 20:15:04] RIMAC Fitness Gym: 23% (Not Busy) people=34 capacity=150 is_open=True hour_summary=open
[2026-06-07 20:15:04] Triton Esports Center: 4% (Not Busy) people=1 capacity=35 is_open=True hour_summary=open
[2026-06-07 20:15:04] === SCRAPE END OK ===
[2026-06-07 20:30:02] === SCRAPE START ===
[2026-06-07 20:30:02] Fetching https://waitz.io/live/ucsd-rec
[2026-06-07 20:30:03] Saved 4 rows to ucsd_occupancy_history.csv
[2026-06-07 20:30:03] Main Gym Fitness Gym: 20% (Not Busy) people=14 capacity=72 is_open=True hour_summary=open
[2026-06-07 20:30:03] Outback Climbing Center: 99% (Very Active) people=48 capacity=30 is_open=True hour_summary=open
[2026-06-07 20:30:03] RIMAC Fitness Gym: 35% (Not Busy) people=52 capacity=150 is_open=True hour_summary=open
[2026-06-07 20:30:03] Triton Esports Center: 1% (Not Busy) people=0 capacity=35 is_open=True hour_summary=open
[2026-06-07 20:30:03] === SCRAPE END OK ===
[2026-06-07 20:45:02] === SCRAPE START ===
[2026-06-07 20:45:02] Fetching https://waitz.io/live/ucsd-rec
[2026-06-07 20:45:03] Saved 4 rows to ucsd_occupancy_history.csv
[2026-06-07 20:45:03] Main Gym Fitness Gym: 28% (Not Busy) people=20 capacity=72 is_open=True hour_summary=open
[2026-06-07 20:45:03] Outback Climbing Center: 99% (Very Active) people=42 capacity=30 is_open=True hour_summary=open
[2026-06-07 20:45:03] RIMAC Fitness Gym: 41% (Not Busy) people=61 capacity=150 is_open=True hour_summary=open
[2026-06-07 20:45:03] Triton Esports Center: 9% (Not Busy) people=3 capacity=35 is_open=True hour_summary=open
[2026-06-07 20:45:03] === SCRAPE END OK ===
