[2026-05-13 10:00:03] === SCRAPE START ===
[2026-05-13 10:00:03] Fetching https://waitz.io/live/ucsd-rec
[2026-05-13 10:00:04] Saved 4 rows to ucsd_occupancy_history.csv
[2026-05-13 10:00:04] Main Gym Fitness Gym: 41% (Not Busy) people=29 capacity=72 is_open=True hour_summary=open
[2026-05-13 10:00:04] Outback Climbing Center: 28% (Not Busy) people=8 capacity=30 is_open=True hour_summary=open
[2026-05-13 10:00:04] RIMAC Fitness Gym: 51% (Busy) people=76 capacity=150 is_open=True hour_summary=open
[2026-05-13 10:00:04] Triton Esports Center: 6% (Not Busy) people=2 capacity=35 is_open=True hour_summary=open
[2026-05-13 10:00:04] === SCRAPE END OK ===
[2026-05-13 10:15:04] === SCRAPE START ===
[2026-05-13 10:15:04] Fetching https://waitz.io/live/ucsd-rec
[2026-05-13 10:15:05] Saved 4 rows to ucsd_occupancy_history.csv
[2026-05-13 10:15:05] Main Gym Fitness Gym: 34% (Not Busy) people=25 capacity=72 is_open=True hour_summary=open
[2026-05-13 10:15:05] Outback Climbing Center: 59% (Busy) people=18 capacity=30 is_open=True hour_summary=open
[2026-05-13 10:15:05] RIMAC Fitness Gym: 43% (Not Busy) people=64 capacity=150 is_open=True hour_summary=open
[2026-05-13 10:15:05] Triton Esports Center: 32% (Not Busy) people=11 capacity=35 is_open=True hour_summary=open
[2026-05-13 10:15:05] === SCRAPE END OK ===
[2026-05-13 10:30:02] === SCRAPE START ===
[2026-05-13 10:30:02] Fetching https://waitz.io/live/ucsd-rec
[2026-05-13 10:30:04] Saved 4 rows to ucsd_occupancy_history.csv
[2026-05-13 10:30:04] Main Gym Fitness Gym: 99% (Very Active) people=107 capacity=72 is_open=True hour_summary=open
[2026-05-13 10:30:04] Outback Climbing Center: 85% (Very Active) people=25 capacity=30 is_open=True hour_summary=open
[2026-05-13 10:30:04] RIMAC Fitness Gym: 50% (Busy) people=74 capacity=150 is_open=True hour_summary=open
[2026-05-13 10:30:04] Triton Esports Center: 36% (Not Busy) people=12 capacity=35 is_open=True hour_summary=open
[2026-05-13 10:30:04] === SCRAPE END OK ===
[2026-05-13 10:45:02] === SCRAPE START ===
[2026-05-13 10:45:02] Fetching https://waitz.io/live/ucsd-rec
[2026-05-13 10:45:03] Saved 4 rows to ucsd_occupancy_history.csv
[2026-05-13 10:45:03] Main Gym Fitness Gym: 15% (Not Busy) people=11 capacity=72 is_open=True hour_summary=open
[2026-05-13 10:45:03] Outback Climbing Center: 99% (Very Active) people=46 capacity=30 is_open=True hour_summary=open
[2026-05-13 10:45:03] RIMAC Fitness Gym: 56% (Busy) people=85 capacity=150 is_open=True hour_summary=open
[2026-05-13 10:45:03] Triton Esports Center: 41% (Not Busy) people=14 capacity=35 is_open=True hour_summary=open
[2026-05-13 10:45:03] === SCRAPE END OK ===
