[2026-04-18 00:00:01] === SCRAPE START ===
[2026-04-18 00:00:01] Fetching https://waitz.io/live/ucsd-rec
[2026-04-18 00:00:03] Saved 4 rows to ucsd_occupancy_history.csv
[2026-04-18 00:00:03] Main Gym Fitness Gym: 3% (Closed) people=2 capacity=72 is_open=False hour_summary=Closed until 8:00am
[2026-04-18 00:00:03] Outback Climbing Center: 10% (Closed) people=3 capacity=30 is_open=False hour_summary=Closed until 11:00am
[2026-04-18 00:00:03] RIMAC Fitness Gym: 1% (Closed) people=1 capacity=150 is_open=False hour_summary=Closed until 8:00am
[2026-04-18 00:00:03] Triton Esports Center: 0% (Closed) people=0 capacity=35 is_open=False hour_summary=Closed until 11:00am
[2026-04-18 00:00:03] === SCRAPE END OK ===
[2026-04-18 00:15:02] === SCRAPE START ===
[2026-04-18 00:15:02] Fetching https://waitz.io/live/ucsd-rec
[2026-04-18 00:15:03] Saved 4 rows to ucsd_occupancy_history.csv
[2026-04-18 00:15:03] Main Gym Fitness Gym: 3% (Closed) people=2 capacity=72 is_open=False hour_summary=Closed until 8:00am
[2026-04-18 00:15:03] Outback Climbing Center: 12% (Closed) people=4 capacity=30 is_open=False hour_summary=Closed until 11:00am
[2026-04-18 00:15:03] RIMAC Fitness Gym: 0% (Closed) people=1 capacity=150 is_open=False hour_summary=Closed until 8:00am
[2026-04-18 00:15:03] Triton Esports Center: 0% (Closed) people=0 capacity=35 is_open=False hour_summary=Closed until 11:00am
[2026-04-18 00:15:03] === SCRAPE END OK ===
[2026-04-18 00:30:02] === SCRAPE START ===
[2026-04-18 00:30:02] Fetching https://waitz.io/live/ucsd-rec
[2026-04-18 00:30:03] Saved 4 rows to ucsd_occupancy_history.csv
[2026-04-18 00:30:03] Main Gym Fitness Gym: 1% (Closed) people=1 capacity=72 is_open=False hour_summary=Closed until 8:00am
[2026-04-18 00:30:03] Outback Climbing Center: 13% (Closed) people=4 capacity=30 is_open=False hour_summary=Closed until 11:00am
[2026-04-18 00:30:03] RIMAC Fitness Gym: 1% (Closed) people=1 capacity=150 is_open=False hour_summary=Closed until 8:00am
[2026-04-18 00:30:03] Triton Esports Center: 0% (Closed) people=0 capacity=35 is_open=False hour_summary=Closed until 11:00am
[2026-04-18 00:30:03] === SCRAPE END OK ===
[2026-04-18 00:45:02] === SCRAPE START ===
[2026-04-18 00:45:02] Fetching https://waitz.io/live/ucsd-rec
[2026-04-18 00:45:03] Saved 4 rows to ucsd_occupancy_history.csv
[2026-04-18 00:45:03] Main Gym Fitness Gym: 1% (Closed) people=1 capacity=72 is_open=False hour_summary=Closed until 8:00am
[2026-04-18 00:45:03] Outback Climbing Center: 15% (Closed) people=4 capacity=30 is_open=False hour_summary=Closed until 11:00am
[2026-04-18 00:45:03] RIMAC Fitness Gym: 1% (Closed) people=1 capacity=150 is_open=False hour_summary=Closed until 8:00am
[2026-04-18 00:45:03] Triton Esports Center: 0% (Closed) people=0 capacity=35 is_open=False hour_summary=Closed until 11:00am
[2026-04-18 00:45:03] === SCRAPE END OK ===
[2026-04-18 01:00:02] === SCRAPE START ===
[2026-04-18 01:00:02] Fetching https://waitz.io/live/ucsd-rec
[2026-04-18 01:00:05] Saved 4 rows to ucsd_occupancy_history.csv
[2026-04-18 01:00:05] Main Gym Fitness Gym: 1% (Closed) people=1 capacity=72 is_open=False hour_summary=Closed until 8:00am
[2026-04-18 01:00:05] Outback Climbing Center: 13% (Closed) people=4 capacity=30 is_open=False hour_summary=Closed until 11:00am
[2026-04-18 01:00:05] RIMAC Fitness Gym: 1% (Closed) people=1 capacity=150 is_open=False hour_summary=Closed until 8:00am
[2026-04-18 01:00:05] Triton Esports Center: 0% (Closed) people=0 capacity=35 is_open=False hour_summary=Closed until 11:00am
[2026-04-18 01:00:05] === SCRAPE END OK ===
[2026-04-18 01:15:02] === SCRAPE START ===
[2026-04-18 01:15:02] Fetching https://waitz.io/live/ucsd-rec
[2026-04-18 01:15:03] Saved 4 rows to ucsd_occupancy_history.csv
[2026-04-18 01:15:03] Main Gym Fitness Gym: 2% (Closed) people=1 capacity=72 is_open=False hour_summary=Closed until 8:00am
[2026-04-18 01:15:03] Outback Climbing Center: 13% (Closed) people=4 capacity=30 is_open=False hour_summary=Closed until 11:00am
[2026-04-18 01:15:03] RIMAC Fitness Gym: 1% (Closed) people=1 capacity=150 is_open=False hour_summary=Closed until 8:00am
[2026-04-18 01:15:03] Triton Esports Center: 0% (Closed) people=0 capacity=35 is_open=False hour_summary=Closed until 11:00am
[2026-04-18 01:15:03] === SCRAPE END OK ===
[2026-04-18 01:30:02] === SCRAPE START ===
[2026-04-18 01:30:02] Fetching https://waitz.io/live/ucsd-rec
[2026-04-18 01:30:03] Saved 4 rows to ucsd_occupancy_history.csv
[2026-04-18 01:30:03] Main Gym Fitness Gym: 1% (Closed) people=1 capacity=72 is_open=False hour_summary=Closed until 8:00am
[2026-04-18 01:30:03] Outback Climbing Center: 16% (Closed) people=5 capacity=30 is_open=False hour_summary=Closed until 11:00am
[2026-04-18 01:30:03] RIMAC Fitness Gym: 1% (Closed) people=1 capacity=150 is_open=False hour_summary=Closed until 8:00am
[2026-04-18 01:30:03] Triton Esports Center: 0% (Closed) people=0 capacity=35 is_open=False hour_summary=Closed until 11:00am
[2026-04-18 01:30:03] === SCRAPE END OK ===
[2026-04-18 01:45:02] === SCRAPE START ===
[2026-04-18 01:45:02] Fetching https://waitz.io/live/ucsd-rec
[2026-04-18 01:45:03] Saved 4 rows to ucsd_occupancy_history.csv
[2026-04-18 01:45:03] Main Gym Fitness Gym: 2% (Closed) people=1 capacity=72 is_open=False hour_summary=Closed until 8:00am
[2026-04-18 01:45:03] Outback Climbing Center: 13% (Closed) people=4 capacity=30 is_open=False hour_summary=Closed until 11:00am
[2026-04-18 01:45:03] RIMAC Fitness Gym: 0% (Closed) people=1 capacity=150 is_open=False hour_summary=Closed until 8:00am
[2026-04-18 01:45:03] Triton Esports Center: 0% (Closed) people=0 capacity=35 is_open=False hour_summary=Closed until 11:00am
[2026-04-18 01:45:03] === SCRAPE END OK ===
[2026-04-18 02:00:02] === SCRAPE START ===
[2026-04-18 02:00:02] Fetching https://waitz.io/live/ucsd-rec
[2026-04-18 02:00:05] Saved 4 rows to ucsd_occupancy_history.csv
[2026-04-18 02:00:05] Main Gym Fitness Gym: 2% (Closed) people=1 capacity=72 is_open=False hour_summary=Closed until 8:00am
[2026-04-18 02:00:05] Outback Climbing Center: 13% (Closed) people=4 capacity=30 is_open=False hour_summary=Closed until 11:00am
[2026-04-18 02:00:05] RIMAC Fitness Gym: 1% (Closed) people=1 capacity=150 is_open=False hour_summary=Closed until 8:00am
[2026-04-18 02:00:05] Triton Esports Center: 0% (Closed) people=0 capacity=35 is_open=False hour_summary=Closed until 11:00am
[2026-04-18 02:00:05] === SCRAPE END OK ===
[2026-04-18 02:15:02] === SCRAPE START ===
[2026-04-18 02:15:02] Fetching https://waitz.io/live/ucsd-rec
[2026-04-18 02:15:03] Saved 4 rows to ucsd_occupancy_history.csv
[2026-04-18 02:15:03] Main Gym Fitness Gym: 1% (Closed) people=1 capacity=72 is_open=False hour_summary=Closed until 8:00am
[2026-04-18 02:15:03] Outback Climbing Center: 15% (Closed) people=5 capacity=30 is_open=False hour_summary=Closed until 11:00am
[2026-04-18 02:15:03] RIMAC Fitness Gym: 1% (Closed) people=1 capacity=150 is_open=False hour_summary=Closed until 8:00am
[2026-04-18 02:15:03] Triton Esports Center: 0% (Closed) people=0 capacity=35 is_open=False hour_summary=Closed until 11:00am
[2026-04-18 02:15:03] === SCRAPE END OK ===
[2026-04-18 02:30:02] === SCRAPE START ===
[2026-04-18 02:30:02] Fetching https://waitz.io/live/ucsd-rec
[2026-04-18 02:30:03] Saved 4 rows to ucsd_occupancy_history.csv
[2026-04-18 02:30:03] Main Gym Fitness Gym: 1% (Closed) people=1 capacity=72 is_open=False hour_summary=Closed until 8:00am
[2026-04-18 02:30:03] Outback Climbing Center: 12% (Closed) people=4 capacity=30 is_open=False hour_summary=Closed until 11:00am
[2026-04-18 02:30:03] RIMAC Fitness Gym: 0% (Closed) people=1 capacity=150 is_open=False hour_summary=Closed until 8:00am
[2026-04-18 02:30:03] Triton Esports Center: 0% (Closed) people=0 capacity=35 is_open=False hour_summary=Closed until 11:00am
[2026-04-18 02:30:03] === SCRAPE END OK ===
[2026-04-18 02:45:02] === SCRAPE START ===
[2026-04-18 02:45:02] Fetching https://waitz.io/live/ucsd-rec
[2026-04-18 02:45:03] Saved 4 rows to ucsd_occupancy_history.csv
[2026-04-18 02:45:03] Main Gym Fitness Gym: 1% (Closed) people=1 capacity=72 is_open=False hour_summary=Closed until 8:00am
[2026-04-18 02:45:03] Outback Climbing Center: 13% (Closed) people=4 capacity=30 is_open=False hour_summary=Closed until 11:00am
[2026-04-18 02:45:03] RIMAC Fitness Gym: 1% (Closed) people=1 capacity=150 is_open=False hour_summary=Closed until 8:00am
[2026-04-18 02:45:03] Triton Esports Center: 0% (Closed) people=0 capacity=35 is_open=False hour_summary=Closed until 11:00am
[2026-04-18 02:45:03] === SCRAPE END OK ===
[2026-04-18 03:00:02] === SCRAPE START ===
[2026-04-18 03:00:02] Fetching https://waitz.io/live/ucsd-rec
[2026-04-18 03:00:03] Saved 4 rows to ucsd_occupancy_history.csv
[2026-04-18 03:00:03] Main Gym Fitness Gym: 1% (Closed) people=1 capacity=72 is_open=False hour_summary=Closed until 8:00am
[2026-04-18 03:00:03] Outback Climbing Center: 15% (Closed) people=5 capacity=30 is_open=False hour_summary=Closed until 11:00am
[2026-04-18 03:00:03] RIMAC Fitness Gym: 0% (Closed) people=1 capacity=150 is_open=False hour_summary=Closed until 8:00am
[2026-04-18 03:00:03] Triton Esports Center: 0% (Closed) people=0 capacity=35 is_open=False hour_summary=Closed until 11:00am
[2026-04-18 03:00:03] === SCRAPE END OK ===
[2026-04-18 03:15:02] === SCRAPE START ===
[2026-04-18 03:15:02] Fetching https://waitz.io/live/ucsd-rec
[2026-04-18 03:15:03] Saved 4 rows to ucsd_occupancy_history.csv
[2026-04-18 03:15:03] Main Gym Fitness Gym: 1% (Closed) people=1 capacity=72 is_open=False hour_summary=Closed until 8:00am
[2026-04-18 03:15:03] Outback Climbing Center: 15% (Closed) people=5 capacity=30 is_open=False hour_summary=Closed until 11:00am
[2026-04-18 03:15:03] RIMAC Fitness Gym: 1% (Closed) people=1 capacity=150 is_open=False hour_summary=Closed until 8:00am
[2026-04-18 03:15:03] Triton Esports Center: 0% (Closed) people=0 capacity=35 is_open=False hour_summary=Closed until 11:00am
[2026-04-18 03:15:03] === SCRAPE END OK ===
[2026-04-18 03:30:02] === SCRAPE START ===
[2026-04-18 03:30:02] Fetching https://waitz.io/live/ucsd-rec
[2026-04-18 03:30:03] Saved 4 rows to ucsd_occupancy_history.csv
[2026-04-18 03:30:03] Main Gym Fitness Gym: 1% (Closed) people=1 capacity=72 is_open=False hour_summary=Closed until 8:00am
[2026-04-18 03:30:03] Outback Climbing Center: 12% (Closed) people=4 capacity=30 is_open=False hour_summary=Closed until 11:00am
[2026-04-18 03:30:03] RIMAC Fitness Gym: 1% (Closed) people=1 capacity=150 is_open=False hour_summary=Closed until 8:00am
[2026-04-18 03:30:03] Triton Esports Center: 0% (Closed) people=0 capacity=35 is_open=False hour_summary=Closed until 11:00am
[2026-04-18 03:30:03] === SCRAPE END OK ===
[2026-04-18 03:45:02] === SCRAPE START ===
[2026-04-18 03:45:02] Fetching https://waitz.io/live/ucsd-rec
[2026-04-18 03:45:03] Saved 4 rows to ucsd_occupancy_history.csv
[2026-04-18 03:45:03] Main Gym Fitness Gym: 1% (Closed) people=1 capacity=72 is_open=False hour_summary=Closed until 8:00am
[2026-04-18 03:45:03] Outback Climbing Center: 12% (Closed) people=4 capacity=30 is_open=False hour_summary=Closed until 11:00am
[2026-04-18 03:45:03] RIMAC Fitness Gym: 9% (Closed) people=14 capacity=150 is_open=False hour_summary=Closed until 8:00am
[2026-04-18 03:45:03] Triton Esports Center: 0% (Closed) people=0 capacity=35 is_open=False hour_summary=Closed until 11:00am
[2026-04-18 03:45:03] === SCRAPE END OK ===
[2026-04-18 04:00:02] === SCRAPE START ===
[2026-04-18 04:00:02] Fetching https://waitz.io/live/ucsd-rec
[2026-04-18 04:00:03] Saved 4 rows to ucsd_occupancy_history.csv
[2026-04-18 04:00:03] Main Gym Fitness Gym: 1% (Closed) people=1 capacity=72 is_open=False hour_summary=Closed until 8:00am
[2026-04-18 04:00:03] Outback Climbing Center: 17% (Closed) people=5 capacity=30 is_open=False hour_summary=Closed until 11:00am
[2026-04-18 04:00:03] RIMAC Fitness Gym: 0% (Closed) people=1 capacity=150 is_open=False hour_summary=Closed until 8:00am
[2026-04-18 04:00:03] Triton Esports Center: 0% (Closed) people=0 capacity=35 is_open=False hour_summary=Closed until 11:00am
[2026-04-18 04:00:03] === SCRAPE END OK ===
[2026-04-18 04:15:02] === SCRAPE START ===
[2026-04-18 04:15:02] Fetching https://waitz.io/live/ucsd-rec
[2026-04-18 04:15:03] Saved 4 rows to ucsd_occupancy_history.csv
[2026-04-18 04:15:03] Main Gym Fitness Gym: 1% (Closed) people=1 capacity=72 is_open=False hour_summary=Closed until 8:00am
[2026-04-18 04:15:03] Outback Climbing Center: 12% (Closed) people=4 capacity=30 is_open=False hour_summary=Closed until 11:00am
[2026-04-18 04:15:03] RIMAC Fitness Gym: 0% (Closed) people=1 capacity=150 is_open=False hour_summary=Closed until 8:00am
[2026-04-18 04:15:03] Triton Esports Center: 0% (Closed) people=0 capacity=35 is_open=False hour_summary=Closed until 11:00am
[2026-04-18 04:15:03] === SCRAPE END OK ===
[2026-04-18 04:30:02] === SCRAPE START ===
[2026-04-18 04:30:02] Fetching https://waitz.io/live/ucsd-rec
[2026-04-18 04:30:03] Saved 4 rows to ucsd_occupancy_history.csv
[2026-04-18 04:30:03] Main Gym Fitness Gym: 1% (Closed) people=1 capacity=72 is_open=False hour_summary=Closed until 8:00am
[2026-04-18 04:30:03] Outback Climbing Center: 13% (Closed) people=4 capacity=30 is_open=False hour_summary=Closed until 11:00am
[2026-04-18 04:30:03] RIMAC Fitness Gym: 0% (Closed) people=1 capacity=150 is_open=False hour_summary=Closed until 8:00am
[2026-04-18 04:30:03] Triton Esports Center: 0% (Closed) people=0 capacity=35 is_open=False hour_summary=Closed until 11:00am
[2026-04-18 04:30:03] === SCRAPE END OK ===
[2026-04-18 04:45:02] === SCRAPE START ===
[2026-04-18 04:45:02] Fetching https://waitz.io/live/ucsd-rec
[2026-04-18 04:45:03] Saved 4 rows to ucsd_occupancy_history.csv
[2026-04-18 04:45:03] Main Gym Fitness Gym: 1% (Closed) people=1 capacity=72 is_open=False hour_summary=Closed until 8:00am
[2026-04-18 04:45:03] Outback Climbing Center: 15% (Closed) people=5 capacity=30 is_open=False hour_summary=Closed until 11:00am
[2026-04-18 04:45:03] RIMAC Fitness Gym: 0% (Closed) people=1 capacity=150 is_open=False hour_summary=Closed until 8:00am
[2026-04-18 04:45:03] Triton Esports Center: 0% (Closed) people=0 capacity=35 is_open=False hour_summary=Closed until 11:00am
[2026-04-18 04:45:03] === SCRAPE END OK ===
[2026-04-18 05:00:02] === SCRAPE START ===
[2026-04-18 05:00:02] Fetching https://waitz.io/live/ucsd-rec
[2026-04-18 05:00:03] Saved 4 rows to ucsd_occupancy_history.csv
[2026-04-18 05:00:03] Main Gym Fitness Gym: 1% (Closed) people=1 capacity=72 is_open=False hour_summary=Closed until 8:00am
[2026-04-18 05:00:03] Outback Climbing Center: 14% (Closed) people=4 capacity=30 is_open=False hour_summary=Closed until 11:00am
[2026-04-18 05:00:03] RIMAC Fitness Gym: 1% (Closed) people=1 capacity=150 is_open=False hour_summary=Closed until 8:00am
[2026-04-18 05:00:03] Triton Esports Center: 0% (Closed) people=0 capacity=35 is_open=False hour_summary=Closed until 11:00am
[2026-04-18 05:00:03] === SCRAPE END OK ===
[2026-04-18 05:15:02] === SCRAPE START ===
[2026-04-18 05:15:02] Fetching https://waitz.io/live/ucsd-rec
[2026-04-18 05:15:03] Saved 4 rows to ucsd_occupancy_history.csv
[2026-04-18 05:15:03] Main Gym Fitness Gym: 1% (Closed) people=1 capacity=72 is_open=False hour_summary=Closed until 8:00am
[2026-04-18 05:15:03] Outback Climbing Center: 12% (Closed) people=4 capacity=30 is_open=False hour_summary=Closed until 11:00am
[2026-04-18 05:15:03] RIMAC Fitness Gym: 0% (Closed) people=1 capacity=150 is_open=False hour_summary=Closed until 8:00am
[2026-04-18 05:15:03] Triton Esports Center: 0% (Closed) people=0 capacity=35 is_open=False hour_summary=Closed until 11:00am
[2026-04-18 05:15:03] === SCRAPE END OK ===
[2026-04-18 05:30:02] === SCRAPE START ===
[2026-04-18 05:30:02] Fetching https://waitz.io/live/ucsd-rec
[2026-04-18 05:30:03] Saved 4 rows to ucsd_occupancy_history.csv
[2026-04-18 05:30:03] Main Gym Fitness Gym: 1% (Closed) people=1 capacity=72 is_open=False hour_summary=Closed until 8:00am
[2026-04-18 05:30:03] Outback Climbing Center: 15% (Closed) people=5 capacity=30 is_open=False hour_summary=Closed until 11:00am
[2026-04-18 05:30:03] RIMAC Fitness Gym: 1% (Closed) people=1 capacity=150 is_open=False hour_summary=Closed until 8:00am
[2026-04-18 05:30:03] Triton Esports Center: 0% (Closed) people=0 capacity=35 is_open=False hour_summary=Closed until 11:00am
[2026-04-18 05:30:03] === SCRAPE END OK ===
[2026-04-18 05:45:02] === SCRAPE START ===
[2026-04-18 05:45:02] Fetching https://waitz.io/live/ucsd-rec
[2026-04-18 05:45:03] Saved 4 rows to ucsd_occupancy_history.csv
[2026-04-18 05:45:03] Main Gym Fitness Gym: 1% (Closed) people=1 capacity=72 is_open=False hour_summary=Closed until 8:00am
[2026-04-18 05:45:03] Outback Climbing Center: 14% (Closed) people=4 capacity=30 is_open=False hour_summary=Closed until 11:00am
[2026-04-18 05:45:03] RIMAC Fitness Gym: 1% (Closed) people=1 capacity=150 is_open=False hour_summary=Closed until 8:00am
[2026-04-18 05:45:03] Triton Esports Center: 0% (Closed) people=0 capacity=35 is_open=False hour_summary=Closed until 11:00am
[2026-04-18 05:45:03] === SCRAPE END OK ===
[2026-04-18 06:00:02] === SCRAPE START ===
[2026-04-18 06:00:02] Fetching https://waitz.io/live/ucsd-rec
[2026-04-18 06:00:03] Saved 4 rows to ucsd_occupancy_history.csv
[2026-04-18 06:00:03] Main Gym Fitness Gym: 1% (Closed) people=1 capacity=72 is_open=False hour_summary=Closed until 8:00am
[2026-04-18 06:00:03] Outback Climbing Center: 12% (Closed) people=4 capacity=30 is_open=False hour_summary=Closed until 11:00am
[2026-04-18 06:00:03] RIMAC Fitness Gym: 0% (Closed) people=1 capacity=150 is_open=False hour_summary=Closed until 8:00am
[2026-04-18 06:00:03] Triton Esports Center: 0% (Closed) people=0 capacity=35 is_open=False hour_summary=Closed until 11:00am
[2026-04-18 06:00:03] === SCRAPE END OK ===
[2026-04-18 06:15:02] === SCRAPE START ===
[2026-04-18 06:15:02] Fetching https://waitz.io/live/ucsd-rec
[2026-04-18 06:15:03] Saved 4 rows to ucsd_occupancy_history.csv
[2026-04-18 06:15:03] Main Gym Fitness Gym: 1% (Closed) people=1 capacity=72 is_open=False hour_summary=Closed until 8:00am
[2026-04-18 06:15:03] Outback Climbing Center: 11% (Closed) people=3 capacity=30 is_open=False hour_summary=Closed until 11:00am
[2026-04-18 06:15:03] RIMAC Fitness Gym: 0% (Closed) people=1 capacity=150 is_open=False hour_summary=Closed until 8:00am
[2026-04-18 06:15:03] Triton Esports Center: 0% (Closed) people=0 capacity=35 is_open=False hour_summary=Closed until 11:00am
[2026-04-18 06:15:03] === SCRAPE END OK ===
[2026-04-18 06:30:02] === SCRAPE START ===
[2026-04-18 06:30:02] Fetching https://waitz.io/live/ucsd-rec
[2026-04-18 06:30:03] Saved 4 rows to ucsd_occupancy_history.csv
[2026-04-18 06:30:03] Main Gym Fitness Gym: 1% (Closed) people=1 capacity=72 is_open=False hour_summary=Closed until 8:00am
[2026-04-18 06:30:03] Outback Climbing Center: 3% (Closed) people=1 capacity=30 is_open=False hour_summary=Closed until 11:00am
[2026-04-18 06:30:03] RIMAC Fitness Gym: 1% (Closed) people=1 capacity=150 is_open=False hour_summary=Closed until 8:00am
[2026-04-18 06:30:03] Triton Esports Center: 0% (Closed) people=0 capacity=35 is_open=False hour_summary=Closed until 11:00am
[2026-04-18 06:30:03] === SCRAPE END OK ===
[2026-04-18 06:45:02] === SCRAPE START ===
[2026-04-18 06:45:02] Fetching https://waitz.io/live/ucsd-rec
[2026-04-18 06:45:04] Saved 4 rows to ucsd_occupancy_history.csv
[2026-04-18 06:45:04] Main Gym Fitness Gym: 1% (Closed) people=1 capacity=72 is_open=False hour_summary=Closed until 8:00am
[2026-04-18 06:45:04] Outback Climbing Center: 4% (Closed) people=1 capacity=30 is_open=False hour_summary=Closed until 11:00am
[2026-04-18 06:45:04] RIMAC Fitness Gym: 1% (Closed) people=1 capacity=150 is_open=False hour_summary=Closed until 8:00am
[2026-04-18 06:45:04] Triton Esports Center: 0% (Closed) people=0 capacity=35 is_open=False hour_summary=Closed until 11:00am
[2026-04-18 06:45:04] === SCRAPE END OK ===
[2026-04-18 07:00:02] === SCRAPE START ===
[2026-04-18 07:00:02] Fetching https://waitz.io/live/ucsd-rec
[2026-04-18 07:00:04] Saved 4 rows to ucsd_occupancy_history.csv
[2026-04-18 07:00:04] Main Gym Fitness Gym: 1% (Closed) people=1 capacity=72 is_open=False hour_summary=Closed until 8:00am
[2026-04-18 07:00:04] Outback Climbing Center: 2% (Closed) people=1 capacity=30 is_open=False hour_summary=Closed until 11:00am
[2026-04-18 07:00:04] RIMAC Fitness Gym: 0% (Closed) people=1 capacity=150 is_open=False hour_summary=Closed until 8:00am
[2026-04-18 07:00:04] Triton Esports Center: 0% (Closed) people=0 capacity=35 is_open=False hour_summary=Closed until 11:00am
[2026-04-18 07:00:04] === SCRAPE END OK ===
[2026-04-18 07:15:02] === SCRAPE START ===
[2026-04-18 07:15:02] Fetching https://waitz.io/live/ucsd-rec
[2026-04-18 07:15:03] Saved 4 rows to ucsd_occupancy_history.csv
[2026-04-18 07:15:03] Main Gym Fitness Gym: 1% (Closed) people=1 capacity=72 is_open=False hour_summary=Closed until 8:00am
[2026-04-18 07:15:03] Outback Climbing Center: 5% (Closed) people=1 capacity=30 is_open=False hour_summary=Closed until 11:00am
[2026-04-18 07:15:03] RIMAC Fitness Gym: 1% (Closed) people=1 capacity=150 is_open=False hour_summary=Closed until 8:00am
[2026-04-18 07:15:03] Triton Esports Center: 0% (Closed) people=0 capacity=35 is_open=False hour_summary=Closed until 11:00am
[2026-04-18 07:15:03] === SCRAPE END OK ===
[2026-04-18 07:30:02] === SCRAPE START ===
[2026-04-18 07:30:02] Fetching https://waitz.io/live/ucsd-rec
[2026-04-18 07:30:03] Saved 4 rows to ucsd_occupancy_history.csv
[2026-04-18 07:30:03] Main Gym Fitness Gym: 1% (Closed) people=1 capacity=72 is_open=False hour_summary=Closed until 8:00am
[2026-04-18 07:30:03] Outback Climbing Center: 5% (Closed) people=1 capacity=30 is_open=False hour_summary=Closed until 11:00am
[2026-04-18 07:30:03] RIMAC Fitness Gym: 1% (Closed) people=1 capacity=150 is_open=False hour_summary=Closed until 8:00am
[2026-04-18 07:30:03] Triton Esports Center: 0% (Closed) people=0 capacity=35 is_open=False hour_summary=Closed until 11:00am
[2026-04-18 07:30:03] === SCRAPE END OK ===
[2026-04-18 07:45:02] === SCRAPE START ===
[2026-04-18 07:45:02] Fetching https://waitz.io/live/ucsd-rec
[2026-04-18 07:45:03] Saved 4 rows to ucsd_occupancy_history.csv
[2026-04-18 07:45:03] Main Gym Fitness Gym: 1% (Closed) people=1 capacity=72 is_open=False hour_summary=Closed until 8:00am
[2026-04-18 07:45:03] Outback Climbing Center: 2% (Closed) people=1 capacity=30 is_open=False hour_summary=Closed until 11:00am
[2026-04-18 07:45:03] RIMAC Fitness Gym: 0% (Closed) people=1 capacity=150 is_open=False hour_summary=Closed until 8:00am
[2026-04-18 07:45:03] Triton Esports Center: 0% (Closed) people=0 capacity=35 is_open=False hour_summary=Closed until 11:00am
[2026-04-18 07:45:03] === SCRAPE END OK ===
[2026-04-18 08:00:02] === SCRAPE START ===
[2026-04-18 08:00:02] Fetching https://waitz.io/live/ucsd-rec
[2026-04-18 08:00:05] Saved 4 rows to ucsd_occupancy_history.csv
[2026-04-18 08:00:05] Main Gym Fitness Gym: 3% (Not Busy) people=2 capacity=72 is_open=True hour_summary=open
[2026-04-18 08:00:05] Outback Climbing Center: 1% (Closed) people=0 capacity=30 is_open=False hour_summary=Closed until 11:00am
[2026-04-18 08:00:05] RIMAC Fitness Gym: 1% (Not Busy) people=2 capacity=150 is_open=True hour_summary=open
[2026-04-18 08:00:05] Triton Esports Center: 0% (Closed) people=0 capacity=35 is_open=False hour_summary=Closed until 11:00am
[2026-04-18 08:00:05] === SCRAPE END OK ===
