[2026-05-02 00:00:01] === SCRAPE START ===
[2026-05-02 00:00:01] Fetching https://waitz.io/live/ucsd-rec
[2026-05-02 00:00:03] Saved 4 rows to ucsd_occupancy_history.csv
[2026-05-02 00:00:03] Main Gym Fitness Gym: 1% (Closed) people=1 capacity=72 is_open=False hour_summary=Closed until 8:00am
[2026-05-02 00:00:03] Outback Climbing Center: 0% (Closed) people=0 capacity=30 is_open=False hour_summary=Closed until 11:00am
[2026-05-02 00:00:03] RIMAC Fitness Gym: 0% (Closed) people=1 capacity=150 is_open=False hour_summary=Closed until 8:00am
[2026-05-02 00:00:03] Triton Esports Center: 0% (Closed) people=0 capacity=35 is_open=False hour_summary=Closed until 11:00am
[2026-05-02 00:00:03] === SCRAPE END OK ===
[2026-05-02 00:15:02] === SCRAPE START ===
[2026-05-02 00:15:02] Fetching https://waitz.io/live/ucsd-rec
[2026-05-02 00:15:03] Saved 4 rows to ucsd_occupancy_history.csv
[2026-05-02 00:15:03] Main Gym Fitness Gym: 1% (Closed) people=1 capacity=72 is_open=False hour_summary=Closed until 8:00am
[2026-05-02 00:15:03] Outback Climbing Center: 1% (Closed) people=0 capacity=30 is_open=False hour_summary=Closed until 11:00am
[2026-05-02 00:15:03] RIMAC Fitness Gym: 0% (Closed) people=1 capacity=150 is_open=False hour_summary=Closed until 8:00am
[2026-05-02 00:15:03] Triton Esports Center: 0% (Closed) people=0 capacity=35 is_open=False hour_summary=Closed until 11:00am
[2026-05-02 00:15:03] === SCRAPE END OK ===
[2026-05-02 00:30:02] === SCRAPE START ===
[2026-05-02 00:30:02] Fetching https://waitz.io/live/ucsd-rec
[2026-05-02 00:30:03] Saved 4 rows to ucsd_occupancy_history.csv
[2026-05-02 00:30:03] Main Gym Fitness Gym: 2% (Closed) people=1 capacity=72 is_open=False hour_summary=Closed until 8:00am
[2026-05-02 00:30:03] Outback Climbing Center: 3% (Closed) people=1 capacity=30 is_open=False hour_summary=Closed until 11:00am
[2026-05-02 00:30:03] RIMAC Fitness Gym: 0% (Closed) people=0 capacity=150 is_open=False hour_summary=Closed until 8:00am
[2026-05-02 00:30:03] Triton Esports Center: 0% (Closed) people=0 capacity=35 is_open=False hour_summary=Closed until 11:00am
[2026-05-02 00:30:03] === SCRAPE END OK ===
[2026-05-02 00:45:02] === SCRAPE START ===
[2026-05-02 00:45:02] Fetching https://waitz.io/live/ucsd-rec
[2026-05-02 00:45:03] Saved 4 rows to ucsd_occupancy_history.csv
[2026-05-02 00:45:03] Main Gym Fitness Gym: 1% (Closed) people=1 capacity=72 is_open=False hour_summary=Closed until 8:00am
[2026-05-02 00:45:03] Outback Climbing Center: 0% (Closed) people=0 capacity=30 is_open=False hour_summary=Closed until 11:00am
[2026-05-02 00:45:03] RIMAC Fitness Gym: 0% (Closed) people=1 capacity=150 is_open=False hour_summary=Closed until 8:00am
[2026-05-02 00:45:03] Triton Esports Center: 0% (Closed) people=0 capacity=35 is_open=False hour_summary=Closed until 11:00am
[2026-05-02 00:45:03] === SCRAPE END OK ===
[2026-05-02 01:00:02] === SCRAPE START ===
[2026-05-02 01:00:02] Fetching https://waitz.io/live/ucsd-rec
[2026-05-02 01:00:03] Saved 4 rows to ucsd_occupancy_history.csv
[2026-05-02 01:00:03] Main Gym Fitness Gym: 2% (Closed) people=1 capacity=72 is_open=False hour_summary=Closed until 8:00am
[2026-05-02 01:00:03] Outback Climbing Center: 1% (Closed) people=0 capacity=30 is_open=False hour_summary=Closed until 11:00am
[2026-05-02 01:00:03] RIMAC Fitness Gym: 0% (Closed) people=0 capacity=150 is_open=False hour_summary=Closed until 8:00am
[2026-05-02 01:00:03] Triton Esports Center: 0% (Closed) people=0 capacity=35 is_open=False hour_summary=Closed until 11:00am
[2026-05-02 01:00:03] === SCRAPE END OK ===
[2026-05-02 01:15:02] === SCRAPE START ===
[2026-05-02 01:15:02] Fetching https://waitz.io/live/ucsd-rec
[2026-05-02 01:15:03] Saved 4 rows to ucsd_occupancy_history.csv
[2026-05-02 01:15:03] Main Gym Fitness Gym: 1% (Closed) people=1 capacity=72 is_open=False hour_summary=Closed until 8:00am
[2026-05-02 01:15:03] Outback Climbing Center: 0% (Closed) people=0 capacity=30 is_open=False hour_summary=Closed until 11:00am
[2026-05-02 01:15:03] RIMAC Fitness Gym: 0% (Closed) people=1 capacity=150 is_open=False hour_summary=Closed until 8:00am
[2026-05-02 01:15:03] Triton Esports Center: 0% (Closed) people=0 capacity=35 is_open=False hour_summary=Closed until 11:00am
[2026-05-02 01:15:03] === SCRAPE END OK ===
[2026-05-02 01:30:02] === SCRAPE START ===
[2026-05-02 01:30:02] Fetching https://waitz.io/live/ucsd-rec
[2026-05-02 01:30:03] Saved 4 rows to ucsd_occupancy_history.csv
[2026-05-02 01:30:03] Main Gym Fitness Gym: 1% (Closed) people=1 capacity=72 is_open=False hour_summary=Closed until 8:00am
[2026-05-02 01:30:03] Outback Climbing Center: 0% (Closed) people=0 capacity=30 is_open=False hour_summary=Closed until 11:00am
[2026-05-02 01:30:03] RIMAC Fitness Gym: 0% (Closed) people=1 capacity=150 is_open=False hour_summary=Closed until 8:00am
[2026-05-02 01:30:03] Triton Esports Center: 0% (Closed) people=0 capacity=35 is_open=False hour_summary=Closed until 11:00am
[2026-05-02 01:30:03] === SCRAPE END OK ===
[2026-05-02 01:45:02] === SCRAPE START ===
[2026-05-02 01:45:02] Fetching https://waitz.io/live/ucsd-rec
[2026-05-02 01:45:03] Saved 4 rows to ucsd_occupancy_history.csv
[2026-05-02 01:45:03] Main Gym Fitness Gym: 1% (Closed) people=1 capacity=72 is_open=False hour_summary=Closed until 8:00am
[2026-05-02 01:45:03] Outback Climbing Center: 1% (Closed) people=0 capacity=30 is_open=False hour_summary=Closed until 11:00am
[2026-05-02 01:45:03] RIMAC Fitness Gym: 0% (Closed) people=1 capacity=150 is_open=False hour_summary=Closed until 8:00am
[2026-05-02 01:45:03] Triton Esports Center: 0% (Closed) people=0 capacity=35 is_open=False hour_summary=Closed until 11:00am
[2026-05-02 01:45:03] === SCRAPE END OK ===
[2026-05-02 02:00:02] === SCRAPE START ===
[2026-05-02 02:00:02] Fetching https://waitz.io/live/ucsd-rec
[2026-05-02 02:00:03] Saved 4 rows to ucsd_occupancy_history.csv
[2026-05-02 02:00:03] Main Gym Fitness Gym: 1% (Closed) people=1 capacity=72 is_open=False hour_summary=Closed until 8:00am
[2026-05-02 02:00:03] Outback Climbing Center: 0% (Closed) people=0 capacity=30 is_open=False hour_summary=Closed until 11:00am
[2026-05-02 02:00:03] RIMAC Fitness Gym: 0% (Closed) people=0 capacity=150 is_open=False hour_summary=Closed until 8:00am
[2026-05-02 02:00:03] Triton Esports Center: 0% (Closed) people=0 capacity=35 is_open=False hour_summary=Closed until 11:00am
[2026-05-02 02:00:03] === SCRAPE END OK ===
[2026-05-02 02:15:02] === SCRAPE START ===
[2026-05-02 02:15:02] Fetching https://waitz.io/live/ucsd-rec
[2026-05-02 02:15:03] Saved 4 rows to ucsd_occupancy_history.csv
[2026-05-02 02:15:03] Main Gym Fitness Gym: 4% (Closed) people=3 capacity=72 is_open=False hour_summary=Closed until 8:00am
[2026-05-02 02:15:03] Outback Climbing Center: 0% (Closed) people=0 capacity=30 is_open=False hour_summary=Closed until 11:00am
[2026-05-02 02:15:03] RIMAC Fitness Gym: 0% (Closed) people=1 capacity=150 is_open=False hour_summary=Closed until 8:00am
[2026-05-02 02:15:03] Triton Esports Center: 0% (Closed) people=0 capacity=35 is_open=False hour_summary=Closed until 11:00am
[2026-05-02 02:15:03] === SCRAPE END OK ===
[2026-05-02 02:30:02] === SCRAPE START ===
[2026-05-02 02:30:02] Fetching https://waitz.io/live/ucsd-rec
[2026-05-02 02:30:04] Saved 4 rows to ucsd_occupancy_history.csv
[2026-05-02 02:30:04] Main Gym Fitness Gym: 2% (Closed) people=2 capacity=72 is_open=False hour_summary=Closed until 8:00am
[2026-05-02 02:30:04] Outback Climbing Center: 0% (Closed) people=0 capacity=30 is_open=False hour_summary=Closed until 11:00am
[2026-05-02 02:30:04] RIMAC Fitness Gym: 0% (Closed) people=1 capacity=150 is_open=False hour_summary=Closed until 8:00am
[2026-05-02 02:30:04] Triton Esports Center: 0% (Closed) people=0 capacity=35 is_open=False hour_summary=Closed until 11:00am
[2026-05-02 02:30:04] === SCRAPE END OK ===
[2026-05-02 02:45:02] === SCRAPE START ===
[2026-05-02 02:45:02] Fetching https://waitz.io/live/ucsd-rec
[2026-05-02 02:45:03] Saved 4 rows to ucsd_occupancy_history.csv
[2026-05-02 02:45:03] Main Gym Fitness Gym: 1% (Closed) people=1 capacity=72 is_open=False hour_summary=Closed until 8:00am
[2026-05-02 02:45:03] Outback Climbing Center: 0% (Closed) people=0 capacity=30 is_open=False hour_summary=Closed until 11:00am
[2026-05-02 02:45:03] RIMAC Fitness Gym: 0% (Closed) people=1 capacity=150 is_open=False hour_summary=Closed until 8:00am
[2026-05-02 02:45:03] Triton Esports Center: 0% (Closed) people=0 capacity=35 is_open=False hour_summary=Closed until 11:00am
[2026-05-02 02:45:03] === SCRAPE END OK ===
[2026-05-02 03:00:02] === SCRAPE START ===
[2026-05-02 03:00:02] Fetching https://waitz.io/live/ucsd-rec
[2026-05-02 03:00:03] Saved 4 rows to ucsd_occupancy_history.csv
[2026-05-02 03:00:03] Main Gym Fitness Gym: 1% (Closed) people=1 capacity=72 is_open=False hour_summary=Closed until 8:00am
[2026-05-02 03:00:03] Outback Climbing Center: 0% (Closed) people=0 capacity=30 is_open=False hour_summary=Closed until 11:00am
[2026-05-02 03:00:03] RIMAC Fitness Gym: 0% (Closed) people=0 capacity=150 is_open=False hour_summary=Closed until 8:00am
[2026-05-02 03:00:03] Triton Esports Center: 0% (Closed) people=0 capacity=35 is_open=False hour_summary=Closed until 11:00am
[2026-05-02 03:00:03] === SCRAPE END OK ===
[2026-05-02 03:15:02] === SCRAPE START ===
[2026-05-02 03:15:02] Fetching https://waitz.io/live/ucsd-rec
[2026-05-02 03:15:03] Saved 4 rows to ucsd_occupancy_history.csv
[2026-05-02 03:15:03] Main Gym Fitness Gym: 1% (Closed) people=1 capacity=72 is_open=False hour_summary=Closed until 8:00am
[2026-05-02 03:15:03] Outback Climbing Center: 0% (Closed) people=0 capacity=30 is_open=False hour_summary=Closed until 11:00am
[2026-05-02 03:15:03] RIMAC Fitness Gym: 0% (Closed) people=0 capacity=150 is_open=False hour_summary=Closed until 8:00am
[2026-05-02 03:15:03] Triton Esports Center: 0% (Closed) people=0 capacity=35 is_open=False hour_summary=Closed until 11:00am
[2026-05-02 03:15:03] === SCRAPE END OK ===
[2026-05-02 03:30:02] === SCRAPE START ===
[2026-05-02 03:30:02] Fetching https://waitz.io/live/ucsd-rec
[2026-05-02 03:30:03] Saved 4 rows to ucsd_occupancy_history.csv
[2026-05-02 03:30:03] Main Gym Fitness Gym: 1% (Closed) people=1 capacity=72 is_open=False hour_summary=Closed until 8:00am
[2026-05-02 03:30:03] Outback Climbing Center: 0% (Closed) people=0 capacity=30 is_open=False hour_summary=Closed until 11:00am
[2026-05-02 03:30:03] RIMAC Fitness Gym: 0% (Closed) people=0 capacity=150 is_open=False hour_summary=Closed until 8:00am
[2026-05-02 03:30:03] Triton Esports Center: 0% (Closed) people=0 capacity=35 is_open=False hour_summary=Closed until 11:00am
[2026-05-02 03:30:03] === SCRAPE END OK ===
[2026-05-02 03:45:02] === SCRAPE START ===
[2026-05-02 03:45:02] Fetching https://waitz.io/live/ucsd-rec
[2026-05-02 03:45:03] Saved 4 rows to ucsd_occupancy_history.csv
[2026-05-02 03:45:03] Main Gym Fitness Gym: 1% (Closed) people=1 capacity=72 is_open=False hour_summary=Closed until 8:00am
[2026-05-02 03:45:03] Outback Climbing Center: 0% (Closed) people=0 capacity=30 is_open=False hour_summary=Closed until 11:00am
[2026-05-02 03:45:03] RIMAC Fitness Gym: 0% (Closed) people=1 capacity=150 is_open=False hour_summary=Closed until 8:00am
[2026-05-02 03:45:03] Triton Esports Center: 0% (Closed) people=0 capacity=35 is_open=False hour_summary=Closed until 11:00am
[2026-05-02 03:45:03] === SCRAPE END OK ===
[2026-05-02 04:00:02] === SCRAPE START ===
[2026-05-02 04:00:02] Fetching https://waitz.io/live/ucsd-rec
[2026-05-02 04:00:03] Saved 4 rows to ucsd_occupancy_history.csv
[2026-05-02 04:00:03] Main Gym Fitness Gym: 1% (Closed) people=1 capacity=72 is_open=False hour_summary=Closed until 8:00am
[2026-05-02 04:00:03] Outback Climbing Center: 0% (Closed) people=0 capacity=30 is_open=False hour_summary=Closed until 11:00am
[2026-05-02 04:00:03] RIMAC Fitness Gym: 0% (Closed) people=1 capacity=150 is_open=False hour_summary=Closed until 8:00am
[2026-05-02 04:00:03] Triton Esports Center: 0% (Closed) people=0 capacity=35 is_open=False hour_summary=Closed until 11:00am
[2026-05-02 04:00:03] === SCRAPE END OK ===
[2026-05-02 04:15:02] === SCRAPE START ===
[2026-05-02 04:15:02] Fetching https://waitz.io/live/ucsd-rec
[2026-05-02 04:15:03] Saved 4 rows to ucsd_occupancy_history.csv
[2026-05-02 04:15:03] Main Gym Fitness Gym: 1% (Closed) people=1 capacity=72 is_open=False hour_summary=Closed until 8:00am
[2026-05-02 04:15:03] Outback Climbing Center: 0% (Closed) people=0 capacity=30 is_open=False hour_summary=Closed until 11:00am
[2026-05-02 04:15:03] RIMAC Fitness Gym: 0% (Closed) people=0 capacity=150 is_open=False hour_summary=Closed until 8:00am
[2026-05-02 04:15:03] Triton Esports Center: 0% (Closed) people=0 capacity=35 is_open=False hour_summary=Closed until 11:00am
[2026-05-02 04:15:03] === SCRAPE END OK ===
[2026-05-02 04:30:02] === SCRAPE START ===
[2026-05-02 04:30:02] Fetching https://waitz.io/live/ucsd-rec
[2026-05-02 04:30:03] Saved 4 rows to ucsd_occupancy_history.csv
[2026-05-02 04:30:03] Main Gym Fitness Gym: 1% (Closed) people=1 capacity=72 is_open=False hour_summary=Closed until 8:00am
[2026-05-02 04:30:03] Outback Climbing Center: 1% (Closed) people=0 capacity=30 is_open=False hour_summary=Closed until 11:00am
[2026-05-02 04:30:04] RIMAC Fitness Gym: 0% (Closed) people=0 capacity=150 is_open=False hour_summary=Closed until 8:00am
[2026-05-02 04:30:04] Triton Esports Center: 0% (Closed) people=0 capacity=35 is_open=False hour_summary=Closed until 11:00am
[2026-05-02 04:30:04] === SCRAPE END OK ===
[2026-05-02 04:45:02] === SCRAPE START ===
[2026-05-02 04:45:02] Fetching https://waitz.io/live/ucsd-rec
[2026-05-02 04:45:03] Saved 4 rows to ucsd_occupancy_history.csv
[2026-05-02 04:45:03] Main Gym Fitness Gym: 1% (Closed) people=1 capacity=72 is_open=False hour_summary=Closed until 8:00am
[2026-05-02 04:45:03] Outback Climbing Center: 0% (Closed) people=0 capacity=30 is_open=False hour_summary=Closed until 11:00am
[2026-05-02 04:45:03] RIMAC Fitness Gym: 0% (Closed) people=0 capacity=150 is_open=False hour_summary=Closed until 8:00am
[2026-05-02 04:45:03] Triton Esports Center: 0% (Closed) people=0 capacity=35 is_open=False hour_summary=Closed until 11:00am
[2026-05-02 04:45:03] === SCRAPE END OK ===
[2026-05-02 05:00:02] === SCRAPE START ===
[2026-05-02 05:00:02] Fetching https://waitz.io/live/ucsd-rec
[2026-05-02 05:00:03] Saved 4 rows to ucsd_occupancy_history.csv
[2026-05-02 05:00:03] Main Gym Fitness Gym: 2% (Closed) people=1 capacity=72 is_open=False hour_summary=Closed until 8:00am
[2026-05-02 05:00:03] Outback Climbing Center: 1% (Closed) people=0 capacity=30 is_open=False hour_summary=Closed until 11:00am
[2026-05-02 05:00:03] RIMAC Fitness Gym: 0% (Closed) people=0 capacity=150 is_open=False hour_summary=Closed until 8:00am
[2026-05-02 05:00:03] Triton Esports Center: 0% (Closed) people=0 capacity=35 is_open=False hour_summary=Closed until 11:00am
[2026-05-02 05:00:03] === SCRAPE END OK ===
[2026-05-02 05:15:02] === SCRAPE START ===
[2026-05-02 05:15:02] Fetching https://waitz.io/live/ucsd-rec
[2026-05-02 05:15:03] Saved 4 rows to ucsd_occupancy_history.csv
[2026-05-02 05:15:03] Main Gym Fitness Gym: 3% (Closed) people=2 capacity=72 is_open=False hour_summary=Closed until 8:00am
[2026-05-02 05:15:03] Outback Climbing Center: 1% (Closed) people=0 capacity=30 is_open=False hour_summary=Closed until 11:00am
[2026-05-02 05:15:03] RIMAC Fitness Gym: 0% (Closed) people=1 capacity=150 is_open=False hour_summary=Closed until 8:00am
[2026-05-02 05:15:03] Triton Esports Center: 0% (Closed) people=0 capacity=35 is_open=False hour_summary=Closed until 11:00am
[2026-05-02 05:15:03] === SCRAPE END OK ===
[2026-05-02 05:30:02] === SCRAPE START ===
[2026-05-02 05:30:02] Fetching https://waitz.io/live/ucsd-rec
[2026-05-02 05:30:03] Saved 4 rows to ucsd_occupancy_history.csv
[2026-05-02 05:30:03] Main Gym Fitness Gym: 2% (Closed) people=1 capacity=72 is_open=False hour_summary=Closed until 8:00am
[2026-05-02 05:30:03] Outback Climbing Center: 1% (Closed) people=0 capacity=30 is_open=False hour_summary=Closed until 11:00am
[2026-05-02 05:30:03] RIMAC Fitness Gym: 0% (Closed) people=0 capacity=150 is_open=False hour_summary=Closed until 8:00am
[2026-05-02 05:30:03] Triton Esports Center: 0% (Closed) people=0 capacity=35 is_open=False hour_summary=Closed until 11:00am
[2026-05-02 05:30:03] === SCRAPE END OK ===
[2026-05-02 05:45:02] === SCRAPE START ===
[2026-05-02 05:45:02] Fetching https://waitz.io/live/ucsd-rec
[2026-05-02 05:45:03] Saved 4 rows to ucsd_occupancy_history.csv
[2026-05-02 05:45:03] Main Gym Fitness Gym: 2% (Closed) people=1 capacity=72 is_open=False hour_summary=Closed until 8:00am
[2026-05-02 05:45:03] Outback Climbing Center: 5% (Closed) people=2 capacity=30 is_open=False hour_summary=Closed until 11:00am
[2026-05-02 05:45:03] RIMAC Fitness Gym: 1% (Closed) people=1 capacity=150 is_open=False hour_summary=Closed until 8:00am
[2026-05-02 05:45:03] Triton Esports Center: 0% (Closed) people=0 capacity=35 is_open=False hour_summary=Closed until 11:00am
[2026-05-02 05:45:03] === SCRAPE END OK ===
[2026-05-02 06:00:02] === SCRAPE START ===
[2026-05-02 06:00:02] Fetching https://waitz.io/live/ucsd-rec
[2026-05-02 06:00:03] Saved 4 rows to ucsd_occupancy_history.csv
[2026-05-02 06:00:03] Main Gym Fitness Gym: 1% (Closed) people=1 capacity=72 is_open=False hour_summary=Closed until 8:00am
[2026-05-02 06:00:03] Outback Climbing Center: 1% (Closed) people=0 capacity=30 is_open=False hour_summary=Closed until 11:00am
[2026-05-02 06:00:03] RIMAC Fitness Gym: 1% (Closed) people=1 capacity=150 is_open=False hour_summary=Closed until 8:00am
[2026-05-02 06:00:03] Triton Esports Center: 0% (Closed) people=0 capacity=35 is_open=False hour_summary=Closed until 11:00am
[2026-05-02 06:00:03] === SCRAPE END OK ===
[2026-05-02 06:15:02] === SCRAPE START ===
[2026-05-02 06:15:02] Fetching https://waitz.io/live/ucsd-rec
[2026-05-02 06:15:03] Saved 4 rows to ucsd_occupancy_history.csv
[2026-05-02 06:15:03] Main Gym Fitness Gym: 2% (Closed) people=1 capacity=72 is_open=False hour_summary=Closed until 8:00am
[2026-05-02 06:15:03] Outback Climbing Center: 1% (Closed) people=0 capacity=30 is_open=False hour_summary=Closed until 11:00am
[2026-05-02 06:15:03] RIMAC Fitness Gym: 0% (Closed) people=1 capacity=150 is_open=False hour_summary=Closed until 8:00am
[2026-05-02 06:15:03] Triton Esports Center: 0% (Closed) people=0 capacity=35 is_open=False hour_summary=Closed until 11:00am
[2026-05-02 06:15:03] === SCRAPE END OK ===
[2026-05-02 06:30:02] === SCRAPE START ===
[2026-05-02 06:30:02] Fetching https://waitz.io/live/ucsd-rec
[2026-05-02 06:30:04] Saved 4 rows to ucsd_occupancy_history.csv
[2026-05-02 06:30:04] Main Gym Fitness Gym: 1% (Closed) people=1 capacity=72 is_open=False hour_summary=Closed until 8:00am
[2026-05-02 06:30:04] Outback Climbing Center: 1% (Closed) people=0 capacity=30 is_open=False hour_summary=Closed until 11:00am
[2026-05-02 06:30:04] RIMAC Fitness Gym: 0% (Closed) people=0 capacity=150 is_open=False hour_summary=Closed until 8:00am
[2026-05-02 06:30:04] Triton Esports Center: 0% (Closed) people=0 capacity=35 is_open=False hour_summary=Closed until 11:00am
[2026-05-02 06:30:04] === SCRAPE END OK ===
[2026-05-02 06:45:02] === SCRAPE START ===
[2026-05-02 06:45:02] Fetching https://waitz.io/live/ucsd-rec
[2026-05-02 06:45:03] Saved 4 rows to ucsd_occupancy_history.csv
[2026-05-02 06:45:03] Main Gym Fitness Gym: 5% (Closed) people=3 capacity=72 is_open=False hour_summary=Closed until 8:00am
[2026-05-02 06:45:03] Outback Climbing Center: 1% (Closed) people=0 capacity=30 is_open=False hour_summary=Closed until 11:00am
[2026-05-02 06:45:03] RIMAC Fitness Gym: 0% (Closed) people=0 capacity=150 is_open=False hour_summary=Closed until 8:00am
[2026-05-02 06:45:03] Triton Esports Center: 0% (Closed) people=0 capacity=35 is_open=False hour_summary=Closed until 11:00am
[2026-05-02 06:45:03] === SCRAPE END OK ===
[2026-05-02 07:00:02] === SCRAPE START ===
[2026-05-02 07:00:02] Fetching https://waitz.io/live/ucsd-rec
[2026-05-02 07:00:03] Saved 4 rows to ucsd_occupancy_history.csv
[2026-05-02 07:00:03] Main Gym Fitness Gym: 1% (Closed) people=1 capacity=72 is_open=False hour_summary=Closed until 8:00am
[2026-05-02 07:00:03] Outback Climbing Center: 0% (Closed) people=0 capacity=30 is_open=False hour_summary=Closed until 11:00am
[2026-05-02 07:00:03] RIMAC Fitness Gym: 0% (Closed) people=0 capacity=150 is_open=False hour_summary=Closed until 8:00am
[2026-05-02 07:00:03] Triton Esports Center: 0% (Closed) people=0 capacity=35 is_open=False hour_summary=Closed until 11:00am
[2026-05-02 07:00:03] === SCRAPE END OK ===
[2026-05-02 07:15:02] === SCRAPE START ===
[2026-05-02 07:15:02] Fetching https://waitz.io/live/ucsd-rec
[2026-05-02 07:15:03] Saved 4 rows to ucsd_occupancy_history.csv
[2026-05-02 07:15:03] Main Gym Fitness Gym: 1% (Closed) people=1 capacity=72 is_open=False hour_summary=Closed until 8:00am
[2026-05-02 07:15:03] Outback Climbing Center: 0% (Closed) people=0 capacity=30 is_open=False hour_summary=Closed until 11:00am
[2026-05-02 07:15:03] RIMAC Fitness Gym: 0% (Closed) people=1 capacity=150 is_open=False hour_summary=Closed until 8:00am
[2026-05-02 07:15:03] Triton Esports Center: 0% (Closed) people=0 capacity=35 is_open=False hour_summary=Closed until 11:00am
[2026-05-02 07:15:03] === SCRAPE END OK ===
[2026-05-02 07:30:02] === SCRAPE START ===
[2026-05-02 07:30:02] Fetching https://waitz.io/live/ucsd-rec
[2026-05-02 07:30:03] Saved 4 rows to ucsd_occupancy_history.csv
[2026-05-02 07:30:03] Main Gym Fitness Gym: 1% (Closed) people=1 capacity=72 is_open=False hour_summary=Closed until 8:00am
[2026-05-02 07:30:03] Outback Climbing Center: 0% (Closed) people=0 capacity=30 is_open=False hour_summary=Closed until 11:00am
[2026-05-02 07:30:03] RIMAC Fitness Gym: 0% (Closed) people=1 capacity=150 is_open=False hour_summary=Closed until 8:00am
[2026-05-02 07:30:03] Triton Esports Center: 0% (Closed) people=0 capacity=35 is_open=False hour_summary=Closed until 11:00am
[2026-05-02 07:30:03] === SCRAPE END OK ===
[2026-05-02 07:45:02] === SCRAPE START ===
[2026-05-02 07:45:02] Fetching https://waitz.io/live/ucsd-rec
[2026-05-02 07:45:03] Saved 4 rows to ucsd_occupancy_history.csv
[2026-05-02 07:45:03] Main Gym Fitness Gym: 5% (Closed) people=4 capacity=72 is_open=False hour_summary=Closed until 8:00am
[2026-05-02 07:45:03] Outback Climbing Center: 1% (Closed) people=0 capacity=30 is_open=False hour_summary=Closed until 11:00am
[2026-05-02 07:45:03] RIMAC Fitness Gym: 1% (Closed) people=1 capacity=150 is_open=False hour_summary=Closed until 8:00am
[2026-05-02 07:45:03] Triton Esports Center: 0% (Closed) people=0 capacity=35 is_open=False hour_summary=Closed until 11:00am
[2026-05-02 07:45:03] === SCRAPE END OK ===
[2026-05-02 08:00:02] === SCRAPE START ===
[2026-05-02 08:00:02] Fetching https://waitz.io/live/ucsd-rec
[2026-05-02 08:00:03] Saved 4 rows to ucsd_occupancy_history.csv
[2026-05-02 08:00:03] Main Gym Fitness Gym: 5% (Not Busy) people=4 capacity=72 is_open=True hour_summary=open
[2026-05-02 08:00:03] Outback Climbing Center: 0% (Closed) people=0 capacity=30 is_open=False hour_summary=Closed until 11:00am
[2026-05-02 08:00:03] RIMAC Fitness Gym: 0% (Not Busy) people=0 capacity=150 is_open=True hour_summary=open
[2026-05-02 08:00:03] Triton Esports Center: 0% (Closed) people=0 capacity=35 is_open=False hour_summary=Closed until 11:00am
[2026-05-02 08:00:03] === SCRAPE END OK ===
[2026-05-02 08:15:02] === SCRAPE START ===
[2026-05-02 08:15:02] Fetching https://waitz.io/live/ucsd-rec
[2026-05-02 08:15:03] Saved 4 rows to ucsd_occupancy_history.csv
[2026-05-02 08:15:03] Main Gym Fitness Gym: 4% (Not Busy) people=3 capacity=72 is_open=True hour_summary=open
[2026-05-02 08:15:03] Outback Climbing Center: 0% (Closed) people=0 capacity=30 is_open=False hour_summary=Closed until 11:00am
[2026-05-02 08:15:03] RIMAC Fitness Gym: 0% (Not Busy) people=1 capacity=150 is_open=True hour_summary=open
[2026-05-02 08:15:03] Triton Esports Center: 0% (Closed) people=0 capacity=35 is_open=False hour_summary=Closed until 11:00am
[2026-05-02 08:15:03] === SCRAPE END OK ===
[2026-05-02 08:30:02] === SCRAPE START ===
[2026-05-02 08:30:02] Fetching https://waitz.io/live/ucsd-rec
[2026-05-02 08:30:03] Saved 4 rows to ucsd_occupancy_history.csv
[2026-05-02 08:30:03] Main Gym Fitness Gym: 8% (Not Busy) people=6 capacity=72 is_open=True hour_summary=open
[2026-05-02 08:30:03] Outback Climbing Center: 0% (Closed) people=0 capacity=30 is_open=False hour_summary=Closed until 11:00am
[2026-05-02 08:30:03] RIMAC Fitness Gym: 0% (Not Busy) people=0 capacity=150 is_open=True hour_summary=open
[2026-05-02 08:30:03] Triton Esports Center: 0% (Closed) people=0 capacity=35 is_open=False hour_summary=Closed until 11:00am
[2026-05-02 08:30:03] === SCRAPE END OK ===
[2026-05-02 08:45:02] === SCRAPE START ===
[2026-05-02 08:45:02] Fetching https://waitz.io/live/ucsd-rec
[2026-05-02 08:45:03] Saved 4 rows to ucsd_occupancy_history.csv
[2026-05-02 08:45:03] Main Gym Fitness Gym: 15% (Not Busy) people=11 capacity=72 is_open=True hour_summary=open
[2026-05-02 08:45:03] Outback Climbing Center: 0% (Closed) people=0 capacity=30 is_open=False hour_summary=Closed until 11:00am
[2026-05-02 08:45:03] RIMAC Fitness Gym: 0% (Not Busy) people=0 capacity=150 is_open=True hour_summary=open
[2026-05-02 08:45:03] Triton Esports Center: 0% (Closed) people=0 capacity=35 is_open=False hour_summary=Closed until 11:00am
[2026-05-02 08:45:03] === SCRAPE END OK ===
[2026-05-02 09:00:02] === SCRAPE START ===
[2026-05-02 09:00:02] Fetching https://waitz.io/live/ucsd-rec
[2026-05-02 09:00:03] Saved 4 rows to ucsd_occupancy_history.csv
[2026-05-02 09:00:03] Main Gym Fitness Gym: 10% (Not Busy) people=7 capacity=72 is_open=True hour_summary=open
[2026-05-02 09:00:03] Outback Climbing Center: 1% (Closed) people=0 capacity=30 is_open=False hour_summary=Closed until 11:00am
[2026-05-02 09:00:03] RIMAC Fitness Gym: 0% (Not Busy) people=0 capacity=150 is_open=True hour_summary=open
[2026-05-02 09:00:03] Triton Esports Center: 0% (Closed) people=0 capacity=35 is_open=False hour_summary=Closed until 11:00am
[2026-05-02 09:00:03] === SCRAPE END OK ===
[2026-05-02 09:15:02] === SCRAPE START ===
[2026-05-02 09:15:02] Fetching https://waitz.io/live/ucsd-rec
[2026-05-02 09:15:03] Saved 4 rows to ucsd_occupancy_history.csv
[2026-05-02 09:15:03] Main Gym Fitness Gym: 20% (Not Busy) people=15 capacity=72 is_open=True hour_summary=open
[2026-05-02 09:15:03] Outback Climbing Center: 1% (Closed) people=0 capacity=30 is_open=False hour_summary=Closed until 11:00am
[2026-05-02 09:15:03] RIMAC Fitness Gym: 0% (Not Busy) people=0 capacity=150 is_open=True hour_summary=open
[2026-05-02 09:15:03] Triton Esports Center: 0% (Closed) people=0 capacity=35 is_open=False hour_summary=Closed until 11:00am
[2026-05-02 09:15:03] === SCRAPE END OK ===
[2026-05-02 09:30:02] === SCRAPE START ===
[2026-05-02 09:30:02] Fetching https://waitz.io/live/ucsd-rec
[2026-05-02 09:30:03] Saved 4 rows to ucsd_occupancy_history.csv
[2026-05-02 09:30:03] Main Gym Fitness Gym: 14% (Not Busy) people=10 capacity=72 is_open=True hour_summary=open
[2026-05-02 09:30:03] Outback Climbing Center: 2% (Closed) people=1 capacity=30 is_open=False hour_summary=Closed until 11:00am
[2026-05-02 09:30:03] RIMAC Fitness Gym: 0% (Not Busy) people=1 capacity=150 is_open=True hour_summary=open
[2026-05-02 09:30:03] Triton Esports Center: 0% (Closed) people=0 capacity=35 is_open=False hour_summary=Closed until 11:00am
[2026-05-02 09:30:03] === SCRAPE END OK ===
[2026-05-02 09:45:02] === SCRAPE START ===
[2026-05-02 09:45:02] Fetching https://waitz.io/live/ucsd-rec
[2026-05-02 09:45:03] Saved 4 rows to ucsd_occupancy_history.csv
[2026-05-02 09:45:03] Main Gym Fitness Gym: 25% (Not Busy) people=18 capacity=72 is_open=True hour_summary=open
[2026-05-02 09:45:03] Outback Climbing Center: 0% (Closed) people=0 capacity=30 is_open=False hour_summary=Closed until 11:00am
[2026-05-02 09:45:03] RIMAC Fitness Gym: 1% (Not Busy) people=1 capacity=150 is_open=True hour_summary=open
[2026-05-02 09:45:03] Triton Esports Center: 0% (Closed) people=0 capacity=35 is_open=False hour_summary=Closed until 11:00am
[2026-05-02 09:45:03] === SCRAPE END OK ===
[2026-05-02 10:00:02] === SCRAPE START ===
[2026-05-02 10:00:02] Fetching https://waitz.io/live/ucsd-rec
[2026-05-02 10:00:03] Saved 4 rows to ucsd_occupancy_history.csv
[2026-05-02 10:00:03] Main Gym Fitness Gym: 17% (Not Busy) people=12 capacity=72 is_open=True hour_summary=open
[2026-05-02 10:00:03] Outback Climbing Center: 0% (Closed) people=0 capacity=30 is_open=False hour_summary=Closed until 11:00am
[2026-05-02 10:00:03] RIMAC Fitness Gym: 0% (Not Busy) people=1 capacity=150 is_open=True hour_summary=open
[2026-05-02 10:00:03] Triton Esports Center: 0% (Closed) people=0 capacity=35 is_open=False hour_summary=Closed until 11:00am
[2026-05-02 10:00:03] === SCRAPE END OK ===
[2026-05-02 10:15:02] === SCRAPE START ===
[2026-05-02 10:15:02] Fetching https://waitz.io/live/ucsd-rec
[2026-05-02 10:15:03] Saved 4 rows to ucsd_occupancy_history.csv
[2026-05-02 10:15:03] Main Gym Fitness Gym: 4% (Not Busy) people=3 capacity=72 is_open=True hour_summary=open
[2026-05-02 10:15:03] Outback Climbing Center: 1% (Closed) people=0 capacity=30 is_open=False hour_summary=Closed until 11:00am
[2026-05-02 10:15:03] RIMAC Fitness Gym: 0% (Not Busy) people=0 capacity=150 is_open=True hour_summary=open
[2026-05-02 10:15:03] Triton Esports Center: 0% (Closed) people=0 capacity=35 is_open=False hour_summary=Closed until 11:00am
[2026-05-02 10:15:03] === SCRAPE END OK ===
[2026-05-02 10:30:02] === SCRAPE START ===
[2026-05-02 10:30:02] Fetching https://waitz.io/live/ucsd-rec
[2026-05-02 10:30:03] Saved 4 rows to ucsd_occupancy_history.csv
[2026-05-02 10:30:03] Main Gym Fitness Gym: 22% (Not Busy) people=16 capacity=72 is_open=True hour_summary=open
[2026-05-02 10:30:03] Outback Climbing Center: 3% (Closed) people=1 capacity=30 is_open=False hour_summary=Closed until 11:00am
[2026-05-02 10:30:03] RIMAC Fitness Gym: 1% (Not Busy) people=1 capacity=150 is_open=True hour_summary=open
[2026-05-02 10:30:03] Triton Esports Center: 0% (Closed) people=0 capacity=35 is_open=False hour_summary=Closed until 11:00am
[2026-05-02 10:30:03] === SCRAPE END OK ===
[2026-05-02 10:45:02] === SCRAPE START ===
[2026-05-02 10:45:02] Fetching https://waitz.io/live/ucsd-rec
[2026-05-02 10:45:03] Saved 4 rows to ucsd_occupancy_history.csv
[2026-05-02 10:45:03] Main Gym Fitness Gym: 13% (Not Busy) people=10 capacity=72 is_open=True hour_summary=open
[2026-05-02 10:45:03] Outback Climbing Center: 1% (Closed) people=0 capacity=30 is_open=False hour_summary=Closed until 11:00am
[2026-05-02 10:45:03] RIMAC Fitness Gym: 0% (Not Busy) people=1 capacity=150 is_open=True hour_summary=open
[2026-05-02 10:45:03] Triton Esports Center: 0% (Closed) people=0 capacity=35 is_open=False hour_summary=Closed until 11:00am
[2026-05-02 10:45:03] === SCRAPE END OK ===
[2026-05-02 11:00:02] === SCRAPE START ===
[2026-05-02 11:00:02] Fetching https://waitz.io/live/ucsd-rec
[2026-05-02 11:00:03] Saved 4 rows to ucsd_occupancy_history.csv
[2026-05-02 11:00:03] Main Gym Fitness Gym: 20% (Not Busy) people=15 capacity=72 is_open=True hour_summary=open
[2026-05-02 11:00:03] Outback Climbing Center: 1% (Not Busy) people=0 capacity=30 is_open=True hour_summary=open
[2026-05-02 11:00:03] RIMAC Fitness Gym: 1% (Not Busy) people=1 capacity=150 is_open=True hour_summary=open
[2026-05-02 11:00:03] Triton Esports Center: 0% (Not Busy) people=0 capacity=35 is_open=True hour_summary=open
[2026-05-02 11:00:03] === SCRAPE END OK ===
[2026-05-02 11:15:02] === SCRAPE START ===
[2026-05-02 11:15:02] Fetching https://waitz.io/live/ucsd-rec
[2026-05-02 11:15:03] Saved 4 rows to ucsd_occupancy_history.csv
[2026-05-02 11:15:03] Main Gym Fitness Gym: 22% (Not Busy) people=16 capacity=72 is_open=True hour_summary=open
[2026-05-02 11:15:03] Outback Climbing Center: 4% (Not Busy) people=1 capacity=30 is_open=True hour_summary=open
[2026-05-02 11:15:03] RIMAC Fitness Gym: 1% (Not Busy) people=1 capacity=150 is_open=True hour_summary=open
[2026-05-02 11:15:03] Triton Esports Center: 0% (Not Busy) people=0 capacity=35 is_open=True hour_summary=open
[2026-05-02 11:15:03] === SCRAPE END OK ===
[2026-05-02 11:30:03] === SCRAPE START ===
[2026-05-02 11:30:03] Fetching https://waitz.io/live/ucsd-rec
[2026-05-02 11:30:04] Saved 4 rows to ucsd_occupancy_history.csv
[2026-05-02 11:30:04] Main Gym Fitness Gym: 17% (Not Busy) people=12 capacity=72 is_open=True hour_summary=open
[2026-05-02 11:30:04] Outback Climbing Center: 1% (Not Busy) people=0 capacity=30 is_open=True hour_summary=open
[2026-05-02 11:30:04] RIMAC Fitness Gym: 0% (Not Busy) people=0 capacity=150 is_open=True hour_summary=open
[2026-05-02 11:30:04] Triton Esports Center: 0% (Not Busy) people=0 capacity=35 is_open=True hour_summary=open
[2026-05-02 11:30:04] === SCRAPE END OK ===
[2026-05-02 11:45:03] === SCRAPE START ===
[2026-05-02 11:45:03] Fetching https://waitz.io/live/ucsd-rec
[2026-05-02 11:45:04] Saved 4 rows to ucsd_occupancy_history.csv
[2026-05-02 11:45:04] Main Gym Fitness Gym: 14% (Not Busy) people=10 capacity=72 is_open=True hour_summary=open
[2026-05-02 11:45:04] Outback Climbing Center: 3% (Not Busy) people=1 capacity=30 is_open=True hour_summary=open
[2026-05-02 11:45:04] RIMAC Fitness Gym: 0% (Not Busy) people=1 capacity=150 is_open=True hour_summary=open
[2026-05-02 11:45:04] Triton Esports Center: 0% (Not Busy) people=0 capacity=35 is_open=True hour_summary=open
[2026-05-02 11:45:04] === SCRAPE END OK ===
[2026-05-02 12:00:02] === SCRAPE START ===
[2026-05-02 12:00:02] Fetching https://waitz.io/live/ucsd-rec
[2026-05-02 12:00:03] Saved 4 rows to ucsd_occupancy_history.csv
[2026-05-02 12:00:03] Main Gym Fitness Gym: 11% (Not Busy) people=8 capacity=72 is_open=True hour_summary=open
[2026-05-02 12:00:03] Outback Climbing Center: 1% (Not Busy) people=0 capacity=30 is_open=True hour_summary=open
[2026-05-02 12:00:03] RIMAC Fitness Gym: 0% (Not Busy) people=0 capacity=150 is_open=True hour_summary=open
[2026-05-02 12:00:03] Triton Esports Center: 0% (Not Busy) people=0 capacity=35 is_open=True hour_summary=open
[2026-05-02 12:00:03] === SCRAPE END OK ===
[2026-05-02 12:15:02] === SCRAPE START ===
[2026-05-02 12:15:02] Fetching https://waitz.io/live/ucsd-rec
[2026-05-02 12:15:03] Saved 4 rows to ucsd_occupancy_history.csv
[2026-05-02 12:15:03] Main Gym Fitness Gym: 5% (Not Busy) people=4 capacity=72 is_open=True hour_summary=open
[2026-05-02 12:15:03] Outback Climbing Center: 2% (Not Busy) people=0 capacity=30 is_open=True hour_summary=open
[2026-05-02 12:15:03] RIMAC Fitness Gym: 0% (Not Busy) people=0 capacity=150 is_open=True hour_summary=open
[2026-05-02 12:15:03] Triton Esports Center: 0% (Not Busy) people=0 capacity=35 is_open=True hour_summary=open
[2026-05-02 12:15:03] === SCRAPE END OK ===
[2026-05-02 12:30:02] === SCRAPE START ===
[2026-05-02 12:30:02] Fetching https://waitz.io/live/ucsd-rec
[2026-05-02 12:30:03] Saved 4 rows to ucsd_occupancy_history.csv
[2026-05-02 12:30:03] Main Gym Fitness Gym: 15% (Not Busy) people=11 capacity=72 is_open=True hour_summary=open
[2026-05-02 12:30:03] Outback Climbing Center: 1% (Not Busy) people=0 capacity=30 is_open=True hour_summary=open
[2026-05-02 12:30:03] RIMAC Fitness Gym: 0% (Not Busy) people=0 capacity=150 is_open=True hour_summary=open
[2026-05-02 12:30:03] Triton Esports Center: 0% (Not Busy) people=0 capacity=35 is_open=True hour_summary=open
[2026-05-02 12:30:03] === SCRAPE END OK ===
[2026-05-02 12:45:02] === SCRAPE START ===
[2026-05-02 12:45:02] Fetching https://waitz.io/live/ucsd-rec
[2026-05-02 12:45:03] Saved 4 rows to ucsd_occupancy_history.csv
[2026-05-02 12:45:03] Main Gym Fitness Gym: 13% (Not Busy) people=9 capacity=72 is_open=True hour_summary=open
[2026-05-02 12:45:03] Outback Climbing Center: 1% (Not Busy) people=0 capacity=30 is_open=True hour_summary=open
[2026-05-02 12:45:03] RIMAC Fitness Gym: 1% (Not Busy) people=1 capacity=150 is_open=True hour_summary=open
[2026-05-02 12:45:03] Triton Esports Center: 0% (Not Busy) people=0 capacity=35 is_open=True hour_summary=open
[2026-05-02 12:45:03] === SCRAPE END OK ===
[2026-05-02 13:00:02] === SCRAPE START ===
[2026-05-02 13:00:02] Fetching https://waitz.io/live/ucsd-rec
[2026-05-02 13:00:03] Saved 4 rows to ucsd_occupancy_history.csv
[2026-05-02 13:00:03] Main Gym Fitness Gym: 9% (Not Busy) people=6 capacity=72 is_open=True hour_summary=open
[2026-05-02 13:00:03] Outback Climbing Center: 2% (Not Busy) people=0 capacity=30 is_open=True hour_summary=open
[2026-05-02 13:00:03] RIMAC Fitness Gym: 0% (Not Busy) people=1 capacity=150 is_open=True hour_summary=open
[2026-05-02 13:00:03] Triton Esports Center: 0% (Not Busy) people=0 capacity=35 is_open=True hour_summary=open
[2026-05-02 13:00:03] === SCRAPE END OK ===
[2026-05-02 13:15:02] === SCRAPE START ===
[2026-05-02 13:15:02] Fetching https://waitz.io/live/ucsd-rec
[2026-05-02 13:15:03] Saved 4 rows to ucsd_occupancy_history.csv
[2026-05-02 13:15:03] Main Gym Fitness Gym: 4% (Not Busy) people=3 capacity=72 is_open=True hour_summary=open
[2026-05-02 13:15:03] Outback Climbing Center: 0% (Not Busy) people=0 capacity=30 is_open=True hour_summary=open
[2026-05-02 13:15:03] RIMAC Fitness Gym: 0% (Not Busy) people=1 capacity=150 is_open=True hour_summary=open
[2026-05-02 13:15:03] Triton Esports Center: 0% (Not Busy) people=0 capacity=35 is_open=True hour_summary=open
[2026-05-02 13:15:03] === SCRAPE END OK ===
[2026-05-02 13:30:02] === SCRAPE START ===
[2026-05-02 13:30:02] Fetching https://waitz.io/live/ucsd-rec
[2026-05-02 13:30:03] Saved 4 rows to ucsd_occupancy_history.csv
[2026-05-02 13:30:03] Main Gym Fitness Gym: 2% (Not Busy) people=1 capacity=72 is_open=True hour_summary=open
[2026-05-02 13:30:03] Outback Climbing Center: 2% (Not Busy) people=1 capacity=30 is_open=True hour_summary=open
[2026-05-02 13:30:03] RIMAC Fitness Gym: 0% (Not Busy) people=0 capacity=150 is_open=True hour_summary=open
[2026-05-02 13:30:03] Triton Esports Center: 0% (Not Busy) people=0 capacity=35 is_open=True hour_summary=open
[2026-05-02 13:30:03] === SCRAPE END OK ===
[2026-05-02 13:45:02] === SCRAPE START ===
[2026-05-02 13:45:02] Fetching https://waitz.io/live/ucsd-rec
[2026-05-02 13:45:03] Saved 4 rows to ucsd_occupancy_history.csv
[2026-05-02 13:45:03] Main Gym Fitness Gym: 3% (Not Busy) people=2 capacity=72 is_open=True hour_summary=open
[2026-05-02 13:45:03] Outback Climbing Center: 0% (Not Busy) people=0 capacity=30 is_open=True hour_summary=open
[2026-05-02 13:45:03] RIMAC Fitness Gym: 0% (Not Busy) people=0 capacity=150 is_open=True hour_summary=open
[2026-05-02 13:45:03] Triton Esports Center: 0% (Not Busy) people=0 capacity=35 is_open=True hour_summary=open
[2026-05-02 13:45:03] === SCRAPE END OK ===
[2026-05-02 14:00:02] === SCRAPE START ===
[2026-05-02 14:00:02] Fetching https://waitz.io/live/ucsd-rec
[2026-05-02 14:00:03] Saved 4 rows to ucsd_occupancy_history.csv
[2026-05-02 14:00:03] Main Gym Fitness Gym: 4% (Not Busy) people=3 capacity=72 is_open=True hour_summary=open
[2026-05-02 14:00:03] Outback Climbing Center: 1% (Not Busy) people=0 capacity=30 is_open=True hour_summary=open
[2026-05-02 14:00:03] RIMAC Fitness Gym: 1% (Not Busy) people=1 capacity=150 is_open=True hour_summary=open
[2026-05-02 14:00:03] Triton Esports Center: 0% (Not Busy) people=0 capacity=35 is_open=True hour_summary=open
[2026-05-02 14:00:03] === SCRAPE END OK ===
[2026-05-02 14:15:02] === SCRAPE START ===
[2026-05-02 14:15:02] Fetching https://waitz.io/live/ucsd-rec
[2026-05-02 14:15:03] Saved 4 rows to ucsd_occupancy_history.csv
[2026-05-02 14:15:03] Main Gym Fitness Gym: 11% (Not Busy) people=8 capacity=72 is_open=True hour_summary=open
[2026-05-02 14:15:03] Outback Climbing Center: 2% (Not Busy) people=1 capacity=30 is_open=True hour_summary=open
[2026-05-02 14:15:03] RIMAC Fitness Gym: 0% (Not Busy) people=1 capacity=150 is_open=True hour_summary=open
[2026-05-02 14:15:03] Triton Esports Center: 0% (Not Busy) people=0 capacity=35 is_open=True hour_summary=open
[2026-05-02 14:15:03] === SCRAPE END OK ===
[2026-05-02 14:30:02] === SCRAPE START ===
[2026-05-02 14:30:02] Fetching https://waitz.io/live/ucsd-rec
[2026-05-02 14:30:03] Saved 4 rows to ucsd_occupancy_history.csv
[2026-05-02 14:30:03] Main Gym Fitness Gym: 3% (Not Busy) people=2 capacity=72 is_open=True hour_summary=open
[2026-05-02 14:30:03] Outback Climbing Center: 1% (Not Busy) people=0 capacity=30 is_open=True hour_summary=open
[2026-05-02 14:30:03] RIMAC Fitness Gym: 1% (Not Busy) people=2 capacity=150 is_open=True hour_summary=open
[2026-05-02 14:30:03] Triton Esports Center: 0% (Not Busy) people=0 capacity=35 is_open=True hour_summary=open
[2026-05-02 14:30:03] === SCRAPE END OK ===
[2026-05-02 14:45:02] === SCRAPE START ===
[2026-05-02 14:45:02] Fetching https://waitz.io/live/ucsd-rec
[2026-05-02 14:45:03] Saved 4 rows to ucsd_occupancy_history.csv
[2026-05-02 14:45:03] Main Gym Fitness Gym: 1% (Not Busy) people=1 capacity=72 is_open=True hour_summary=open
[2026-05-02 14:45:03] Outback Climbing Center: 1% (Not Busy) people=0 capacity=30 is_open=True hour_summary=open
[2026-05-02 14:45:03] RIMAC Fitness Gym: 1% (Not Busy) people=1 capacity=150 is_open=True hour_summary=open
[2026-05-02 14:45:03] Triton Esports Center: 0% (Not Busy) people=0 capacity=35 is_open=True hour_summary=open
[2026-05-02 14:45:03] === SCRAPE END OK ===
[2026-05-02 15:00:02] === SCRAPE START ===
[2026-05-02 15:00:02] Fetching https://waitz.io/live/ucsd-rec
[2026-05-02 15:00:03] Saved 4 rows to ucsd_occupancy_history.csv
[2026-05-02 15:00:03] Main Gym Fitness Gym: 1% (Not Busy) people=1 capacity=72 is_open=True hour_summary=open
[2026-05-02 15:00:03] Outback Climbing Center: 1% (Not Busy) people=0 capacity=30 is_open=True hour_summary=open
[2026-05-02 15:00:03] RIMAC Fitness Gym: 1% (Not Busy) people=1 capacity=150 is_open=True hour_summary=open
[2026-05-02 15:00:03] Triton Esports Center: 0% (Not Busy) people=0 capacity=35 is_open=True hour_summary=open
[2026-05-02 15:00:03] === SCRAPE END OK ===
[2026-05-02 15:15:02] === SCRAPE START ===
[2026-05-02 15:15:02] Fetching https://waitz.io/live/ucsd-rec
[2026-05-02 15:15:03] Saved 4 rows to ucsd_occupancy_history.csv
[2026-05-02 15:15:03] Main Gym Fitness Gym: 2% (Not Busy) people=1 capacity=72 is_open=True hour_summary=open
[2026-05-02 15:15:03] Outback Climbing Center: 0% (Not Busy) people=0 capacity=30 is_open=True hour_summary=open
[2026-05-02 15:15:03] RIMAC Fitness Gym: 1% (Not Busy) people=1 capacity=150 is_open=True hour_summary=open
[2026-05-02 15:15:03] Triton Esports Center: 0% (Not Busy) people=0 capacity=35 is_open=True hour_summary=open
[2026-05-02 15:15:03] === SCRAPE END OK ===
[2026-05-02 15:30:02] === SCRAPE START ===
[2026-05-02 15:30:02] Fetching https://waitz.io/live/ucsd-rec
[2026-05-02 15:30:03] Saved 4 rows to ucsd_occupancy_history.csv
[2026-05-02 15:30:03] Main Gym Fitness Gym: 5% (Not Busy) people=3 capacity=72 is_open=True hour_summary=open
[2026-05-02 15:30:03] Outback Climbing Center: 3% (Not Busy) people=1 capacity=30 is_open=True hour_summary=open
[2026-05-02 15:30:03] RIMAC Fitness Gym: 1% (Not Busy) people=2 capacity=150 is_open=True hour_summary=open
[2026-05-02 15:30:03] Triton Esports Center: 0% (Not Busy) people=0 capacity=35 is_open=True hour_summary=open
[2026-05-02 15:30:03] === SCRAPE END OK ===
[2026-05-02 15:45:02] === SCRAPE START ===
[2026-05-02 15:45:02] Fetching https://waitz.io/live/ucsd-rec
[2026-05-02 15:45:03] Saved 4 rows to ucsd_occupancy_history.csv
[2026-05-02 15:45:03] Main Gym Fitness Gym: 6% (Not Busy) people=4 capacity=72 is_open=True hour_summary=open
[2026-05-02 15:45:03] Outback Climbing Center: 1% (Not Busy) people=0 capacity=30 is_open=True hour_summary=open
[2026-05-02 15:45:03] RIMAC Fitness Gym: 1% (Not Busy) people=2 capacity=150 is_open=True hour_summary=open
[2026-05-02 15:45:03] Triton Esports Center: 0% (Not Busy) people=0 capacity=35 is_open=True hour_summary=open
[2026-05-02 15:45:03] === SCRAPE END OK ===
[2026-05-02 16:00:02] === SCRAPE START ===
[2026-05-02 16:00:02] Fetching https://waitz.io/live/ucsd-rec
[2026-05-02 16:00:03] Saved 4 rows to ucsd_occupancy_history.csv
[2026-05-02 16:00:03] Main Gym Fitness Gym: 3% (Not Busy) people=2 capacity=72 is_open=True hour_summary=open
[2026-05-02 16:00:03] Outback Climbing Center: 1% (Closed) people=0 capacity=30 is_open=False hour_summary=Closed until 4:00pm
[2026-05-02 16:00:03] RIMAC Fitness Gym: 1% (Not Busy) people=1 capacity=150 is_open=True hour_summary=open
[2026-05-02 16:00:03] Triton Esports Center: 0% (Not Busy) people=0 capacity=35 is_open=True hour_summary=open
[2026-05-02 16:00:03] === SCRAPE END OK ===
[2026-05-02 16:15:02] === SCRAPE START ===
[2026-05-02 16:15:02] Fetching https://waitz.io/live/ucsd-rec
[2026-05-02 16:15:03] Saved 4 rows to ucsd_occupancy_history.csv
[2026-05-02 16:15:03] Main Gym Fitness Gym: 1% (Not Busy) people=1 capacity=72 is_open=True hour_summary=open
[2026-05-02 16:15:03] Outback Climbing Center: 0% (Closed) people=0 capacity=30 is_open=False hour_summary=Closed until 4:00pm
[2026-05-02 16:15:03] RIMAC Fitness Gym: 1% (Not Busy) people=1 capacity=150 is_open=True hour_summary=open
[2026-05-02 16:15:03] Triton Esports Center: 1% (Not Busy) people=0 capacity=35 is_open=True hour_summary=open
[2026-05-02 16:15:03] === SCRAPE END OK ===
[2026-05-02 16:30:02] === SCRAPE START ===
[2026-05-02 16:30:02] Fetching https://waitz.io/live/ucsd-rec
[2026-05-02 16:30:03] Saved 4 rows to ucsd_occupancy_history.csv
[2026-05-02 16:30:03] Main Gym Fitness Gym: 1% (Not Busy) people=1 capacity=72 is_open=True hour_summary=open
[2026-05-02 16:30:03] Outback Climbing Center: 1% (Closed) people=0 capacity=30 is_open=False hour_summary=Closed until 4:00pm
[2026-05-02 16:30:03] RIMAC Fitness Gym: 0% (Not Busy) people=0 capacity=150 is_open=True hour_summary=open
[2026-05-02 16:30:03] Triton Esports Center: 1% (Not Busy) people=1 capacity=35 is_open=True hour_summary=open
[2026-05-02 16:30:03] === SCRAPE END OK ===
[2026-05-02 16:45:02] === SCRAPE START ===
[2026-05-02 16:45:02] Fetching https://waitz.io/live/ucsd-rec
[2026-05-02 16:45:03] Saved 4 rows to ucsd_occupancy_history.csv
[2026-05-02 16:45:03] Main Gym Fitness Gym: 2% (Not Busy) people=1 capacity=72 is_open=True hour_summary=open
[2026-05-02 16:45:03] Outback Climbing Center: 0% (Closed) people=0 capacity=30 is_open=False hour_summary=Closed until 4:00pm
[2026-05-02 16:45:03] RIMAC Fitness Gym: 1% (Not Busy) people=1 capacity=150 is_open=True hour_summary=open
[2026-05-02 16:45:03] Triton Esports Center: 0% (Not Busy) people=0 capacity=35 is_open=True hour_summary=open
[2026-05-02 16:45:03] === SCRAPE END OK ===
[2026-05-02 17:00:02] === SCRAPE START ===
[2026-05-02 17:00:02] Fetching https://waitz.io/live/ucsd-rec
[2026-05-02 17:00:03] Saved 4 rows to ucsd_occupancy_history.csv
[2026-05-02 17:00:03] Main Gym Fitness Gym: 1% (Not Busy) people=1 capacity=72 is_open=True hour_summary=open
[2026-05-02 17:00:03] Outback Climbing Center: 0% (Closed) people=0 capacity=30 is_open=False hour_summary=Closed until 4:00pm
[2026-05-02 17:00:03] RIMAC Fitness Gym: 0% (Not Busy) people=1 capacity=150 is_open=True hour_summary=open
[2026-05-02 17:00:03] Triton Esports Center: 0% (Not Busy) people=0 capacity=35 is_open=True hour_summary=open
[2026-05-02 17:00:03] === SCRAPE END OK ===
[2026-05-02 17:15:04] === SCRAPE START ===
[2026-05-02 17:15:04] Fetching https://waitz.io/live/ucsd-rec
[2026-05-02 17:15:05] Saved 4 rows to ucsd_occupancy_history.csv
[2026-05-02 17:15:05] Main Gym Fitness Gym: 1% (Not Busy) people=1 capacity=72 is_open=True hour_summary=open
[2026-05-02 17:15:05] Outback Climbing Center: 1% (Closed) people=0 capacity=30 is_open=False hour_summary=Closed until 4:00pm
[2026-05-02 17:15:05] RIMAC Fitness Gym: 0% (Not Busy) people=0 capacity=150 is_open=True hour_summary=open
[2026-05-02 17:15:05] Triton Esports Center: 1% (Not Busy) people=0 capacity=35 is_open=True hour_summary=open
[2026-05-02 17:15:05] === SCRAPE END OK ===
[2026-05-02 17:30:02] === SCRAPE START ===
[2026-05-02 17:30:02] Fetching https://waitz.io/live/ucsd-rec
[2026-05-02 17:30:03] Saved 4 rows to ucsd_occupancy_history.csv
[2026-05-02 17:30:03] Main Gym Fitness Gym: 5% (Not Busy) people=4 capacity=72 is_open=True hour_summary=open
[2026-05-02 17:30:03] Outback Climbing Center: 0% (Closed) people=0 capacity=30 is_open=False hour_summary=Closed until 4:00pm
[2026-05-02 17:30:03] RIMAC Fitness Gym: 0% (Not Busy) people=0 capacity=150 is_open=True hour_summary=open
[2026-05-02 17:30:03] Triton Esports Center: 1% (Not Busy) people=0 capacity=35 is_open=True hour_summary=open
[2026-05-02 17:30:03] === SCRAPE END OK ===
[2026-05-02 17:45:02] === SCRAPE START ===
[2026-05-02 17:45:02] Fetching https://waitz.io/live/ucsd-rec
[2026-05-02 17:45:03] Saved 4 rows to ucsd_occupancy_history.csv
[2026-05-02 17:45:03] Main Gym Fitness Gym: 6% (Not Busy) people=4 capacity=72 is_open=True hour_summary=open
[2026-05-02 17:45:03] Outback Climbing Center: 0% (Closed) people=0 capacity=30 is_open=False hour_summary=Closed until 4:00pm
[2026-05-02 17:45:03] RIMAC Fitness Gym: 1% (Not Busy) people=1 capacity=150 is_open=True hour_summary=open
[2026-05-02 17:45:03] Triton Esports Center: 1% (Not Busy) people=0 capacity=35 is_open=True hour_summary=open
[2026-05-02 17:45:03] === SCRAPE END OK ===
[2026-05-02 18:00:02] === SCRAPE START ===
[2026-05-02 18:00:02] Fetching https://waitz.io/live/ucsd-rec
[2026-05-02 18:00:03] Saved 4 rows to ucsd_occupancy_history.csv
[2026-05-02 18:00:03] Main Gym Fitness Gym: 7% (Not Busy) people=5 capacity=72 is_open=True hour_summary=open
[2026-05-02 18:00:03] Outback Climbing Center: 0% (Closed) people=0 capacity=30 is_open=False hour_summary=Closed until 4:00pm
[2026-05-02 18:00:03] RIMAC Fitness Gym: 0% (Not Busy) people=1 capacity=150 is_open=True hour_summary=open
[2026-05-02 18:00:03] Triton Esports Center: 1% (Not Busy) people=0 capacity=35 is_open=True hour_summary=open
[2026-05-02 18:00:03] === SCRAPE END OK ===
[2026-05-02 18:15:02] === SCRAPE START ===
[2026-05-02 18:15:02] Fetching https://waitz.io/live/ucsd-rec
[2026-05-02 18:15:03] Saved 4 rows to ucsd_occupancy_history.csv
[2026-05-02 18:15:03] Main Gym Fitness Gym: 42% (Not Busy) people=31 capacity=72 is_open=True hour_summary=open
[2026-05-02 18:15:03] Outback Climbing Center: 0% (Closed) people=0 capacity=30 is_open=False hour_summary=Closed until 4:00pm
[2026-05-02 18:15:03] RIMAC Fitness Gym: 0% (Not Busy) people=1 capacity=150 is_open=True hour_summary=open
[2026-05-02 18:15:03] Triton Esports Center: 1% (Not Busy) people=0 capacity=35 is_open=True hour_summary=open
[2026-05-02 18:15:03] === SCRAPE END OK ===
[2026-05-02 18:30:02] === SCRAPE START ===
[2026-05-02 18:30:02] Fetching https://waitz.io/live/ucsd-rec
[2026-05-02 18:30:03] Saved 4 rows to ucsd_occupancy_history.csv
[2026-05-02 18:30:03] Main Gym Fitness Gym: 5% (Not Busy) people=4 capacity=72 is_open=True hour_summary=open
[2026-05-02 18:30:03] Outback Climbing Center: 0% (Closed) people=0 capacity=30 is_open=False hour_summary=Closed until 4:00pm
[2026-05-02 18:30:03] RIMAC Fitness Gym: 0% (Not Busy) people=1 capacity=150 is_open=True hour_summary=open
[2026-05-02 18:30:03] Triton Esports Center: 1% (Not Busy) people=0 capacity=35 is_open=True hour_summary=open
[2026-05-02 18:30:03] === SCRAPE END OK ===
[2026-05-02 18:45:03] === SCRAPE START ===
[2026-05-02 18:45:03] Fetching https://waitz.io/live/ucsd-rec
[2026-05-02 18:45:04] Saved 4 rows to ucsd_occupancy_history.csv
[2026-05-02 18:45:04] Main Gym Fitness Gym: 3% (Not Busy) people=2 capacity=72 is_open=True hour_summary=open
[2026-05-02 18:45:04] Outback Climbing Center: 2% (Closed) people=1 capacity=30 is_open=False hour_summary=Closed until 4:00pm
[2026-05-02 18:45:04] RIMAC Fitness Gym: 1% (Not Busy) people=1 capacity=150 is_open=True hour_summary=open
[2026-05-02 18:45:04] Triton Esports Center: 1% (Not Busy) people=0 capacity=35 is_open=True hour_summary=open
[2026-05-02 18:45:04] === SCRAPE END OK ===
[2026-05-02 19:00:02] === SCRAPE START ===
[2026-05-02 19:00:02] Fetching https://waitz.io/live/ucsd-rec
[2026-05-02 19:00:04] Saved 4 rows to ucsd_occupancy_history.csv
[2026-05-02 19:00:04] Main Gym Fitness Gym: 3% (Not Busy) people=2 capacity=72 is_open=True hour_summary=open
[2026-05-02 19:00:04] Outback Climbing Center: 3% (Closed) people=1 capacity=30 is_open=False hour_summary=Closed until 4:00pm
[2026-05-02 19:00:04] RIMAC Fitness Gym: 0% (Not Busy) people=1 capacity=150 is_open=True hour_summary=open
[2026-05-02 19:00:04] Triton Esports Center: 2% (Not Busy) people=1 capacity=35 is_open=True hour_summary=open
[2026-05-02 19:00:04] === SCRAPE END OK ===
[2026-05-02 19:15:02] === SCRAPE START ===
[2026-05-02 19:15:02] Fetching https://waitz.io/live/ucsd-rec
[2026-05-02 19:15:03] Saved 4 rows to ucsd_occupancy_history.csv
[2026-05-02 19:15:03] Main Gym Fitness Gym: 1% (Not Busy) people=1 capacity=72 is_open=True hour_summary=open
[2026-05-02 19:15:03] Outback Climbing Center: 1% (Closed) people=0 capacity=30 is_open=False hour_summary=Closed until 4:00pm
[2026-05-02 19:15:03] RIMAC Fitness Gym: 0% (Not Busy) people=0 capacity=150 is_open=True hour_summary=open
[2026-05-02 19:15:03] Triton Esports Center: 1% (Not Busy) people=0 capacity=35 is_open=True hour_summary=open
[2026-05-02 19:15:03] === SCRAPE END OK ===
[2026-05-02 19:30:02] === SCRAPE START ===
[2026-05-02 19:30:02] Fetching https://waitz.io/live/ucsd-rec
[2026-05-02 19:30:03] Saved 4 rows to ucsd_occupancy_history.csv
[2026-05-02 19:30:03] Main Gym Fitness Gym: 4% (Not Busy) people=3 capacity=72 is_open=True hour_summary=open
[2026-05-02 19:30:03] Outback Climbing Center: 0% (Closed) people=0 capacity=30 is_open=False hour_summary=Closed until 4:00pm
[2026-05-02 19:30:03] RIMAC Fitness Gym: 0% (Not Busy) people=1 capacity=150 is_open=True hour_summary=open
[2026-05-02 19:30:03] Triton Esports Center: 0% (Not Busy) people=0 capacity=35 is_open=True hour_summary=open
[2026-05-02 19:30:03] === SCRAPE END OK ===
[2026-05-02 19:45:02] === SCRAPE START ===
[2026-05-02 19:45:02] Fetching https://waitz.io/live/ucsd-rec
[2026-05-02 19:45:03] Saved 4 rows to ucsd_occupancy_history.csv
[2026-05-02 19:45:03] Main Gym Fitness Gym: 1% (Not Busy) people=1 capacity=72 is_open=True hour_summary=open
[2026-05-02 19:45:03] Outback Climbing Center: 0% (Closed) people=0 capacity=30 is_open=False hour_summary=Closed until 4:00pm
[2026-05-02 19:45:03] RIMAC Fitness Gym: 1% (Not Busy) people=1 capacity=150 is_open=True hour_summary=open
[2026-05-02 19:45:03] Triton Esports Center: 0% (Not Busy) people=0 capacity=35 is_open=True hour_summary=open
[2026-05-02 19:45:03] === SCRAPE END OK ===
[2026-05-02 20:00:02] === SCRAPE START ===
[2026-05-02 20:00:02] Fetching https://waitz.io/live/ucsd-rec
[2026-05-02 20:00:03] Saved 4 rows to ucsd_occupancy_history.csv
[2026-05-02 20:00:03] Main Gym Fitness Gym: 1% (Not Busy) people=1 capacity=72 is_open=True hour_summary=open
[2026-05-02 20:00:03] Outback Climbing Center: 1% (Closed) people=0 capacity=30 is_open=False hour_summary=Closed until 4:00pm
[2026-05-02 20:00:03] RIMAC Fitness Gym: 1% (Not Busy) people=1 capacity=150 is_open=True hour_summary=open
[2026-05-02 20:00:03] Triton Esports Center: 0% (Not Busy) people=0 capacity=35 is_open=True hour_summary=open
[2026-05-02 20:00:03] === SCRAPE END OK ===
[2026-05-02 20:15:02] === SCRAPE START ===
[2026-05-02 20:15:02] Fetching https://waitz.io/live/ucsd-rec
[2026-05-02 20:15:03] Saved 4 rows to ucsd_occupancy_history.csv
[2026-05-02 20:15:03] Main Gym Fitness Gym: 2% (Not Busy) people=1 capacity=72 is_open=True hour_summary=open
[2026-05-02 20:15:03] Outback Climbing Center: 0% (Closed) people=0 capacity=30 is_open=False hour_summary=Closed until 4:00pm
[2026-05-02 20:15:03] RIMAC Fitness Gym: 0% (Not Busy) people=1 capacity=150 is_open=True hour_summary=open
[2026-05-02 20:15:03] Triton Esports Center: 1% (Not Busy) people=0 capacity=35 is_open=True hour_summary=open
[2026-05-02 20:15:03] === SCRAPE END OK ===
[2026-05-02 20:30:02] === SCRAPE START ===
[2026-05-02 20:30:02] Fetching https://waitz.io/live/ucsd-rec
[2026-05-02 20:30:03] Saved 4 rows to ucsd_occupancy_history.csv
[2026-05-02 20:30:03] Main Gym Fitness Gym: 8% (Not Busy) people=6 capacity=72 is_open=True hour_summary=open
[2026-05-02 20:30:03] Outback Climbing Center: 0% (Closed) people=0 capacity=30 is_open=False hour_summary=Closed until 4:00pm
[2026-05-02 20:30:03] RIMAC Fitness Gym: 0% (Not Busy) people=1 capacity=150 is_open=True hour_summary=open
[2026-05-02 20:30:03] Triton Esports Center: 1% (Not Busy) people=0 capacity=35 is_open=True hour_summary=open
[2026-05-02 20:30:03] === SCRAPE END OK ===
[2026-05-02 20:45:02] === SCRAPE START ===
[2026-05-02 20:45:02] Fetching https://waitz.io/live/ucsd-rec
[2026-05-02 20:45:03] Saved 4 rows to ucsd_occupancy_history.csv
[2026-05-02 20:45:03] Main Gym Fitness Gym: 1% (Not Busy) people=1 capacity=72 is_open=True hour_summary=open
[2026-05-02 20:45:03] Outback Climbing Center: 0% (Closed) people=0 capacity=30 is_open=False hour_summary=Closed until 4:00pm
[2026-05-02 20:45:03] RIMAC Fitness Gym: 0% (Not Busy) people=1 capacity=150 is_open=True hour_summary=open
[2026-05-02 20:45:03] Triton Esports Center: 1% (Not Busy) people=0 capacity=35 is_open=True hour_summary=open
[2026-05-02 20:45:03] === SCRAPE END OK ===
[2026-05-02 21:00:02] === SCRAPE START ===
[2026-05-02 21:00:02] Fetching https://waitz.io/live/ucsd-rec
[2026-05-02 21:00:03] Saved 4 rows to ucsd_occupancy_history.csv
[2026-05-02 21:00:03] Main Gym Fitness Gym: 1% (Not Busy) people=1 capacity=72 is_open=True hour_summary=open
[2026-05-02 21:00:03] Outback Climbing Center: 0% (Closed) people=0 capacity=30 is_open=False hour_summary=Closed until 4:00pm
[2026-05-02 21:00:03] RIMAC Fitness Gym: 0% (Not Busy) people=0 capacity=150 is_open=True hour_summary=open
[2026-05-02 21:00:03] Triton Esports Center: 0% (Not Busy) people=0 capacity=35 is_open=True hour_summary=open
[2026-05-02 21:00:03] === SCRAPE END OK ===
[2026-05-02 21:15:02] === SCRAPE START ===
[2026-05-02 21:15:02] Fetching https://waitz.io/live/ucsd-rec
[2026-05-02 21:15:03] Saved 4 rows to ucsd_occupancy_history.csv
[2026-05-02 21:15:03] Main Gym Fitness Gym: 1% (Not Busy) people=1 capacity=72 is_open=True hour_summary=open
[2026-05-02 21:15:03] Outback Climbing Center: 0% (Closed) people=0 capacity=30 is_open=False hour_summary=Closed until 4:00pm
[2026-05-02 21:15:03] RIMAC Fitness Gym: 0% (Not Busy) people=0 capacity=150 is_open=True hour_summary=open
[2026-05-02 21:15:03] Triton Esports Center: 0% (Not Busy) people=0 capacity=35 is_open=True hour_summary=open
[2026-05-02 21:15:03] === SCRAPE END OK ===
[2026-05-02 21:30:02] === SCRAPE START ===
[2026-05-02 21:30:02] Fetching https://waitz.io/live/ucsd-rec
[2026-05-02 21:30:03] Saved 4 rows to ucsd_occupancy_history.csv
[2026-05-02 21:30:03] Main Gym Fitness Gym: 1% (Not Busy) people=1 capacity=72 is_open=True hour_summary=open
[2026-05-02 21:30:03] Outback Climbing Center: 5% (Closed) people=2 capacity=30 is_open=False hour_summary=Closed until 4:00pm
[2026-05-02 21:30:03] RIMAC Fitness Gym: 1% (Not Busy) people=1 capacity=150 is_open=True hour_summary=open
[2026-05-02 21:30:03] Triton Esports Center: 1% (Not Busy) people=0 capacity=35 is_open=True hour_summary=open
[2026-05-02 21:30:03] === SCRAPE END OK ===
[2026-05-02 21:45:02] === SCRAPE START ===
[2026-05-02 21:45:02] Fetching https://waitz.io/live/ucsd-rec
[2026-05-02 21:45:03] Saved 4 rows to ucsd_occupancy_history.csv
[2026-05-02 21:45:03] Main Gym Fitness Gym: 1% (Not Busy) people=1 capacity=72 is_open=True hour_summary=open
[2026-05-02 21:45:03] Outback Climbing Center: 0% (Closed) people=0 capacity=30 is_open=False hour_summary=Closed until 4:00pm
[2026-05-02 21:45:03] RIMAC Fitness Gym: 1% (Not Busy) people=1 capacity=150 is_open=True hour_summary=open
[2026-05-02 21:45:03] Triton Esports Center: 1% (Not Busy) people=0 capacity=35 is_open=True hour_summary=open
[2026-05-02 21:45:03] === SCRAPE END OK ===
