[2026-06-30 00:00:01] === SCRAPE START ===
[2026-06-30 00:00:01] Fetching https://waitz.io/live/ucsd-rec
[2026-06-30 00:00:03] Saved 4 rows to ucsd_occupancy_history.csv
[2026-06-30 00:00:03] Main Gym Fitness Gym: 1% (Closed) people=1 capacity=72 is_open=False hour_summary=closed
[2026-06-30 00:00:03] Outback Climbing Center: 15% (Closed) people=5 capacity=30 is_open=False hour_summary=closed
[2026-06-30 00:00:03] RIMAC Fitness Gym: 1% (Closed) people=1 capacity=150 is_open=False hour_summary=Closed until 6:00am
[2026-06-30 00:00:03] Triton Esports Center: 0% (Closed) people=0 capacity=35 is_open=False hour_summary=closed
[2026-06-30 00:00:03] === SCRAPE END OK ===
[2026-06-30 00:15:03] === SCRAPE START ===
[2026-06-30 00:15:03] Fetching https://waitz.io/live/ucsd-rec
[2026-06-30 00:15:04] Saved 4 rows to ucsd_occupancy_history.csv
[2026-06-30 00:15:04] Main Gym Fitness Gym: 1% (Closed) people=1 capacity=72 is_open=False hour_summary=closed
[2026-06-30 00:15:04] Outback Climbing Center: 14% (Closed) people=4 capacity=30 is_open=False hour_summary=closed
[2026-06-30 00:15:04] RIMAC Fitness Gym: 0% (Closed) people=0 capacity=150 is_open=False hour_summary=Closed until 6:00am
[2026-06-30 00:15:04] Triton Esports Center: 0% (Closed) people=0 capacity=35 is_open=False hour_summary=closed
[2026-06-30 00:15:04] === SCRAPE END OK ===
[2026-06-30 00:30:04] === SCRAPE START ===
[2026-06-30 00:30:04] Fetching https://waitz.io/live/ucsd-rec
[2026-06-30 00:30:05] Saved 4 rows to ucsd_occupancy_history.csv
[2026-06-30 00:30:05] Main Gym Fitness Gym: 2% (Closed) people=1 capacity=72 is_open=False hour_summary=closed
[2026-06-30 00:30:05] Outback Climbing Center: 15% (Closed) people=5 capacity=30 is_open=False hour_summary=closed
[2026-06-30 00:30:05] RIMAC Fitness Gym: 1% (Closed) people=1 capacity=150 is_open=False hour_summary=Closed until 6:00am
[2026-06-30 00:30:05] Triton Esports Center: 0% (Closed) people=0 capacity=35 is_open=False hour_summary=closed
[2026-06-30 00:30:05] === SCRAPE END OK ===
[2026-06-30 00:45:02] === SCRAPE START ===
[2026-06-30 00:45:02] Fetching https://waitz.io/live/ucsd-rec
[2026-06-30 00:45:03] Saved 4 rows to ucsd_occupancy_history.csv
[2026-06-30 00:45:03] Main Gym Fitness Gym: 1% (Closed) people=1 capacity=72 is_open=False hour_summary=closed
[2026-06-30 00:45:03] Outback Climbing Center: 14% (Closed) people=4 capacity=30 is_open=False hour_summary=closed
[2026-06-30 00:45:03] RIMAC Fitness Gym: 0% (Closed) people=0 capacity=150 is_open=False hour_summary=Closed until 6:00am
[2026-06-30 00:45:03] Triton Esports Center: 0% (Closed) people=0 capacity=35 is_open=False hour_summary=closed
[2026-06-30 00:45:03] === SCRAPE END OK ===
[2026-06-30 01:00:02] === SCRAPE START ===
[2026-06-30 01:00:02] Fetching https://waitz.io/live/ucsd-rec
[2026-06-30 01:00:04] Saved 4 rows to ucsd_occupancy_history.csv
[2026-06-30 01:00:04] Main Gym Fitness Gym: 1% (Closed) people=1 capacity=72 is_open=False hour_summary=closed
[2026-06-30 01:00:04] Outback Climbing Center: 13% (Closed) people=4 capacity=30 is_open=False hour_summary=closed
[2026-06-30 01:00:04] RIMAC Fitness Gym: 0% (Closed) people=0 capacity=150 is_open=False hour_summary=Closed until 6:00am
[2026-06-30 01:00:04] Triton Esports Center: 0% (Closed) people=0 capacity=35 is_open=False hour_summary=closed
[2026-06-30 01:00:04] === SCRAPE END OK ===
[2026-06-30 01:15:02] === SCRAPE START ===
[2026-06-30 01:15:02] Fetching https://waitz.io/live/ucsd-rec
[2026-06-30 01:15:03] Saved 4 rows to ucsd_occupancy_history.csv
[2026-06-30 01:15:03] Main Gym Fitness Gym: 1% (Closed) people=1 capacity=72 is_open=False hour_summary=closed
[2026-06-30 01:15:03] Outback Climbing Center: 13% (Closed) people=4 capacity=30 is_open=False hour_summary=closed
[2026-06-30 01:15:03] RIMAC Fitness Gym: 0% (Closed) people=1 capacity=150 is_open=False hour_summary=Closed until 6:00am
[2026-06-30 01:15:03] Triton Esports Center: 0% (Closed) people=0 capacity=35 is_open=False hour_summary=closed
[2026-06-30 01:15:03] === SCRAPE END OK ===
[2026-06-30 01:30:02] === SCRAPE START ===
[2026-06-30 01:30:02] Fetching https://waitz.io/live/ucsd-rec
[2026-06-30 01:30:04] Saved 4 rows to ucsd_occupancy_history.csv
[2026-06-30 01:30:04] Main Gym Fitness Gym: 1% (Closed) people=1 capacity=72 is_open=False hour_summary=closed
[2026-06-30 01:30:04] Outback Climbing Center: 13% (Closed) people=4 capacity=30 is_open=False hour_summary=closed
[2026-06-30 01:30:04] RIMAC Fitness Gym: 1% (Closed) people=1 capacity=150 is_open=False hour_summary=Closed until 6:00am
[2026-06-30 01:30:04] Triton Esports Center: 0% (Closed) people=0 capacity=35 is_open=False hour_summary=closed
[2026-06-30 01:30:04] === SCRAPE END OK ===
[2026-06-30 01:45:02] === SCRAPE START ===
[2026-06-30 01:45:02] Fetching https://waitz.io/live/ucsd-rec
[2026-06-30 01:45:03] Saved 4 rows to ucsd_occupancy_history.csv
[2026-06-30 01:45:03] Main Gym Fitness Gym: 1% (Closed) people=1 capacity=72 is_open=False hour_summary=closed
[2026-06-30 01:45:03] Outback Climbing Center: 13% (Closed) people=4 capacity=30 is_open=False hour_summary=closed
[2026-06-30 01:45:03] RIMAC Fitness Gym: 0% (Closed) people=1 capacity=150 is_open=False hour_summary=Closed until 6:00am
[2026-06-30 01:45:03] Triton Esports Center: 0% (Closed) people=0 capacity=35 is_open=False hour_summary=closed
[2026-06-30 01:45:03] === SCRAPE END OK ===
[2026-06-30 02:00:02] === SCRAPE START ===
[2026-06-30 02:00:02] Fetching https://waitz.io/live/ucsd-rec
[2026-06-30 02:00:04] Saved 4 rows to ucsd_occupancy_history.csv
[2026-06-30 02:00:04] Main Gym Fitness Gym: 1% (Closed) people=0 capacity=72 is_open=False hour_summary=closed
[2026-06-30 02:00:04] Outback Climbing Center: 11% (Closed) people=3 capacity=30 is_open=False hour_summary=closed
[2026-06-30 02:00:04] RIMAC Fitness Gym: 0% (Closed) people=1 capacity=150 is_open=False hour_summary=Closed until 6:00am
[2026-06-30 02:00:04] Triton Esports Center: 0% (Closed) people=0 capacity=35 is_open=False hour_summary=closed
[2026-06-30 02:00:04] === SCRAPE END OK ===
[2026-06-30 02:15:02] === SCRAPE START ===
[2026-06-30 02:15:02] Fetching https://waitz.io/live/ucsd-rec
[2026-06-30 02:15:03] Saved 4 rows to ucsd_occupancy_history.csv
[2026-06-30 02:15:03] Main Gym Fitness Gym: 0% (Closed) people=0 capacity=72 is_open=False hour_summary=closed
[2026-06-30 02:15:03] Outback Climbing Center: 15% (Closed) people=4 capacity=30 is_open=False hour_summary=closed
[2026-06-30 02:15:03] RIMAC Fitness Gym: 0% (Closed) people=0 capacity=150 is_open=False hour_summary=Closed until 6:00am
[2026-06-30 02:15:03] Triton Esports Center: 0% (Closed) people=0 capacity=35 is_open=False hour_summary=closed
[2026-06-30 02:15:03] === SCRAPE END OK ===
[2026-06-30 02:30:02] === SCRAPE START ===
[2026-06-30 02:30:02] Fetching https://waitz.io/live/ucsd-rec
[2026-06-30 02:30:04] Saved 4 rows to ucsd_occupancy_history.csv
[2026-06-30 02:30:04] Main Gym Fitness Gym: 1% (Closed) people=0 capacity=72 is_open=False hour_summary=closed
[2026-06-30 02:30:04] Outback Climbing Center: 14% (Closed) people=4 capacity=30 is_open=False hour_summary=closed
[2026-06-30 02:30:04] RIMAC Fitness Gym: 0% (Closed) people=0 capacity=150 is_open=False hour_summary=Closed until 6:00am
[2026-06-30 02:30:04] Triton Esports Center: 0% (Closed) people=0 capacity=35 is_open=False hour_summary=closed
[2026-06-30 02:30:04] === SCRAPE END OK ===
[2026-06-30 02:45:03] === SCRAPE START ===
[2026-06-30 02:45:03] Fetching https://waitz.io/live/ucsd-rec
[2026-06-30 02:45:04] Saved 4 rows to ucsd_occupancy_history.csv
[2026-06-30 02:45:04] Main Gym Fitness Gym: 0% (Closed) people=0 capacity=72 is_open=False hour_summary=closed
[2026-06-30 02:45:04] Outback Climbing Center: 12% (Closed) people=3 capacity=30 is_open=False hour_summary=closed
[2026-06-30 02:45:04] RIMAC Fitness Gym: 0% (Closed) people=1 capacity=150 is_open=False hour_summary=Closed until 6:00am
[2026-06-30 02:45:04] Triton Esports Center: 0% (Closed) people=0 capacity=35 is_open=False hour_summary=closed
[2026-06-30 02:45:04] === SCRAPE END OK ===
[2026-06-30 03:00:02] === SCRAPE START ===
[2026-06-30 03:00:02] Fetching https://waitz.io/live/ucsd-rec
[2026-06-30 03:00:04] Saved 4 rows to ucsd_occupancy_history.csv
[2026-06-30 03:00:04] Main Gym Fitness Gym: 1% (Closed) people=0 capacity=72 is_open=False hour_summary=closed
[2026-06-30 03:00:04] Outback Climbing Center: 11% (Closed) people=3 capacity=30 is_open=False hour_summary=closed
[2026-06-30 03:00:04] RIMAC Fitness Gym: 0% (Closed) people=0 capacity=150 is_open=False hour_summary=Closed until 6:00am
[2026-06-30 03:00:04] Triton Esports Center: 0% (Closed) people=0 capacity=35 is_open=False hour_summary=closed
[2026-06-30 03:00:04] === SCRAPE END OK ===
[2026-06-30 03:15:02] === SCRAPE START ===
[2026-06-30 03:15:02] Fetching https://waitz.io/live/ucsd-rec
[2026-06-30 03:15:03] Saved 4 rows to ucsd_occupancy_history.csv
[2026-06-30 03:15:03] Main Gym Fitness Gym: 0% (Closed) people=0 capacity=72 is_open=False hour_summary=closed
[2026-06-30 03:15:03] Outback Climbing Center: 13% (Closed) people=4 capacity=30 is_open=False hour_summary=closed
[2026-06-30 03:15:03] RIMAC Fitness Gym: 0% (Closed) people=0 capacity=150 is_open=False hour_summary=Closed until 6:00am
[2026-06-30 03:15:03] Triton Esports Center: 0% (Closed) people=0 capacity=35 is_open=False hour_summary=closed
[2026-06-30 03:15:03] === SCRAPE END OK ===
[2026-06-30 03:30:02] === SCRAPE START ===
[2026-06-30 03:30:02] Fetching https://waitz.io/live/ucsd-rec
[2026-06-30 03:30:04] Saved 4 rows to ucsd_occupancy_history.csv
[2026-06-30 03:30:04] Main Gym Fitness Gym: 0% (Closed) people=0 capacity=72 is_open=False hour_summary=closed
[2026-06-30 03:30:04] Outback Climbing Center: 13% (Closed) people=4 capacity=30 is_open=False hour_summary=closed
[2026-06-30 03:30:04] RIMAC Fitness Gym: 0% (Closed) people=1 capacity=150 is_open=False hour_summary=Closed until 6:00am
[2026-06-30 03:30:04] Triton Esports Center: 0% (Closed) people=0 capacity=35 is_open=False hour_summary=closed
[2026-06-30 03:30:04] === SCRAPE END OK ===
[2026-06-30 03:45:02] === SCRAPE START ===
[2026-06-30 03:45:02] Fetching https://waitz.io/live/ucsd-rec
[2026-06-30 03:45:03] Saved 4 rows to ucsd_occupancy_history.csv
[2026-06-30 03:45:03] Main Gym Fitness Gym: 0% (Closed) people=0 capacity=72 is_open=False hour_summary=closed
[2026-06-30 03:45:03] Outback Climbing Center: 14% (Closed) people=4 capacity=30 is_open=False hour_summary=closed
[2026-06-30 03:45:03] RIMAC Fitness Gym: 0% (Closed) people=0 capacity=150 is_open=False hour_summary=Closed until 6:00am
[2026-06-30 03:45:03] Triton Esports Center: 0% (Closed) people=0 capacity=35 is_open=False hour_summary=closed
[2026-06-30 03:45:03] === SCRAPE END OK ===
[2026-06-30 04:00:02] === SCRAPE START ===
[2026-06-30 04:00:02] Fetching https://waitz.io/live/ucsd-rec
[2026-06-30 04:00:04] Saved 4 rows to ucsd_occupancy_history.csv
[2026-06-30 04:00:04] Main Gym Fitness Gym: 0% (Closed) people=0 capacity=72 is_open=False hour_summary=closed
[2026-06-30 04:00:04] Outback Climbing Center: 11% (Closed) people=3 capacity=30 is_open=False hour_summary=closed
[2026-06-30 04:00:04] RIMAC Fitness Gym: 0% (Closed) people=0 capacity=150 is_open=False hour_summary=Closed until 6:00am
[2026-06-30 04:00:04] Triton Esports Center: 0% (Closed) people=0 capacity=35 is_open=False hour_summary=closed
[2026-06-30 04:00:04] === SCRAPE END OK ===
[2026-06-30 04:15:02] === SCRAPE START ===
[2026-06-30 04:15:02] Fetching https://waitz.io/live/ucsd-rec
[2026-06-30 04:15:03] Saved 4 rows to ucsd_occupancy_history.csv
[2026-06-30 04:15:03] Main Gym Fitness Gym: 1% (Closed) people=0 capacity=72 is_open=False hour_summary=closed
[2026-06-30 04:15:03] Outback Climbing Center: 15% (Closed) people=5 capacity=30 is_open=False hour_summary=closed
[2026-06-30 04:15:03] RIMAC Fitness Gym: 0% (Closed) people=1 capacity=150 is_open=False hour_summary=Closed until 6:00am
[2026-06-30 04:15:03] Triton Esports Center: 0% (Closed) people=0 capacity=35 is_open=False hour_summary=closed
[2026-06-30 04:15:03] === SCRAPE END OK ===
[2026-06-30 04:30:02] === SCRAPE START ===
[2026-06-30 04:30:02] Fetching https://waitz.io/live/ucsd-rec
[2026-06-30 04:30:03] Saved 4 rows to ucsd_occupancy_history.csv
[2026-06-30 04:30:03] Main Gym Fitness Gym: 1% (Closed) people=0 capacity=72 is_open=False hour_summary=closed
[2026-06-30 04:30:03] Outback Climbing Center: 15% (Closed) people=4 capacity=30 is_open=False hour_summary=closed
[2026-06-30 04:30:03] RIMAC Fitness Gym: 0% (Closed) people=0 capacity=150 is_open=False hour_summary=Closed until 6:00am
[2026-06-30 04:30:03] Triton Esports Center: 0% (Closed) people=0 capacity=35 is_open=False hour_summary=closed
[2026-06-30 04:30:03] === SCRAPE END OK ===
[2026-06-30 04:45:03] === SCRAPE START ===
[2026-06-30 04:45:03] Fetching https://waitz.io/live/ucsd-rec
[2026-06-30 04:45:04] Saved 4 rows to ucsd_occupancy_history.csv
[2026-06-30 04:45:04] Main Gym Fitness Gym: 0% (Closed) people=0 capacity=72 is_open=False hour_summary=closed
[2026-06-30 04:45:04] Outback Climbing Center: 12% (Closed) people=4 capacity=30 is_open=False hour_summary=closed
[2026-06-30 04:45:04] RIMAC Fitness Gym: 0% (Closed) people=1 capacity=150 is_open=False hour_summary=Closed until 6:00am
[2026-06-30 04:45:04] Triton Esports Center: 0% (Closed) people=0 capacity=35 is_open=False hour_summary=closed
[2026-06-30 04:45:04] === SCRAPE END OK ===
[2026-06-30 05:00:02] === SCRAPE START ===
[2026-06-30 05:00:02] Fetching https://waitz.io/live/ucsd-rec
[2026-06-30 05:00:04] Saved 4 rows to ucsd_occupancy_history.csv
[2026-06-30 05:00:04] Main Gym Fitness Gym: 0% (Closed) people=0 capacity=72 is_open=False hour_summary=closed
[2026-06-30 05:00:04] Outback Climbing Center: 11% (Closed) people=3 capacity=30 is_open=False hour_summary=closed
[2026-06-30 05:00:04] RIMAC Fitness Gym: 0% (Closed) people=0 capacity=150 is_open=False hour_summary=Closed until 6:00am
[2026-06-30 05:00:04] Triton Esports Center: 0% (Closed) people=0 capacity=35 is_open=False hour_summary=closed
[2026-06-30 05:00:04] === SCRAPE END OK ===
[2026-06-30 05:15:02] === SCRAPE START ===
[2026-06-30 05:15:02] Fetching https://waitz.io/live/ucsd-rec
[2026-06-30 05:15:03] Saved 4 rows to ucsd_occupancy_history.csv
[2026-06-30 05:15:03] Main Gym Fitness Gym: 1% (Closed) people=0 capacity=72 is_open=False hour_summary=closed
[2026-06-30 05:15:03] Outback Climbing Center: 14% (Closed) people=4 capacity=30 is_open=False hour_summary=closed
[2026-06-30 05:15:03] RIMAC Fitness Gym: 0% (Closed) people=0 capacity=150 is_open=False hour_summary=Closed until 6:00am
[2026-06-30 05:15:03] Triton Esports Center: 0% (Closed) people=0 capacity=35 is_open=False hour_summary=closed
[2026-06-30 05:15:03] === SCRAPE END OK ===
[2026-06-30 05:30:02] === SCRAPE START ===
[2026-06-30 05:30:02] Fetching https://waitz.io/live/ucsd-rec
[2026-06-30 05:30:04] Saved 4 rows to ucsd_occupancy_history.csv
[2026-06-30 05:30:04] Main Gym Fitness Gym: 1% (Closed) people=1 capacity=72 is_open=False hour_summary=closed
[2026-06-30 05:30:04] Outback Climbing Center: 14% (Closed) people=4 capacity=30 is_open=False hour_summary=closed
[2026-06-30 05:30:04] RIMAC Fitness Gym: 0% (Closed) people=1 capacity=150 is_open=False hour_summary=Closed until 6:00am
[2026-06-30 05:30:04] Triton Esports Center: 0% (Closed) people=0 capacity=35 is_open=False hour_summary=closed
[2026-06-30 05:30:04] === SCRAPE END OK ===
[2026-06-30 05:45:02] === SCRAPE START ===
[2026-06-30 05:45:02] Fetching https://waitz.io/live/ucsd-rec
[2026-06-30 05:45:03] Saved 4 rows to ucsd_occupancy_history.csv
[2026-06-30 05:45:03] Main Gym Fitness Gym: 1% (Closed) people=1 capacity=72 is_open=False hour_summary=closed
[2026-06-30 05:45:03] Outback Climbing Center: 11% (Closed) people=3 capacity=30 is_open=False hour_summary=closed
[2026-06-30 05:45:03] RIMAC Fitness Gym: 0% (Closed) people=0 capacity=150 is_open=False hour_summary=Closed until 6:00am
[2026-06-30 05:45:03] Triton Esports Center: 0% (Closed) people=0 capacity=35 is_open=False hour_summary=closed
[2026-06-30 05:45:03] === SCRAPE END OK ===
[2026-06-30 06:00:02] === SCRAPE START ===
[2026-06-30 06:00:02] Fetching https://waitz.io/live/ucsd-rec
[2026-06-30 06:00:04] Saved 4 rows to ucsd_occupancy_history.csv
[2026-06-30 06:00:04] Main Gym Fitness Gym: 1% (Closed) people=1 capacity=72 is_open=False hour_summary=closed
[2026-06-30 06:00:04] Outback Climbing Center: 7% (Closed) people=2 capacity=30 is_open=False hour_summary=closed
[2026-06-30 06:00:04] RIMAC Fitness Gym: 1% (Not Busy) people=1 capacity=150 is_open=True hour_summary=open
[2026-06-30 06:00:04] Triton Esports Center: 0% (Closed) people=0 capacity=35 is_open=False hour_summary=closed
[2026-06-30 06:00:04] === SCRAPE END OK ===
[2026-06-30 06:15:02] === SCRAPE START ===
[2026-06-30 06:15:02] Fetching https://waitz.io/live/ucsd-rec
[2026-06-30 06:15:03] Saved 4 rows to ucsd_occupancy_history.csv
[2026-06-30 06:15:03] Main Gym Fitness Gym: 1% (Closed) people=1 capacity=72 is_open=False hour_summary=closed
[2026-06-30 06:15:03] Outback Climbing Center: 7% (Closed) people=2 capacity=30 is_open=False hour_summary=closed
[2026-06-30 06:15:03] RIMAC Fitness Gym: 4% (Not Busy) people=5 capacity=150 is_open=True hour_summary=open
[2026-06-30 06:15:03] Triton Esports Center: 0% (Closed) people=0 capacity=35 is_open=False hour_summary=closed
[2026-06-30 06:15:03] === SCRAPE END OK ===
[2026-06-30 06:30:03] === SCRAPE START ===
[2026-06-30 06:30:03] Fetching https://waitz.io/live/ucsd-rec
[2026-06-30 06:30:04] Saved 4 rows to ucsd_occupancy_history.csv
[2026-06-30 06:30:04] Main Gym Fitness Gym: 1% (Closed) people=1 capacity=72 is_open=False hour_summary=closed
[2026-06-30 06:30:04] Outback Climbing Center: 11% (Closed) people=3 capacity=30 is_open=False hour_summary=closed
[2026-06-30 06:30:04] RIMAC Fitness Gym: 9% (Not Busy) people=13 capacity=150 is_open=True hour_summary=open
[2026-06-30 06:30:04] Triton Esports Center: 0% (Closed) people=0 capacity=35 is_open=False hour_summary=closed
[2026-06-30 06:30:04] === SCRAPE END OK ===
[2026-06-30 06:45:02] === SCRAPE START ===
[2026-06-30 06:45:02] Fetching https://waitz.io/live/ucsd-rec
[2026-06-30 06:45:03] Saved 4 rows to ucsd_occupancy_history.csv
[2026-06-30 06:45:03] Main Gym Fitness Gym: 1% (Closed) people=1 capacity=72 is_open=False hour_summary=closed
[2026-06-30 06:45:03] Outback Climbing Center: 13% (Closed) people=4 capacity=30 is_open=False hour_summary=closed
[2026-06-30 06:45:03] RIMAC Fitness Gym: 11% (Not Busy) people=16 capacity=150 is_open=True hour_summary=open
[2026-06-30 06:45:03] Triton Esports Center: 0% (Closed) people=0 capacity=35 is_open=False hour_summary=closed
[2026-06-30 06:45:03] === SCRAPE END OK ===
[2026-06-30 07:00:02] === SCRAPE START ===
[2026-06-30 07:00:02] Fetching https://waitz.io/live/ucsd-rec
[2026-06-30 07:00:04] Saved 4 rows to ucsd_occupancy_history.csv
[2026-06-30 07:00:04] Main Gym Fitness Gym: 2% (Closed) people=1 capacity=72 is_open=False hour_summary=closed
[2026-06-30 07:00:04] Outback Climbing Center: 13% (Closed) people=4 capacity=30 is_open=False hour_summary=closed
[2026-06-30 07:00:04] RIMAC Fitness Gym: 10% (Not Busy) people=15 capacity=150 is_open=True hour_summary=open
[2026-06-30 07:00:04] Triton Esports Center: 0% (Closed) people=0 capacity=35 is_open=False hour_summary=closed
[2026-06-30 07:00:04] === SCRAPE END OK ===
[2026-06-30 07:15:02] === SCRAPE START ===
[2026-06-30 07:15:02] Fetching https://waitz.io/live/ucsd-rec
[2026-06-30 07:15:03] Saved 4 rows to ucsd_occupancy_history.csv
[2026-06-30 07:15:03] Main Gym Fitness Gym: 2% (Closed) people=1 capacity=72 is_open=False hour_summary=closed
[2026-06-30 07:15:03] Outback Climbing Center: 13% (Closed) people=4 capacity=30 is_open=False hour_summary=closed
[2026-06-30 07:15:03] RIMAC Fitness Gym: 16% (Not Busy) people=25 capacity=150 is_open=True hour_summary=open
[2026-06-30 07:15:03] Triton Esports Center: 0% (Closed) people=0 capacity=35 is_open=False hour_summary=closed
[2026-06-30 07:15:03] === SCRAPE END OK ===
[2026-06-30 07:30:02] === SCRAPE START ===
[2026-06-30 07:30:02] Fetching https://waitz.io/live/ucsd-rec
[2026-06-30 07:30:04] Saved 4 rows to ucsd_occupancy_history.csv
[2026-06-30 07:30:04] Main Gym Fitness Gym: 1% (Closed) people=1 capacity=72 is_open=False hour_summary=closed
[2026-06-30 07:30:04] Outback Climbing Center: 11% (Closed) people=3 capacity=30 is_open=False hour_summary=closed
[2026-06-30 07:30:04] RIMAC Fitness Gym: 12% (Not Busy) people=19 capacity=150 is_open=True hour_summary=open
[2026-06-30 07:30:04] Triton Esports Center: 0% (Closed) people=0 capacity=35 is_open=False hour_summary=closed
[2026-06-30 07:30:04] === SCRAPE END OK ===
[2026-06-30 07:45:02] === SCRAPE START ===
[2026-06-30 07:45:02] Fetching https://waitz.io/live/ucsd-rec
[2026-06-30 07:45:03] Saved 4 rows to ucsd_occupancy_history.csv
[2026-06-30 07:45:03] Main Gym Fitness Gym: 9% (Closed) people=6 capacity=72 is_open=False hour_summary=closed
[2026-06-30 07:45:03] Outback Climbing Center: 13% (Closed) people=4 capacity=30 is_open=False hour_summary=closed
[2026-06-30 07:45:03] RIMAC Fitness Gym: 11% (Not Busy) people=16 capacity=150 is_open=True hour_summary=open
[2026-06-30 07:45:03] Triton Esports Center: 0% (Closed) people=0 capacity=35 is_open=False hour_summary=closed
[2026-06-30 07:45:03] === SCRAPE END OK ===
[2026-06-30 08:00:02] === SCRAPE START ===
[2026-06-30 08:00:02] Fetching https://waitz.io/live/ucsd-rec
[2026-06-30 08:00:04] Saved 4 rows to ucsd_occupancy_history.csv
[2026-06-30 08:00:04] Main Gym Fitness Gym: 16% (Closed) people=11 capacity=72 is_open=False hour_summary=closed
[2026-06-30 08:00:04] Outback Climbing Center: 14% (Closed) people=4 capacity=30 is_open=False hour_summary=closed
[2026-06-30 08:00:04] RIMAC Fitness Gym: 11% (Not Busy) people=16 capacity=150 is_open=True hour_summary=open
[2026-06-30 08:00:04] Triton Esports Center: 0% (Closed) people=0 capacity=35 is_open=False hour_summary=closed
[2026-06-30 08:00:04] === SCRAPE END OK ===
[2026-06-30 08:15:02] === SCRAPE START ===
[2026-06-30 08:15:02] Fetching https://waitz.io/live/ucsd-rec
[2026-06-30 08:15:03] Saved 4 rows to ucsd_occupancy_history.csv
[2026-06-30 08:15:03] Main Gym Fitness Gym: 12% (Closed) people=8 capacity=72 is_open=False hour_summary=closed
[2026-06-30 08:15:03] Outback Climbing Center: 13% (Closed) people=4 capacity=30 is_open=False hour_summary=closed
[2026-06-30 08:15:03] RIMAC Fitness Gym: 11% (Not Busy) people=17 capacity=150 is_open=True hour_summary=open
[2026-06-30 08:15:03] Triton Esports Center: 0% (Closed) people=0 capacity=35 is_open=False hour_summary=closed
[2026-06-30 08:15:03] === SCRAPE END OK ===
[2026-06-30 08:30:02] === SCRAPE START ===
[2026-06-30 08:30:02] Fetching https://waitz.io/live/ucsd-rec
[2026-06-30 08:30:04] Saved 4 rows to ucsd_occupancy_history.csv
[2026-06-30 08:30:04] Main Gym Fitness Gym: 11% (Closed) people=8 capacity=72 is_open=False hour_summary=closed
[2026-06-30 08:30:04] Outback Climbing Center: 13% (Closed) people=4 capacity=30 is_open=False hour_summary=closed
[2026-06-30 08:30:04] RIMAC Fitness Gym: 17% (Not Busy) people=25 capacity=150 is_open=True hour_summary=open
[2026-06-30 08:30:04] Triton Esports Center: 0% (Closed) people=0 capacity=35 is_open=False hour_summary=closed
[2026-06-30 08:30:04] === SCRAPE END OK ===
[2026-06-30 08:45:02] === SCRAPE START ===
[2026-06-30 08:45:02] Fetching https://waitz.io/live/ucsd-rec
[2026-06-30 08:45:03] Saved 4 rows to ucsd_occupancy_history.csv
[2026-06-30 08:45:03] Main Gym Fitness Gym: 13% (Closed) people=10 capacity=72 is_open=False hour_summary=closed
[2026-06-30 08:45:03] Outback Climbing Center: 25% (Closed) people=8 capacity=30 is_open=False hour_summary=closed
[2026-06-30 08:45:03] RIMAC Fitness Gym: 16% (Not Busy) people=24 capacity=150 is_open=True hour_summary=open
[2026-06-30 08:45:03] Triton Esports Center: 0% (Closed) people=0 capacity=35 is_open=False hour_summary=closed
[2026-06-30 08:45:03] === SCRAPE END OK ===
[2026-06-30 09:00:02] === SCRAPE START ===
[2026-06-30 09:00:02] Fetching https://waitz.io/live/ucsd-rec
[2026-06-30 09:00:04] Saved 4 rows to ucsd_occupancy_history.csv
[2026-06-30 09:00:04] Main Gym Fitness Gym: 15% (Closed) people=11 capacity=72 is_open=False hour_summary=closed
[2026-06-30 09:00:04] Outback Climbing Center: 6% (Closed) people=2 capacity=30 is_open=False hour_summary=closed
[2026-06-30 09:00:04] RIMAC Fitness Gym: 18% (Not Busy) people=28 capacity=150 is_open=True hour_summary=open
[2026-06-30 09:00:04] Triton Esports Center: 0% (Closed) people=0 capacity=35 is_open=False hour_summary=closed
[2026-06-30 09:00:04] === SCRAPE END OK ===
[2026-06-30 09:15:02] === SCRAPE START ===
[2026-06-30 09:15:02] Fetching https://waitz.io/live/ucsd-rec
[2026-06-30 09:15:03] Saved 4 rows to ucsd_occupancy_history.csv
[2026-06-30 09:15:03] Main Gym Fitness Gym: 55% (Closed) people=39 capacity=72 is_open=False hour_summary=closed
[2026-06-30 09:15:03] Outback Climbing Center: 8% (Closed) people=3 capacity=30 is_open=False hour_summary=closed
[2026-06-30 09:15:03] RIMAC Fitness Gym: 17% (Not Busy) people=25 capacity=150 is_open=True hour_summary=open
[2026-06-30 09:15:03] Triton Esports Center: 0% (Closed) people=0 capacity=35 is_open=False hour_summary=closed
[2026-06-30 09:15:03] === SCRAPE END OK ===
[2026-06-30 09:30:02] === SCRAPE START ===
[2026-06-30 09:30:02] Fetching https://waitz.io/live/ucsd-rec
[2026-06-30 09:30:04] Saved 4 rows to ucsd_occupancy_history.csv
[2026-06-30 09:30:04] Main Gym Fitness Gym: 46% (Closed) people=33 capacity=72 is_open=False hour_summary=closed
[2026-06-30 09:30:04] Outback Climbing Center: 13% (Closed) people=4 capacity=30 is_open=False hour_summary=closed
[2026-06-30 09:30:04] RIMAC Fitness Gym: 13% (Not Busy) people=20 capacity=150 is_open=True hour_summary=open
[2026-06-30 09:30:04] Triton Esports Center: 0% (Closed) people=0 capacity=35 is_open=False hour_summary=closed
[2026-06-30 09:30:04] === SCRAPE END OK ===
[2026-06-30 09:45:02] === SCRAPE START ===
[2026-06-30 09:45:02] Fetching https://waitz.io/live/ucsd-rec
[2026-06-30 09:45:03] Saved 4 rows to ucsd_occupancy_history.csv
[2026-06-30 09:45:03] Main Gym Fitness Gym: 56% (Closed) people=40 capacity=72 is_open=False hour_summary=closed
[2026-06-30 09:45:03] Outback Climbing Center: 16% (Closed) people=5 capacity=30 is_open=False hour_summary=closed
[2026-06-30 09:45:03] RIMAC Fitness Gym: 13% (Not Busy) people=20 capacity=150 is_open=True hour_summary=open
[2026-06-30 09:45:03] Triton Esports Center: 0% (Closed) people=0 capacity=35 is_open=False hour_summary=closed
[2026-06-30 09:45:03] === SCRAPE END OK ===
[2026-06-30 10:00:02] === SCRAPE START ===
[2026-06-30 10:00:02] Fetching https://waitz.io/live/ucsd-rec
[2026-06-30 10:00:04] Saved 4 rows to ucsd_occupancy_history.csv
[2026-06-30 10:00:04] Main Gym Fitness Gym: 49% (Closed) people=36 capacity=72 is_open=False hour_summary=closed
[2026-06-30 10:00:04] Outback Climbing Center: 15% (Closed) people=4 capacity=30 is_open=False hour_summary=closed
[2026-06-30 10:00:04] RIMAC Fitness Gym: 16% (Not Busy) people=24 capacity=150 is_open=True hour_summary=open
[2026-06-30 10:00:04] Triton Esports Center: 0% (Closed) people=0 capacity=35 is_open=False hour_summary=closed
[2026-06-30 10:00:04] === SCRAPE END OK ===
[2026-06-30 10:15:02] === SCRAPE START ===
[2026-06-30 10:15:02] Fetching https://waitz.io/live/ucsd-rec
[2026-06-30 10:15:03] Saved 4 rows to ucsd_occupancy_history.csv
[2026-06-30 10:15:03] Main Gym Fitness Gym: 67% (Closed) people=48 capacity=72 is_open=False hour_summary=closed
[2026-06-30 10:15:03] Outback Climbing Center: 10% (Closed) people=3 capacity=30 is_open=False hour_summary=closed
[2026-06-30 10:15:03] RIMAC Fitness Gym: 19% (Not Busy) people=28 capacity=150 is_open=True hour_summary=open
[2026-06-30 10:15:03] Triton Esports Center: 0% (Closed) people=0 capacity=35 is_open=False hour_summary=closed
[2026-06-30 10:15:03] === SCRAPE END OK ===
[2026-06-30 10:30:02] === SCRAPE START ===
[2026-06-30 10:30:02] Fetching https://waitz.io/live/ucsd-rec
[2026-06-30 10:30:04] Saved 4 rows to ucsd_occupancy_history.csv
[2026-06-30 10:30:04] Main Gym Fitness Gym: 78% (Closed) people=56 capacity=72 is_open=False hour_summary=closed
[2026-06-30 10:30:04] Outback Climbing Center: 11% (Closed) people=3 capacity=30 is_open=False hour_summary=closed
[2026-06-30 10:30:04] RIMAC Fitness Gym: 25% (Not Busy) people=37 capacity=150 is_open=True hour_summary=open
[2026-06-30 10:30:04] Triton Esports Center: 0% (Closed) people=0 capacity=35 is_open=False hour_summary=closed
[2026-06-30 10:30:04] === SCRAPE END OK ===
[2026-06-30 10:45:02] === SCRAPE START ===
[2026-06-30 10:45:02] Fetching https://waitz.io/live/ucsd-rec
[2026-06-30 10:45:03] Saved 4 rows to ucsd_occupancy_history.csv
[2026-06-30 10:45:03] Main Gym Fitness Gym: 66% (Closed) people=47 capacity=72 is_open=False hour_summary=closed
[2026-06-30 10:45:03] Outback Climbing Center: 11% (Closed) people=3 capacity=30 is_open=False hour_summary=closed
[2026-06-30 10:45:03] RIMAC Fitness Gym: 22% (Not Busy) people=32 capacity=150 is_open=True hour_summary=open
[2026-06-30 10:45:03] Triton Esports Center: 0% (Closed) people=0 capacity=35 is_open=False hour_summary=closed
[2026-06-30 10:45:03] === SCRAPE END OK ===
[2026-06-30 11:00:02] === SCRAPE START ===
[2026-06-30 11:00:02] Fetching https://waitz.io/live/ucsd-rec
[2026-06-30 11:00:04] Saved 4 rows to ucsd_occupancy_history.csv
[2026-06-30 11:00:04] Main Gym Fitness Gym: 52% (Closed) people=37 capacity=72 is_open=False hour_summary=closed
[2026-06-30 11:00:04] Outback Climbing Center: 9% (Closed) people=3 capacity=30 is_open=False hour_summary=closed
[2026-06-30 11:00:04] RIMAC Fitness Gym: 21% (Not Busy) people=31 capacity=150 is_open=True hour_summary=open
[2026-06-30 11:00:04] Triton Esports Center: 0% (Closed) people=0 capacity=35 is_open=False hour_summary=closed
[2026-06-30 11:00:04] === SCRAPE END OK ===
[2026-06-30 11:15:02] === SCRAPE START ===
[2026-06-30 11:15:02] Fetching https://waitz.io/live/ucsd-rec
[2026-06-30 11:15:03] Saved 4 rows to ucsd_occupancy_history.csv
[2026-06-30 11:15:03] Main Gym Fitness Gym: 34% (Closed) people=25 capacity=72 is_open=False hour_summary=closed
[2026-06-30 11:15:03] Outback Climbing Center: 15% (Closed) people=4 capacity=30 is_open=False hour_summary=closed
[2026-06-30 11:15:03] RIMAC Fitness Gym: 24% (Not Busy) people=36 capacity=150 is_open=True hour_summary=open
[2026-06-30 11:15:03] Triton Esports Center: 0% (Closed) people=0 capacity=35 is_open=False hour_summary=closed
[2026-06-30 11:15:03] === SCRAPE END OK ===
[2026-06-30 11:30:02] === SCRAPE START ===
[2026-06-30 11:30:02] Fetching https://waitz.io/live/ucsd-rec
[2026-06-30 11:30:04] Saved 4 rows to ucsd_occupancy_history.csv
[2026-06-30 11:30:04] Main Gym Fitness Gym: 36% (Closed) people=26 capacity=72 is_open=False hour_summary=closed
[2026-06-30 11:30:04] Outback Climbing Center: 12% (Closed) people=4 capacity=30 is_open=False hour_summary=closed
[2026-06-30 11:30:04] RIMAC Fitness Gym: 29% (Not Busy) people=44 capacity=150 is_open=True hour_summary=open
[2026-06-30 11:30:04] Triton Esports Center: 0% (Closed) people=0 capacity=35 is_open=False hour_summary=closed
[2026-06-30 11:30:04] === SCRAPE END OK ===
[2026-06-30 11:45:02] === SCRAPE START ===
[2026-06-30 11:45:02] Fetching https://waitz.io/live/ucsd-rec
[2026-06-30 11:45:03] Saved 4 rows to ucsd_occupancy_history.csv
[2026-06-30 11:45:03] Main Gym Fitness Gym: 43% (Closed) people=31 capacity=72 is_open=False hour_summary=closed
[2026-06-30 11:45:03] Outback Climbing Center: 13% (Closed) people=4 capacity=30 is_open=False hour_summary=closed
[2026-06-30 11:45:03] RIMAC Fitness Gym: 23% (Not Busy) people=34 capacity=150 is_open=True hour_summary=open
[2026-06-30 11:45:03] Triton Esports Center: 0% (Closed) people=0 capacity=35 is_open=False hour_summary=closed
[2026-06-30 11:45:03] === SCRAPE END OK ===
[2026-06-30 12:00:02] === SCRAPE START ===
[2026-06-30 12:00:02] Fetching https://waitz.io/live/ucsd-rec
[2026-06-30 12:00:04] Saved 4 rows to ucsd_occupancy_history.csv
[2026-06-30 12:00:04] Main Gym Fitness Gym: 52% (Closed) people=37 capacity=72 is_open=False hour_summary=closed
[2026-06-30 12:00:04] Outback Climbing Center: 12% (Closed) people=4 capacity=30 is_open=False hour_summary=closed
[2026-06-30 12:00:04] RIMAC Fitness Gym: 21% (Not Busy) people=31 capacity=150 is_open=True hour_summary=open
[2026-06-30 12:00:04] Triton Esports Center: 0% (Closed) people=0 capacity=35 is_open=False hour_summary=closed
[2026-06-30 12:00:04] === SCRAPE END OK ===
[2026-06-30 12:15:02] === SCRAPE START ===
[2026-06-30 12:15:02] Fetching https://waitz.io/live/ucsd-rec
[2026-06-30 12:15:03] Saved 4 rows to ucsd_occupancy_history.csv
[2026-06-30 12:15:03] Main Gym Fitness Gym: 19% (Closed) people=13 capacity=72 is_open=False hour_summary=closed
[2026-06-30 12:15:03] Outback Climbing Center: 13% (Closed) people=4 capacity=30 is_open=False hour_summary=closed
[2026-06-30 12:15:03] RIMAC Fitness Gym: 21% (Not Busy) people=31 capacity=150 is_open=True hour_summary=open
[2026-06-30 12:15:03] Triton Esports Center: 0% (Closed) people=0 capacity=35 is_open=False hour_summary=closed
[2026-06-30 12:15:03] === SCRAPE END OK ===
[2026-06-30 12:30:02] === SCRAPE START ===
[2026-06-30 12:30:02] Fetching https://waitz.io/live/ucsd-rec
[2026-06-30 12:30:04] Saved 4 rows to ucsd_occupancy_history.csv
[2026-06-30 12:30:04] Main Gym Fitness Gym: 26% (Closed) people=19 capacity=72 is_open=False hour_summary=closed
[2026-06-30 12:30:04] Outback Climbing Center: 9% (Closed) people=3 capacity=30 is_open=False hour_summary=closed
[2026-06-30 12:30:04] RIMAC Fitness Gym: 18% (Not Busy) people=28 capacity=150 is_open=True hour_summary=open
[2026-06-30 12:30:04] Triton Esports Center: 0% (Closed) people=0 capacity=35 is_open=False hour_summary=closed
[2026-06-30 12:30:04] === SCRAPE END OK ===
[2026-06-30 12:45:02] === SCRAPE START ===
[2026-06-30 12:45:02] Fetching https://waitz.io/live/ucsd-rec
[2026-06-30 12:45:03] Saved 4 rows to ucsd_occupancy_history.csv
[2026-06-30 12:45:03] Main Gym Fitness Gym: 17% (Closed) people=12 capacity=72 is_open=False hour_summary=closed
[2026-06-30 12:45:03] Outback Climbing Center: 15% (Closed) people=4 capacity=30 is_open=False hour_summary=closed
[2026-06-30 12:45:03] RIMAC Fitness Gym: 25% (Not Busy) people=37 capacity=150 is_open=True hour_summary=open
[2026-06-30 12:45:03] Triton Esports Center: 0% (Closed) people=0 capacity=35 is_open=False hour_summary=closed
[2026-06-30 12:45:03] === SCRAPE END OK ===
[2026-06-30 13:00:02] === SCRAPE START ===
[2026-06-30 13:00:02] Fetching https://waitz.io/live/ucsd-rec
[2026-06-30 13:00:04] Saved 4 rows to ucsd_occupancy_history.csv
[2026-06-30 13:00:04] Main Gym Fitness Gym: 24% (Closed) people=18 capacity=72 is_open=False hour_summary=closed
[2026-06-30 13:00:04] Outback Climbing Center: 9% (Closed) people=3 capacity=30 is_open=False hour_summary=closed
[2026-06-30 13:00:04] RIMAC Fitness Gym: 20% (Not Busy) people=30 capacity=150 is_open=True hour_summary=open
[2026-06-30 13:00:04] Triton Esports Center: 0% (Closed) people=0 capacity=35 is_open=False hour_summary=closed
[2026-06-30 13:00:04] === SCRAPE END OK ===
[2026-06-30 13:15:02] === SCRAPE START ===
[2026-06-30 13:15:02] Fetching https://waitz.io/live/ucsd-rec
[2026-06-30 13:15:03] Saved 4 rows to ucsd_occupancy_history.csv
[2026-06-30 13:15:03] Main Gym Fitness Gym: 14% (Closed) people=10 capacity=72 is_open=False hour_summary=closed
[2026-06-30 13:15:03] Outback Climbing Center: 17% (Closed) people=5 capacity=30 is_open=False hour_summary=closed
[2026-06-30 13:15:03] RIMAC Fitness Gym: 22% (Not Busy) people=33 capacity=150 is_open=True hour_summary=open
[2026-06-30 13:15:03] Triton Esports Center: 0% (Closed) people=0 capacity=35 is_open=False hour_summary=closed
[2026-06-30 13:15:03] === SCRAPE END OK ===
[2026-06-30 13:30:02] === SCRAPE START ===
[2026-06-30 13:30:02] Fetching https://waitz.io/live/ucsd-rec
[2026-06-30 13:30:04] Saved 4 rows to ucsd_occupancy_history.csv
[2026-06-30 13:30:04] Main Gym Fitness Gym: 14% (Closed) people=10 capacity=72 is_open=False hour_summary=closed
[2026-06-30 13:30:04] Outback Climbing Center: 18% (Closed) people=6 capacity=30 is_open=False hour_summary=closed
[2026-06-30 13:30:04] RIMAC Fitness Gym: 19% (Not Busy) people=29 capacity=150 is_open=True hour_summary=open
[2026-06-30 13:30:04] Triton Esports Center: 0% (Closed) people=0 capacity=35 is_open=False hour_summary=closed
[2026-06-30 13:30:04] === SCRAPE END OK ===
[2026-06-30 13:45:02] === SCRAPE START ===
[2026-06-30 13:45:02] Fetching https://waitz.io/live/ucsd-rec
[2026-06-30 13:45:03] Saved 4 rows to ucsd_occupancy_history.csv
[2026-06-30 13:45:03] Main Gym Fitness Gym: 20% (Closed) people=15 capacity=72 is_open=False hour_summary=closed
[2026-06-30 13:45:03] Outback Climbing Center: 15% (Closed) people=4 capacity=30 is_open=False hour_summary=closed
[2026-06-30 13:45:03] RIMAC Fitness Gym: 28% (Not Busy) people=42 capacity=150 is_open=True hour_summary=open
[2026-06-30 13:45:03] Triton Esports Center: 0% (Closed) people=0 capacity=35 is_open=False hour_summary=closed
[2026-06-30 13:45:03] === SCRAPE END OK ===
[2026-06-30 14:00:02] === SCRAPE START ===
[2026-06-30 14:00:02] Fetching https://waitz.io/live/ucsd-rec
[2026-06-30 14:00:05] Saved 4 rows to ucsd_occupancy_history.csv
[2026-06-30 14:00:05] Main Gym Fitness Gym: 20% (Closed) people=14 capacity=72 is_open=False hour_summary=closed
[2026-06-30 14:00:05] Outback Climbing Center: 18% (Closed) people=5 capacity=30 is_open=False hour_summary=closed
[2026-06-30 14:00:05] RIMAC Fitness Gym: 20% (Not Busy) people=30 capacity=150 is_open=True hour_summary=open
[2026-06-30 14:00:05] Triton Esports Center: 0% (Closed) people=0 capacity=35 is_open=False hour_summary=closed
[2026-06-30 14:00:05] === SCRAPE END OK ===
[2026-06-30 14:15:02] === SCRAPE START ===
[2026-06-30 14:15:02] Fetching https://waitz.io/live/ucsd-rec
[2026-06-30 14:15:03] Saved 4 rows to ucsd_occupancy_history.csv
[2026-06-30 14:15:03] Main Gym Fitness Gym: 19% (Closed) people=14 capacity=72 is_open=False hour_summary=closed
[2026-06-30 14:15:03] Outback Climbing Center: 54% (Closed) people=16 capacity=30 is_open=False hour_summary=closed
[2026-06-30 14:15:03] RIMAC Fitness Gym: 17% (Not Busy) people=26 capacity=150 is_open=True hour_summary=open
[2026-06-30 14:15:03] Triton Esports Center: 0% (Closed) people=0 capacity=35 is_open=False hour_summary=closed
[2026-06-30 14:15:03] === SCRAPE END OK ===
[2026-06-30 14:30:02] === SCRAPE START ===
[2026-06-30 14:30:02] Fetching https://waitz.io/live/ucsd-rec
[2026-06-30 14:30:04] Saved 4 rows to ucsd_occupancy_history.csv
[2026-06-30 14:30:04] Main Gym Fitness Gym: 16% (Closed) people=12 capacity=72 is_open=False hour_summary=closed
[2026-06-30 14:30:04] Outback Climbing Center: 54% (Closed) people=16 capacity=30 is_open=False hour_summary=closed
[2026-06-30 14:30:04] RIMAC Fitness Gym: 23% (Not Busy) people=34 capacity=150 is_open=True hour_summary=open
[2026-06-30 14:30:04] Triton Esports Center: 0% (Closed) people=0 capacity=35 is_open=False hour_summary=closed
[2026-06-30 14:30:04] === SCRAPE END OK ===
[2026-06-30 14:45:02] === SCRAPE START ===
[2026-06-30 14:45:02] Fetching https://waitz.io/live/ucsd-rec
[2026-06-30 14:45:03] Saved 4 rows to ucsd_occupancy_history.csv
[2026-06-30 14:45:03] Main Gym Fitness Gym: 24% (Closed) people=17 capacity=72 is_open=False hour_summary=closed
[2026-06-30 14:45:03] Outback Climbing Center: 55% (Closed) people=16 capacity=30 is_open=False hour_summary=closed
[2026-06-30 14:45:03] RIMAC Fitness Gym: 26% (Not Busy) people=38 capacity=150 is_open=True hour_summary=open
[2026-06-30 14:45:03] Triton Esports Center: 0% (Closed) people=0 capacity=35 is_open=False hour_summary=closed
[2026-06-30 14:45:03] === SCRAPE END OK ===
[2026-06-30 15:00:02] === SCRAPE START ===
[2026-06-30 15:00:02] Fetching https://waitz.io/live/ucsd-rec
[2026-06-30 15:00:04] Saved 4 rows to ucsd_occupancy_history.csv
[2026-06-30 15:00:04] Main Gym Fitness Gym: 17% (Closed) people=12 capacity=72 is_open=False hour_summary=closed
[2026-06-30 15:00:04] Outback Climbing Center: 64% (Closed) people=19 capacity=30 is_open=False hour_summary=closed
[2026-06-30 15:00:04] RIMAC Fitness Gym: 24% (Not Busy) people=36 capacity=150 is_open=True hour_summary=open
[2026-06-30 15:00:04] Triton Esports Center: 0% (Closed) people=0 capacity=35 is_open=False hour_summary=closed
[2026-06-30 15:00:04] === SCRAPE END OK ===
[2026-06-30 15:15:02] === SCRAPE START ===
[2026-06-30 15:15:02] Fetching https://waitz.io/live/ucsd-rec
[2026-06-30 15:15:03] Saved 4 rows to ucsd_occupancy_history.csv
[2026-06-30 15:15:03] Main Gym Fitness Gym: 24% (Closed) people=17 capacity=72 is_open=False hour_summary=closed
[2026-06-30 15:15:03] Outback Climbing Center: 48% (Closed) people=15 capacity=30 is_open=False hour_summary=closed
[2026-06-30 15:15:03] RIMAC Fitness Gym: 20% (Not Busy) people=31 capacity=150 is_open=True hour_summary=open
[2026-06-30 15:15:03] Triton Esports Center: 0% (Closed) people=0 capacity=35 is_open=False hour_summary=closed
[2026-06-30 15:15:03] === SCRAPE END OK ===
[2026-06-30 15:30:02] === SCRAPE START ===
[2026-06-30 15:30:02] Fetching https://waitz.io/live/ucsd-rec
[2026-06-30 15:30:04] Saved 4 rows to ucsd_occupancy_history.csv
[2026-06-30 15:30:04] Main Gym Fitness Gym: 23% (Closed) people=17 capacity=72 is_open=False hour_summary=closed
[2026-06-30 15:30:04] Outback Climbing Center: 43% (Closed) people=13 capacity=30 is_open=False hour_summary=closed
[2026-06-30 15:30:04] RIMAC Fitness Gym: 29% (Not Busy) people=43 capacity=150 is_open=True hour_summary=open
[2026-06-30 15:30:04] Triton Esports Center: 0% (Closed) people=0 capacity=35 is_open=False hour_summary=closed
[2026-06-30 15:30:04] === SCRAPE END OK ===
[2026-06-30 15:45:02] === SCRAPE START ===
[2026-06-30 15:45:02] Fetching https://waitz.io/live/ucsd-rec
[2026-06-30 15:45:03] Saved 4 rows to ucsd_occupancy_history.csv
[2026-06-30 15:45:03] Main Gym Fitness Gym: 15% (Closed) people=11 capacity=72 is_open=False hour_summary=closed
[2026-06-30 15:45:03] Outback Climbing Center: 46% (Closed) people=14 capacity=30 is_open=False hour_summary=closed
[2026-06-30 15:45:03] RIMAC Fitness Gym: 27% (Not Busy) people=40 capacity=150 is_open=True hour_summary=open
[2026-06-30 15:45:03] Triton Esports Center: 0% (Closed) people=0 capacity=35 is_open=False hour_summary=closed
[2026-06-30 15:45:03] === SCRAPE END OK ===
[2026-06-30 16:00:02] === SCRAPE START ===
[2026-06-30 16:00:02] Fetching https://waitz.io/live/ucsd-rec
[2026-06-30 16:00:05] Saved 4 rows to ucsd_occupancy_history.csv
[2026-06-30 16:00:05] Main Gym Fitness Gym: 4% (Closed) people=3 capacity=72 is_open=False hour_summary=closed
[2026-06-30 16:00:05] Outback Climbing Center: 59% (Closed) people=18 capacity=30 is_open=False hour_summary=closed
[2026-06-30 16:00:05] RIMAC Fitness Gym: 25% (Not Busy) people=37 capacity=150 is_open=True hour_summary=open
[2026-06-30 16:00:05] Triton Esports Center: 0% (Closed) people=0 capacity=35 is_open=False hour_summary=closed
[2026-06-30 16:00:05] === SCRAPE END OK ===
[2026-06-30 16:15:02] === SCRAPE START ===
[2026-06-30 16:15:02] Fetching https://waitz.io/live/ucsd-rec
[2026-06-30 16:15:03] Saved 4 rows to ucsd_occupancy_history.csv
[2026-06-30 16:15:03] Main Gym Fitness Gym: 3% (Closed) people=2 capacity=72 is_open=False hour_summary=closed
[2026-06-30 16:15:03] Outback Climbing Center: 93% (Closed) people=28 capacity=30 is_open=False hour_summary=closed
[2026-06-30 16:15:03] RIMAC Fitness Gym: 32% (Not Busy) people=48 capacity=150 is_open=True hour_summary=open
[2026-06-30 16:15:03] Triton Esports Center: 0% (Closed) people=0 capacity=35 is_open=False hour_summary=closed
[2026-06-30 16:15:03] === SCRAPE END OK ===
[2026-06-30 16:30:02] === SCRAPE START ===
[2026-06-30 16:30:02] Fetching https://waitz.io/live/ucsd-rec
[2026-06-30 16:30:04] Saved 4 rows to ucsd_occupancy_history.csv
[2026-06-30 16:30:04] Main Gym Fitness Gym: 2% (Closed) people=2 capacity=72 is_open=False hour_summary=closed
[2026-06-30 16:30:04] Outback Climbing Center: 91% (Closed) people=27 capacity=30 is_open=False hour_summary=closed
[2026-06-30 16:30:04] RIMAC Fitness Gym: 35% (Not Busy) people=53 capacity=150 is_open=True hour_summary=open
[2026-06-30 16:30:04] Triton Esports Center: 0% (Closed) people=0 capacity=35 is_open=False hour_summary=closed
[2026-06-30 16:30:04] === SCRAPE END OK ===
[2026-06-30 16:45:02] === SCRAPE START ===
[2026-06-30 16:45:02] Fetching https://waitz.io/live/ucsd-rec
[2026-06-30 16:45:03] Saved 4 rows to ucsd_occupancy_history.csv
[2026-06-30 16:45:03] Main Gym Fitness Gym: 13% (Closed) people=9 capacity=72 is_open=False hour_summary=closed
[2026-06-30 16:45:03] Outback Climbing Center: 83% (Closed) people=25 capacity=30 is_open=False hour_summary=closed
[2026-06-30 16:45:03] RIMAC Fitness Gym: 43% (Not Busy) people=64 capacity=150 is_open=True hour_summary=open
[2026-06-30 16:45:03] Triton Esports Center: 0% (Closed) people=0 capacity=35 is_open=False hour_summary=closed
[2026-06-30 16:45:03] === SCRAPE END OK ===
[2026-06-30 17:00:02] === SCRAPE START ===
[2026-06-30 17:00:02] Fetching https://waitz.io/live/ucsd-rec
[2026-06-30 17:00:05] Saved 4 rows to ucsd_occupancy_history.csv
[2026-06-30 17:00:05] Main Gym Fitness Gym: 11% (Closed) people=8 capacity=72 is_open=False hour_summary=closed
[2026-06-30 17:00:05] Outback Climbing Center: 85% (Closed) people=26 capacity=30 is_open=False hour_summary=closed
[2026-06-30 17:00:05] RIMAC Fitness Gym: 33% (Not Busy) people=50 capacity=150 is_open=True hour_summary=open
[2026-06-30 17:00:05] Triton Esports Center: 0% (Closed) people=0 capacity=35 is_open=False hour_summary=closed
[2026-06-30 17:00:05] === SCRAPE END OK ===
[2026-06-30 17:15:02] === SCRAPE START ===
[2026-06-30 17:15:02] Fetching https://waitz.io/live/ucsd-rec
[2026-06-30 17:15:03] Saved 4 rows to ucsd_occupancy_history.csv
[2026-06-30 17:15:03] Main Gym Fitness Gym: 15% (Closed) people=11 capacity=72 is_open=False hour_summary=closed
[2026-06-30 17:15:03] Outback Climbing Center: 54% (Closed) people=16 capacity=30 is_open=False hour_summary=closed
[2026-06-30 17:15:03] RIMAC Fitness Gym: 40% (Not Busy) people=60 capacity=150 is_open=True hour_summary=open
[2026-06-30 17:15:03] Triton Esports Center: 0% (Closed) people=0 capacity=35 is_open=False hour_summary=closed
[2026-06-30 17:15:03] === SCRAPE END OK ===
[2026-06-30 17:30:02] === SCRAPE START ===
[2026-06-30 17:30:02] Fetching https://waitz.io/live/ucsd-rec
[2026-06-30 17:30:04] Saved 4 rows to ucsd_occupancy_history.csv
[2026-06-30 17:30:04] Main Gym Fitness Gym: 15% (Closed) people=11 capacity=72 is_open=False hour_summary=closed
[2026-06-30 17:30:04] Outback Climbing Center: 99% (Closed) people=32 capacity=30 is_open=False hour_summary=closed
[2026-06-30 17:30:04] RIMAC Fitness Gym: 45% (Not Busy) people=68 capacity=150 is_open=True hour_summary=open
[2026-06-30 17:30:04] Triton Esports Center: 0% (Closed) people=0 capacity=35 is_open=False hour_summary=closed
[2026-06-30 17:30:04] === SCRAPE END OK ===
[2026-06-30 17:45:02] === SCRAPE START ===
[2026-06-30 17:45:02] Fetching https://waitz.io/live/ucsd-rec
[2026-06-30 17:45:03] Saved 4 rows to ucsd_occupancy_history.csv
[2026-06-30 17:45:03] Main Gym Fitness Gym: 16% (Closed) people=12 capacity=72 is_open=False hour_summary=closed
[2026-06-30 17:45:03] Outback Climbing Center: 67% (Closed) people=20 capacity=30 is_open=False hour_summary=closed
[2026-06-30 17:45:03] RIMAC Fitness Gym: 40% (Not Busy) people=60 capacity=150 is_open=True hour_summary=open
[2026-06-30 17:45:03] Triton Esports Center: 0% (Closed) people=0 capacity=35 is_open=False hour_summary=closed
[2026-06-30 17:45:03] === SCRAPE END OK ===
[2026-06-30 18:00:02] === SCRAPE START ===
[2026-06-30 18:00:02] Fetching https://waitz.io/live/ucsd-rec
[2026-06-30 18:00:04] Saved 4 rows to ucsd_occupancy_history.csv
[2026-06-30 18:00:04] Main Gym Fitness Gym: 18% (Closed) people=13 capacity=72 is_open=False hour_summary=closed
[2026-06-30 18:00:04] Outback Climbing Center: 89% (Closed) people=27 capacity=30 is_open=False hour_summary=closed
[2026-06-30 18:00:04] RIMAC Fitness Gym: 51% (Busy) people=76 capacity=150 is_open=True hour_summary=open
[2026-06-30 18:00:04] Triton Esports Center: 0% (Closed) people=0 capacity=35 is_open=False hour_summary=closed
[2026-06-30 18:00:04] === SCRAPE END OK ===
[2026-06-30 18:15:02] === SCRAPE START ===
[2026-06-30 18:15:02] Fetching https://waitz.io/live/ucsd-rec
[2026-06-30 18:15:03] Saved 4 rows to ucsd_occupancy_history.csv
[2026-06-30 18:15:03] Main Gym Fitness Gym: 16% (Closed) people=12 capacity=72 is_open=False hour_summary=closed
[2026-06-30 18:15:03] Outback Climbing Center: 99% (Closed) people=39 capacity=30 is_open=False hour_summary=closed
[2026-06-30 18:15:03] RIMAC Fitness Gym: 44% (Not Busy) people=66 capacity=150 is_open=True hour_summary=open
[2026-06-30 18:15:03] Triton Esports Center: 0% (Closed) people=0 capacity=35 is_open=False hour_summary=closed
[2026-06-30 18:15:03] === SCRAPE END OK ===
[2026-06-30 18:30:02] === SCRAPE START ===
[2026-06-30 18:30:02] Fetching https://waitz.io/live/ucsd-rec
[2026-06-30 18:30:04] Saved 4 rows to ucsd_occupancy_history.csv
[2026-06-30 18:30:04] Main Gym Fitness Gym: 14% (Closed) people=10 capacity=72 is_open=False hour_summary=closed
[2026-06-30 18:30:04] Outback Climbing Center: 99% (Closed) people=36 capacity=30 is_open=False hour_summary=closed
[2026-06-30 18:30:04] RIMAC Fitness Gym: 35% (Not Busy) people=53 capacity=150 is_open=True hour_summary=open
[2026-06-30 18:30:04] Triton Esports Center: 0% (Closed) people=0 capacity=35 is_open=False hour_summary=closed
[2026-06-30 18:30:04] === SCRAPE END OK ===
