[2026-07-08 00:00:01] === SCRAPE START ===
[2026-07-08 00:00:01] Fetching https://waitz.io/live/ucsd-rec
[2026-07-08 00:00:03] Saved 4 rows to ucsd_occupancy_history.csv
[2026-07-08 00:00:03] Main Gym Fitness Gym: 1% (Closed) people=0 capacity=72 is_open=False hour_summary=closed
[2026-07-08 00:00:03] Outback Climbing Center: 8% (Closed) people=2 capacity=30 is_open=False hour_summary=closed
[2026-07-08 00:00:03] RIMAC Fitness Gym: 0% (Closed) people=1 capacity=150 is_open=False hour_summary=Closed until 6:00am
[2026-07-08 00:00:03] Triton Esports Center: 0% (Closed) people=0 capacity=35 is_open=False hour_summary=closed
[2026-07-08 00:00:03] === SCRAPE END OK ===
[2026-07-08 00:15:02] === SCRAPE START ===
[2026-07-08 00:15:02] Fetching https://waitz.io/live/ucsd-rec
[2026-07-08 00:15:03] Saved 4 rows to ucsd_occupancy_history.csv
[2026-07-08 00:15:03] Main Gym Fitness Gym: 1% (Closed) people=1 capacity=72 is_open=False hour_summary=closed
[2026-07-08 00:15:03] Outback Climbing Center: 12% (Closed) people=3 capacity=30 is_open=False hour_summary=closed
[2026-07-08 00:15:03] RIMAC Fitness Gym: 0% (Closed) people=1 capacity=150 is_open=False hour_summary=Closed until 6:00am
[2026-07-08 00:15:03] Triton Esports Center: 0% (Closed) people=0 capacity=35 is_open=False hour_summary=closed
[2026-07-08 00:15:03] === SCRAPE END OK ===
[2026-07-08 00:30:02] === SCRAPE START ===
[2026-07-08 00:30:02] Fetching https://waitz.io/live/ucsd-rec
[2026-07-08 00:30:04] Saved 4 rows to ucsd_occupancy_history.csv
[2026-07-08 00:30:04] Main Gym Fitness Gym: 1% (Closed) people=1 capacity=72 is_open=False hour_summary=closed
[2026-07-08 00:30:04] Outback Climbing Center: 10% (Closed) people=3 capacity=30 is_open=False hour_summary=closed
[2026-07-08 00:30:04] RIMAC Fitness Gym: 0% (Closed) people=1 capacity=150 is_open=False hour_summary=Closed until 6:00am
[2026-07-08 00:30:04] Triton Esports Center: 0% (Closed) people=0 capacity=35 is_open=False hour_summary=closed
[2026-07-08 00:30:04] === SCRAPE END OK ===
[2026-07-08 00:45:02] === SCRAPE START ===
[2026-07-08 00:45:02] Fetching https://waitz.io/live/ucsd-rec
[2026-07-08 00:45:03] Saved 4 rows to ucsd_occupancy_history.csv
[2026-07-08 00:45:03] Main Gym Fitness Gym: 1% (Closed) people=1 capacity=72 is_open=False hour_summary=closed
[2026-07-08 00:45:03] Outback Climbing Center: 4% (Closed) people=1 capacity=30 is_open=False hour_summary=closed
[2026-07-08 00:45:03] RIMAC Fitness Gym: 0% (Closed) people=0 capacity=150 is_open=False hour_summary=Closed until 6:00am
[2026-07-08 00:45:03] Triton Esports Center: 0% (Closed) people=0 capacity=35 is_open=False hour_summary=closed
[2026-07-08 00:45:03] === SCRAPE END OK ===
[2026-07-08 01:00:02] === SCRAPE START ===
[2026-07-08 01:00:02] Fetching https://waitz.io/live/ucsd-rec
[2026-07-08 01:00:04] Saved 4 rows to ucsd_occupancy_history.csv
[2026-07-08 01:00:04] Main Gym Fitness Gym: 1% (Closed) people=1 capacity=72 is_open=False hour_summary=closed
[2026-07-08 01:00:04] Outback Climbing Center: 10% (Closed) people=3 capacity=30 is_open=False hour_summary=closed
[2026-07-08 01:00:04] RIMAC Fitness Gym: 0% (Closed) people=1 capacity=150 is_open=False hour_summary=Closed until 6:00am
[2026-07-08 01:00:04] Triton Esports Center: 0% (Closed) people=0 capacity=35 is_open=False hour_summary=closed
[2026-07-08 01:00:04] === SCRAPE END OK ===
[2026-07-08 01:15:02] === SCRAPE START ===
[2026-07-08 01:15:02] Fetching https://waitz.io/live/ucsd-rec
[2026-07-08 01:15:03] Saved 4 rows to ucsd_occupancy_history.csv
[2026-07-08 01:15:03] Main Gym Fitness Gym: 1% (Closed) people=1 capacity=72 is_open=False hour_summary=closed
[2026-07-08 01:15:03] Outback Climbing Center: 7% (Closed) people=2 capacity=30 is_open=False hour_summary=closed
[2026-07-08 01:15:03] RIMAC Fitness Gym: 0% (Closed) people=0 capacity=150 is_open=False hour_summary=Closed until 6:00am
[2026-07-08 01:15:03] Triton Esports Center: 0% (Closed) people=0 capacity=35 is_open=False hour_summary=closed
[2026-07-08 01:15:03] === SCRAPE END OK ===
[2026-07-08 01:30:02] === SCRAPE START ===
[2026-07-08 01:30:02] Fetching https://waitz.io/live/ucsd-rec
[2026-07-08 01:30:04] Saved 4 rows to ucsd_occupancy_history.csv
[2026-07-08 01:30:04] Main Gym Fitness Gym: 1% (Closed) people=1 capacity=72 is_open=False hour_summary=closed
[2026-07-08 01:30:04] Outback Climbing Center: 5% (Closed) people=2 capacity=30 is_open=False hour_summary=closed
[2026-07-08 01:30:04] RIMAC Fitness Gym: 0% (Closed) people=0 capacity=150 is_open=False hour_summary=Closed until 6:00am
[2026-07-08 01:30:04] Triton Esports Center: 0% (Closed) people=0 capacity=35 is_open=False hour_summary=closed
[2026-07-08 01:30:04] === SCRAPE END OK ===
[2026-07-08 01:45:02] === SCRAPE START ===
[2026-07-08 01:45:02] Fetching https://waitz.io/live/ucsd-rec
[2026-07-08 01:45:03] Saved 4 rows to ucsd_occupancy_history.csv
[2026-07-08 01:45:03] Main Gym Fitness Gym: 1% (Closed) people=1 capacity=72 is_open=False hour_summary=closed
[2026-07-08 01:45:03] Outback Climbing Center: 8% (Closed) people=2 capacity=30 is_open=False hour_summary=closed
[2026-07-08 01:45:03] RIMAC Fitness Gym: 0% (Closed) people=1 capacity=150 is_open=False hour_summary=Closed until 6:00am
[2026-07-08 01:45:03] Triton Esports Center: 0% (Closed) people=0 capacity=35 is_open=False hour_summary=closed
[2026-07-08 01:45:03] === SCRAPE END OK ===
[2026-07-08 02:00:02] === SCRAPE START ===
[2026-07-08 02:00:02] Fetching https://waitz.io/live/ucsd-rec
[2026-07-08 02:00:04] Saved 4 rows to ucsd_occupancy_history.csv
[2026-07-08 02:00:04] Main Gym Fitness Gym: 1% (Closed) people=1 capacity=72 is_open=False hour_summary=closed
[2026-07-08 02:00:04] Outback Climbing Center: 9% (Closed) people=3 capacity=30 is_open=False hour_summary=closed
[2026-07-08 02:00:04] RIMAC Fitness Gym: 0% (Closed) people=0 capacity=150 is_open=False hour_summary=Closed until 6:00am
[2026-07-08 02:00:04] Triton Esports Center: 0% (Closed) people=0 capacity=35 is_open=False hour_summary=closed
[2026-07-08 02:00:04] === SCRAPE END OK ===
[2026-07-08 02:15:02] === SCRAPE START ===
[2026-07-08 02:15:02] Fetching https://waitz.io/live/ucsd-rec
[2026-07-08 02:15:03] Saved 4 rows to ucsd_occupancy_history.csv
[2026-07-08 02:15:03] Main Gym Fitness Gym: 1% (Closed) people=1 capacity=72 is_open=False hour_summary=closed
[2026-07-08 02:15:03] Outback Climbing Center: 6% (Closed) people=2 capacity=30 is_open=False hour_summary=closed
[2026-07-08 02:15:03] RIMAC Fitness Gym: 0% (Closed) people=0 capacity=150 is_open=False hour_summary=Closed until 6:00am
[2026-07-08 02:15:03] Triton Esports Center: 0% (Closed) people=0 capacity=35 is_open=False hour_summary=closed
[2026-07-08 02:15:03] === SCRAPE END OK ===
[2026-07-08 02:30:02] === SCRAPE START ===
[2026-07-08 02:30:02] Fetching https://waitz.io/live/ucsd-rec
[2026-07-08 02:30:04] Saved 4 rows to ucsd_occupancy_history.csv
[2026-07-08 02:30:04] Main Gym Fitness Gym: 1% (Closed) people=1 capacity=72 is_open=False hour_summary=closed
[2026-07-08 02:30:04] Outback Climbing Center: 7% (Closed) people=2 capacity=30 is_open=False hour_summary=closed
[2026-07-08 02:30:04] RIMAC Fitness Gym: 0% (Closed) people=0 capacity=150 is_open=False hour_summary=Closed until 6:00am
[2026-07-08 02:30:04] Triton Esports Center: 0% (Closed) people=0 capacity=35 is_open=False hour_summary=closed
[2026-07-08 02:30:04] === SCRAPE END OK ===
[2026-07-08 02:45:02] === SCRAPE START ===
[2026-07-08 02:45:02] Fetching https://waitz.io/live/ucsd-rec
[2026-07-08 02:45:03] Saved 4 rows to ucsd_occupancy_history.csv
[2026-07-08 02:45:03] Main Gym Fitness Gym: 1% (Closed) people=1 capacity=72 is_open=False hour_summary=closed
[2026-07-08 02:45:03] Outback Climbing Center: 7% (Closed) people=2 capacity=30 is_open=False hour_summary=closed
[2026-07-08 02:45:03] RIMAC Fitness Gym: 0% (Closed) people=0 capacity=150 is_open=False hour_summary=Closed until 6:00am
[2026-07-08 02:45:03] Triton Esports Center: 0% (Closed) people=0 capacity=35 is_open=False hour_summary=closed
[2026-07-08 02:45:03] === SCRAPE END OK ===
[2026-07-08 03:00:02] === SCRAPE START ===
[2026-07-08 03:00:02] Fetching https://waitz.io/live/ucsd-rec
[2026-07-08 03:00:04] Saved 4 rows to ucsd_occupancy_history.csv
[2026-07-08 03:00:04] Main Gym Fitness Gym: 0% (Closed) people=0 capacity=72 is_open=False hour_summary=closed
[2026-07-08 03:00:04] Outback Climbing Center: 11% (Closed) people=3 capacity=30 is_open=False hour_summary=closed
[2026-07-08 03:00:04] RIMAC Fitness Gym: 0% (Closed) people=0 capacity=150 is_open=False hour_summary=Closed until 6:00am
[2026-07-08 03:00:04] Triton Esports Center: 0% (Closed) people=0 capacity=35 is_open=False hour_summary=closed
[2026-07-08 03:00:04] === SCRAPE END OK ===
[2026-07-08 03:15:02] === SCRAPE START ===
[2026-07-08 03:15:02] Fetching https://waitz.io/live/ucsd-rec
[2026-07-08 03:15:03] Saved 4 rows to ucsd_occupancy_history.csv
[2026-07-08 03:15:03] Main Gym Fitness Gym: 0% (Closed) people=0 capacity=72 is_open=False hour_summary=closed
[2026-07-08 03:15:03] Outback Climbing Center: 9% (Closed) people=3 capacity=30 is_open=False hour_summary=closed
[2026-07-08 03:15:03] RIMAC Fitness Gym: 0% (Closed) people=0 capacity=150 is_open=False hour_summary=Closed until 6:00am
[2026-07-08 03:15:03] Triton Esports Center: 0% (Closed) people=0 capacity=35 is_open=False hour_summary=closed
[2026-07-08 03:15:03] === SCRAPE END OK ===
[2026-07-08 03:30:02] === SCRAPE START ===
[2026-07-08 03:30:02] Fetching https://waitz.io/live/ucsd-rec
[2026-07-08 03:30:04] Saved 4 rows to ucsd_occupancy_history.csv
[2026-07-08 03:30:04] Main Gym Fitness Gym: 0% (Closed) people=0 capacity=72 is_open=False hour_summary=closed
[2026-07-08 03:30:04] Outback Climbing Center: 7% (Closed) people=2 capacity=30 is_open=False hour_summary=closed
[2026-07-08 03:30:04] RIMAC Fitness Gym: 0% (Closed) people=1 capacity=150 is_open=False hour_summary=Closed until 6:00am
[2026-07-08 03:30:04] Triton Esports Center: 0% (Closed) people=0 capacity=35 is_open=False hour_summary=closed
[2026-07-08 03:30:04] === SCRAPE END OK ===
[2026-07-08 03:45:03] === SCRAPE START ===
[2026-07-08 03:45:03] Fetching https://waitz.io/live/ucsd-rec
[2026-07-08 03:45:04] Saved 4 rows to ucsd_occupancy_history.csv
[2026-07-08 03:45:04] Main Gym Fitness Gym: 0% (Closed) people=0 capacity=72 is_open=False hour_summary=closed
[2026-07-08 03:45:04] Outback Climbing Center: 7% (Closed) people=2 capacity=30 is_open=False hour_summary=closed
[2026-07-08 03:45:04] RIMAC Fitness Gym: 1% (Closed) people=1 capacity=150 is_open=False hour_summary=Closed until 6:00am
[2026-07-08 03:45:04] Triton Esports Center: 0% (Closed) people=0 capacity=35 is_open=False hour_summary=closed
[2026-07-08 03:45:04] === SCRAPE END OK ===
[2026-07-08 04:00:02] === SCRAPE START ===
[2026-07-08 04:00:02] Fetching https://waitz.io/live/ucsd-rec
[2026-07-08 04:00:04] Saved 4 rows to ucsd_occupancy_history.csv
[2026-07-08 04:00:04] Main Gym Fitness Gym: 1% (Closed) people=0 capacity=72 is_open=False hour_summary=closed
[2026-07-08 04:00:04] Outback Climbing Center: 8% (Closed) people=2 capacity=30 is_open=False hour_summary=closed
[2026-07-08 04:00:04] RIMAC Fitness Gym: 1% (Closed) people=1 capacity=150 is_open=False hour_summary=Closed until 6:00am
[2026-07-08 04:00:04] Triton Esports Center: 0% (Closed) people=0 capacity=35 is_open=False hour_summary=closed
[2026-07-08 04:00:04] === SCRAPE END OK ===
[2026-07-08 04:15:02] === SCRAPE START ===
[2026-07-08 04:15:02] Fetching https://waitz.io/live/ucsd-rec
[2026-07-08 04:15:03] Saved 4 rows to ucsd_occupancy_history.csv
[2026-07-08 04:15:03] Main Gym Fitness Gym: 1% (Closed) people=0 capacity=72 is_open=False hour_summary=closed
[2026-07-08 04:15:03] Outback Climbing Center: 7% (Closed) people=2 capacity=30 is_open=False hour_summary=closed
[2026-07-08 04:15:03] RIMAC Fitness Gym: 1% (Closed) people=1 capacity=150 is_open=False hour_summary=Closed until 6:00am
[2026-07-08 04:15:03] Triton Esports Center: 0% (Closed) people=0 capacity=35 is_open=False hour_summary=closed
[2026-07-08 04:15:03] === SCRAPE END OK ===
[2026-07-08 04:30:02] === SCRAPE START ===
[2026-07-08 04:30:02] Fetching https://waitz.io/live/ucsd-rec
[2026-07-08 04:30:04] Saved 4 rows to ucsd_occupancy_history.csv
[2026-07-08 04:30:04] Main Gym Fitness Gym: 0% (Closed) people=0 capacity=72 is_open=False hour_summary=closed
[2026-07-08 04:30:04] Outback Climbing Center: 6% (Closed) people=2 capacity=30 is_open=False hour_summary=closed
[2026-07-08 04:30:04] RIMAC Fitness Gym: 0% (Closed) people=1 capacity=150 is_open=False hour_summary=Closed until 6:00am
[2026-07-08 04:30:04] Triton Esports Center: 0% (Closed) people=0 capacity=35 is_open=False hour_summary=closed
[2026-07-08 04:30:04] === SCRAPE END OK ===
[2026-07-08 04:45:03] === SCRAPE START ===
[2026-07-08 04:45:03] Fetching https://waitz.io/live/ucsd-rec
[2026-07-08 04:45:04] Saved 4 rows to ucsd_occupancy_history.csv
[2026-07-08 04:45:04] Main Gym Fitness Gym: 0% (Closed) people=0 capacity=72 is_open=False hour_summary=closed
[2026-07-08 04:45:04] Outback Climbing Center: 6% (Closed) people=2 capacity=30 is_open=False hour_summary=closed
[2026-07-08 04:45:04] RIMAC Fitness Gym: 0% (Closed) people=1 capacity=150 is_open=False hour_summary=Closed until 6:00am
[2026-07-08 04:45:04] Triton Esports Center: 0% (Closed) people=0 capacity=35 is_open=False hour_summary=closed
[2026-07-08 04:45:04] === SCRAPE END OK ===
[2026-07-08 05:00:02] === SCRAPE START ===
[2026-07-08 05:00:02] Fetching https://waitz.io/live/ucsd-rec
[2026-07-08 05:00:04] Saved 4 rows to ucsd_occupancy_history.csv
[2026-07-08 05:00:04] Main Gym Fitness Gym: 1% (Closed) people=0 capacity=72 is_open=False hour_summary=closed
[2026-07-08 05:00:04] Outback Climbing Center: 8% (Closed) people=2 capacity=30 is_open=False hour_summary=closed
[2026-07-08 05:00:04] RIMAC Fitness Gym: 1% (Closed) people=1 capacity=150 is_open=False hour_summary=Closed until 6:00am
[2026-07-08 05:00:04] Triton Esports Center: 0% (Closed) people=0 capacity=35 is_open=False hour_summary=closed
[2026-07-08 05:00:04] === SCRAPE END OK ===
[2026-07-08 05:15:02] === SCRAPE START ===
[2026-07-08 05:15:02] Fetching https://waitz.io/live/ucsd-rec
[2026-07-08 05:15:03] Saved 4 rows to ucsd_occupancy_history.csv
[2026-07-08 05:15:03] Main Gym Fitness Gym: 0% (Closed) people=0 capacity=72 is_open=False hour_summary=closed
[2026-07-08 05:15:03] Outback Climbing Center: 8% (Closed) people=2 capacity=30 is_open=False hour_summary=closed
[2026-07-08 05:15:03] RIMAC Fitness Gym: 0% (Closed) people=1 capacity=150 is_open=False hour_summary=Closed until 6:00am
[2026-07-08 05:15:03] Triton Esports Center: 0% (Closed) people=0 capacity=35 is_open=False hour_summary=closed
[2026-07-08 05:15:03] === SCRAPE END OK ===
[2026-07-08 05:30:02] === SCRAPE START ===
[2026-07-08 05:30:02] Fetching https://waitz.io/live/ucsd-rec
[2026-07-08 05:30:04] Saved 4 rows to ucsd_occupancy_history.csv
[2026-07-08 05:30:04] Main Gym Fitness Gym: 0% (Closed) people=0 capacity=72 is_open=False hour_summary=closed
[2026-07-08 05:30:04] Outback Climbing Center: 10% (Closed) people=3 capacity=30 is_open=False hour_summary=closed
[2026-07-08 05:30:04] RIMAC Fitness Gym: 1% (Closed) people=1 capacity=150 is_open=False hour_summary=Closed until 6:00am
[2026-07-08 05:30:04] Triton Esports Center: 0% (Closed) people=0 capacity=35 is_open=False hour_summary=closed
[2026-07-08 05:30:04] === SCRAPE END OK ===
[2026-07-08 05:45:02] === SCRAPE START ===
[2026-07-08 05:45:02] Fetching https://waitz.io/live/ucsd-rec
[2026-07-08 05:45:03] Saved 4 rows to ucsd_occupancy_history.csv
[2026-07-08 05:45:03] Main Gym Fitness Gym: 1% (Closed) people=1 capacity=72 is_open=False hour_summary=closed
[2026-07-08 05:45:03] Outback Climbing Center: 9% (Closed) people=3 capacity=30 is_open=False hour_summary=closed
[2026-07-08 05:45:03] RIMAC Fitness Gym: 1% (Closed) people=2 capacity=150 is_open=False hour_summary=Closed until 6:00am
[2026-07-08 05:45:03] Triton Esports Center: 0% (Closed) people=0 capacity=35 is_open=False hour_summary=closed
[2026-07-08 05:45:03] === SCRAPE END OK ===
[2026-07-08 06:00:02] === SCRAPE START ===
[2026-07-08 06:00:02] Fetching https://waitz.io/live/ucsd-rec
[2026-07-08 06:00:04] Saved 4 rows to ucsd_occupancy_history.csv
[2026-07-08 06:00:04] Main Gym Fitness Gym: 1% (Closed) people=0 capacity=72 is_open=False hour_summary=closed
[2026-07-08 06:00:04] Outback Climbing Center: 11% (Closed) people=3 capacity=30 is_open=False hour_summary=closed
[2026-07-08 06:00:04] RIMAC Fitness Gym: 1% (Not Busy) people=2 capacity=150 is_open=True hour_summary=open
[2026-07-08 06:00:04] Triton Esports Center: 0% (Closed) people=0 capacity=35 is_open=False hour_summary=closed
[2026-07-08 06:00:04] === SCRAPE END OK ===
[2026-07-08 06:15:02] === SCRAPE START ===
[2026-07-08 06:15:02] Fetching https://waitz.io/live/ucsd-rec
[2026-07-08 06:15:04] Saved 4 rows to ucsd_occupancy_history.csv
[2026-07-08 06:15:04] Main Gym Fitness Gym: 0% (Closed) people=0 capacity=72 is_open=False hour_summary=closed
[2026-07-08 06:15:04] Outback Climbing Center: 13% (Closed) people=4 capacity=30 is_open=False hour_summary=closed
[2026-07-08 06:15:04] RIMAC Fitness Gym: 4% (Not Busy) people=7 capacity=150 is_open=True hour_summary=open
[2026-07-08 06:15:04] Triton Esports Center: 0% (Closed) people=0 capacity=35 is_open=False hour_summary=closed
[2026-07-08 06:15:04] === SCRAPE END OK ===
[2026-07-08 06:30:02] === SCRAPE START ===
[2026-07-08 06:30:02] Fetching https://waitz.io/live/ucsd-rec
[2026-07-08 06:30:04] Saved 4 rows to ucsd_occupancy_history.csv
[2026-07-08 06:30:04] Main Gym Fitness Gym: 0% (Closed) people=0 capacity=72 is_open=False hour_summary=closed
[2026-07-08 06:30:04] Outback Climbing Center: 9% (Closed) people=3 capacity=30 is_open=False hour_summary=closed
[2026-07-08 06:30:04] RIMAC Fitness Gym: 8% (Not Busy) people=13 capacity=150 is_open=True hour_summary=open
[2026-07-08 06:30:04] Triton Esports Center: 0% (Closed) people=0 capacity=35 is_open=False hour_summary=closed
[2026-07-08 06:30:04] === SCRAPE END OK ===
[2026-07-08 06:45:02] === SCRAPE START ===
[2026-07-08 06:45:02] Fetching https://waitz.io/live/ucsd-rec
[2026-07-08 06:45:03] Saved 4 rows to ucsd_occupancy_history.csv
[2026-07-08 06:45:03] Main Gym Fitness Gym: 1% (Closed) people=1 capacity=72 is_open=False hour_summary=closed
[2026-07-08 06:45:03] Outback Climbing Center: 9% (Closed) people=3 capacity=30 is_open=False hour_summary=closed
[2026-07-08 06:45:03] RIMAC Fitness Gym: 12% (Not Busy) people=18 capacity=150 is_open=True hour_summary=open
[2026-07-08 06:45:03] Triton Esports Center: 0% (Closed) people=0 capacity=35 is_open=False hour_summary=closed
[2026-07-08 06:45:03] === SCRAPE END OK ===
[2026-07-08 07:00:02] === SCRAPE START ===
[2026-07-08 07:00:02] Fetching https://waitz.io/live/ucsd-rec
[2026-07-08 07:00:04] Saved 4 rows to ucsd_occupancy_history.csv
[2026-07-08 07:00:04] Main Gym Fitness Gym: 1% (Closed) people=0 capacity=72 is_open=False hour_summary=closed
[2026-07-08 07:00:04] Outback Climbing Center: 13% (Closed) people=4 capacity=30 is_open=False hour_summary=closed
[2026-07-08 07:00:04] RIMAC Fitness Gym: 16% (Not Busy) people=23 capacity=150 is_open=True hour_summary=open
[2026-07-08 07:00:04] Triton Esports Center: 0% (Closed) people=0 capacity=35 is_open=False hour_summary=closed
[2026-07-08 07:00:04] === SCRAPE END OK ===
[2026-07-08 07:15:02] === SCRAPE START ===
[2026-07-08 07:15:02] Fetching https://waitz.io/live/ucsd-rec
[2026-07-08 07:15:03] Saved 4 rows to ucsd_occupancy_history.csv
[2026-07-08 07:15:03] Main Gym Fitness Gym: 1% (Closed) people=1 capacity=72 is_open=False hour_summary=closed
[2026-07-08 07:15:03] Outback Climbing Center: 10% (Closed) people=3 capacity=30 is_open=False hour_summary=closed
[2026-07-08 07:15:03] RIMAC Fitness Gym: 16% (Not Busy) people=24 capacity=150 is_open=True hour_summary=open
[2026-07-08 07:15:03] Triton Esports Center: 0% (Closed) people=0 capacity=35 is_open=False hour_summary=closed
[2026-07-08 07:15:03] === SCRAPE END OK ===
[2026-07-08 07:30:02] === SCRAPE START ===
[2026-07-08 07:30:02] Fetching https://waitz.io/live/ucsd-rec
[2026-07-08 07:30:04] Saved 4 rows to ucsd_occupancy_history.csv
[2026-07-08 07:30:04] Main Gym Fitness Gym: 11% (Closed) people=8 capacity=72 is_open=False hour_summary=closed
[2026-07-08 07:30:04] Outback Climbing Center: 10% (Closed) people=3 capacity=30 is_open=False hour_summary=closed
[2026-07-08 07:30:04] RIMAC Fitness Gym: 19% (Not Busy) people=29 capacity=150 is_open=True hour_summary=open
[2026-07-08 07:30:04] Triton Esports Center: 0% (Closed) people=0 capacity=35 is_open=False hour_summary=closed
[2026-07-08 07:30:04] === SCRAPE END OK ===
[2026-07-08 07:45:02] === SCRAPE START ===
[2026-07-08 07:45:02] Fetching https://waitz.io/live/ucsd-rec
[2026-07-08 07:45:03] Saved 4 rows to ucsd_occupancy_history.csv
[2026-07-08 07:45:03] Main Gym Fitness Gym: 8% (Closed) people=6 capacity=72 is_open=False hour_summary=closed
[2026-07-08 07:45:03] Outback Climbing Center: 10% (Closed) people=3 capacity=30 is_open=False hour_summary=closed
[2026-07-08 07:45:03] RIMAC Fitness Gym: 12% (Not Busy) people=18 capacity=150 is_open=True hour_summary=open
[2026-07-08 07:45:03] Triton Esports Center: 0% (Closed) people=0 capacity=35 is_open=False hour_summary=closed
[2026-07-08 07:45:03] === SCRAPE END OK ===
[2026-07-08 08:00:02] === SCRAPE START ===
[2026-07-08 08:00:02] Fetching https://waitz.io/live/ucsd-rec
[2026-07-08 08:00:04] Saved 4 rows to ucsd_occupancy_history.csv
[2026-07-08 08:00:04] Main Gym Fitness Gym: 4% (Closed) people=3 capacity=72 is_open=False hour_summary=closed
[2026-07-08 08:00:04] Outback Climbing Center: 12% (Closed) people=3 capacity=30 is_open=False hour_summary=closed
[2026-07-08 08:00:04] RIMAC Fitness Gym: 12% (Not Busy) people=18 capacity=150 is_open=True hour_summary=open
[2026-07-08 08:00:04] Triton Esports Center: 0% (Closed) people=0 capacity=35 is_open=False hour_summary=closed
[2026-07-08 08:00:04] === SCRAPE END OK ===
[2026-07-08 08:15:02] === SCRAPE START ===
[2026-07-08 08:15:02] Fetching https://waitz.io/live/ucsd-rec
[2026-07-08 08:15:03] Saved 4 rows to ucsd_occupancy_history.csv
[2026-07-08 08:15:03] Main Gym Fitness Gym: 8% (Closed) people=6 capacity=72 is_open=False hour_summary=closed
[2026-07-08 08:15:03] Outback Climbing Center: 8% (Closed) people=2 capacity=30 is_open=False hour_summary=closed
[2026-07-08 08:15:03] RIMAC Fitness Gym: 9% (Not Busy) people=13 capacity=150 is_open=True hour_summary=open
[2026-07-08 08:15:03] Triton Esports Center: 0% (Closed) people=0 capacity=35 is_open=False hour_summary=closed
[2026-07-08 08:15:03] === SCRAPE END OK ===
[2026-07-08 08:30:02] === SCRAPE START ===
[2026-07-08 08:30:02] Fetching https://waitz.io/live/ucsd-rec
[2026-07-08 08:30:04] Saved 4 rows to ucsd_occupancy_history.csv
[2026-07-08 08:30:04] Main Gym Fitness Gym: 8% (Closed) people=6 capacity=72 is_open=False hour_summary=closed
[2026-07-08 08:30:04] Outback Climbing Center: 8% (Closed) people=2 capacity=30 is_open=False hour_summary=closed
[2026-07-08 08:30:04] RIMAC Fitness Gym: 9% (Not Busy) people=14 capacity=150 is_open=True hour_summary=open
[2026-07-08 08:30:04] Triton Esports Center: 0% (Closed) people=0 capacity=35 is_open=False hour_summary=closed
[2026-07-08 08:30:04] === SCRAPE END OK ===
[2026-07-08 08:45:02] === SCRAPE START ===
[2026-07-08 08:45:02] Fetching https://waitz.io/live/ucsd-rec
[2026-07-08 08:45:03] Saved 4 rows to ucsd_occupancy_history.csv
[2026-07-08 08:45:03] Main Gym Fitness Gym: 14% (Closed) people=10 capacity=72 is_open=False hour_summary=closed
[2026-07-08 08:45:03] Outback Climbing Center: 12% (Closed) people=3 capacity=30 is_open=False hour_summary=closed
[2026-07-08 08:45:03] RIMAC Fitness Gym: 13% (Not Busy) people=20 capacity=150 is_open=True hour_summary=open
[2026-07-08 08:45:03] Triton Esports Center: 0% (Closed) people=0 capacity=35 is_open=False hour_summary=closed
[2026-07-08 08:45:03] === SCRAPE END OK ===
[2026-07-08 09:00:02] === SCRAPE START ===
[2026-07-08 09:00:02] Fetching https://waitz.io/live/ucsd-rec
[2026-07-08 09:00:03] Saved 4 rows to ucsd_occupancy_history.csv
[2026-07-08 09:00:03] Main Gym Fitness Gym: 10% (Closed) people=7 capacity=72 is_open=False hour_summary=closed
[2026-07-08 09:00:03] Outback Climbing Center: 11% (Closed) people=3 capacity=30 is_open=False hour_summary=closed
[2026-07-08 09:00:03] RIMAC Fitness Gym: 18% (Not Busy) people=28 capacity=150 is_open=True hour_summary=open
[2026-07-08 09:00:03] Triton Esports Center: 0% (Closed) people=0 capacity=35 is_open=False hour_summary=closed
[2026-07-08 09:00:03] === SCRAPE END OK ===
[2026-07-08 09:15:02] === SCRAPE START ===
[2026-07-08 09:15:02] Fetching https://waitz.io/live/ucsd-rec
[2026-07-08 09:15:03] Saved 4 rows to ucsd_occupancy_history.csv
[2026-07-08 09:15:03] Main Gym Fitness Gym: 22% (Closed) people=16 capacity=72 is_open=False hour_summary=closed
[2026-07-08 09:15:03] Outback Climbing Center: 9% (Closed) people=3 capacity=30 is_open=False hour_summary=closed
[2026-07-08 09:15:03] RIMAC Fitness Gym: 13% (Not Busy) people=19 capacity=150 is_open=True hour_summary=open
[2026-07-08 09:15:03] Triton Esports Center: 0% (Closed) people=0 capacity=35 is_open=False hour_summary=closed
[2026-07-08 09:15:03] === SCRAPE END OK ===
[2026-07-08 09:30:02] === SCRAPE START ===
[2026-07-08 09:30:02] Fetching https://waitz.io/live/ucsd-rec
[2026-07-08 09:30:04] Saved 4 rows to ucsd_occupancy_history.csv
[2026-07-08 09:30:04] Main Gym Fitness Gym: 37% (Closed) people=26 capacity=72 is_open=False hour_summary=closed
[2026-07-08 09:30:04] Outback Climbing Center: 4% (Closed) people=1 capacity=30 is_open=False hour_summary=closed
[2026-07-08 09:30:04] RIMAC Fitness Gym: 13% (Not Busy) people=20 capacity=150 is_open=True hour_summary=open
[2026-07-08 09:30:04] Triton Esports Center: 0% (Closed) people=0 capacity=35 is_open=False hour_summary=closed
[2026-07-08 09:30:04] === SCRAPE END OK ===
[2026-07-08 09:45:02] === SCRAPE START ===
[2026-07-08 09:45:02] Fetching https://waitz.io/live/ucsd-rec
[2026-07-08 09:45:03] Saved 4 rows to ucsd_occupancy_history.csv
[2026-07-08 09:45:03] Main Gym Fitness Gym: 38% (Closed) people=27 capacity=72 is_open=False hour_summary=closed
[2026-07-08 09:45:03] Outback Climbing Center: 10% (Closed) people=3 capacity=30 is_open=False hour_summary=closed
[2026-07-08 09:45:03] RIMAC Fitness Gym: 13% (Not Busy) people=20 capacity=150 is_open=True hour_summary=open
[2026-07-08 09:45:03] Triton Esports Center: 0% (Closed) people=0 capacity=35 is_open=False hour_summary=closed
[2026-07-08 09:45:03] === SCRAPE END OK ===
[2026-07-08 10:00:02] === SCRAPE START ===
[2026-07-08 10:00:02] Fetching https://waitz.io/live/ucsd-rec
[2026-07-08 10:00:04] Saved 4 rows to ucsd_occupancy_history.csv
[2026-07-08 10:00:04] Main Gym Fitness Gym: 38% (Closed) people=27 capacity=72 is_open=False hour_summary=closed
[2026-07-08 10:00:04] Outback Climbing Center: 7% (Closed) people=2 capacity=30 is_open=False hour_summary=closed
[2026-07-08 10:00:04] RIMAC Fitness Gym: 17% (Not Busy) people=25 capacity=150 is_open=True hour_summary=open
[2026-07-08 10:00:04] Triton Esports Center: 0% (Closed) people=0 capacity=35 is_open=False hour_summary=closed
[2026-07-08 10:00:04] === SCRAPE END OK ===
[2026-07-08 10:15:02] === SCRAPE START ===
[2026-07-08 10:15:02] Fetching https://waitz.io/live/ucsd-rec
[2026-07-08 10:15:03] Saved 4 rows to ucsd_occupancy_history.csv
[2026-07-08 10:15:03] Main Gym Fitness Gym: 37% (Closed) people=27 capacity=72 is_open=False hour_summary=closed
[2026-07-08 10:15:03] Outback Climbing Center: 13% (Closed) people=4 capacity=30 is_open=False hour_summary=closed
[2026-07-08 10:15:03] RIMAC Fitness Gym: 14% (Not Busy) people=22 capacity=150 is_open=True hour_summary=open
[2026-07-08 10:15:03] Triton Esports Center: 0% (Closed) people=0 capacity=35 is_open=False hour_summary=closed
[2026-07-08 10:15:03] === SCRAPE END OK ===
[2026-07-08 10:30:02] === SCRAPE START ===
[2026-07-08 10:30:02] Fetching https://waitz.io/live/ucsd-rec
[2026-07-08 10:30:04] Saved 4 rows to ucsd_occupancy_history.csv
[2026-07-08 10:30:04] Main Gym Fitness Gym: 42% (Closed) people=30 capacity=72 is_open=False hour_summary=closed
[2026-07-08 10:30:04] Outback Climbing Center: 6% (Closed) people=2 capacity=30 is_open=False hour_summary=closed
[2026-07-08 10:30:04] RIMAC Fitness Gym: 12% (Not Busy) people=18 capacity=150 is_open=True hour_summary=open
[2026-07-08 10:30:04] Triton Esports Center: 0% (Closed) people=0 capacity=35 is_open=False hour_summary=closed
[2026-07-08 10:30:04] === SCRAPE END OK ===
[2026-07-08 10:45:02] === SCRAPE START ===
[2026-07-08 10:45:02] Fetching https://waitz.io/live/ucsd-rec
[2026-07-08 10:45:03] Saved 4 rows to ucsd_occupancy_history.csv
[2026-07-08 10:45:03] Main Gym Fitness Gym: 42% (Closed) people=30 capacity=72 is_open=False hour_summary=closed
[2026-07-08 10:45:03] Outback Climbing Center: 7% (Closed) people=2 capacity=30 is_open=False hour_summary=closed
[2026-07-08 10:45:03] RIMAC Fitness Gym: 12% (Not Busy) people=17 capacity=150 is_open=True hour_summary=open
[2026-07-08 10:45:03] Triton Esports Center: 0% (Closed) people=0 capacity=35 is_open=False hour_summary=closed
[2026-07-08 10:45:03] === SCRAPE END OK ===
[2026-07-08 11:00:02] === SCRAPE START ===
[2026-07-08 11:00:02] Fetching https://waitz.io/live/ucsd-rec
[2026-07-08 11:00:03] Saved 4 rows to ucsd_occupancy_history.csv
[2026-07-08 11:00:03] Main Gym Fitness Gym: 48% (Closed) people=34 capacity=72 is_open=False hour_summary=closed
[2026-07-08 11:00:03] Outback Climbing Center: 9% (Closed) people=3 capacity=30 is_open=False hour_summary=closed
[2026-07-08 11:00:03] RIMAC Fitness Gym: 11% (Not Busy) people=16 capacity=150 is_open=True hour_summary=open
[2026-07-08 11:00:03] Triton Esports Center: 0% (Closed) people=0 capacity=35 is_open=False hour_summary=closed
[2026-07-08 11:00:03] === SCRAPE END OK ===
[2026-07-08 11:15:02] === SCRAPE START ===
[2026-07-08 11:15:02] Fetching https://waitz.io/live/ucsd-rec
[2026-07-08 11:15:03] Saved 4 rows to ucsd_occupancy_history.csv
[2026-07-08 11:15:03] Main Gym Fitness Gym: 65% (Closed) people=47 capacity=72 is_open=False hour_summary=closed
[2026-07-08 11:15:03] Outback Climbing Center: 4% (Closed) people=1 capacity=30 is_open=False hour_summary=closed
[2026-07-08 11:15:03] RIMAC Fitness Gym: 16% (Not Busy) people=24 capacity=150 is_open=True hour_summary=open
[2026-07-08 11:15:03] Triton Esports Center: 0% (Closed) people=0 capacity=35 is_open=False hour_summary=closed
[2026-07-08 11:15:03] === SCRAPE END OK ===
[2026-07-08 11:30:02] === SCRAPE START ===
[2026-07-08 11:30:02] Fetching https://waitz.io/live/ucsd-rec
[2026-07-08 11:30:04] Saved 4 rows to ucsd_occupancy_history.csv
[2026-07-08 11:30:04] Main Gym Fitness Gym: 70% (Closed) people=51 capacity=72 is_open=False hour_summary=closed
[2026-07-08 11:30:04] Outback Climbing Center: 10% (Closed) people=3 capacity=30 is_open=False hour_summary=closed
[2026-07-08 11:30:04] RIMAC Fitness Gym: 19% (Not Busy) people=28 capacity=150 is_open=True hour_summary=open
[2026-07-08 11:30:04] Triton Esports Center: 0% (Closed) people=0 capacity=35 is_open=False hour_summary=closed
[2026-07-08 11:30:04] === SCRAPE END OK ===
[2026-07-08 11:45:02] === SCRAPE START ===
[2026-07-08 11:45:02] Fetching https://waitz.io/live/ucsd-rec
[2026-07-08 11:45:03] Saved 4 rows to ucsd_occupancy_history.csv
[2026-07-08 11:45:03] Main Gym Fitness Gym: 58% (Closed) people=42 capacity=72 is_open=False hour_summary=closed
[2026-07-08 11:45:03] Outback Climbing Center: 9% (Closed) people=3 capacity=30 is_open=False hour_summary=closed
[2026-07-08 11:45:03] RIMAC Fitness Gym: 16% (Not Busy) people=24 capacity=150 is_open=True hour_summary=open
[2026-07-08 11:45:03] Triton Esports Center: 0% (Closed) people=0 capacity=35 is_open=False hour_summary=closed
[2026-07-08 11:45:03] === SCRAPE END OK ===
[2026-07-08 12:00:02] === SCRAPE START ===
[2026-07-08 12:00:02] Fetching https://waitz.io/live/ucsd-rec
[2026-07-08 12:00:04] Saved 4 rows to ucsd_occupancy_history.csv
[2026-07-08 12:00:04] Main Gym Fitness Gym: 63% (Closed) people=45 capacity=72 is_open=False hour_summary=closed
[2026-07-08 12:00:04] Outback Climbing Center: 6% (Closed) people=2 capacity=30 is_open=False hour_summary=closed
[2026-07-08 12:00:04] RIMAC Fitness Gym: 19% (Not Busy) people=29 capacity=150 is_open=True hour_summary=open
[2026-07-08 12:00:04] Triton Esports Center: 0% (Closed) people=0 capacity=35 is_open=False hour_summary=closed
[2026-07-08 12:00:04] === SCRAPE END OK ===
[2026-07-08 12:15:02] === SCRAPE START ===
[2026-07-08 12:15:02] Fetching https://waitz.io/live/ucsd-rec
[2026-07-08 12:15:03] Saved 4 rows to ucsd_occupancy_history.csv
[2026-07-08 12:15:03] Main Gym Fitness Gym: 41% (Closed) people=30 capacity=72 is_open=False hour_summary=closed
[2026-07-08 12:15:03] Outback Climbing Center: 6% (Closed) people=2 capacity=30 is_open=False hour_summary=closed
[2026-07-08 12:15:03] RIMAC Fitness Gym: 15% (Not Busy) people=23 capacity=150 is_open=True hour_summary=open
[2026-07-08 12:15:03] Triton Esports Center: 0% (Closed) people=0 capacity=35 is_open=False hour_summary=closed
[2026-07-08 12:15:03] === SCRAPE END OK ===
[2026-07-08 12:30:02] === SCRAPE START ===
[2026-07-08 12:30:02] Fetching https://waitz.io/live/ucsd-rec
[2026-07-08 12:30:04] Saved 4 rows to ucsd_occupancy_history.csv
[2026-07-08 12:30:04] Main Gym Fitness Gym: 11% (Closed) people=8 capacity=72 is_open=False hour_summary=closed
[2026-07-08 12:30:04] Outback Climbing Center: 10% (Closed) people=3 capacity=30 is_open=False hour_summary=closed
[2026-07-08 12:30:04] RIMAC Fitness Gym: 20% (Not Busy) people=30 capacity=150 is_open=True hour_summary=open
[2026-07-08 12:30:04] Triton Esports Center: 0% (Closed) people=0 capacity=35 is_open=False hour_summary=closed
[2026-07-08 12:30:04] === SCRAPE END OK ===
[2026-07-08 12:45:02] === SCRAPE START ===
[2026-07-08 12:45:02] Fetching https://waitz.io/live/ucsd-rec
[2026-07-08 12:45:03] Saved 4 rows to ucsd_occupancy_history.csv
[2026-07-08 12:45:03] Main Gym Fitness Gym: 13% (Closed) people=9 capacity=72 is_open=False hour_summary=closed
[2026-07-08 12:45:03] Outback Climbing Center: 11% (Closed) people=3 capacity=30 is_open=False hour_summary=closed
[2026-07-08 12:45:03] RIMAC Fitness Gym: 18% (Not Busy) people=27 capacity=150 is_open=True hour_summary=open
[2026-07-08 12:45:03] Triton Esports Center: 0% (Closed) people=0 capacity=35 is_open=False hour_summary=closed
[2026-07-08 12:45:03] === SCRAPE END OK ===
[2026-07-08 13:00:02] === SCRAPE START ===
[2026-07-08 13:00:02] Fetching https://waitz.io/live/ucsd-rec
[2026-07-08 13:00:04] Saved 4 rows to ucsd_occupancy_history.csv
[2026-07-08 13:00:04] Main Gym Fitness Gym: 16% (Closed) people=11 capacity=72 is_open=False hour_summary=closed
[2026-07-08 13:00:04] Outback Climbing Center: 7% (Closed) people=2 capacity=30 is_open=False hour_summary=closed
[2026-07-08 13:00:04] RIMAC Fitness Gym: 16% (Not Busy) people=25 capacity=150 is_open=True hour_summary=open
[2026-07-08 13:00:04] Triton Esports Center: 0% (Closed) people=0 capacity=35 is_open=False hour_summary=closed
[2026-07-08 13:00:04] === SCRAPE END OK ===
[2026-07-08 13:15:02] === SCRAPE START ===
[2026-07-08 13:15:02] Fetching https://waitz.io/live/ucsd-rec
[2026-07-08 13:15:03] Saved 4 rows to ucsd_occupancy_history.csv
[2026-07-08 13:15:03] Main Gym Fitness Gym: 18% (Closed) people=13 capacity=72 is_open=False hour_summary=closed
[2026-07-08 13:15:03] Outback Climbing Center: 8% (Closed) people=2 capacity=30 is_open=False hour_summary=closed
[2026-07-08 13:15:03] RIMAC Fitness Gym: 25% (Not Busy) people=37 capacity=150 is_open=True hour_summary=open
[2026-07-08 13:15:03] Triton Esports Center: 0% (Closed) people=0 capacity=35 is_open=False hour_summary=closed
[2026-07-08 13:15:03] === SCRAPE END OK ===
[2026-07-08 13:30:02] === SCRAPE START ===
[2026-07-08 13:30:02] Fetching https://waitz.io/live/ucsd-rec
[2026-07-08 13:30:04] Saved 4 rows to ucsd_occupancy_history.csv
[2026-07-08 13:30:04] Main Gym Fitness Gym: 41% (Closed) people=29 capacity=72 is_open=False hour_summary=closed
[2026-07-08 13:30:04] Outback Climbing Center: 10% (Closed) people=3 capacity=30 is_open=False hour_summary=closed
[2026-07-08 13:30:04] RIMAC Fitness Gym: 22% (Not Busy) people=33 capacity=150 is_open=True hour_summary=open
[2026-07-08 13:30:04] Triton Esports Center: 0% (Closed) people=0 capacity=35 is_open=False hour_summary=closed
[2026-07-08 13:30:04] === SCRAPE END OK ===
[2026-07-08 13:45:02] === SCRAPE START ===
[2026-07-08 13:45:02] Fetching https://waitz.io/live/ucsd-rec
[2026-07-08 13:45:03] Saved 4 rows to ucsd_occupancy_history.csv
[2026-07-08 13:45:03] Main Gym Fitness Gym: 33% (Closed) people=24 capacity=72 is_open=False hour_summary=closed
[2026-07-08 13:45:03] Outback Climbing Center: 7% (Closed) people=2 capacity=30 is_open=False hour_summary=closed
[2026-07-08 13:45:03] RIMAC Fitness Gym: 25% (Not Busy) people=38 capacity=150 is_open=True hour_summary=open
[2026-07-08 13:45:03] Triton Esports Center: 0% (Closed) people=0 capacity=35 is_open=False hour_summary=closed
[2026-07-08 13:45:03] === SCRAPE END OK ===
[2026-07-08 14:00:02] === SCRAPE START ===
[2026-07-08 14:00:02] Fetching https://waitz.io/live/ucsd-rec
[2026-07-08 14:00:04] Saved 4 rows to ucsd_occupancy_history.csv
[2026-07-08 14:00:04] Main Gym Fitness Gym: 35% (Closed) people=26 capacity=72 is_open=False hour_summary=closed
[2026-07-08 14:00:04] Outback Climbing Center: 27% (Closed) people=8 capacity=30 is_open=False hour_summary=closed
[2026-07-08 14:00:04] RIMAC Fitness Gym: 17% (Not Busy) people=26 capacity=150 is_open=True hour_summary=open
[2026-07-08 14:00:04] Triton Esports Center: 0% (Closed) people=0 capacity=35 is_open=False hour_summary=closed
[2026-07-08 14:00:04] === SCRAPE END OK ===
[2026-07-08 14:15:02] === SCRAPE START ===
[2026-07-08 14:15:02] Fetching https://waitz.io/live/ucsd-rec
[2026-07-08 14:15:03] Saved 4 rows to ucsd_occupancy_history.csv
[2026-07-08 14:15:03] Main Gym Fitness Gym: 37% (Closed) people=27 capacity=72 is_open=False hour_summary=closed
[2026-07-08 14:15:03] Outback Climbing Center: 24% (Closed) people=7 capacity=30 is_open=False hour_summary=closed
[2026-07-08 14:15:03] RIMAC Fitness Gym: 25% (Not Busy) people=38 capacity=150 is_open=True hour_summary=open
[2026-07-08 14:15:03] Triton Esports Center: 0% (Closed) people=0 capacity=35 is_open=False hour_summary=closed
[2026-07-08 14:15:03] === SCRAPE END OK ===
[2026-07-08 14:30:02] === SCRAPE START ===
[2026-07-08 14:30:02] Fetching https://waitz.io/live/ucsd-rec
[2026-07-08 14:30:04] Saved 4 rows to ucsd_occupancy_history.csv
[2026-07-08 14:30:04] Main Gym Fitness Gym: 36% (Closed) people=26 capacity=72 is_open=False hour_summary=closed
[2026-07-08 14:30:04] Outback Climbing Center: 24% (Closed) people=7 capacity=30 is_open=False hour_summary=closed
[2026-07-08 14:30:04] RIMAC Fitness Gym: 26% (Not Busy) people=39 capacity=150 is_open=True hour_summary=open
[2026-07-08 14:30:04] Triton Esports Center: 0% (Closed) people=0 capacity=35 is_open=False hour_summary=closed
[2026-07-08 14:30:04] === SCRAPE END OK ===
[2026-07-08 14:45:02] === SCRAPE START ===
[2026-07-08 14:45:02] Fetching https://waitz.io/live/ucsd-rec
[2026-07-08 14:45:03] Saved 4 rows to ucsd_occupancy_history.csv
[2026-07-08 14:45:03] Main Gym Fitness Gym: 34% (Closed) people=25 capacity=72 is_open=False hour_summary=closed
[2026-07-08 14:45:03] Outback Climbing Center: 39% (Closed) people=12 capacity=30 is_open=False hour_summary=closed
[2026-07-08 14:45:03] RIMAC Fitness Gym: 22% (Not Busy) people=33 capacity=150 is_open=True hour_summary=open
[2026-07-08 14:45:03] Triton Esports Center: 0% (Closed) people=0 capacity=35 is_open=False hour_summary=closed
[2026-07-08 14:45:03] === SCRAPE END OK ===
[2026-07-08 15:00:02] === SCRAPE START ===
[2026-07-08 15:00:02] Fetching https://waitz.io/live/ucsd-rec
[2026-07-08 15:00:04] Saved 4 rows to ucsd_occupancy_history.csv
[2026-07-08 15:00:04] Main Gym Fitness Gym: 11% (Closed) people=8 capacity=72 is_open=False hour_summary=closed
[2026-07-08 15:00:04] Outback Climbing Center: 28% (Closed) people=8 capacity=30 is_open=False hour_summary=closed
[2026-07-08 15:00:04] RIMAC Fitness Gym: 24% (Not Busy) people=35 capacity=150 is_open=True hour_summary=open
[2026-07-08 15:00:04] Triton Esports Center: 0% (Closed) people=0 capacity=35 is_open=False hour_summary=closed
[2026-07-08 15:00:04] === SCRAPE END OK ===
[2026-07-08 15:15:03] === SCRAPE START ===
[2026-07-08 15:15:03] Fetching https://waitz.io/live/ucsd-rec
[2026-07-08 15:15:04] Saved 4 rows to ucsd_occupancy_history.csv
[2026-07-08 15:15:04] Main Gym Fitness Gym: 10% (Closed) people=7 capacity=72 is_open=False hour_summary=closed
[2026-07-08 15:15:04] Outback Climbing Center: 50% (Closed) people=15 capacity=30 is_open=False hour_summary=closed
[2026-07-08 15:15:04] RIMAC Fitness Gym: 16% (Not Busy) people=24 capacity=150 is_open=True hour_summary=open
[2026-07-08 15:15:04] Triton Esports Center: 0% (Closed) people=0 capacity=35 is_open=False hour_summary=closed
[2026-07-08 15:15:04] === SCRAPE END OK ===
[2026-07-08 15:30:02] === SCRAPE START ===
[2026-07-08 15:30:02] Fetching https://waitz.io/live/ucsd-rec
[2026-07-08 15:30:04] Saved 4 rows to ucsd_occupancy_history.csv
[2026-07-08 15:30:04] Main Gym Fitness Gym: 12% (Closed) people=8 capacity=72 is_open=False hour_summary=closed
[2026-07-08 15:30:04] Outback Climbing Center: 51% (Closed) people=15 capacity=30 is_open=False hour_summary=closed
[2026-07-08 15:30:04] RIMAC Fitness Gym: 21% (Not Busy) people=32 capacity=150 is_open=True hour_summary=open
[2026-07-08 15:30:04] Triton Esports Center: 0% (Closed) people=0 capacity=35 is_open=False hour_summary=closed
[2026-07-08 15:30:04] === SCRAPE END OK ===
[2026-07-08 15:45:02] === SCRAPE START ===
[2026-07-08 15:45:02] Fetching https://waitz.io/live/ucsd-rec
[2026-07-08 15:45:03] Saved 4 rows to ucsd_occupancy_history.csv
[2026-07-08 15:45:03] Main Gym Fitness Gym: 5% (Closed) people=4 capacity=72 is_open=False hour_summary=closed
[2026-07-08 15:45:03] Outback Climbing Center: 40% (Closed) people=12 capacity=30 is_open=False hour_summary=closed
[2026-07-08 15:45:03] RIMAC Fitness Gym: 21% (Not Busy) people=31 capacity=150 is_open=True hour_summary=open
[2026-07-08 15:45:03] Triton Esports Center: 0% (Closed) people=0 capacity=35 is_open=False hour_summary=closed
[2026-07-08 15:45:03] === SCRAPE END OK ===
[2026-07-08 16:00:02] === SCRAPE START ===
[2026-07-08 16:00:02] Fetching https://waitz.io/live/ucsd-rec
[2026-07-08 16:00:04] Saved 4 rows to ucsd_occupancy_history.csv
[2026-07-08 16:00:04] Main Gym Fitness Gym: 15% (Closed) people=10 capacity=72 is_open=False hour_summary=closed
[2026-07-08 16:00:04] Outback Climbing Center: 34% (Closed) people=10 capacity=30 is_open=False hour_summary=closed
[2026-07-08 16:00:04] RIMAC Fitness Gym: 17% (Not Busy) people=26 capacity=150 is_open=True hour_summary=open
[2026-07-08 16:00:04] Triton Esports Center: 0% (Closed) people=0 capacity=35 is_open=False hour_summary=closed
[2026-07-08 16:00:04] === SCRAPE END OK ===
[2026-07-08 16:15:02] === SCRAPE START ===
[2026-07-08 16:15:02] Fetching https://waitz.io/live/ucsd-rec
[2026-07-08 16:15:03] Saved 4 rows to ucsd_occupancy_history.csv
[2026-07-08 16:15:03] Main Gym Fitness Gym: 20% (Closed) people=14 capacity=72 is_open=False hour_summary=closed
[2026-07-08 16:15:03] Outback Climbing Center: 53% (Closed) people=16 capacity=30 is_open=False hour_summary=closed
[2026-07-08 16:15:03] RIMAC Fitness Gym: 18% (Not Busy) people=28 capacity=150 is_open=True hour_summary=open
[2026-07-08 16:15:03] Triton Esports Center: 0% (Closed) people=0 capacity=35 is_open=False hour_summary=closed
[2026-07-08 16:15:03] === SCRAPE END OK ===
[2026-07-08 16:30:02] === SCRAPE START ===
[2026-07-08 16:30:02] Fetching https://waitz.io/live/ucsd-rec
[2026-07-08 16:30:04] Saved 4 rows to ucsd_occupancy_history.csv
[2026-07-08 16:30:04] Main Gym Fitness Gym: 18% (Closed) people=13 capacity=72 is_open=False hour_summary=closed
[2026-07-08 16:30:04] Outback Climbing Center: 63% (Closed) people=19 capacity=30 is_open=False hour_summary=closed
[2026-07-08 16:30:04] RIMAC Fitness Gym: 26% (Not Busy) people=39 capacity=150 is_open=True hour_summary=open
[2026-07-08 16:30:04] Triton Esports Center: 0% (Closed) people=0 capacity=35 is_open=False hour_summary=closed
[2026-07-08 16:30:04] === SCRAPE END OK ===
[2026-07-08 16:45:02] === SCRAPE START ===
[2026-07-08 16:45:02] Fetching https://waitz.io/live/ucsd-rec
[2026-07-08 16:45:04] Saved 4 rows to ucsd_occupancy_history.csv
[2026-07-08 16:45:04] Main Gym Fitness Gym: 25% (Closed) people=18 capacity=72 is_open=False hour_summary=closed
[2026-07-08 16:45:04] Outback Climbing Center: 67% (Closed) people=20 capacity=30 is_open=False hour_summary=closed
[2026-07-08 16:45:04] RIMAC Fitness Gym: 25% (Not Busy) people=37 capacity=150 is_open=True hour_summary=open
[2026-07-08 16:45:04] Triton Esports Center: 0% (Closed) people=0 capacity=35 is_open=False hour_summary=closed
[2026-07-08 16:45:04] === SCRAPE END OK ===
[2026-07-08 17:00:02] === SCRAPE START ===
[2026-07-08 17:00:02] Fetching https://waitz.io/live/ucsd-rec
[2026-07-08 17:00:04] Saved 4 rows to ucsd_occupancy_history.csv
[2026-07-08 17:00:04] Main Gym Fitness Gym: 36% (Closed) people=26 capacity=72 is_open=False hour_summary=closed
[2026-07-08 17:00:04] Outback Climbing Center: 48% (Closed) people=14 capacity=30 is_open=False hour_summary=closed
[2026-07-08 17:00:04] RIMAC Fitness Gym: 29% (Not Busy) people=43 capacity=150 is_open=True hour_summary=open
[2026-07-08 17:00:04] Triton Esports Center: 0% (Closed) people=0 capacity=35 is_open=False hour_summary=closed
[2026-07-08 17:00:04] === SCRAPE END OK ===
[2026-07-08 17:15:02] === SCRAPE START ===
[2026-07-08 17:15:02] Fetching https://waitz.io/live/ucsd-rec
[2026-07-08 17:15:03] Saved 4 rows to ucsd_occupancy_history.csv
[2026-07-08 17:15:03] Main Gym Fitness Gym: 29% (Closed) people=21 capacity=72 is_open=False hour_summary=closed
[2026-07-08 17:15:03] Outback Climbing Center: 57% (Closed) people=17 capacity=30 is_open=False hour_summary=closed
[2026-07-08 17:15:03] RIMAC Fitness Gym: 32% (Not Busy) people=48 capacity=150 is_open=True hour_summary=open
[2026-07-08 17:15:03] Triton Esports Center: 0% (Closed) people=0 capacity=35 is_open=False hour_summary=closed
[2026-07-08 17:15:03] === SCRAPE END OK ===
[2026-07-08 17:30:02] === SCRAPE START ===
[2026-07-08 17:30:02] Fetching https://waitz.io/live/ucsd-rec
[2026-07-08 17:30:04] Saved 4 rows to ucsd_occupancy_history.csv
[2026-07-08 17:30:04] Main Gym Fitness Gym: 28% (Closed) people=20 capacity=72 is_open=False hour_summary=closed
[2026-07-08 17:30:04] Outback Climbing Center: 47% (Closed) people=14 capacity=30 is_open=False hour_summary=closed
[2026-07-08 17:30:04] RIMAC Fitness Gym: 34% (Not Busy) people=50 capacity=150 is_open=True hour_summary=open
[2026-07-08 17:30:04] Triton Esports Center: 0% (Closed) people=0 capacity=35 is_open=False hour_summary=closed
[2026-07-08 17:30:04] === SCRAPE END OK ===
[2026-07-08 17:45:02] === SCRAPE START ===
[2026-07-08 17:45:02] Fetching https://waitz.io/live/ucsd-rec
[2026-07-08 17:45:03] Saved 4 rows to ucsd_occupancy_history.csv
[2026-07-08 17:45:03] Main Gym Fitness Gym: 30% (Closed) people=21 capacity=72 is_open=False hour_summary=closed
[2026-07-08 17:45:03] Outback Climbing Center: 76% (Closed) people=23 capacity=30 is_open=False hour_summary=closed
[2026-07-08 17:45:03] RIMAC Fitness Gym: 34% (Not Busy) people=51 capacity=150 is_open=True hour_summary=open
[2026-07-08 17:45:03] Triton Esports Center: 0% (Closed) people=0 capacity=35 is_open=False hour_summary=closed
[2026-07-08 17:45:03] === SCRAPE END OK ===
[2026-07-08 18:00:02] === SCRAPE START ===
[2026-07-08 18:00:02] Fetching https://waitz.io/live/ucsd-rec
[2026-07-08 18:00:04] Saved 4 rows to ucsd_occupancy_history.csv
[2026-07-08 18:00:04] Main Gym Fitness Gym: 48% (Closed) people=34 capacity=72 is_open=False hour_summary=closed
[2026-07-08 18:00:04] Outback Climbing Center: 53% (Closed) people=16 capacity=30 is_open=False hour_summary=closed
[2026-07-08 18:00:04] RIMAC Fitness Gym: 30% (Not Busy) people=45 capacity=150 is_open=True hour_summary=open
[2026-07-08 18:00:04] Triton Esports Center: 0% (Closed) people=0 capacity=35 is_open=False hour_summary=closed
[2026-07-08 18:00:04] === SCRAPE END OK ===
[2026-07-08 18:15:02] === SCRAPE START ===
[2026-07-08 18:15:02] Fetching https://waitz.io/live/ucsd-rec
[2026-07-08 18:15:03] Saved 4 rows to ucsd_occupancy_history.csv
[2026-07-08 18:15:03] Main Gym Fitness Gym: 50% (Closed) people=36 capacity=72 is_open=False hour_summary=closed
[2026-07-08 18:15:03] Outback Climbing Center: 59% (Closed) people=18 capacity=30 is_open=False hour_summary=closed
[2026-07-08 18:15:03] RIMAC Fitness Gym: 25% (Not Busy) people=38 capacity=150 is_open=True hour_summary=open
[2026-07-08 18:15:03] Triton Esports Center: 0% (Closed) people=0 capacity=35 is_open=False hour_summary=closed
[2026-07-08 18:15:03] === SCRAPE END OK ===
[2026-07-08 18:30:02] === SCRAPE START ===
[2026-07-08 18:30:02] Fetching https://waitz.io/live/ucsd-rec
[2026-07-08 18:30:04] Saved 4 rows to ucsd_occupancy_history.csv
[2026-07-08 18:30:04] Main Gym Fitness Gym: 38% (Closed) people=27 capacity=72 is_open=False hour_summary=closed
[2026-07-08 18:30:04] Outback Climbing Center: 36% (Closed) people=11 capacity=30 is_open=False hour_summary=closed
[2026-07-08 18:30:04] RIMAC Fitness Gym: 34% (Not Busy) people=51 capacity=150 is_open=True hour_summary=open
[2026-07-08 18:30:04] Triton Esports Center: 0% (Closed) people=0 capacity=35 is_open=False hour_summary=closed
[2026-07-08 18:30:04] === SCRAPE END OK ===
[2026-07-08 18:45:02] === SCRAPE START ===
[2026-07-08 18:45:02] Fetching https://waitz.io/live/ucsd-rec
[2026-07-08 18:45:03] Saved 4 rows to ucsd_occupancy_history.csv
[2026-07-08 18:45:03] Main Gym Fitness Gym: 42% (Closed) people=31 capacity=72 is_open=False hour_summary=closed
[2026-07-08 18:45:03] Outback Climbing Center: 41% (Closed) people=12 capacity=30 is_open=False hour_summary=closed
[2026-07-08 18:45:03] RIMAC Fitness Gym: 33% (Not Busy) people=49 capacity=150 is_open=True hour_summary=open
[2026-07-08 18:45:03] Triton Esports Center: 0% (Closed) people=0 capacity=35 is_open=False hour_summary=closed
[2026-07-08 18:45:03] === SCRAPE END OK ===
[2026-07-08 19:00:02] === SCRAPE START ===
[2026-07-08 19:00:02] Fetching https://waitz.io/live/ucsd-rec
[2026-07-08 19:00:04] Saved 4 rows to ucsd_occupancy_history.csv
[2026-07-08 19:00:04] Main Gym Fitness Gym: 43% (Closed) people=31 capacity=72 is_open=False hour_summary=closed
[2026-07-08 19:00:04] Outback Climbing Center: 99% (Closed) people=33 capacity=30 is_open=False hour_summary=closed
[2026-07-08 19:00:04] RIMAC Fitness Gym: 37% (Not Busy) people=55 capacity=150 is_open=True hour_summary=open
[2026-07-08 19:00:04] Triton Esports Center: 0% (Closed) people=0 capacity=35 is_open=False hour_summary=closed
[2026-07-08 19:00:04] === SCRAPE END OK ===
[2026-07-08 19:15:02] === SCRAPE START ===
[2026-07-08 19:15:02] Fetching https://waitz.io/live/ucsd-rec
[2026-07-08 19:15:03] Saved 4 rows to ucsd_occupancy_history.csv
[2026-07-08 19:15:03] Main Gym Fitness Gym: 40% (Closed) people=29 capacity=72 is_open=False hour_summary=closed
[2026-07-08 19:15:03] Outback Climbing Center: 72% (Closed) people=22 capacity=30 is_open=False hour_summary=closed
[2026-07-08 19:15:03] RIMAC Fitness Gym: 30% (Not Busy) people=45 capacity=150 is_open=True hour_summary=open
[2026-07-08 19:15:03] Triton Esports Center: 0% (Closed) people=0 capacity=35 is_open=False hour_summary=closed
[2026-07-08 19:15:03] === SCRAPE END OK ===
[2026-07-08 19:30:02] === SCRAPE START ===
[2026-07-08 19:30:02] Fetching https://waitz.io/live/ucsd-rec
[2026-07-08 19:30:04] Saved 4 rows to ucsd_occupancy_history.csv
[2026-07-08 19:30:04] Main Gym Fitness Gym: 40% (Closed) people=29 capacity=72 is_open=False hour_summary=closed
[2026-07-08 19:30:04] Outback Climbing Center: 66% (Closed) people=20 capacity=30 is_open=False hour_summary=closed
[2026-07-08 19:30:04] RIMAC Fitness Gym: 26% (Not Busy) people=38 capacity=150 is_open=True hour_summary=open
[2026-07-08 19:30:04] Triton Esports Center: 0% (Closed) people=0 capacity=35 is_open=False hour_summary=closed
[2026-07-08 19:30:04] === SCRAPE END OK ===
[2026-07-08 19:45:02] === SCRAPE START ===
[2026-07-08 19:45:02] Fetching https://waitz.io/live/ucsd-rec
[2026-07-08 19:45:03] Saved 4 rows to ucsd_occupancy_history.csv
[2026-07-08 19:45:03] Main Gym Fitness Gym: 39% (Closed) people=28 capacity=72 is_open=False hour_summary=closed
[2026-07-08 19:45:03] Outback Climbing Center: 68% (Closed) people=20 capacity=30 is_open=False hour_summary=closed
[2026-07-08 19:45:03] RIMAC Fitness Gym: 21% (Not Busy) people=32 capacity=150 is_open=True hour_summary=open
[2026-07-08 19:45:03] Triton Esports Center: 0% (Closed) people=0 capacity=35 is_open=False hour_summary=closed
[2026-07-08 19:45:03] === SCRAPE END OK ===
[2026-07-08 20:00:02] === SCRAPE START ===
[2026-07-08 20:00:02] Fetching https://waitz.io/live/ucsd-rec
[2026-07-08 20:00:04] Saved 4 rows to ucsd_occupancy_history.csv
[2026-07-08 20:00:04] Main Gym Fitness Gym: 24% (Closed) people=18 capacity=72 is_open=False hour_summary=closed
[2026-07-08 20:00:04] Outback Climbing Center: 69% (Closed) people=21 capacity=30 is_open=False hour_summary=closed
[2026-07-08 20:00:04] RIMAC Fitness Gym: 32% (Not Busy) people=47 capacity=150 is_open=True hour_summary=open
[2026-07-08 20:00:04] Triton Esports Center: 0% (Closed) people=0 capacity=35 is_open=False hour_summary=closed
[2026-07-08 20:00:04] === SCRAPE END OK ===
[2026-07-08 20:15:02] === SCRAPE START ===
[2026-07-08 20:15:02] Fetching https://waitz.io/live/ucsd-rec
[2026-07-08 20:15:03] Saved 4 rows to ucsd_occupancy_history.csv
[2026-07-08 20:15:03] Main Gym Fitness Gym: 14% (Closed) people=10 capacity=72 is_open=False hour_summary=closed
[2026-07-08 20:15:03] Outback Climbing Center: 8% (Closed) people=3 capacity=30 is_open=False hour_summary=closed
[2026-07-08 20:15:03] RIMAC Fitness Gym: 29% (Not Busy) people=44 capacity=150 is_open=True hour_summary=open
[2026-07-08 20:15:03] Triton Esports Center: 0% (Closed) people=0 capacity=35 is_open=False hour_summary=closed
[2026-07-08 20:15:03] === SCRAPE END OK ===
[2026-07-08 20:30:02] === SCRAPE START ===
[2026-07-08 20:30:02] Fetching https://waitz.io/live/ucsd-rec
[2026-07-08 20:30:04] Saved 4 rows to ucsd_occupancy_history.csv
[2026-07-08 20:30:04] Main Gym Fitness Gym: 4% (Closed) people=3 capacity=72 is_open=False hour_summary=closed
[2026-07-08 20:30:04] Outback Climbing Center: 12% (Closed) people=4 capacity=30 is_open=False hour_summary=closed
[2026-07-08 20:30:04] RIMAC Fitness Gym: 26% (Not Busy) people=39 capacity=150 is_open=True hour_summary=open
[2026-07-08 20:30:04] Triton Esports Center: 0% (Closed) people=0 capacity=35 is_open=False hour_summary=closed
[2026-07-08 20:30:04] === SCRAPE END OK ===
[2026-07-08 20:45:02] === SCRAPE START ===
[2026-07-08 20:45:02] Fetching https://waitz.io/live/ucsd-rec
[2026-07-08 20:45:03] Saved 4 rows to ucsd_occupancy_history.csv
[2026-07-08 20:45:03] Main Gym Fitness Gym: 2% (Closed) people=1 capacity=72 is_open=False hour_summary=closed
[2026-07-08 20:45:03] Outback Climbing Center: 13% (Closed) people=4 capacity=30 is_open=False hour_summary=closed
[2026-07-08 20:45:03] RIMAC Fitness Gym: 18% (Not Busy) people=28 capacity=150 is_open=True hour_summary=open
[2026-07-08 20:45:03] Triton Esports Center: 0% (Closed) people=0 capacity=35 is_open=False hour_summary=closed
[2026-07-08 20:45:03] === SCRAPE END OK ===
[2026-07-08 21:00:02] === SCRAPE START ===
[2026-07-08 21:00:02] Fetching https://waitz.io/live/ucsd-rec
[2026-07-08 21:00:04] Saved 4 rows to ucsd_occupancy_history.csv
[2026-07-08 21:00:04] Main Gym Fitness Gym: 1% (Closed) people=1 capacity=72 is_open=False hour_summary=closed
[2026-07-08 21:00:04] Outback Climbing Center: 12% (Closed) people=4 capacity=30 is_open=False hour_summary=closed
[2026-07-08 21:00:04] RIMAC Fitness Gym: 7% (Closed) people=10 capacity=150 is_open=False hour_summary=Closed until 6:00am
[2026-07-08 21:00:04] Triton Esports Center: 0% (Closed) people=0 capacity=35 is_open=False hour_summary=closed
[2026-07-08 21:00:04] === SCRAPE END OK ===
[2026-07-08 21:15:02] === SCRAPE START ===
[2026-07-08 21:15:02] Fetching https://waitz.io/live/ucsd-rec
[2026-07-08 21:15:03] Saved 4 rows to ucsd_occupancy_history.csv
[2026-07-08 21:15:03] Main Gym Fitness Gym: 1% (Closed) people=1 capacity=72 is_open=False hour_summary=closed
[2026-07-08 21:15:03] Outback Climbing Center: 13% (Closed) people=4 capacity=30 is_open=False hour_summary=closed
[2026-07-08 21:15:03] RIMAC Fitness Gym: 0% (Closed) people=0 capacity=150 is_open=False hour_summary=Closed until 6:00am
[2026-07-08 21:15:03] Triton Esports Center: 0% (Closed) people=0 capacity=35 is_open=False hour_summary=closed
[2026-07-08 21:15:03] === SCRAPE END OK ===
[2026-07-08 21:30:02] === SCRAPE START ===
[2026-07-08 21:30:02] Fetching https://waitz.io/live/ucsd-rec
[2026-07-08 21:30:04] Saved 4 rows to ucsd_occupancy_history.csv
[2026-07-08 21:30:04] Main Gym Fitness Gym: 1% (Closed) people=0 capacity=72 is_open=False hour_summary=closed
[2026-07-08 21:30:04] Outback Climbing Center: 11% (Closed) people=3 capacity=30 is_open=False hour_summary=closed
[2026-07-08 21:30:04] RIMAC Fitness Gym: 0% (Closed) people=0 capacity=150 is_open=False hour_summary=Closed until 6:00am
[2026-07-08 21:30:04] Triton Esports Center: 0% (Closed) people=0 capacity=35 is_open=False hour_summary=closed
[2026-07-08 21:30:04] === SCRAPE END OK ===
[2026-07-08 21:45:02] === SCRAPE START ===
[2026-07-08 21:45:02] Fetching https://waitz.io/live/ucsd-rec
[2026-07-08 21:45:03] Saved 4 rows to ucsd_occupancy_history.csv
[2026-07-08 21:45:03] Main Gym Fitness Gym: 2% (Closed) people=2 capacity=72 is_open=False hour_summary=closed
[2026-07-08 21:45:03] Outback Climbing Center: 5% (Closed) people=2 capacity=30 is_open=False hour_summary=closed
[2026-07-08 21:45:03] RIMAC Fitness Gym: 0% (Closed) people=0 capacity=150 is_open=False hour_summary=Closed until 6:00am
[2026-07-08 21:45:03] Triton Esports Center: 0% (Closed) people=0 capacity=35 is_open=False hour_summary=closed
[2026-07-08 21:45:03] === SCRAPE END OK ===
[2026-07-08 22:00:02] === SCRAPE START ===
[2026-07-08 22:00:02] Fetching https://waitz.io/live/ucsd-rec
[2026-07-08 22:00:04] Saved 4 rows to ucsd_occupancy_history.csv
[2026-07-08 22:00:04] Main Gym Fitness Gym: 1% (Closed) people=1 capacity=72 is_open=False hour_summary=closed
[2026-07-08 22:00:04] Outback Climbing Center: 9% (Closed) people=3 capacity=30 is_open=False hour_summary=closed
[2026-07-08 22:00:04] RIMAC Fitness Gym: 0% (Closed) people=0 capacity=150 is_open=False hour_summary=Closed until 6:00am
[2026-07-08 22:00:04] Triton Esports Center: 0% (Closed) people=0 capacity=35 is_open=False hour_summary=closed
[2026-07-08 22:00:04] === SCRAPE END OK ===
