[2026-06-02 00:00:01] === SCRAPE START ===
[2026-06-02 00:00:01] Fetching https://waitz.io/live/ucsd-rec
[2026-06-02 00:00:03] Saved 4 rows to ucsd_occupancy_history.csv
[2026-06-02 00:00:03] Main Gym Fitness Gym: 1% (Closed) people=1 capacity=72 is_open=False hour_summary=Closed until 6:00am
[2026-06-02 00:00:03] Outback Climbing Center: 1% (Closed) people=0 capacity=30 is_open=False hour_summary=Closed until 10:00am
[2026-06-02 00:00:03] RIMAC Fitness Gym: 1% (Closed) people=1 capacity=150 is_open=False hour_summary=Closed until 6:00am
[2026-06-02 00:00:03] Triton Esports Center: 0% (Closed) people=0 capacity=35 is_open=False hour_summary=Closed until 7:30am
[2026-06-02 00:00:03] === SCRAPE END OK ===
[2026-06-02 00:15:02] === SCRAPE START ===
[2026-06-02 00:15:02] Fetching https://waitz.io/live/ucsd-rec
[2026-06-02 00:15:03] Saved 4 rows to ucsd_occupancy_history.csv
[2026-06-02 00:15:03] Main Gym Fitness Gym: 1% (Closed) people=1 capacity=72 is_open=False hour_summary=Closed until 6:00am
[2026-06-02 00:15:03] Outback Climbing Center: 1% (Closed) people=0 capacity=30 is_open=False hour_summary=Closed until 10:00am
[2026-06-02 00:15:03] RIMAC Fitness Gym: 0% (Closed) people=1 capacity=150 is_open=False hour_summary=Closed until 6:00am
[2026-06-02 00:15:03] Triton Esports Center: 0% (Closed) people=0 capacity=35 is_open=False hour_summary=Closed until 7:30am
[2026-06-02 00:15:03] === SCRAPE END OK ===
[2026-06-02 00:30:02] === SCRAPE START ===
[2026-06-02 00:30:02] Fetching https://waitz.io/live/ucsd-rec
[2026-06-02 00:30:03] Saved 4 rows to ucsd_occupancy_history.csv
[2026-06-02 00:30:03] Main Gym Fitness Gym: 1% (Closed) people=1 capacity=72 is_open=False hour_summary=Closed until 6:00am
[2026-06-02 00:30:03] Outback Climbing Center: 1% (Closed) people=0 capacity=30 is_open=False hour_summary=Closed until 10:00am
[2026-06-02 00:30:03] RIMAC Fitness Gym: 0% (Closed) people=1 capacity=150 is_open=False hour_summary=Closed until 6:00am
[2026-06-02 00:30:03] Triton Esports Center: 0% (Closed) people=0 capacity=35 is_open=False hour_summary=Closed until 7:30am
[2026-06-02 00:30:03] === SCRAPE END OK ===
[2026-06-02 00:45:02] === SCRAPE START ===
[2026-06-02 00:45:02] Fetching https://waitz.io/live/ucsd-rec
[2026-06-02 00:45:03] Saved 4 rows to ucsd_occupancy_history.csv
[2026-06-02 00:45:03] Main Gym Fitness Gym: 1% (Closed) people=1 capacity=72 is_open=False hour_summary=Closed until 6:00am
[2026-06-02 00:45:03] Outback Climbing Center: 1% (Closed) people=0 capacity=30 is_open=False hour_summary=Closed until 10:00am
[2026-06-02 00:45:03] RIMAC Fitness Gym: 1% (Closed) people=1 capacity=150 is_open=False hour_summary=Closed until 6:00am
[2026-06-02 00:45:03] Triton Esports Center: 0% (Closed) people=0 capacity=35 is_open=False hour_summary=Closed until 7:30am
[2026-06-02 00:45:03] === SCRAPE END OK ===
[2026-06-02 01:00:02] === SCRAPE START ===
[2026-06-02 01:00:02] Fetching https://waitz.io/live/ucsd-rec
[2026-06-02 01:00:04] Saved 4 rows to ucsd_occupancy_history.csv
[2026-06-02 01:00:04] Main Gym Fitness Gym: 4% (Closed) people=3 capacity=72 is_open=False hour_summary=Closed until 6:00am
[2026-06-02 01:00:04] Outback Climbing Center: 3% (Closed) people=1 capacity=30 is_open=False hour_summary=Closed until 10:00am
[2026-06-02 01:00:04] RIMAC Fitness Gym: 0% (Closed) people=0 capacity=150 is_open=False hour_summary=Closed until 6:00am
[2026-06-02 01:00:04] Triton Esports Center: 0% (Closed) people=0 capacity=35 is_open=False hour_summary=Closed until 7:30am
[2026-06-02 01:00:04] === SCRAPE END OK ===
[2026-06-02 01:15:02] === SCRAPE START ===
[2026-06-02 01:15:02] Fetching https://waitz.io/live/ucsd-rec
[2026-06-02 01:15:03] Saved 4 rows to ucsd_occupancy_history.csv
[2026-06-02 01:15:03] Main Gym Fitness Gym: 1% (Closed) people=1 capacity=72 is_open=False hour_summary=Closed until 6:00am
[2026-06-02 01:15:03] Outback Climbing Center: 1% (Closed) people=0 capacity=30 is_open=False hour_summary=Closed until 10:00am
[2026-06-02 01:15:03] RIMAC Fitness Gym: 1% (Closed) people=1 capacity=150 is_open=False hour_summary=Closed until 6:00am
[2026-06-02 01:15:03] Triton Esports Center: 0% (Closed) people=0 capacity=35 is_open=False hour_summary=Closed until 7:30am
[2026-06-02 01:15:03] === SCRAPE END OK ===
[2026-06-02 01:30:02] === SCRAPE START ===
[2026-06-02 01:30:02] Fetching https://waitz.io/live/ucsd-rec
[2026-06-02 01:30:04] Saved 4 rows to ucsd_occupancy_history.csv
[2026-06-02 01:30:04] Main Gym Fitness Gym: 2% (Closed) people=1 capacity=72 is_open=False hour_summary=Closed until 6:00am
[2026-06-02 01:30:04] Outback Climbing Center: 2% (Closed) people=1 capacity=30 is_open=False hour_summary=Closed until 10:00am
[2026-06-02 01:30:04] RIMAC Fitness Gym: 1% (Closed) people=1 capacity=150 is_open=False hour_summary=Closed until 6:00am
[2026-06-02 01:30:04] Triton Esports Center: 0% (Closed) people=0 capacity=35 is_open=False hour_summary=Closed until 7:30am
[2026-06-02 01:30:04] === SCRAPE END OK ===
[2026-06-02 01:45:02] === SCRAPE START ===
[2026-06-02 01:45:02] Fetching https://waitz.io/live/ucsd-rec
[2026-06-02 01:45:02] Saved 4 rows to ucsd_occupancy_history.csv
[2026-06-02 01:45:02] Main Gym Fitness Gym: 1% (Closed) people=1 capacity=72 is_open=False hour_summary=Closed until 6:00am
[2026-06-02 01:45:02] Outback Climbing Center: 3% (Closed) people=1 capacity=30 is_open=False hour_summary=Closed until 10:00am
[2026-06-02 01:45:02] RIMAC Fitness Gym: 0% (Closed) people=0 capacity=150 is_open=False hour_summary=Closed until 6:00am
[2026-06-02 01:45:02] Triton Esports Center: 0% (Closed) people=0 capacity=35 is_open=False hour_summary=Closed until 7:30am
[2026-06-02 01:45:02] === SCRAPE END OK ===
[2026-06-02 02:00:02] === SCRAPE START ===
[2026-06-02 02:00:02] Fetching https://waitz.io/live/ucsd-rec
[2026-06-02 02:00:03] Saved 4 rows to ucsd_occupancy_history.csv
[2026-06-02 02:00:03] Main Gym Fitness Gym: 1% (Closed) people=1 capacity=72 is_open=False hour_summary=Closed until 6:00am
[2026-06-02 02:00:03] Outback Climbing Center: 2% (Closed) people=1 capacity=30 is_open=False hour_summary=Closed until 10:00am
[2026-06-02 02:00:03] RIMAC Fitness Gym: 1% (Closed) people=1 capacity=150 is_open=False hour_summary=Closed until 6:00am
[2026-06-02 02:00:03] Triton Esports Center: 0% (Closed) people=0 capacity=35 is_open=False hour_summary=Closed until 7:30am
[2026-06-02 02:00:03] === SCRAPE END OK ===
[2026-06-02 02:15:02] === SCRAPE START ===
[2026-06-02 02:15:02] Fetching https://waitz.io/live/ucsd-rec
[2026-06-02 02:15:03] Saved 4 rows to ucsd_occupancy_history.csv
[2026-06-02 02:15:03] Main Gym Fitness Gym: 1% (Closed) people=1 capacity=72 is_open=False hour_summary=Closed until 6:00am
[2026-06-02 02:15:03] Outback Climbing Center: 2% (Closed) people=1 capacity=30 is_open=False hour_summary=Closed until 10:00am
[2026-06-02 02:15:03] RIMAC Fitness Gym: 0% (Closed) people=1 capacity=150 is_open=False hour_summary=Closed until 6:00am
[2026-06-02 02:15:03] Triton Esports Center: 0% (Closed) people=0 capacity=35 is_open=False hour_summary=Closed until 7:30am
[2026-06-02 02:15:03] === SCRAPE END OK ===
[2026-06-02 02:30:02] === SCRAPE START ===
[2026-06-02 02:30:02] Fetching https://waitz.io/live/ucsd-rec
[2026-06-02 02:30:04] Saved 4 rows to ucsd_occupancy_history.csv
[2026-06-02 02:30:04] Main Gym Fitness Gym: 1% (Closed) people=1 capacity=72 is_open=False hour_summary=Closed until 6:00am
[2026-06-02 02:30:04] Outback Climbing Center: 2% (Closed) people=1 capacity=30 is_open=False hour_summary=Closed until 10:00am
[2026-06-02 02:30:04] RIMAC Fitness Gym: 0% (Closed) people=0 capacity=150 is_open=False hour_summary=Closed until 6:00am
[2026-06-02 02:30:04] Triton Esports Center: 0% (Closed) people=0 capacity=35 is_open=False hour_summary=Closed until 7:30am
[2026-06-02 02:30:04] === SCRAPE END OK ===
[2026-06-02 02:45:02] === SCRAPE START ===
[2026-06-02 02:45:02] Fetching https://waitz.io/live/ucsd-rec
[2026-06-02 02:45:03] Saved 4 rows to ucsd_occupancy_history.csv
[2026-06-02 02:45:03] Main Gym Fitness Gym: 2% (Closed) people=1 capacity=72 is_open=False hour_summary=Closed until 6:00am
[2026-06-02 02:45:03] Outback Climbing Center: 1% (Closed) people=0 capacity=30 is_open=False hour_summary=Closed until 10:00am
[2026-06-02 02:45:03] RIMAC Fitness Gym: 1% (Closed) people=1 capacity=150 is_open=False hour_summary=Closed until 6:00am
[2026-06-02 02:45:03] Triton Esports Center: 0% (Closed) people=0 capacity=35 is_open=False hour_summary=Closed until 7:30am
[2026-06-02 02:45:03] === SCRAPE END OK ===
[2026-06-02 03:00:02] === SCRAPE START ===
[2026-06-02 03:00:02] Fetching https://waitz.io/live/ucsd-rec
[2026-06-02 03:00:03] Saved 4 rows to ucsd_occupancy_history.csv
[2026-06-02 03:00:03] Main Gym Fitness Gym: 1% (Closed) people=1 capacity=72 is_open=False hour_summary=Closed until 6:00am
[2026-06-02 03:00:03] Outback Climbing Center: 1% (Closed) people=0 capacity=30 is_open=False hour_summary=Closed until 10:00am
[2026-06-02 03:00:03] RIMAC Fitness Gym: 0% (Closed) people=0 capacity=150 is_open=False hour_summary=Closed until 6:00am
[2026-06-02 03:00:03] Triton Esports Center: 0% (Closed) people=0 capacity=35 is_open=False hour_summary=Closed until 7:30am
[2026-06-02 03:00:03] === SCRAPE END OK ===
[2026-06-02 03:15:02] === SCRAPE START ===
[2026-06-02 03:15:02] Fetching https://waitz.io/live/ucsd-rec
[2026-06-02 03:15:03] Saved 4 rows to ucsd_occupancy_history.csv
[2026-06-02 03:15:03] Main Gym Fitness Gym: 2% (Closed) people=1 capacity=72 is_open=False hour_summary=Closed until 6:00am
[2026-06-02 03:15:03] Outback Climbing Center: 2% (Closed) people=1 capacity=30 is_open=False hour_summary=Closed until 10:00am
[2026-06-02 03:15:03] RIMAC Fitness Gym: 0% (Closed) people=1 capacity=150 is_open=False hour_summary=Closed until 6:00am
[2026-06-02 03:15:03] Triton Esports Center: 0% (Closed) people=0 capacity=35 is_open=False hour_summary=Closed until 7:30am
[2026-06-02 03:15:03] === SCRAPE END OK ===
[2026-06-02 03:30:02] === SCRAPE START ===
[2026-06-02 03:30:02] Fetching https://waitz.io/live/ucsd-rec
[2026-06-02 03:30:03] Saved 4 rows to ucsd_occupancy_history.csv
[2026-06-02 03:30:03] Main Gym Fitness Gym: 1% (Closed) people=1 capacity=72 is_open=False hour_summary=Closed until 6:00am
[2026-06-02 03:30:03] Outback Climbing Center: 1% (Closed) people=0 capacity=30 is_open=False hour_summary=Closed until 10:00am
[2026-06-02 03:30:03] RIMAC Fitness Gym: 1% (Closed) people=1 capacity=150 is_open=False hour_summary=Closed until 6:00am
[2026-06-02 03:30:03] Triton Esports Center: 0% (Closed) people=0 capacity=35 is_open=False hour_summary=Closed until 7:30am
[2026-06-02 03:30:03] === SCRAPE END OK ===
[2026-06-02 03:45:03] === SCRAPE START ===
[2026-06-02 03:45:03] Fetching https://waitz.io/live/ucsd-rec
[2026-06-02 03:45:04] Saved 4 rows to ucsd_occupancy_history.csv
[2026-06-02 03:45:04] Main Gym Fitness Gym: 1% (Closed) people=1 capacity=72 is_open=False hour_summary=Closed until 6:00am
[2026-06-02 03:45:04] Outback Climbing Center: 1% (Closed) people=0 capacity=30 is_open=False hour_summary=Closed until 10:00am
[2026-06-02 03:45:04] RIMAC Fitness Gym: 0% (Closed) people=0 capacity=150 is_open=False hour_summary=Closed until 6:00am
[2026-06-02 03:45:04] Triton Esports Center: 0% (Closed) people=0 capacity=35 is_open=False hour_summary=Closed until 7:30am
[2026-06-02 03:45:04] === SCRAPE END OK ===
[2026-06-02 04:00:02] === SCRAPE START ===
[2026-06-02 04:00:02] Fetching https://waitz.io/live/ucsd-rec
[2026-06-02 04:00:03] Saved 4 rows to ucsd_occupancy_history.csv
[2026-06-02 04:00:03] Main Gym Fitness Gym: 1% (Closed) people=1 capacity=72 is_open=False hour_summary=Closed until 6:00am
[2026-06-02 04:00:03] Outback Climbing Center: 1% (Closed) people=0 capacity=30 is_open=False hour_summary=Closed until 10:00am
[2026-06-02 04:00:03] RIMAC Fitness Gym: 0% (Closed) people=0 capacity=150 is_open=False hour_summary=Closed until 6:00am
[2026-06-02 04:00:03] Triton Esports Center: 0% (Closed) people=0 capacity=35 is_open=False hour_summary=Closed until 7:30am
[2026-06-02 04:00:03] === SCRAPE END OK ===
[2026-06-02 04:15:02] === SCRAPE START ===
[2026-06-02 04:15:02] Fetching https://waitz.io/live/ucsd-rec
[2026-06-02 04:15:03] Saved 4 rows to ucsd_occupancy_history.csv
[2026-06-02 04:15:03] Main Gym Fitness Gym: 1% (Closed) people=1 capacity=72 is_open=False hour_summary=Closed until 6:00am
[2026-06-02 04:15:03] Outback Climbing Center: 1% (Closed) people=0 capacity=30 is_open=False hour_summary=Closed until 10:00am
[2026-06-02 04:15:03] RIMAC Fitness Gym: 1% (Closed) people=1 capacity=150 is_open=False hour_summary=Closed until 6:00am
[2026-06-02 04:15:03] Triton Esports Center: 0% (Closed) people=0 capacity=35 is_open=False hour_summary=Closed until 7:30am
[2026-06-02 04:15:03] === SCRAPE END OK ===
[2026-06-02 04:30:02] === SCRAPE START ===
[2026-06-02 04:30:02] Fetching https://waitz.io/live/ucsd-rec
[2026-06-02 04:30:04] Saved 4 rows to ucsd_occupancy_history.csv
[2026-06-02 04:30:04] Main Gym Fitness Gym: 1% (Closed) people=1 capacity=72 is_open=False hour_summary=Closed until 6:00am
[2026-06-02 04:30:04] Outback Climbing Center: 1% (Closed) people=0 capacity=30 is_open=False hour_summary=Closed until 10:00am
[2026-06-02 04:30:04] RIMAC Fitness Gym: 1% (Closed) people=1 capacity=150 is_open=False hour_summary=Closed until 6:00am
[2026-06-02 04:30:04] Triton Esports Center: 0% (Closed) people=0 capacity=35 is_open=False hour_summary=Closed until 7:30am
[2026-06-02 04:30:04] === SCRAPE END OK ===
[2026-06-02 04:45:02] === SCRAPE START ===
[2026-06-02 04:45:02] Fetching https://waitz.io/live/ucsd-rec
[2026-06-02 04:45:03] Saved 4 rows to ucsd_occupancy_history.csv
[2026-06-02 04:45:03] Main Gym Fitness Gym: 1% (Closed) people=1 capacity=72 is_open=False hour_summary=Closed until 6:00am
[2026-06-02 04:45:03] Outback Climbing Center: 1% (Closed) people=0 capacity=30 is_open=False hour_summary=Closed until 10:00am
[2026-06-02 04:45:03] RIMAC Fitness Gym: 1% (Closed) people=1 capacity=150 is_open=False hour_summary=Closed until 6:00am
[2026-06-02 04:45:03] Triton Esports Center: 0% (Closed) people=0 capacity=35 is_open=False hour_summary=Closed until 7:30am
[2026-06-02 04:45:03] === SCRAPE END OK ===
[2026-06-02 05:00:02] === SCRAPE START ===
[2026-06-02 05:00:02] Fetching https://waitz.io/live/ucsd-rec
[2026-06-02 05:00:05] Saved 4 rows to ucsd_occupancy_history.csv
[2026-06-02 05:00:05] Main Gym Fitness Gym: 0% (Closed) people=0 capacity=72 is_open=False hour_summary=Closed until 6:00am
[2026-06-02 05:00:05] Outback Climbing Center: 2% (Closed) people=0 capacity=30 is_open=False hour_summary=Closed until 10:00am
[2026-06-02 05:00:05] RIMAC Fitness Gym: 1% (Closed) people=1 capacity=150 is_open=False hour_summary=Closed until 6:00am
[2026-06-02 05:00:05] Triton Esports Center: 0% (Closed) people=0 capacity=35 is_open=False hour_summary=Closed until 7:30am
[2026-06-02 05:00:05] === SCRAPE END OK ===
[2026-06-02 05:15:02] === SCRAPE START ===
[2026-06-02 05:15:02] Fetching https://waitz.io/live/ucsd-rec
[2026-06-02 05:15:04] Saved 4 rows to ucsd_occupancy_history.csv
[2026-06-02 05:15:04] Main Gym Fitness Gym: 1% (Closed) people=1 capacity=72 is_open=False hour_summary=Closed until 6:00am
[2026-06-02 05:15:04] Outback Climbing Center: 3% (Closed) people=1 capacity=30 is_open=False hour_summary=Closed until 10:00am
[2026-06-02 05:15:04] RIMAC Fitness Gym: 0% (Closed) people=1 capacity=150 is_open=False hour_summary=Closed until 6:00am
[2026-06-02 05:15:04] Triton Esports Center: 0% (Closed) people=0 capacity=35 is_open=False hour_summary=Closed until 7:30am
[2026-06-02 05:15:04] === SCRAPE END OK ===
[2026-06-02 05:30:02] === SCRAPE START ===
[2026-06-02 05:30:02] Fetching https://waitz.io/live/ucsd-rec
[2026-06-02 05:30:04] Saved 4 rows to ucsd_occupancy_history.csv
[2026-06-02 05:30:04] Main Gym Fitness Gym: 1% (Closed) people=1 capacity=72 is_open=False hour_summary=Closed until 6:00am
[2026-06-02 05:30:04] Outback Climbing Center: 1% (Closed) people=0 capacity=30 is_open=False hour_summary=Closed until 10:00am
[2026-06-02 05:30:04] RIMAC Fitness Gym: 1% (Closed) people=1 capacity=150 is_open=False hour_summary=Closed until 6:00am
[2026-06-02 05:30:04] Triton Esports Center: 0% (Closed) people=0 capacity=35 is_open=False hour_summary=Closed until 7:30am
[2026-06-02 05:30:04] === SCRAPE END OK ===
[2026-06-02 05:45:02] === SCRAPE START ===
[2026-06-02 05:45:02] Fetching https://waitz.io/live/ucsd-rec
[2026-06-02 05:45:03] Saved 4 rows to ucsd_occupancy_history.csv
[2026-06-02 05:45:03] Main Gym Fitness Gym: 1% (Closed) people=1 capacity=72 is_open=False hour_summary=Closed until 6:00am
[2026-06-02 05:45:03] Outback Climbing Center: 2% (Closed) people=1 capacity=30 is_open=False hour_summary=Closed until 10:00am
[2026-06-02 05:45:03] RIMAC Fitness Gym: 1% (Closed) people=1 capacity=150 is_open=False hour_summary=Closed until 6:00am
[2026-06-02 05:45:03] Triton Esports Center: 0% (Closed) people=0 capacity=35 is_open=False hour_summary=Closed until 7:30am
[2026-06-02 05:45:03] === SCRAPE END OK ===
[2026-06-02 06:00:02] === SCRAPE START ===
[2026-06-02 06:00:02] Fetching https://waitz.io/live/ucsd-rec
[2026-06-02 06:00:04] Saved 4 rows to ucsd_occupancy_history.csv
[2026-06-02 06:00:04] Main Gym Fitness Gym: 1% (Not Busy) people=1 capacity=72 is_open=True hour_summary=open
[2026-06-02 06:00:04] Outback Climbing Center: 2% (Closed) people=1 capacity=30 is_open=False hour_summary=Closed until 10:00am
[2026-06-02 06:00:04] RIMAC Fitness Gym: 1% (Not Busy) people=1 capacity=150 is_open=True hour_summary=open
[2026-06-02 06:00:04] Triton Esports Center: 0% (Closed) people=0 capacity=35 is_open=False hour_summary=Closed until 7:30am
[2026-06-02 06:00:04] === SCRAPE END OK ===
[2026-06-02 06:15:03] === SCRAPE START ===
[2026-06-02 06:15:03] Fetching https://waitz.io/live/ucsd-rec
[2026-06-02 06:15:04] Saved 4 rows to ucsd_occupancy_history.csv
[2026-06-02 06:15:04] Main Gym Fitness Gym: 2% (Not Busy) people=1 capacity=72 is_open=True hour_summary=open
[2026-06-02 06:15:04] Outback Climbing Center: 5% (Closed) people=1 capacity=30 is_open=False hour_summary=Closed until 10:00am
[2026-06-02 06:15:04] RIMAC Fitness Gym: 9% (Not Busy) people=13 capacity=150 is_open=True hour_summary=open
[2026-06-02 06:15:04] Triton Esports Center: 0% (Closed) people=0 capacity=35 is_open=False hour_summary=Closed until 7:30am
[2026-06-02 06:15:04] === SCRAPE END OK ===
[2026-06-02 06:30:02] === SCRAPE START ===
[2026-06-02 06:30:02] Fetching https://waitz.io/live/ucsd-rec
[2026-06-02 06:30:04] Saved 4 rows to ucsd_occupancy_history.csv
[2026-06-02 06:30:04] Main Gym Fitness Gym: 12% (Not Busy) people=8 capacity=72 is_open=True hour_summary=open
[2026-06-02 06:30:04] Outback Climbing Center: 2% (Closed) people=0 capacity=30 is_open=False hour_summary=Closed until 10:00am
[2026-06-02 06:30:04] RIMAC Fitness Gym: 12% (Not Busy) people=18 capacity=150 is_open=True hour_summary=open
[2026-06-02 06:30:04] Triton Esports Center: 0% (Closed) people=0 capacity=35 is_open=False hour_summary=Closed until 7:30am
[2026-06-02 06:30:04] === SCRAPE END OK ===
[2026-06-02 06:45:02] === SCRAPE START ===
[2026-06-02 06:45:02] Fetching https://waitz.io/live/ucsd-rec
[2026-06-02 06:45:03] Saved 4 rows to ucsd_occupancy_history.csv
[2026-06-02 06:45:03] Main Gym Fitness Gym: 2% (Not Busy) people=1 capacity=72 is_open=True hour_summary=open
[2026-06-02 06:45:03] Outback Climbing Center: 1% (Closed) people=0 capacity=30 is_open=False hour_summary=Closed until 10:00am
[2026-06-02 06:45:03] RIMAC Fitness Gym: 11% (Not Busy) people=16 capacity=150 is_open=True hour_summary=open
[2026-06-02 06:45:03] Triton Esports Center: 0% (Closed) people=0 capacity=35 is_open=False hour_summary=Closed until 7:30am
[2026-06-02 06:45:03] === SCRAPE END OK ===
[2026-06-02 07:00:02] === SCRAPE START ===
[2026-06-02 07:00:02] Fetching https://waitz.io/live/ucsd-rec
[2026-06-02 07:00:04] Saved 4 rows to ucsd_occupancy_history.csv
[2026-06-02 07:00:04] Main Gym Fitness Gym: 2% (Not Busy) people=1 capacity=72 is_open=True hour_summary=open
[2026-06-02 07:00:04] Outback Climbing Center: 1% (Closed) people=0 capacity=30 is_open=False hour_summary=Closed until 10:00am
[2026-06-02 07:00:04] RIMAC Fitness Gym: 16% (Not Busy) people=24 capacity=150 is_open=True hour_summary=open
[2026-06-02 07:00:04] Triton Esports Center: 0% (Closed) people=0 capacity=35 is_open=False hour_summary=Closed until 7:30am
[2026-06-02 07:00:04] === SCRAPE END OK ===
[2026-06-02 07:15:02] === SCRAPE START ===
[2026-06-02 07:15:02] Fetching https://waitz.io/live/ucsd-rec
[2026-06-02 07:15:03] Saved 4 rows to ucsd_occupancy_history.csv
[2026-06-02 07:15:03] Main Gym Fitness Gym: 19% (Not Busy) people=14 capacity=72 is_open=True hour_summary=open
[2026-06-02 07:15:03] Outback Climbing Center: 4% (Closed) people=1 capacity=30 is_open=False hour_summary=Closed until 10:00am
[2026-06-02 07:15:03] RIMAC Fitness Gym: 20% (Not Busy) people=29 capacity=150 is_open=True hour_summary=open
[2026-06-02 07:15:03] Triton Esports Center: 0% (Closed) people=0 capacity=35 is_open=False hour_summary=Closed until 7:30am
[2026-06-02 07:15:03] === SCRAPE END OK ===
[2026-06-02 07:30:02] === SCRAPE START ===
[2026-06-02 07:30:02] Fetching https://waitz.io/live/ucsd-rec
[2026-06-02 07:30:04] Saved 4 rows to ucsd_occupancy_history.csv
[2026-06-02 07:30:04] Main Gym Fitness Gym: 15% (Not Busy) people=10 capacity=72 is_open=True hour_summary=open
[2026-06-02 07:30:04] Outback Climbing Center: 9% (Closed) people=3 capacity=30 is_open=False hour_summary=Closed until 10:00am
[2026-06-02 07:30:04] RIMAC Fitness Gym: 31% (Not Busy) people=46 capacity=150 is_open=True hour_summary=open
[2026-06-02 07:30:04] Triton Esports Center: 0% (Not Busy) people=0 capacity=35 is_open=True hour_summary=open
[2026-06-02 07:30:04] === SCRAPE END OK ===
[2026-06-02 07:45:02] === SCRAPE START ===
[2026-06-02 07:45:02] Fetching https://waitz.io/live/ucsd-rec
[2026-06-02 07:45:03] Saved 4 rows to ucsd_occupancy_history.csv
[2026-06-02 07:45:03] Main Gym Fitness Gym: 3% (Not Busy) people=2 capacity=72 is_open=True hour_summary=open
[2026-06-02 07:45:03] Outback Climbing Center: 3% (Closed) people=1 capacity=30 is_open=False hour_summary=Closed until 10:00am
[2026-06-02 07:45:03] RIMAC Fitness Gym: 28% (Not Busy) people=42 capacity=150 is_open=True hour_summary=open
[2026-06-02 07:45:03] Triton Esports Center: 0% (Not Busy) people=0 capacity=35 is_open=True hour_summary=open
[2026-06-02 07:45:03] === SCRAPE END OK ===
[2026-06-02 08:00:02] === SCRAPE START ===
[2026-06-02 08:00:02] Fetching https://waitz.io/live/ucsd-rec
[2026-06-02 08:00:03] Saved 4 rows to ucsd_occupancy_history.csv
[2026-06-02 08:00:03] Main Gym Fitness Gym: 25% (Not Busy) people=18 capacity=72 is_open=True hour_summary=open
[2026-06-02 08:00:03] Outback Climbing Center: 3% (Closed) people=1 capacity=30 is_open=False hour_summary=Closed until 10:00am
[2026-06-02 08:00:03] RIMAC Fitness Gym: 28% (Not Busy) people=42 capacity=150 is_open=True hour_summary=open
[2026-06-02 08:00:03] Triton Esports Center: 0% (Not Busy) people=0 capacity=35 is_open=True hour_summary=open
[2026-06-02 08:00:03] === SCRAPE END OK ===
[2026-06-02 08:15:02] === SCRAPE START ===
[2026-06-02 08:15:02] Fetching https://waitz.io/live/ucsd-rec
[2026-06-02 08:15:03] Saved 4 rows to ucsd_occupancy_history.csv
[2026-06-02 08:15:03] Main Gym Fitness Gym: 19% (Not Busy) people=13 capacity=72 is_open=True hour_summary=open
[2026-06-02 08:15:03] Outback Climbing Center: 6% (Closed) people=2 capacity=30 is_open=False hour_summary=Closed until 10:00am
[2026-06-02 08:15:03] RIMAC Fitness Gym: 37% (Not Busy) people=55 capacity=150 is_open=True hour_summary=open
[2026-06-02 08:15:03] Triton Esports Center: 1% (Not Busy) people=0 capacity=35 is_open=True hour_summary=open
[2026-06-02 08:15:03] === SCRAPE END OK ===
[2026-06-02 08:30:02] === SCRAPE START ===
[2026-06-02 08:30:02] Fetching https://waitz.io/live/ucsd-rec
[2026-06-02 08:30:03] Saved 4 rows to ucsd_occupancy_history.csv
[2026-06-02 08:30:03] Main Gym Fitness Gym: 18% (Not Busy) people=13 capacity=72 is_open=True hour_summary=open
[2026-06-02 08:30:03] Outback Climbing Center: 2% (Closed) people=1 capacity=30 is_open=False hour_summary=Closed until 10:00am
[2026-06-02 08:30:03] RIMAC Fitness Gym: 38% (Not Busy) people=57 capacity=150 is_open=True hour_summary=open
[2026-06-02 08:30:03] Triton Esports Center: 1% (Not Busy) people=0 capacity=35 is_open=True hour_summary=open
[2026-06-02 08:30:03] === SCRAPE END OK ===
[2026-06-02 08:45:02] === SCRAPE START ===
[2026-06-02 08:45:02] Fetching https://waitz.io/live/ucsd-rec
[2026-06-02 08:45:03] Saved 4 rows to ucsd_occupancy_history.csv
[2026-06-02 08:45:03] Main Gym Fitness Gym: 15% (Not Busy) people=11 capacity=72 is_open=True hour_summary=open
[2026-06-02 08:45:03] Outback Climbing Center: 6% (Closed) people=2 capacity=30 is_open=False hour_summary=Closed until 10:00am
[2026-06-02 08:45:03] RIMAC Fitness Gym: 38% (Not Busy) people=57 capacity=150 is_open=True hour_summary=open
[2026-06-02 08:45:03] Triton Esports Center: 2% (Not Busy) people=1 capacity=35 is_open=True hour_summary=open
[2026-06-02 08:45:03] === SCRAPE END OK ===
[2026-06-02 09:00:02] === SCRAPE START ===
[2026-06-02 09:00:02] Fetching https://waitz.io/live/ucsd-rec
[2026-06-02 09:00:03] Saved 4 rows to ucsd_occupancy_history.csv
[2026-06-02 09:00:03] Main Gym Fitness Gym: 16% (Not Busy) people=11 capacity=72 is_open=True hour_summary=open
[2026-06-02 09:00:03] Outback Climbing Center: 5% (Closed) people=1 capacity=30 is_open=False hour_summary=Closed until 10:00am
[2026-06-02 09:00:03] RIMAC Fitness Gym: 36% (Not Busy) people=55 capacity=150 is_open=True hour_summary=open
[2026-06-02 09:00:03] Triton Esports Center: 16% (Not Busy) people=6 capacity=35 is_open=True hour_summary=open
[2026-06-02 09:00:03] === SCRAPE END OK ===
[2026-06-02 09:15:02] === SCRAPE START ===
[2026-06-02 09:15:02] Fetching https://waitz.io/live/ucsd-rec
[2026-06-02 09:15:03] Saved 4 rows to ucsd_occupancy_history.csv
[2026-06-02 09:15:03] Main Gym Fitness Gym: 5% (Not Busy) people=4 capacity=72 is_open=True hour_summary=open
[2026-06-02 09:15:03] Outback Climbing Center: 7% (Closed) people=2 capacity=30 is_open=False hour_summary=Closed until 10:00am
[2026-06-02 09:15:03] RIMAC Fitness Gym: 34% (Not Busy) people=52 capacity=150 is_open=True hour_summary=open
[2026-06-02 09:15:03] Triton Esports Center: 26% (Not Busy) people=9 capacity=35 is_open=True hour_summary=open
[2026-06-02 09:15:03] === SCRAPE END OK ===
[2026-06-02 09:30:02] === SCRAPE START ===
[2026-06-02 09:30:02] Fetching https://waitz.io/live/ucsd-rec
[2026-06-02 09:30:04] Saved 4 rows to ucsd_occupancy_history.csv
[2026-06-02 09:30:04] Main Gym Fitness Gym: 2% (Not Busy) people=2 capacity=72 is_open=True hour_summary=open
[2026-06-02 09:30:04] Outback Climbing Center: 2% (Closed) people=1 capacity=30 is_open=False hour_summary=Closed until 10:00am
[2026-06-02 09:30:04] RIMAC Fitness Gym: 42% (Not Busy) people=63 capacity=150 is_open=True hour_summary=open
[2026-06-02 09:30:04] Triton Esports Center: 22% (Not Busy) people=8 capacity=35 is_open=True hour_summary=open
[2026-06-02 09:30:04] === SCRAPE END OK ===
[2026-06-02 09:45:02] === SCRAPE START ===
[2026-06-02 09:45:02] Fetching https://waitz.io/live/ucsd-rec
[2026-06-02 09:45:03] Saved 4 rows to ucsd_occupancy_history.csv
[2026-06-02 09:45:03] Main Gym Fitness Gym: 18% (Not Busy) people=13 capacity=72 is_open=True hour_summary=open
[2026-06-02 09:45:03] Outback Climbing Center: 12% (Closed) people=4 capacity=30 is_open=False hour_summary=Closed until 10:00am
[2026-06-02 09:45:03] RIMAC Fitness Gym: 44% (Not Busy) people=67 capacity=150 is_open=True hour_summary=open
[2026-06-02 09:45:03] Triton Esports Center: 26% (Not Busy) people=9 capacity=35 is_open=True hour_summary=open
[2026-06-02 09:45:03] === SCRAPE END OK ===
[2026-06-02 10:00:02] === SCRAPE START ===
[2026-06-02 10:00:02] Fetching https://waitz.io/live/ucsd-rec
[2026-06-02 10:00:04] Saved 4 rows to ucsd_occupancy_history.csv
[2026-06-02 10:00:04] Main Gym Fitness Gym: 15% (Not Busy) people=11 capacity=72 is_open=True hour_summary=open
[2026-06-02 10:00:04] Outback Climbing Center: 6% (Not Busy) people=2 capacity=30 is_open=True hour_summary=open
[2026-06-02 10:00:04] RIMAC Fitness Gym: 51% (Busy) people=76 capacity=150 is_open=True hour_summary=open
[2026-06-02 10:00:04] Triton Esports Center: 19% (Not Busy) people=7 capacity=35 is_open=True hour_summary=open
[2026-06-02 10:00:04] === SCRAPE END OK ===
[2026-06-02 10:15:02] === SCRAPE START ===
[2026-06-02 10:15:02] Fetching https://waitz.io/live/ucsd-rec
[2026-06-02 10:15:03] Saved 4 rows to ucsd_occupancy_history.csv
[2026-06-02 10:15:03] Main Gym Fitness Gym: 39% (Not Busy) people=28 capacity=72 is_open=True hour_summary=open
[2026-06-02 10:15:03] Outback Climbing Center: 33% (Not Busy) people=10 capacity=30 is_open=True hour_summary=open
[2026-06-02 10:15:03] RIMAC Fitness Gym: 51% (Busy) people=77 capacity=150 is_open=True hour_summary=open
[2026-06-02 10:15:03] Triton Esports Center: 24% (Not Busy) people=8 capacity=35 is_open=True hour_summary=open
[2026-06-02 10:15:03] === SCRAPE END OK ===
[2026-06-02 10:30:02] === SCRAPE START ===
[2026-06-02 10:30:02] Fetching https://waitz.io/live/ucsd-rec
[2026-06-02 10:30:03] Saved 4 rows to ucsd_occupancy_history.csv
[2026-06-02 10:30:03] Main Gym Fitness Gym: 24% (Not Busy) people=17 capacity=72 is_open=True hour_summary=open
[2026-06-02 10:30:03] Outback Climbing Center: 76% (Busy) people=23 capacity=30 is_open=True hour_summary=open
[2026-06-02 10:30:03] RIMAC Fitness Gym: 51% (Busy) people=76 capacity=150 is_open=True hour_summary=open
[2026-06-02 10:30:03] Triton Esports Center: 32% (Not Busy) people=11 capacity=35 is_open=True hour_summary=open
[2026-06-02 10:30:03] === SCRAPE END OK ===
[2026-06-02 10:45:02] === SCRAPE START ===
[2026-06-02 10:45:02] Fetching https://waitz.io/live/ucsd-rec
[2026-06-02 10:45:03] Saved 4 rows to ucsd_occupancy_history.csv
[2026-06-02 10:45:03] Main Gym Fitness Gym: 18% (Not Busy) people=13 capacity=72 is_open=True hour_summary=open
[2026-06-02 10:45:03] Outback Climbing Center: 74% (Busy) people=22 capacity=30 is_open=True hour_summary=open
[2026-06-02 10:45:03] RIMAC Fitness Gym: 44% (Not Busy) people=67 capacity=150 is_open=True hour_summary=open
[2026-06-02 10:45:03] Triton Esports Center: 60% (Busy) people=21 capacity=35 is_open=True hour_summary=open
[2026-06-02 10:45:03] === SCRAPE END OK ===
[2026-06-02 11:00:02] === SCRAPE START ===
[2026-06-02 11:00:02] Fetching https://waitz.io/live/ucsd-rec
[2026-06-02 11:00:03] Saved 4 rows to ucsd_occupancy_history.csv
[2026-06-02 11:00:03] Main Gym Fitness Gym: 25% (Not Busy) people=18 capacity=72 is_open=True hour_summary=open
[2026-06-02 11:00:03] Outback Climbing Center: 99% (Very Active) people=30 capacity=30 is_open=True hour_summary=open
[2026-06-02 11:00:03] RIMAC Fitness Gym: 0% (Data Unavailable) people=0 capacity=150 is_open=True hour_summary=open
[2026-06-02 11:00:03] Triton Esports Center: 33% (Not Busy) people=12 capacity=35 is_open=True hour_summary=open
[2026-06-02 11:00:03] === SCRAPE END OK ===
[2026-06-02 11:15:02] === SCRAPE START ===
[2026-06-02 11:15:02] Fetching https://waitz.io/live/ucsd-rec
[2026-06-02 11:15:04] Saved 4 rows to ucsd_occupancy_history.csv
[2026-06-02 11:15:04] Main Gym Fitness Gym: 30% (Not Busy) people=22 capacity=72 is_open=True hour_summary=open
[2026-06-02 11:15:04] Outback Climbing Center: 77% (Busy) people=23 capacity=30 is_open=True hour_summary=open
[2026-06-02 11:15:04] RIMAC Fitness Gym: 36% (Not Busy) people=54 capacity=150 is_open=True hour_summary=open
[2026-06-02 11:15:04] Triton Esports Center: 27% (Not Busy) people=10 capacity=35 is_open=True hour_summary=open
[2026-06-02 11:15:04] === SCRAPE END OK ===
[2026-06-02 11:30:02] === SCRAPE START ===
[2026-06-02 11:30:02] Fetching https://waitz.io/live/ucsd-rec
[2026-06-02 11:30:04] Saved 4 rows to ucsd_occupancy_history.csv
[2026-06-02 11:30:04] Main Gym Fitness Gym: 26% (Not Busy) people=19 capacity=72 is_open=True hour_summary=open
[2026-06-02 11:30:04] Outback Climbing Center: 99% (Very Active) people=32 capacity=30 is_open=True hour_summary=open
[2026-06-02 11:30:04] RIMAC Fitness Gym: 50% (Busy) people=75 capacity=150 is_open=True hour_summary=open
[2026-06-02 11:30:04] Triton Esports Center: 24% (Not Busy) people=9 capacity=35 is_open=True hour_summary=open
[2026-06-02 11:30:04] === SCRAPE END OK ===
[2026-06-02 11:45:02] === SCRAPE START ===
[2026-06-02 11:45:02] Fetching https://waitz.io/live/ucsd-rec
[2026-06-02 11:45:03] Saved 4 rows to ucsd_occupancy_history.csv
[2026-06-02 11:45:03] Main Gym Fitness Gym: 24% (Not Busy) people=17 capacity=72 is_open=True hour_summary=open
[2026-06-02 11:45:03] Outback Climbing Center: 89% (Very Active) people=27 capacity=30 is_open=True hour_summary=open
[2026-06-02 11:45:03] RIMAC Fitness Gym: 52% (Busy) people=78 capacity=150 is_open=True hour_summary=open
[2026-06-02 11:45:03] Triton Esports Center: 27% (Not Busy) people=10 capacity=35 is_open=True hour_summary=open
[2026-06-02 11:45:03] === SCRAPE END OK ===
[2026-06-02 12:00:02] === SCRAPE START ===
[2026-06-02 12:00:02] Fetching https://waitz.io/live/ucsd-rec
[2026-06-02 12:00:03] Saved 4 rows to ucsd_occupancy_history.csv
[2026-06-02 12:00:03] Main Gym Fitness Gym: 14% (Not Busy) people=10 capacity=72 is_open=True hour_summary=open
[2026-06-02 12:00:03] Outback Climbing Center: 69% (Busy) people=21 capacity=30 is_open=True hour_summary=open
[2026-06-02 12:00:03] RIMAC Fitness Gym: 54% (Busy) people=81 capacity=150 is_open=True hour_summary=open
[2026-06-02 12:00:03] Triton Esports Center: 26% (Not Busy) people=9 capacity=35 is_open=True hour_summary=open
[2026-06-02 12:00:03] === SCRAPE END OK ===
[2026-06-02 12:15:02] === SCRAPE START ===
[2026-06-02 12:15:02] Fetching https://waitz.io/live/ucsd-rec
[2026-06-02 12:15:04] Saved 4 rows to ucsd_occupancy_history.csv
[2026-06-02 12:15:04] Main Gym Fitness Gym: 21% (Not Busy) people=15 capacity=72 is_open=True hour_summary=open
[2026-06-02 12:15:04] Outback Climbing Center: 54% (Busy) people=16 capacity=30 is_open=True hour_summary=open
[2026-06-02 12:15:04] RIMAC Fitness Gym: 50% (Busy) people=75 capacity=150 is_open=True hour_summary=open
[2026-06-02 12:15:04] Triton Esports Center: 34% (Not Busy) people=12 capacity=35 is_open=True hour_summary=open
[2026-06-02 12:15:04] === SCRAPE END OK ===
[2026-06-02 12:30:02] === SCRAPE START ===
[2026-06-02 12:30:02] Fetching https://waitz.io/live/ucsd-rec
[2026-06-02 12:30:04] Saved 4 rows to ucsd_occupancy_history.csv
[2026-06-02 12:30:04] Main Gym Fitness Gym: 99% (Very Active) people=137 capacity=72 is_open=True hour_summary=open
[2026-06-02 12:30:04] Outback Climbing Center: 46% (Busy) people=14 capacity=30 is_open=True hour_summary=open
[2026-06-02 12:30:04] RIMAC Fitness Gym: 56% (Busy) people=83 capacity=150 is_open=True hour_summary=open
[2026-06-02 12:30:04] Triton Esports Center: 46% (Busy) people=16 capacity=35 is_open=True hour_summary=open
[2026-06-02 12:30:04] === SCRAPE END OK ===
[2026-06-02 12:45:02] === SCRAPE START ===
[2026-06-02 12:45:02] Fetching https://waitz.io/live/ucsd-rec
[2026-06-02 12:45:03] Saved 4 rows to ucsd_occupancy_history.csv
[2026-06-02 12:45:03] Main Gym Fitness Gym: 99% (Very Active) people=119 capacity=72 is_open=True hour_summary=open
[2026-06-02 12:45:03] Outback Climbing Center: 55% (Busy) people=17 capacity=30 is_open=True hour_summary=open
[2026-06-02 12:45:03] RIMAC Fitness Gym: 43% (Not Busy) people=65 capacity=150 is_open=True hour_summary=open
[2026-06-02 12:45:03] Triton Esports Center: 46% (Busy) people=16 capacity=35 is_open=True hour_summary=open
[2026-06-02 12:45:03] === SCRAPE END OK ===
[2026-06-02 13:00:02] === SCRAPE START ===
[2026-06-02 13:00:02] Fetching https://waitz.io/live/ucsd-rec
[2026-06-02 13:00:04] Saved 4 rows to ucsd_occupancy_history.csv
[2026-06-02 13:00:04] Main Gym Fitness Gym: 43% (Not Busy) people=31 capacity=72 is_open=True hour_summary=open
[2026-06-02 13:00:04] Outback Climbing Center: 85% (Very Active) people=25 capacity=30 is_open=True hour_summary=open
[2026-06-02 13:00:04] RIMAC Fitness Gym: 49% (Busy) people=73 capacity=150 is_open=True hour_summary=open
[2026-06-02 13:00:04] Triton Esports Center: 48% (Busy) people=17 capacity=35 is_open=True hour_summary=open
[2026-06-02 13:00:04] === SCRAPE END OK ===
[2026-06-02 13:15:02] === SCRAPE START ===
[2026-06-02 13:15:02] Fetching https://waitz.io/live/ucsd-rec
[2026-06-02 13:15:03] Saved 4 rows to ucsd_occupancy_history.csv
[2026-06-02 13:15:03] Main Gym Fitness Gym: 18% (Not Busy) people=13 capacity=72 is_open=True hour_summary=open
[2026-06-02 13:15:03] Outback Climbing Center: 77% (Busy) people=23 capacity=30 is_open=True hour_summary=open
[2026-06-02 13:15:03] RIMAC Fitness Gym: 55% (Busy) people=83 capacity=150 is_open=True hour_summary=open
[2026-06-02 13:15:03] Triton Esports Center: 50% (Busy) people=18 capacity=35 is_open=True hour_summary=open
[2026-06-02 13:15:03] === SCRAPE END OK ===
[2026-06-02 13:30:02] === SCRAPE START ===
[2026-06-02 13:30:02] Fetching https://waitz.io/live/ucsd-rec
[2026-06-02 13:30:04] Saved 4 rows to ucsd_occupancy_history.csv
[2026-06-02 13:30:04] Main Gym Fitness Gym: 29% (Not Busy) people=21 capacity=72 is_open=True hour_summary=open
[2026-06-02 13:30:04] Outback Climbing Center: 81% (Very Active) people=24 capacity=30 is_open=True hour_summary=open
[2026-06-02 13:30:04] RIMAC Fitness Gym: 55% (Busy) people=82 capacity=150 is_open=True hour_summary=open
[2026-06-02 13:30:04] Triton Esports Center: 56% (Busy) people=20 capacity=35 is_open=True hour_summary=open
[2026-06-02 13:30:04] === SCRAPE END OK ===
[2026-06-02 13:45:02] === SCRAPE START ===
[2026-06-02 13:45:02] Fetching https://waitz.io/live/ucsd-rec
[2026-06-02 13:45:03] Saved 4 rows to ucsd_occupancy_history.csv
[2026-06-02 13:45:03] Main Gym Fitness Gym: 99% (Very Active) people=136 capacity=72 is_open=True hour_summary=open
[2026-06-02 13:45:03] Outback Climbing Center: 99% (Very Active) people=30 capacity=30 is_open=True hour_summary=open
[2026-06-02 13:45:03] RIMAC Fitness Gym: 47% (Busy) people=71 capacity=150 is_open=True hour_summary=open
[2026-06-02 13:45:03] Triton Esports Center: 54% (Busy) people=19 capacity=35 is_open=True hour_summary=open
[2026-06-02 13:45:03] === SCRAPE END OK ===
[2026-06-02 14:00:02] === SCRAPE START ===
[2026-06-02 14:00:02] Fetching https://waitz.io/live/ucsd-rec
[2026-06-02 14:00:03] Saved 4 rows to ucsd_occupancy_history.csv
[2026-06-02 14:00:03] Main Gym Fitness Gym: 99% (Very Active) people=144 capacity=72 is_open=True hour_summary=open
[2026-06-02 14:00:03] Outback Climbing Center: 72% (Busy) people=21 capacity=30 is_open=True hour_summary=open
[2026-06-02 14:00:03] RIMAC Fitness Gym: 35% (Not Busy) people=53 capacity=150 is_open=True hour_summary=open
[2026-06-02 14:00:03] Triton Esports Center: 42% (Not Busy) people=15 capacity=35 is_open=True hour_summary=open
[2026-06-02 14:00:03] === SCRAPE END OK ===
[2026-06-02 14:15:02] === SCRAPE START ===
[2026-06-02 14:15:02] Fetching https://waitz.io/live/ucsd-rec
[2026-06-02 14:15:04] Saved 4 rows to ucsd_occupancy_history.csv
[2026-06-02 14:15:04] Main Gym Fitness Gym: 28% (Not Busy) people=21 capacity=72 is_open=True hour_summary=open
[2026-06-02 14:15:04] Outback Climbing Center: 69% (Busy) people=21 capacity=30 is_open=True hour_summary=open
[2026-06-02 14:15:04] RIMAC Fitness Gym: 42% (Not Busy) people=62 capacity=150 is_open=True hour_summary=open
[2026-06-02 14:15:04] Triton Esports Center: 48% (Busy) people=17 capacity=35 is_open=True hour_summary=open
[2026-06-02 14:15:04] === SCRAPE END OK ===
[2026-06-02 14:30:02] === SCRAPE START ===
[2026-06-02 14:30:02] Fetching https://waitz.io/live/ucsd-rec
[2026-06-02 14:30:04] Saved 4 rows to ucsd_occupancy_history.csv
[2026-06-02 14:30:04] Main Gym Fitness Gym: 0% (Data Unavailable) people=0 capacity=72 is_open=True hour_summary=open
[2026-06-02 14:30:04] Outback Climbing Center: 92% (Very Active) people=28 capacity=30 is_open=True hour_summary=open
[2026-06-02 14:30:04] RIMAC Fitness Gym: 41% (Not Busy) people=62 capacity=150 is_open=True hour_summary=open
[2026-06-02 14:30:04] Triton Esports Center: 55% (Busy) people=19 capacity=35 is_open=True hour_summary=open
[2026-06-02 14:30:04] === SCRAPE END OK ===
[2026-06-02 14:45:02] === SCRAPE START ===
[2026-06-02 14:45:02] Fetching https://waitz.io/live/ucsd-rec
[2026-06-02 14:45:02] Saved 4 rows to ucsd_occupancy_history.csv
[2026-06-02 14:45:02] Main Gym Fitness Gym: 21% (Not Busy) people=15 capacity=72 is_open=True hour_summary=open
[2026-06-02 14:45:02] Outback Climbing Center: 99% (Very Active) people=36 capacity=30 is_open=True hour_summary=open
[2026-06-02 14:45:02] RIMAC Fitness Gym: 45% (Not Busy) people=67 capacity=150 is_open=True hour_summary=open
[2026-06-02 14:45:02] Triton Esports Center: 55% (Busy) people=19 capacity=35 is_open=True hour_summary=open
[2026-06-02 14:45:02] === SCRAPE END OK ===
[2026-06-02 15:00:02] === SCRAPE START ===
[2026-06-02 15:00:02] Fetching https://waitz.io/live/ucsd-rec
[2026-06-02 15:00:03] Saved 4 rows to ucsd_occupancy_history.csv
[2026-06-02 15:00:03] Main Gym Fitness Gym: 30% (Not Busy) people=22 capacity=72 is_open=True hour_summary=open
[2026-06-02 15:00:03] Outback Climbing Center: 99% (Very Active) people=36 capacity=30 is_open=True hour_summary=open
[2026-06-02 15:00:03] RIMAC Fitness Gym: 40% (Not Busy) people=60 capacity=150 is_open=True hour_summary=open
[2026-06-02 15:00:03] Triton Esports Center: 48% (Busy) people=17 capacity=35 is_open=True hour_summary=open
[2026-06-02 15:00:03] === SCRAPE END OK ===
[2026-06-02 15:15:02] === SCRAPE START ===
[2026-06-02 15:15:02] Fetching https://waitz.io/live/ucsd-rec
[2026-06-02 15:15:04] Saved 4 rows to ucsd_occupancy_history.csv
[2026-06-02 15:15:04] Main Gym Fitness Gym: 99% (Very Active) people=146 capacity=72 is_open=True hour_summary=open
[2026-06-02 15:15:04] Outback Climbing Center: 99% (Very Active) people=45 capacity=30 is_open=True hour_summary=open
[2026-06-02 15:15:04] RIMAC Fitness Gym: 31% (Not Busy) people=47 capacity=150 is_open=True hour_summary=open
[2026-06-02 15:15:04] Triton Esports Center: 39% (Not Busy) people=13 capacity=35 is_open=True hour_summary=open
[2026-06-02 15:15:04] === SCRAPE END OK ===
[2026-06-02 15:30:02] === SCRAPE START ===
[2026-06-02 15:30:02] Fetching https://waitz.io/live/ucsd-rec
[2026-06-02 15:30:04] Saved 4 rows to ucsd_occupancy_history.csv
[2026-06-02 15:30:04] Main Gym Fitness Gym: 99% (Very Active) people=146 capacity=72 is_open=True hour_summary=open
[2026-06-02 15:30:04] Outback Climbing Center: 99% (Very Active) people=38 capacity=30 is_open=True hour_summary=open
[2026-06-02 15:30:04] RIMAC Fitness Gym: 36% (Not Busy) people=53 capacity=150 is_open=True hour_summary=open
[2026-06-02 15:30:04] Triton Esports Center: 43% (Not Busy) people=15 capacity=35 is_open=True hour_summary=open
[2026-06-02 15:30:04] === SCRAPE END OK ===
[2026-06-02 15:45:02] === SCRAPE START ===
[2026-06-02 15:45:02] Fetching https://waitz.io/live/ucsd-rec
[2026-06-02 15:45:03] Saved 4 rows to ucsd_occupancy_history.csv
[2026-06-02 15:45:03] Main Gym Fitness Gym: 99% (Very Active) people=114 capacity=72 is_open=True hour_summary=open
[2026-06-02 15:45:03] Outback Climbing Center: 99% (Very Active) people=58 capacity=30 is_open=True hour_summary=open
[2026-06-02 15:45:03] RIMAC Fitness Gym: 41% (Not Busy) people=61 capacity=150 is_open=True hour_summary=open
[2026-06-02 15:45:03] Triton Esports Center: 35% (Not Busy) people=12 capacity=35 is_open=True hour_summary=open
[2026-06-02 15:45:03] === SCRAPE END OK ===
[2026-06-02 16:00:02] === SCRAPE START ===
[2026-06-02 16:00:02] Fetching https://waitz.io/live/ucsd-rec
[2026-06-02 16:00:03] Saved 4 rows to ucsd_occupancy_history.csv
[2026-06-02 16:00:03] Main Gym Fitness Gym: 23% (Not Busy) people=16 capacity=72 is_open=True hour_summary=open
[2026-06-02 16:00:03] Outback Climbing Center: 99% (Very Active) people=66 capacity=30 is_open=True hour_summary=open
[2026-06-02 16:00:03] RIMAC Fitness Gym: 44% (Not Busy) people=66 capacity=150 is_open=True hour_summary=open
[2026-06-02 16:00:03] Triton Esports Center: 33% (Not Busy) people=12 capacity=35 is_open=True hour_summary=open
[2026-06-02 16:00:03] === SCRAPE END OK ===
[2026-06-02 16:15:02] === SCRAPE START ===
[2026-06-02 16:15:02] Fetching https://waitz.io/live/ucsd-rec
[2026-06-02 16:15:03] Saved 4 rows to ucsd_occupancy_history.csv
[2026-06-02 16:15:03] Main Gym Fitness Gym: 99% (Very Active) people=90 capacity=72 is_open=True hour_summary=open
[2026-06-02 16:15:03] Outback Climbing Center: 99% (Very Active) people=61 capacity=30 is_open=True hour_summary=open
[2026-06-02 16:15:03] RIMAC Fitness Gym: 44% (Not Busy) people=66 capacity=150 is_open=True hour_summary=open
[2026-06-02 16:15:03] Triton Esports Center: 48% (Busy) people=17 capacity=35 is_open=True hour_summary=open
[2026-06-02 16:15:03] === SCRAPE END OK ===
[2026-06-02 16:30:02] === SCRAPE START ===
[2026-06-02 16:30:02] Fetching https://waitz.io/live/ucsd-rec
[2026-06-02 16:30:04] Saved 4 rows to ucsd_occupancy_history.csv
[2026-06-02 16:30:04] Main Gym Fitness Gym: 18% (Not Busy) people=13 capacity=72 is_open=True hour_summary=open
[2026-06-02 16:30:04] Outback Climbing Center: 99% (Very Active) people=52 capacity=30 is_open=True hour_summary=open
[2026-06-02 16:30:04] RIMAC Fitness Gym: 46% (Busy) people=70 capacity=150 is_open=True hour_summary=open
[2026-06-02 16:30:04] Triton Esports Center: 43% (Not Busy) people=15 capacity=35 is_open=True hour_summary=open
[2026-06-02 16:30:04] === SCRAPE END OK ===
[2026-06-02 16:45:03] === SCRAPE START ===
[2026-06-02 16:45:03] Fetching https://waitz.io/live/ucsd-rec
[2026-06-02 16:45:04] Saved 4 rows to ucsd_occupancy_history.csv
[2026-06-02 16:45:04] Main Gym Fitness Gym: 26% (Not Busy) people=18 capacity=72 is_open=True hour_summary=open
[2026-06-02 16:45:04] Outback Climbing Center: 99% (Very Active) people=64 capacity=30 is_open=True hour_summary=open
[2026-06-02 16:45:04] RIMAC Fitness Gym: 46% (Busy) people=68 capacity=150 is_open=True hour_summary=open
[2026-06-02 16:45:04] Triton Esports Center: 48% (Busy) people=17 capacity=35 is_open=True hour_summary=open
[2026-06-02 16:45:04] === SCRAPE END OK ===
[2026-06-02 17:00:02] === SCRAPE START ===
[2026-06-02 17:00:02] Fetching https://waitz.io/live/ucsd-rec
[2026-06-02 17:00:03] Saved 4 rows to ucsd_occupancy_history.csv
[2026-06-02 17:00:03] Main Gym Fitness Gym: 99% (Very Active) people=161 capacity=72 is_open=True hour_summary=open
[2026-06-02 17:00:03] Outback Climbing Center: 99% (Very Active) people=49 capacity=30 is_open=True hour_summary=open
[2026-06-02 17:00:03] RIMAC Fitness Gym: 46% (Busy) people=69 capacity=150 is_open=True hour_summary=open
[2026-06-02 17:00:03] Triton Esports Center: 45% (Not Busy) people=16 capacity=35 is_open=True hour_summary=open
[2026-06-02 17:00:03] === SCRAPE END OK ===
[2026-06-02 17:15:04] === SCRAPE START ===
[2026-06-02 17:15:04] Fetching https://waitz.io/live/ucsd-rec
[2026-06-02 17:15:05] Saved 4 rows to ucsd_occupancy_history.csv
[2026-06-02 17:15:05] Main Gym Fitness Gym: 50% (Busy) people=36 capacity=72 is_open=True hour_summary=open
[2026-06-02 17:15:05] Outback Climbing Center: 99% (Very Active) people=40 capacity=30 is_open=True hour_summary=open
[2026-06-02 17:15:05] RIMAC Fitness Gym: 44% (Not Busy) people=66 capacity=150 is_open=True hour_summary=open
[2026-06-02 17:15:05] Triton Esports Center: 36% (Not Busy) people=13 capacity=35 is_open=True hour_summary=open
[2026-06-02 17:15:05] === SCRAPE END OK ===
[2026-06-02 17:30:02] === SCRAPE START ===
[2026-06-02 17:30:02] Fetching https://waitz.io/live/ucsd-rec
[2026-06-02 17:30:04] Saved 4 rows to ucsd_occupancy_history.csv
[2026-06-02 17:30:04] Main Gym Fitness Gym: 32% (Not Busy) people=23 capacity=72 is_open=True hour_summary=open
[2026-06-02 17:30:04] Outback Climbing Center: 99% (Very Active) people=63 capacity=30 is_open=True hour_summary=open
[2026-06-02 17:30:04] RIMAC Fitness Gym: 54% (Busy) people=80 capacity=150 is_open=True hour_summary=open
[2026-06-02 17:30:04] Triton Esports Center: 46% (Busy) people=16 capacity=35 is_open=True hour_summary=open
[2026-06-02 17:30:04] === SCRAPE END OK ===
[2026-06-02 17:45:02] === SCRAPE START ===
[2026-06-02 17:45:02] Fetching https://waitz.io/live/ucsd-rec
[2026-06-02 17:45:03] Saved 4 rows to ucsd_occupancy_history.csv
[2026-06-02 17:45:03] Main Gym Fitness Gym: 33% (Not Busy) people=24 capacity=72 is_open=True hour_summary=open
[2026-06-02 17:45:03] Outback Climbing Center: 99% (Very Active) people=39 capacity=30 is_open=True hour_summary=open
[2026-06-02 17:45:03] RIMAC Fitness Gym: 65% (Busy) people=98 capacity=150 is_open=True hour_summary=open
[2026-06-02 17:45:03] Triton Esports Center: 36% (Not Busy) people=13 capacity=35 is_open=True hour_summary=open
[2026-06-02 17:45:03] === SCRAPE END OK ===
[2026-06-02 18:00:02] === SCRAPE START ===
[2026-06-02 18:00:02] Fetching https://waitz.io/live/ucsd-rec
[2026-06-02 18:00:04] Saved 4 rows to ucsd_occupancy_history.csv
[2026-06-02 18:00:04] Main Gym Fitness Gym: 28% (Not Busy) people=20 capacity=72 is_open=True hour_summary=open
[2026-06-02 18:00:04] Outback Climbing Center: 99% (Very Active) people=40 capacity=30 is_open=True hour_summary=open
[2026-06-02 18:00:04] RIMAC Fitness Gym: 59% (Busy) people=89 capacity=150 is_open=True hour_summary=open
[2026-06-02 18:00:04] Triton Esports Center: 39% (Not Busy) people=14 capacity=35 is_open=True hour_summary=open
[2026-06-02 18:00:04] === SCRAPE END OK ===
[2026-06-02 18:15:02] === SCRAPE START ===
[2026-06-02 18:15:02] Fetching https://waitz.io/live/ucsd-rec
[2026-06-02 18:15:03] Saved 4 rows to ucsd_occupancy_history.csv
[2026-06-02 18:15:03] Main Gym Fitness Gym: 99% (Very Active) people=94 capacity=72 is_open=True hour_summary=open
[2026-06-02 18:15:03] Outback Climbing Center: 99% (Very Active) people=46 capacity=30 is_open=True hour_summary=open
[2026-06-02 18:15:03] RIMAC Fitness Gym: 67% (Busy) people=101 capacity=150 is_open=True hour_summary=open
[2026-06-02 18:15:03] Triton Esports Center: 36% (Not Busy) people=13 capacity=35 is_open=True hour_summary=open
[2026-06-02 18:15:03] === SCRAPE END OK ===
[2026-06-02 18:30:02] === SCRAPE START ===
[2026-06-02 18:30:02] Fetching https://waitz.io/live/ucsd-rec
[2026-06-02 18:30:03] Saved 4 rows to ucsd_occupancy_history.csv
[2026-06-02 18:30:03] Main Gym Fitness Gym: 99% (Very Active) people=149 capacity=72 is_open=True hour_summary=open
[2026-06-02 18:30:03] Outback Climbing Center: 99% (Very Active) people=62 capacity=30 is_open=True hour_summary=open
[2026-06-02 18:30:03] RIMAC Fitness Gym: 71% (Busy) people=106 capacity=150 is_open=True hour_summary=open
[2026-06-02 18:30:03] Triton Esports Center: 39% (Not Busy) people=14 capacity=35 is_open=True hour_summary=open
[2026-06-02 18:30:03] === SCRAPE END OK ===
[2026-06-02 18:45:02] === SCRAPE START ===
[2026-06-02 18:45:02] Fetching https://waitz.io/live/ucsd-rec
[2026-06-02 18:45:03] Saved 4 rows to ucsd_occupancy_history.csv
[2026-06-02 18:45:03] Main Gym Fitness Gym: 34% (Not Busy) people=25 capacity=72 is_open=True hour_summary=open
[2026-06-02 18:45:03] Outback Climbing Center: 99% (Very Active) people=58 capacity=30 is_open=True hour_summary=open
[2026-06-02 18:45:03] RIMAC Fitness Gym: 64% (Busy) people=97 capacity=150 is_open=True hour_summary=open
[2026-06-02 18:45:03] Triton Esports Center: 31% (Not Busy) people=11 capacity=35 is_open=True hour_summary=open
[2026-06-02 18:45:03] === SCRAPE END OK ===
[2026-06-02 19:00:02] === SCRAPE START ===
[2026-06-02 19:00:02] Fetching https://waitz.io/live/ucsd-rec
[2026-06-02 19:00:03] Saved 4 rows to ucsd_occupancy_history.csv
[2026-06-02 19:00:03] Main Gym Fitness Gym: 36% (Not Busy) people=26 capacity=72 is_open=True hour_summary=open
[2026-06-02 19:00:03] Outback Climbing Center: 99% (Very Active) people=49 capacity=30 is_open=True hour_summary=open
[2026-06-02 19:00:03] RIMAC Fitness Gym: 70% (Busy) people=104 capacity=150 is_open=True hour_summary=open
[2026-06-02 19:00:03] Triton Esports Center: 35% (Not Busy) people=12 capacity=35 is_open=True hour_summary=open
[2026-06-02 19:00:03] === SCRAPE END OK ===
[2026-06-02 19:15:02] === SCRAPE START ===
[2026-06-02 19:15:02] Fetching https://waitz.io/live/ucsd-rec
[2026-06-02 19:15:03] Saved 4 rows to ucsd_occupancy_history.csv
[2026-06-02 19:15:03] Main Gym Fitness Gym: 32% (Not Busy) people=23 capacity=72 is_open=True hour_summary=open
[2026-06-02 19:15:03] Outback Climbing Center: 99% (Very Active) people=38 capacity=30 is_open=True hour_summary=open
[2026-06-02 19:15:03] RIMAC Fitness Gym: 54% (Busy) people=82 capacity=150 is_open=True hour_summary=open
[2026-06-02 19:15:03] Triton Esports Center: 31% (Not Busy) people=11 capacity=35 is_open=True hour_summary=open
[2026-06-02 19:15:03] === SCRAPE END OK ===
[2026-06-02 19:30:02] === SCRAPE START ===
[2026-06-02 19:30:02] Fetching https://waitz.io/live/ucsd-rec
[2026-06-02 19:30:03] Saved 4 rows to ucsd_occupancy_history.csv
[2026-06-02 19:30:03] Main Gym Fitness Gym: 39% (Not Busy) people=28 capacity=72 is_open=True hour_summary=open
[2026-06-02 19:30:03] Outback Climbing Center: 99% (Very Active) people=43 capacity=30 is_open=True hour_summary=open
[2026-06-02 19:30:03] RIMAC Fitness Gym: 55% (Busy) people=82 capacity=150 is_open=True hour_summary=open
[2026-06-02 19:30:03] Triton Esports Center: 36% (Not Busy) people=13 capacity=35 is_open=True hour_summary=open
[2026-06-02 19:30:03] === SCRAPE END OK ===
[2026-06-02 19:45:02] === SCRAPE START ===
[2026-06-02 19:45:02] Fetching https://waitz.io/live/ucsd-rec
[2026-06-02 19:45:03] Saved 4 rows to ucsd_occupancy_history.csv
[2026-06-02 19:45:03] Main Gym Fitness Gym: 24% (Not Busy) people=17 capacity=72 is_open=True hour_summary=open
[2026-06-02 19:45:03] Outback Climbing Center: 99% (Very Active) people=45 capacity=30 is_open=True hour_summary=open
[2026-06-02 19:45:03] RIMAC Fitness Gym: 59% (Busy) people=89 capacity=150 is_open=True hour_summary=open
[2026-06-02 19:45:03] Triton Esports Center: 35% (Not Busy) people=12 capacity=35 is_open=True hour_summary=open
[2026-06-02 19:45:03] === SCRAPE END OK ===
