[2026-04-14 00:00:01] === SCRAPE START ===
[2026-04-14 00:00:01] Fetching https://waitz.io/live/ucsd-rec
[2026-04-14 00:00:02] Saved 4 rows to ucsd_occupancy_history.csv
[2026-04-14 00:00:02] Main Gym Fitness Gym: 1% (Closed) people=1 capacity=72 is_open=False hour_summary=Closed until 6:00am
[2026-04-14 00:00:02] Outback Climbing Center: 2% (Closed) people=1 capacity=30 is_open=False hour_summary=Closed until 10:00am
[2026-04-14 00:00:02] RIMAC Fitness Gym: 1% (Closed) people=1 capacity=150 is_open=False hour_summary=Closed until 6:00am
[2026-04-14 00:00:02] Triton Esports Center: 0% (Closed) people=0 capacity=35 is_open=False hour_summary=Closed until 7:30am
[2026-04-14 00:00:02] === SCRAPE END OK ===
[2026-04-14 00:15:02] === SCRAPE START ===
[2026-04-14 00:15:02] Fetching https://waitz.io/live/ucsd-rec
[2026-04-14 00:15:03] Saved 4 rows to ucsd_occupancy_history.csv
[2026-04-14 00:15:03] Main Gym Fitness Gym: 1% (Closed) people=1 capacity=72 is_open=False hour_summary=Closed until 6:00am
[2026-04-14 00:15:03] Outback Climbing Center: 2% (Closed) people=0 capacity=30 is_open=False hour_summary=Closed until 10:00am
[2026-04-14 00:15:03] RIMAC Fitness Gym: 1% (Closed) people=1 capacity=150 is_open=False hour_summary=Closed until 6:00am
[2026-04-14 00:15:03] Triton Esports Center: 0% (Closed) people=0 capacity=35 is_open=False hour_summary=Closed until 7:30am
[2026-04-14 00:15:03] === SCRAPE END OK ===
[2026-04-14 00:30:02] === SCRAPE START ===
[2026-04-14 00:30:02] Fetching https://waitz.io/live/ucsd-rec
[2026-04-14 00:30:04] Saved 4 rows to ucsd_occupancy_history.csv
[2026-04-14 00:30:04] Main Gym Fitness Gym: 1% (Closed) people=1 capacity=72 is_open=False hour_summary=Closed until 6:00am
[2026-04-14 00:30:04] Outback Climbing Center: 3% (Closed) people=1 capacity=30 is_open=False hour_summary=Closed until 10:00am
[2026-04-14 00:30:04] RIMAC Fitness Gym: 1% (Closed) people=1 capacity=150 is_open=False hour_summary=Closed until 6:00am
[2026-04-14 00:30:04] Triton Esports Center: 0% (Closed) people=0 capacity=35 is_open=False hour_summary=Closed until 7:30am
[2026-04-14 00:30:04] === SCRAPE END OK ===
[2026-04-14 00:45:02] === SCRAPE START ===
[2026-04-14 00:45:02] Fetching https://waitz.io/live/ucsd-rec
[2026-04-14 00:45:03] Saved 4 rows to ucsd_occupancy_history.csv
[2026-04-14 00:45:03] Main Gym Fitness Gym: 2% (Closed) people=1 capacity=72 is_open=False hour_summary=Closed until 6:00am
[2026-04-14 00:45:03] Outback Climbing Center: 2% (Closed) people=1 capacity=30 is_open=False hour_summary=Closed until 10:00am
[2026-04-14 00:45:03] RIMAC Fitness Gym: 1% (Closed) people=1 capacity=150 is_open=False hour_summary=Closed until 6:00am
[2026-04-14 00:45:03] Triton Esports Center: 0% (Closed) people=0 capacity=35 is_open=False hour_summary=Closed until 7:30am
[2026-04-14 00:45:03] === SCRAPE END OK ===
[2026-04-14 01:00:02] === SCRAPE START ===
[2026-04-14 01:00:02] Fetching https://waitz.io/live/ucsd-rec
[2026-04-14 01:00:04] Saved 4 rows to ucsd_occupancy_history.csv
[2026-04-14 01:00:04] Main Gym Fitness Gym: 1% (Closed) people=1 capacity=72 is_open=False hour_summary=Closed until 6:00am
[2026-04-14 01:00:04] Outback Climbing Center: 3% (Closed) people=1 capacity=30 is_open=False hour_summary=Closed until 10:00am
[2026-04-14 01:00:04] RIMAC Fitness Gym: 0% (Closed) people=0 capacity=150 is_open=False hour_summary=Closed until 6:00am
[2026-04-14 01:00:04] Triton Esports Center: 0% (Closed) people=0 capacity=35 is_open=False hour_summary=Closed until 7:30am
[2026-04-14 01:00:04] === SCRAPE END OK ===
[2026-04-14 01:15:02] === SCRAPE START ===
[2026-04-14 01:15:02] Fetching https://waitz.io/live/ucsd-rec
[2026-04-14 01:15:03] Saved 4 rows to ucsd_occupancy_history.csv
[2026-04-14 01:15:03] Main Gym Fitness Gym: 1% (Closed) people=1 capacity=72 is_open=False hour_summary=Closed until 6:00am
[2026-04-14 01:15:03] Outback Climbing Center: 6% (Closed) people=2 capacity=30 is_open=False hour_summary=Closed until 10:00am
[2026-04-14 01:15:03] RIMAC Fitness Gym: 0% (Closed) people=1 capacity=150 is_open=False hour_summary=Closed until 6:00am
[2026-04-14 01:15:03] Triton Esports Center: 0% (Closed) people=0 capacity=35 is_open=False hour_summary=Closed until 7:30am
[2026-04-14 01:15:03] === SCRAPE END OK ===
[2026-04-14 01:30:02] === SCRAPE START ===
[2026-04-14 01:30:02] Fetching https://waitz.io/live/ucsd-rec
[2026-04-14 01:30:03] Saved 4 rows to ucsd_occupancy_history.csv
[2026-04-14 01:30:03] Main Gym Fitness Gym: 2% (Closed) people=1 capacity=72 is_open=False hour_summary=Closed until 6:00am
[2026-04-14 01:30:03] Outback Climbing Center: 2% (Closed) people=1 capacity=30 is_open=False hour_summary=Closed until 10:00am
[2026-04-14 01:30:03] RIMAC Fitness Gym: 0% (Closed) people=0 capacity=150 is_open=False hour_summary=Closed until 6:00am
[2026-04-14 01:30:03] Triton Esports Center: 0% (Closed) people=0 capacity=35 is_open=False hour_summary=Closed until 7:30am
[2026-04-14 01:30:03] === SCRAPE END OK ===
[2026-04-14 01:45:02] === SCRAPE START ===
[2026-04-14 01:45:02] Fetching https://waitz.io/live/ucsd-rec
[2026-04-14 01:45:03] Saved 4 rows to ucsd_occupancy_history.csv
[2026-04-14 01:45:03] Main Gym Fitness Gym: 1% (Closed) people=1 capacity=72 is_open=False hour_summary=Closed until 6:00am
[2026-04-14 01:45:03] Outback Climbing Center: 2% (Closed) people=1 capacity=30 is_open=False hour_summary=Closed until 10:00am
[2026-04-14 01:45:03] RIMAC Fitness Gym: 0% (Closed) people=1 capacity=150 is_open=False hour_summary=Closed until 6:00am
[2026-04-14 01:45:03] Triton Esports Center: 0% (Closed) people=0 capacity=35 is_open=False hour_summary=Closed until 7:30am
[2026-04-14 01:45:03] === SCRAPE END OK ===
[2026-04-14 02:00:02] === SCRAPE START ===
[2026-04-14 02:00:02] Fetching https://waitz.io/live/ucsd-rec
[2026-04-14 02:00:04] Saved 4 rows to ucsd_occupancy_history.csv
[2026-04-14 02:00:04] Main Gym Fitness Gym: 2% (Closed) people=1 capacity=72 is_open=False hour_summary=Closed until 6:00am
[2026-04-14 02:00:04] Outback Climbing Center: 2% (Closed) people=0 capacity=30 is_open=False hour_summary=Closed until 10:00am
[2026-04-14 02:00:04] RIMAC Fitness Gym: 1% (Closed) people=1 capacity=150 is_open=False hour_summary=Closed until 6:00am
[2026-04-14 02:00:04] Triton Esports Center: 0% (Closed) people=0 capacity=35 is_open=False hour_summary=Closed until 7:30am
[2026-04-14 02:00:04] === SCRAPE END OK ===
[2026-04-14 02:15:02] === SCRAPE START ===
[2026-04-14 02:15:02] Fetching https://waitz.io/live/ucsd-rec
[2026-04-14 02:15:04] Saved 4 rows to ucsd_occupancy_history.csv
[2026-04-14 02:15:04] Main Gym Fitness Gym: 1% (Closed) people=1 capacity=72 is_open=False hour_summary=Closed until 6:00am
[2026-04-14 02:15:04] Outback Climbing Center: 2% (Closed) people=0 capacity=30 is_open=False hour_summary=Closed until 10:00am
[2026-04-14 02:15:04] RIMAC Fitness Gym: 0% (Closed) people=1 capacity=150 is_open=False hour_summary=Closed until 6:00am
[2026-04-14 02:15:04] Triton Esports Center: 0% (Closed) people=0 capacity=35 is_open=False hour_summary=Closed until 7:30am
[2026-04-14 02:15:04] === SCRAPE END OK ===
[2026-04-14 02:30:02] === SCRAPE START ===
[2026-04-14 02:30:02] Fetching https://waitz.io/live/ucsd-rec
[2026-04-14 02:30:04] Saved 4 rows to ucsd_occupancy_history.csv
[2026-04-14 02:30:04] Main Gym Fitness Gym: 1% (Closed) people=1 capacity=72 is_open=False hour_summary=Closed until 6:00am
[2026-04-14 02:30:04] Outback Climbing Center: 2% (Closed) people=1 capacity=30 is_open=False hour_summary=Closed until 10:00am
[2026-04-14 02:30:04] RIMAC Fitness Gym: 1% (Closed) people=1 capacity=150 is_open=False hour_summary=Closed until 6:00am
[2026-04-14 02:30:04] Triton Esports Center: 0% (Closed) people=0 capacity=35 is_open=False hour_summary=Closed until 7:30am
[2026-04-14 02:30:04] === SCRAPE END OK ===
[2026-04-14 02:45:02] === SCRAPE START ===
[2026-04-14 02:45:02] Fetching https://waitz.io/live/ucsd-rec
[2026-04-14 02:45:03] Saved 4 rows to ucsd_occupancy_history.csv
[2026-04-14 02:45:03] Main Gym Fitness Gym: 1% (Closed) people=1 capacity=72 is_open=False hour_summary=Closed until 6:00am
[2026-04-14 02:45:03] Outback Climbing Center: 2% (Closed) people=1 capacity=30 is_open=False hour_summary=Closed until 10:00am
[2026-04-14 02:45:03] RIMAC Fitness Gym: 0% (Closed) people=0 capacity=150 is_open=False hour_summary=Closed until 6:00am
[2026-04-14 02:45:03] Triton Esports Center: 0% (Closed) people=0 capacity=35 is_open=False hour_summary=Closed until 7:30am
[2026-04-14 02:45:03] === SCRAPE END OK ===
[2026-04-14 03:00:02] === SCRAPE START ===
[2026-04-14 03:00:02] Fetching https://waitz.io/live/ucsd-rec
[2026-04-14 03:00:03] Saved 4 rows to ucsd_occupancy_history.csv
[2026-04-14 03:00:03] Main Gym Fitness Gym: 1% (Closed) people=1 capacity=72 is_open=False hour_summary=Closed until 6:00am
[2026-04-14 03:00:03] Outback Climbing Center: 1% (Closed) people=0 capacity=30 is_open=False hour_summary=Closed until 10:00am
[2026-04-14 03:00:03] RIMAC Fitness Gym: 0% (Closed) people=1 capacity=150 is_open=False hour_summary=Closed until 6:00am
[2026-04-14 03:00:03] Triton Esports Center: 0% (Closed) people=0 capacity=35 is_open=False hour_summary=Closed until 7:30am
[2026-04-14 03:00:03] === SCRAPE END OK ===
[2026-04-14 03:15:02] === SCRAPE START ===
[2026-04-14 03:15:02] Fetching https://waitz.io/live/ucsd-rec
[2026-04-14 03:15:03] Saved 4 rows to ucsd_occupancy_history.csv
[2026-04-14 03:15:03] Main Gym Fitness Gym: 1% (Closed) people=1 capacity=72 is_open=False hour_summary=Closed until 6:00am
[2026-04-14 03:15:03] Outback Climbing Center: 2% (Closed) people=1 capacity=30 is_open=False hour_summary=Closed until 10:00am
[2026-04-14 03:15:03] RIMAC Fitness Gym: 0% (Closed) people=0 capacity=150 is_open=False hour_summary=Closed until 6:00am
[2026-04-14 03:15:03] Triton Esports Center: 0% (Closed) people=0 capacity=35 is_open=False hour_summary=Closed until 7:30am
[2026-04-14 03:15:03] === SCRAPE END OK ===
[2026-04-14 03:30:02] === SCRAPE START ===
[2026-04-14 03:30:02] Fetching https://waitz.io/live/ucsd-rec
[2026-04-14 03:30:03] Saved 4 rows to ucsd_occupancy_history.csv
[2026-04-14 03:30:03] Main Gym Fitness Gym: 1% (Closed) people=1 capacity=72 is_open=False hour_summary=Closed until 6:00am
[2026-04-14 03:30:03] Outback Climbing Center: 3% (Closed) people=1 capacity=30 is_open=False hour_summary=Closed until 10:00am
[2026-04-14 03:30:03] RIMAC Fitness Gym: 0% (Closed) people=0 capacity=150 is_open=False hour_summary=Closed until 6:00am
[2026-04-14 03:30:03] Triton Esports Center: 0% (Closed) people=0 capacity=35 is_open=False hour_summary=Closed until 7:30am
[2026-04-14 03:30:03] === SCRAPE END OK ===
[2026-04-14 03:45:02] === SCRAPE START ===
[2026-04-14 03:45:02] Fetching https://waitz.io/live/ucsd-rec
[2026-04-14 03:45:04] Saved 4 rows to ucsd_occupancy_history.csv
[2026-04-14 03:45:04] Main Gym Fitness Gym: 1% (Closed) people=1 capacity=72 is_open=False hour_summary=Closed until 6:00am
[2026-04-14 03:45:04] Outback Climbing Center: 5% (Closed) people=1 capacity=30 is_open=False hour_summary=Closed until 10:00am
[2026-04-14 03:45:04] RIMAC Fitness Gym: 1% (Closed) people=1 capacity=150 is_open=False hour_summary=Closed until 6:00am
[2026-04-14 03:45:04] Triton Esports Center: 0% (Closed) people=0 capacity=35 is_open=False hour_summary=Closed until 7:30am
[2026-04-14 03:45:04] === SCRAPE END OK ===
[2026-04-14 04:00:02] === SCRAPE START ===
[2026-04-14 04:00:02] Fetching https://waitz.io/live/ucsd-rec
[2026-04-14 04:00:03] Saved 4 rows to ucsd_occupancy_history.csv
[2026-04-14 04:00:03] Main Gym Fitness Gym: 1% (Closed) people=1 capacity=72 is_open=False hour_summary=Closed until 6:00am
[2026-04-14 04:00:03] Outback Climbing Center: 3% (Closed) people=1 capacity=30 is_open=False hour_summary=Closed until 10:00am
[2026-04-14 04:00:03] RIMAC Fitness Gym: 0% (Closed) people=0 capacity=150 is_open=False hour_summary=Closed until 6:00am
[2026-04-14 04:00:03] Triton Esports Center: 0% (Closed) people=0 capacity=35 is_open=False hour_summary=Closed until 7:30am
[2026-04-14 04:00:03] === SCRAPE END OK ===
[2026-04-14 04:15:02] === SCRAPE START ===
[2026-04-14 04:15:02] Fetching https://waitz.io/live/ucsd-rec
[2026-04-14 04:15:03] Saved 4 rows to ucsd_occupancy_history.csv
[2026-04-14 04:15:03] Main Gym Fitness Gym: 1% (Closed) people=1 capacity=72 is_open=False hour_summary=Closed until 6:00am
[2026-04-14 04:15:03] Outback Climbing Center: 2% (Closed) people=1 capacity=30 is_open=False hour_summary=Closed until 10:00am
[2026-04-14 04:15:03] RIMAC Fitness Gym: 0% (Closed) people=0 capacity=150 is_open=False hour_summary=Closed until 6:00am
[2026-04-14 04:15:03] Triton Esports Center: 0% (Closed) people=0 capacity=35 is_open=False hour_summary=Closed until 7:30am
[2026-04-14 04:15:03] === SCRAPE END OK ===
[2026-04-14 04:30:02] === SCRAPE START ===
[2026-04-14 04:30:02] Fetching https://waitz.io/live/ucsd-rec
[2026-04-14 04:30:04] Saved 4 rows to ucsd_occupancy_history.csv
[2026-04-14 04:30:04] Main Gym Fitness Gym: 1% (Closed) people=1 capacity=72 is_open=False hour_summary=Closed until 6:00am
[2026-04-14 04:30:04] Outback Climbing Center: 2% (Closed) people=1 capacity=30 is_open=False hour_summary=Closed until 10:00am
[2026-04-14 04:30:04] RIMAC Fitness Gym: 0% (Closed) people=1 capacity=150 is_open=False hour_summary=Closed until 6:00am
[2026-04-14 04:30:04] Triton Esports Center: 0% (Closed) people=0 capacity=35 is_open=False hour_summary=Closed until 7:30am
[2026-04-14 04:30:04] === SCRAPE END OK ===
[2026-04-14 04:45:02] === SCRAPE START ===
[2026-04-14 04:45:02] Fetching https://waitz.io/live/ucsd-rec
[2026-04-14 04:45:03] Saved 4 rows to ucsd_occupancy_history.csv
[2026-04-14 04:45:03] Main Gym Fitness Gym: 1% (Closed) people=1 capacity=72 is_open=False hour_summary=Closed until 6:00am
[2026-04-14 04:45:03] Outback Climbing Center: 5% (Closed) people=1 capacity=30 is_open=False hour_summary=Closed until 10:00am
[2026-04-14 04:45:03] RIMAC Fitness Gym: 1% (Closed) people=1 capacity=150 is_open=False hour_summary=Closed until 6:00am
[2026-04-14 04:45:03] Triton Esports Center: 0% (Closed) people=0 capacity=35 is_open=False hour_summary=Closed until 7:30am
[2026-04-14 04:45:03] === SCRAPE END OK ===
[2026-04-14 05:00:02] === SCRAPE START ===
[2026-04-14 05:00:02] Fetching https://waitz.io/live/ucsd-rec
[2026-04-14 05:00:05] Saved 4 rows to ucsd_occupancy_history.csv
[2026-04-14 05:00:05] Main Gym Fitness Gym: 1% (Closed) people=1 capacity=72 is_open=False hour_summary=Closed until 6:00am
[2026-04-14 05:00:05] Outback Climbing Center: 1% (Closed) people=0 capacity=30 is_open=False hour_summary=Closed until 10:00am
[2026-04-14 05:00:05] RIMAC Fitness Gym: 1% (Closed) people=1 capacity=150 is_open=False hour_summary=Closed until 6:00am
[2026-04-14 05:00:05] Triton Esports Center: 0% (Closed) people=0 capacity=35 is_open=False hour_summary=Closed until 7:30am
[2026-04-14 05:00:05] === SCRAPE END OK ===
[2026-04-14 05:15:02] === SCRAPE START ===
[2026-04-14 05:15:02] Fetching https://waitz.io/live/ucsd-rec
[2026-04-14 05:15:03] Saved 4 rows to ucsd_occupancy_history.csv
[2026-04-14 05:15:03] Main Gym Fitness Gym: 1% (Closed) people=1 capacity=72 is_open=False hour_summary=Closed until 6:00am
[2026-04-14 05:15:03] Outback Climbing Center: 4% (Closed) people=1 capacity=30 is_open=False hour_summary=Closed until 10:00am
[2026-04-14 05:15:03] RIMAC Fitness Gym: 1% (Closed) people=1 capacity=150 is_open=False hour_summary=Closed until 6:00am
[2026-04-14 05:15:03] Triton Esports Center: 0% (Closed) people=0 capacity=35 is_open=False hour_summary=Closed until 7:30am
[2026-04-14 05:15:03] === SCRAPE END OK ===
[2026-04-14 05:30:02] === SCRAPE START ===
[2026-04-14 05:30:02] Fetching https://waitz.io/live/ucsd-rec
[2026-04-14 05:30:03] Saved 4 rows to ucsd_occupancy_history.csv
[2026-04-14 05:30:03] Main Gym Fitness Gym: 1% (Closed) people=1 capacity=72 is_open=False hour_summary=Closed until 6:00am
[2026-04-14 05:30:03] Outback Climbing Center: 3% (Closed) people=1 capacity=30 is_open=False hour_summary=Closed until 10:00am
[2026-04-14 05:30:03] RIMAC Fitness Gym: 0% (Closed) people=1 capacity=150 is_open=False hour_summary=Closed until 6:00am
[2026-04-14 05:30:03] Triton Esports Center: 0% (Closed) people=0 capacity=35 is_open=False hour_summary=Closed until 7:30am
[2026-04-14 05:30:03] === SCRAPE END OK ===
[2026-04-14 05:45:02] === SCRAPE START ===
[2026-04-14 05:45:02] Fetching https://waitz.io/live/ucsd-rec
[2026-04-14 05:45:03] Saved 4 rows to ucsd_occupancy_history.csv
[2026-04-14 05:45:03] Main Gym Fitness Gym: 1% (Closed) people=1 capacity=72 is_open=False hour_summary=Closed until 6:00am
[2026-04-14 05:45:03] Outback Climbing Center: 2% (Closed) people=0 capacity=30 is_open=False hour_summary=Closed until 10:00am
[2026-04-14 05:45:03] RIMAC Fitness Gym: 1% (Closed) people=2 capacity=150 is_open=False hour_summary=Closed until 6:00am
[2026-04-14 05:45:03] Triton Esports Center: 0% (Closed) people=0 capacity=35 is_open=False hour_summary=Closed until 7:30am
[2026-04-14 05:45:03] === SCRAPE END OK ===
[2026-04-14 06:00:02] === SCRAPE START ===
[2026-04-14 06:00:02] Fetching https://waitz.io/live/ucsd-rec
[2026-04-14 06:00:03] Saved 4 rows to ucsd_occupancy_history.csv
[2026-04-14 06:00:03] Main Gym Fitness Gym: 1% (Not Busy) people=1 capacity=72 is_open=True hour_summary=open
[2026-04-14 06:00:03] Outback Climbing Center: 7% (Closed) people=2 capacity=30 is_open=False hour_summary=Closed until 10:00am
[2026-04-14 06:00:03] RIMAC Fitness Gym: 1% (Not Busy) people=1 capacity=150 is_open=True hour_summary=open
[2026-04-14 06:00:03] Triton Esports Center: 0% (Closed) people=0 capacity=35 is_open=False hour_summary=Closed until 7:30am
[2026-04-14 06:00:03] === SCRAPE END OK ===
[2026-04-14 06:15:03] === SCRAPE START ===
[2026-04-14 06:15:03] Fetching https://waitz.io/live/ucsd-rec
[2026-04-14 06:15:04] Saved 4 rows to ucsd_occupancy_history.csv
[2026-04-14 06:15:04] Main Gym Fitness Gym: 15% (Not Busy) people=11 capacity=72 is_open=True hour_summary=open
[2026-04-14 06:15:04] Outback Climbing Center: 3% (Closed) people=1 capacity=30 is_open=False hour_summary=Closed until 10:00am
[2026-04-14 06:15:04] RIMAC Fitness Gym: 17% (Not Busy) people=26 capacity=150 is_open=True hour_summary=open
[2026-04-14 06:15:04] Triton Esports Center: 0% (Closed) people=0 capacity=35 is_open=False hour_summary=Closed until 7:30am
[2026-04-14 06:15:04] === SCRAPE END OK ===
[2026-04-14 06:30:02] === SCRAPE START ===
[2026-04-14 06:30:02] Fetching https://waitz.io/live/ucsd-rec
[2026-04-14 06:30:04] Saved 4 rows to ucsd_occupancy_history.csv
[2026-04-14 06:30:04] Main Gym Fitness Gym: 19% (Not Busy) people=14 capacity=72 is_open=True hour_summary=open
[2026-04-14 06:30:04] Outback Climbing Center: 8% (Closed) people=2 capacity=30 is_open=False hour_summary=Closed until 10:00am
[2026-04-14 06:30:04] RIMAC Fitness Gym: 22% (Not Busy) people=34 capacity=150 is_open=True hour_summary=open
[2026-04-14 06:30:04] Triton Esports Center: 0% (Closed) people=0 capacity=35 is_open=False hour_summary=Closed until 7:30am
[2026-04-14 06:30:04] === SCRAPE END OK ===
[2026-04-14 06:45:02] === SCRAPE START ===
[2026-04-14 06:45:02] Fetching https://waitz.io/live/ucsd-rec
[2026-04-14 06:45:03] Saved 4 rows to ucsd_occupancy_history.csv
[2026-04-14 06:45:03] Main Gym Fitness Gym: 32% (Not Busy) people=23 capacity=72 is_open=True hour_summary=open
[2026-04-14 06:45:03] Outback Climbing Center: 10% (Closed) people=3 capacity=30 is_open=False hour_summary=Closed until 10:00am
[2026-04-14 06:45:03] RIMAC Fitness Gym: 36% (Not Busy) people=54 capacity=150 is_open=True hour_summary=open
[2026-04-14 06:45:03] Triton Esports Center: 0% (Closed) people=0 capacity=35 is_open=False hour_summary=Closed until 7:30am
[2026-04-14 06:45:03] === SCRAPE END OK ===
[2026-04-14 07:00:02] === SCRAPE START ===
[2026-04-14 07:00:02] Fetching https://waitz.io/live/ucsd-rec
[2026-04-14 07:00:03] Saved 4 rows to ucsd_occupancy_history.csv
[2026-04-14 07:00:03] Main Gym Fitness Gym: 8% (Not Busy) people=6 capacity=72 is_open=True hour_summary=open
[2026-04-14 07:00:03] Outback Climbing Center: 11% (Closed) people=3 capacity=30 is_open=False hour_summary=Closed until 10:00am
[2026-04-14 07:00:03] RIMAC Fitness Gym: 32% (Not Busy) people=48 capacity=150 is_open=True hour_summary=open
[2026-04-14 07:00:03] Triton Esports Center: 0% (Closed) people=0 capacity=35 is_open=False hour_summary=Closed until 7:30am
[2026-04-14 07:00:03] === SCRAPE END OK ===
[2026-04-14 07:15:02] === SCRAPE START ===
[2026-04-14 07:15:02] Fetching https://waitz.io/live/ucsd-rec
[2026-04-14 07:15:03] Saved 4 rows to ucsd_occupancy_history.csv
[2026-04-14 07:15:03] Main Gym Fitness Gym: 14% (Not Busy) people=10 capacity=72 is_open=True hour_summary=open
[2026-04-14 07:15:03] Outback Climbing Center: 9% (Closed) people=3 capacity=30 is_open=False hour_summary=Closed until 10:00am
[2026-04-14 07:15:03] RIMAC Fitness Gym: 34% (Not Busy) people=52 capacity=150 is_open=True hour_summary=open
[2026-04-14 07:15:03] Triton Esports Center: 0% (Closed) people=0 capacity=35 is_open=False hour_summary=Closed until 7:30am
[2026-04-14 07:15:03] === SCRAPE END OK ===
[2026-04-14 07:30:02] === SCRAPE START ===
[2026-04-14 07:30:02] Fetching https://waitz.io/live/ucsd-rec
[2026-04-14 07:30:03] Saved 4 rows to ucsd_occupancy_history.csv
[2026-04-14 07:30:03] Main Gym Fitness Gym: 17% (Not Busy) people=12 capacity=72 is_open=True hour_summary=open
[2026-04-14 07:30:03] Outback Climbing Center: 16% (Closed) people=5 capacity=30 is_open=False hour_summary=Closed until 10:00am
[2026-04-14 07:30:03] RIMAC Fitness Gym: 34% (Not Busy) people=50 capacity=150 is_open=True hour_summary=open
[2026-04-14 07:30:03] Triton Esports Center: 0% (Not Busy) people=0 capacity=35 is_open=True hour_summary=open
[2026-04-14 07:30:03] === SCRAPE END OK ===
[2026-04-14 07:45:02] === SCRAPE START ===
[2026-04-14 07:45:02] Fetching https://waitz.io/live/ucsd-rec
[2026-04-14 07:45:03] Saved 4 rows to ucsd_occupancy_history.csv
[2026-04-14 07:45:03] Main Gym Fitness Gym: 99% (Very Active) people=76 capacity=72 is_open=True hour_summary=open
[2026-04-14 07:45:03] Outback Climbing Center: 15% (Closed) people=5 capacity=30 is_open=False hour_summary=Closed until 10:00am
[2026-04-14 07:45:03] RIMAC Fitness Gym: 48% (Busy) people=73 capacity=150 is_open=True hour_summary=open
[2026-04-14 07:45:03] Triton Esports Center: 4% (Not Busy) people=1 capacity=35 is_open=True hour_summary=open
[2026-04-14 07:45:03] === SCRAPE END OK ===
[2026-04-14 08:00:02] === SCRAPE START ===
[2026-04-14 08:00:02] Fetching https://waitz.io/live/ucsd-rec
[2026-04-14 08:00:04] Saved 4 rows to ucsd_occupancy_history.csv
[2026-04-14 08:00:04] Main Gym Fitness Gym: 29% (Not Busy) people=21 capacity=72 is_open=True hour_summary=open
[2026-04-14 08:00:04] Outback Climbing Center: 14% (Closed) people=4 capacity=30 is_open=False hour_summary=Closed until 10:00am
[2026-04-14 08:00:04] RIMAC Fitness Gym: 50% (Busy) people=75 capacity=150 is_open=True hour_summary=open
[2026-04-14 08:00:04] Triton Esports Center: 0% (Not Busy) people=0 capacity=35 is_open=True hour_summary=open
[2026-04-14 08:00:04] === SCRAPE END OK ===
[2026-04-14 08:15:02] === SCRAPE START ===
[2026-04-14 08:15:02] Fetching https://waitz.io/live/ucsd-rec
[2026-04-14 08:15:03] Saved 4 rows to ucsd_occupancy_history.csv
[2026-04-14 08:15:03] Main Gym Fitness Gym: 37% (Not Busy) people=27 capacity=72 is_open=True hour_summary=open
[2026-04-14 08:15:03] Outback Climbing Center: 7% (Closed) people=2 capacity=30 is_open=False hour_summary=Closed until 10:00am
[2026-04-14 08:15:03] RIMAC Fitness Gym: 51% (Busy) people=76 capacity=150 is_open=True hour_summary=open
[2026-04-14 08:15:03] Triton Esports Center: 1% (Not Busy) people=0 capacity=35 is_open=True hour_summary=open
[2026-04-14 08:15:03] === SCRAPE END OK ===
[2026-04-14 08:30:02] === SCRAPE START ===
[2026-04-14 08:30:02] Fetching https://waitz.io/live/ucsd-rec
[2026-04-14 08:30:04] Saved 4 rows to ucsd_occupancy_history.csv
[2026-04-14 08:30:04] Main Gym Fitness Gym: 29% (Not Busy) people=21 capacity=72 is_open=True hour_summary=open
[2026-04-14 08:30:04] Outback Climbing Center: 6% (Closed) people=2 capacity=30 is_open=False hour_summary=Closed until 10:00am
[2026-04-14 08:30:04] RIMAC Fitness Gym: 50% (Busy) people=74 capacity=150 is_open=True hour_summary=open
[2026-04-14 08:30:04] Triton Esports Center: 0% (Not Busy) people=0 capacity=35 is_open=True hour_summary=open
[2026-04-14 08:30:04] === SCRAPE END OK ===
[2026-04-14 08:45:02] === SCRAPE START ===
[2026-04-14 08:45:02] Fetching https://waitz.io/live/ucsd-rec
[2026-04-14 08:45:03] Saved 4 rows to ucsd_occupancy_history.csv
[2026-04-14 08:45:03] Main Gym Fitness Gym: 18% (Not Busy) people=13 capacity=72 is_open=True hour_summary=open
[2026-04-14 08:45:03] Outback Climbing Center: 9% (Closed) people=3 capacity=30 is_open=False hour_summary=Closed until 10:00am
[2026-04-14 08:45:03] RIMAC Fitness Gym: 47% (Busy) people=70 capacity=150 is_open=True hour_summary=open
[2026-04-14 08:45:03] Triton Esports Center: 1% (Not Busy) people=0 capacity=35 is_open=True hour_summary=open
[2026-04-14 08:45:03] === SCRAPE END OK ===
[2026-04-14 09:00:02] === SCRAPE START ===
[2026-04-14 09:00:02] Fetching https://waitz.io/live/ucsd-rec
[2026-04-14 09:00:03] Saved 4 rows to ucsd_occupancy_history.csv
[2026-04-14 09:00:03] Main Gym Fitness Gym: 29% (Not Busy) people=21 capacity=72 is_open=True hour_summary=open
[2026-04-14 09:00:03] Outback Climbing Center: 12% (Closed) people=4 capacity=30 is_open=False hour_summary=Closed until 10:00am
[2026-04-14 09:00:03] RIMAC Fitness Gym: 50% (Busy) people=75 capacity=150 is_open=True hour_summary=open
[2026-04-14 09:00:03] Triton Esports Center: 1% (Not Busy) people=0 capacity=35 is_open=True hour_summary=open
[2026-04-14 09:00:03] === SCRAPE END OK ===
[2026-04-14 09:15:02] === SCRAPE START ===
[2026-04-14 09:15:02] Fetching https://waitz.io/live/ucsd-rec
[2026-04-14 09:15:03] Saved 4 rows to ucsd_occupancy_history.csv
[2026-04-14 09:15:03] Main Gym Fitness Gym: 25% (Not Busy) people=18 capacity=72 is_open=True hour_summary=open
[2026-04-14 09:15:03] Outback Climbing Center: 4% (Closed) people=1 capacity=30 is_open=False hour_summary=Closed until 10:00am
[2026-04-14 09:15:03] RIMAC Fitness Gym: 56% (Busy) people=83 capacity=150 is_open=True hour_summary=open
[2026-04-14 09:15:03] Triton Esports Center: 10% (Not Busy) people=4 capacity=35 is_open=True hour_summary=open
[2026-04-14 09:15:03] === SCRAPE END OK ===
[2026-04-14 09:30:02] === SCRAPE START ===
[2026-04-14 09:30:02] Fetching https://waitz.io/live/ucsd-rec
[2026-04-14 09:30:03] Saved 4 rows to ucsd_occupancy_history.csv
[2026-04-14 09:30:03] Main Gym Fitness Gym: 32% (Not Busy) people=23 capacity=72 is_open=True hour_summary=open
[2026-04-14 09:30:03] Outback Climbing Center: 7% (Closed) people=2 capacity=30 is_open=False hour_summary=Closed until 10:00am
[2026-04-14 09:30:03] RIMAC Fitness Gym: 49% (Busy) people=73 capacity=150 is_open=True hour_summary=open
[2026-04-14 09:30:03] Triton Esports Center: 17% (Not Busy) people=6 capacity=35 is_open=True hour_summary=open
[2026-04-14 09:30:03] === SCRAPE END OK ===
[2026-04-14 09:45:02] === SCRAPE START ===
[2026-04-14 09:45:02] Fetching https://waitz.io/live/ucsd-rec
[2026-04-14 09:45:03] Saved 4 rows to ucsd_occupancy_history.csv
[2026-04-14 09:45:03] Main Gym Fitness Gym: 29% (Not Busy) people=21 capacity=72 is_open=True hour_summary=open
[2026-04-14 09:45:03] Outback Climbing Center: 13% (Closed) people=4 capacity=30 is_open=False hour_summary=Closed until 10:00am
[2026-04-14 09:45:03] RIMAC Fitness Gym: 54% (Busy) people=81 capacity=150 is_open=True hour_summary=open
[2026-04-14 09:45:03] Triton Esports Center: 11% (Not Busy) people=4 capacity=35 is_open=True hour_summary=open
[2026-04-14 09:45:03] === SCRAPE END OK ===
[2026-04-14 10:00:02] === SCRAPE START ===
[2026-04-14 10:00:02] Fetching https://waitz.io/live/ucsd-rec
[2026-04-14 10:00:03] Saved 4 rows to ucsd_occupancy_history.csv
[2026-04-14 10:00:03] Main Gym Fitness Gym: 23% (Not Busy) people=17 capacity=72 is_open=True hour_summary=open
[2026-04-14 10:00:03] Outback Climbing Center: 2% (Not Busy) people=0 capacity=30 is_open=True hour_summary=open
[2026-04-14 10:00:03] RIMAC Fitness Gym: 64% (Busy) people=97 capacity=150 is_open=True hour_summary=open
[2026-04-14 10:00:03] Triton Esports Center: 25% (Not Busy) people=9 capacity=35 is_open=True hour_summary=open
[2026-04-14 10:00:03] === SCRAPE END OK ===
[2026-04-14 10:15:02] === SCRAPE START ===
[2026-04-14 10:15:02] Fetching https://waitz.io/live/ucsd-rec
[2026-04-14 10:15:03] Saved 4 rows to ucsd_occupancy_history.csv
[2026-04-14 10:15:03] Main Gym Fitness Gym: 30% (Not Busy) people=21 capacity=72 is_open=True hour_summary=open
[2026-04-14 10:15:03] Outback Climbing Center: 3% (Not Busy) people=1 capacity=30 is_open=True hour_summary=open
[2026-04-14 10:15:03] RIMAC Fitness Gym: 63% (Busy) people=95 capacity=150 is_open=True hour_summary=open
[2026-04-14 10:15:03] Triton Esports Center: 35% (Not Busy) people=12 capacity=35 is_open=True hour_summary=open
[2026-04-14 10:15:03] === SCRAPE END OK ===
[2026-04-14 10:30:02] === SCRAPE START ===
[2026-04-14 10:30:02] Fetching https://waitz.io/live/ucsd-rec
[2026-04-14 10:30:04] Saved 4 rows to ucsd_occupancy_history.csv
[2026-04-14 10:30:04] Main Gym Fitness Gym: 27% (Not Busy) people=20 capacity=72 is_open=True hour_summary=open
[2026-04-14 10:30:04] Outback Climbing Center: 3% (Not Busy) people=1 capacity=30 is_open=True hour_summary=open
[2026-04-14 10:30:04] RIMAC Fitness Gym: 74% (Busy) people=111 capacity=150 is_open=True hour_summary=open
[2026-04-14 10:30:04] Triton Esports Center: 31% (Not Busy) people=11 capacity=35 is_open=True hour_summary=open
[2026-04-14 10:30:04] === SCRAPE END OK ===
[2026-04-14 10:45:02] === SCRAPE START ===
[2026-04-14 10:45:02] Fetching https://waitz.io/live/ucsd-rec
[2026-04-14 10:45:03] Saved 4 rows to ucsd_occupancy_history.csv
[2026-04-14 10:45:03] Main Gym Fitness Gym: 24% (Not Busy) people=17 capacity=72 is_open=True hour_summary=open
[2026-04-14 10:45:03] Outback Climbing Center: 82% (Very Active) people=25 capacity=30 is_open=True hour_summary=open
[2026-04-14 10:45:03] RIMAC Fitness Gym: 70% (Busy) people=105 capacity=150 is_open=True hour_summary=open
[2026-04-14 10:45:03] Triton Esports Center: 33% (Not Busy) people=11 capacity=35 is_open=True hour_summary=open
[2026-04-14 10:45:03] === SCRAPE END OK ===
[2026-04-14 11:00:02] === SCRAPE START ===
[2026-04-14 11:00:02] Fetching https://waitz.io/live/ucsd-rec
[2026-04-14 11:00:05] Saved 4 rows to ucsd_occupancy_history.csv
[2026-04-14 11:00:05] Main Gym Fitness Gym: 38% (Not Busy) people=27 capacity=72 is_open=True hour_summary=open
[2026-04-14 11:00:05] Outback Climbing Center: 99% (Very Active) people=34 capacity=30 is_open=True hour_summary=open
[2026-04-14 11:00:05] RIMAC Fitness Gym: 71% (Busy) people=107 capacity=150 is_open=True hour_summary=open
[2026-04-14 11:00:05] Triton Esports Center: 40% (Not Busy) people=14 capacity=35 is_open=True hour_summary=open
[2026-04-14 11:00:05] === SCRAPE END OK ===
[2026-04-14 11:15:02] === SCRAPE START ===
[2026-04-14 11:15:02] Fetching https://waitz.io/live/ucsd-rec
[2026-04-14 11:15:03] Saved 4 rows to ucsd_occupancy_history.csv
[2026-04-14 11:15:03] Main Gym Fitness Gym: 17% (Not Busy) people=12 capacity=72 is_open=True hour_summary=open
[2026-04-14 11:15:03] Outback Climbing Center: 99% (Very Active) people=35 capacity=30 is_open=True hour_summary=open
[2026-04-14 11:15:03] RIMAC Fitness Gym: 82% (Very Active) people=122 capacity=150 is_open=True hour_summary=open
[2026-04-14 11:15:03] Triton Esports Center: 23% (Not Busy) people=8 capacity=35 is_open=True hour_summary=open
[2026-04-14 11:15:03] === SCRAPE END OK ===
[2026-04-14 11:30:02] === SCRAPE START ===
[2026-04-14 11:30:02] Fetching https://waitz.io/live/ucsd-rec
[2026-04-14 11:30:03] Saved 4 rows to ucsd_occupancy_history.csv
[2026-04-14 11:30:03] Main Gym Fitness Gym: 33% (Not Busy) people=24 capacity=72 is_open=True hour_summary=open
[2026-04-14 11:30:03] Outback Climbing Center: 99% (Very Active) people=34 capacity=30 is_open=True hour_summary=open
[2026-04-14 11:30:03] RIMAC Fitness Gym: 81% (Very Active) people=122 capacity=150 is_open=True hour_summary=open
[2026-04-14 11:30:03] Triton Esports Center: 40% (Not Busy) people=14 capacity=35 is_open=True hour_summary=open
[2026-04-14 11:30:03] === SCRAPE END OK ===
