[2026-07-01 00:00:01] === SCRAPE START ===
[2026-07-01 00:00:01] Fetching https://waitz.io/live/ucsd-rec
[2026-07-01 00:00:04] Saved 4 rows to ucsd_occupancy_history.csv
[2026-07-01 00:00:04] Main Gym Fitness Gym: 1% (Closed) people=1 capacity=72 is_open=False hour_summary=closed
[2026-07-01 00:00:04] Outback Climbing Center: 12% (Closed) people=4 capacity=30 is_open=False hour_summary=closed
[2026-07-01 00:00:04] RIMAC Fitness Gym: 1% (Closed) people=1 capacity=150 is_open=False hour_summary=Closed until 6:00am
[2026-07-01 00:00:04] Triton Esports Center: 0% (Closed) people=0 capacity=35 is_open=False hour_summary=closed
[2026-07-01 00:00:04] === SCRAPE END OK ===
[2026-07-01 00:15:02] === SCRAPE START ===
[2026-07-01 00:15:02] Fetching https://waitz.io/live/ucsd-rec
[2026-07-01 00:15:03] Saved 4 rows to ucsd_occupancy_history.csv
[2026-07-01 00:15:03] Main Gym Fitness Gym: 1% (Closed) people=1 capacity=72 is_open=False hour_summary=closed
[2026-07-01 00:15:03] Outback Climbing Center: 12% (Closed) people=3 capacity=30 is_open=False hour_summary=closed
[2026-07-01 00:15:03] RIMAC Fitness Gym: 1% (Closed) people=1 capacity=150 is_open=False hour_summary=Closed until 6:00am
[2026-07-01 00:15:03] Triton Esports Center: 0% (Closed) people=0 capacity=35 is_open=False hour_summary=closed
[2026-07-01 00:15:03] === SCRAPE END OK ===
[2026-07-01 00:30:02] === SCRAPE START ===
[2026-07-01 00:30:02] Fetching https://waitz.io/live/ucsd-rec
[2026-07-01 00:30:04] Saved 4 rows to ucsd_occupancy_history.csv
[2026-07-01 00:30:04] Main Gym Fitness Gym: 1% (Closed) people=1 capacity=72 is_open=False hour_summary=closed
[2026-07-01 00:30:04] Outback Climbing Center: 11% (Closed) people=3 capacity=30 is_open=False hour_summary=closed
[2026-07-01 00:30:04] RIMAC Fitness Gym: 0% (Closed) people=1 capacity=150 is_open=False hour_summary=Closed until 6:00am
[2026-07-01 00:30:04] Triton Esports Center: 0% (Closed) people=0 capacity=35 is_open=False hour_summary=closed
[2026-07-01 00:30:04] === SCRAPE END OK ===
[2026-07-01 00:45:02] === SCRAPE START ===
[2026-07-01 00:45:02] Fetching https://waitz.io/live/ucsd-rec
[2026-07-01 00:45:03] Saved 4 rows to ucsd_occupancy_history.csv
[2026-07-01 00:45:03] Main Gym Fitness Gym: 1% (Closed) people=1 capacity=72 is_open=False hour_summary=closed
[2026-07-01 00:45:03] Outback Climbing Center: 9% (Closed) people=3 capacity=30 is_open=False hour_summary=closed
[2026-07-01 00:45:03] RIMAC Fitness Gym: 0% (Closed) people=0 capacity=150 is_open=False hour_summary=Closed until 6:00am
[2026-07-01 00:45:03] Triton Esports Center: 0% (Closed) people=0 capacity=35 is_open=False hour_summary=closed
[2026-07-01 00:45:03] === SCRAPE END OK ===
[2026-07-01 01:00:02] === SCRAPE START ===
[2026-07-01 01:00:02] Fetching https://waitz.io/live/ucsd-rec
[2026-07-01 01:00:04] Saved 4 rows to ucsd_occupancy_history.csv
[2026-07-01 01:00:04] Main Gym Fitness Gym: 1% (Closed) people=0 capacity=72 is_open=False hour_summary=closed
[2026-07-01 01:00:04] Outback Climbing Center: 7% (Closed) people=2 capacity=30 is_open=False hour_summary=closed
[2026-07-01 01:00:04] RIMAC Fitness Gym: 0% (Closed) people=0 capacity=150 is_open=False hour_summary=Closed until 6:00am
[2026-07-01 01:00:04] Triton Esports Center: 0% (Closed) people=0 capacity=35 is_open=False hour_summary=closed
[2026-07-01 01:00:04] === SCRAPE END OK ===
[2026-07-01 01:15:02] === SCRAPE START ===
[2026-07-01 01:15:02] Fetching https://waitz.io/live/ucsd-rec
[2026-07-01 01:15:03] Saved 4 rows to ucsd_occupancy_history.csv
[2026-07-01 01:15:03] Main Gym Fitness Gym: 0% (Closed) people=0 capacity=72 is_open=False hour_summary=closed
[2026-07-01 01:15:03] Outback Climbing Center: 12% (Closed) people=4 capacity=30 is_open=False hour_summary=closed
[2026-07-01 01:15:03] RIMAC Fitness Gym: 0% (Closed) people=1 capacity=150 is_open=False hour_summary=Closed until 6:00am
[2026-07-01 01:15:03] Triton Esports Center: 0% (Closed) people=0 capacity=35 is_open=False hour_summary=closed
[2026-07-01 01:15:03] === SCRAPE END OK ===
[2026-07-01 01:30:02] === SCRAPE START ===
[2026-07-01 01:30:02] Fetching https://waitz.io/live/ucsd-rec
[2026-07-01 01:30:04] Saved 4 rows to ucsd_occupancy_history.csv
[2026-07-01 01:30:04] Main Gym Fitness Gym: 1% (Closed) people=1 capacity=72 is_open=False hour_summary=closed
[2026-07-01 01:30:04] Outback Climbing Center: 10% (Closed) people=3 capacity=30 is_open=False hour_summary=closed
[2026-07-01 01:30:04] RIMAC Fitness Gym: 1% (Closed) people=1 capacity=150 is_open=False hour_summary=Closed until 6:00am
[2026-07-01 01:30:04] Triton Esports Center: 0% (Closed) people=0 capacity=35 is_open=False hour_summary=closed
[2026-07-01 01:30:04] === SCRAPE END OK ===
[2026-07-01 01:45:02] === SCRAPE START ===
[2026-07-01 01:45:02] Fetching https://waitz.io/live/ucsd-rec
[2026-07-01 01:45:03] Saved 4 rows to ucsd_occupancy_history.csv
[2026-07-01 01:45:03] Main Gym Fitness Gym: 1% (Closed) people=1 capacity=72 is_open=False hour_summary=closed
[2026-07-01 01:45:03] Outback Climbing Center: 8% (Closed) people=2 capacity=30 is_open=False hour_summary=closed
[2026-07-01 01:45:03] RIMAC Fitness Gym: 0% (Closed) people=1 capacity=150 is_open=False hour_summary=Closed until 6:00am
[2026-07-01 01:45:03] Triton Esports Center: 0% (Closed) people=0 capacity=35 is_open=False hour_summary=closed
[2026-07-01 01:45:03] === SCRAPE END OK ===
[2026-07-01 02:00:02] === SCRAPE START ===
[2026-07-01 02:00:02] Fetching https://waitz.io/live/ucsd-rec
[2026-07-01 02:00:04] Saved 4 rows to ucsd_occupancy_history.csv
[2026-07-01 02:00:04] Main Gym Fitness Gym: 1% (Closed) people=1 capacity=72 is_open=False hour_summary=closed
[2026-07-01 02:00:04] Outback Climbing Center: 7% (Closed) people=2 capacity=30 is_open=False hour_summary=closed
[2026-07-01 02:00:04] RIMAC Fitness Gym: 1% (Closed) people=1 capacity=150 is_open=False hour_summary=Closed until 6:00am
[2026-07-01 02:00:04] Triton Esports Center: 0% (Closed) people=0 capacity=35 is_open=False hour_summary=closed
[2026-07-01 02:00:04] === SCRAPE END OK ===
[2026-07-01 02:15:02] === SCRAPE START ===
[2026-07-01 02:15:02] Fetching https://waitz.io/live/ucsd-rec
[2026-07-01 02:15:03] Saved 4 rows to ucsd_occupancy_history.csv
[2026-07-01 02:15:03] Main Gym Fitness Gym: 0% (Closed) people=0 capacity=72 is_open=False hour_summary=closed
[2026-07-01 02:15:03] Outback Climbing Center: 13% (Closed) people=4 capacity=30 is_open=False hour_summary=closed
[2026-07-01 02:15:03] RIMAC Fitness Gym: 1% (Closed) people=1 capacity=150 is_open=False hour_summary=Closed until 6:00am
[2026-07-01 02:15:03] Triton Esports Center: 0% (Closed) people=0 capacity=35 is_open=False hour_summary=closed
[2026-07-01 02:15:03] === SCRAPE END OK ===
[2026-07-01 02:30:02] === SCRAPE START ===
[2026-07-01 02:30:02] Fetching https://waitz.io/live/ucsd-rec
[2026-07-01 02:30:04] Saved 4 rows to ucsd_occupancy_history.csv
[2026-07-01 02:30:04] Main Gym Fitness Gym: 1% (Closed) people=1 capacity=72 is_open=False hour_summary=closed
[2026-07-01 02:30:04] Outback Climbing Center: 8% (Closed) people=2 capacity=30 is_open=False hour_summary=closed
[2026-07-01 02:30:04] RIMAC Fitness Gym: 0% (Closed) people=0 capacity=150 is_open=False hour_summary=Closed until 6:00am
[2026-07-01 02:30:04] Triton Esports Center: 0% (Closed) people=0 capacity=35 is_open=False hour_summary=closed
[2026-07-01 02:30:04] === SCRAPE END OK ===
[2026-07-01 02:45:03] === SCRAPE START ===
[2026-07-01 02:45:03] Fetching https://waitz.io/live/ucsd-rec
[2026-07-01 02:45:04] Saved 4 rows to ucsd_occupancy_history.csv
[2026-07-01 02:45:04] Main Gym Fitness Gym: 1% (Closed) people=0 capacity=72 is_open=False hour_summary=closed
[2026-07-01 02:45:04] Outback Climbing Center: 9% (Closed) people=3 capacity=30 is_open=False hour_summary=closed
[2026-07-01 02:45:04] RIMAC Fitness Gym: 1% (Closed) people=1 capacity=150 is_open=False hour_summary=Closed until 6:00am
[2026-07-01 02:45:04] Triton Esports Center: 0% (Closed) people=0 capacity=35 is_open=False hour_summary=closed
[2026-07-01 02:45:04] === SCRAPE END OK ===
[2026-07-01 03:00:02] === SCRAPE START ===
[2026-07-01 03:00:02] Fetching https://waitz.io/live/ucsd-rec
[2026-07-01 03:00:04] Saved 4 rows to ucsd_occupancy_history.csv
[2026-07-01 03:00:04] Main Gym Fitness Gym: 0% (Closed) people=0 capacity=72 is_open=False hour_summary=closed
[2026-07-01 03:00:04] Outback Climbing Center: 11% (Closed) people=3 capacity=30 is_open=False hour_summary=closed
[2026-07-01 03:00:04] RIMAC Fitness Gym: 0% (Closed) people=1 capacity=150 is_open=False hour_summary=Closed until 6:00am
[2026-07-01 03:00:04] Triton Esports Center: 0% (Closed) people=0 capacity=35 is_open=False hour_summary=closed
[2026-07-01 03:00:04] === SCRAPE END OK ===
[2026-07-01 03:15:02] === SCRAPE START ===
[2026-07-01 03:15:02] Fetching https://waitz.io/live/ucsd-rec
[2026-07-01 03:15:03] Saved 4 rows to ucsd_occupancy_history.csv
[2026-07-01 03:15:03] Main Gym Fitness Gym: 0% (Closed) people=0 capacity=72 is_open=False hour_summary=closed
[2026-07-01 03:15:03] Outback Climbing Center: 13% (Closed) people=4 capacity=30 is_open=False hour_summary=closed
[2026-07-01 03:15:03] RIMAC Fitness Gym: 0% (Closed) people=1 capacity=150 is_open=False hour_summary=Closed until 6:00am
[2026-07-01 03:15:03] Triton Esports Center: 0% (Closed) people=0 capacity=35 is_open=False hour_summary=closed
[2026-07-01 03:15:03] === SCRAPE END OK ===
[2026-07-01 03:30:02] === SCRAPE START ===
[2026-07-01 03:30:02] Fetching https://waitz.io/live/ucsd-rec
[2026-07-01 03:30:04] Saved 4 rows to ucsd_occupancy_history.csv
[2026-07-01 03:30:04] Main Gym Fitness Gym: 0% (Closed) people=0 capacity=72 is_open=False hour_summary=closed
[2026-07-01 03:30:04] Outback Climbing Center: 9% (Closed) people=3 capacity=30 is_open=False hour_summary=closed
[2026-07-01 03:30:04] RIMAC Fitness Gym: 0% (Closed) people=0 capacity=150 is_open=False hour_summary=Closed until 6:00am
[2026-07-01 03:30:04] Triton Esports Center: 0% (Closed) people=0 capacity=35 is_open=False hour_summary=closed
[2026-07-01 03:30:04] === SCRAPE END OK ===
[2026-07-01 03:45:02] === SCRAPE START ===
[2026-07-01 03:45:02] Fetching https://waitz.io/live/ucsd-rec
[2026-07-01 03:45:03] Saved 4 rows to ucsd_occupancy_history.csv
[2026-07-01 03:45:03] Main Gym Fitness Gym: 0% (Closed) people=0 capacity=72 is_open=False hour_summary=closed
[2026-07-01 03:45:03] Outback Climbing Center: 15% (Closed) people=4 capacity=30 is_open=False hour_summary=closed
[2026-07-01 03:45:03] RIMAC Fitness Gym: 0% (Closed) people=1 capacity=150 is_open=False hour_summary=Closed until 6:00am
[2026-07-01 03:45:03] Triton Esports Center: 0% (Closed) people=0 capacity=35 is_open=False hour_summary=closed
[2026-07-01 03:45:03] === SCRAPE END OK ===
[2026-07-01 04:00:02] === SCRAPE START ===
[2026-07-01 04:00:02] Fetching https://waitz.io/live/ucsd-rec
[2026-07-01 04:00:04] Saved 4 rows to ucsd_occupancy_history.csv
[2026-07-01 04:00:04] Main Gym Fitness Gym: 0% (Closed) people=0 capacity=72 is_open=False hour_summary=closed
[2026-07-01 04:00:04] Outback Climbing Center: 9% (Closed) people=3 capacity=30 is_open=False hour_summary=closed
[2026-07-01 04:00:04] RIMAC Fitness Gym: 0% (Closed) people=1 capacity=150 is_open=False hour_summary=Closed until 6:00am
[2026-07-01 04:00:04] Triton Esports Center: 0% (Closed) people=0 capacity=35 is_open=False hour_summary=closed
[2026-07-01 04:00:04] === SCRAPE END OK ===
[2026-07-01 04:15:02] === SCRAPE START ===
[2026-07-01 04:15:02] Fetching https://waitz.io/live/ucsd-rec
[2026-07-01 04:15:03] Saved 4 rows to ucsd_occupancy_history.csv
[2026-07-01 04:15:03] Main Gym Fitness Gym: 0% (Closed) people=0 capacity=72 is_open=False hour_summary=closed
[2026-07-01 04:15:03] Outback Climbing Center: 5% (Closed) people=2 capacity=30 is_open=False hour_summary=closed
[2026-07-01 04:15:03] RIMAC Fitness Gym: 1% (Closed) people=2 capacity=150 is_open=False hour_summary=Closed until 6:00am
[2026-07-01 04:15:03] Triton Esports Center: 0% (Closed) people=0 capacity=35 is_open=False hour_summary=closed
[2026-07-01 04:15:03] === SCRAPE END OK ===
[2026-07-01 04:30:02] === SCRAPE START ===
[2026-07-01 04:30:02] Fetching https://waitz.io/live/ucsd-rec
[2026-07-01 04:30:03] Saved 4 rows to ucsd_occupancy_history.csv
[2026-07-01 04:30:03] Main Gym Fitness Gym: 0% (Closed) people=0 capacity=72 is_open=False hour_summary=closed
[2026-07-01 04:30:03] Outback Climbing Center: 10% (Closed) people=3 capacity=30 is_open=False hour_summary=closed
[2026-07-01 04:30:03] RIMAC Fitness Gym: 1% (Closed) people=1 capacity=150 is_open=False hour_summary=Closed until 6:00am
[2026-07-01 04:30:03] Triton Esports Center: 0% (Closed) people=0 capacity=35 is_open=False hour_summary=closed
[2026-07-01 04:30:03] === SCRAPE END OK ===
[2026-07-01 04:45:03] === SCRAPE START ===
[2026-07-01 04:45:03] Fetching https://waitz.io/live/ucsd-rec
[2026-07-01 04:45:04] Saved 4 rows to ucsd_occupancy_history.csv
[2026-07-01 04:45:04] Main Gym Fitness Gym: 1% (Closed) people=0 capacity=72 is_open=False hour_summary=closed
[2026-07-01 04:45:04] Outback Climbing Center: 9% (Closed) people=3 capacity=30 is_open=False hour_summary=closed
[2026-07-01 04:45:04] RIMAC Fitness Gym: 1% (Closed) people=1 capacity=150 is_open=False hour_summary=Closed until 6:00am
[2026-07-01 04:45:04] Triton Esports Center: 0% (Closed) people=0 capacity=35 is_open=False hour_summary=closed
[2026-07-01 04:45:04] === SCRAPE END OK ===
[2026-07-01 05:00:02] === SCRAPE START ===
[2026-07-01 05:00:02] Fetching https://waitz.io/live/ucsd-rec
[2026-07-01 05:00:04] Saved 4 rows to ucsd_occupancy_history.csv
[2026-07-01 05:00:04] Main Gym Fitness Gym: 1% (Closed) people=1 capacity=72 is_open=False hour_summary=closed
[2026-07-01 05:00:04] Outback Climbing Center: 9% (Closed) people=3 capacity=30 is_open=False hour_summary=closed
[2026-07-01 05:00:04] RIMAC Fitness Gym: 0% (Closed) people=1 capacity=150 is_open=False hour_summary=Closed until 6:00am
[2026-07-01 05:00:04] Triton Esports Center: 0% (Closed) people=0 capacity=35 is_open=False hour_summary=closed
[2026-07-01 05:00:04] === SCRAPE END OK ===
[2026-07-01 05:15:02] === SCRAPE START ===
[2026-07-01 05:15:02] Fetching https://waitz.io/live/ucsd-rec
[2026-07-01 05:15:03] Saved 4 rows to ucsd_occupancy_history.csv
[2026-07-01 05:15:03] Main Gym Fitness Gym: 1% (Closed) people=1 capacity=72 is_open=False hour_summary=closed
[2026-07-01 05:15:03] Outback Climbing Center: 6% (Closed) people=2 capacity=30 is_open=False hour_summary=closed
[2026-07-01 05:15:03] RIMAC Fitness Gym: 1% (Closed) people=1 capacity=150 is_open=False hour_summary=Closed until 6:00am
[2026-07-01 05:15:03] Triton Esports Center: 0% (Closed) people=0 capacity=35 is_open=False hour_summary=closed
[2026-07-01 05:15:03] === SCRAPE END OK ===
[2026-07-01 05:30:02] === SCRAPE START ===
[2026-07-01 05:30:02] Fetching https://waitz.io/live/ucsd-rec
[2026-07-01 05:30:04] Saved 4 rows to ucsd_occupancy_history.csv
[2026-07-01 05:30:04] Main Gym Fitness Gym: 1% (Closed) people=1 capacity=72 is_open=False hour_summary=closed
[2026-07-01 05:30:04] Outback Climbing Center: 5% (Closed) people=2 capacity=30 is_open=False hour_summary=closed
[2026-07-01 05:30:04] RIMAC Fitness Gym: 0% (Closed) people=1 capacity=150 is_open=False hour_summary=Closed until 6:00am
[2026-07-01 05:30:04] Triton Esports Center: 0% (Closed) people=0 capacity=35 is_open=False hour_summary=closed
[2026-07-01 05:30:04] === SCRAPE END OK ===
[2026-07-01 05:45:02] === SCRAPE START ===
[2026-07-01 05:45:02] Fetching https://waitz.io/live/ucsd-rec
[2026-07-01 05:45:03] Saved 4 rows to ucsd_occupancy_history.csv
[2026-07-01 05:45:03] Main Gym Fitness Gym: 1% (Closed) people=1 capacity=72 is_open=False hour_summary=closed
[2026-07-01 05:45:03] Outback Climbing Center: 9% (Closed) people=3 capacity=30 is_open=False hour_summary=closed
[2026-07-01 05:45:03] RIMAC Fitness Gym: 0% (Closed) people=1 capacity=150 is_open=False hour_summary=Closed until 6:00am
[2026-07-01 05:45:03] Triton Esports Center: 0% (Closed) people=0 capacity=35 is_open=False hour_summary=closed
[2026-07-01 05:45:03] === SCRAPE END OK ===
[2026-07-01 06:00:02] === SCRAPE START ===
[2026-07-01 06:00:02] Fetching https://waitz.io/live/ucsd-rec
[2026-07-01 06:00:04] Saved 4 rows to ucsd_occupancy_history.csv
[2026-07-01 06:00:04] Main Gym Fitness Gym: 0% (Closed) people=0 capacity=72 is_open=False hour_summary=closed
[2026-07-01 06:00:04] Outback Climbing Center: 13% (Closed) people=4 capacity=30 is_open=False hour_summary=closed
[2026-07-01 06:00:04] RIMAC Fitness Gym: 1% (Not Busy) people=2 capacity=150 is_open=True hour_summary=open
[2026-07-01 06:00:04] Triton Esports Center: 0% (Closed) people=0 capacity=35 is_open=False hour_summary=closed
[2026-07-01 06:00:04] === SCRAPE END OK ===
[2026-07-01 06:15:02] === SCRAPE START ===
[2026-07-01 06:15:02] Fetching https://waitz.io/live/ucsd-rec
[2026-07-01 06:15:03] Saved 4 rows to ucsd_occupancy_history.csv
[2026-07-01 06:15:03] Main Gym Fitness Gym: 0% (Closed) people=0 capacity=72 is_open=False hour_summary=closed
[2026-07-01 06:15:03] Outback Climbing Center: 10% (Closed) people=3 capacity=30 is_open=False hour_summary=closed
[2026-07-01 06:15:03] RIMAC Fitness Gym: 10% (Not Busy) people=15 capacity=150 is_open=True hour_summary=open
[2026-07-01 06:15:03] Triton Esports Center: 0% (Closed) people=0 capacity=35 is_open=False hour_summary=closed
[2026-07-01 06:15:03] === SCRAPE END OK ===
[2026-07-01 06:30:02] === SCRAPE START ===
[2026-07-01 06:30:02] Fetching https://waitz.io/live/ucsd-rec
[2026-07-01 06:30:04] Saved 4 rows to ucsd_occupancy_history.csv
[2026-07-01 06:30:04] Main Gym Fitness Gym: 1% (Closed) people=0 capacity=72 is_open=False hour_summary=closed
[2026-07-01 06:30:04] Outback Climbing Center: 9% (Closed) people=3 capacity=30 is_open=False hour_summary=closed
[2026-07-01 06:30:04] RIMAC Fitness Gym: 12% (Not Busy) people=18 capacity=150 is_open=True hour_summary=open
[2026-07-01 06:30:04] Triton Esports Center: 0% (Closed) people=0 capacity=35 is_open=False hour_summary=closed
[2026-07-01 06:30:04] === SCRAPE END OK ===
[2026-07-01 06:45:02] === SCRAPE START ===
[2026-07-01 06:45:02] Fetching https://waitz.io/live/ucsd-rec
[2026-07-01 06:45:03] Saved 4 rows to ucsd_occupancy_history.csv
[2026-07-01 06:45:03] Main Gym Fitness Gym: 0% (Closed) people=0 capacity=72 is_open=False hour_summary=closed
[2026-07-01 06:45:03] Outback Climbing Center: 7% (Closed) people=2 capacity=30 is_open=False hour_summary=closed
[2026-07-01 06:45:03] RIMAC Fitness Gym: 14% (Not Busy) people=22 capacity=150 is_open=True hour_summary=open
[2026-07-01 06:45:03] Triton Esports Center: 0% (Closed) people=0 capacity=35 is_open=False hour_summary=closed
[2026-07-01 06:45:03] === SCRAPE END OK ===
[2026-07-01 07:00:02] === SCRAPE START ===
[2026-07-01 07:00:02] Fetching https://waitz.io/live/ucsd-rec
[2026-07-01 07:00:04] Saved 4 rows to ucsd_occupancy_history.csv
[2026-07-01 07:00:04] Main Gym Fitness Gym: 0% (Closed) people=0 capacity=72 is_open=False hour_summary=closed
[2026-07-01 07:00:04] Outback Climbing Center: 12% (Closed) people=4 capacity=30 is_open=False hour_summary=closed
[2026-07-01 07:00:04] RIMAC Fitness Gym: 15% (Not Busy) people=23 capacity=150 is_open=True hour_summary=open
[2026-07-01 07:00:04] Triton Esports Center: 0% (Closed) people=0 capacity=35 is_open=False hour_summary=closed
[2026-07-01 07:00:04] === SCRAPE END OK ===
[2026-07-01 07:15:02] === SCRAPE START ===
[2026-07-01 07:15:02] Fetching https://waitz.io/live/ucsd-rec
[2026-07-01 07:15:03] Saved 4 rows to ucsd_occupancy_history.csv
[2026-07-01 07:15:03] Main Gym Fitness Gym: 1% (Closed) people=1 capacity=72 is_open=False hour_summary=closed
[2026-07-01 07:15:03] Outback Climbing Center: 12% (Closed) people=4 capacity=30 is_open=False hour_summary=closed
[2026-07-01 07:15:03] RIMAC Fitness Gym: 14% (Not Busy) people=22 capacity=150 is_open=True hour_summary=open
[2026-07-01 07:15:03] Triton Esports Center: 0% (Closed) people=0 capacity=35 is_open=False hour_summary=closed
[2026-07-01 07:15:03] === SCRAPE END OK ===
[2026-07-01 07:30:02] === SCRAPE START ===
[2026-07-01 07:30:02] Fetching https://waitz.io/live/ucsd-rec
[2026-07-01 07:30:04] Saved 4 rows to ucsd_occupancy_history.csv
[2026-07-01 07:30:04] Main Gym Fitness Gym: 2% (Closed) people=1 capacity=72 is_open=False hour_summary=closed
[2026-07-01 07:30:04] Outback Climbing Center: 13% (Closed) people=4 capacity=30 is_open=False hour_summary=closed
[2026-07-01 07:30:04] RIMAC Fitness Gym: 19% (Not Busy) people=28 capacity=150 is_open=True hour_summary=open
[2026-07-01 07:30:04] Triton Esports Center: 0% (Closed) people=0 capacity=35 is_open=False hour_summary=closed
[2026-07-01 07:30:04] === SCRAPE END OK ===
[2026-07-01 07:45:03] === SCRAPE START ===
[2026-07-01 07:45:03] Fetching https://waitz.io/live/ucsd-rec
[2026-07-01 07:45:04] Saved 4 rows to ucsd_occupancy_history.csv
[2026-07-01 07:45:04] Main Gym Fitness Gym: 13% (Closed) people=9 capacity=72 is_open=False hour_summary=closed
[2026-07-01 07:45:04] Outback Climbing Center: 15% (Closed) people=5 capacity=30 is_open=False hour_summary=closed
[2026-07-01 07:45:04] RIMAC Fitness Gym: 12% (Not Busy) people=18 capacity=150 is_open=True hour_summary=open
[2026-07-01 07:45:04] Triton Esports Center: 0% (Closed) people=0 capacity=35 is_open=False hour_summary=closed
[2026-07-01 07:45:04] === SCRAPE END OK ===
[2026-07-01 08:00:02] === SCRAPE START ===
[2026-07-01 08:00:02] Fetching https://waitz.io/live/ucsd-rec
[2026-07-01 08:00:04] Saved 4 rows to ucsd_occupancy_history.csv
[2026-07-01 08:00:04] Main Gym Fitness Gym: 6% (Closed) people=4 capacity=72 is_open=False hour_summary=closed
[2026-07-01 08:00:04] Outback Climbing Center: 14% (Closed) people=4 capacity=30 is_open=False hour_summary=closed
[2026-07-01 08:00:04] RIMAC Fitness Gym: 17% (Not Busy) people=25 capacity=150 is_open=True hour_summary=open
[2026-07-01 08:00:04] Triton Esports Center: 0% (Closed) people=0 capacity=35 is_open=False hour_summary=closed
[2026-07-01 08:00:04] === SCRAPE END OK ===
[2026-07-01 08:15:02] === SCRAPE START ===
[2026-07-01 08:15:02] Fetching https://waitz.io/live/ucsd-rec
[2026-07-01 08:15:03] Saved 4 rows to ucsd_occupancy_history.csv
[2026-07-01 08:15:03] Main Gym Fitness Gym: 1% (Closed) people=1 capacity=72 is_open=False hour_summary=closed
[2026-07-01 08:15:03] Outback Climbing Center: 13% (Closed) people=4 capacity=30 is_open=False hour_summary=closed
[2026-07-01 08:15:03] RIMAC Fitness Gym: 11% (Not Busy) people=17 capacity=150 is_open=True hour_summary=open
[2026-07-01 08:15:03] Triton Esports Center: 0% (Closed) people=0 capacity=35 is_open=False hour_summary=closed
[2026-07-01 08:15:03] === SCRAPE END OK ===
[2026-07-01 08:30:02] === SCRAPE START ===
[2026-07-01 08:30:02] Fetching https://waitz.io/live/ucsd-rec
[2026-07-01 08:30:04] Saved 4 rows to ucsd_occupancy_history.csv
[2026-07-01 08:30:04] Main Gym Fitness Gym: 5% (Closed) people=3 capacity=72 is_open=False hour_summary=closed
[2026-07-01 08:30:04] Outback Climbing Center: 15% (Closed) people=4 capacity=30 is_open=False hour_summary=closed
[2026-07-01 08:30:04] RIMAC Fitness Gym: 11% (Not Busy) people=16 capacity=150 is_open=True hour_summary=open
[2026-07-01 08:30:04] Triton Esports Center: 0% (Closed) people=0 capacity=35 is_open=False hour_summary=closed
[2026-07-01 08:30:04] === SCRAPE END OK ===
[2026-07-01 08:45:02] === SCRAPE START ===
[2026-07-01 08:45:02] Fetching https://waitz.io/live/ucsd-rec
[2026-07-01 08:45:03] Saved 4 rows to ucsd_occupancy_history.csv
[2026-07-01 08:45:03] Main Gym Fitness Gym: 8% (Closed) people=5 capacity=72 is_open=False hour_summary=closed
[2026-07-01 08:45:03] Outback Climbing Center: 30% (Closed) people=9 capacity=30 is_open=False hour_summary=closed
[2026-07-01 08:45:03] RIMAC Fitness Gym: 12% (Not Busy) people=18 capacity=150 is_open=True hour_summary=open
[2026-07-01 08:45:03] Triton Esports Center: 0% (Closed) people=0 capacity=35 is_open=False hour_summary=closed
[2026-07-01 08:45:03] === SCRAPE END OK ===
[2026-07-01 09:00:02] === SCRAPE START ===
[2026-07-01 09:00:02] Fetching https://waitz.io/live/ucsd-rec
[2026-07-01 09:00:04] Saved 4 rows to ucsd_occupancy_history.csv
[2026-07-01 09:00:04] Main Gym Fitness Gym: 6% (Closed) people=4 capacity=72 is_open=False hour_summary=closed
[2026-07-01 09:00:04] Outback Climbing Center: 87% (Closed) people=26 capacity=30 is_open=False hour_summary=closed
[2026-07-01 09:00:04] RIMAC Fitness Gym: 15% (Not Busy) people=23 capacity=150 is_open=True hour_summary=open
[2026-07-01 09:00:04] Triton Esports Center: 0% (Closed) people=0 capacity=35 is_open=False hour_summary=closed
[2026-07-01 09:00:04] === SCRAPE END OK ===
[2026-07-01 09:15:02] === SCRAPE START ===
[2026-07-01 09:15:02] Fetching https://waitz.io/live/ucsd-rec
[2026-07-01 09:15:03] Saved 4 rows to ucsd_occupancy_history.csv
[2026-07-01 09:15:03] Main Gym Fitness Gym: 27% (Closed) people=19 capacity=72 is_open=False hour_summary=closed
[2026-07-01 09:15:03] Outback Climbing Center: 41% (Closed) people=12 capacity=30 is_open=False hour_summary=closed
[2026-07-01 09:15:03] RIMAC Fitness Gym: 17% (Not Busy) people=25 capacity=150 is_open=True hour_summary=open
[2026-07-01 09:15:03] Triton Esports Center: 0% (Closed) people=0 capacity=35 is_open=False hour_summary=closed
[2026-07-01 09:15:03] === SCRAPE END OK ===
[2026-07-01 09:30:02] === SCRAPE START ===
[2026-07-01 09:30:02] Fetching https://waitz.io/live/ucsd-rec
[2026-07-01 09:30:05] Saved 4 rows to ucsd_occupancy_history.csv
[2026-07-01 09:30:05] Main Gym Fitness Gym: 24% (Closed) people=17 capacity=72 is_open=False hour_summary=closed
[2026-07-01 09:30:05] Outback Climbing Center: 87% (Closed) people=26 capacity=30 is_open=False hour_summary=closed
[2026-07-01 09:30:05] RIMAC Fitness Gym: 19% (Not Busy) people=28 capacity=150 is_open=True hour_summary=open
[2026-07-01 09:30:05] Triton Esports Center: 0% (Closed) people=0 capacity=35 is_open=False hour_summary=closed
[2026-07-01 09:30:05] === SCRAPE END OK ===
[2026-07-01 09:45:02] === SCRAPE START ===
[2026-07-01 09:45:02] Fetching https://waitz.io/live/ucsd-rec
[2026-07-01 09:45:03] Saved 4 rows to ucsd_occupancy_history.csv
[2026-07-01 09:45:03] Main Gym Fitness Gym: 0% (Closed) people=0 capacity=72 is_open=False hour_summary=closed
[2026-07-01 09:45:03] Outback Climbing Center: 94% (Closed) people=28 capacity=30 is_open=False hour_summary=closed
[2026-07-01 09:45:03] RIMAC Fitness Gym: 17% (Not Busy) people=26 capacity=150 is_open=True hour_summary=open
[2026-07-01 09:45:03] Triton Esports Center: 0% (Closed) people=0 capacity=35 is_open=False hour_summary=closed
[2026-07-01 09:45:03] === SCRAPE END OK ===
[2026-07-01 10:00:02] === SCRAPE START ===
[2026-07-01 10:00:02] Fetching https://waitz.io/live/ucsd-rec
[2026-07-01 10:00:04] Saved 4 rows to ucsd_occupancy_history.csv
[2026-07-01 10:00:04] Main Gym Fitness Gym: 23% (Closed) people=16 capacity=72 is_open=False hour_summary=closed
[2026-07-01 10:00:04] Outback Climbing Center: 69% (Closed) people=21 capacity=30 is_open=False hour_summary=closed
[2026-07-01 10:00:04] RIMAC Fitness Gym: 9% (Not Busy) people=14 capacity=150 is_open=True hour_summary=open
[2026-07-01 10:00:04] Triton Esports Center: 0% (Closed) people=0 capacity=35 is_open=False hour_summary=closed
[2026-07-01 10:00:04] === SCRAPE END OK ===
[2026-07-01 10:15:02] === SCRAPE START ===
[2026-07-01 10:15:02] Fetching https://waitz.io/live/ucsd-rec
[2026-07-01 10:15:04] Saved 4 rows to ucsd_occupancy_history.csv
[2026-07-01 10:15:04] Main Gym Fitness Gym: 36% (Closed) people=26 capacity=72 is_open=False hour_summary=closed
[2026-07-01 10:15:04] Outback Climbing Center: 68% (Closed) people=20 capacity=30 is_open=False hour_summary=closed
[2026-07-01 10:15:04] RIMAC Fitness Gym: 11% (Not Busy) people=16 capacity=150 is_open=True hour_summary=open
[2026-07-01 10:15:04] Triton Esports Center: 0% (Closed) people=0 capacity=35 is_open=False hour_summary=closed
[2026-07-01 10:15:04] === SCRAPE END OK ===
