[2026-05-17 00:00:01] === SCRAPE START ===
[2026-05-17 00:00:01] Fetching https://waitz.io/live/ucsd-rec
[2026-05-17 00:00:02] Saved 4 rows to ucsd_occupancy_history.csv
[2026-05-17 00:00:02] Main Gym Fitness Gym: 1% (Closed) people=1 capacity=72 is_open=False hour_summary=Closed until 8:00am
[2026-05-17 00:00:02] Outback Climbing Center: 0% (Closed) people=0 capacity=30 is_open=False hour_summary=Closed until 4:00pm
[2026-05-17 00:00:02] RIMAC Fitness Gym: 0% (Closed) people=0 capacity=150 is_open=False hour_summary=Closed until 8:00am
[2026-05-17 00:00:02] Triton Esports Center: 0% (Closed) people=0 capacity=35 is_open=False hour_summary=Closed until 11:00am
[2026-05-17 00:00:02] === SCRAPE END OK ===
[2026-05-17 00:15:02] === SCRAPE START ===
[2026-05-17 00:15:02] Fetching https://waitz.io/live/ucsd-rec
[2026-05-17 00:15:03] Saved 4 rows to ucsd_occupancy_history.csv
[2026-05-17 00:15:03] Main Gym Fitness Gym: 2% (Closed) people=1 capacity=72 is_open=False hour_summary=Closed until 8:00am
[2026-05-17 00:15:03] Outback Climbing Center: 0% (Closed) people=0 capacity=30 is_open=False hour_summary=Closed until 4:00pm
[2026-05-17 00:15:03] RIMAC Fitness Gym: 0% (Closed) people=0 capacity=150 is_open=False hour_summary=Closed until 8:00am
[2026-05-17 00:15:03] Triton Esports Center: 0% (Closed) people=0 capacity=35 is_open=False hour_summary=Closed until 11:00am
[2026-05-17 00:15:03] === SCRAPE END OK ===
[2026-05-17 00:30:02] === SCRAPE START ===
[2026-05-17 00:30:02] Fetching https://waitz.io/live/ucsd-rec
[2026-05-17 00:30:03] Saved 4 rows to ucsd_occupancy_history.csv
[2026-05-17 00:30:03] Main Gym Fitness Gym: 1% (Closed) people=1 capacity=72 is_open=False hour_summary=Closed until 8:00am
[2026-05-17 00:30:03] Outback Climbing Center: 0% (Closed) people=0 capacity=30 is_open=False hour_summary=Closed until 4:00pm
[2026-05-17 00:30:03] RIMAC Fitness Gym: 0% (Closed) people=0 capacity=150 is_open=False hour_summary=Closed until 8:00am
[2026-05-17 00:30:03] Triton Esports Center: 0% (Closed) people=0 capacity=35 is_open=False hour_summary=Closed until 11:00am
[2026-05-17 00:30:03] === SCRAPE END OK ===
[2026-05-17 00:45:03] === SCRAPE START ===
[2026-05-17 00:45:03] Fetching https://waitz.io/live/ucsd-rec
[2026-05-17 00:45:04] Saved 4 rows to ucsd_occupancy_history.csv
[2026-05-17 00:45:04] Main Gym Fitness Gym: 1% (Closed) people=1 capacity=72 is_open=False hour_summary=Closed until 8:00am
[2026-05-17 00:45:04] Outback Climbing Center: 1% (Closed) people=0 capacity=30 is_open=False hour_summary=Closed until 4:00pm
[2026-05-17 00:45:04] RIMAC Fitness Gym: 0% (Closed) people=1 capacity=150 is_open=False hour_summary=Closed until 8:00am
[2026-05-17 00:45:04] Triton Esports Center: 0% (Closed) people=0 capacity=35 is_open=False hour_summary=Closed until 11:00am
[2026-05-17 00:45:04] === SCRAPE END OK ===
[2026-05-17 01:00:02] === SCRAPE START ===
[2026-05-17 01:00:02] Fetching https://waitz.io/live/ucsd-rec
[2026-05-17 01:00:03] Saved 4 rows to ucsd_occupancy_history.csv
[2026-05-17 01:00:03] Main Gym Fitness Gym: 1% (Closed) people=1 capacity=72 is_open=False hour_summary=Closed until 8:00am
[2026-05-17 01:00:03] Outback Climbing Center: 0% (Closed) people=0 capacity=30 is_open=False hour_summary=Closed until 4:00pm
[2026-05-17 01:00:03] RIMAC Fitness Gym: 0% (Closed) people=0 capacity=150 is_open=False hour_summary=Closed until 8:00am
[2026-05-17 01:00:03] Triton Esports Center: 0% (Closed) people=0 capacity=35 is_open=False hour_summary=Closed until 11:00am
[2026-05-17 01:00:03] === SCRAPE END OK ===
[2026-05-17 01:15:02] === SCRAPE START ===
[2026-05-17 01:15:02] Fetching https://waitz.io/live/ucsd-rec
[2026-05-17 01:15:03] Saved 4 rows to ucsd_occupancy_history.csv
[2026-05-17 01:15:03] Main Gym Fitness Gym: 1% (Closed) people=1 capacity=72 is_open=False hour_summary=Closed until 8:00am
[2026-05-17 01:15:03] Outback Climbing Center: 0% (Closed) people=0 capacity=30 is_open=False hour_summary=Closed until 4:00pm
[2026-05-17 01:15:03] RIMAC Fitness Gym: 1% (Closed) people=1 capacity=150 is_open=False hour_summary=Closed until 8:00am
[2026-05-17 01:15:03] Triton Esports Center: 0% (Closed) people=0 capacity=35 is_open=False hour_summary=Closed until 11:00am
[2026-05-17 01:15:03] === SCRAPE END OK ===
[2026-05-17 01:30:02] === SCRAPE START ===
[2026-05-17 01:30:02] Fetching https://waitz.io/live/ucsd-rec
[2026-05-17 01:30:04] Saved 4 rows to ucsd_occupancy_history.csv
[2026-05-17 01:30:04] Main Gym Fitness Gym: 1% (Closed) people=1 capacity=72 is_open=False hour_summary=Closed until 8:00am
[2026-05-17 01:30:04] Outback Climbing Center: 0% (Closed) people=0 capacity=30 is_open=False hour_summary=Closed until 4:00pm
[2026-05-17 01:30:04] RIMAC Fitness Gym: 0% (Closed) people=1 capacity=150 is_open=False hour_summary=Closed until 8:00am
[2026-05-17 01:30:04] Triton Esports Center: 0% (Closed) people=0 capacity=35 is_open=False hour_summary=Closed until 11:00am
[2026-05-17 01:30:04] === SCRAPE END OK ===
[2026-05-17 01:45:02] === SCRAPE START ===
[2026-05-17 01:45:02] Fetching https://waitz.io/live/ucsd-rec
[2026-05-17 01:45:03] Saved 4 rows to ucsd_occupancy_history.csv
[2026-05-17 01:45:03] Main Gym Fitness Gym: 1% (Closed) people=1 capacity=72 is_open=False hour_summary=Closed until 8:00am
[2026-05-17 01:45:03] Outback Climbing Center: 0% (Closed) people=0 capacity=30 is_open=False hour_summary=Closed until 4:00pm
[2026-05-17 01:45:03] RIMAC Fitness Gym: 0% (Closed) people=0 capacity=150 is_open=False hour_summary=Closed until 8:00am
[2026-05-17 01:45:03] Triton Esports Center: 0% (Closed) people=0 capacity=35 is_open=False hour_summary=Closed until 11:00am
[2026-05-17 01:45:03] === SCRAPE END OK ===
[2026-05-17 02:00:02] === SCRAPE START ===
[2026-05-17 02:00:02] Fetching https://waitz.io/live/ucsd-rec
[2026-05-17 02:00:03] Saved 4 rows to ucsd_occupancy_history.csv
[2026-05-17 02:00:03] Main Gym Fitness Gym: 1% (Closed) people=1 capacity=72 is_open=False hour_summary=Closed until 8:00am
[2026-05-17 02:00:03] Outback Climbing Center: 0% (Closed) people=0 capacity=30 is_open=False hour_summary=Closed until 4:00pm
[2026-05-17 02:00:03] RIMAC Fitness Gym: 0% (Closed) people=0 capacity=150 is_open=False hour_summary=Closed until 8:00am
[2026-05-17 02:00:03] Triton Esports Center: 0% (Closed) people=0 capacity=35 is_open=False hour_summary=Closed until 11:00am
[2026-05-17 02:00:03] === SCRAPE END OK ===
[2026-05-17 02:15:02] === SCRAPE START ===
[2026-05-17 02:15:02] Fetching https://waitz.io/live/ucsd-rec
[2026-05-17 02:15:03] Saved 4 rows to ucsd_occupancy_history.csv
[2026-05-17 02:15:03] Main Gym Fitness Gym: 1% (Closed) people=1 capacity=72 is_open=False hour_summary=Closed until 8:00am
[2026-05-17 02:15:03] Outback Climbing Center: 0% (Closed) people=0 capacity=30 is_open=False hour_summary=Closed until 4:00pm
[2026-05-17 02:15:03] RIMAC Fitness Gym: 0% (Closed) people=0 capacity=150 is_open=False hour_summary=Closed until 8:00am
[2026-05-17 02:15:03] Triton Esports Center: 0% (Closed) people=0 capacity=35 is_open=False hour_summary=Closed until 11:00am
[2026-05-17 02:15:03] === SCRAPE END OK ===
[2026-05-17 02:30:02] === SCRAPE START ===
[2026-05-17 02:30:02] Fetching https://waitz.io/live/ucsd-rec
[2026-05-17 02:30:03] Saved 4 rows to ucsd_occupancy_history.csv
[2026-05-17 02:30:03] Main Gym Fitness Gym: 1% (Closed) people=1 capacity=72 is_open=False hour_summary=Closed until 8:00am
[2026-05-17 02:30:03] Outback Climbing Center: 0% (Closed) people=0 capacity=30 is_open=False hour_summary=Closed until 4:00pm
[2026-05-17 02:30:03] RIMAC Fitness Gym: 0% (Closed) people=0 capacity=150 is_open=False hour_summary=Closed until 8:00am
[2026-05-17 02:30:03] Triton Esports Center: 0% (Closed) people=0 capacity=35 is_open=False hour_summary=Closed until 11:00am
[2026-05-17 02:30:03] === SCRAPE END OK ===
[2026-05-17 02:45:02] === SCRAPE START ===
[2026-05-17 02:45:02] Fetching https://waitz.io/live/ucsd-rec
[2026-05-17 02:45:03] Saved 4 rows to ucsd_occupancy_history.csv
[2026-05-17 02:45:03] Main Gym Fitness Gym: 2% (Closed) people=2 capacity=72 is_open=False hour_summary=Closed until 8:00am
[2026-05-17 02:45:03] Outback Climbing Center: 1% (Closed) people=0 capacity=30 is_open=False hour_summary=Closed until 4:00pm
[2026-05-17 02:45:03] RIMAC Fitness Gym: 0% (Closed) people=0 capacity=150 is_open=False hour_summary=Closed until 8:00am
[2026-05-17 02:45:03] Triton Esports Center: 0% (Closed) people=0 capacity=35 is_open=False hour_summary=Closed until 11:00am
[2026-05-17 02:45:03] === SCRAPE END OK ===
[2026-05-17 03:00:02] === SCRAPE START ===
[2026-05-17 03:00:02] Fetching https://waitz.io/live/ucsd-rec
[2026-05-17 03:00:04] Saved 4 rows to ucsd_occupancy_history.csv
[2026-05-17 03:00:04] Main Gym Fitness Gym: 2% (Closed) people=1 capacity=72 is_open=False hour_summary=Closed until 8:00am
[2026-05-17 03:00:04] Outback Climbing Center: 1% (Closed) people=0 capacity=30 is_open=False hour_summary=Closed until 4:00pm
[2026-05-17 03:00:04] RIMAC Fitness Gym: 0% (Closed) people=0 capacity=150 is_open=False hour_summary=Closed until 8:00am
[2026-05-17 03:00:04] Triton Esports Center: 0% (Closed) people=0 capacity=35 is_open=False hour_summary=Closed until 11:00am
[2026-05-17 03:00:04] === SCRAPE END OK ===
[2026-05-17 03:15:02] === SCRAPE START ===
[2026-05-17 03:15:02] Fetching https://waitz.io/live/ucsd-rec
[2026-05-17 03:15:03] Saved 4 rows to ucsd_occupancy_history.csv
[2026-05-17 03:15:03] Main Gym Fitness Gym: 1% (Closed) people=1 capacity=72 is_open=False hour_summary=Closed until 8:00am
[2026-05-17 03:15:03] Outback Climbing Center: 0% (Closed) people=0 capacity=30 is_open=False hour_summary=Closed until 4:00pm
[2026-05-17 03:15:03] RIMAC Fitness Gym: 0% (Closed) people=1 capacity=150 is_open=False hour_summary=Closed until 8:00am
[2026-05-17 03:15:03] Triton Esports Center: 0% (Closed) people=0 capacity=35 is_open=False hour_summary=Closed until 11:00am
[2026-05-17 03:15:03] === SCRAPE END OK ===
[2026-05-17 03:30:02] === SCRAPE START ===
[2026-05-17 03:30:02] Fetching https://waitz.io/live/ucsd-rec
[2026-05-17 03:30:03] Saved 4 rows to ucsd_occupancy_history.csv
[2026-05-17 03:30:03] Main Gym Fitness Gym: 1% (Closed) people=1 capacity=72 is_open=False hour_summary=Closed until 8:00am
[2026-05-17 03:30:03] Outback Climbing Center: 1% (Closed) people=0 capacity=30 is_open=False hour_summary=Closed until 4:00pm
[2026-05-17 03:30:03] RIMAC Fitness Gym: 0% (Closed) people=0 capacity=150 is_open=False hour_summary=Closed until 8:00am
[2026-05-17 03:30:03] Triton Esports Center: 0% (Closed) people=0 capacity=35 is_open=False hour_summary=Closed until 11:00am
[2026-05-17 03:30:03] === SCRAPE END OK ===
[2026-05-17 03:45:02] === SCRAPE START ===
[2026-05-17 03:45:02] Fetching https://waitz.io/live/ucsd-rec
[2026-05-17 03:45:03] Saved 4 rows to ucsd_occupancy_history.csv
[2026-05-17 03:45:03] Main Gym Fitness Gym: 1% (Closed) people=1 capacity=72 is_open=False hour_summary=Closed until 8:00am
[2026-05-17 03:45:03] Outback Climbing Center: 0% (Closed) people=0 capacity=30 is_open=False hour_summary=Closed until 4:00pm
[2026-05-17 03:45:03] RIMAC Fitness Gym: 0% (Closed) people=0 capacity=150 is_open=False hour_summary=Closed until 8:00am
[2026-05-17 03:45:03] Triton Esports Center: 0% (Closed) people=0 capacity=35 is_open=False hour_summary=Closed until 11:00am
[2026-05-17 03:45:03] === SCRAPE END OK ===
[2026-05-17 04:00:02] === SCRAPE START ===
[2026-05-17 04:00:02] Fetching https://waitz.io/live/ucsd-rec
[2026-05-17 04:00:03] Saved 4 rows to ucsd_occupancy_history.csv
[2026-05-17 04:00:03] Main Gym Fitness Gym: 1% (Closed) people=1 capacity=72 is_open=False hour_summary=Closed until 8:00am
[2026-05-17 04:00:03] Outback Climbing Center: 0% (Closed) people=0 capacity=30 is_open=False hour_summary=Closed until 4:00pm
[2026-05-17 04:00:03] RIMAC Fitness Gym: 0% (Closed) people=0 capacity=150 is_open=False hour_summary=Closed until 8:00am
[2026-05-17 04:00:03] Triton Esports Center: 0% (Closed) people=0 capacity=35 is_open=False hour_summary=Closed until 11:00am
[2026-05-17 04:00:03] === SCRAPE END OK ===
[2026-05-17 04:15:02] === SCRAPE START ===
[2026-05-17 04:15:02] Fetching https://waitz.io/live/ucsd-rec
[2026-05-17 04:15:03] Saved 4 rows to ucsd_occupancy_history.csv
[2026-05-17 04:15:03] Main Gym Fitness Gym: 1% (Closed) people=1 capacity=72 is_open=False hour_summary=Closed until 8:00am
[2026-05-17 04:15:03] Outback Climbing Center: 1% (Closed) people=0 capacity=30 is_open=False hour_summary=Closed until 4:00pm
[2026-05-17 04:15:03] RIMAC Fitness Gym: 0% (Closed) people=0 capacity=150 is_open=False hour_summary=Closed until 8:00am
[2026-05-17 04:15:03] Triton Esports Center: 0% (Closed) people=0 capacity=35 is_open=False hour_summary=Closed until 11:00am
[2026-05-17 04:15:03] === SCRAPE END OK ===
[2026-05-17 04:30:02] === SCRAPE START ===
[2026-05-17 04:30:02] Fetching https://waitz.io/live/ucsd-rec
[2026-05-17 04:30:03] Saved 4 rows to ucsd_occupancy_history.csv
[2026-05-17 04:30:03] Main Gym Fitness Gym: 3% (Closed) people=2 capacity=72 is_open=False hour_summary=Closed until 8:00am
[2026-05-17 04:30:03] Outback Climbing Center: 0% (Closed) people=0 capacity=30 is_open=False hour_summary=Closed until 4:00pm
[2026-05-17 04:30:03] RIMAC Fitness Gym: 0% (Closed) people=0 capacity=150 is_open=False hour_summary=Closed until 8:00am
[2026-05-17 04:30:03] Triton Esports Center: 0% (Closed) people=0 capacity=35 is_open=False hour_summary=Closed until 11:00am
[2026-05-17 04:30:03] === SCRAPE END OK ===
[2026-05-17 04:45:02] === SCRAPE START ===
[2026-05-17 04:45:02] Fetching https://waitz.io/live/ucsd-rec
[2026-05-17 04:45:03] Saved 4 rows to ucsd_occupancy_history.csv
[2026-05-17 04:45:03] Main Gym Fitness Gym: 1% (Closed) people=1 capacity=72 is_open=False hour_summary=Closed until 8:00am
[2026-05-17 04:45:03] Outback Climbing Center: 0% (Closed) people=0 capacity=30 is_open=False hour_summary=Closed until 4:00pm
[2026-05-17 04:45:03] RIMAC Fitness Gym: 0% (Closed) people=1 capacity=150 is_open=False hour_summary=Closed until 8:00am
[2026-05-17 04:45:03] Triton Esports Center: 0% (Closed) people=0 capacity=35 is_open=False hour_summary=Closed until 11:00am
[2026-05-17 04:45:03] === SCRAPE END OK ===
[2026-05-17 05:00:02] === SCRAPE START ===
[2026-05-17 05:00:02] Fetching https://waitz.io/live/ucsd-rec
[2026-05-17 05:00:03] Saved 4 rows to ucsd_occupancy_history.csv
[2026-05-17 05:00:03] Main Gym Fitness Gym: 1% (Closed) people=1 capacity=72 is_open=False hour_summary=Closed until 8:00am
[2026-05-17 05:00:03] Outback Climbing Center: 0% (Closed) people=0 capacity=30 is_open=False hour_summary=Closed until 4:00pm
[2026-05-17 05:00:03] RIMAC Fitness Gym: 0% (Closed) people=1 capacity=150 is_open=False hour_summary=Closed until 8:00am
[2026-05-17 05:00:03] Triton Esports Center: 0% (Closed) people=0 capacity=35 is_open=False hour_summary=Closed until 11:00am
[2026-05-17 05:00:03] === SCRAPE END OK ===
[2026-05-17 05:15:02] === SCRAPE START ===
[2026-05-17 05:15:02] Fetching https://waitz.io/live/ucsd-rec
[2026-05-17 05:15:03] Saved 4 rows to ucsd_occupancy_history.csv
[2026-05-17 05:15:03] Main Gym Fitness Gym: 1% (Closed) people=1 capacity=72 is_open=False hour_summary=Closed until 8:00am
[2026-05-17 05:15:03] Outback Climbing Center: 1% (Closed) people=0 capacity=30 is_open=False hour_summary=Closed until 4:00pm
[2026-05-17 05:15:03] RIMAC Fitness Gym: 0% (Closed) people=0 capacity=150 is_open=False hour_summary=Closed until 8:00am
[2026-05-17 05:15:03] Triton Esports Center: 0% (Closed) people=0 capacity=35 is_open=False hour_summary=Closed until 11:00am
[2026-05-17 05:15:03] === SCRAPE END OK ===
[2026-05-17 05:30:02] === SCRAPE START ===
[2026-05-17 05:30:02] Fetching https://waitz.io/live/ucsd-rec
[2026-05-17 05:30:04] Saved 4 rows to ucsd_occupancy_history.csv
[2026-05-17 05:30:04] Main Gym Fitness Gym: 1% (Closed) people=1 capacity=72 is_open=False hour_summary=Closed until 8:00am
[2026-05-17 05:30:04] Outback Climbing Center: 0% (Closed) people=0 capacity=30 is_open=False hour_summary=Closed until 4:00pm
[2026-05-17 05:30:04] RIMAC Fitness Gym: 0% (Closed) people=0 capacity=150 is_open=False hour_summary=Closed until 8:00am
[2026-05-17 05:30:04] Triton Esports Center: 0% (Closed) people=0 capacity=35 is_open=False hour_summary=Closed until 11:00am
[2026-05-17 05:30:04] === SCRAPE END OK ===
[2026-05-17 05:45:02] === SCRAPE START ===
[2026-05-17 05:45:02] Fetching https://waitz.io/live/ucsd-rec
[2026-05-17 05:45:03] Saved 4 rows to ucsd_occupancy_history.csv
[2026-05-17 05:45:03] Main Gym Fitness Gym: 1% (Closed) people=1 capacity=72 is_open=False hour_summary=Closed until 8:00am
[2026-05-17 05:45:03] Outback Climbing Center: 0% (Closed) people=0 capacity=30 is_open=False hour_summary=Closed until 4:00pm
[2026-05-17 05:45:03] RIMAC Fitness Gym: 0% (Closed) people=0 capacity=150 is_open=False hour_summary=Closed until 8:00am
[2026-05-17 05:45:03] Triton Esports Center: 0% (Closed) people=0 capacity=35 is_open=False hour_summary=Closed until 11:00am
[2026-05-17 05:45:03] === SCRAPE END OK ===
[2026-05-17 06:00:02] === SCRAPE START ===
[2026-05-17 06:00:02] Fetching https://waitz.io/live/ucsd-rec
[2026-05-17 06:00:04] Saved 4 rows to ucsd_occupancy_history.csv
[2026-05-17 06:00:04] Main Gym Fitness Gym: 2% (Closed) people=1 capacity=72 is_open=False hour_summary=Closed until 8:00am
[2026-05-17 06:00:04] Outback Climbing Center: 0% (Closed) people=0 capacity=30 is_open=False hour_summary=Closed until 4:00pm
[2026-05-17 06:00:04] RIMAC Fitness Gym: 0% (Closed) people=0 capacity=150 is_open=False hour_summary=Closed until 8:00am
[2026-05-17 06:00:04] Triton Esports Center: 0% (Closed) people=0 capacity=35 is_open=False hour_summary=Closed until 11:00am
[2026-05-17 06:00:04] === SCRAPE END OK ===
[2026-05-17 06:15:02] === SCRAPE START ===
[2026-05-17 06:15:02] Fetching https://waitz.io/live/ucsd-rec
[2026-05-17 06:15:03] Saved 4 rows to ucsd_occupancy_history.csv
[2026-05-17 06:15:03] Main Gym Fitness Gym: 1% (Closed) people=1 capacity=72 is_open=False hour_summary=Closed until 8:00am
[2026-05-17 06:15:03] Outback Climbing Center: 0% (Closed) people=0 capacity=30 is_open=False hour_summary=Closed until 4:00pm
[2026-05-17 06:15:03] RIMAC Fitness Gym: 0% (Closed) people=0 capacity=150 is_open=False hour_summary=Closed until 8:00am
[2026-05-17 06:15:03] Triton Esports Center: 0% (Closed) people=0 capacity=35 is_open=False hour_summary=Closed until 11:00am
[2026-05-17 06:15:03] === SCRAPE END OK ===
[2026-05-17 06:30:02] === SCRAPE START ===
[2026-05-17 06:30:02] Fetching https://waitz.io/live/ucsd-rec
[2026-05-17 06:30:03] Saved 4 rows to ucsd_occupancy_history.csv
[2026-05-17 06:30:03] Main Gym Fitness Gym: 1% (Closed) people=1 capacity=72 is_open=False hour_summary=Closed until 8:00am
[2026-05-17 06:30:03] Outback Climbing Center: 0% (Closed) people=0 capacity=30 is_open=False hour_summary=Closed until 4:00pm
[2026-05-17 06:30:03] RIMAC Fitness Gym: 0% (Closed) people=0 capacity=150 is_open=False hour_summary=Closed until 8:00am
[2026-05-17 06:30:03] Triton Esports Center: 0% (Closed) people=0 capacity=35 is_open=False hour_summary=Closed until 11:00am
[2026-05-17 06:30:03] === SCRAPE END OK ===
[2026-05-17 06:45:02] === SCRAPE START ===
[2026-05-17 06:45:02] Fetching https://waitz.io/live/ucsd-rec
[2026-05-17 06:45:03] Saved 4 rows to ucsd_occupancy_history.csv
[2026-05-17 06:45:03] Main Gym Fitness Gym: 2% (Closed) people=1 capacity=72 is_open=False hour_summary=Closed until 8:00am
[2026-05-17 06:45:03] Outback Climbing Center: 0% (Closed) people=0 capacity=30 is_open=False hour_summary=Closed until 4:00pm
[2026-05-17 06:45:03] RIMAC Fitness Gym: 0% (Closed) people=1 capacity=150 is_open=False hour_summary=Closed until 8:00am
[2026-05-17 06:45:03] Triton Esports Center: 0% (Closed) people=0 capacity=35 is_open=False hour_summary=Closed until 11:00am
[2026-05-17 06:45:03] === SCRAPE END OK ===
[2026-05-17 07:00:02] === SCRAPE START ===
[2026-05-17 07:00:02] Fetching https://waitz.io/live/ucsd-rec
[2026-05-17 07:00:04] Saved 4 rows to ucsd_occupancy_history.csv
[2026-05-17 07:00:04] Main Gym Fitness Gym: 2% (Closed) people=1 capacity=72 is_open=False hour_summary=Closed until 8:00am
[2026-05-17 07:00:04] Outback Climbing Center: 0% (Closed) people=0 capacity=30 is_open=False hour_summary=Closed until 4:00pm
[2026-05-17 07:00:04] RIMAC Fitness Gym: 0% (Closed) people=0 capacity=150 is_open=False hour_summary=Closed until 8:00am
[2026-05-17 07:00:04] Triton Esports Center: 0% (Closed) people=0 capacity=35 is_open=False hour_summary=Closed until 11:00am
[2026-05-17 07:00:04] === SCRAPE END OK ===
[2026-05-17 07:15:02] === SCRAPE START ===
[2026-05-17 07:15:02] Fetching https://waitz.io/live/ucsd-rec
[2026-05-17 07:15:03] Saved 4 rows to ucsd_occupancy_history.csv
[2026-05-17 07:15:03] Main Gym Fitness Gym: 1% (Closed) people=1 capacity=72 is_open=False hour_summary=Closed until 8:00am
[2026-05-17 07:15:03] Outback Climbing Center: 0% (Closed) people=0 capacity=30 is_open=False hour_summary=Closed until 4:00pm
[2026-05-17 07:15:03] RIMAC Fitness Gym: 0% (Closed) people=0 capacity=150 is_open=False hour_summary=Closed until 8:00am
[2026-05-17 07:15:03] Triton Esports Center: 0% (Closed) people=0 capacity=35 is_open=False hour_summary=Closed until 11:00am
[2026-05-17 07:15:03] === SCRAPE END OK ===
[2026-05-17 07:30:02] === SCRAPE START ===
[2026-05-17 07:30:02] Fetching https://waitz.io/live/ucsd-rec
[2026-05-17 07:30:03] Saved 4 rows to ucsd_occupancy_history.csv
[2026-05-17 07:30:03] Main Gym Fitness Gym: 1% (Closed) people=1 capacity=72 is_open=False hour_summary=Closed until 8:00am
[2026-05-17 07:30:03] Outback Climbing Center: 2% (Closed) people=1 capacity=30 is_open=False hour_summary=Closed until 4:00pm
[2026-05-17 07:30:03] RIMAC Fitness Gym: 0% (Closed) people=0 capacity=150 is_open=False hour_summary=Closed until 8:00am
[2026-05-17 07:30:03] Triton Esports Center: 0% (Closed) people=0 capacity=35 is_open=False hour_summary=Closed until 11:00am
[2026-05-17 07:30:03] === SCRAPE END OK ===
[2026-05-17 07:45:02] === SCRAPE START ===
[2026-05-17 07:45:02] Fetching https://waitz.io/live/ucsd-rec
[2026-05-17 07:45:03] Saved 4 rows to ucsd_occupancy_history.csv
[2026-05-17 07:45:03] Main Gym Fitness Gym: 1% (Closed) people=1 capacity=72 is_open=False hour_summary=Closed until 8:00am
[2026-05-17 07:45:03] Outback Climbing Center: 0% (Closed) people=0 capacity=30 is_open=False hour_summary=Closed until 4:00pm
[2026-05-17 07:45:03] RIMAC Fitness Gym: 0% (Closed) people=0 capacity=150 is_open=False hour_summary=Closed until 8:00am
[2026-05-17 07:45:03] Triton Esports Center: 0% (Closed) people=0 capacity=35 is_open=False hour_summary=Closed until 11:00am
[2026-05-17 07:45:03] === SCRAPE END OK ===
[2026-05-17 08:00:02] === SCRAPE START ===
[2026-05-17 08:00:02] Fetching https://waitz.io/live/ucsd-rec
[2026-05-17 08:00:04] Saved 4 rows to ucsd_occupancy_history.csv
[2026-05-17 08:00:04] Main Gym Fitness Gym: 1% (Not Busy) people=1 capacity=72 is_open=True hour_summary=open
[2026-05-17 08:00:04] Outback Climbing Center: 0% (Closed) people=0 capacity=30 is_open=False hour_summary=Closed until 4:00pm
[2026-05-17 08:00:04] RIMAC Fitness Gym: 0% (Not Busy) people=0 capacity=150 is_open=True hour_summary=open
[2026-05-17 08:00:04] Triton Esports Center: 0% (Closed) people=0 capacity=35 is_open=False hour_summary=Closed until 11:00am
[2026-05-17 08:00:04] === SCRAPE END OK ===
[2026-05-17 08:15:02] === SCRAPE START ===
[2026-05-17 08:15:02] Fetching https://waitz.io/live/ucsd-rec
[2026-05-17 08:15:03] Saved 4 rows to ucsd_occupancy_history.csv
[2026-05-17 08:15:03] Main Gym Fitness Gym: 1% (Not Busy) people=1 capacity=72 is_open=True hour_summary=open
[2026-05-17 08:15:03] Outback Climbing Center: 3% (Closed) people=1 capacity=30 is_open=False hour_summary=Closed until 4:00pm
[2026-05-17 08:15:03] RIMAC Fitness Gym: 10% (Not Busy) people=15 capacity=150 is_open=True hour_summary=open
[2026-05-17 08:15:03] Triton Esports Center: 0% (Closed) people=0 capacity=35 is_open=False hour_summary=Closed until 11:00am
[2026-05-17 08:15:03] === SCRAPE END OK ===
[2026-05-17 08:30:02] === SCRAPE START ===
[2026-05-17 08:30:02] Fetching https://waitz.io/live/ucsd-rec
[2026-05-17 08:30:03] Saved 4 rows to ucsd_occupancy_history.csv
[2026-05-17 08:30:03] Main Gym Fitness Gym: 10% (Not Busy) people=7 capacity=72 is_open=True hour_summary=open
[2026-05-17 08:30:03] Outback Climbing Center: 1% (Closed) people=0 capacity=30 is_open=False hour_summary=Closed until 4:00pm
[2026-05-17 08:30:03] RIMAC Fitness Gym: 12% (Not Busy) people=19 capacity=150 is_open=True hour_summary=open
[2026-05-17 08:30:03] Triton Esports Center: 0% (Closed) people=0 capacity=35 is_open=False hour_summary=Closed until 11:00am
[2026-05-17 08:30:03] === SCRAPE END OK ===
[2026-05-17 08:45:02] === SCRAPE START ===
[2026-05-17 08:45:02] Fetching https://waitz.io/live/ucsd-rec
[2026-05-17 08:45:03] Saved 4 rows to ucsd_occupancy_history.csv
[2026-05-17 08:45:03] Main Gym Fitness Gym: 15% (Not Busy) people=11 capacity=72 is_open=True hour_summary=open
[2026-05-17 08:45:03] Outback Climbing Center: 3% (Closed) people=1 capacity=30 is_open=False hour_summary=Closed until 4:00pm
[2026-05-17 08:45:03] RIMAC Fitness Gym: 20% (Not Busy) people=30 capacity=150 is_open=True hour_summary=open
[2026-05-17 08:45:03] Triton Esports Center: 0% (Closed) people=0 capacity=35 is_open=False hour_summary=Closed until 11:00am
[2026-05-17 08:45:03] === SCRAPE END OK ===
[2026-05-17 09:00:02] === SCRAPE START ===
[2026-05-17 09:00:02] Fetching https://waitz.io/live/ucsd-rec
[2026-05-17 09:00:03] Saved 4 rows to ucsd_occupancy_history.csv
[2026-05-17 09:00:03] Main Gym Fitness Gym: 9% (Not Busy) people=7 capacity=72 is_open=True hour_summary=open
[2026-05-17 09:00:03] Outback Climbing Center: 0% (Closed) people=0 capacity=30 is_open=False hour_summary=Closed until 4:00pm
[2026-05-17 09:00:03] RIMAC Fitness Gym: 21% (Not Busy) people=32 capacity=150 is_open=True hour_summary=open
[2026-05-17 09:00:03] Triton Esports Center: 0% (Closed) people=0 capacity=35 is_open=False hour_summary=Closed until 11:00am
[2026-05-17 09:00:03] === SCRAPE END OK ===
[2026-05-17 09:15:02] === SCRAPE START ===
[2026-05-17 09:15:02] Fetching https://waitz.io/live/ucsd-rec
[2026-05-17 09:15:03] Saved 4 rows to ucsd_occupancy_history.csv
[2026-05-17 09:15:03] Main Gym Fitness Gym: 24% (Not Busy) people=17 capacity=72 is_open=True hour_summary=open
[2026-05-17 09:15:03] Outback Climbing Center: 7% (Closed) people=2 capacity=30 is_open=False hour_summary=Closed until 4:00pm
[2026-05-17 09:15:03] RIMAC Fitness Gym: 25% (Not Busy) people=38 capacity=150 is_open=True hour_summary=open
[2026-05-17 09:15:03] Triton Esports Center: 0% (Closed) people=0 capacity=35 is_open=False hour_summary=Closed until 11:00am
[2026-05-17 09:15:03] === SCRAPE END OK ===
